00:0202  4A B9  TST.L   ($00A10008)              A0=00000000 A1=00000000 A2=00000000 A3=00000000 A4=00000000 A5=00000000 A6=00000000 A7=00FF8000 D0=00000000 D1=00000000 D2=00000000 D3=00000000 D4=00000000 D5=00000000 D6=00000000 D7=00000000 xnzvc
00:0208  66 06  BNE     #$06 [00:0210]           A0=00000000 A1=00000000 A2=00000000 A3=00000000 A4=00000000 A5=00000000 A6=00000000 A7=00FF8000 D0=00000000 D1=00000000 D2=00000000 D3=00000000 D4=00000000 D5=00000000 D6=00000000 D7=00000000 xnZvc
00:020A  4A 79  TST.W   ($00A1000C)              A0=00000000 A1=00000000 A2=00000000 A3=00000000 A4=00000000 A5=00000000 A6=00000000 A7=00FF8000 D0=00000000 D1=00000000 D2=00000000 D3=00000000 D4=00000000 D5=00000000 D6=00000000 D7=00000000 xnZvc
00:0210  66 7C  BNE     #$7C [00:028E]           A0=00000000 A1=00000000 A2=00000000 A3=00000000 A4=00000000 A5=00000000 A6=00000000 A7=00FF8000 D0=00000000 D1=00000000 D2=00000000 D3=00000000 D4=00000000 D5=00000000 D6=00000000 D7=00000000 xnZvc
00:0212  4B FA  LEA     $007C(PC),A5             A0=00000000 A1=00000000 A2=00000000 A3=00000000 A4=00000000 A5=00000000 A6=00000000 A7=00FF8000 D0=00000000 D1=00000000 D2=00000000 D3=00000000 D4=00000000 D5=00000000 D6=00000000 D7=00000000 xnZvc
00:0216  4C 9D  MOVEM.W (A5)+,{a7-d0}[00 e0]     A0=00000000 A1=00000000 A2=00000000 A3=00000000 A4=00000000 A5=00000290 A6=00000000 A7=00FF8000 D0=00000000 D1=00000000 D2=00000000 D3=00000000 D4=00000000 D5=00000000 D6=00000000 D7=00000000 xnZvc
00:021A  4C DD  MOVEM.L (A5)+,{a7-d0}[1f 00]     A0=00000000 A1=00000000 A2=00000000 A3=00000000 A4=00000000 A5=00000296 A6=00000000 A7=00FF8000 D0=00000000 D1=00000000 D2=00000000 D3=00000000 D4=00000000 D5=FFFF8000 D6=00003FFF D7=00000100 xnZvc
00:021E  10 29  MOVE.b  $EF01(A1),D0             A0=00A00000 A1=00A11100 A2=00A11200 A3=00C00000 A4=00C00004 A5=000002AA A6=00000000 A7=00FF8000 D0=00000000 D1=00000000 D2=00000000 D3=00000000 D4=00000000 D5=FFFF8000 D6=00003FFF D7=00000100 xnZvc
00:0222  02 00  ANDI.B  #$0F,D0                  A0=00A00000 A1=00A11100 A2=00A11200 A3=00C00000 A4=00C00004 A5=000002AA A6=00000000 A7=00FF8000 D0=000000A0 D1=00000000 D2=00000000 D3=00000000 D4=00000000 D5=FFFF8000 D6=00003FFF D7=00000100 xNzvc
00:0226  67 08  BEQ     #$08 [00:0230]           A0=00A00000 A1=00A11100 A2=00A11200 A3=00C00000 A4=00C00004 A5=000002AA A6=00000000 A7=00FF8000 D0=00000000 D1=00000000 D2=00000000 D3=00000000 D4=00000000 D5=FFFF8000 D6=00003FFF D7=00000100 xnZvc
00:0230  30 14  MOVE.w  (A4),D0                  A0=00A00000 A1=00A11100 A2=00A11200 A3=00C00000 A4=00C00004 A5=000002AA A6=00000000 A7=00FF8000 D0=00000000 D1=00000000 D2=00000000 D3=00000000 D4=00000000 D5=FFFF8000 D6=00003FFF D7=00000100 xnZvc
00:0232  70 00  MOVEQ   #$00,D0                  A0=00A00000 A1=00A11100 A2=00A11200 A3=00C00000 A4=00C00004 A5=000002AA A6=00000000 A7=00FF8000 D0=00000208 D1=00000000 D2=00000000 D3=00000000 D4=00000000 D5=FFFF8000 D6=00003FFF D7=00000100 xnzvc
00:0234  2C 40  MOVE.l  D0,A6                    A0=00A00000 A1=00A11100 A2=00A11200 A3=00C00000 A4=00C00004 A5=000002AA A6=00000000 A7=00FF8000 D0=00000000 D1=00000000 D2=00000000 D3=00000000 D4=00000000 D5=FFFF8000 D6=00003FFF D7=00000100 xnZvc
00:0236  4E 66  MOVE    A6,USP                   A0=00A00000 A1=00A11100 A2=00A11200 A3=00C00000 A4=00C00004 A5=000002AA A6=00000000 A7=00FF8000 D0=00000000 D1=00000000 D2=00000000 D3=00000000 D4=00000000 D5=FFFF8000 D6=00003FFF D7=00000100 xnZvc
00:0238  72 17  MOVEQ   #$17,D1                  A0=00A00000 A1=00A11100 A2=00A11200 A3=00C00000 A4=00C00004 A5=000002AA A6=00000000 A7=00FF8000 D0=00000000 D1=00000000 D2=00000000 D3=00000000 D4=00000000 D5=FFFF8000 D6=00003FFF D7=00000100 xnZvc
00:023A  1A 1D  MOVE.b  (A5)+,D5                 A0=00A00000 A1=00A11100 A2=00A11200 A3=00C00000 A4=00C00004 A5=000002AA A6=00000000 A7=00FF8000 D0=00000000 D1=00000017 D2=00000000 D3=00000000 D4=00000000 D5=FFFF8000 D6=00003FFF D7=00000100 xnzvc
00:023C  38 85  MOVE.w  D5,(A4)                  A0=00A00000 A1=00A11100 A2=00A11200 A3=00C00000 A4=00C00004 A5=000002AB A6=00000000 A7=00FF8000 D0=00000000 D1=00000017 D2=00000000 D3=00000000 D4=00000000 D5=FFFF8004 D6=00003FFF D7=00000100 xnzvc
00:023E  DA 47  ADD.W   D7,D5                    A0=00A00000 A1=00A11100 A2=00A11200 A3=00C00000 A4=00C00004 A5=000002AB A6=00000000 A7=00FF8000 D0=00000000 D1=00000017 D2=00000000 D3=00000000 D4=00000000 D5=FFFF8004 D6=00003FFF D7=00000100 xNzvc
00:0240  51 C9  DBFa    D1,#$FFF8 [00:023A]      A0=00A00000 A1=00A11100 A2=00A11200 A3=00C00000 A4=00C00004 A5=000002AB A6=00000000 A7=00FF8000 D0=00000000 D1=00000017 D2=00000000 D3=00000000 D4=00000000 D5=FFFF8104 D6=00003FFF D7=00000100 xNzvc
00:0244  28 9D  MOVE.l  (A5)+,(A4)               A0=00A00000 A1=00A11100 A2=00A11200 A3=00C00000 A4=00C00004 A5=000002C2 A6=00000000 A7=00FF8000 D0=00000000 D1=0000FFFF D2=00000000 D3=00000000 D4=00000000 D5=FFFF9880 D6=00003FFF D7=00000100 xNzvc
00:0246  36 80  MOVE.w  D0,(A3)                  A0=00A00000 A1=00A11100 A2=00A11200 A3=00C00000 A4=00C00004 A5=000002C6 A6=00000000 A7=00FF8000 D0=00000000 D1=0000FFFF D2=00000000 D3=00000000 D4=00000000 D5=FFFF9880 D6=00003FFF D7=00000100 xnzvc
00:0248  32 87  MOVE.w  D7,(A1)                  A0=00A00000 A1=00A11100 A2=00A11200 A3=00C00000 A4=00C00004 A5=000002C6 A6=00000000 A7=00FF8000 D0=00000000 D1=0000FFFF D2=00000000 D3=00000000 D4=00000000 D5=FFFF9880 D6=00003FFF D7=00000100 xnZvc
00:024A  34 87  MOVE.w  D7,(A2)                  A0=00A00000 A1=00A11100 A2=00A11200 A3=00C00000 A4=00C00004 A5=000002C6 A6=00000000 A7=00FF8000 D0=00000000 D1=0000FFFF D2=00000000 D3=00000000 D4=00000000 D5=FFFF9880 D6=00003FFF D7=00000100 xnzvc
00:024C  01 11  BTST    D0,(A1)                  A0=00A00000 A1=00A11100 A2=00A11200 A3=00C00000 A4=00C00004 A5=000002C6 A6=00000000 A7=00FF8000 D0=00000000 D1=0000FFFF D2=00000000 D3=00000000 D4=00000000 D5=FFFF9880 D6=00003FFF D7=00000100 xnzvc
00:024E  66 FC  BNE     #$FC [00:024C]           A0=00A00000 A1=00A11100 A2=00A11200 A3=00C00000 A4=00C00004 A5=000002C6 A6=00000000 A7=00FF8000 D0=00000000 D1=0000FFFF D2=00000000 D3=00000000 D4=00000000 D5=FFFF9880 D6=00003FFF D7=00000100 xnZvc
00:0250  74 25  MOVEQ   #$25,D2                  A0=00A00000 A1=00A11100 A2=00A11200 A3=00C00000 A4=00C00004 A5=000002C6 A6=00000000 A7=00FF8000 D0=00000000 D1=0000FFFF D2=00000000 D3=00000000 D4=00000000 D5=FFFF9880 D6=00003FFF D7=00000100 xnZvc
00:0252  10 DD  MOVE.b  (A5)+,(A0)+              A0=00A00000 A1=00A11100 A2=00A11200 A3=00C00000 A4=00C00004 A5=000002C6 A6=00000000 A7=00FF8000 D0=00000000 D1=0000FFFF D2=00000025 D3=00000000 D4=00000000 D5=FFFF9880 D6=00003FFF D7=00000100 xnzvc
00:0254  51 CA  DBFa    D2,#$FFFC [00:0252]      A0=00A00001 A1=00A11100 A2=00A11200 A3=00C00000 A4=00C00004 A5=000002C7 A6=00000000 A7=00FF8000 D0=00000000 D1=0000FFFF D2=00000025 D3=00000000 D4=00000000 D5=FFFF9880 D6=00003FFF D7=00000100 xNzvc
00:0258  34 80  MOVE.w  D0,(A2)                  A0=00A00026 A1=00A11100 A2=00A11200 A3=00C00000 A4=00C00004 A5=000002EC A6=00000000 A7=00FF8000 D0=00000000 D1=0000FFFF D2=0000FFFF D3=00000000 D4=00000000 D5=FFFF9880 D6=00003FFF D7=00000100 xNzvc
00:025A  32 80  MOVE.w  D0,(A1)                  A0=00A00026 A1=00A11100 A2=00A11200 A3=00C00000 A4=00C00004 A5=000002EC A6=00000000 A7=00FF8000 D0=00000000 D1=0000FFFF D2=0000FFFF D3=00000000 D4=00000000 D5=FFFF9880 D6=00003FFF D7=00000100 xnZvc
00:025C  34 87  MOVE.w  D7,(A2)                  A0=00A00026 A1=00A11100 A2=00A11200 A3=00C00000 A4=00C00004 A5=000002EC A6=00000000 A7=00FF8000 D0=00000000 D1=0000FFFF D2=0000FFFF D3=00000000 D4=00000000 D5=FFFF9880 D6=00003FFF D7=00000100 xnZvc
00:025E  2D 00  MOVE.l  D0,-(A6)                 A0=00A00026 A1=00A11100 A2=00A11200 A3=00C00000 A4=00C00004 A5=000002EC A6=00000000 A7=00FF8000 D0=00000000 D1=0000FFFF D2=0000FFFF D3=00000000 D4=00000000 D5=FFFF9880 D6=00003FFF D7=00000100 xnzvc
00:0260  51 CE  DBFa    D6,#$FFFC [00:025E]      A0=00A00026 A1=00A11100 A2=00A11200 A3=00C00000 A4=00C00004 A5=000002EC A6=FFFFFFFC A7=00FF8000 D0=00000000 D1=0000FFFF D2=0000FFFF D3=00000000 D4=00000000 D5=FFFF9880 D6=00003FFF D7=00000100 xnZvc
00:0264  28 9D  MOVE.l  (A5)+,(A4)               A0=00A00026 A1=00A11100 A2=00A11200 A3=00C00000 A4=00C00004 A5=000002EC A6=FFFF0000 A7=00FF8000 D0=00000000 D1=0000FFFF D2=0000FFFF D3=00000000 D4=00000000 D5=FFFF9880 D6=0000FFFF D7=00000100 xnZvc
00:0266  28 9D  MOVE.l  (A5)+,(A4)               A0=00A00026 A1=00A11100 A2=00A11200 A3=00C00000 A4=00C00004 A5=000002F0 A6=FFFF0000 A7=00FF8000 D0=00000000 D1=0000FFFF D2=0000FFFF D3=00000000 D4=00000000 D5=FFFF9880 D6=0000FFFF D7=00000100 xNzvc
00:0268  76 1F  MOVEQ   #$1F,D3                  A0=00A00026 A1=00A11100 A2=00A11200 A3=00C00000 A4=00C00004 A5=000002F4 A6=FFFF0000 A7=00FF8000 D0=00000000 D1=0000FFFF D2=0000FFFF D3=00000000 D4=00000000 D5=FFFF9880 D6=0000FFFF D7=00000100 xNzvc
00:026A  26 80  MOVE.l  D0,(A3)                  A0=00A00026 A1=00A11100 A2=00A11200 A3=00C00000 A4=00C00004 A5=000002F4 A6=FFFF0000 A7=00FF8000 D0=00000000 D1=0000FFFF D2=0000FFFF D3=0000001F D4=00000000 D5=FFFF9880 D6=0000FFFF D7=00000100 xnzvc
00:026C  51 CB  DBFa    D3,#$FFFC [00:026A]      A0=00A00026 A1=00A11100 A2=00A11200 A3=00C00000 A4=00C00004 A5=000002F4 A6=FFFF0000 A7=00FF8000 D0=00000000 D1=0000FFFF D2=0000FFFF D3=0000001F D4=00000000 D5=FFFF9880 D6=0000FFFF D7=00000100 xnZvc
00:0270  28 9D  MOVE.l  (A5)+,(A4)               A0=00A00026 A1=00A11100 A2=00A11200 A3=00C00000 A4=00C00004 A5=000002F4 A6=FFFF0000 A7=00FF8000 D0=00000000 D1=0000FFFF D2=0000FFFF D3=0000FFFF D4=00000000 D5=FFFF9880 D6=0000FFFF D7=00000100 xnZvc
00:0272  78 13  MOVEQ   #$13,D4                  A0=00A00026 A1=00A11100 A2=00A11200 A3=00C00000 A4=00C00004 A5=000002F8 A6=FFFF0000 A7=00FF8000 D0=00000000 D1=0000FFFF D2=0000FFFF D3=0000FFFF D4=00000000 D5=FFFF9880 D6=0000FFFF D7=00000100 xnzvc
00:0274  26 80  MOVE.l  D0,(A3)                  A0=00A00026 A1=00A11100 A2=00A11200 A3=00C00000 A4=00C00004 A5=000002F8 A6=FFFF0000 A7=00FF8000 D0=00000000 D1=0000FFFF D2=0000FFFF D3=0000FFFF D4=00000013 D5=FFFF9880 D6=0000FFFF D7=00000100 xnzvc
00:0276  51 CC  DBFa    D4,#$FFFC [00:0274]      A0=00A00026 A1=00A11100 A2=00A11200 A3=00C00000 A4=00C00004 A5=000002F8 A6=FFFF0000 A7=00FF8000 D0=00000000 D1=0000FFFF D2=0000FFFF D3=0000FFFF D4=00000013 D5=FFFF9880 D6=0000FFFF D7=00000100 xnZvc
00:027A  7A 03  MOVEQ   #$03,D5                  A0=00A00026 A1=00A11100 A2=00A11200 A3=00C00000 A4=00C00004 A5=000002F8 A6=FFFF0000 A7=00FF8000 D0=00000000 D1=0000FFFF D2=0000FFFF D3=0000FFFF D4=0000FFFF D5=FFFF9880 D6=0000FFFF D7=00000100 xnZvc
00:027C  17 5D  MOVE.b  (A5)+,$0011(A3)          A0=00A00026 A1=00A11100 A2=00A11200 A3=00C00000 A4=00C00004 A5=000002F8 A6=FFFF0000 A7=00FF8000 D0=00000000 D1=0000FFFF D2=0000FFFF D3=0000FFFF D4=0000FFFF D5=00000003 D6=0000FFFF D7=00000100 xnzvc
00:0280  51 CD  DBFa    D5,#$FFFA [00:027C]      A0=00A00026 A1=00A11100 A2=00A11200 A3=00C00000 A4=00C00004 A5=000002F9 A6=FFFF0000 A7=00FF8000 D0=00000000 D1=0000FFFF D2=0000FFFF D3=0000FFFF D4=0000FFFF D5=00000003 D6=0000FFFF D7=00000100 xNzvc
00:0284  34 80  MOVE.w  D0,(A2)                  A0=00A00026 A1=00A11100 A2=00A11200 A3=00C00000 A4=00C00004 A5=000002FC A6=FFFF0000 A7=00FF8000 D0=00000000 D1=0000FFFF D2=0000FFFF D3=0000FFFF D4=0000FFFF D5=0000FFFF D6=0000FFFF D7=00000100 xNzvc
00:0286  4C D6  MOVEM.L (A6),{a7-d0}[7f ff]      A0=00A00026 A1=00A11100 A2=00A11200 A3=00C00000 A4=00C00004 A5=000002FC A6=FFFF0000 A7=00FF8000 D0=00000000 D1=0000FFFF D2=0000FFFF D3=0000FFFF D4=0000FFFF D5=0000FFFF D6=0000FFFF D7=00000100 xnZvc
00:028A  46 FC  MOVE    #$2700,SR                A0=00000000 A1=00000000 A2=00000000 A3=00000000 A4=00000000 A5=00000000 A6=00000000 A7=00FF8000 D0=00000000 D1=00000000 D2=00000000 D3=00000000 D4=00000000 D5=00000000 D6=00000000 D7=00000000 xnZvc
00:028E  60 6C  BRA     #$6C [00:02FC]           A0=00000000 A1=00000000 A2=00000000 A3=00000000 A4=00000000 A5=00000000 A6=00000000 A7=00FF8000 D0=00000000 D1=00000000 D2=00000000 D3=00000000 D4=00000000 D5=00000000 D6=00000000 D7=00000000 xnZvc

00:02FC  4A 79  TST.W   ($00C00004)              A0=00000000 A1=00000000 A2=00000000 A3=00000000 A4=00000000 A5=00000000 A6=00000000 A7=00FF8000 D0=00000000 D1=00000000 D2=00000000 D3=00000000 D4=00000000 D5=00000000 D6=00000000 D7=00000000 xnzvc
00:0302  4E BA  JSR     $001E(PC)                A0=00000000 A1=00000000 A2=00000000 A3=00000000 A4=00000000 A5=00000000 A6=00000000 A7=00FF8000 D0=00000000 D1=00000000 D2=00000000 D3=00000000 D4=00000000 D5=00000000 D6=00000000 D7=00000000 xNzvc

00:0322  00 7C  ORI.W   #$0700,#$4E75            A0=00000000 A1=00000000 A2=00000000 A3=00000000 A4=00000000 A5=00000000 A6=00000000 A7=00FF7FFC D0=00000000 D1=00000000 D2=00000000 D3=00000000 D4=00000000 D5=00000000 D6=00000000 D7=00000000 xNzvc
00:0326  4E 75  RTS                              A0=00000000 A1=00000000 A2=00000000 A3=00000000 A4=00000000 A5=00000000 A6=00000000 A7=00FF7FFC D0=00000000 D1=00000000 D2=00000000 D3=00000000 D4=00000000 D5=00000000 D6=00000000 D7=00000000 xNzvc

00:0306  4E 71  NOP                              A0=00000000 A1=00000000 A2=00000000 A3=00000000 A4=00000000 A5=00000000 A6=00000000 A7=00FF8000 D0=00000000 D1=00000000 D2=00000000 D3=00000000 D4=00000000 D5=00000000 D6=00000000 D7=00000000 xNzvc
00:0308  20 7C  MOVE.l  #$00FF0000,A0            A0=00000000 A1=00000000 A2=00000000 A3=00000000 A4=00000000 A5=00000000 A6=00000000 A7=00FF8000 D0=00000000 D1=00000000 D2=00000000 D3=00000000 D4=00000000 D5=00000000 D6=00000000 D7=00000000 xNzvc
00:030E  30 3C  MOVE.w  #$3FFF,D0                A0=00FF0000 A1=00000000 A2=00000000 A3=00000000 A4=00000000 A5=00000000 A6=00000000 A7=00FF8000 D0=00000000 D1=00000000 D2=00000000 D3=00000000 D4=00000000 D5=00000000 D6=00000000 D7=00000000 xNzvc
00:0312  20 FC  MOVE.l  #$00000000,(A0)+         A0=00FF0000 A1=00000000 A2=00000000 A3=00000000 A4=00000000 A5=00000000 A6=00000000 A7=00FF8000 D0=00003FFF D1=00000000 D2=00000000 D3=00000000 D4=00000000 D5=00000000 D6=00000000 D7=00000000 xnzvc
00:0318  51 C8  DBFa    D0,#$FFF8 [00:0312]      A0=00FF0004 A1=00000000 A2=00000000 A3=00000000 A4=00000000 A5=00000000 A6=00000000 A7=00FF8000 D0=00003FFF D1=00000000 D2=00000000 D3=00000000 D4=00000000 D5=00000000 D6=00000000 D7=00000000 xnZvc
00:031C  4E B9  JSR     ($000003FE)              A0=01000000 A1=00000000 A2=00000000 A3=00000000 A4=00000000 A5=00000000 A6=00000000 A7=00FF8000 D0=0000FFFF D1=00000000 D2=00000000 D3=00000000 D4=00000000 D5=00000000 D6=00000000 D7=00000000 xnZvc

00:03FE  4E BA  JSR     $FF5C(PC)                A0=01000000 A1=00000000 A2=00000000 A3=00000000 A4=00000000 A5=00000000 A6=00000000 A7=00FF7FFC D0=0000FFFF D1=00000000 D2=00000000 D3=00000000 D4=00000000 D5=00000000 D6=00000000 D7=00000000 xnZvc

00:035C  33 FC  MOVE.w  #$8004,($00C00004)       A0=01000000 A1=00000000 A2=00000000 A3=00000000 A4=00000000 A5=00000000 A6=00000000 A7=00FF7FF8 D0=0000FFFF D1=00000000 D2=00000000 D3=00000000 D4=00000000 D5=00000000 D6=00000000 D7=00000000 xnZvc
00:0364  33 FC  MOVE.w  #$8144,($00C00004)       A0=01000000 A1=00000000 A2=00000000 A3=00000000 A4=00000000 A5=00000000 A6=00000000 A7=00FF7FF8 D0=0000FFFF D1=00000000 D2=00000000 D3=00000000 D4=00000000 D5=00000000 D6=00000000 D7=00000000 xNzvc
00:036C  33 FC  MOVE.w  #$8228,($00C00004)       A0=01000000 A1=00000000 A2=00000000 A3=00000000 A4=00000000 A5=00000000 A6=00000000 A7=00FF7FF8 D0=0000FFFF D1=00000000 D2=00000000 D3=00000000 D4=00000000 D5=00000000 D6=00000000 D7=00000000 xNzvc
00:0374  33 FC  MOVE.w  #$8334,($00C00004)       A0=01000000 A1=00000000 A2=00000000 A3=00000000 A4=00000000 A5=00000000 A6=00000000 A7=00FF7FF8 D0=0000FFFF D1=00000000 D2=00000000 D3=00000000 D4=00000000 D5=00000000 D6=00000000 D7=00000000 xNzvc
00:037C  33 FC  MOVE.w  #$8407,($00C00004)       A0=01000000 A1=00000000 A2=00000000 A3=00000000 A4=00000000 A5=00000000 A6=00000000 A7=00FF7FF8 D0=0000FFFF D1=00000000 D2=00000000 D3=00000000 D4=00000000 D5=00000000 D6=00000000 D7=00000000 xNzvc
00:0384  33 FC  MOVE.w  #$857C,($00C00004)       A0=01000000 A1=00000000 A2=00000000 A3=00000000 A4=00000000 A5=00000000 A6=00000000 A7=00FF7FF8 D0=0000FFFF D1=00000000 D2=00000000 D3=00000000 D4=00000000 D5=00000000 D6=00000000 D7=00000000 xNzvc
00:038C  33 FC  MOVE.w  #$8700,($00C00004)       A0=01000000 A1=00000000 A2=00000000 A3=00000000 A4=00000000 A5=00000000 A6=00000000 A7=00FF7FF8 D0=0000FFFF D1=00000000 D2=00000000 D3=00000000 D4=00000000 D5=00000000 D6=00000000 D7=00000000 xNzvc
00:0394  33 FC  MOVE.w  #$8A00,($00C00004)       A0=01000000 A1=00000000 A2=00000000 A3=00000000 A4=00000000 A5=00000000 A6=00000000 A7=00FF7FF8 D0=0000FFFF D1=00000000 D2=00000000 D3=00000000 D4=00000000 D5=00000000 D6=00000000 D7=00000000 xNzvc
00:039C  33 FC  MOVE.w  #$8B00,($00C00004)       A0=01000000 A1=00000000 A2=00000000 A3=00000000 A4=00000000 A5=00000000 A6=00000000 A7=00FF7FF8 D0=0000FFFF D1=00000000 D2=00000000 D3=00000000 D4=00000000 D5=00000000 D6=00000000 D7=00000000 xNzvc
00:03A4  33 FC  MOVE.w  #$8C89,($00C00004)       A0=01000000 A1=00000000 A2=00000000 A3=00000000 A4=00000000 A5=00000000 A6=00000000 A7=00FF7FF8 D0=0000FFFF D1=00000000 D2=00000000 D3=00000000 D4=00000000 D5=00000000 D6=00000000 D7=00000000 xNzvc
00:03AC  33 FC  MOVE.w  #$8D3F,($00C00004)       A0=01000000 A1=00000000 A2=00000000 A3=00000000 A4=00000000 A5=00000000 A6=00000000 A7=00FF7FF8 D0=0000FFFF D1=00000000 D2=00000000 D3=00000000 D4=00000000 D5=00000000 D6=00000000 D7=00000000 xNzvc
00:03B4  33 FC  MOVE.w  #$8F02,($00C00004)       A0=01000000 A1=00000000 A2=00000000 A3=00000000 A4=00000000 A5=00000000 A6=00000000 A7=00FF7FF8 D0=0000FFFF D1=00000000 D2=00000000 D3=00000000 D4=00000000 D5=00000000 D6=00000000 D7=00000000 xNzvc
00:03BC  33 FC  MOVE.w  #$9001,($00C00004)       A0=01000000 A1=00000000 A2=00000000 A3=00000000 A4=00000000 A5=00000000 A6=00000000 A7=00FF7FF8 D0=0000FFFF D1=00000000 D2=00000000 D3=00000000 D4=00000000 D5=00000000 D6=00000000 D7=00000000 xNzvc
00:03C4  33 FC  MOVE.w  #$9100,($00C00004)       A0=01000000 A1=00000000 A2=00000000 A3=00000000 A4=00000000 A5=00000000 A6=00000000 A7=00FF7FF8 D0=0000FFFF D1=00000000 D2=00000000 D3=00000000 D4=00000000 D5=00000000 D6=00000000 D7=00000000 xNzvc
00:03CC  33 FC  MOVE.w  #$9200,($00C00004)       A0=01000000 A1=00000000 A2=00000000 A3=00000000 A4=00000000 A5=00000000 A6=00000000 A7=00FF7FF8 D0=0000FFFF D1=00000000 D2=00000000 D3=00000000 D4=00000000 D5=00000000 D6=00000000 D7=00000000 xNzvc
00:03D4  33 FC  MOVE.w  #$9302,($00C00004)       A0=01000000 A1=00000000 A2=00000000 A3=00000000 A4=00000000 A5=00000000 A6=00000000 A7=00FF7FF8 D0=0000FFFF D1=00000000 D2=00000000 D3=00000000 D4=00000000 D5=00000000 D6=00000000 D7=00000000 xNzvc
00:03DC  33 FC  MOVE.w  #$9400,($00C00004)       A0=01000000 A1=00000000 A2=00000000 A3=00000000 A4=00000000 A5=00000000 A6=00000000 A7=00FF7FF8 D0=0000FFFF D1=00000000 D2=00000000 D3=00000000 D4=00000000 D5=00000000 D6=00000000 D7=00000000 xNzvc
00:03E4  33 FC  MOVE.w  #$9500,($00C00004)       A0=01000000 A1=00000000 A2=00000000 A3=00000000 A4=00000000 A5=00000000 A6=00000000 A7=00FF7FF8 D0=0000FFFF D1=00000000 D2=00000000 D3=00000000 D4=00000000 D5=00000000 D6=00000000 D7=00000000 xNzvc
00:03EC  33 FC  MOVE.w  #$9600,($00C00004)       A0=01000000 A1=00000000 A2=00000000 A3=00000000 A4=00000000 A5=00000000 A6=00000000 A7=00FF7FF8 D0=0000FFFF D1=00000000 D2=00000000 D3=00000000 D4=00000000 D5=00000000 D6=00000000 D7=00000000 xNzvc
00:03F4  33 FC  MOVE.w  #$9700,($00C00004)       A0=01000000 A1=00000000 A2=00000000 A3=00000000 A4=00000000 A5=00000000 A6=00000000 A7=00FF7FF8 D0=0000FFFF D1=00000000 D2=00000000 D3=00000000 D4=00000000 D5=00000000 D6=00000000 D7=00000000 xNzvc
00:03FC  4E 75  RTS                              A0=01000000 A1=00000000 A2=00000000 A3=00000000 A4=00000000 A5=00000000 A6=00000000 A7=00FF7FF8 D0=0000FFFF D1=00000000 D2=00000000 D3=00000000 D4=00000000 D5=00000000 D6=00000000 D7=00000000 xNzvc
