             A0=00FFD8DC A1=00FFBCDA A2=00FFAA5A A3=00027E16 A4=00FFE3F8 A5=00000000 A6=00000000 A7=00FF7F60 D0=00000002 D1=00000001 D2=0002A54E D3=000000A0 D4=0000001E D5=0000001B D6=00000000 D7=00000000 xnZvc
       A0=000313AA A1=00FFB65A A2=00FFA65A A3=0003139C A4=000313AA A5=00000000 A6=00FF7F54 A7=00FF7F24 D0=00000004 D1=00000002 D2=00000002 D3=00000000 D4=00000004 D5=0000000F D6=00FFB65A D7=00000000 xnzvc
     #$00FA [02:A456]         A0=00FF9364 A1=00000000 A2=00FFE3FC A3=00027E16 A4=00FFE3F8 A5=00000000 A6=00000000 A7=00FF7FA4 D0=00000070 D1=0000FF3F D2=00000000 D3=00000000 D4=00000000 D5=00000000 D6=00000000 D7=00000000 xnzvc
     A0=00FFE1EE A1=00FF8036 A2=00FFB65A A3=00FFE3A0 A4=00FF9364 A5=00000000 A6=00000000 A7=00FF7F5C D0=00000000 D1=00000006 D2=00000000 D3=00000000 D4=00000028 D5=00000000 D6=00000000 D7=00000000 xnZvc
    ($00000578)              A0=00000000 A1=00FF8036 A2=00FFE39E A3=00FFE3A0 A4=00026FDA A5=00000000 A6=00000000 A7=00FF7F94 D0=000000B8 D1=00000000 D2=00000003 D3=00000000 D4=000001DC D5=00000000 D6=00000000 D7=00000000 xnzvc
    A0=00FFBEDE A1=0008E65A A2=0008E65A A3=00FFE3A0 A4=00FFE3F8 A5=00000000 A6=00000000 A7=00FF7F6C D0=00000004 D1=00000000 D2=00000002 D3=00000003 D4=00000000 D5=00000000 D6=00000000 D7=00000000 xnZvc
   #$04 [03:A608]           A0=00034590 A1=0003459E A2=00FF800E A3=00FFE406 A4=00FFE40A A5=00000000 A6=00000000 A7=00FF7FB0 D0=0000016C D1=0000002C D2=00000036 D3=0000000F D4=00000082 D5=0000016A D6=00000000 D7=00000000 xnzvc
   (A3)                     A0=00FF9364 A1=000323B0 A2=00FFE3FC A3=00028210 A4=00027E16 A5=00000000 A6=00000000 A7=00FF7F98 D0=00000404 D1=0000FF3F D2=00000000 D3=00000000 D4=00000000 D5=00000000 D6=00000000 D7=00000000 xnzvc
   A0=00FFA85A A1=00033492 A2=000284EA A3=0003072A A4=00FFE3FC A5=00000000 A6=00000000 A7=00FF7F9C D0=FFFFFFFC D1=00000600 D2=FFFFFFFF D3=00000002 D4=0000FFE4 D5=00000000 D6=00000000 D7=00000000 XNzvc
  #$00,D1                  A0=00FFE3AE A1=000323B0 A2=00FFE39E A3=00FFE3A0 A4=00027E16 A5=00000000 A6=00000000 A7=00FF7F70 D0=00000006 D1=00000002 D2=000306E1 D3=00000002 D4=00000000 D5=00000000 D6=00000000 D7=00000000 xnzvc
  #$0C,D4                  A0=00FF9364 A1=00033492 A2=00FF8036 A3=00004E7E A4=000334D4 A5=00000000 A6=00000000 A7=00FF7F64 D0=00000048 D1=00000000 D2=00000003 D3=00000001 D4=00000003 D5=00000058 D6=00000000 D7=00000000 xnzvc
  42 2A  CLR.B   $004A(A2)                A0=00FFA88D A1=00FFD940 A2=00FFA85A A3=00004E7E A4=000334D4 A5=00000000 A6=00000000 A7=00FF7F6C D0=00000002 D1=00000019 D2=00000001 D3=00000003 D4=00000000 D5=000000A8 D6=00000000 D7=00000000 xnzvc
  A0=00FFA25A A1=0003343E A2=00FFE3FC A3=00FFE3F8 A4=00FF8000 A5=00000000 A6=00000000 A7=00FF7F98 D0=00000780 D1=00000001 D2=00000001 D3=00000001 D4=00000048 D5=00000000 D6=00000000 D7=00000000 xnzvc
 13 C0  MOVE.B  D0,($00A00046)           A0=0008B096 A1=0003D103 A2=00FF9364 A3=00FFFE00 A4=00FFFEEE A5=00000000 A6=00FF7EDE A7=00FF7ECE D0=00000008 D1=00030DC4 D2=00000DC4 D3=00FFFEEE D4=00000000 D5=00000000 D6=00000000 D7=00000000 XnzvC
 20 2F  MOVE.L  $0008(SP),D0             A0=00FFA65A A1=0003451C A2=00FF800E A3=00FFE406 A4=00FF9364 A5=00000000 A6=00000000 A7=00FF7F88 D0=00000008 D1=000000A1 D2=00000101 D3=00000000 D4=00000096 D5=000000A1 D6=00000000 D7=00000000 xnzvc
 A1=00FF8036 A2=00FFE39E A3=00FFE3A0 A4=00026FDA A5=00000000 A6=00000000 A7=00FF7F94 D0=00000008 D1=00000018 D2=00000003 D3=00000000 D4=00003050 D5=00000000 D6=00000000 D7=00000000 xnzvc
 A2=00FF9364 A3=00FFFE00 A4=0003BC3B A5=00A04000 A6=00000000 A7=00FF7EFA D0=00000008 D1=00030000 D2=00000000 D3=00000000 D4=00000013 D5=000000D3 D6=00000000 D7=00000084 xNzvc
 A7=00FF7F88 D0=0000000A D1=0000004A D2=00000000 D3=00000000 D4=00000000 D5=00000000 D6=00000000 D7=00000000 xnZvc
 D0=00000000 D1=00FFA95A D2=00000000 D3=0000000E D4=0000001A D5=00000000 D6=00000000 D7=00000000 xnzvc
 D1=00030004 D2=00000010 D3=00FFFE00 D4=0000007E D5=00000116 D6=00000000 D7=00000000 xNZvc
 D3=00000000 D4=00000000 D5=00000000 D6=00000000 D7=00000000 xnzvc
 D4=00000050 D5=0000000B D6=00000000 D7=00000000 xnzvc
 D5=00000000 D6=00000000 D7=00000000 xnZvc
#$01,($00FFE488)         A0=00FFFE7C A1=0003FC8F A2=00FF9364 A3=00FFFE00 A4=00FFFEEE A5=00000000 A6=00000000 A7=00FF7F0A D0=00000006 D1=00030002 D2=00000010 D3=00FFFE11 D4=0000010A D5=000000B4 D6=00000000 D7=00000000 xnZvc
$00,D0                  A0=00FFD8DC A1=0003459E A2=00FFB65A A3=00FF8002 A4=00FF8004 A5=00000000 A6=00000000 A7=00FF7F32 D0=6B000081 D1=6B000080 D2=00FFB8DA D3=00000000 D4=00000090 D5=000000DA D6=00000000 D7=00000000 xnzvc
$00A00045)           A0=0008B096 A1=0003D359 A2=00FF9364 A3=00FFFE00 A4=00FFFEEE A5=00000000 A6=00FF7EF2 A7=00FF7EE2 D0=000008B0 D1=00030DC4 D2=00000DC4 D3=00FFFEEE D4=00000000 D5=00000000 D6=00000000 D7=00000000 XnzvC
)              A0=00FF9364 A1=00032468 A2=00FFE3FC A3=00028210 A4=00027E16 A5=00000000 A6=00000000 A7=00FF7FA0 D0=00000150 D1=0000FF3F D2=00000000 D3=00000000 D4=00000000 D5=00000000 D6=00000000 D7=00000000 xnzvc
,($00A00042)           A0=0008AD6E A1=0003D36B A2=00FF9364 A3=00FFFE00 A4=00FFFEEE A5=00000000 A6=00FF7EF2 A7=00FF7EE2 D0=00000008 D1=00000303 D2=00000325 D3=00FFFEEE D4=00000000 D5=00000000 D6=00000000 D7=00000000 xnzvc
.B  D0,D1                    A0=00FFD92E A1=0008E5BE A2=0008E5BE A3=00FFE3A0 A4=00027E16 A5=00000000 A6=00000000 A7=00FF7F74 D0=00000001 D1=00000000 D2=00000001 D3=00000004 D4=00000000 D5=00000000 D6=00000000 D7=00000000 xnZvc
:794E  42 53  CLR.W   (A3)                     A0=00FF9364 A1=000AFAE2 A2=00FFE39E A3=00FFE3A0 A4=00FFE3F8 A5=00000000 A6=00000000 A7=00FF7F88 D0=0000000A D1=0000001A D2=00000000 D3=00000000 D4=00000000 D5=00000000 D6=00000000 D7=00000000 xnzvc
:7968  48 80  EXT.W   D0                       A0=00FF9364 A1=000DF04C A2=00FFE39E A3=00FFE3A0 A4=00FFE3F8 A5=00000000 A6=00000000 A7=00FF7F88 D0=0000000B D1=00000019 D2=00000001 D3=00000000 D4=00000000 D5=00000000 D6=00000000 D7=00000000 xnzvc
:942A  0C 52  CMPI.W  #$0172,(A2)              A0=00FFA8DA A1=0003343E A2=00FFA8DA A3=00FFE3F8 A4=00FF8000 A5=00000000 A6=00000000 A7=00FF7F80 D0=00000001 D1=00000002 D2=00000007 D3=00000001 D4=0000000D D5=00000000 D6=00000000 D7=00000000 xnZvc
[02:A322]           A0=00FF9364 A1=000AFAE2 A2=00FFE3FC A3=00027E16 A4=00FFE3F8 A5=00000000 A6=00000000 A7=00FF7FA4 D0=00000070 D1=0000FF3F D2=00000000 D3=00000000 D4=00000000 D5=00000000 D6=00000000 D7=00000000 xnZvc
]           A0=00FF9364 A1=00032A84 A2=00FFE3F8 A3=00FFE3FC A4=00FF8000 A5=00000000 A6=00000000 A7=00FF7FA4 D0=0000005A D1=00000000 D2=00000000 D3=000000A0 D4=00000000 D5=00000000 D6=00000000 D7=00000000 xnzvc
=00000000 D6=00000000 D7=00000000 xnzvc
=00000010 D3=00FFFEEE D4=00000000 D5=00000000 D6=00000000 D7=00000000 XnZvc
=00000078 D3=0000000A D4=00000010 D5=0000002E D6=00000000 D7=00000000 xnZvc
=00026FDA A5=00000000 A6=00000000 A7=00FF7FA4 D0=00000D10 D1=00000017 D2=00000000 D3=00000000 D4=00003050 D5=00000000 D6=00000000 D7=00000000 xnzvc
=00027E16 A5=00000000 A6=00000000 A7=00FF7F70 D0=00000006 D1=00000400 D2=000306E1 D3=00000002 D4=00000000 D5=00000000 D6=00000000 D7=00000000 xnzvc
=0003343E A2=00FFE3FC A3=00FFE3F8 A4=00FF8000 A5=00000000 A6=00000000 A7=00FF7F98 D0=00000780 D1=00000001 D2=00000001 D3=00000001 D4=0000007E D5=00000000 D6=00000000 D7=00000000 xnzvc
=0003451C A2=00028C1C A3=00FFE3FC A4=00FFE3F8 A5=00000000 A6=00000000 A7=00FF7F90 D0=00000000 D1=0000FF3F D2=00000000 D3=00000000 D4=00000019 D5=00000000 D6=00000000 D7=00000000 xnZvc
=00FF7EDE A7=00FF7ECE D0=00000008 D1=00030DC4 D2=00000DC4 D3=00FFFEEE D4=00000000 D5=00000000 D6=00000000 D7=00000000 Xnzvc
=00FF7F88 D0=000085AA D1=30390B20 D2=00000001 D3=0000002A D4=00000028 D5=0000000E D6=00000000 D7=00000000 xnZvc
=00FF8000 A5=00000000 A6=00000000 A7=00FF7F7C D0=00000008 D1=00000008 D2=0002AA74 D3=000000A0 D4=0000001E D5=0000001A D6=00000000 D7=00000000 xnzvc
=00FF9364 A3=00FFFE00 A4=0003BC48 A5=00A04002 A6=00000000 A7=00FF7EFE D0=00000003 D1=0003D000 D2=000000F5 D3=000000F0 D4=0000001B D5=00000068 D6=00000000 D7=000000A1 xnzvc
=00FFAA5A A3=00027E16 A4=00FFE3F8 A5=00000000 A6=00000000 A7=00FF7F64 D0=00000002 D1=00000001 D2=0002A56A D3=000000A0 D4=0000001E D5=0000000E D6=00000000 D7=00000000 xnZvc
=00FFFEEE D4=00000000 D5=00000000 D6=00000000 D7=00000000 XNzvc
0 A4=00027E16 A5=00000000 A6=00000000 A7=00FF7FA4 D0=00000103 D1=00000480 D2=00000000 D3=00000000 D4=00000000 D5=00000000 D6=00000000 D7=00000000 xnZvc
0 A4=00FFE3FC A5=00000000 A6=00000000 A7=00FF7F88 D0=0000000A D1=00000006 D2=00000000 D3=00000000 D4=00000000 D5=00000000 D6=00000000 D7=00000000 xnzvc
0 A6=00000000 A7=00FF7FA4 D0=0000005A D1=00000000 D2=00000000 D3=000000A0 D4=00000000 D5=00000000 D6=00000000 D7=00000000 xnzvc
0 A7=00FF7EFE D0=00000003 D1=0003D000 D2=00000010 D3=00FFFEEE D4=00000000 D5=00000000 D6=00000000 D7=00000000 xnZvc
0 D5=00000000 D6=00000000 D7=00000000 xnZvc
0=00FFE3A4 A1=4A3E9C27 A2=00FFE39E A3=00FFE3A0 A4=00026FDA A5=00000000 A6=00000000 A7=00FF7F84 D0=0000D900 D1=0F6AD9DF D2=00000000 D3=00000000 D4=000001DC D5=00000000 D6=00000000 D7=00000000 xnZvc
0=00FFFE7C A1=0003FC6D A2=00FF9364 A3=00FFFE00 A4=0003BE1A A5=00FFFE28 A6=00000000 A7=00FF7EE6 D0=00000006 D1=00030002 D2=000000F0 D3=00000000 D4=0000000A D5=000000B4 D6=00000000 D7=000000A0 xnZvc
00 A6=00000000 A7=00FF7FA4 D0=00000084 D1=00000006 D2=00000000 D3=000000A0 D4=00000000 D5=00000000 D6=00000000 D7=00000000 xnzvc
00 D3=00000001 D4=00000000 D5=00000000 D6=00000000 D7=00000000 xnzvc
00 D5=00000000 D6=00000000 D7=00000000 xnZvc
00 D7=00000000 xnzvc
00:0202  4A B9  TST.L   ($00A10008)              A0=00000000 A1=00000000 A2=00000000 A3=00000000 A4=00000000 A5=00000000 A6=00000000 A7=00FF8000 D0=00000000 D1=00000000 D2=00000000 D3=00000000 D4=00000000 D5=00000000 D6=00000000 D7=00000000 xnzvc
00:0208  66 06  BNE     #$06 [00:0210]           A0=00000000 A1=00000000 A2=00000000 A3=00000000 A4=00000000 A5=00000000 A6=00000000 A7=00FF8000 D0=00000000 D1=00000000 D2=00000000 D3=00000000 D4=00000000 D5=00000000 D6=00000000 D7=00000000 xnZvc
00:020A  4A 79  TST.W   ($00A1000C)              A0=00000000 A1=00000000 A2=00000000 A3=00000000 A4=00000000 A5=00000000 A6=00000000 A7=00FF8000 D0=00000000 D1=00000000 D2=00000000 D3=00000000 D4=00000000 D5=00000000 D6=00000000 D7=00000000 xnZvc
00:0210  66 7C  BNE     #$7C [00:028E]           A0=00000000 A1=00000000 A2=00000000 A3=00000000 A4=00000000 A5=00000000 A6=00000000 A7=00FF8000 D0=00000000 D1=00000000 D2=00000000 D3=00000000 D4=00000000 D5=00000000 D6=00000000 D7=00000000 xnZvc
00:0212  4B FA  LEA     $007C(PC),A5             A0=00000000 A1=00000000 A2=00000000 A3=00000000 A4=00000000 A5=00000000 A6=00000000 A7=00FF8000 D0=00000000 D1=00000000 D2=00000000 D3=00000000 D4=00000000 D5=00000000 D6=00000000 D7=00000000 xnZvc
00:0216  4C 9D  MOVEM.W (A5)+,{a7-d0}[00 e0]     A0=00000000 A1=00000000 A2=00000000 A3=00000000 A4=00000000 A5=00000290 A6=00000000 A7=00FF8000 D0=00000000 D1=00000000 D2=00000000 D3=00000000 D4=00000000 D5=00000000 D6=00000000 D7=00000000 xnZvc
00:021A  4C DD  MOVEM.L (A5)+,{a7-d0}[1f 00]     A0=00000000 A1=00000000 A2=00000000 A3=00000000 A4=00000000 A5=00000296 A6=00000000 A7=00FF8000 D0=00000000 D1=00000000 D2=00000000 D3=00000000 D4=00000000 D5=FFFF8000 D6=00003FFF D7=00000100 xnZvc
00:021E  10 29  MOVE.B  $EF01(A1),D0             A0=00A00000 A1=00A11100 A2=00A11200 A3=00C00000 A4=00C00004 A5=000002AA A6=00000000 A7=00FF8000 D0=00000000 D1=00000000 D2=00000000 D3=00000000 D4=00000000 D5=FFFF8000 D6=00003FFF D7=00000100 xnZvc
00:0222  02 00  ANDI.B  #$0F,D0                  A0=00A00000 A1=00A11100 A2=00A11200 A3=00C00000 A4=00C00004 A5=000002AA A6=00000000 A7=00FF8000 D0=000000A0 D1=00000000 D2=00000000 D3=00000000 D4=00000000 D5=FFFF8000 D6=00003FFF D7=00000100 xNzvc
00:0226  67 08  BEQ     #$08 [00:0230]           A0=00A00000 A1=00A11100 A2=00A11200 A3=00C00000 A4=00C00004 A5=000002AA A6=00000000 A7=00FF8000 D0=00000000 D1=00000000 D2=00000000 D3=00000000 D4=00000000 D5=FFFF8000 D6=00003FFF D7=00000100 xnZvc
00:0230  30 14  MOVE.W  (A4),D0                  A0=00A00000 A1=00A11100 A2=00A11200 A3=00C00000 A4=00C00004 A5=000002AA A6=00000000 A7=00FF8000 D0=00000000 D1=00000000 D2=00000000 D3=00000000 D4=00000000 D5=FFFF8000 D6=00003FFF D7=00000100 xnZvc
00:0232  70 00  MOVEQ   #$00,D0                  A0=00A00000 A1=00A11100 A2=00A11200 A3=00C00000 A4=00C00004 A5=000002AA A6=00000000 A7=00FF8000 D0=00000208 D1=00000000 D2=00000000 D3=00000000 D4=00000000 D5=FFFF8000 D6=00003FFF D7=00000100 xnzvc
00:0234  2C 40  MOVE.L  D0,A6                    A0=00A00000 A1=00A11100 A2=00A11200 A3=00C00000 A4=00C00004 A5=000002AA A6=00000000 A7=00FF8000 D0=00000000 D1=00000000 D2=00000000 D3=00000000 D4=00000000 D5=FFFF8000 D6=00003FFF D7=00000100 xnZvc
00:0236  4E 66  MOVE    A6,USP                   A0=00A00000 A1=00A11100 A2=00A11200 A3=00C00000 A4=00C00004 A5=000002AA A6=00000000 A7=00FF8000 D0=00000000 D1=00000000 D2=00000000 D3=00000000 D4=00000000 D5=FFFF8000 D6=00003FFF D7=00000100 xnZvc
00:0238  72 17  MOVEQ   #$17,D1                  A0=00A00000 A1=00A11100 A2=00A11200 A3=00C00000 A4=00C00004 A5=000002AA A6=00000000 A7=00FF8000 D0=00000000 D1=00000000 D2=00000000 D3=00000000 D4=00000000 D5=FFFF8000 D6=00003FFF D7=00000100 xnZvc
00:023A  1A 1D  MOVE.B  (A5)+,D5                 A0=00A00000 A1=00A11100 A2=00A11200 A3=00C00000 A4=00C00004 A5=000002C1 A6=00000000 A7=00FF8000 D0=00000000 D1=00000000 D2=00000000 D3=00000000 D4=00000000 D5=FFFF9700 D6=00003FFF D7=00000100 xNzvc
00:023C  38 85  MOVE.W  D5,(A4)                  A0=00A00000 A1=00A11100 A2=00A11200 A3=00C00000 A4=00C00004 A5=000002C2 A6=00000000 A7=00FF8000 D0=00000000 D1=00000000 D2=00000000 D3=00000000 D4=00000000 D5=FFFF9780 D6=00003FFF D7=00000100 xNzvc
00:023E  DA 47  ADD.W   D7,D5                    A0=00A00000 A1=00A11100 A2=00A11200 A3=00C00000 A4=00C00004 A5=000002C2 A6=00000000 A7=00FF8000 D0=00000000 D1=00000000 D2=00000000 D3=00000000 D4=00000000 D5=FFFF9780 D6=00003FFF D7=00000100 xNzvc
00:0240  51 C9  DBFa    D1,#$FFF8 [01:023A]      A0=00A00000 A1=00A11100 A2=00A11200 A3=00C00000 A4=00C00004 A5=000002C2 A6=00000000 A7=00FF8000 D0=00000000 D1=00000000 D2=00000000 D3=00000000 D4=00000000 D5=FFFF9880 D6=00003FFF D7=00000100 xNzvc
00:0244  28 9D  MOVE.L  (A5)+,(A4)               A0=00A00000 A1=00A11100 A2=00A11200 A3=00C00000 A4=00C00004 A5=000002C2 A6=00000000 A7=00FF8000 D0=00000000 D1=0000FFFF D2=00000000 D3=00000000 D4=00000000 D5=FFFF9880 D6=00003FFF D7=00000100 xNzvc
00:0246  36 80  MOVE.W  D0,(A3)                  A0=00A00000 A1=00A11100 A2=00A11200 A3=00C00000 A4=00C00004 A5=000002C6 A6=00000000 A7=00FF8000 D0=00000000 D1=0000FFFF D2=00000000 D3=00000000 D4=00000000 D5=FFFF9880 D6=00003FFF D7=00000100 xnzvc
00:0248  32 87  MOVE.W  D7,(A1)                  A0=00A00000 A1=00A11100 A2=00A11200 A3=00C00000 A4=00C00004 A5=000002C6 A6=00000000 A7=00FF8000 D0=00000000 D1=0000FFFF D2=00000000 D3=00000000 D4=00000000 D5=FFFF9880 D6=00003FFF D7=00000100 xnZvc
00:024A  34 87  MOVE.W  D7,(A2)                  A0=00A00000 A1=00A11100 A2=00A11200 A3=00C00000 A4=00C00004 A5=000002C6 A6=00000000 A7=00FF8000 D0=00000000 D1=0000FFFF D2=00000000 D3=00000000 D4=00000000 D5=FFFF9880 D6=00003FFF D7=00000100 xnzvc
00:024C  01 11  BTST    D0,(A1)                  A0=00A00000 A1=00A11100 A2=00A11200 A3=00C00000 A4=00C00004 A5=000002C6 A6=00000000 A7=00FF8000 D0=00000000 D1=0000FFFF D2=00000000 D3=00000000 D4=00000000 D5=FFFF9880 D6=00003FFF D7=00000100 xnzvc
00:024E  66 FC  BNE     #$FC [00:024C]           A0=00A00000 A1=00A11100 A2=00A11200 A3=00C00000 A4=00C00004 A5=000002C6 A6=00000000 A7=00FF8000 D0=00000000 D1=0000FFFF D2=00000000 D3=00000000 D4=00000000 D5=FFFF9880 D6=00003FFF D7=00000100 xnZvc
00:0250  74 25  MOVEQ   #$25,D2                  A0=00A00000 A1=00A11100 A2=00A11200 A3=00C00000 A4=00C00004 A5=000002C6 A6=00000000 A7=00FF8000 D0=00000000 D1=0000FFFF D2=00000000 D3=00000000 D4=00000000 D5=FFFF9880 D6=00003FFF D7=00000100 xnZvc
00:0252  10 DD  MOVE.B  (A5)+,(A0)+              A0=00A00025 A1=00A11100 A2=00A11200 A3=00C00000 A4=00C00004 A5=000002EB A6=00000000 A7=00FF8000 D0=00000000 D1=0000FFFF D2=00000000 D3=00000000 D4=00000000 D5=FFFF9880 D6=00003FFF D7=00000100 xNzvc
00:0254  51 CA  DBFa    D2,#$FFFC [01:0252]      A0=00A00026 A1=00A11100 A2=00A11200 A3=00C00000 A4=00C00004 A5=000002EC A6=00000000 A7=00FF8000 D0=00000000 D1=0000FFFF D2=00000000 D3=00000000 D4=00000000 D5=FFFF9880 D6=00003FFF D7=00000100 xNzvc
00:0258  34 80  MOVE.W  D0,(A2)                  A0=00A00026 A1=00A11100 A2=00A11200 A3=00C00000 A4=00C00004 A5=000002EC A6=00000000 A7=00FF8000 D0=00000000 D1=0000FFFF D2=0000FFFF D3=00000000 D4=00000000 D5=FFFF9880 D6=00003FFF D7=00000100 xNzvc
00:025A  32 80  MOVE.W  D0,(A1)                  A0=00A00026 A1=00A11100 A2=00A11200 A3=00C00000 A4=00C00004 A5=000002EC A6=00000000 A7=00FF8000 D0=00000000 D1=0000FFFF D2=0000FFFF D3=00000000 D4=00000000 D5=FFFF9880 D6=00003FFF D7=00000100 xnZvc
00:025C  34 87  MOVE.W  D7,(A2)                  A0=00A00026 A1=00A11100 A2=00A11200 A3=00C00000 A4=00C00004 A5=000002EC A6=00000000 A7=00FF8000 D0=00000000 D1=0000FFFF D2=0000FFFF D3=00000000 D4=00000000 D5=FFFF9880 D6=00003FFF D7=00000100 xnZvc
00:025E  2D 00  MOVE.L  D0,-(A6)                 A0=00A00026 A1=00A11100 A2=00A11200 A3=00C00000 A4=00C00004 A5=000002EC A6=FFFFFF04 A7=00FF8000 D0=00000000 D1=0000FFFF D2=0000FFFF D3=00000000 D4=00000000 D5=FFFF9880 D6=00003FC0 D7=00000100 xnZvc
00:0260  51 CE  DBFa    D6,#$FFFC [01:025E]      A0=00A00026 A1=00A11100 A2=00A11200 A3=00C00000 A4=00C00004 A5=000002EC A6=FFFFFF00 A7=00FF8000 D0=00000000 D1=0000FFFF D2=0000FFFF D3=00000000 D4=00000000 D5=FFFF9880 D6=00003FC0 D7=00000100 xnZvc
00:0264  28 9D  MOVE.L  (A5)+,(A4)               A0=00A00026 A1=00A11100 A2=00A11200 A3=00C00000 A4=00C00004 A5=000002EC A6=FFFF0000 A7=00FF8000 D0=00000000 D1=0000FFFF D2=0000FFFF D3=00000000 D4=00000000 D5=FFFF9880 D6=0000FFFF D7=00000100 xnZvc
00:0266  28 9D  MOVE.L  (A5)+,(A4)               A0=00A00026 A1=00A11100 A2=00A11200 A3=00C00000 A4=00C00004 A5=000002F0 A6=FFFF0000 A7=00FF8000 D0=00000000 D1=0000FFFF D2=0000FFFF D3=00000000 D4=00000000 D5=FFFF9880 D6=0000FFFF D7=00000100 xNzvc
00:0268  76 1F  MOVEQ   #$1F,D3                  A0=00A00026 A1=00A11100 A2=00A11200 A3=00C00000 A4=00C00004 A5=000002F4 A6=FFFF0000 A7=00FF8000 D0=00000000 D1=0000FFFF D2=0000FFFF D3=00000000 D4=00000000 D5=FFFF9880 D6=0000FFFF D7=00000100 xNzvc
00:026A  26 80  MOVE.L  D0,(A3)                  A0=00A00026 A1=00A11100 A2=00A11200 A3=00C00000 A4=00C00004 A5=000002F4 A6=FFFF0000 A7=00FF8000 D0=00000000 D1=0000FFFF D2=0000FFFF D3=00000000 D4=00000000 D5=FFFF9880 D6=0000FFFF D7=00000100 xnZvc
00:026C  51 CB  DBFa    D3,#$FFFC [01:026A]      A0=00A00026 A1=00A11100 A2=00A11200 A3=00C00000 A4=00C00004 A5=000002F4 A6=FFFF0000 A7=00FF8000 D0=00000000 D1=0000FFFF D2=0000FFFF D3=00000000 D4=00000000 D5=FFFF9880 D6=0000FFFF D7=00000100 xnZvc
00:0270  28 9D  MOVE.L  (A5)+,(A4)               A0=00A00026 A1=00A11100 A2=00A11200 A3=00C00000 A4=00C00004 A5=000002F4 A6=FFFF0000 A7=00FF8000 D0=00000000 D1=0000FFFF D2=0000FFFF D3=0000FFFF D4=00000000 D5=FFFF9880 D6=0000FFFF D7=00000100 xnZvc
00:0272  78 13  MOVEQ   #$13,D4                  A0=00A00026 A1=00A11100 A2=00A11200 A3=00C00000 A4=00C00004 A5=000002F8 A6=FFFF0000 A7=00FF8000 D0=00000000 D1=0000FFFF D2=0000FFFF D3=0000FFFF D4=00000000 D5=FFFF9880 D6=0000FFFF D7=00000100 xnzvc
00:0274  26 80  MOVE.L  D0,(A3)                  A0=00A00026 A1=00A11100 A2=00A11200 A3=00C00000 A4=00C00004 A5=000002F8 A6=FFFF0000 A7=00FF8000 D0=00000000 D1=0000FFFF D2=0000FFFF D3=0000FFFF D4=00000000 D5=FFFF9880 D6=0000FFFF D7=00000100 xnZvc
00:0276  51 CC  DBFa    D4,#$FFFC [01:0274]      A0=00A00026 A1=00A11100 A2=00A11200 A3=00C00000 A4=00C00004 A5=000002F8 A6=FFFF0000 A7=00FF8000 D0=00000000 D1=0000FFFF D2=0000FFFF D3=0000FFFF D4=00000000 D5=FFFF9880 D6=0000FFFF D7=00000100 xnZvc
00:027A  7A 03  MOVEQ   #$03,D5                  A0=00A00026 A1=00A11100 A2=00A11200 A3=00C00000 A4=00C00004 A5=000002F8 A6=FFFF0000 A7=00FF8000 D0=00000000 D1=0000FFFF D2=0000FFFF D3=0000FFFF D4=0000FFFF D5=FFFF9880 D6=0000FFFF D7=00000100 xnZvc
00:027C  17 5D  MOVE.B  (A5)+,$0011(A3)          A0=00A00026 A1=00A11100 A2=00A11200 A3=00C00000 A4=00C00004 A5=000002FB A6=FFFF0000 A7=00FF8000 D0=00000000 D1=0000FFFF D2=0000FFFF D3=0000FFFF D4=0000FFFF D5=00000000 D6=0000FFFF D7=00000100 xNzvc
00:0280  51 CD  DBFa    D5,#$FFFA [01:027C]      A0=00A00026 A1=00A11100 A2=00A11200 A3=00C00000 A4=00C00004 A5=000002FC A6=FFFF0000 A7=00FF8000 D0=00000000 D1=0000FFFF D2=0000FFFF D3=0000FFFF D4=0000FFFF D5=00000000 D6=0000FFFF D7=00000100 xNzvc
00:0284  34 80  MOVE.W  D0,(A2)                  A0=00A00026 A1=00A11100 A2=00A11200 A3=00C00000 A4=00C00004 A5=000002FC A6=FFFF0000 A7=00FF8000 D0=00000000 D1=0000FFFF D2=0000FFFF D3=0000FFFF D4=0000FFFF D5=0000FFFF D6=0000FFFF D7=00000100 xNzvc
00:0286  4C D6  MOVEM.L (A6),{a7-d0}[7f ff]      A0=00A00026 A1=00A11100 A2=00A11200 A3=00C00000 A4=00C00004 A5=000002FC A6=FFFF0000 A7=00FF8000 D0=00000000 D1=0000FFFF D2=0000FFFF D3=0000FFFF D4=0000FFFF D5=0000FFFF D6=0000FFFF D7=00000100 xnZvc
00:028A  46 FC  MOVE    #$2700,SR                A0=00000000 A1=00000000 A2=00000000 A3=00000000 A4=00000000 A5=00000000 A6=00000000 A7=00FF8000 D0=00000000 D1=00000000 D2=00000000 D3=00000000 D4=00000000 D5=00000000 D6=00000000 D7=00000000 xnZvc
00:028E  60 6C  BRA     #$6C [00:02FC]           A0=00000000 A1=00000000 A2=00000000 A3=00000000 A4=00000000 A5=00000000 A6=00000000 A7=00FF8000 D0=00000000 D1=00000000 D2=00000000 D3=00000000 D4=00000000 D5=00000000 D6=00000000 D7=00000000 xnZvc
00:02FC  4A 79  TST.W   ($00C00004)              A0=00000000 A1=00000000 A2=00000000 A3=00000000 A4=00000000 A5=00000000 A6=00000000 A7=00FF8000 D0=00000000 D1=00000000 D2=00000000 D3=00000000 D4=00000000 D5=00000000 D6=00000000 D7=00000000 xnzvc
00:0302  4E BA  JSR     $001E(PC)                A0=00000000 A1=00000000 A2=00000000 A3=00000000 A4=00000000 A5=00000000 A6=00000000 A7=00FF8000 D0=00000000 D1=00000000 D2=00000000 D3=00000000 D4=00000000 D5=00000000 D6=00000000 D7=00000000 xNzvc
00:0306  4E 71  NOP                              A0=00000000 A1=00000000 A2=00000000 A3=00000000 A4=00000000 A5=00000000 A6=00000000 A7=00FF8000 D0=00000000 D1=00000000 D2=00000000 D3=00000000 D4=00000000 D5=00000000 D6=00000000 D7=00000000 xNzvc
00:0308  20 7C  MOVE.L  #$00FF0000,A0            A0=00000000 A1=00000000 A2=00000000 A3=00000000 A4=00000000 A5=00000000 A6=00000000 A7=00FF8000 D0=00000000 D1=00000000 D2=00000000 D3=00000000 D4=00000000 D5=00000000 D6=00000000 D7=00000000 xNzvc
00:030E  30 3C  MOVE.W  #$3FFF,D0                A0=00FF0000 A1=00000000 A2=00000000 A3=00000000 A4=00000000 A5=00000000 A6=00000000 A7=00FF8000 D0=00000000 D1=00000000 D2=00000000 D3=00000000 D4=00000000 D5=00000000 D6=00000000 D7=00000000 xNzvc
00:0312  20 FC  MOVE.L  #$00000000,(A0)+         A0=00FF00FC A1=00000000 A2=00000000 
00:0318  51 C8  DBFa    D0,#$FFF8 [01:0312]      A0=00FF0100 A1=00000000 A2=00000000 A3=00000000 A4=00000000 A5=00000000 A6=00000000 A7=00FF8000 D0=00003FC0 D1=00000000 D2=00000000 D3=00000000 D4=00000000 D5=00000000 D6=00000000 D7=00000000 xnZvc
00:031C  4E B9  JSR     ($000003FE)              A0=01000000 A1=00000000 A2=00000000 A3=00000000 A4=00000000 A5=00000000 A6=00000000 A7=00FF8000 D0=0000FFFF D1=00000000 D2=00000000 D3=00000000 D4=00000000 D5=00000000 D6=00000000 D7=00000000 xnZvc
00:0322  00 7C  ORI.W   #$0700,#$4E75            A0=00000000 A1=00000000 A2=00000000 A3=00000000 A4=00000000 A5=00000000 A6=00000000 A7=00FF7FFC D0=00000000 D1=00000000 D2=00000000 D3=00000000 D4=00000000 D5=00000000 D6=00000000 D7=00000000 xNzvc
00:0326  4E 75  RTS                              A0=00000000 A1=00000000 A2=00000000 A3=00000000 A4=00000000 A5=00000000 A6=00000000 A7=00FF7FFC D0=00000000 D1=00000000 D2=00000000 D3=00000000 D4=00000000 D5=00000000 D6=00000000 D7=00000000 xNzvc

00:0328  02 7C  ANDI.W  #$F8FF,#$4E75            A0=00FFFF86 A1=00040156 A2=00026F76 A3=00FF8000 A4=00026FDA A5=00000000 A6=00000000 A7=00FF7FD4 D0=3FFFFFFF D1=00000000 D2=00000000 D3=00000000 D4=00000000 D5=00000000 D6=00000000 D7=00000000 xnZvc
00:032C  4E 75  RTS                              A0=00FFFF86 A1=00040156 A2=00026F76 A3=00FF8000 A4=00026FDA A5=00000000 A6=00000000 A7=00FF7FD4 D0=3FFFFFFF D1=00000000 D2=00000000 D3=00000000 D4=00000000 D5=00000000 D6=00000000 D7=00000000 xnzvc

00:032E  48 E7  MOVEM.L {d0-a7}[ff fe],-(SP)     A0=00037316 A1=00037324 A2=00FFE39E A3=00FFE3A0 A4=00FFE3FC A5=00000000 A6=00000000 A7=00FF7F7A D0=00000001 D1=000052B0 D2=00000000 D3=00000000 D4=00000000 D5=00000000 D6=00000000 D7=00000000 xnZvc
00:0332  4E B9  JSR     ($000005EC)              A0=00037316 A1=00037324 A2=00FFE39E A3=00FFE3A0 A4=00FFE3FC A5=00000000 A6=00000000 A7=00FF7F3E D0=00000001 D1=000052B0 D2=00000000 D3=00000000 D4=00000000 D5=00000000 D6=00000000 D7=00000000 xnZvc
00:0338  4C DF  MOVEM.L (SP)+,{a7-d0}[7f ff]     A0=00FFFF86 A1=0004015E A2=00FFE39E A3=00FFE3A0 A4=00FFE3FC A5=00000000 A6=00000000 A7=00FF7F3E D0=00000000 D1=0000FF3F D2=00000000 D3=00000000 D4=00000000 D5=00000000 D6=00000000 D7=00000000 xnzvc
00:033C  4E 73  RTE                              A0=00037316 A1=00037324 A2=00FFE39E A3=00FFE3A0 A4=00FFE3FC A5=00000000 A6=00000000 A7=00FF7F7A D0=00000001 D1=000052B0 D2=00000000 D3=00000000 D4=00000000 D5=00000000 D6=00000000 D7=00000000 xnzvc

00:035C  33 FC  MOVE.W  #$8004,($00C00004)       A0=01000000 A1=00000000 A2=00000000 A3=00000000 A4=00000000 A5=00000000 A6=00000000 A7=00FF7FF8 D0=0000FFFF D1=00000000 D2=00000000 D3=00000000 D4=00000000 D5=00000000 D6=00000000 D7=00000000 xnZvc
00:0364  33 FC  MOVE.W  #$8144,($00C00004)       A0=01000000 A1=00000000 A2=00000000 A3=00000000 A4=00000000 A5=00000000 A6=00000000 A7=00FF7FF8 D0=0000FFFF D1=00000000 D2=00000000 D3=00000000 D4=00000000 D5=00000000 D6=00000000 D7=00000000 xNzvc
00:036C  33 FC  MOVE.W  #$8228,($00C00004)       A0=01000000 A1=00000000 A2=00000000 A3=00000000 A4=00000000 A5=00000000 A6=00000000 A7=00FF7FF8 D0=0000FFFF D1=00000000 D2=00000000 D3=00000000 D4=00000000 D5=00000000 D6=00000000 D7=00000000 xNzvc
00:0374  33 FC  MOVE.W  #$8334,($00C00004)       A0=01000000 A1=00000000 A2=00000000 A3=00000000 A4=00000000 A5=00000000 A6=00000000 A7=00FF7FF8 D0=0000FFFF D1=00000000 D2=00000000 D3=00000000 D4=00000000 D5=00000000 D6=00000000 D7=00000000 xNzvc
00:037C  33 FC  MOVE.W  #$8407,($00C00004)       A0=01000000 A1=00000000 A2=00000000 A3=00000000 A4=00000000 A5=00000000 A6=00000000 A7=00FF7FF8 D0=0000FFFF D1=00000000 D2=00000000 D3=00000000 D4=00000000 D5=00000000 D6=00000000 D7=00000000 xNzvc
00:0384  33 FC  MOVE.W  #$857C,($00C00004)       A0=01000000 A1=00000000 A2=00000000 A3=00000000 A4=00000000 A5=00000000 A6=00000000 A7=00FF7FF8 D0=0000FFFF D1=00000000 D2=00000000 D3=00000000 D4=00000000 D5=00000000 D6=00000000 D7=00000000 xNzvc
00:038C  33 FC  MOVE.W  #$8700,($00C00004)       A0=01000000 A1=00000000 A2=00000000 A3=00000000 A4=00000000 A5=00000000 A6=00000000 A7=00FF7FF8 D0=0000FFFF D1=00000000 D2=00000000 D3=00000000 D4=00000000 D5=00000000 D6=00000000 D7=00000000 xNzvc
00:0394  33 FC  MOVE.W  #$8A00,($00C00004)       A0=01000000 A1=00000000 A2=00000000 A3=00000000 A4=00000000 A5=00000000 A6=00000000 A7=00FF7FF8 D0=0000FFFF D1=00000000 D2=00000000 D3=00000000 D4=00000000 D5=00000000 D6=00000000 D7=00000000 xNzvc
00:039C  33 FC  MOVE.W  #$8B00,($00C00004)       A0=01000000 A1=00000000 A2=00000000 A3=00000000 A4=00000000 A5=00000000 A6=00000000 A7=00FF7FF8 D0=0000FFFF D1=00000000 D2=00000000 D3=00000000 D4=00000000 D5=00000000 D6=00000000 D7=00000000 xNzvc
00:03A4  33 FC  MOVE.W  #$8C89,($00C00004)       A0=01000000 A1=00000000 A2=00000000 A3=00000000 A4=00000000 A5=00000000 A6=00000000 A7=00FF7FF8 D0=0000FFFF D1=00000000 D2=00000000 D3=00000000 D4=00000000 D5=00000000 D6=00000000 D7=00000000 xNzvc
00:03AC  33 FC  MOVE.W  #$8D3F,($00C00004)       A0=01000000 A1=00000000 A2=00000000 A3=00000000 A4=00000000 A5=00000000 A6=00000000 A7=00FF7FF8 D0=0000FFFF D1=00000000 D2=00000000 D3=00000000 D4=00000000 D5=00000000 D6=00000000 D7=00000000 xNzvc
00:03B4  33 FC  MOVE.W  #$8F02,($00C00004)       A0=01000000 A1=00000000 A2=00000000 A3=00000000 A4=00000000 A5=00000000 A6=00000000 A7=00FF7FF8 D0=0000FFFF D1=00000000 D2=00000000 D3=00000000 D4=00000000 D5=00000000 D6=00000000 D7=00000000 xNzvc
00:03BC  33 FC  MOVE.W  #$9001,($00C00004)       A0=01000000 A1=00000000 A2=00000000 A3=00000000 A4=00000000 A5=00000000 A6=00000000 A7=00FF7FF8 D0=0000FFFF D1=00000000 D2=00000000 D3=00000000 D4=00000000 D5=00000000 D6=00000000 D7=00000000 xNzvc
00:03C4  33 FC  MOVE.W  #$9100,($00C00004)       A0=01000000 A1=00000000 A2=00000000 A3=00000000 A4=00000000 A5=00000000 A6=00000000 A7=00FF7FF8 D0=0000FFFF D1=00000000 D2=00000000 D3=00000000 D4=00000000 D5=00000000 D6=00000000 D7=00000000 xNzvc
00:03CC  33 FC  MOVE.W  #$9200,($00C00004)       A0=01000000 A1=00000000 A2=00000000 A3=00000000 A4=00000000 A5=00000000 A6=00000000 A7=00FF7FF8 D0=0000FFFF D1=00000000 D2=00000000 D3=00000000 D4=00000000 D5=00000000 D6=00000000 D7=00000000 xNzvc
00:03D4  33 FC  MOVE.W  #$9302,($00C00004)       A0=01000000 A1=00000000 A2=00000000 A3=00000000 A4=00000000 A5=00000000 A6=00000000 A7=00FF7FF8 D0=0000FFFF D1=00000000 D2=00000000 D3=00000000 D4=00000000 D5=00000000 D6=00000000 D7=00000000 xNzvc
00:03DC  33 FC  MOVE.W  #$9400,($00C00004)       A0=01000000 A1=00000000 A2=00000000 A3=00000000 A4=00000000 A5=00000000 A6=00000000 A7=00FF7FF8 D0=0000FFFF D1=00000000 D2=00000000 D3=00000000 D4=00000000 D5=00000000 D6=00000000 D7=00000000 xNzvc
00:03E4  33 FC  MOVE.W  #$9500,($00C00004)       A0=01000000 A1=00000000 A2=00000000 A3=00000000 A4=00000000 A5=00000000 A6=00000000 A7=00FF7FF8 D0=0000FFFF D1=00000000 D2=00000000 D3=00000000 D4=00000000 D5=00000000 D6=00000000 D7=00000000 xNzvc
00:03EC  33 FC  MOVE.W  #$9600,($00C00004)       A0=01000000 A1=00000000 A2=00000000 A3=00000000 A4=00000000 A5=00000000 A6=00000000 A7=00FF7FF8 D0=0000FFFF D1=00000000 D2=00000000 D3=00000000 D4=00000000 D5=00000000 D6=00000000 D7=00000000 xNzvc
00:03F4  33 FC  MOVE.W  #$9700,($00C00004)       A0=01000000 A1=00000000 A2=00000000 A3=00000000 A4=00000000 A5=00000000 A6=00000000 A7=00FF7FF8 D0=0000FFFF D1=00000000 D2=00000000 D3=00000000 D4=00000000 D5=00000000 D6=00000000 D7=00000000 xNzvc
00:03FC  4E 75  RTS                              A0=01000000 A1=00000000 A2=00000000 A3=00000000 A4=00000000 A5=00000000 A6=00000000 A7=00FF7FF8 D0=0000FFFF D1=00000000 D2=00000000 D3=00000000 D4=00000000 D5=00000000 D6=00000000 D7=00000000 xNzvc

00:03FE  4E BA  JSR     $FF5C(PC)                A0=01000000 A1=00000000 A2=00000000 A3=00000000 A4=00000000 A5=00000000 A6=00000000 A7=00FF7FFC D0=0000FFFF D1=00000000 D2=00000000 D3=00000000 D4=00000000 D5=00000000 D6=00000000 D7=00000000 xnZvc
00:0402  4E BA  JSR     $0E82(PC)                A0=01000000 A1=00000000 A2=00000000 A3=00000000 A4=00000000 A5=00000000 A6=00000000 A7=00FF7FFC D0=0000FFFF D1=00000000 D2=00000000 D3=00000000 D4=00000000 D5=00000000 D6=00000000 D7=00000000 xNzvc
00:046A  48 E7  MOVEM.L {d0-a7}[3c 00],-(SP)     A0=000982C8 A1=00FF8036 A2=00FF800E A3=00FFE406 A4=00FFE40A A5=00000000 A6=00000000 A7=00FF7FA4 D0=C000FFFF D1=0000FFFF D2=00000001 D3=00000000 D4=00000000 D5=00000000 D6=00000000 D7=00000000 xnzvc
00:046E  33 FC  MOVE.W  #$8F40,($00C00004)       A0=000982C8 A1=00FF8036 A2=00FF800E A3=00FFE406 A4=00FFE40A A5=00000000 A6=00000000 A7=00FF7F94 D0=C000FFFF D1=0000FFFF D2=00000001 D3=00000000 D4=00000000 D5=00000000 D6=00000000 D7=00000000 xnzvc
00:0476  42 45  CLR.W   D5                       A0=000982C8 A1=00FF8036 A2=00FF800E A3=00FFE406 A4=00FFE40A A5=00000000 A6=00000000 A7=00FF7F94 D0=C000FFFF D1=0000FFFF D2=00000001 D3=00000000 D4=00000000 D5=00000000 D6=00000000 D7=00000000 xNzvc
00:0478  42 44  CLR.W   D4                       A0=000A77FA A1=00FFA9DA A2=00FFE3FC A3=00FFE3F8 A4=00FF8000 A5=00000000 A6=00000000 A7=00FF7F8C D0=6F000003 D1=6F3E0003 D2=00000017 D3=00000200 D4=00000020 D5=0000001F D6=00000000 D7=00000000 xNzvC
00:047A  30 05  MOVE.W  D5,D0                    A0=000A745A A1=00FFA248 A2=00FF800E A3=00FFE406 A4=00FFE40A A5=00000000 A6=00000000 A7=00FF7F94 D0=60800003 D1=60BC0003 D2=00000017 D3=00000200 D4=0000001F D5=00000001 D6=00000000 D7=00000000 xNzvC
00:047C  EB 40  ASL.W   #5,D0                    A0=000A745A A1=00FFA248 A2=00FF800E A3=00FFE406 A4=00FFE40A A5=00000000 A6=00000000 A7=00FF7F94 D0=60800001 D1=60BC0003 D2=00000017 D3=00000200 D4=0000001F D5=00000001 D6=00000000 D7=00000000 xnzvc
00:047E  20 7C  MOVE.L  #$000A743A,A0            A0=000A745A A1=00FFA248 A2=00FF800E A3=00FFE406 A4=00FFE40A A5=00000000 A6=00000000 A7=00FF7F94 D0=60800020 D1=60BC0003 D2=00000017 D3=00000200 D4=0000001F D5=00000001 D6=00000000 D7=00000000 xnzvc
00:0484  32 04  MOVE.W  D4,D1                    A0=000A743A A1=00FFA248 A2=00FF800E A3=00FFE406 A4=00FFE40A A5=00000000 A6=00000000 A7=00FF7F94 D0=60800020 D1=60BC0003 D2=00000017 D3=00000200 D4=0000001F D5=00000001 D6=00000000 D7=00000000 xnzvc
00:0486  D0 C0  ADDA.W  D0,A0                    A0=000A743A A1=00FFA248 A2=00FF800E A3=00FFE406 A4=00FFE40A A5=00000000 A6=00000000 A7=00FF7F94 D0=60800020 D1=60BC001F D2=00000017 D3=00000200 D4=0000001F D5=00000001 D6=00000000 D7=00000000 xnzvc
00:0488  16 30  MOVE.B  $00(A0,D1),D3            A0=000A745A A1=00FFA248 A2=00FF800E A3=00FFE406 A4=00FFE40A A5=00000000 A6=00000000 A7=00FF7F94 D0=60800020 D1=60BC001F D2=00000017 D3=00000200 D4=0000001F D5=00000001 D6=00000000 D7=00000000 xnzvc
00:048C  48 83  EXT.W   D3                       A0=000A745A A1=00FFA248 A2=00FF800E A3=00FFE406 A4=00FFE40A A5=00000000 A6=00000000 A7=00FF7F94 D0=60800020 D1=60BC001F D2=00000017 D3=00000200 D4=0000001F D5=00000001 D6=00000000 D7=00000000 xnZvc
00:048E  02 43  ANDI.W  #$087F,D3                A0=000A745A A1=00FFA248 A2=00FF800E A3=00FFE406 A4=00FFE40A A5=00000000 A6=00000000 A7=00FF7F94 D0=60800020 D1=60BC001F D2=00000017 D3=00000000 D4=0000001F D5=00000001 D6=00000000 D7=00000000 xnZvc
00:0492  06 43  ADDI.W  #$0200,D3                A0=000A745A A1=00FFA248 A2=00FF800E A3=00FFE406 A4=00FFE40A A5=00000000 A6=00000000 A7=00FF7F94 D0=60800020 D1=60BC001F D2=00000017 D3=00000000 D4=0000001F D5=00000001 D6=00000000 D7=00000000 xnZvc
00:0496  48 C1  EXT.L   D1                       A0=000A745A A1=00FFA248 A2=00FF800E A3=00FFE406 A4=00FFE40A A5=00000000 A6=00000000 A7=00FF7F94 D0=60800020 D1=60BC001F D2=00000017 D3=00000200 D4=0000001F D5=00000001 D6=00000000 D7=00000000 xnzvc
00:0498  70 11  MOVEQ   #$11,D0                  A0=000A745A A1=00FFA248 A2=00FF800E A3=00FFE406 A4=00FFE40A A5=00000000 A6=00000000 A7=00FF7F94 D0=60800020 D1=0000001F D2=00000017 D3=00000200 D4=0000001F D5=00000001 D6=00000000 D7=00000000 xnzvc
00:049A  E1 A1  ASL.L   D8,D1                    A0=000A745A A1=00FFA248 A2=00FF800E A3=00FFE406 A4=00FFE40A A5=00000000 A6=00000000 A7=00FF7F94 D0=00000011 D1=0000001F D2=00000017 D3=00000200 D4=0000001F D5=00000001 D6=00000000 D7=00000000 xnzvc
00:049C  30 05  MOVE.W  D5,D0                    A0=000A745A A1=00FFA248 A2=00FF800E A3=00FFE406 A4=00FFE40A A5=00000000 A6=00000000 A7=00FF7F94 D0=00000011 D1=003E0000 D2=00000017 D3=00000200 D4=0000001F D5=00000001 D6=00000000 D7=00000000 xnzvc
00:049E  48 C0  EXT.L   D0                       A0=000A745A A1=00FFA248 A2=00FF800E A3=00FFE406 A4=00FFE40A A5=00000000 A6=00000000 A7=00FF7F94 D0=00000001 D1=003E0000 D2=00000017 D3=00000200 D4=0000001F D5=00000001 D6=00000000 D7=00000000 xnzvc
00:04A0  74 17  MOVEQ   #$17,D2                  A0=000A745A A1=00FFA248 A2=00FF800E A3=00FFE406 A4=00FFE40A A5=00000000 A6=00000000 A7=00FF7F94 D0=00000001 D1=003E0000 D2=00000017 D3=00000200 D4=0000001F D5=00000001 D6=00000000 D7=00000000 xnzvc
00:04A2  E5 A0  ASL.L   D2,D0                    A0=000A745A A1=00FFA248 A2=00FF800E A3=00FFE406 A4=00FFE40A A5=00000000 A6=00000000 A7=00FF7F94 D0=00000001 D1=003E0000 D2=00000017 D3=00000200 D4=0000001F D5=00000001 D6=00000000 D7=00000000 xnzvc
00:04A4  06 80  ADDI.L  #$60000003,D0            A0=000A745A A1=00FFA248 A2=00FF800E A3=00FFE406 A4=00FFE40A A5=00000000 A6=00000000 A7=00FF7F94 D0=00800000 D1=003E0000 D2=00000017 D3=00000200 D4=0000001F D5=00000001 D6=00000000 D7=00000000 xnzvc
00:04AA  D2 80  ADD.L   D0,D1                    A0=000A745A A1=00FFA248 A2=00FF800E A3=00FFE406 A4=00FFE40A A5=00000000 A6=00000000 A7=00FF7F94 D0=60800003 D1=003E0000 D2=00000017 D3=00000200 D4=0000001F D5=00000001 D6=00000000 D7=00000000 xnzvc
00:04AC  23 C1  MOVE.L  D1,($00C00004)           A0=000A745A A1=00FFA248 A2=00FF800E A3=00FFE406 A4=00FFE40A A5=00000000 A6=00000000 A7=00FF7F94 D0=60800003 D1=60BE0003 D2=00000017 D3=00000200 D4=0000001F D5=00000001 D6=00000000 D7=00000000 xnzvc
00:04B2  33 C3  MOVE.W  D3,($00C00000)           A0=000A745A A1=00FFA248 A2=00FF800E A3=00FFE406 A4=00FFE40A A5=00000000 A6=00000000 A7=00FF7F94 D0=60800003 D1=60BE0003 D2=00000017 D3=00000200 D4=0000001F D5=00000001 D6=00000000 D7=00000000 xnzvc
00:04B8  33 C3  MOVE.W  D3,($00C00000)           A0=000A745A A1=00FFA248 A2=00FF800E A3=00FFE406 A4=00FFE40A A5=00000000 A6=00000000 A7=00FF7F94 D0=60800003 D1=60BE0003 D2=00000017 D3=00000200 D4=0000001F D5=00000001 D6=00000000 D7=00000000 xnzvc
00:04BE  52 44  ADDQ.W  #1,D4                    A0=000A745A A1=00FFA248 A2=00FF800E A3=00FFE406 A4=00FFE40A A5=00000000 A6=00000000 A7=00FF7F94 D0=60800003 D1=60BE0003 D2=00000017 D3=00000200 D4=0000001F D5=00000001 D6=00000000 D7=00000000 xnzvc
00:04C0  0C 44  CMPI.W  #$0020,D4                A0=000A745A A1=00FFA248 A2=00FF800E A3=00FFE406 A4=00FFE40A A5=00000000 A6=00000000 A7=00FF7F94 D0=60800003 D1=60BE0003 D2=00000017 D3=00000200 D4=00000020 D5=00000001 D6=00000000 D7=00000000 xnzvc
00:04C4  6D B4  BLT     #$B4 [00:047A]           A0=000A745A A1=00FFA248 A2=00FF800E A3=00FFE406 A4=00FFE40A A5=00000000 A6=00000000 A7=00FF7F94 D0=60800003 D1=60BE0003 D2=00000017 D3=00000200 D4=00000020 D5=00000001 D6=00000000 D7=00000000 xnZvc
00:04C6  52 45  ADDQ.W  #1,D5                    A0=000A781A A1=00FFA9DA A2=00FFE3FC A3=00FFE3F8 A4=00FF8000 A5=00000000 A6=00000000 A7=00FF7F8C D0=6F800003 D1=6FBE0003 D2=00000017 D3=00000200 D4=00000020 D5=0000001F D6=00000000 D7=00000000 xnZvc
00:04C8  0C 45  CMPI.W  #$0020,D5                A0=000A781A A1=00FFA9DA A2=00FFE3FC A3=00FFE3F8 A4=00FF8000 A5=00000000 A6=00000000 A7=00FF7F8C D0=6F800003 D1=6FBE0003 D2=00000017 D3=00000200 D4=00000020 D5=00000020 D6=00000000 D7=00000000 xnzvc
00:04CC  6D AA  BLT     #$AA [00:0478]           A0=000A781A A1=00FFA9DA A2=00FFE3FC A3=00FFE3F8 A4=00FF8000 A5=00000000 A6=00000000 A7=00FF7F8C D0=6F800003 D1=6FBE0003 D2=00000017 D3=00000200 D4=00000020 D5=00000020 D6=00000000 D7=00000000 xnZvc
00:04CE  33 FC  MOVE.W  #$8F02,($00C00004)       A0=000A781A A1=00FF8036 A2=00FF800E A3=00FFE406 A4=00FFE40A A5=00000000 A6=00000000 A7=00FF7F94 D0=6F800003 D1=6FBE0003 D2=00000017 D3=00000200 D4=00000020 D5=00000020 D6=00000000 D7=00000000 xnZvc
00:04D6  4C DF  MOVEM.L (SP)+,{a7-d0}[00 3c]     A0=000A781A A1=00FF8036 A2=00FF800E A3=00FFE406 A4=00FFE40A A5=00000000 A6=00000000 A7=00FF7F94 D0=6F800003 D1=6FBE0003 D2=00000017 D3=00000200 D4=00000020 D5=00000020 D6=00000000 D7=00000000 xNzvc
00:04DA  4E 75  RTS                              A0=000A781A A1=00FF8036 A2=00FF800E A3=00FFE406 A4=00FFE40A A5=00000000 A6=00000000 A7=00FF7FA4 D0=6F800003 D1=6FBE0003 D2=00000001 D3=00000000 D4=00000000 D5=00000000 D6=00000000 D7=00000000 xNzvc

00:054C  42 39  CLR.B   ($00FF8012)              A0=01000000 A1=00000000 A2=00026F76 A3=00FF8000 A4=00026FDA A5=00000000 A6=00000000 A7=00FF7FE0 D0=0000FFFF D1=00000000 D2=00000000 D3=00000000 D4=00000000 D5=00000000 D6=00000000 D7=00000000 xnzvc
00:0552  42 39  CLR.B   ($00FF8016)              A0=01000000 A1=00000000 A2=00026F76 A3=00FF8000 A4=00026FDA A5=00000000 A6=00000000 A7=00FF7FE0 D0=0000FFFF D1=00000000 D2=00000000 D3=00000000 D4=00000000 D5=00000000 D6=00000000 D7=00000000 xnZvc
00:0558  4E 75  RTS                              A0=01000000 A1=00000000 A2=00026F76 A3=00FF8000 A4=00026FDA A5=00000000 A6=00000000 A7=00FF7FE0 D0=0000FFFF D1=00000000 D2=00000000 D3=00000000 D4=00000000 D5=00000000 D6=00000000 D7=00000000 xnZvc

00:0578  30 2F  MOVE.W  $0006(SP),D0             A0=00FFE3A4 A1=00037324 A2=00FFE39E A3=00FFE3A0 A4=00FFE3FC A5=00000000 A6=00000000 A7=00FF7F6C D0=00000000 D1=0000FF3F D2=00000000 D3=00000000 D4=00000000 D5=00000000 D6=00000000 D7=00000000 xnZvc
00:057C  08 39  BTST    #6,($00FF8000)           A0=00FFE3A4 A1=00037324 A2=00FFE39E A3=00FFE3A0 A4=00FFE3FC A5=00000000 A6=00000000 A7=00FF7F6C D0=00000001 D1=0000FF3F D2=00000000 D3=00000000 D4=00000000 D5=00000000 D6=00000000 D7=00000000 xnzvc
00:0584  67 16  BEQ     #$16 [00:059C]           A0=00FFE3A4 A1=00037324 A2=00FFE39E A3=00FFE3A0 A4=00FFE3FC A5=00000000 A6=00000000 A7=00FF7F6C D0=00000001 D1=0000FF3F D2=00000000 D3=00000000 D4=00000000 D5=00000000 D6=00000000 D7=00000000 xnzvc
00:0586  60 10  BRA     #$10 [00:0598]           A0=00FFE3A4 A1=00037324 A2=00FFE39E A3=00FFE3A0 A4=00FFE3FC A5=00000000 A6=00000000 A7=00FF7F6C D0=00000001 D1=0000FF3F D2=00000000 D3=00000000 D4=00000000 D5=00000000 D6=00000000 D7=00000000 xnzvc
00:0588  32 39  MOVE.W  ($00FF800E),D1           A0=00FFE3A4 A1=00037324 A2=00FFE39E A3=00FFE3A0 A4=00FFE3FC A5=00000000 A6=00000000 A7=00FF7F6C D0=00000001 D1=0000FF3F D2=00000000 D3=00000000 D4=00000000 D5=00000000 D6=00000000 D7=00000000 xnzvc
00:058E  B2 79  CMP.W   ($00FF800E),D1           A0=00FFE3A4 A1=00037324 A2=00FFE39E A3=00FFE3A0 A4=00FFE3FC A5=00000000 A6=00000000 A7=00FF7F6C D0=00000001 D1=00005271 D2=00000000 D3=00000000 D4=00000000 D5=00000000 D6=00000000 D7=00000000 xnZvc
00:0594  67 F8  BEQ     #$F8 [00:058E]           A0=00FFE3A4 A1=00037324 A2=00FFE39E A3=00FFE3A0 A4=00FFE3FC A5=00000000 A6=00000000 A7=00FF7F6C D0=00000001 D1=00005271 D2=00000000 D3=00000000 D4=00000000 D5=00000000 D6=00000000 D7=00000000 xnZvc
00:0596  53 40  SUBQ.W  #1,D0                    A0=00037316 A1=00037324 A2=00FFE39E A3=00FFE3A0 A4=00FFE3FC A5=00000000 A6=00000000 A7=00FF7F80 D0=00000001 D1=000052B0 D2=00000000 D3=00000000 D4=00000000 D5=00000000 D6=00000000 D7=00000000 xNzvC
00:0598  4A 40  TST.W   D0                       A0=00FFE3A4 A1=000371A2 A2=00FFE39E A3=00FFE3A0 A4=00FFE3FC A5=00000000 A6=00000000 A7=00FF7F6C D0=00000001 D1=0000FF3F D2=00000000 D3=00000000 D4=00000000 D5=00000000 D6=00000000 D7=00000000 xnzvc
00:059A  6E EC  BGT     #$EC [00:0588]           A0=00FFE3A4 A1=000371A2 A2=00FFE39E A3=00FFE3A0 A4=00FFE3FC A5=00000000 A6=00000000 A7=00FF7F6C D0=00000001 D1=0000FF3F D2=00000000 D3=00000000 D4=00000000 D5=00000000 D6=00000000 D7=00000000 xnzvc
00:059C  4E 75  RTS                              A0=00037316 A1=00037324 A2=00FFE39E A3=00FFE3A0 A4=00FFE3FC A5=00000000 A6=00000000 A7=00FF7F80 D0=00000000 D1=000052B0 D2=00000000 D3=00000000 D4=00000000 D5=00000000 D6=00000000 D7=00000000 xnZvc

00:059E  30 2F  MOVE.W  $0006(SP),D0             A0=00FFD8DC A1=000373E4 A2=00FFE39E A3=00FFE3A0 A4=00FFE3FC A5=00000000 A6=00000000 A7=00FF7F74 D0=00000002 D1=00000002 D2=00000000 D3=00000000 D4=00000000 D5=00000000 D6=00000000 D7=00000000 xnZvc
00:05A2  20 7C  MOVE.L  #$00FF9364,A0            A0=00FFD8DC A1=000373E4 A2=00FFE39E A3=00FFE3A0 A4=00FFE3FC A5=00000000 A6=00000000 A7=00FF7F74 D0=00000000 D1=00000002 D2=00000000 D3=00000000 D4=00000000 D5=00000000 D6=00000000 D7=00000000 xnZvc
00:05A8  4A 39  TST.B   ($00FF8010)              A0=00FF9364 A1=000373E4 A2=00FFE39E A3=00FFE3A0 A4=00FFE3FC A5=00000000 A6=00000000 A7=00FF7F74 D0=00000000 D1=00000002 D2=00000000 D3=00000000 D4=00000000 D5=00000000 D6=00000000 D7=00000000 xnZvc
00:05AE  67 14  BEQ     #$14 [00:05C4]           A0=00FF9364 A1=000373E4 A2=00FFE39E A3=00FFE3A0 A4=00FFE3FC A5=00000000 A6=00000000 A7=00FF7F74 D0=00000000 D1=00000002 D2=00000000 D3=00000000 D4=00000000 D5=00000000 D6=00000000 D7=00000000 xnZvc
00:05B4  4E B9  JSR     ($0000D002)              A0=00FF9364 A1=000373E4 A2=00FFE39E A3=00FFE3A0 A4=00FFE3FC A5=00000000 A6=00000000 A7=00FF7F74 D0=00000000 D1=00000002 D2=00000000 D3=00000000 D4=00000000 D5=00000000 D6=00000000 D7=00000000 xnZvc
00:05BA  60 2E  BRA     #$2E [00:05EA]           A0=00FF9364 A1=000373E4 A2=00FFE39E A3=00FFE3A0 A4=00FFE3FC A5=00000000 A6=00000000 A7=00FF7F74 D0=00000019 D1=00000002 D2=00000000 D3=00000000 D4=00000000 D5=00000000 D6=00000000 D7=00000000 xnzvc
00:05C4  4A 40  TST.W   D0                       A0=00FF9364 A1=000373E4 A2=00FFE39E A3=00FFE3A0 A4=00FFE3FC A5=00000000 A6=00000000 A7=00FF7F74 D0=00000000 D1=00000002 D2=00000000 D3=00000000 D4=00000000 D5=00000000 D6=00000000 D7=00000000 xnZvc
00:05C6  66 04  BNE     #$04 [00:05CC]           A0=00FF9364 A1=000373E4 A2=00FFE39E A3=00FFE3A0 A4=00FFE3FC A5=00000000 A6=00000000 A7=00FF7F74 D0=00000000 D1=00000002 D2=00000000 D3=00000000 D4=00000000 D5=00000000 D6=00000000 D7=00000000 xnZvc
00:05C8  4A 10  TST.B   (A0)                     A0=00FF9364 A1=000373E4 A2=00FFE39E A3=00FFE3A0 A4=00FFE3FC A5=00000000 A6=00000000 A7=00FF7F74 D0=00000000 D1=00000002 D2=00000000 D3=00000000 D4=00000000 D5=00000000 D6=00000000 D7=00000000 xnZvc
00:05CA  66 0C  BNE     #$0C [00:05D8]           A0=00FF9364 A1=000373E4 A2=00FFE39E A3=00FFE3A0 A4=00FFE3FC A5=00000000 A6=00000000 A7=00FF7F74 D0=00000000 D1=00000002 D2=00000000 D3=00000000 D4=00000000 D5=00000000 D6=00000000 D7=00000000 xnZvc
00:05CC  0C 40  CMPI.W  #$0001,D0                A0=00FF9364 A1=000373E4 A2=00FFE39E A3=00FFE3A0 A4=00FFE3FC A5=00000000 A6=00000000 A7=00FF7F74 D0=00000000 D1=00000002 D2=00000000 D3=00000000 D4=00000000 D5=00000000 D6=00000000 D7=00000000 xnZvc
00:05D0  66 08  BNE     #$08 [00:05DA]           A0=00FF9364 A1=000373E4 A2=00FFE39E A3=00FFE3A0 A4=00FFE3FC A5=00000000 A6=00000000 A7=00FF7F74 D0=00000000 D1=00000002 D2=00000000 D3=00000000 D4=00000000 D5=00000000 D6=00000000 D7=00000000 xNzvC
00:05DA  4A 40  TST.W   D0                       A0=00FF9364 A1=000373E4 A2=00FFE39E A3=00FFE3A0 A4=00FFE3FC A5=00000000 A6=00000000 A7=00FF7F74 D0=00000000 D1=00000002 D2=00000000 D3=00000000 D4=00000000 D5=00000000 D6=00000000 D7=00000000 xNzvC
00:05DC  67 04  BEQ     #$04 [00:05E2]           A0=00FF9364 A1=000373E4 A2=00FFE39E A3=00FFE3A0 A4=00FFE3FC A5=00000000 A6=00000000 A7=00FF7F74 D0=00000000 D1=00000002 D2=00000000 D3=00000000 D4=00000000 D5=00000000 D6=00000000 D7=00000000 xnZvc
00:05E2  60 D0  BRA     #$D0 [00:05B4]           A0=00FF9364 A1=000373E4 A2=00FFE39E A3=00FFE3A0 A4=00FFE3FC A5=00000000 A6=00000000 A7=00FF7F74 D0=00000000 D1=00000002 D2=00000000 D3=00000000 D4=00000000 D5=00000000 D6=00000000 D7=00000000 xnZvc
00:05EA  4E 75  RTS                              A0=00FF9364 A1=000373E4 A2=00FFE39E A3=00FFE3A0 A4=00FFE3FC A5=00000000 A6=00000000 A7=00FF7F74 D0=00000019 D1=00000002 D2=00000000 D3=00000000 D4=00000000 D5=00000000 D6=00000000 D7=00000000 xnzvc

00:05EC  48 E7  MOVEM.L {d0-a7}[00 38],-(SP)     A0=00037316 A1=00037324 A2=00FFE39E A3=00FFE3A0 A4=00FFE3FC A5=00000000 A6=00000000 A7=00FF7F3A D0=00000001 D1=000052B0 D2=00000000 D3=00000000 D4=00000000 D5=00000000 D6=00000000 D7=00000000 xnZvc
00:05F0  24 7C  MOVE.L  #$00FF9364,A2            A0=00037316 A1=00037324 A2=00FFE39E A3=00FFE3A0 A4=00FFE3FC A5=00000000 A6=00000000 A7=00FF7F2E D0=00000001 D1=000052B0 D2=00000000 D3=00000000 D4=00000000 D5=00000000 D6=00000000 D7=00000000 xnZvc
00:05F6  26 7C  MOVE.L  #$00FF8002,A3            A0=00037316 A1=00037324 A2=00FF9364 A3=00FFE3A0 A4=00FFE3FC A5=00000000 A6=00000000 A7=00FF7F2E D0=00000001 D1=000052B0 D2=00000000 D3=00000000 D4=00000000 D5=00000000 D6=00000000 D7=00000000 xnZvc
00:05FC  28 7C  MOVE.L  #$00FF8004,A4            A0=00037316 A1=00037324 A2=00FF9364 A3=00FF8002 A4=00FFE3FC A5=00000000 A6=00000000 A7=00FF7F2E D0=00000001 D1=000052B0 D2=00000000 D3=00000000 D4=00000000 D5=00000000 D6=00000000 D7=00000000 xnZvc
00:0602  4A B9  TST.L   ($00FF800A)              A0=00037316 A1=00037324 A2=00FF9364 A3=00FF8002 A4=00FF8004 A5=00000000 A6=00000000 A7=00FF7F2E D0=00000001 D1=000052B0 D2=00000000 D3=00000000 D4=00000000 D5=00000000 D6=00000000 D7=00000000 xnZvc
00:0608  67 0C  BEQ     #$0C [00:0616]           A0=00037316 A1=00037324 A2=00FF9364 A3=00FF8002 A4=00FF8004 A5=00000000 A6=00000000 A7=00FF7F2E D0=00000001 D1=000052B0 D2=00000000 D3=00000000 D4=00000000 D5=00000000 D6=00000000 D7=00000000 xnZvc
00:060A  20 79  MOVE.L  ($00FF800A),A0           A0=0009287C A1=0000A71C A2=00FF9364 A3=00FF8002 A4=00FF8004 A5=00000000 A6=00000000 A7=00FF7F5E D0=00000000 D1=00000088 D2=00000078 D3=00000013 D4=00000010 D5=00000049 D6=00000000 D7=00000000 xnzvc
00:0610  4E 90  JSR     (A0)                     A0=0003A3D0 A1=0000A71C A2=00FF9364 A3=00FF8002 A4=00FF8004 A5=00000000 A6=00000000 A7=00FF7F5E D0=00000000 D1=00000088 D2=00000078 D3=00000013 D4=00000010 D5=00000049 D6=00000000 D7=00000000 xnzvc
00:0612  60 00  BRA     #$023E [00:0852]         A0=00FFFF86 A1=00040156 A2=00FF9364 A3=00FF8002 A4=00FF8004 A5=00000000 A6=00000000 A7=00FF7F5E D0=0000FFFF D1=00000000 D2=00000078 D3=00000013 D4=00000010 D5=00000049 D6=00000000 D7=00000000 xnzvc
00:0616  4A 39  TST.B   ($00FF8012)              A0=00037316 A1=00037324 A2=00FF9364 A3=00FF8002 A4=00FF8004 A5=00000000 A6=00000000 A7=00FF7F2E D0=00000001 D1=000052B0 D2=00000000 D3=00000000 D4=00000000 D5=00000000 D6=00000000 D7=00000000 xnZvc
00:061C  67 00  BEQ     #$01C6 [00:07E4]         A0=00037316 A1=00037324 A2=00FF9364 A3=00FF8002 A4=00FF8004 A5=00000000 A6=00000000 A7=00FF7F2E D0=00000001 D1=000052B0 D2=00000000 D3=00000000 D4=00000000 D5=00000000 D6=00000000 D7=00000000 xnZvc
00:07E4  4A 39  TST.B   ($00FF8018)              A0=00037316 A1=00037324 A2=00FF9364 A3=00FF8002 A4=00FF8004 A5=00000000 A6=00000000 A7=00FF7F2E D0=00000001 D1=000052B0 D2=00000000 D3=00000000 D4=00000000 D5=00000000 D6=00000000 D7=00000000 xnZvc
00:07EA  67 08  BEQ     #$08 [00:07F4]           A0=00037316 A1=00037324 A2=00FF9364 A3=00FF8002 A4=00FF8004 A5=00000000 A6=00000000 A7=00FF7F2E D0=00000001 D1=000052B0 D2=00000000 D3=00000000 D4=00000000 D5=00000000 D6=00000000 D7=00000000 xnZvc
00:07F4  10 39  MOVE.B  ($00FF802C),D0           A0=00037316 A1=00037324 A2=00FF9364 A3=00FF8002 A4=00FF8004 A5=00000000 A6=00000000 A7=00FF7F2E D0=00000001 D1=000052B0 D2=00000000 D3=00000000 D4=00000000 D5=00000000 D6=00000000 D7=00000000 xnZvc
00:07FA  B0 39  CMP.B   ($00FF802A),D0           A0=00037316 A1=00037324 A2=00FF9364 A3=00FF8002 A4=00FF8004 A5=00000000 A6=00000000 A7=00FF7F2E D0=00000000 D1=000052B0 D2=00000000 D3=00000000 D4=00000000 D5=00000000 D6=00000000 D7=00000000 xnZvc
00:0800  67 20  BEQ     #$20 [00:0822]           A0=00037316 A1=00037324 A2=00FF9364 A3=00FF8002 A4=00FF8004 A5=00000000 A6=00000000 A7=00FF7F2E D0=00000000 D1=000052B0 D2=00000000 D3=00000000 D4=00000000 D5=00000000 D6=00000000 D7=00000000 xnZvc
00:0802  10 39  MOVE.B  ($00FF802C),D0           A0=00FFE3A4 A1=000AFAE2 A2=00FF9364 A3=00FF8002 A4=00FF8004 A5=00000000 A6=00000000 A7=00FF7F1A D0=00000006 D1=000042A3 D2=00000000 D3=00000000 D4=00000000 D5=00000000 D6=00000000 D7=00000000 xnzvc
00:0808  48 80  EXT.W   D0                       A0=00FFE3A4 A1=000AFAE2 A2=00FF9364 A3=00FF8002 A4=00FF8004 A5=00000000 A6=00000000 A7=00FF7F1A D0=00000006 D1=000042A3 D2=00000000 D3=00000000 D4=00000000 D5=00000000 D6=00000000 D7=00000000 xnzvc
00:080A  48 C0  EXT.L   D0                       A0=00FFE3A4 A1=000AFAE2 A2=00FF9364 A3=00FF8002 A4=00FF8004 A5=00000000 A6=00000000 A7=00FF7F1A D0=00000006 D1=000042A3 D2=00000000 D3=00000000 D4=00000000 D5=00000000 D6=00000000 D7=00000000 xnzvc
00:080C  2F 00  MOVE.L  D0,-(SP)                 A0=00FFE3A4 A1=000AFAE2 A2=00FF9364 A3=00FF8002 A4=00FF8004 A5=00000000 A6=00000000 A7=00FF7F1A D0=00000006 D1=000042A3 D2=00000000 D3=00000000 D4=00000000 D5=00000000 D6=00000000 D7=00000000 xnzvc
00:080E  4E B9  JSR     ($0003E3FA)              A0=00FFE3A4 A1=000AFAE2 A2=00FF9364 A3=00FF8002 A4=00FF8004 A5=00000000 A6=00000000 A7=00FF7F16 D0=00000006 D1=000042A3 D2=00000000 D3=00000000 D4=00000000 D5=00000000 D6=00000000 D7=00000000 xnzvc
00:0814  58 8F  ADDQ.L  #4,SP                    A0=0003DC62 A1=00FFFF14 A2=00FF9364 A3=00FF8002 A4=00FF8004 A5=00000000 A6=00000000 A7=00FF7F16 D0=0000FFFF D1=0000FFFF D2=00000000 D3=00000000 D4=00000000 D5=00000000 D6=00000000 D7=00000000 xnZvc
00:0816  13 F9  MOVE.B  ($00FF802C),($00FF802A)  A0=0003DC62 A1=00FFFF14 A2=00FF9364 A3=00FF8002 A4=00FF8004 A5=00000000 A6=00000000 A7=00FF7F1A D0=0000FFFF D1=0000FFFF D2=00000000 D3=00000000 D4=00000000 D5=00000000 D6=00000000 D7=00000000 xnZvc
00:0820  60 06  BRA     #$06 [00:0828]           A0=0003DC62 A1=00FFFF14 A2=00FF9364 A3=00FF8002 A4=00FF8004 A5=00000000 A6=00000000 A7=00FF7F1A D0=0000FFFF D1=0000FFFF D2=00000000 D3=00000000 D4=00000000 D5=00000000 D6=00000000 D7=00000000 xnzvc
00:0822  4E B9  JSR     ($0003ECFE)              A0=00037316 A1=00037324 A2=00FF9364 A3=00FF8002 A4=00FF8004 A5=00000000 A6=00000000 A7=00FF7F2E D0=00000000 D1=000052B0 D2=00000000 D3=00000000 D4=00000000 D5=00000000 D6=00000000 D7=00000000 xnZvc
00:0828  08 39  BTST    #0,($00FF800F)           A0=00FFFF86 A1=0004015E A2=00FF9364 A3=00FF8002 A4=00FF8004 A5=00000000 A6=00000000 A7=00FF7F2E D0=0000FFFF D1=00000000 D2=00000000 D3=00000000 D4=00000000 D5=00000000 D6=00000000 D7=00000000 xnZvc
00:0830  67 0E  BEQ     #$0E [00:0840]           A0=00FFFF86 A1=0004015E A2=00FF9364 A3=00FF8002 A4=00FF8004 A5=00000000 A6=00000000 A7=00FF7F2E D0=0000FFFF D1=00000000 D2=00000000 D3=00000000 D4=00000000 D5=00000000 D6=00000000 D7=00000000 xnZvc
00:0832  4E B9  JSR     ($00027006)              A0=00FFFF86 A1=0004015F A2=00FF9364 A3=00FF8002 A4=00FF8004 A5=00000000 A6=00000000 A7=00FF7F1A D0=0000FFFF D1=00000000 D2=00000000 D3=00000000 D4=00000000 D5=00000000 D6=00000000 D7=00000000 xnzvc
00:0838  33 C0  MOVE.W  D0,($00FF8032)           A0=00FFFF86 A1=0004015F A2=00FF9364 A3=00FF8002 A4=00FF8004 A5=00000000 A6=00000000 A7=00FF7F1A D0=00000000 D1=0000FF3F D2=00000000 D3=00000000 D4=00000000 D5=00000000 D6=00000000 D7=00000000 xnZvc
00:083E  60 0C  BRA     #$0C [00:084C]           A0=00FFFF86 A1=0004015F A2=00FF9364 A3=00FF8002 A4=00FF8004 A5=00000000 A6=00000000 A7=00FF7F1A D0=00000000 D1=0000FF3F D2=00000000 D3=00000000 D4=00000000 D5=00000000 D6=00000000 D7=00000000 xnZvc
00:0840  4E B9  JSR     ($0002706C)              A0=00FFFF86 A1=0004015F A2=00FF9364 A3=00FF8002 A4=00FF8004 A5=00000000 A6=00000000 A7=00FF7F2E D0=0000FFFF D1=00000000 D2=00000000 D3=00000000 D4=00000000 D5=00000000 D6=00000000 D7=00000000 xnZvc
00:0846  33 C0  MOVE.W  D0,($00FF8034)           A0=00FFFF86 A1=0004015F A2=00FF9364 A3=00FF8002 A4=00FF8004 A5=00000000 A6=00000000 A7=00FF7F2E D0=00000000 D1=0000FF3F D2=00000000 D3=00000000 D4=00000000 D5=00000000 D6=00000000 D7=00000000 xnZvc
00:084C  52 79  ADDQ.W  #1,($00FF800E)           A0=00FFFF86 A1=0004015E A2=00FF9364 A3=00FF8002 A4=00FF8004 A5=00000000 A6=00000000 A7=00FF7F2E D0=00000000 D1=0000FF3F D2=00000000 D3=00000000 D4=00000000 D5=00000000 D6=00000000 D7=00000000 xnZvc
00:0852  4C DF  MOVEM.L (SP)+,{a7-d0}[1c 00]     A0=00FFFF86 A1=0004015E A2=00FF9364 A3=00FF8002 A4=00FF8004 A5=00000000 A6=00000000 A7=00FF7F2E D0=00000000 D1=0000FF3F D2=00000000 D3=00000000 D4=00000000 D5=00000000 D6=00000000 D7=00000000 xnzvc
00:0856  4E 75  RTS                              A0=00FFFF86 A1=0004015E A2=00FFE39E A3=00FFE3A0 A4=00FFE3FC A5=00000000 A6=00000000 A7=00FF7F3A D0=00000000 D1=0000FF3F D2=00000000 D3=00000000 D4=00000000 D5=00000000 D6=00000000 D7=00000000 xnzvc

00:11CA  30 2F  MOVE.W  $0006(SP),D0             A0=00A00005 A1=00FFFF14 A2=00A00005 A3=000011CA A4=00026FDA A5=00000000 A6=00000000 A7=00FF7FC0 D0=00000000 D1=40000080 D2=00000000 D3=00000000 D4=00000000 D5=00000000 D6=00000000 D7=00000000 xnzvc
00:11CE  60 02  BRA     #$02 [00:11D2]           A0=00A00005 A1=00FFFF14 A2=00A00005 A3=000011CA A4=00026FDA A5=00000000 A6=00000000 A7=00FF7FC0 D0=0000000A D1=40000080 D2=00000000 D3=00000000 D4=00000000 D5=00000000 D6=00000000 D7=00000000 xnzvc
00:11D0  53 40  SUBQ.W  #1,D0                    A0=00A00005 A1=00FFFF14 A2=00A00005 A3=000011CA A4=00026FDA A5=00000000 A6=00000000 A7=00FF7FC0 D0=00000001 D1=40000080 D2=00000000 D3=00000000 D4=00000000 D5=00000000 D6=00000000 D7=00000000 xnzvc
00:11D2  4A 40  TST.W   D0                       A0=00A00005 A1=00FFFF14 A2=00A00005 A3=000011CA A4=00026FDA A5=00000000 A6=00000000 A7=00FF7FC0 D0=00000002 D1=40000080 D2=00000000 D3=00000000 D4=00000000 D5=00000000 D6=00000000 D7=00000000 xnzvc
00:11D4  66 FA  BNE     #$FA [00:11D0]           A0=00A00005 A1=00FFFF14 A2=00A00005 A3=000011CA A4=00026FDA A5=00000000 A6=00000000 A7=00FF7FC0 D0=00000002 D1=40000080 D2=00000000 D3=00000000 D4=00000000 D5=00000000 D6=00000000 D7=00000000 xnzvc
00:11D6  4E 75  RTS                              A0=00A00005 A1=00FFFF14 A2=00A00005 A3=000011CA A4=00026FDA A5=00000000 A6=00000000 A7=00FF7FC0 D0=00000000 D1=40000080 D2=00000000 D3=00000000 D4=00000000 D5=00000000 D6=00000000 D7=00000000 xnZvc

00:11D8  48 E7  MOVEM.L {d0-a7}[20 30],-(SP)     A0=0003D70A A1=00FFFF14 A2=00026F76 A3=00FF8000 A4=00026FDA A5=00000000 A6=00000000 A7=00FF7FD4 D0=0000FFFF D1=40000080 D2=00000000 D3=00000000 D4=00000000 D5=00000000 D6=00000000 D7=00000000 xnZvc
00:11DC  24 7C  MOVE.L  #$00A00000,A2            A0=0003D70A A1=00FFFF14 A2=00026F76 A3=00FF8000 A4=00026FDA A5=00000000 A6=00000000 A7=00FF7FC8 D0=0000FFFF D1=40000080 D2=00000000 D3=00000000 D4=00000000 D5=00000000 D6=00000000 D7=00000000 xnZvc
00:11E2  42 42  CLR.W   D2                       A0=0003D70A A1=00FFFF14 A2=00A00000 A3=00FF8000 A4=00026FDA A5=00000000 A6=00000000 A7=00FF7FC8 D0=0000FFFF D1=40000080 D2=00000000 D3=00000000 D4=00000000 D5=00000000 D6=00000000 D7=00000000 xnZvc
00:11E4  26 7C  MOVE.L  #$000011CA,A3            A0=0003D70A A1=00FFFF14 A2=00A00000 A3=00FF8000 A4=00026FDA A5=00000000 A6=00000000 A7=00FF7FC8 D0=0000FFFF D1=40000080 D2=00000000 D3=00000000 D4=00000000 D5=00000000 D6=00000000 D7=00000000 xnZvc
00:11EA  33 C2  MOVE.W  D2,($00A11200)           A0=0003D70A A1=00FFFF14 A2=00A00000 A3=000011CA A4=00026FDA A5=00000000 A6=00000000 A7=00FF7FC8 D0=0000FFFF D1=40000080 D2=00000000 D3=00000000 D4=00000000 D5=00000000 D6=00000000 D7=00000000 xnZvc
00:11F0  48 78  PEA     ($000A)                  A0=0003D70A A1=00FFFF14 A2=00A00000 A3=000011CA A4=00026FDA A5=00000000 A6=00000000 A7=00FF7FC8 D0=0000FFFF D1=40000080 D2=00000000 D3=00000000 D4=00000000 D5=00000000 D6=00000000 D7=00000000 xnZvc
00:11F4  4E 93  JSR     (A3)                     A0=0003D70A A1=00FFFF14 A2=00A00000 A3=000011CA A4=00026FDA A5=00000000 A6=00000000 A7=00FF7FC4 D0=0000FFFF D1=40000080 D2=00000000 D3=00000000 D4=00000000 D5=00000000 D6=00000000 D7=00000000 xnZvc
00:11F6  58 8F  ADDQ.L  #4,SP                    A0=0003D70A A1=00FFFF14 A2=00A00000 A3=000011CA A4=00026FDA A5=00000000 A6=00000000 A7=00FF7FC4 D0=00000000 D1=40000080 D2=00000000 D3=00000000 D4=00000000 D5=00000000 D6=00000000 D7=00000000 xnZvc
00:11F8  33 FC  MOVE.W  #$0100,($00A11100)       A0=0003D70A A1=00FFFF14 A2=00A00000 A3=000011CA A4=00026FDA A5=00000000 A6=00000000 A7=00FF7FC8 D0=00000000 D1=40000080 D2=00000000 D3=00000000 D4=00000000 D5=00000000 D6=00000000 D7=00000000 xnZvc
00:1200  48 78  PEA     ($000A)                  A0=0003D70A A1=00FFFF14 A2=00A00000 A3=000011CA A4=00026FDA A5=00000000 A6=00000000 A7=00FF7FC8 D0=00000000 D1=40000080 D2=00000000 D3=00000000 D4=00000000 D5=00000000 D6=00000000 D7=00000000 xnzvc
00:1204  4E 93  JSR     (A3)                     A0=0003D70A A1=00FFFF14 A2=00A00000 A3=000011CA A4=00026FDA A5=00000000 A6=00000000 A7=00FF7FC4 D0=00000000 D1=40000080 D2=00000000 D3=00000000 D4=00000000 D5=00000000 D6=00000000 D7=00000000 xnzvc
00:1206  58 8F  ADDQ.L  #4,SP                    A0=0003D70A A1=00FFFF14 A2=00A00000 A3=000011CA A4=00026FDA A5=00000000 A6=00000000 A7=00FF7FC4 D0=00000000 D1=40000080 D2=00000000 D3=00000000 D4=00000000 D5=00000000 D6=00000000 D7=00000000 xnZvc
00:1208  33 FC  MOVE.W  #$0100,($00A11200)       A0=0003D70A A1=00FFFF14 A2=00A00000 A3=000011CA A4=00026FDA A5=00000000 A6=00000000 A7=00FF7FC8 D0=00000000 D1=40000080 D2=00000000 D3=00000000 D4=00000000 D5=00000000 D6=00000000 D7=00000000 xnZvc
00:1210  48 78  PEA     ($000A)                  A0=0003D70A A1=00FFFF14 A2=00A00000 A3=000011CA A4=00026FDA A5=00000000 A6=00000000 A7=00FF7FC8 D0=00000000 D1=40000080 D2=00000000 D3=00000000 D4=00000000 D5=00000000 D6=00000000 D7=00000000 xnzvc
00:1214  4E 93  JSR     (A3)                     A0=0003D70A A1=00FFFF14 A2=00A00000 A3=000011CA A4=00026FDA A5=00000000 A6=00000000 A7=00FF7FC4 D0=00000000 D1=40000080 D2=00000000 D3=00000000 D4=00000000 D5=00000000 D6=00000000 D7=00000000 xnzvc
00:1216  58 8F  ADDQ.L  #4,SP                    A0=0003D70A A1=00FFFF14 A2=00A00000 A3=000011CA A4=00026FDA A5=00000000 A6=00000000 A7=00FF7FC4 D0=00000000 D1=40000080 D2=00000000 D3=00000000 D4=00000000 D5=00000000 D6=00000000 D7=00000000 xnZvc
00:1218  14 FC  MOVE.B  #$ED,(A2)+               A0=0003D70A A1=00FFFF14 A2=00A00000 A3=000011CA A4=00026FDA A5=00000000 A6=00000000 A7=00FF7FC8 D0=00000000 D1=40000080 D2=00000000 D3=00000000 D4=00000000 D5=00000000 D6=00000000 D7=00000000 xnZvc
00:121C  14 FC  MOVE.B  #$56,(A2)+               A0=0003D70A A1=00FFFF14 A2=00A00001 A3=000011CA A4=00026FDA A5=00000000 A6=00000000 A7=00FF7FC8 D0=00000000 D1=40000080 D2=00000000 D3=00000000 D4=00000000 D5=00000000 D6=00000000 D7=00000000 xNzvc
00:1220  14 FC  MOVE.B  #$F3,(A2)+               A0=0003D70A A1=00FFFF14 A2=00A00002 A3=000011CA A4=00026FDA A5=00000000 A6=00000000 A7=00FF7FC8 D0=00000000 D1=40000080 D2=00000000 D3=00000000 D4=00000000 D5=00000000 D6=00000000 D7=00000000 xnzvc
00:1224  14 FC  MOVE.B  #$C3,(A2)+               A0=0003D70A A1=00FFFF14 A2=00A00003 A3=000011CA A4=00026FDA A5=00000000 A6=00000000 A7=00FF7FC8 D0=00000000 D1=40000080 D2=00000000 D3=00000000 D4=00000000 D5=00000000 D6=00000000 D7=00000000 xNzvc
00:1228  14 FC  MOVE.B  #$03,(A2)+               A0=0003D70A A1=00FFFF14 A2=00A00004 A3=000011CA A4=00026FDA A5=00000000 A6=00000000 A7=00FF7FC8 D0=00000000 D1=40000080 D2=00000000 D3=00000000 D4=00000000 D5=00000000 D6=00000000 D7=00000000 xNzvc
00:122C  20 4A  MOVE.L  A2,A0                    A0=0003D70A A1=00FFFF14 A2=00A00005 A3=000011CA A4=00026FDA A5=00000000 A6=00000000 A7=00FF7FC8 D0=00000000 D1=40000080 D2=00000000 D3=00000000 D4=00000000 D5=00000000 D6=00000000 D7=00000000 xnzvc
00:122E  10 82  MOVE.B  D2,(A0)                  A0=00A00005 A1=00FFFF14 A2=00A00005 A3=000011CA A4=00026FDA A5=00000000 A6=00000000 A7=00FF7FC8 D0=00000000 D1=40000080 D2=00000000 D3=00000000 D4=00000000 D5=00000000 D6=00000000 D7=00000000 xnzvc
00:1230  33 C2  MOVE.W  D2,($00A11200)           A0=00A00005 A1=00FFFF14 A2=00A00005 A3=000011CA A4=00026FDA A5=00000000 A6=00000000 A7=00FF7FC8 D0=00000000 D1=40000080 D2=00000000 D3=00000000 D4=00000000 D5=00000000 D6=00000000 D7=00000000 xnZvc
00:1236  48 78  PEA     ($000A)                  A0=00A00005 A1=00FFFF14 A2=00A00005 A3=000011CA A4=00026FDA A5=00000000 A6=00000000 A7=00FF7FC8 D0=00000000 D1=40000080 D2=00000000 D3=00000000 D4=00000000 D5=00000000 D6=00000000 D7=00000000 xnZvc
00:123A  4E 93  JSR     (A3)                     A0=00A00005 A1=00FFFF14 A2=00A00005 A3=000011CA A4=00026FDA A5=00000000 A6=00000000 A7=00FF7FC4 D0=00000000 D1=40000080 D2=00000000 D3=00000000 D4=00000000 D5=00000000 D6=00000000 D7=00000000 xnZvc
00:123C  58 8F  ADDQ.L  #4,SP                    A0=00A00005 A1=00FFFF14 A2=00A00005 A3=000011CA A4=00026FDA A5=00000000 A6=00000000 A7=00FF7FC4 D0=00000000 D1=40000080 D2=00000000 D3=00000000 D4=00000000 D5=00000000 D6=00000000 D7=00000000 xnZvc
00:123E  33 C2  MOVE.W  D2,($00A11100)           A0=00A00005 A1=00FFFF14 A2=00A00005 A3=000011CA A4=00026FDA A5=00000000 A6=00000000 A7=00FF7FC8 D0=00000000 D1=40000080 D2=00000000 D3=00000000 D4=00000000 D5=00000000 D6=00000000 D7=00000000 xnZvc
00:1244  48 78  PEA     ($000A)                  A0=00A00005 A1=00FFFF14 A2=00A00005 A3=000011CA A4=00026FDA A5=00000000 A6=00000000 A7=00FF7FC8 D0=00000000 D1=40000080 D2=00000000 D3=00000000 D4=00000000 D5=00000000 D6=00000000 D7=00000000 xnZvc
00:1248  4E 93  JSR     (A3)                     A0=00A00005 A1=00FFFF14 A2=00A00005 A3=000011CA A4=00026FDA A5=00000000 A6=00000000 A7=00FF7FC4 D0=00000000 D1=40000080 D2=00000000 D3=00000000 D4=00000000 D5=00000000 D6=00000000 D7=00000000 xnZvc
00:124A  58 8F  ADDQ.L  #4,SP                    A0=00A00005 A1=00FFFF14 A2=00A00005 A3=000011CA A4=00026FDA A5=00000000 A6=00000000 A7=00FF7FC4 D0=00000000 D1=40000080 D2=00000000 D3=00000000 D4=00000000 D5=00000000 D6=00000000 D7=00000000 xnZvc
00:124C  33 FC  MOVE.W  #$0100,($00A11200)       A0=00A00005 A1=00FFFF14 A2=00A00005 A3=000011CA A4=00026FDA A5=00000000 A6=00000000 A7=00FF7FC8 D0=00000000 D1=40000080 D2=00000000 D3=00000000 D4=00000000 D5=00000000 D6=00000000 D7=00000000 xnZvc
00:1254  48 78  PEA     ($000A)                  A0=00A00005 A1=00FFFF14 A2=00A00005 A3=000011CA A4=00026FDA A5=00000000 A6=00000000 A7=00FF7FC8 D0=00000000 D1=40000080 D2=00000000 D3=00000000 D4=00000000 D5=00000000 D6=00000000 D7=00000000 xnzvc
00:1258  4E 93  JSR     (A3)                     A0=00A00005 A1=00FFFF14 A2=00A00005 A3=000011CA A4=00026FDA A5=00000000 A6=00000000 A7=00FF7FC4 D0=00000000 D1=40000080 D2=00000000 D3=00000000 D4=00000000 D5=00000000 D6=00000000 D7=00000000 xnzvc
00:125A  58 8F  ADDQ.L  #4,SP                    A0=00A00005 A1=00FFFF14 A2=00A00005 A3=000011CA A4=00026FDA A5=00000000 A6=00000000 A7=00FF7FC4 D0=00000000 D1=40000080 D2=00000000 D3=00000000 D4=00000000 D5=00000000 D6=00000000 D7=00000000 xnZvc
00:125C  4C DF  MOVEM.L (SP)+,{a7-d0}[0c 04]     A0=00A00005 A1=00FFFF14 A2=00A00005 A3=000011CA A4=00026FDA A5=00000000 A6=00000000 A7=00FF7FC8 D0=00000000 D1=40000080 D2=00000000 D3=00000000 D4=00000000 D5=00000000 D6=00000000 D7=00000000 xnZvc
00:1260  4E 75  RTS                              A0=00A00005 A1=00FFFF14 A2=00026F76 A3=00FF8000 A4=00026FDA A5=00000000 A6=00000000 A7=00FF7FD4 D0=00000000 D1=40000080 D2=00000000 D3=00000000 D4=00000000 D5=00000000 D6=00000000 D7=00000000 xnZvc

00:1286  48 E7  MOVEM.L {d0-a7}[30 38],-(SP)     A0=01000000 A1=00000000 A2=00000000 A3=00000000 A4=00000000 A5=00000000 A6=00000000 A7=00FF7FF8 D0=0000FFFF D1=00000000 D2=00000000 D3=00000000 D4=00000000 D5=00000000 D6=00000000 D7=00000000 xNzvc
00:128A  24 7C  MOVE.L  #$00026F76,A2            A0=01000000 A1=00000000 A2=00000000 A3=00000000 A4=00000000 A5=00000000 A6=00000000 A7=00FF7FE4 D0=0000FFFF D1=00000000 D2=00000000 D3=00000000 D4=00000000 D5=00000000 D6=00000000 D7=00000000 xNzvc
00:1290  26 7C  MOVE.L  #$00FF8000,A3            A0=01000000 A1=00000000 A2=00026F76 A3=00000000 A4=00000000 A5=00000000 A6=00000000 A7=00FF7FE4 D0=0000FFFF D1=00000000 D2=00000000 D3=00000000 D4=00000000 D5=00000000 D6=00000000 D7=00000000 xNzvc
00:1296  28 7C  MOVE.L  #$00026FDA,A4            A0=01000000 A1=00000000 A2=00026F76 A3=00FF8000 A4=00000000 A5=00000000 A6=00000000 A7=00FF7FE4 D0=0000FFFF D1=00000000 D2=00000000 D3=00000000 D4=00000000 D5=00000000 D6=00000000 D7=00000000 xNzvc
00:129C  16 BC  MOVE.B  #$60,(A3)                A0=01000000 A1=00000000 A2=00026F76 A3=00FF8000 A4=00026FDA A5=00000000 A6=00000000 A7=00FF7FE4 D0=0000FFFF D1=00000000 D2=00000000 D3=00000000 D4=00000000 D5=00000000 D6=00000000 D7=00000000 xNzvc
00:12A0  4E BA  JSR     $F2AA(PC)                A0=01000000 A1=00000000 A2=00026F76 A3=00FF8000 A4=00026FDA A5=00000000 A6=00000000 A7=00FF7FE4 D0=0000FFFF D1=00000000 D2=00000000 D3=00000000 D4=00000000 D5=00000000 D6=00000000 D7=00000000 xnzvc
00:12A4  48 78  PEA     ($0001)                  A0=01000000 A1=00000000 A2=00026F76 A3=00FF8000 A4=00026FDA A5=00000000 A6=00000000 A7=00FF7FE4 D0=0000FFFF D1=00000000 D2=00000000 D3=00000000 D4=00000000 D5=00000000 D6=00000000 D7=00000000 xnZvc
00:12A8  42 A7  CLR.L   -(SP)                    A0=01000000 A1=00000000 A2=00026F76 A3=00FF8000 A4=00026FDA A5=00000000 A6=00000000 A7=00FF7FE0 D0=0000FFFF D1=00000000 D2=00000000 D3=00000000 D4=00000000 D5=00000000 D6=00000000 D7=00000000 xnZvc
00:12AA  48 79  PEA     ($00FF800E)              A0=01000000 A1=00000000 A2=00026F76 A3=00FF8000 A4=00026FDA A5=00000000 A6=00000000 A7=00FF7FDC D0=0000FFFF D1=00000000 D2=00000000 D3=00000000 D4=00000000 D5=00000000 D6=00000000 D7=00000000 xnZvc
00:12B0  4E B9  JSR     ($00025900)              A0=01000000 A1=00000000 A2=00026F76 A3=00FF8000 A4=00026FDA A5=00000000 A6=00000000 A7=00FF7FD8 D0=0000FFFF D1=00000000 D2=00000000 D3=00000000 D4=00000000 D5=00000000 D6=00000000 D7=00000000 xnZvc
00:12B6  4E B9  JSR     ($0003E384)              A0=01000000 A1=00000000 A2=00026F76 A3=00FF8000 A4=00026FDA A5=00000000 A6=00000000 A7=00FF7FD8 D0=40000080 D1=40000080 D2=00000000 D3=00000000 D4=00000000 D5=00000000 D6=00000000 D7=00000000 xnzvc
00:12BC  4E BA  JSR     $FF1A(PC)                A0=0003D70A A1=00FFFF14 A2=00026F76 A3=00FF8000 A4=00026FDA A5=00000000 A6=00000000 A7=00FF7FD8 D0=0000FFFF D1=40000080 D2=00000000 D3=00000000 D4=00000000 D5=00000000 D6=00000000 D7=00000000 xnZvc
00:12C0  4E B9  JSR     ($0003F50A)              A0=00A00005 A1=00FFFF14 A2=00026F76 A3=00FF8000 A4=00026FDA A5=00000000 A6=00000000 A7=00FF7FD8 D0=00000000 D1=40000080 D2=00000000 D3=00000000 D4=00000000 D5=00000000 D6=00000000 D7=00000000 xnZvc
00:12C6  4E B9  JSR     ($0003ECFE)              A0=0003F509 A1=00A0050F A2=00026F76 A3=00FF8000 A4=00026FDA A5=00000000 A6=00000000 A7=00FF7FD8 D0=3FFF01FF D1=400080FF D2=00000000 D3=00000000 D4=00000000 D5=00000000 D6=00000000 D7=00000000 xnzvc
00:12CC  4E B9  JSR     ($00000328)              A0=00FFFF86 A1=00040156 A2=00026F76 A3=00FF8000 A4=00026FDA A5=00000000 A6=00000000 A7=00FF7FD8 D0=3FFFFFFF D1=00000000 D2=00000000 D3=00000000 D4=00000000 D5=00000000 D6=00000000 D7=00000000 xnZvc
00:12D2  48 78  PEA     ($0001)                  A0=00FFFF86 A1=00040156 A2=00026F76 A3=00FF8000 A4=00026FDA A5=00000000 A6=00000000 A7=00FF7FD8 D0=3FFFFFFF D1=00000000 D2=00000000 D3=00000000 D4=00000000 D5=00000000 D6=00000000 D7=00000000 xnZvc
00:12D6  4E BA  JSR     $F2A0(PC)                A0=00FFFF86 A1=00040156 A2=00026F76 A3=00FF8000 A4=00026FDA A5=00000000 A6=00000000 A7=00FF7FD4 D0=3FFFFFFF D1=00000000 D2=00000000 D3=00000000 D4=00000000 D5=00000000 D6=00000000 D7=00000000 xnZvc
00:12DA  02 13  ANDI.B  #$3C,(A3)                A0=00FFFF86 A1=00040156 A2=00026F76 A3=00FF8000 A4=00026FDA A5=00000000 A6=00000000 A7=00FF7FD4 D0=3FFF0000 D1=00000001 D2=00000000 D3=00000000 D4=00000000 D5=00000000 D6=00000000 D7=00000000 xnZvc
00:12DE  70 00  MOVEQ   #$00,D0                  A0=00FFFF86 A1=00040156 A2=00026F76 A3=00FF8000 A4=00026FDA A5=00000000 A6=00000000 A7=00FF7FD4 D0=3FFF0000 D1=00000001 D2=00000000 D3=00000000 D4=00000000 D5=00000000 D6=00000000 D7=00000000 xnzvc
00:12E0  10 13  MOVE.B  (A3),D0                  A0=00FFFF86 A1=00040156 A2=00026F76 A3=00FF8000 A4=00026FDA A5=00000000 A6=00000000 A7=00FF7FD4 D0=00000000 D1=00000001 D2=00000000 D3=00000000 D4=00000000 D5=00000000 D6=00000000 D7=00000000 xnZvc
00:12E2  00 80  ORI.L   #$00008104,D0            A0=00FFFF86 A1=00040156 A2=00026F76 A3=00FF8000 A4=00026FDA A5=00000000 A6=00000000 A7=00FF7FD4 D0=00000020 D1=00000001 D2=00000000 D3=00000000 D4=00000000 D5=00000000 D6=00000000 D7=00000000 xnzvc
00:12E8  4F EF  LEA     $0010(SP),A7             A0=00FFFF86 A1=00040156 A2=00026F76 A3=00FF8000 A4=00026FDA A5=00000000 A6=00000000 A7=00FF7FD4 D0=00008124 D1=00000001 D2=00000000 D3=00000000 D4=00000000 D5=00000000 D6=00000000 D7=00000000 xnzvc
00:12EC  33 C0  MOVE.W  D0,($00C00004)           A0=00FFFF86 A1=00040156 A2=00026F76 A3=00FF8000 A4=00026FDA A5=00000000 A6=00000000 A7=00FF7FE4 D0=00008124 D1=00000001 D2=00000000 D3=00000000 D4=00000000 D5=00000000 D6=00000000 D7=00000000 xnzvc
00:12F2  48 78  PEA     ($3039)                  A0=00FFFF86 A1=00040156 A2=00026F76 A3=00FF8000 A4=00026FDA A5=00000000 A6=00000000 A7=00FF7FE4 D0=00008124 D1=00000001 D2=00000000 D3=00000000 D4=00000000 D5=00000000 D6=00000000 D7=00000000 xNzvc
00:12F6  4E B9  JSR     ($00004EE8)              A0=00FFFF86 A1=00040156 A2=00026F76 A3=00FF8000 A4=00026FDA A5=00000000 A6=00000000 A7=00FF7FE0 D0=00008124 D1=00000001 D2=00000000 D3=00000000 D4=00000000 D5=00000000 D6=00000000 D7=00000000 xNzvc
00:12FC  4E B9  JSR     ($00004F16)              A0=00FFFF86 A1=00040156 A2=00026F76 A3=00FF8000 A4=00026FDA A5=00000000 A6=00000000 A7=00FF7FE0 D0=00000000 D1=00000000 D2=00000000 D3=00000000 D4=00000000 D5=00000000 D6=00000000 D7=00000000 xnZvc
00:1302  4E B9  JSR     ($00026F04)              A0=019C454C A1=17E2632E A2=00026F76 A3=00FF8000 A4=00026FDA A5=00000000 A6=00000000 A7=00FF7FE0 D0=00001DE2 D1=25371DE2 D2=00000000 D3=00000000 D4=00000000 D5=00000000 D6=00000000 D7=00000000 xnzvc
00:1308  4E B9  JSR     ($00026EE8)              A0=019C454C A1=17E2632E A2=00026F76 A3=00FF8000 A4=00026FDA A5=00000000 A6=00000000 A7=00FF7FE0 D0=0000FFFF D1=25371DE2 D2=00000000 D3=00000000 D4=00000000 D5=00000000 D6=00000000 D7=00000000 xnZvc
00:130E  4E B9  JSR     ($00026ECC)              A0=019C454C A1=17E2632E A2=00026F76 A3=00FF8000 A4=00026FDA A5=00000000 A6=00000000 A7=00FF7FE0 D0=0000FFFF D1=25371DE2 D2=00000000 D3=00000000 D4=00000000 D5=00000000 D6=00000000 D7=00000000 xnZvc
00:1314  58 8F  ADDQ.L  #4,SP                    A0=019C454C A1=17E2632E A2=00026F76 A3=00FF8000 A4=00026FDA A5=00000000 A6=00000000 A7=00FF7FE0 D0=0000FFFF D1=25371DE2 D2=00000000 D3=00000000 D4=00000000 D5=00000000 D6=00000000 D7=00000000 xnZvc
00:1316  23 FC  MOVE.L  #$70000002,($00C00004)   A0=019C454C A1=17E2632E A2=00026F76 A3=00FF8000 A4=00026FDA A5=00000000 A6=00000000 A7=00FF7FE4 D0=0000FFFF D1=25371DE2 D2=00000000 D3=00000000 D4=00000000 D5=00000000 D6=00000000 D7=00000000 xnZvc
00:1320  30 39  MOVE.W  ($000A839C),D0           A0=019C454C A1=17E2632E A2=00026F76 A3=00FF8000 A4=00026FDA A5=00000000 A6=00000000 A7=00FF7FE4 D0=0000FFFF D1=25371DE2 D2=00000000 D3=00000000 D4=00000000 D5=00000000 D6=00000000 D7=00000000 xnzvc
00:1326  48 C0  EXT.L   D0                       A0=019C454C A1=17E2632E A2=00026F76 A3=00FF8000 A4=00026FDA A5=00000000 A6=00000000 A7=00FF7FE4 D0=0000006F D1=25371DE2 D2=00000000 D3=00000000 D4=00000000 D5=00000000 D6=00000000 D7=00000000 xnzvc
00:1328  E9 80  ASL.L   #4,D0                    A0=019C454C A1=17E2632E A2=00026F76 A3=00FF8000 A4=00026FDA A5=00000000 A6=00000000 A7=00FF7FE4 D0=0000006F D1=25371DE2 D2=00000000 D3=00000000 D4=00000000 D5=00000000 D6=00000000 D7=00000000 xnzvc
00:132A  2F 00  MOVE.L  D0,-(SP)                 A0=019C454C A1=17E2632E A2=00026F76 A3=00FF8000 A4=00026FDA A5=00000000 A6=00000000 A7=00FF7FE4 D0=000006F0 D1=25371DE2 D2=00000000 D3=00000000 D4=00000000 D5=00000000 D6=00000000 D7=00000000 xnzvc
00:132C  48 79  PEA     ($000A839E)              A0=019C454C A1=17E2632E A2=00026F76 A3=00FF8000 A4=00026FDA A5=00000000 A6=00000000 A7=00FF7FE0 D0=000006F0 D1=25371DE2 D2=00000000 D3=00000000 D4=00000000 D5=00000000 D6=00000000 D7=00000000 xnzvc
00:1332  4E 92  JSR     (A2)                     A0=019C454C A1=17E2632E A2=00026F76 A3=00FF8000 A4=00026FDA A5=00000000 A6=00000000 A7=00FF7FDC D0=000006F0 D1=25371DE2 D2=00000000 D3=00000000 D4=00000000 D5=00000000 D6=00000000 D7=00000000 xnzvc
00:1334  50 8F  ADDQ.L  #8,SP                    A0=000A917E A1=17E2632E A2=00026F76 A3=00FF8000 A4=00026FDA A5=00000000 A6=00000000 A7=00FF7FDC D0=0000FFFF D1=25371DE2 D2=00000000 D3=00000000 D4=00000000 D5=00000000 D6=00000000 D7=00000000 xNzvc
00:1336  23 FC  MOVE.L  #$40000001,($00C00004)   A0=000A917E A1=17E2632E A2=00026F76 A3=00FF8000 A4=00026FDA A5=00000000 A6=00000000 A7=00FF7FE4 D0=0000FFFF D1=25371DE2 D2=00000000 D3=00000000 D4=00000000 D5=00000000 D6=00000000 D7=00000000 xNzvc
00:1340  30 39  MOVE.W  ($000A783A),D0           A0=000A917E A1=17E2632E A2=00026F76 A3=00FF8000 A4=00026FDA A5=00000000 A6=00000000 A7=00FF7FE4 D0=0000FFFF D1=25371DE2 D2=00000000 D3=00000000 D4=00000000 D5=00000000 D6=00000000 D7=00000000 xnzvc
00:1346  48 C0  EXT.L   D0                       A0=000A917E A1=17E2632E A2=00026F76 A3=00FF8000 A4=00026FDA A5=00000000 A6=00000000 A7=00FF7FE4 D0=00000033 D1=25371DE2 D2=00000000 D3=00000000 D4=00000000 D5=00000000 D6=00000000 D7=00000000 xnzvc
00:1348  E9 80  ASL.L   #4,D0                    A0=000A917E A1=17E2632E A2=00026F76 A3=00FF8000 A4=00026FDA A5=00000000 A6=00000000 A7=00FF7FE4 D0=00000033 D1=25371DE2 D2=00000000 D3=00000000 D4=00000000 D5=00000000 D6=00000000 D7=00000000 xnzvc
00:134A  2F 00  MOVE.L  D0,-(SP)                 A0=000A917E A1=17E2632E A2=00026F76 A3=00FF8000 A4=00026FDA A5=00000000 A6=00000000 A7=00FF7FE4 D0=00000330 D1=25371DE2 D2=00000000 D3=00000000 D4=00000000 D5=00000000 D6=00000000 D7=00000000 xnzvc
00:134C  48 79  PEA     ($000A783C)              A0=000A917E A1=17E2632E A2=00026F76 A3=00FF8000 A4=00026FDA A5=00000000 A6=00000000 A7=00FF7FE0 D0=00000330 D1=25371DE2 D2=00000000 D3=00000000 D4=00000000 D5=00000000 D6=00000000 D7=00000000 xnzvc
00:1352  4E 92  JSR     (A2)                     A0=000A917E A1=17E2632E A2=00026F76 A3=00FF8000 A4=00026FDA A5=00000000 A6=00000000 A7=00FF7FDC D0=00000330 D1=25371DE2 D2=00000000 D3=00000000 D4=00000000 D5=00000000 D6=00000000 D7=00000000 xnzvc
00:1354  4E B9  JSR     ($00008B88)              A0=000A7E9C A1=17E2632E A2=00026F76 A3=00FF8000 A4=00026FDA A5=00000000 A6=00000000 A7=00FF7FDC D0=0000FFFF D1=25371DE2 D2=00000000 D3=00000000 D4=00000000 D5=00000000 D6=00000000 D7=00000000 xNzvc
00:135A  4E B9  JSR     ($0000D1A4)              A0=000A917E A1=00FFA248 A2=00026F76 A3=00FF8000 A4=00026FDA A5=00000000 A6=00000000 A7=00FF7FDC D0=000001D8 D1=25370002 D2=00000000 D3=00000000 D4=00000000 D5=00000000 D6=00000000 D7=00000000 xnZvc
00:1360  4E B9  JSR     ($00027AD6)              A0=00FFB65A A1=00FFA248 A2=00026F76 A3=00FF8000 A4=00026FDA A5=00000000 A6=00000000 A7=00FF7FDC D0=00000028 D1=25370002 D2=00000000 D3=00000000 D4=00000000 D5=00000000 D6=00000000 D7=00000000 xnZvc
00:4E7E  48 E7  MOVEM.L {d0-a7}[30 20],-(SP)     A0=02073E6C A1=031DD471 A2=00004E7E A3=00FFE3FC A4=00FF8000 A5=00000000 A6=00000000 A7=00FF7F84 D0=00009605 D1=2EDF9605 D2=00000001 D3=0000002A D4=0000001F D5=00000000 D6=00000000 D7=00000000 xnzvc
00:4E82  24 7C  MOVE.L  #$00FF91E2,A2            A0=02073E6C A1=031DD471 A2=00004E7E A3=00FFE3FC A4=00FF8000 A5=00000000 A6=00000000 A7=00FF7F78 D0=00009605 D1=2EDF9605 D2=00000001 D3=0000002A D4=0000001F D5=00000000 D6=00000000 D7=00000000 xnzvc
00:4E88  22 3C  MOVE.L  #$0001F31D,D1            A0=02073E6C A1=031DD471 A2=00FF91E2 A3=00FFE3FC A4=00FF8000 A5=00000000 A6=00000000 A7=00FF7F78 D0=00009605 D1=2EDF9605 D2=00000001 D3=0000002A D4=0000001F D5=00000000 D6=00000000 D7=00000000 xnzvc
00:4E8E  20 12  MOVE.L  (A2),D0                  A0=02073E6C A1=031DD471 A2=00FF91E2 A3=00FFE3FC A4=00FF8000 A5=00000000 A6=00000000 A7=00FF7F78 D0=00009605 D1=0001F31D D2=00000001 D3=0000002A D4=0000001F D5=00000000 D6=00000000 D7=00000000 xnzvc
00:4E90  4E B9  JSR     ($0002713A)              A0=02073E6C A1=031DD471 A2=00FF91E2 A3=00FFE3FC A4=00FF8000 A5=00000000 A6=00000000 A7=00FF7F78 D0=01169605 D1=0001F31D D2=00000001 D3=0000002A D4=0000001F D5=00000000 D6=00000000 D7=00000000 xnzvc
00:4E96  26 00  MOVE.L  D0,D3                    A0=00000000 A1=0001F31D A2=00FF91E2 A3=00FFE3FC A4=00FF8000 A5=00000000 A6=00000000 A7=00FF7F78 D0=0000008E D1=0000008E D2=00000001 D3=0000002A D4=0000001F D5=00000000 D6=00000000 D7=00000000 xnzvc
00:4E98  22 3C  MOVE.L  #$0001F31D,D1            A0=00000000 A1=0001F31D A2=00FF91E2 A3=00FFE3FC A4=00FF8000 A5=00000000 A6=00000000 A7=00FF7F78 D0=0000008E D1=0000008E D2=00000001 D3=0000008E D4=0000001F D5=00000000 D6=00000000 D7=00000000 xnzvc
00:4E9E  20 12  MOVE.L  (A2),D0                  A0=00000000 A1=0001F31D A2=00FF91E2 A3=00FFE3FC A4=00FF8000 A5=00000000 A6=00000000 A7=00FF7F78 D0=0000008E D1=0001F31D D2=00000001 D3=0000008E D4=0000001F D5=00000000 D6=00000000 D7=00000000 xnzvc
00:4EA0  4E B9  JSR     ($000270DC)              A0=00000000 A1=0001F31D A2=00FF91E2 A3=00FFE3FC A4=00FF8000 A5=00000000 A6=00000000 A7=00FF7F78 D0=01169605 D1=0001F31D D2=00000001 D3=0000008E D4=0000001F D5=00000000 D6=00000000 D7=00000000 xnzvc
00:4EA6  24 00  MOVE.L  D0,D2                    A0=00000000 A1=0001F31D A2=00FF91E2 A3=00FFE3FC A4=00FF8000 A5=00000000 A6=00000000 A7=00FF7F78 D0=0001BBEF D1=0000008E D2=00000001 D3=0000008E D4=0000001F D5=00000000 D6=00000000 D7=00000000 xnzvc
00:4EA8  22 02  MOVE.L  D2,D1                    A0=00000000 A1=0001F31D A2=00FF91E2 A3=00FFE3FC A4=00FF8000 A5=00000000 A6=00000000 A7=00FF7F78 D0=0001BBEF D1=0000008E D2=0001BBEF D3=0000008E D4=0000001F D5=00000000 D6=00000000 D7=00000000 xnzvc
00:4EAA  20 3C  MOVE.L  #$000041A7,D0            A0=00000000 A1=0001F31D A2=00FF91E2 A3=00FFE3FC A4=00FF8000 A5=00000000 A6=00000000 A7=00FF7F78 D0=0001BBEF D1=0001BBEF D2=0001BBEF D3=0000008E D4=0000001F D5=00000000 D6=00000000 D7=00000000 xnzvc
00:4EB0  4E B9  JSR     ($0002719C)              A0=00000000 A1=0001F31D A2=00FF91E2 A3=00FFE3FC A4=00FF8000 A5=00000000 A6=00000000 A7=00FF7F78 D0=000041A7 D1=0001BBEF D2=0001BBEF D3=0000008E D4=0000001F D5=00000000 D6=00000000 D7=00000000 xnzvc
00:4EB6  24 00  MOVE.L  D0,D2                    A0=71D947E9 A1=0001BBEF A2=00FF91E2 A3=00FFE3FC A4=00FF8000 A5=00000000 A6=00000000 A7=00FF7F78 D0=71D947E9 D1=BBEF0001 D2=0001BBEF D3=0000008E D4=0000001F D5=00000000 D6=00000000 D7=00000000 xnzvc
00:4EB8  20 03  MOVE.L  D3,D0                    A0=71D947E9 A1=0001BBEF A2=00FF91E2 A3=00FFE3FC A4=00FF8000 A5=00000000 A6=00000000 A7=00FF7F78 D0=71D947E9 D1=BBEF0001 D2=71D947E9 D3=0000008E D4=0000001F D5=00000000 D6=00000000 D7=00000000 xnzvc
00:4EBA  22 00  MOVE.L  D0,D1                    A0=71D947E9 A1=0001BBEF A2=00FF91E2 A3=00FFE3FC A4=00FF8000 A5=00000000 A6=00000000 A7=00FF7F78 D0=0000008E D1=BBEF0001 D2=71D947E9 D3=0000008E D4=0000001F D5=00000000 D6=00000000 D7=00000000 xnzvc
00:4EBC  20 3C  MOVE.L  #$00000B14,D0            A0=71D947E9 A1=0001BBEF A2=00FF91E2 A3=00FFE3FC A4=00FF8000 A5=00000000 A6=00000000 A7=00FF7F78 D0=0000008E D1=0000008E D2=71D947E9 D3=0000008E D4=0000001F D5=00000000 D6=00000000 D7=00000000 xnzvc
00:4EC2  4E B9  JSR     ($0002719C)              A0=71D947E9 A1=0001BBEF A2=00FF91E2 A3=00FFE3FC A4=00FF8000 A5=00000000 A6=00000000 A7=00FF7F78 D0=00000B14 D1=0000008E D2=71D947E9 D3=0000008E D4=0000001F D5=00000000 D6=00000000 D7=00000000 xnzvc
00:4EC8  94 80  SUB.L   D0,D2                    A0=00062518 A1=71D947E9 A2=00FF91E2 A3=00FFE3FC A4=00FF8000 A5=00000000 A6=00000000 A7=00FF7F78 D0=00062518 D1=008E0000 D2=71D947E9 D3=0000008E D4=0000001F D5=00000000 D6=00000000 D7=00000000 xnzvc
00:4ECA  6F 04  BLE     #$04 [00:4ED0]           A0=00062518 A1=71D947E9 A2=00FF91E2 A3=00FFE3FC A4=00FF8000 A5=00000000 A6=00000000 A7=00FF7F78 D0=00062518 D1=008E0000 D2=71D322D1 D3=0000008E D4=0000001F D5=00000000 D6=00000000 D7=00000000 xnzvc
00:4ECC  24 82  MOVE.L  D2,(A2)                  A0=00062518 A1=71D947E9 A2=00FF91E2 A3=00FFE3FC A4=00FF8000 A5=00000000 A6=00000000 A7=00FF7F78 D0=00062518 D1=008E0000 D2=71D322D1 D3=0000008E D4=0000001F D5=00000000 D6=00000000 D7=00000000 xnzvc
00:4ECE  60 0A  BRA     #$0A [00:4EDA]           A0=00062518 A1=71D947E9 A2=00FF91E2 A3=00FFE3FC A4=00FF8000 A5=00000000 A6=00000000 A7=00FF7F78 D0=00062518 D1=008E0000 D2=71D322D1 D3=0000008E D4=0000001F D5=00000000 D6=00000000 D7=00000000 xnzvc
00:4ED0  20 02  MOVE.L  D2,D0                    A0=01E28C2C A1=0099DF68 A2=00FF91E2 A3=00FFE3FC A4=00FF8000 A5=00000000 A6=00000000 A7=00FF7F78 D0=01E28C2C D1=2B8F0000 D2=FEB7533C D3=00002B8F D4=0000001E D5=0000001B D6=00000000 D7=00000000 XNzvC
00:4ED2  06 80  ADDI.L  #$7FFFFFFF,D0            A0=01E28C2C A1=0099DF68 A2=00FF91E2 A3=00FFE3FC A4=00FF8000 A5=00000000 A6=00000000 A7=00FF7F78 D0=FEB7533C D1=2B8F0000 D2=FEB7533C D3=00002B8F D4=0000001E D5=0000001B D6=00000000 D7=00000000 XNzvc
00:4ED8  24 80  MOVE.L  D0,(A2)                  A0=01E28C2C A1=0099DF68 A2=00FF91E2 A3=00FFE3FC A4=00FF8000 A5=00000000 A6=00000000 A7=00FF7F78 D0=7EB7533B D1=2B8F0000 D2=FEB7533C D3=00002B8F D4=0000001E D5=0000001B D6=00000000 D7=00000000 XnzvC
00:4EDA  32 2A  MOVE.W  $0002(A2),D1             A0=00062518 A1=71D947E9 A2=00FF91E2 A3=00FFE3FC A4=00FF8000 A5=00000000 A6=00000000 A7=00FF7F78 D0=00062518 D1=008E0000 D2=71D322D1 D3=0000008E D4=0000001F D5=00000000 D6=00000000 D7=00000000 xnzvc
00:4EDE  70 00  MOVEQ   #$00,D0                  A0=00062518 A1=71D947E9 A2=00FF91E2 A3=00FFE3FC A4=00FF8000 A5=00000000 A6=00000000 A7=00FF7F78 D0=00062518 D1=008E22D1 D2=71D322D1 D3=0000008E D4=0000001F D5=00000000 D6=00000000 D7=00000000 xnzvc
00:4EE0  30 01  MOVE.W  D1,D0                    A0=00062518 A1=71D947E9 A2=00FF91E2 A3=00FFE3FC A4=00FF8000 A5=00000000 A6=00000000 A7=00FF7F78 D0=00000000 D1=008E22D1 D2=71D322D1 D3=0000008E D4=0000001F D5=00000000 D6=00000000 D7=00000000 xnZvc
00:4EE2  4C DF  MOVEM.L (SP)+,{a7-d0}[04 0c]     A0=00062518 A1=71D947E9 A2=00FF91E2 A3=00FFE3FC A4=00FF8000 A5=00000000 A6=00000000 A7=00FF7F78 D0=000022D1 D1=008E22D1 D2=71D322D1 D3=0000008E D4=0000001F D5=00000000 D6=00000000 D7=00000000 xnzvc
00:4EE6  4E 75  RTS                              A0=00062518 A1=71D947E9 A2=00004E7E A3=00FFE3FC A4=00FF8000 A5=00000000 A6=00000000 A7=00FF7F84 D0=000022D1 D1=008E22D1 D2=00000001 D3=0000002A D4=0000001F D5=00000000 D6=00000000 D7=00000000 xnzvc

00:4EE8  20 2F  MOVE.L  $0004(SP),D0             A0=00FFFF86 A1=00040156 A2=00026F76 A3=00FF8000 A4=00026FDA A5=00000000 A6=00000000 A7=00FF7FDC D0=00008124 D1=00000001 D2=00000000 D3=00000000 D4=00000000 D5=00000000 D6=00000000 D7=00000000 xNzvc
00:4EEC  22 39  MOVE.L  ($00FF91E2),D1           A0=00FFFF86 A1=00040156 A2=00026F76 A3=00FF8000 A4=00026FDA A5=00000000 A6=00000000 A7=00FF7FDC D0=00003039 D1=00000001 D2=00000000 D3=00000000 D4=00000000 D5=00000000 D6=00000000 D7=00000000 xnzvc
00:4EF2  4A 80  TST.L   D0                       A0=00FFFF86 A1=00040156 A2=00026F76 A3=00FF8000 A4=00026FDA A5=00000000 A6=00000000 A7=00FF7FDC D0=00003039 D1=00000000 D2=00000000 D3=00000000 D4=00000000 D5=00000000 D6=00000000 D7=00000000 xnZvc
00:4EF4  6C 02  BGE     #$02 [00:4EF8]           A0=00FFFF86 A1=00040156 A2=00026F76 A3=00FF8000 A4=00026FDA A5=00000000 A6=00000000 A7=00FF7FDC D0=00003039 D1=00000000 D2=00000000 D3=00000000 D4=00000000 D5=00000000 D6=00000000 D7=00000000 xnzvc
00:4EF8  0C 80  CMPI.L  #$7FFFFFFF,D0            A0=00FFFF86 A1=00040156 A2=00026F76 A3=00FF8000 A4=00026FDA A5=00000000 A6=00000000 A7=00FF7FDC D0=00003039 D1=00000000 D2=00000000 D3=00000000 D4=00000000 D5=00000000 D6=00000000 D7=00000000 xnzvc
00:4EFE  6D 06  BLT     #$06 [00:4F06]           A0=00FFFF86 A1=00040156 A2=00026F76 A3=00FF8000 A4=00026FDA A5=00000000 A6=00000000 A7=00FF7FDC D0=00003039 D1=00000000 D2=00000000 D3=00000000 D4=00000000 D5=00000000 D6=00000000 D7=00000000 xNzvC
00:4F06  4A 80  TST.L   D0                       A0=00FFFF86 A1=00040156 A2=00026F76 A3=00FF8000 A4=00026FDA A5=00000000 A6=00000000 A7=00FF7FDC D0=00003039 D1=00000000 D2=00000000 D3=00000000 D4=00000000 D5=00000000 D6=00000000 D7=00000000 xNzvC
00:4F08  66 02  BNE     #$02 [00:4F0C]           A0=00FFFF86 A1=00040156 A2=00026F76 A3=00FF8000 A4=00026FDA A5=00000000 A6=00000000 A7=00FF7FDC D0=00003039 D1=00000000 D2=00000000 D3=00000000 D4=00000000 D5=00000000 D6=00000000 D7=00000000 xnzvc
00:4F0C  23 C0  MOVE.L  D0,($00FF91E2)           A0=00FFFF86 A1=00040156 A2=00026F76 A3=00FF8000 A4=00026FDA A5=00000000 A6=00000000 A7=00FF7FDC D0=00003039 D1=00000000 D2=00000000 D3=00000000 D4=00000000 D5=00000000 D6=00000000 D7=00000000 xnzvc
00:4F12  20 01  MOVE.L  D1,D0                    A0=00FFFF86 A1=00040156 A2=00026F76 A3=00FF8000 A4=00026FDA A5=00000000 A6=00000000 A7=00FF7FDC D0=00003039 D1=00000000 D2=00000000 D3=00000000 D4=00000000 D5=00000000 D6=00000000 D7=00000000 xnzvc
00:4F14  4E 75  RTS                              A0=00FFFF86 A1=00040156 A2=00026F76 A3=00FF8000 A4=00026FDA A5=00000000 A6=00000000 A7=00FF7FDC D0=00000000 D1=00000000 D2=00000000 D3=00000000 D4=00000000 D5=00000000 D6=00000000 D7=00000000 xnZvc

00:4F16  48 E7  MOVEM.L {d0-a7}[38 20],-(SP)     A0=00FFFF86 A1=00040156 A2=00026F76 A3=00FF8000 A4=00026FDA A5=00000000 A6=00000000 A7=00FF7FDC D0=00000000 D1=00000000 D2=00000000 D3=00000000 D4=00000000 D5=00000000 D6=00000000 D7=00000000 xnZvc
00:4F1A  28 39  MOVE.L  ($00FF91E2),D4           A0=00FFFF86 A1=00040156 A2=00026F76 A3=00FF8000 A4=00026FDA A5=00000000 A6=00000000 A7=00FF7FCC D0=00000000 D1=00000000 D2=00000000 D3=00000000 D4=00000000 D5=00000000 D6=00000000 D7=00000000 xnZvc
00:4F20  42 43  CLR.W   D3                       A0=00FFFF86 A1=00040156 A2=00026F76 A3=00FF8000 A4=00026FDA A5=00000000 A6=00000000 A7=00FF7FCC D0=00000000 D1=00000000 D2=00000000 D3=00000000 D4=00003039 D5=00000000 D6=00000000 D7=00000000 xnzvc
00:4F22  34 03  MOVE.W  D3,D2                    A0=00297FEC A1=48B84949 A2=00FF916A A3=00FF8000 A4=00026FDA A5=00000000 A6=00000000 A7=00FF7FCC D0=0000C95D D1=03BFC95D D2=00000072 D3=0000003A D4=00003039 D5=00000000 D6=00000000 D7=00000000 xNzvC
00:4F24  D4 42  ADD.W   D2,D2                    A0=00297FEC A1=48B84949 A2=00FF916A A3=00FF8000 A4=00026FDA A5=00000000 A6=00000000 A7=00FF7FCC D0=0000C95D D1=03BFC95D D2=0000003A D3=0000003A D4=00003039 D5=00000000 D6=00000000 D7=00000000 xnzvc
00:4F26  24 7C  MOVE.L  #$00FF916A,A2            A0=00297FEC A1=48B84949 A2=00FF916A A3=00FF8000 A4=00026FDA A5=00000000 A6=00000000 A7=00FF7FCC D0=0000C95D D1=03BFC95D D2=00000074 D3=0000003A D4=00003039 D5=00000000 D6=00000000 D7=00000000 xnzvc
00:4F2C  4E BA  JSR     $FF50(PC)                A0=00297FEC A1=48B84949 A2=00FF916A A3=00FF8000 A4=00026FDA A5=00000000 A6=00000000 A7=00FF7FCC D0=0000C95D D1=03BFC95D D2=00000074 D3=0000003A D4=00003039 D5=00000000 D6=00000000 D7=00000000 xnzvc
00:4F30  30 00  MOVE.W  D0,D0                    A0=019C454C A1=17E2632E A2=00FF916A A3=00FF8000 A4=00026FDA A5=00000000 A6=00000000 A7=00FF7FCC D0=00001DE2 D1=25371DE2 D2=00000074 D3=0000003A D4=00003039 D5=00000000 D6=00000000 D7=00000000 xnzvc
00:4F32  35 80  MOVE.W  D0,$00(A2,D2)            A0=019C454C A1=17E2632E A2=00FF916A A3=00FF8000 A4=00026FDA A5=00000000 A6=00000000 A7=00FF7FCC D0=00001DE2 D1=25371DE2 D2=00000074 D3=0000003A D4=00003039 D5=00000000 D6=00000000 D7=00000000 xnzvc
00:4F36  52 43  ADDQ.W  #1,D3                    A0=019C454C A1=17E2632E A2=00FF916A A3=00FF8000 A4=00026FDA A5=00000000 A6=00000000 A7=00FF7FCC D0=00001DE2 D1=25371DE2 D2=00000074 D3=0000003A D4=00003039 D5=00000000 D6=00000000 D7=00000000 xnzvc
00:4F38  0C 43  CMPI.W  #$003B,D3                A0=019C454C A1=17E2632E A2=00FF916A A3=00FF8000 A4=00026FDA A5=00000000 A6=00000000 A7=00FF7FCC D0=00001DE2 D1=25371DE2 D2=00000074 D3=0000003B D4=00003039 D5=00000000 D6=00000000 D7=00000000 xnzvc
00:4F3C  6D E4  BLT     #$E4 [00:4F22]           A0=019C454C A1=17E2632E A2=00FF916A A3=00FF8000 A4=00026FDA A5=00000000 A6=00000000 A7=00FF7FCC D0=00001DE2 D1=25371DE2 D2=00000074 D3=0000003B D4=00003039 D5=00000000 D6=00000000 D7=00000000 xnZvc
00:4F3E  42 79  CLR.W   ($00FF91E0)              A0=019C454C A1=17E2632E A2=00FF916A A3=00FF8000 A4=00026FDA A5=00000000 A6=00000000 A7=00FF7FCC D0=00001DE2 D1=25371DE2 D2=00000074 D3=0000003B D4=00003039 D5=00000000 D6=00000000 D7=00000000 xnZvc
00:4F44  23 C4  MOVE.L  D4,($00FF91E2)           A0=019C454C A1=17E2632E A2=00FF916A A3=00FF8000 A4=00026FDA A5=00000000 A6=00000000 A7=00FF7FCC D0=00001DE2 D1=25371DE2 D2=00000074 D3=0000003B D4=00003039 D5=00000000 D6=00000000 D7=00000000 xnZvc
00:4F4A  4C DF  MOVEM.L (SP)+,{a7-d0}[04 1c]     A0=019C454C A1=17E2632E A2=00FF916A A3=00FF8000 A4=00026FDA A5=00000000 A6=00000000 A7=00FF7FCC D0=00001DE2 D1=25371DE2 D2=00000074 D3=0000003B D4=00003039 D5=00000000 D6=00000000 D7=00000000 xnzvc
00:4F4E  4E 75  RTS                              A0=019C454C A1=17E2632E A2=00026F76 A3=00FF8000 A4=00026FDA A5=00000000 A6=00000000 A7=00FF7FDC D0=00001DE2 D1=25371DE2 D2=00000000 D3=00000000 D4=00000000 D5=00000000 D6=00000000 D7=00000000 xnzvc

00:8B88  20 7C  MOVE.L  #$000A8A1E,A0            A0=000A7E9C A1=17E2632E A2=00026F76 A3=00FF8000 A4=00026FDA A5=00000000 A6=00000000 A7=00FF7FD8 D0=0000FFFF D1=25371DE2 D2=00000000 D3=00000000 D4=00000000 D5=00000000 D6=00000000 D7=00000000 xNzvc
00:8B8E  22 7C  MOVE.L  #$00FF9388,A1            A0=000A8A1E A1=17E2632E A2=00026F76 A3=00FF8000 A4=00026FDA A5=00000000 A6=00000000 A7=00FF7FD8 D0=0000FFFF D1=25371DE2 D2=00000000 D3=00000000 D4=00000000 D5=00000000 D6=00000000 D7=00000000 xNzvc
00:8B94  42 41  CLR.W   D1                       A0=000A8A1E A1=00FF9388 A2=00026F76 A3=00FF8000 A4=00026FDA A5=00000000 A6=00000000 A7=00FF7FD8 D0=0000FFFF D1=25371DE2 D2=00000000 D3=00000000 D4=00000000 D5=00000000 D6=00000000 D7=00000000 xNzvc
00:8B96  42 40  CLR.W   D0                       A0=000A917E A1=00FF9AE8 A2=00026F76 A3=00FF8000 A4=00026FDA A5=00000000 A6=00000000 A7=00FF7FD8 D0=000001D8 D1=25370001 D2=00000000 D3=00000000 D4=00000000 D5=00000000 D6=00000000 D7=00000000 xNzvC
00:8B98  22 D8  MOVE.L  (A0)+,(A1)+              A0=000A8B1A A1=00FF9484 A2=00026F76 A3=00FF8000 A4=00026FDA A5=00000000 A6=00000000 A7=00FF7FD8 D0=0000003F D1=25370000 D2=00000000 D3=00000000 D4=00000000 D5=00000000 D6=00000000 D7=00000000 xNzvC
00:8B9A  52 40  ADDQ.W  #1,D0                    A0=000A8B1E A1=00FF9488 A2=00026F76 A3=00FF8000 A4=00026FDA A5=00000000 A6=00000000 A7=00FF7FD8 D0=0000003F D1=25370000 D2=00000000 D3=00000000 D4=00000000 D5=00000000 D6=00000000 D7=00000000 xNzvc
00:8B9C  0C 40  CMPI.W  #$01D8,D0                A0=000A8B1E A1=00FF9488 A2=00026F76 A3=00FF8000 A4=00026FDA A5=00000000 A6=00000000 A7=00FF7FD8 D0=00000040 D1=25370000 D2=00000000 D3=00000000 D4=00000000 D5=00000000 D6=00000000 D7=00000000 xnzvc
00:8BA0  6D F6  BLT     #$F6 [00:8B98]           A0=000A8B1E A1=00FF9488 A2=00026F76 A3=00FF8000 A4=00026FDA A5=00000000 A6=00000000 A7=00FF7FD8 D0=00000040 D1=25370000 D2=00000000 D3=00000000 D4=00000000 D5=00000000 D6=00000000 D7=00000000 xNzvC
00:8BA2  20 7C  MOVE.L  #$000A917E,A0            A0=000A98DE A1=00FFA248 A2=00026F76 A3=00FF8000 A4=00026FDA A5=00000000 A6=00000000 A7=00FF7FD8 D0=000001D8 D1=25370001 D2=00000000 D3=00000000 D4=00000000 D5=00000000 D6=00000000 D7=00000000 xnZvc
00:8BA8  52 41  ADDQ.W  #1,D1                    A0=000A917E A1=00FFA248 A2=00026F76 A3=00FF8000 A4=00026FDA A5=00000000 A6=00000000 A7=00FF7FD8 D0=000001D8 D1=25370001 D2=00000000 D3=00000000 D4=00000000 D5=00000000 D6=00000000 D7=00000000 xnZvc
00:8BAA  0C 41  CMPI.W  #$0002,D1                A0=000A917E A1=00FFA248 A2=00026F76 A3=00FF8000 A4=00026FDA A5=00000000 A6=00000000 A7=00FF7FD8 D0=000001D8 D1=25370002 D2=00000000 D3=00000000 D4=00000000 D5=00000000 D6=00000000 D7=00000000 xnzvc
00:8BAE  6D E6  BLT     #$E6 [00:8B96]           A0=000A917E A1=00FFA248 A2=00026F76 A3=00FF8000 A4=00026FDA A5=00000000 A6=00000000 A7=00FF7FD8 D0=000001D8 D1=25370002 D2=00000000 D3=00000000 D4=00000000 D5=00000000 D6=00000000 D7=00000000 xnZvc
00:8BB0  4E 75  RTS                              A0=000A917E A1=00FFA248 A2=00026F76 A3=00FF8000 A4=00026FDA A5=00000000 A6=00000000 A7=00FF7FD8 D0=000001D8 D1=25370002 D2=00000000 D3=00000000 D4=00000000 D5=00000000 D6=00000000 D7=00000000 xnZvc

00:901C  2F 0A  MOVE.L  A2,-(SP)                 A0=00FFE3A4 A1=00037324 A2=00FFE39E A3=00FFE3A0 A4=00FF9364 A5=00000000 A6=00000000 A7=00FF7F64 D0=00000000 D1=000052EF D2=00000000 D3=00000000 D4=00000000 D5=00000000 D6=00000000 D7=00000000 xnZvc
00:901E  20 2F  MOVE.L  $0008(SP),D0             A0=00FFE3A4 A1=00037324 A2=00FFE39E A3=00FFE3A0 A4=00FF9364 A5=00000000 A6=00000000 A7=00FF7F60 D0=00000000 D1=000052EF D2=00000000 D3=00000000 D4=00000000 D5=00000000 D6=00000000 D7=00000000 xnzvc
00:9022  20 7C  MOVE.L  #$00FF8038,A0            A0=00FFE3A4 A1=00037324 A2=00FFE39E A3=00FFE3A0 A4=00FF9364 A5=00000000 A6=00000000 A7=00FF7F60 D0=00000001 D1=000052EF D2=00000000 D3=00000000 D4=00000000 D5=00000000 D6=00000000 D7=00000000 xnzvc
00:9028  22 7C  MOVE.L  #$00FF8036,A1            A0=00FF8038 A1=00037324 A2=00FFE39E A3=00FFE3A0 A4=00FF9364 A5=00000000 A6=00000000 A7=00FF7F60 D0=00000001 D1=000052EF D2=00000000 D3=00000000 D4=00000000 D5=00000000 D6=00000000 D7=00000000 xnzvc
00:902E  24 7C  MOVE.L  #$00FF803C,A2            A0=00FF8038 A1=00FF8036 A2=00FFE39E A3=00FFE3A0 A4=00FF9364 A5=00000000 A6=00000000 A7=00FF7F60 D0=00000001 D1=000052EF D2=00000000 D3=00000000 D4=00000000 D5=00000000 D6=00000000 D7=00000000 xnzvc
00:9034  4A 39  TST.B   ($00FF8010)              A0=00FF8038 A1=00FF8036 A2=00FF803C A3=00FFE3A0 A4=00FF9364 A5=00000000 A6=00000000 A7=00FF7F60 D0=00000001 D1=000052EF D2=00000000 D3=00000000 D4=00000000 D5=00000000 D6=00000000 D7=00000000 xnzvc
00:903A  66 02  BNE     #$02 [00:903E]           A0=00FF8038 A1=00FF8036 A2=00FF803C A3=00FFE3A0 A4=00FF9364 A5=00000000 A6=00000000 A7=00FF7F60 D0=00000001 D1=000052EF D2=00000000 D3=00000000 D4=00000000 D5=00000000 D6=00000000 D7=00000000 xnZvc
00:903C  60 62  BRA     #$62 [00:90A0]           A0=00FF8038 A1=00FF8036 A2=00FF803C A3=00FFE3A0 A4=00FF9364 A5=00000000 A6=00000000 A7=00FF7F60 D0=00000001 D1=000052EF D2=00000000 D3=00000000 D4=00000000 D5=00000000 D6=00000000 D7=00000000 xnZvc
00:90A0  24 5F  MOVE.L  (SP)+,A2                 A0=00FF8038 A1=00FF8036 A2=00FF803C A3=00FFE3A0 A4=00FF9364 A5=00000000 A6=00000000 A7=00FF7F60 D0=00000001 D1=000052EF D2=00000000 D3=00000000 D4=00000000 D5=00000000 D6=00000000 D7=00000000 xnZvc
00:90A2  4E 75  RTS                              A0=00FF8038 A1=00FF8036 A2=00FFE39E A3=00FFE3A0 A4=00FF9364 A5=00000000 A6=00000000 A7=00FF7F64 D0=00000001 D1=000052EF D2=00000000 D3=00000000 D4=00000000 D5=00000000 D6=00000000 D7=00000000 xnZvc

00:9E0E  10 2F  MOVE.B  $0007(SP),D0             A0=0002A273 A1=00FFBB5A A2=000AFB40 A3=00028210 A4=00027E16 A5=00000000 A6=00000000 A7=00FF7F44 D0=00000061 D1=00000001 D2=00020011 D3=0002A266 D4=00000398 D5=0000000D D6=00000007 D7=0000000D xnzvc
00:9E12  20 7C  MOVE.L  #$00FF91E0,A0            A0=0002A273 A1=00FFBB5A A2=000AFB40 A3=00028210 A4=00027E16 A5=00000000 A6=00000000 A7=00FF7F44 D0=00000061 D1=00000001 D2=00020011 D3=0002A266 D4=00000398 D5=0000000D D6=00000007 D7=0000000D xnzvc
00:9E18  0C 00  CMPI.B  #$61,D0                  A0=00FF91E0 A1=00FFBB5A A2=000AFB40 A3=00028210 A4=00027E16 A5=00000000 A6=00000000 A7=00FF7F44 D0=00000061 D1=00000001 D2=00020011 D3=0002A266 D4=00000398 D5=0000000D D6=00000007 D7=0000000D xnzvc
00:9E1C  6D 0E  BLT     #$0E [00:9E2C]           A0=00FF91E0 A1=00FFBB5A A2=000AFB40 A3=00028210 A4=00027E16 A5=00000000 A6=00000000 A7=00FF7F44 D0=00000061 D1=00000001 D2=00020011 D3=0002A266 D4=00000398 D5=0000000D D6=00000007 D7=0000000D xnZvc
00:9E1E  0C 00  CMPI.B  #$7A,D0                  A0=00FF91E0 A1=00FFBA5A A2=000AFB40 A3=00028210 A4=00027E16 A5=00000000 A6=00000000 A7=00FF7F44 D0=00000073 D1=00000001 D2=00020012 D3=0002A286 D4=00000398 D5=00000005 D6=00000007 D7=00000005 xnzvc
00:9E22  6E 08  BGT     #$08 [00:9E2C]           A0=00FF91E0 A1=00FFBA5A A2=000AFB40 A3=00028210 A4=00027E16 A5=00000000 A6=00000000 A7=00FF7F44 D0=00000073 D1=00000001 D2=00020012 D3=0002A286 D4=00000398 D5=00000005 D6=00000007 D7=00000005 xNzvC
00:9E24  06 00  ADDI.B  #$A0,D0                  A0=00FF91E0 A1=00FFBA5A A2=000AFB40 A3=00028210 A4=00027E16 A5=00000000 A6=00000000 A7=00FF7F44 D0=00000073 D1=00000001 D2=00020012 D3=0002A286 D4=00000398 D5=00000005 D6=00000007 D7=00000005 xNzvC
00:9E28  60 00  BRA     #$0138 [00:9F62]         A0=00FF91E0 A1=00FFBA5A A2=000AFB40 A3=00028210 A4=00027E16 A5=00000000 A6=00000000 A7=00FF7F44 D0=00000013 D1=00000001 D2=00020012 D3=0002A286 D4=00000398 D5=00000005 D6=00000007 D7=00000005 XnzvC
00:9E2C  0C 00  CMPI.B  #$41,D0                  A0=00FF91E0 A1=00FFBB5A A2=000AFB40 A3=00027E16 A4=00FFE3F8 A5=00000000 A6=00000000 A7=00FF7F44 D0=00000052 D1=00000001 D2=0002001F D3=0002A4DC D4=00000488 D5=00000014 D6=00000000 D7=00000014 xNzvC
00:9E30  6D 0E  BLT     #$0E [00:9E40]           A0=00FF91E0 A1=00FFBB5A A2=000AFB40 A3=00027E16 A4=00FFE3F8 A5=00000000 A6=00000000 A7=00FF7F44 D0=00000052 D1=00000001 D2=0002001F D3=0002A4DC D4=00000488 D5=00000014 D6=00000000 D7=00000014 xnzvc
00:9E32  0C 00  CMPI.B  #$5A,D0                  A0=00FF91E0 A1=00FFBB1A A2=000AFB40 A3=00027E16 A4=00FFE3F8 A5=00000000 A6=00000000 A7=00FF7F44 D0=00000045 D1=00000001 D2=0002000E D3=0002A56A D4=00000488 D5=00000009 D6=00000009 D7=00000009 xnzvc
00:9E36  6E 08  BGT     #$08 [00:9E40]           A0=00FF91E0 A1=00FFBB1A A2=000AFB40 A3=00027E16 A4=00FFE3F8 A5=00000000 A6=00000000 A7=00FF7F44 D0=00000045 D1=00000001 D2=0002000E D3=0002A56A D4=00000488 D5=00000009 D6=00000009 D7=00000009 xNzvC
00:9E38  06 00  ADDI.B  #$C0,D0                  A0=00FF91E0 A1=00FFBB1A A2=000AFB40 A3=00027E16 A4=00FFE3F8 A5=00000000 A6=00000000 A7=00FF7F44 D0=00000045 D1=00000001 D2=0002000E D3=0002A56A D4=00000488 D5=00000009 D6=00000009 D7=00000009 xNzvC
00:9E3C  60 00  BRA     #$0124 [00:9F62]         A0=00FF91E0 A1=00FFBB1A A2=000AFB40 A3=00027E16 A4=00FFE3F8 A5=00000000 A6=00000000 A7=00FF7F44 D0=00000005 D1=00000001 D2=0002000E D3=0002A56A D4=00000488 D5=00000009 D6=00000009 D7=00000009 XnzvC
00:9E40  0C 00  CMPI.B  #$30,D0                  A0=00FF91E0 A1=00FFBB9A A2=000AFB40 A3=00027E16 A4=00FFE3F8 A5=00000000 A6=00000000 A7=00FF7F44 D0=00000021 D1=00000001 D2=0002000E D3=0002A56A D4=00000488 D5=0000000D D6=00000009 D7=0000000D xNzvC
00:9E44  6D 0E  BLT     #$0E [00:9E54]           A0=00FF91E0 A1=00FFBB9A A2=000AFB40 A3=00027E16 A4=00FFE3F8 A5=00000000 A6=00000000 A7=00FF7F44 D0=00000021 D1=00000001 D2=0002000E D3=0002A56A D4=00000488 D5=0000000D D6=00000009 D7=0000000D xNzvC
00:9E46  0C 00  CMPI.B  #$39,D0                  A0=00FF91E0 A1=00FFBB1A A2=000AFB40 A3=00028210 A4=00027E16 A5=00000000 A6=00000000 A7=00FF7F44 D0=00000030 D1=00000001 D2=00020015 D3=0002BCFC D4=00000398 D5=0000000D D6=00000005 D7=0000000D xnZvc
00:9E4A  6E 08  BGT     #$08 [00:9E54]           A0=00FF91E0 A1=00FFBB1A A2=000AFB40 A3=00028210 A4=00027E16 A5=00000000 A6=00000000 A7=00FF7F44 D0=00000030 D1=00000001 D2=00020015 D3=0002BCFC D4=00000398 D5=0000000D D6=00000005 D7=0000000D xNzvC
00:9E4C  06 00  ADDI.B  #$F4,D0                  A0=00FF91E0 A1=00FFBB1A A2=000AFB40 A3=00028210 A4=00027E16 A5=00000000 A6=00000000 A7=00FF7F44 D0=00000030 D1=00000001 D2=00020015 D3=0002BCFC D4=00000398 D5=0000000D D6=00000005 D7=0000000D xNzvC
00:9E50  60 00  BRA     #$0110 [00:9F62]         A0=00FF91E0 A1=00FFBB1A A2=000AFB40 A3=00028210 A4=00027E16 A5=00000000 A6=00000000 A7=00FF7F44 D0=00000024 D1=00000001 D2=00020015 D3=0002BCFC D4=00000398 D5=0000000D D6=00000005 D7=0000000D XnzvC
00:9E54  10 00  MOVE.B  D0,D0                    A0=00FF91E0 A1=00FFBB9A A2=000AFB40 A3=00027E16 A4=00FFE3F8 A5=00000000 A6=00000000 A7=00FF7F44 D0=00000021 D1=00000001 D2=0002000E D3=0002A56A D4=00000488 D5=0000000D D6=00000009 D7=0000000D xNzvC
00:9E56  48 80  EXT.W   D0                       A0=00FF91E0 A1=00FFBB9A A2=000AFB40 A3=00027E16 A4=00FFE3F8 A5=00000000 A6=00000000 A7=00FF7F44 D0=00000021 D1=00000001 D2=0002000E D3=0002A56A D4=00000488 D5=0000000D D6=00000009 D7=0000000D xnzvc
00:9E58  0C 40  CMPI.W  #$003A,D0                A0=00FF91E0 A1=00FFBB9A A2=000AFB40 A3=00027E16 A4=00FFE3F8 A5=00000000 A6=00000000 A7=00FF7F44 D0=00000021 D1=00000001 D2=0002000E D3=0002A56A D4=00000488 D5=0000000D D6=00000009 D7=0000000D xnzvc
00:9E5C  6D 06  BLT     #$06 [00:9E64]           A0=00FF91E0 A1=00FFBB9A A2=000AFB40 A3=00027E16 A4=00FFE3F8 A5=00000000 A6=00000000 A7=00FF7F44 D0=00000021 D1=00000001 D2=0002000E D3=0002A56A D4=00000488 D5=0000000D D6=00000009 D7=0000000D xNzvC
00:9E64  0C 40  CMPI.W  #$0001,D0                A0=00FF91E0 A1=00FFBB9A A2=000AFB40 A3=00027E16 A4=00FFE3F8 A5=00000000 A6=00000000 A7=00FF7F44 D0=00000021 D1=00000001 D2=0002000E D3=0002A56A D4=00000488 D5=0000000D D6=00000009 D7=0000000D xNzvC
00:9E68  6D 00  BLT     #$00F6 [00:9F60]         A0=00FF91E0 A1=00FFBB9A A2=000AFB40 A3=00027E16 A4=00FFE3F8 A5=00000000 A6=00000000 A7=00FF7F44 D0=00000021 D1=00000001 D2=0002000E D3=0002A56A D4=00000488 D5=0000000D D6=00000009 D7=0000000D xnzvc
00:9E6C  0C 40  CMPI.W  #$0006,D0                A0=00FF91E0 A1=00FFBB9A A2=000AFB40 A3=00027E16 A4=00FFE3F8 A5=00000000 A6=00000000 A7=00FF7F44 D0=00000021 D1=00000001 D2=0002000E D3=0002A56A D4=00000488 D5=0000000D D6=00000009 D7=0000000D xnzvc
00:9E70  6E 16  BGT     #$16 [00:9E88]           A0=00FF91E0 A1=00FFBB9A A2=000AFB40 A3=00027E16 A4=00FFE3F8 A5=00000000 A6=00000000 A7=00FF7F44 D0=00000021 D1=00000001 D2=0002000E D3=0002A56A D4=00000488 D5=0000000D D6=00000009 D7=0000000D xnzvc
00:9E88  0C 40  CMPI.W  #$0021,D0                A0=00FF91E0 A1=00FFBB9A A2=000AFB40 A3=00027E16 A4=00FFE3F8 A5=00000000 A6=00000000 A7=00FF7F44 D0=00000021 D1=00000001 D2=0002000E D3=0002A56A D4=00000488 D5=0000000D D6=00000009 D7=0000000D xnzvc
00:9E8C  6D 00  BLT     #$00D2 [00:9F60]         A0=00FF91E0 A1=00FFBB9A A2=000AFB40 A3=00027E16 A4=00FFE3F8 A5=00000000 A6=00000000 A7=00FF7F44 D0=00000021 D1=00000001 D2=0002000E D3=0002A56A D4=00000488 D5=0000000D D6=00000009 D7=0000000D xnZvc
00:9E90  0C 40  CMPI.W  #$002E,D0                A0=00FF91E0 A1=00FFBB9A A2=000AFB40 A3=00027E16 A4=00FFE3F8 A5=00000000 A6=00000000 A7=00FF7F44 D0=00000021 D1=00000001 D2=0002000E D3=0002A56A D4=00000488 D5=0000000D D6=00000009 D7=0000000D xnZvc
00:9E94  6E 00  BGT     #$00CA [00:9F60]         A0=00FF91E0 A1=00FFBB9A A2=000AFB40 A3=00027E16 A4=00FFE3F8 A5=00000000 A6=00000000 A7=00FF7F44 D0=00000021 D1=00000001 D2=0002000E D3=0002A56A D4=00000488 D5=0000000D D6=00000009 D7=0000000D xNzvC
00:9E98  D0 40  ADD.W   D0,D0                    A0=00FF91E0 A1=00FFBB9A A2=000AFB40 A3=00027E16 A4=00FFE3F8 A5=00000000 A6=00000000 A7=00FF7F44 D0=00000021 D1=00000001 D2=0002000E D3=0002A56A D4=00000488 D5=0000000D D6=00000009 D7=0000000D xNzvC
00:9E9A  30 3B  MOVE.W  $C4(PC,D0),D0            A0=00FF91E0 A1=00FFBB9A A2=000AFB40 A3=00027E16 A4=00FFE3F8 A5=00000000 A6=00000000 A7=00FF7F44 D0=00000042 D1=00000001 D2=0002000E D3=0002A56A D4=00000488 D5=0000000D D6=00000009 D7=0000000D xnzvc
00:9E9E  4E FB  JMP     $02(PC,D0)               A0=00FF91E0 A1=00FFBB9A A2=000AFB40 A3=00027E16 A4=00FFE3F8 A5=00000000 A6=00000000 A7=00FF7F44 D0=0000006A D1=00000001 D2=0002000E D3=0002A56A D4=00000488 D5=0000000D D6=00000009 D7=0000000D xnzvc
00:9EFA  70 1F  MOVEQ   #$1F,D0                  A0=00FF91E0 A1=00FFBC5A A2=000AFB40 A3=00027E16 A4=00FFE3F8 A5=00000000 A6=00000000 A7=00FF7F44 D0=00000058 D1=00000001 D2=0002001B D3=0002A54E D4=00000488 D5=0000001A D6=00000002 D7=0000001A xnzvc
00:9EFC  60 00  BRA     #$0064 [00:9F62]         A0=00FF91E0 A1=00FFBC5A A2=000AFB40 A3=00027E16 A4=00FFE3F8 A5=00000000 A6=00000000 A7=00FF7F44 D0=0000001F D1=00000001 D2=0002001B D3=0002A54E D4=00000488 D5=0000001A D6=00000002 D7=0000001A xnzvc
00:9F00  70 20  MOVEQ   #$20,D0                  A0=00FF91E0 A1=00FFBB5A A2=000AFB40 A3=00027E16 A4=00FFE3F8 A5=00000000 A6=00000000 A7=00FF7F44 D0=0000005E D1=00000001 D2=0002000B D3=0002A4D0 D4=00000488 D5=0000000A D6=0000000A D7=0000000A xnzvc
00:9F02  60 5E  BRA     #$5E [00:9F62]           A0=00FF91E0 A1=00FFBB5A A2=000AFB40 A3=00027E16 A4=00FFE3F8 A5=00000000 A6=00000000 A7=00FF7F44 D0=00000020 D1=00000001 D2=0002000B D3=0002A4D0 D4=00000488 D5=0000000A D6=0000000A D7=0000000A xnzvc
00:9F04  70 21  MOVEQ   #$21,D0                  A0=00FF91E0 A1=00FFBAFA A2=000AFB40 A3=00028210 A4=00027E16 A5=00000000 A6=00000000 A7=00FF7F38 D0=00000062 D1=00000001 D2=0002000C D3=0002A230 D4=00000398 D5=00000007 D6=0000000A D7=00000007 xnzvc
00:9F06  60 5A  BRA     #$5A [00:9F62]           A0=00FF91E0 A1=00FFBAFA A2=000AFB40 A3=00028210 A4=00027E16 A5=00000000 A6=00000000 A7=00FF7F38 D0=00000021 D1=00000001 D2=0002000C D3=0002A230 D4=00000398 D5=00000007 D6=0000000A D7=00000007 xnzvc
00:9F08  70 22  MOVEQ   #$22,D0                  A0=00FF91E0 A1=00FFBBBA A2=000AFB40 A3=00028210 A4=00027E16 A5=00000000 A6=00000000 A7=00FF7F44 D0=00000066 D1=00000001 D2=00020010 D3=0002A2D8 D4=00000398 D5=0000000F D6=00000008 D7=0000000F xnzvc
00:9F0A  60 56  BRA     #$56 [00:9F62]           A0=00FF91E0 A1=00FFBBBA A2=000AFB40 A3=00028210 A4=00027E16 A5=00000000 A6=00000000 A7=00FF7F44 D0=00000022 D1=00000001 D2=00020010 D3=0002A2D8 D4=00000398 D5=0000000F D6=00000008 D7=0000000F xnzvc
00:9F0C  70 23  MOVEQ   #$23,D0                  A0=00FF91E0 A1=00FFBB9A A2=000AFB40 A3=00027E16 A4=00FFE3F8 A5=00000000 A6=00000000 A7=00FF7F44 D0=0000006A D1=00000001 D2=0002000E D3=0002A56A D4=00000488 D5=0000000D D6=00000009 D7=0000000D xnzvc
00:9F0E  60 52  BRA     #$52 [00:9F62]           A0=00FF91E0 A1=00FFBB9A A2=000AFB40 A3=00027E16 A4=00FFE3F8 A5=00000000 A6=00000000 A7=00FF7F44 D0=00000023 D1=00000001 D2=0002000E D3=0002A56A D4=00000488 D5=0000000D D6=00000009 D7=0000000D xnzvc
00:9F60  42 00  CLR.B   D0                       A0=00FF91E0 A1=00FFBAFA A2=000AFB40 A3=00027E16 A4=00FFE3F8 A5=00000000 A6=00000000 A7=00FF7F44 D0=00000020 D1=00000001 D2=0002000E D3=0002A56A D4=00000488 D5=00000008 D6=00000009 D7=00000008 xNzvC
00:9F62  10 00  MOVE.B  D0,D0                    A0=00FF91E0 A1=00FFBB5A A2=000AFB40 A3=00028210 A4=00027E16 A5=00000000 A6=00000000 A7=00FF7F44 D0=00000001 D1=00000001 D2=00020011 D3=0002A266 D4=00000398 D5=0000000D D6=00000007 D7=0000000D XnzvC
00:9F64  48 80  EXT.W   D0                       A0=00FF91E0 A1=00FFBB5A A2=000AFB40 A3=00028210 A4=00027E16 A5=00000000 A6=00000000 A7=00FF7F44 D0=00000001 D1=00000001 D2=00020011 D3=0002A266 D4=00000398 D5=0000000D D6=00000007 D7=0000000D Xnzvc
00:9F66  48 C0  EXT.L   D0                       A0=00FF91E0 A1=00FFBB5A A2=000AFB40 A3=00028210 A4=00027E16 A5=00000000 A6=00000000 A7=00FF7F44 D0=00000001 D1=00000001 D2=00020011 D3=0002A266 D4=00000398 D5=0000000D D6=00000007 D7=0000000D Xnzvc
00:9F68  4E 75  RTS                              A0=00FF91E0 A1=00FFBB5A A2=000AFB40 A3=00028210 A4=00027E16 A5=00000000 A6=00000000 A7=00FF7F44 D0=00000001 D1=00000001 D2=00020011 D3=0002A266 D4=00000398 D5=0000000D D6=00000007 D7=0000000D Xnzvc

00:C222  4E 56  LINK    A6,#$FFFC                A0=00FFAF5A A1=00000000 A2=00FFB65A A3=000373D6 A4=00FF9364 A5=00000000 A6=00000000 A7=00FF7F64 D0=00000000 D1=00FFA55A D2=00000000 D3=0000000C D4=00000028 D5=00000000 D6=00000000 D7=00000000 xnzvc
00:C226  48 E7  MOVEM.L {d0-a7}[3e 38],-(SP)     A0=00FFAF5A A1=00000000 A2=00FFB65A A3=000373D6 A4=00FF9364 A5=00000000 A6=00FF7F60 A7=00FF7F5C D0=00000000 D1=00FFA55A D2=00000000 D3=0000000C D4=00000028 D5=00000000 D6=00000000 D7=00000000 xnzvc
00:C22A  20 6E  MOVE.L  $0008(A6),A0             A0=00FFAF5A A1=00000000 A2=00FFB65A A3=000373D6 A4=00FF9364 A5=00000000 A6=00FF7F60 A7=00FF7F3C D0=00000000 D1=00FFA55A D2=00000000 D3=0000000C D4=00000028 D5=00000000 D6=00000000 D7=00000000 xnzvc
00:C22E  26 7C  MOVE.L  #$00FFB65A,A3            A0=00FFA55A A1=00000000 A2=00FFB65A A3=000373D6 A4=00FF9364 A5=00000000 A6=00FF7F60 A7=00FF7F3C D0=00000000 D1=00FFA55A D2=00000000 D3=0000000C D4=00000028 D5=00000000 D6=00000000 D7=00000000 xnzvc
00:C234  24 48  MOVE.L  A0,A2                    A0=00FFA55A A1=00000000 A2=00FFB65A A3=00FFB65A A4=00FF9364 A5=00000000 A6=00FF7F60 A7=00FF7F3C D0=00000000 D1=00FFA55A D2=00000000 D3=0000000C D4=00000028 D5=00000000 D6=00000000 D7=00000000 xnzvc
00:C236  60 00  BRA     #$0292 [00:C4CA]         A0=00FFA55A A1=00000000 A2=00FFA55A A3=00FFB65A A4=00FF9364 A5=00000000 A6=00FF7F60 A7=00FF7F3C D0=00000000 D1=00FFA55A D2=00000000 D3=0000000C D4=00000028 D5=00000000 D6=00000000 D7=00000000 xnzvc
00:C23A  08 2A  BTST    #0,$002F(A2)             A0=00FFA55A A1=00000000 A2=00FFA55A A3=00FFB65A A4=00FF9364 A5=00000000 A6=00FF7F60 A7=00FF7F3C D0=00FFA55A D1=00FFA55A D2=00000000 D3=0000000C D4=00000028 D5=00000000 D6=00000000 D7=00000000 xnzvc
00:C240  67 00  BEQ     #$0284 [00:C4C6]         A0=00FFA55A A1=00000000 A2=00FFA55A A3=00FFB65A A4=00FF9364 A5=00000000 A6=00FF7F60 A7=00FF7F3C D0=00FFA55A D1=00FFA55A D2=00000000 D3=0000000C D4=00000028 D5=00000000 D6=00000000 D7=00000000 xnzvc
00:C244  08 2A  BTST    #3,$004D(A2)             A0=00FFA55A A1=00000000 A2=00FFA55A A3=00FFB65A A4=00FF9364 A5=00000000 A6=00FF7F60 A7=00FF7F3C D0=00FFA55A D1=00FFA55A D2=00000000 D3=0000000C D4=00000028 D5=00000000 D6=00000000 D7=00000000 xnzvc
00:C24A  67 08  BEQ     #$08 [00:C254]           A0=00FFA55A A1=00000000 A2=00FFA55A A3=00FFB65A A4=00FF9364 A5=00000000 A6=00FF7F60 A7=00FF7F3C D0=00FFA55A D1=00FFA55A D2=00000000 D3=0000000C D4=00000028 D5=00000000 D6=00000000 D7=00000000 xnZvc
00:C254  4A 2A  TST.B   $004A(A2)                A0=00FFA55A A1=00000000 A2=00FFA55A A3=00FFB65A A4=00FF9364 A5=00000000 A6=00FF7F60 A7=00FF7F3C D0=00FFA55A D1=00FFA55A D2=00000000 D3=0000000C D4=00000028 D5=00000000 D6=00000000 D7=00000000 xnZvc
00:C258  67 00  BEQ     #$026C [00:C4C6]         A0=00FFA55A A1=00000000 A2=00FFA55A A3=00FFB65A A4=00FF9364 A5=00000000 A6=00FF7F60 A7=00FF7F3C D0=00FFA55A D1=00FFA55A D2=00000000 D3=0000000C D4=00000028 D5=00000000 D6=00000000 D7=00000000 xnzvc
00:C25C  28 6A  MOVE.L  $0022(A2),A4             A0=00FFA55A A1=00000000 A2=00FFA55A A3=00FFB65A A4=00FF9364 A5=00000000 A6=00FF7F60 A7=00FF7F3C D0=00FFA55A D1=00FFA55A D2=00000000 D3=0000000C D4=00000028 D5=00000000 D6=00000000 D7=00000000 xnzvc
00:C260  1D 54  MOVE.B  (A4),$FFFD(A6)           A0=00FFA55A A1=00000000 A2=00FFA55A A3=00FFB65A A4=000373D6 A5=00000000 A6=00FF7F60 A7=00FF7F3C D0=00FFA55A D1=00FFA55A D2=00000000 D3=0000000C D4=00000028 D5=00000000 D6=00000000 D7=00000000 xnzvc
00:C264  3D 6A  MOVE.W  $0004(A2),$FFFE(A6)      A0=00FFA55A A1=00000000 A2=00FFA55A A3=00FFB65A A4=000373D6 A5=00000000 A6=00FF7F60 A7=00FF7F3C D0=00FFA55A D1=00FFA55A D2=00000000 D3=0000000C D4=00000028 D5=00000000 D6=00000000 D7=00000000 xnzvc
00:C26A  08 2A  BTST    #1,$002F(A2)             A0=00FFA55A A1=00000000 A2=00FFA55A A3=00FFB65A A4=000373D6 A5=00000000 A6=00FF7F60 A7=00FF7F3C D0=00FFA55A D1=00FFA55A D2=00000000 D3=0000000C D4=00000028 D5=00000000 D6=00000000 D7=00000000 xnZvc
00:C270  67 00  BEQ     #$0126 [00:C398]         A0=00FFA55A A1=00000000 A2=00FFA55A A3=00FFB65A A4=000373D6 A5=00000000 A6=00FF7F60 A7=00FF7F3C D0=00FFA55A D1=00FFA55A D2=00000000 D3=0000000C D4=00000028 D5=00000000 D6=00000000 D7=00000000 xnzvc
00:C274  3A 12  MOVE.W  (A2),D5                  A0=00FFA55A A1=00000000 A2=00FFA55A A3=00FFB65A A4=000373D6 A5=00000000 A6=00FF7F60 A7=00FF7F3C D0=00FFA55A D1=00FFA55A D2=00000000 D3=0000000C D4=00000028 D5=00000000 D6=00000000 D7=00000000 xnzvc
00:C276  06 45  ADDI.W  #$0080,D5                A0=00FFA55A A1=00000000 A2=00FFA55A A3=00FFB65A A4=000373D6 A5=00000000 A6=00FF7F60 A7=00FF7F3C D0=00FFA55A D1=00FFA55A D2=00000000 D3=0000000C D4=00000028 D5=000000AA D6=00000000 D7=00000000 xnzvc
00:C27A  9A 79  SUB.W   ($00FF8036),D5           A0=00FFA55A A1=00000000 A2=00FFA55A A3=00FFB65A A4=000373D6 A5=00000000 A6=00FF7F60 A7=00FF7F3C D0=00FFA55A D1=00FFA55A D2=00000000 D3=0000000C D4=00000028 D5=0000012A D6=00000000 D7=00000000 xnzvc
00:C280  38 2A  MOVE.W  $0002(A2),D4             A0=00FFA55A A1=00000000 A2=00FFA55A A3=00FFB65A A4=000373D6 A5=00000000 A6=00FF7F60 A7=00FF7F3C D0=00FFA55A D1=00FFA55A D2=00000000 D3=0000000C D4=00000028 D5=0000012A D6=00000000 D7=00000000 xnzvc
00:C284  06 44  ADDI.W  #$0080,D4                A0=00FFA55A A1=00000000 A2=00FFA55A A3=00FFB65A A4=000373D6 A5=00000000 A6=00FF7F60 A7=00FF7F3C D0=00FFA55A D1=00FFA55A D2=00000000 D3=0000000C D4=0000008D D5=0000012A D6=00000000 D7=00000000 xnzvc
00:C288  98 79  SUB.W   ($00FF8038),D4           A0=00FFA55A A1=00000000 A2=00FFA55A A3=00FFB65A A4=000373D6 A5=00000000 A6=00FF7F60 A7=00FF7F3C D0=00FFA55A D1=00FFA55A D2=00000000 D3=0000000C D4=0000010D D5=0000012A D6=00000000 D7=00000000 xnzvc
00:C28E  42 46  CLR.W   D6                       A0=00FFA55A A1=00000000 A2=00FFA55A A3=00FFB65A A4=000373D6 A5=00000000 A6=00FF7F60 A7=00FF7F3C D0=00FFA55A D1=00FFA55A D2=00000000 D3=0000000C D4=0000010D D5=0000012A D6=00000000 D7=00000000 xnzvc
00:C290  60 00  BRA     #$009A [00:C32C]         A0=00FFA55A A1=00000000 A2=00FFA55A A3=00FFB65A A4=000373D6 A5=00000000 A6=00FF7F60 A7=00FF7F3C D0=00FFA55A D1=00FFA55A D2=00000000 D3=0000000C D4=0000010D D5=0000012A D6=00000000 D7=00000000 xnZvc
00:C294  30 06  MOVE.W  D6,D0                    A0=0003731A A1=0003731A A2=00FFA55A A3=00FFB65A A4=00037316 A5=00000000 A6=00FF7F60 A7=00FF7F3C D0=00FF0002 D1=000000D2 D2=00000000 D3=00000019 D4=0000010D D5=0000012A D6=00000001 D7=00000000 xnzvc
00:C296  16 32  MOVE.B  $30(A2,D0),D3            A0=0003731A A1=0003731A A2=00FFA55A A3=00FFB65A A4=00037316 A5=00000000 A6=00FF7F60 A7=00FF7F3C D0=00FF0001 D1=000000D2 D2=00000000 D3=00000019 D4=0000010D D5=0000012A D6=00000001 D7=00000000 xnzvc
00:C29A  48 83  EXT.W   D3                       A0=0003731A A1=0003731A A2=00FFA55A A3=00FFB65A A4=00037316 A5=00000000 A6=00FF7F60 A7=00FF7F3C D0=00FF0001 D1=000000D2 D2=00000000 D3=0000001A D4=0000010D D5=0000012A D6=00000001 D7=00000000 xnzvc
00:C29C  08 2A  BTST    #6,$004D(A2)             A0=0003731A A1=0003731A A2=00FFA55A A3=00FFB65A A4=00037316 A5=00000000 A6=00FF7F60 A7=00FF7F3C D0=00FF0001 D1=000000D2 D2=00000000 D3=0000001A D4=0000010D D5=0000012A D6=00000001 D7=00000000 xnzvc
00:C2A2  67 0E  BEQ     #$0E [00:C2B2]           A0=0003731A A1=0003731A A2=00FFA55A A3=00FFB65A A4=00037316 A5=00000000 A6=00FF7F60 A7=00FF7F3C D0=00FF0001 D1=000000D2 D2=00000000 D3=0000001A D4=0000010D D5=0000012A D6=00000001 D7=00000000 xnZvc
00:C2A4  30 03  MOVE.W  D3,D0                    A0=00FFA55A A1=00000000 A2=00FFA5DA A3=00FFB65A A4=000DFCD8 A5=00000000 A6=00FF7F60 A7=00FF7F3C D0=00FF0003 D1=00FFA55A D2=00000000 D3=00000021 D4=00000120 D5=0000012A D6=00000003 D7=00000000 xnzvc
00:C2A6  E7 40  ASL.W   #3,D0                    A0=00FFA55A A1=00000000 A2=00FFA5DA A3=00FFB65A A4=000DFCD8 A5=00000000 A6=00FF7F60 A7=00FF7F3C D0=00FF0021 D1=00FFA55A D2=00000000 D3=00000021 D4=00000120 D5=0000012A D6=00000003 D7=00000000 xnzvc
00:C2A8  37 BC  MOVE.W  #$0001,$00(A3,D0)        A0=00FFA55A A1=00000000 A2=00FFA5DA A3=00FFB65A A4=000DFCD8 A5=00000000 A6=00FF7F60 A7=00FF7F3C D0=00FF0108 D1=00FFA55A D2=00000000 D3=00000021 D4=00000120 D5=0000012A D6=00000003 D7=00000000 xnzvc
00:C2AE  60 00  BRA     #$007A [00:C32A]         A0=00FFA55A A1=00000000 A2=00FFA5DA A3=00FFB65A A4=000DFCD8 A5=00000000 A6=00FF7F60 A7=00FF7F3C D0=00FF0108 D1=00FFA55A D2=00000000 D3=00000021 D4=00000120 D5=0000012A D6=00000003 D7=00000000 xnzvc
00:C2B2  30 06  MOVE.W  D6,D0                    A0=0003731A A1=0003731A A2=00FFA55A A3=00FFB65A A4=00037316 A5=00000000 A6=00FF7F60 A7=00FF7F3C D0=00FF0001 D1=000000D2 D2=00000000 D3=0000001A D4=0000010D D5=0000012A D6=00000001 D7=00000000 xnZvc
00:C2B4  D0 40  ADD.W   D0,D0                    A0=0003731A A1=0003731A A2=00FFA55A A3=00FFB65A A4=00037316 A5=00000000 A6=00FF7F60 A7=00FF7F3C D0=00FF0001 D1=000000D2 D2=00000000 D3=0000001A D4=0000010D D5=0000012A D6=00000001 D7=00000000 xnzvc
00:C2B6  32 00  MOVE.W  D0,D1                    A0=0003731A A1=0003731A A2=00FFA55A A3=00FFB65A A4=00037316 A5=00000000 A6=00FF7F60 A7=00FF7F3C D0=00FF0002 D1=000000D2 D2=00000000 D3=0000001A D4=0000010D D5=0000012A D6=00000001 D7=00000000 xnzvc
00:C2B8  E5 40  ASL.W   #2,D0                    A0=0003731A A1=0003731A A2=00FFA55A A3=00FFB65A A4=00037316 A5=00000000 A6=00FF7F60 A7=00FF7F3C D0=00FF0002 D1=00000002 D2=00000000 D3=0000001A D4=0000010D D5=0000012A D6=00000001 D7=00000000 xnzvc
00:C2BA  D0 41  ADD.W   D1,D0                    A0=0003731A A1=0003731A A2=00FFA55A A3=00FFB65A A4=00037316 A5=00000000 A6=00FF7F60 A7=00FF7F3C D0=00FF0008 D1=00000002 D2=00000000 D3=0000001A D4=0000010D D5=0000012A D6=00000001 D7=00000000 xnzvc
00:C2BC  41 EC  LEA     $0004(A4),A0             A0=0003731A A1=0003731A A2=00FFA55A A3=00FFB65A A4=00037316 A5=00000000 A6=00FF7F60 A7=00FF7F3C D0=00FF000A D1=00000002 D2=00000000 D3=0000001A D4=0000010D D5=0000012A D6=00000001 D7=00000000 xnzvc
00:C2C0  D0 C0  ADDA.W  D0,A0                    A0=0003731A A1=0003731A A2=00FFA55A A3=00FFB65A A4=00037316 A5=00000000 A6=00FF7F60 A7=00FF7F3C D0=00FF000A D1=00000002 D2=00000000 D3=0000001A D4=0000010D D5=0000012A D6=00000001 D7=00000000 xnzvc
00:C2C2  22 48  MOVE.L  A0,A1                    A0=00037324 A1=0003731A A2=00FFA55A A3=00FFB65A A4=00037316 A5=00000000 A6=00FF7F60 A7=00FF7F3C D0=00FF000A D1=00000002 D2=00000000 D3=0000001A D4=0000010D D5=0000012A D6=00000001 D7=00000000 xnzvc
00:C2C4  72 00  MOVEQ   #$00,D1                  A0=00037324 A1=00037324 A2=00FFA55A A3=00FFB65A A4=00037316 A5=00000000 A6=00FF7F60 A7=00FF7F3C D0=00FF000A D1=00000002 D2=00000000 D3=0000001A D4=0000010D D5=0000012A D6=00000001 D7=00000000 xnzvc
00:C2C6  32 2A  MOVE.W  $002C(A2),D1             A0=00037324 A1=00037324 A2=00FFA55A A3=00FFB65A A4=00037316 A5=00000000 A6=00FF7F60 A7=00FF7F3C D0=00FF000A D1=00000000 D2=00000000 D3=0000001A D4=0000010D D5=0000012A D6=00000001 D7=00000000 xnZvc
00:C2CA  02 81  ANDI.L  #$00000800,D1            A0=00037324 A1=00037324 A2=00FFA55A A3=00FFB65A A4=00037316 A5=00000000 A6=00FF7F60 A7=00FF7F3C D0=00FF000A D1=00000280 D2=00000000 D3=0000001A D4=0000010D D5=0000012A D6=00000001 D7=00000000 xnzvc
00:C2D0  67 0A  BEQ     #$0A [00:C2DC]           A0=00037324 A1=00037324 A2=00FFA55A A3=00FFB65A A4=00037316 A5=00000000 A6=00FF7F60 A7=00FF7F3C D0=00FF000A D1=00000000 D2=00000000 D3=0000001A D4=0000010D D5=0000012A D6=00000001 D7=00000000 xnZvc
00:C2D2  30 03  MOVE.W  D3,D0                    A0=0003332A A1=0003332A A2=00FFA6DA A3=00FFB65A A4=00033326 A5=00000000 A6=00FF7F58 A7=00FF7F34 D0=00FF0000 D1=00000800 D2=FFFFFFEF D3=0000002A D4=00000092 D5=00000102 D6=00000000 D7=00000000 xnzvc
00:C2D4  E7 40  ASL.W   #3,D0                    A0=0003332A A1=0003332A A2=00FFA6DA A3=00FFB65A A4=00033326 A5=00000000 A6=00FF7F58 A7=00FF7F34 D0=00FF002A D1=00000800 D2=FFFFFFEF D3=0000002A D4=00000092 D5=00000102 D6=00000000 D7=00000000 xnzvc
00:C2D6  12 29  MOVE.B  $0004(A1),D1             A0=0003332A A1=0003332A A2=00FFA6DA A3=00FFB65A A4=00033326 A5=00000000 A6=00FF7F58 A7=00FF7F34 D0=00FF0150 D1=00000800 D2=FFFFFFEF D3=0000002A D4=00000092 D5=00000102 D6=00000000 D7=00000000 xnzvc
00:C2DA  60 08  BRA     #$08 [00:C2E4]           A0=0003332A A1=0003332A A2=00FFA6DA A3=00FFB65A A4=00033326 A5=00000000 A6=00FF7F58 A7=00FF7F34 D0=00FF0150 D1=000008EE D2=FFFFFFEF D3=0000002A D4=00000092 D5=00000102 D6=00000000 D7=00000000 xNzvc
00:C2DC  30 03  MOVE.W  D3,D0                    A0=00037324 A1=00037324 A2=00FFA55A A3=00FFB65A A4=00037316 A5=00000000 A6=00FF7F60 A7=00FF7F3C D0=00FF000A D1=00000000 D2=00000000 D3=0000001A D4=0000010D D5=0000012A D6=00000001 D7=00000000 xnZvc
00:C2DE  E7 40  ASL.W   #3,D0                    A0=00037324 A1=00037324 A2=00FFA55A A3=00FFB65A A4=00037316 A5=00000000 A6=00FF7F60 A7=00FF7F3C D0=00FF001A D1=00000000 D2=00000000 D3=0000001A D4=0000010D D5=0000012A D6=00000001 D7=00000000 xnzvc
00:C2E0  12 29  MOVE.B  $0002(A1),D1             A0=00037324 A1=00037324 A2=00FFA55A A3=00FFB65A A4=00037316 A5=00000000 A6=00FF7F60 A7=00FF7F3C D0=00FF00D0 D1=00000000 D2=00000000 D3=0000001A D4=0000010D D5=0000012A D6=00000001 D7=00000000 xnzvc
00:C2E4  48 81  EXT.W   D1                       A0=00037324 A1=00037324 A2=00FFA55A A3=00FFB65A A4=00037316 A5=00000000 A6=00FF7F60 A7=00FF7F3C D0=00FF00D0 D1=000000FA D2=00000000 D3=0000001A D4=0000010D D5=0000012A D6=00000001 D7=00000000 xNzvc
00:C2E6  48 C1  EXT.L   D1                       A0=00037324 A1=00037324 A2=00FFA55A A3=00FFB65A A4=00037316 A5=00000000 A6=00FF7F60 A7=00FF7F3C D0=00FF00D0 D1=0000FFFA D2=00000000 D3=0000001A D4=0000010D D5=0000012A D6=00000001 D7=00000000 xNzvc
00:C2E8  34 05  MOVE.W  D5,D2                    A0=00037324 A1=00037324 A2=00FFA55A A3=00FFB65A A4=00037316 A5=00000000 A6=00FF7F60 A7=00FF7F3C D0=00FF00D0 D1=FFFFFFFA D2=00000000 D3=0000001A D4=0000010D D5=0000012A D6=00000001 D7=00000000 xNzvc
00:C2EA  48 C2  EXT.L   D2                       A0=00037324 A1=00037324 A2=00FFA55A A3=00FFB65A A4=00037316 A5=00000000 A6=00FF7F60 A7=00FF7F3C D0=00FF00D0 D1=FFFFFFFA D2=0000012A D3=0000001A D4=0000010D D5=0000012A D6=00000001 D7=00000000 xnzvc
00:C2EC  D2 82  ADD.L   D2,D1                    A0=00037324 A1=00037324 A2=00FFA55A A3=00FFB65A A4=00037316 A5=00000000 A6=00FF7F60 A7=00FF7F3C D0=00FF00D0 D1=FFFFFFFA D2=0000012A D3=0000001A D4=0000010D D5=0000012A D6=00000001 D7=00000000 xnzvc
00:C2EE  37 81  MOVE.W  D1,$06(A3,D0)            A0=00037324 A1=00037324 A2=00FFA55A A3=00FFB65A A4=00037316 A5=00000000 A6=00FF7F60 A7=00FF7F3C D0=00FF00D0 D1=00000124 D2=0000012A D3=0000001A D4=0000010D D5=0000012A D6=00000001 D7=00000000 XnzvC
00:C2F2  0C 6E  CMPI.W  #$00E0,$FFFE(A6)         A0=00037324 A1=00037324 A2=00FFA55A A3=00FFB65A A4=00037316 A5=00000000 A6=00FF7F60 A7=00FF7F3C D0=00FF00D0 D1=00000124 D2=0000012A D3=0000001A D4=0000010D D5=0000012A D6=00000001 D7=00000000 Xnzvc
00:C2F8  6E 08  BGT     #$08 [00:C302]           A0=00037324 A1=00037324 A2=00FFA55A A3=00FFB65A A4=00037316 A5=00000000 A6=00FF7F60 A7=00FF7F3C D0=00FF00D0 D1=00000124 D2=0000012A D3=0000001A D4=0000010D D5=0000012A D6=00000001 D7=00000000 XNzvC
00:C2FA  0C 6E  CMPI.W  #$FF20,$FFFE(A6)         A0=00037324 A1=00037324 A2=00FFA55A A3=00FFB65A A4=00037316 A5=00000000 A6=00FF7F60 A7=00FF7F3C D0=00FF00D0 D1=00000124 D2=0000012A D3=0000001A D4=0000010D D5=0000012A D6=00000001 D7=00000000 XNzvC
00:C300  6C 0A  BGE     #$0A [00:C30C]           A0=00037324 A1=00037324 A2=00FFA55A A3=00FFB65A A4=00037316 A5=00000000 A6=00FF7F60 A7=00FF7F3C D0=00FF00D0 D1=00000124 D2=0000012A D3=0000001A D4=0000010D D5=0000012A D6=00000001 D7=00000000 XnzvC
00:C30C  30 03  MOVE.W  D3,D0                    A0=00037324 A1=00037324 A2=00FFA55A A3=00FFB65A A4=00037316 A5=00000000 A6=00FF7F60 A7=00FF7F3C D0=00FF00D0 D1=00000124 D2=0000012A D3=0000001A D4=0000010D D5=0000012A D6=00000001 D7=00000000 XnzvC
00:C30E  E7 40  ASL.W   #3,D0                    A0=00037324 A1=00037324 A2=00FFA55A A3=00FFB65A A4=00037316 A5=00000000 A6=00FF7F60 A7=00FF7F3C D0=00FF001A D1=00000124 D2=0000012A D3=0000001A D4=0000010D D5=0000012A D6=00000001 D7=00000000 Xnzvc
00:C310  12 29  MOVE.B  $0003(A1),D1             A0=00037324 A1=00037324 A2=00FFA55A A3=00FFB65A A4=00037316 A5=00000000 A6=00FF7F60 A7=00FF7F3C D0=00FF00D0 D1=00000124 D2=0000012A D3=0000001A D4=0000010D D5=0000012A D6=00000001 D7=00000000 xnzvc
00:C314  48 81  EXT.W   D1                       A0=00037324 A1=00037324 A2=00FFA55A A3=00FFB65A A4=00037316 A5=00000000 A6=00FF7F60 A7=00FF7F3C D0=00FF00D0 D1=000001E5 D2=0000012A D3=0000001A D4=0000010D D5=0000012A D6=00000001 D7=00000000 xNzvc
00:C316  48 C1  EXT.L   D1                       A0=00037324 A1=00037324 A2=00FFA55A A3=00FFB65A A4=00037316 A5=00000000 A6=00FF7F60 A7=00FF7F3C D0=00FF00D0 D1=0000FFE5 D2=0000012A D3=0000001A D4=0000010D D5=0000012A D6=00000001 D7=00000000 xNzvc
00:C318  34 04  MOVE.W  D4,D2                    A0=00037324 A1=00037324 A2=00FFA55A A3=00FFB65A A4=00037316 A5=00000000 A6=00FF7F60 A7=00FF7F3C D0=00FF00D0 D1=FFFFFFE5 D2=0000012A D3=0000001A D4=0000010D D5=0000012A D6=00000001 D7=00000000 xNzvc
00:C31A  48 C2  EXT.L   D2                       A0=00037324 A1=00037324 A2=00FFA55A A3=00FFB65A A4=00037316 A5=00000000 A6=00FF7F60 A7=00FF7F3C D0=00FF00D0 D1=FFFFFFE5 D2=0000010D D3=0000001A D4=0000010D D5=0000012A D6=00000001 D7=00000000 xnzvc
00:C31C  D2 82  ADD.L   D2,D1                    A0=00037324 A1=00037324 A2=00FFA55A A3=00FFB65A A4=00037316 A5=00000000 A6=00FF7F60 A7=00FF7F3C D0=00FF00D0 D1=FFFFFFE5 D2=0000010D D3=0000001A D4=0000010D D5=0000012A D6=00000001 D7=00000000 xnzvc
00:C31E  34 2E  MOVE.W  $FFFE(A6),D2             A0=00037324 A1=00037324 A2=00FFA55A A3=00FFB65A A4=00037316 A5=00000000 A6=00FF7F60 A7=00FF7F3C D0=00FF00D0 D1=000000F2 D2=0000010D D3=0000001A D4=0000010D D5=0000012A D6=00000001 D7=00000000 XnzvC
00:C322  48 C2  EXT.L   D2                       A0=00037324 A1=00037324 A2=00FFA55A A3=00FFB65A A4=00037316 A5=00000000 A6=00FF7F60 A7=00FF7F3C D0=00FF00D0 D1=000000F2 D2=00000000 D3=0000001A D4=0000010D D5=0000012A D6=00000001 D7=00000000 XnZvc
00:C324  92 82  SUB.L   D2,D1                    A0=00037324 A1=00037324 A2=00FFA55A A3=00FFB65A A4=00037316 A5=00000000 A6=00FF7F60 A7=00FF7F3C D0=00FF00D0 D1=000000F2 D2=00000000 D3=0000001A D4=0000010D D5=0000012A D6=00000001 D7=00000000 XnZvc
00:C326  37 81  MOVE.W  D1,$00(A3,D0)            A0=00037324 A1=00037324 A2=00FFA55A A3=00FFB65A A4=00037316 A5=00000000 A6=00FF7F60 A7=00FF7F3C D0=00FF00D0 D1=000000F2 D2=00000000 D3=0000001A D4=0000010D D5=0000012A D6=00000001 D7=00000000 xnzvc
00:C32A  52 46  ADDQ.W  #1,D6                    A0=00037324 A1=00037324 A2=00FFA55A A3=00FFB65A A4=00037316 A5=00000000 A6=00FF7F60 A7=00FF7F3C D0=00FF00D0 D1=000000F2 D2=00000000 D3=0000001A D4=0000010D D5=0000012A D6=00000001 D7=00000000 xnzvc
00:C32C  10 2E  MOVE.B  $FFFD(A6),D0             A0=00FFA55A A1=00000000 A2=00FFA55A A3=00FFB65A A4=0003725A A5=00000000 A6=00FF7F60 A7=00FF7F3C D0=00FFA55A D1=00FFA55A D2=00000000 D3=0000000C D4=0000010D D5=0000012A D6=00000000 D7=00000000 xnZvc
00:C330  48 80  EXT.W   D0                       A0=00FFA55A A1=00000000 A2=00FFA55A A3=00FFB65A A4=0003725A A5=00000000 A6=00FF7F60 A7=00FF7F3C D0=00FFA502 D1=00FFA55A D2=00000000 D3=0000000C D4=0000010D D5=0000012A D6=00000000 D7=00000000 xnzvc
00:C332  B0 46  CMP.W   D6,D0                    A0=00FFA55A A1=00000000 A2=00FFA55A A3=00FFB65A A4=0003725A A5=00000000 A6=00FF7F60 A7=00FF7F3C D0=00FF0002 D1=00FFA55A D2=00000000 D3=0000000C D4=0000010D D5=0000012A D6=00000000 D7=00000000 xnzvc
00:C334  6E 00  BGT     #$FF5E [00:C294]         A0=00FFA55A A1=00000000 A2=00FFA55A A3=00FFB65A A4=0003725A A5=00000000 A6=00FF7F60 A7=00FF7F3C D0=00FF0002 D1=00FFA55A D2=00000000 D3=0000000C D4=0000010D D5=0000012A D6=00000000 D7=00000000 xnzvc
00:C338  16 2A  MOVE.B  $0048(A2),D3             A0=000373E4 A1=000373E4 A2=00FFA55A A3=00FFB65A A4=000373D6 A5=00000000 A6=00FF7F60 A7=00FF7F3C D0=00FF0002 D1=000000F6 D2=00000000 D3=0000001A D4=0000010D D5=0000012A D6=00000002 D7=00000000 xnZvc
00:C33C  48 83  EXT.W   D3                       A0=000373E4 A1=000373E4 A2=00FFA55A A3=00FFB65A A4=000373D6 A5=00000000 A6=00FF7F60 A7=00FF7F3C D0=00FF0002 D1=000000F6 D2=00000000 D3=00000000 D4=0000010D D5=0000012A D6=00000002 D7=00000000 xnZvc
00:C33E  67 58  BEQ     #$58 [00:C398]           A0=000373E4 A1=000373E4 A2=00FFA55A A3=00FFB65A A4=000373D6 A5=00000000 A6=00FF7F60 A7=00FF7F3C D0=00FF0002 D1=000000F6 D2=00000000 D3=00000000 D4=0000010D D5=0000012A D6=00000002 D7=00000000 xnZvc
00:C398  08 2A  BTST    #2,$002F(A2)             A0=000373E4 A1=000373E4 A2=00FFA55A A3=00FFB65A A4=000373D6 A5=00000000 A6=00FF7F60 A7=00FF7F3C D0=00FF0002 D1=000000F6 D2=00000000 D3=00000000 D4=0000010D D5=0000012A D6=00000002 D7=00000000 xnZvc
00:C39E  67 00  BEQ     #$0126 [00:C4C6]         A0=000373E4 A1=000373E4 A2=00FFA55A A3=00FFB65A A4=000373D6 A5=00000000 A6=00FF7F60 A7=00FF7F3C D0=00FF0002 D1=000000F6 D2=00000000 D3=00000000 D4=0000010D D5=0000012A D6=00000002 D7=00000000 xnZvc
00:C4C6  24 6A  MOVE.L  $005A(A2),A2             A0=000373E4 A1=000373E4 A2=00FFA55A A3=00FFB65A A4=000373D6 A5=00000000 A6=00FF7F60 A7=00FF7F3C D0=00FF0002 D1=000000F6 D2=00000000 D3=00000000 D4=0000010D D5=0000012A D6=00000002 D7=00000000 xnZvc
00:C4CA  20 0A  MOVE.L  A2,D0                    A0=00037324 A1=00037324 A2=00000000 A3=00FFB65A A4=00037316 A5=00000000 A6=00FF7F60 A7=00FF7F3C D0=00FF0002 D1=000000F2 D2=00000000 D3=00000000 D4=0000010D D5=0000012A D6=00000002 D7=00000000 xnZvc
00:C4CC  66 00  BNE     #$FD6C [00:C23A]         A0=00037324 A1=00037324 A2=00000000 A3=00FFB65A A4=00037316 A5=00000000 A6=00FF7F60 A7=00FF7F3C D0=00000000 D1=000000F2 D2=00000000 D3=00000000 D4=0000010D D5=0000012A D6=00000002 D7=00000000 xnZvc
00:C4D0  4C EE  MOVEM.L $FFDC(A6),{a7-d0}[1c 7c] A0=000373E4 A1=000373E4 A2=00000000 A3=00FFB65A A4=000373D6 A5=00000000 A6=00FF7F60 A7=00FF7F3C D0=00000000 D1=000000F6 D2=00000000 D3=00000000 D4=0000010D D5=0000012A D6=00000002 D7=00000000 xnZvc
00:C4D6  4E 5E  ULNK    A6                       A0=000373E4 A1=000373E4 A2=00FFB65A A3=000373D6 A4=00FF9364 A5=00000000 A6=00FF7F60 A7=00FF7F3C D0=00000000 D1=000000F6 D2=00000000 D3=0000000C D4=00000028 D5=00000000 D6=00000000 D7=00000000 xnZvc
00:C4D8  4E 75  RTS                              A0=000373E4 A1=000373E4 A2=00FFB65A A3=000373D6 A4=00FF9364 A5=00000000 A6=00000000 A7=00FF7F64 D0=00000000 D1=000000F6 D2=00000000 D3=0000000C D4=00000028 D5=00000000 D6=00000000 D7=00000000 xnZvc

00:C4DA  4E 56  LINK    A6,#$FF28                A0=000373E4 A1=000373E4 A2=00FFB65A A3=000373D6 A4=00FF9364 A5=00000000 A6=00000000 A7=00FF7F68 D0=00000000 D1=000000F6 D2=00000000 D3=0000000C D4=00000028 D5=00000000 D6=00000000 D7=00000000 xnZvc
00:C4DE  48 E7  MOVEM.L {d0-a7}[3c 30],-(SP)     A0=000373E4 A1=000373E4 A2=00FFB65A A3=000373D6 A4=00FF9364 A5=00000000 A6=00FF7F64 A7=00FF7E8C D0=00000000 D1=000000F6 D2=00000000 D3=0000000C D4=00000028 D5=00000000 D6=00000000 D7=00000000 xnZvc
00:C4E2  42 43  CLR.W   D3                       A0=000373E4 A1=000373E4 A2=00FFB65A A3=000373D6 A4=00FF9364 A5=00000000 A6=00FF7F64 A7=00FF7E74 D0=00000000 D1=000000F6 D2=00000000 D3=0000000C D4=00000028 D5=00000000 D6=00000000 D7=00000000 xnZvc
00:C4E4  42 44  CLR.W   D4                       A0=000373E4 A1=000373E4 A2=00FFB65A A3=000373D6 A4=00FF9364 A5=00000000 A6=00FF7F64 A7=00FF7E74 D0=00000000 D1=000000F6 D2=00000000 D3=00000000 D4=00000028 D5=00000000 D6=00000000 D7=00000000 xnZvc
00:C4E6  26 7C  MOVE.L  #$00FFB65A,A3            A0=000373E4 A1=000373E4 A2=00FFB65A A3=000373D6 A4=00FF9364 A5=00000000 A6=00FF7F64 A7=00FF7E74 D0=00000000 D1=000000F6 D2=00000000 D3=00000000 D4=00000000 D5=00000000 D6=00000000 D7=00000000 xnZvc
00:C4EC  24 79  MOVE.L  ($00FFD938),A2           A0=000373E4 A1=000373E4 A2=00FFB65A A3=00FFB65A A4=00FF9364 A5=00000000 A6=00FF7F64 A7=00FF7E74 D0=00000000 D1=000000F6 D2=00000000 D3=00000000 D4=00000000 D5=00000000 D6=00000000 D7=00000000 xnZvc
00:C4F2  60 60  BRA     #$60 [00:C554]           A0=000373E4 A1=000373E4 A2=00FFA55A A3=00FFB65A A4=00FF9364 A5=00000000 A6=00FF7F64 A7=00FF7E74 D0=00000000 D1=000000F6 D2=00000000 D3=00000000 D4=00000000 D5=00000000 D6=00000000 D7=00000000 xnZvc
00:C4F4  4A 2A  TST.B   $004A(A2)                A0=000373E4 A1=000373E4 A2=00FFA55A A3=00FFB65A A4=00FF9364 A5=00000000 A6=00FF7F64 A7=00FF7E74 D0=00FFA55A D1=000000F6 D2=00000000 D3=00000000 D4=00000000 D5=00000000 D6=00000000 D7=00000000 xnzvc
00:C4F8  67 56  BEQ     #$56 [00:C550]           A0=000373E4 A1=000373E4 A2=00FFA55A A3=00FFB65A A4=00FF9364 A5=00000000 A6=00FF7F64 A7=00FF7E74 D0=00FFA55A D1=000000F6 D2=00000000 D3=00000000 D4=00000000 D5=00000000 D6=00000000 D7=00000000 xnzvc
00:C4FA  20 6A  MOVE.L  $0022(A2),A0             A0=000373E4 A1=000373E4 A2=00FFA55A A3=00FFB65A A4=00FF9364 A5=00000000 A6=00FF7F64 A7=00FF7E74 D0=00FFA55A D1=000000F6 D2=00000000 D3=00000000 D4=00000000 D5=00000000 D6=00000000 D7=00000000 xnzvc
00:C4FE  70 00  MOVEQ   #$00,D0                  A0=000373D6 A1=000373E4 A2=00FFA55A A3=00FFB65A A4=00FF9364 A5=00000000 A6=00FF7F64 A7=00FF7E74 D0=00FFA55A D1=000000F6 D2=00000000 D3=00000000 D4=00000000 D5=00000000 D6=00000000 D7=00000000 xnzvc
00:C500  10 10  MOVE.B  (A0),D0                  A0=000373D6 A1=000373E4 A2=00FFA55A A3=00FFB65A A4=00FF9364 A5=00000000 A6=00FF7F64 A7=00FF7E74 D0=00000000 D1=000000F6 D2=00000000 D3=00000000 D4=00000000 D5=00000000 D6=00000000 D7=00000000 xnZvc
00:C502  3A 00  MOVE.W  D0,D5                    A0=000373D6 A1=000373E4 A2=00FFA55A A3=00FFB65A A4=00FF9364 A5=00000000 A6=00FF7F64 A7=00FF7E74 D0=00000002 D1=000000F6 D2=00000000 D3=00000000 D4=00000000 D5=00000000 D6=00000000 D7=00000000 xnzvc
00:C504  08 2A  BTST    #1,$002F(A2)             A0=000373D6 A1=000373E4 A2=00FFA55A A3=00FFB65A A4=00FF9364 A5=00000000 A6=00FF7F64 A7=00FF7E74 D0=00000002 D1=000000F6 D2=00000000 D3=00000000 D4=00000000 D5=00000002 D6=00000000 D7=00000000 xnzvc
00:C50A  67 1C  BEQ     #$1C [00:C528]           A0=000373D6 A1=000373E4 A2=00FFA55A A3=00FFB65A A4=00FF9364 A5=00000000 A6=00FF7F64 A7=00FF7E74 D0=00000002 D1=000000F6 D2=00000000 D3=00000000 D4=00000000 D5=00000002 D6=00000000 D7=00000000 xnzvc
00:C50C  42 42  CLR.W   D2                       A0=000373D6 A1=000373E4 A2=00FFA55A A3=00FFB65A A4=00FF9364 A5=00000000 A6=00FF7F64 A7=00FF7E74 D0=00000002 D1=000000F6 D2=00000000 D3=00000000 D4=00000000 D5=00000002 D6=00000000 D7=00000000 xnzvc
00:C50E  60 14  BRA     #$14 [00:C524]           A0=000373D6 A1=000373E4 A2=00FFA55A A3=00FFB65A A4=00FF9364 A5=00000000 A6=00FF7F64 A7=00FF7E74 D0=00000002 D1=000000F6 D2=00000000 D3=00000000 D4=00000000 D5=00000002 D6=00000000 D7=00000000 xnZvc
00:C510  30 03  MOVE.W  D3,D0                    A0=00037316 A1=00037324 A2=00FFA55A A3=00FFB65A A4=00FF9364 A5=00000000 A6=00FF7F64 A7=00FF7E74 D0=00000000 D1=00000019 D2=00000001 D3=00000001 D4=00000000 D5=00000002 D6=00000000 D7=00000000 xNzvC
00:C512  52 43  ADDQ.W  #1,D3                    A0=00037316 A1=00037324 A2=00FFA55A A3=00FFB65A A4=00FF9364 A5=00000000 A6=00FF7F64 A7=00FF7E74 D0=00000001 D1=00000019 D2=00000001 D3=00000001 D4=00000000 D5=00000002 D6=00000000 D7=00000000 xnzvc
00:C514  D0 40  ADD.W   D0,D0                    A0=00037316 A1=00037324 A2=00FFA55A A3=00FFB65A A4=00FF9364 A5=00000000 A6=00FF7F64 A7=00FF7E74 D0=00000001 D1=00000019 D2=00000001 D3=00000002 D4=00000000 D5=00000002 D6=00000000 D7=00000000 xnzvc
00:C516  32 02  MOVE.W  D2,D1                    A0=00037316 A1=00037324 A2=00FFA55A A3=00FFB65A A4=00FF9364 A5=00000000 A6=00FF7F64 A7=00FF7E74 D0=00000002 D1=00000019 D2=00000001 D3=00000002 D4=00000000 D5=00000002 D6=00000000 D7=00000000 xnzvc
00:C518  12 32  MOVE.B  $30(A2,D1),D1            A0=00037316 A1=00037324 A2=00FFA55A A3=00FFB65A A4=00FF9364 A5=00000000 A6=00FF7F64 A7=00FF7E74 D0=00000002 D1=00000001 D2=00000001 D3=00000002 D4=00000000 D5=00000002 D6=00000000 D7=00000000 xnzvc
00:C51C  48 81  EXT.W   D1                       A0=00037316 A1=00037324 A2=00FFA55A A3=00FFB65A A4=00FF9364 A5=00000000 A6=00FF7F64 A7=00FF7E74 D0=00000002 D1=0000001A D2=00000001 D3=00000002 D4=00000000 D5=00000002 D6=00000000 D7=00000000 xnzvc
00:C51E  3D 81  MOVE.W  D1,$94(A6,D0)            A0=00037316 A1=00037324 A2=00FFA55A A3=00FFB65A A4=00FF9364 A5=00000000 A6=00FF7F64 A7=00FF7E74 D0=00000002 D1=0000001A D2=00000001 D3=00000002 D4=00000000 D5=00000002 D6=00000000 D7=00000000 xnzvc
00:C522  52 42  ADDQ.W  #1,D2                    A0=00037316 A1=00037324 A2=00FFA55A A3=00FFB65A A4=00FF9364 A5=00000000 A6=00FF7F64 A7=00FF7E74 D0=00000002 D1=0000001A D2=00000001 D3=00000002 D4=00000000 D5=00000002 D6=00000000 D7=00000000 xnzvc
00:C524  B4 45  CMP.W   D5,D2                    A0=0003725A A1=00037268 A2=00FFA55A A3=00FFB65A A4=00FF9364 A5=00000000 A6=00FF7F64 A7=00FF7E74 D0=00000002 D1=000000EC D2=00000000 D3=00000000 D4=00000000 D5=00000002 D6=00000000 D7=00000000 xnZvc
00:C526  6D E8  BLT     #$E8 [00:C510]           A0=0003725A A1=00037268 A2=00FFA55A A3=00FFB65A A4=00FF9364 A5=00000000 A6=00FF7F64 A7=00FF7E74 D0=00000002 D1=000000EC D2=00000000 D3=00000000 D4=00000000 D5=00000002 D6=00000000 D7=00000000 xNzvC
00:C528  08 2A  BTST    #2,$002F(A2)             A0=000373D6 A1=000373E4 A2=00FFA55A A3=00FFB65A A4=00FF9364 A5=00000000 A6=00FF7F64 A7=00FF7E74 D0=00000002 D1=0000001A D2=00000002 D3=00000002 D4=00000000 D5=00000002 D6=00000000 D7=00000000 xnZvc
00:C52E  67 20  BEQ     #$20 [00:C550]           A0=000373D6 A1=000373E4 A2=00FFA55A A3=00FFB65A A4=00FF9364 A5=00000000 A6=00FF7F64 A7=00FF7E74 D0=00000002 D1=0000001A D2=00000002 D3=00000002 D4=00000000 D5=00000002 D6=00000000 D7=00000000 xnZvc
00:C550  24 6A  MOVE.L  $005A(A2),A2             A0=000373D6 A1=000373E4 A2=00FFA55A A3=00FFB65A A4=00FF9364 A5=00000000 A6=00FF7F64 A7=00FF7E74 D0=00000002 D1=0000001A D2=00000002 D3=00000002 D4=00000000 D5=00000002 D6=00000000 D7=00000000 xnZvc
00:C554  20 0A  MOVE.L  A2,D0                    A0=00037316 A1=00037324 A2=00000000 A3=00FFB65A A4=00FF9364 A5=00000000 A6=00FF7F64 A7=00FF7E74 D0=00000002 D1=0000001A D2=00000002 D3=00000002 D4=00000000 D5=00000002 D6=00000000 D7=00000000 xnZvc
00:C556  66 9C  BNE     #$9C [00:C4F4]           A0=00037316 A1=00037324 A2=00000000 A3=00FFB65A A4=00FF9364 A5=00000000 A6=00FF7F64 A7=00FF7E74 D0=00000000 D1=0000001A D2=00000002 D3=00000002 D4=00000000 D5=00000002 D6=00000000 D7=00000000 xnZvc
00:C558  24 79  MOVE.L  ($00FFD938),A2           A0=000373D6 A1=000373E4 A2=00000000 A3=00FFB65A A4=00FF9364 A5=00000000 A6=00FF7F64 A7=00FF7E74 D0=00000000 D1=0000001A D2=00000002 D3=00000002 D4=00000000 D5=00000002 D6=00000000 D7=00000000 xnZvc
00:C55E  60 42  BRA     #$42 [00:C5A2]           A0=000373D6 A1=000373E4 A2=00FFA55A A3=00FFB65A A4=00FF9364 A5=00000000 A6=00FF7F64 A7=00FF7E74 D0=00000000 D1=0000001A D2=00000002 D3=00000002 D4=00000000 D5=00000002 D6=00000000 D7=00000000 xnZvc
00:C560  4A 2A  TST.B   $004A(A2)                A0=000373D6 A1=000373E4 A2=00FFA55A A3=00FFB65A A4=00FF9364 A5=00000000 A6=00FF7F64 A7=00FF7E74 D0=00FFA55A D1=0000001A D2=00000002 D3=00000002 D4=00000000 D5=00000002 D6=00000000 D7=00000000 xnzvc
00:C564  67 38  BEQ     #$38 [00:C59E]           A0=000373D6 A1=000373E4 A2=00FFA55A A3=00FFB65A A4=00FF9364 A5=00000000 A6=00FF7F64 A7=00FF7E74 D0=00FFA55A D1=0000001A D2=00000002 D3=00000002 D4=00000000 D5=00000002 D6=00000000 D7=00000000 xnzvc
00:C566  08 2A  BTST    #6,$002F(A2)             A0=000373D6 A1=000373E4 A2=00FFA55A A3=00FFB65A A4=00FF9364 A5=00000000 A6=00FF7F64 A7=00FF7E74 D0=00FFA55A D1=0000001A D2=00000002 D3=00000002 D4=00000000 D5=00000002 D6=00000000 D7=00000000 xnzvc
00:C56C  67 30  BEQ     #$30 [00:C59E]           A0=000373D6 A1=000373E4 A2=00FFA55A A3=00FFB65A A4=00FF9364 A5=00000000 A6=00FF7F64 A7=00FF7E74 D0=00FFA55A D1=0000001A D2=00000002 D3=00000002 D4=00000000 D5=00000002 D6=00000000 D7=00000000 xnZvc
00:C59E  24 6A  MOVE.L  $005A(A2),A2             A0=000373D6 A1=000373E4 A2=00FFA55A A3=00FFB65A A4=00FF9364 A5=00000000 A6=00FF7F64 A7=00FF7E74 D0=00FFA55A D1=0000001A D2=00000002 D3=00000002 D4=00000000 D5=00000002 D6=00000000 D7=00000000 xnZvc
00:C5A2  20 0A  MOVE.L  A2,D0                    A0=00037316 A1=00037324 A2=00000000 A3=00FFB65A A4=00FF9364 A5=00000000 A6=00FF7F64 A7=00FF7E74 D0=00FFA55A D1=0000001A D2=00000002 D3=00000002 D4=00000000 D5=00000002 D6=00000000 D7=00000000 xnZvc
00:C5A4  66 BA  BNE     #$BA [00:C560]           A0=00037316 A1=00037324 A2=00000000 A3=00FFB65A A4=00FF9364 A5=00000000 A6=00FF7F64 A7=00FF7E74 D0=00000000 D1=0000001A D2=00000002 D3=00000002 D4=00000000 D5=00000002 D6=00000000 D7=00000000 xnZvc
00:C5A6  24 79  MOVE.L  ($00FFD93C),A2           A0=000373D6 A1=000373E4 A2=00000000 A3=00FFB65A A4=00FF9364 A5=00000000 A6=00FF7F64 A7=00FF7E74 D0=00000000 D1=0000001A D2=00000002 D3=00000002 D4=00000000 D5=00000002 D6=00000000 D7=00000000 xnZvc
00:C5AC  60 00  BRA     #$006A [00:C618]         A0=000373D6 A1=000373E4 A2=00000000 A3=00FFB65A A4=00FF9364 A5=00000000 A6=00FF7F64 A7=00FF7E74 D0=00000000 D1=0000001A D2=00000002 D3=00000002 D4=00000000 D5=00000002 D6=00000000 D7=00000000 xnZvc
00:C618  20 0A  MOVE.L  A2,D0                    A0=000373D6 A1=000373E4 A2=00000000 A3=00FFB65A A4=00FF9364 A5=00000000 A6=00FF7F64 A7=00FF7E74 D0=00000000 D1=0000001A D2=00000002 D3=00000002 D4=00000000 D5=00000002 D6=00000000 D7=00000000 xnZvc
00:C61A  66 94  BNE     #$94 [00:C5B0]           A0=000373D6 A1=000373E4 A2=00000000 A3=00FFB65A A4=00FF9364 A5=00000000 A6=00FF7F64 A7=00FF7E74 D0=00000000 D1=0000001A D2=00000002 D3=00000002 D4=00000000 D5=00000002 D6=00000000 D7=00000000 xnZvc
00:C61C  17 7C  MOVE.B  #$4F,$00BB(A3)           A0=000373D6 A1=000373E4 A2=00000000 A3=00FFB65A A4=00FF9364 A5=00000000 A6=00FF7F64 A7=00FF7E74 D0=00000000 D1=0000001A D2=00000002 D3=00000002 D4=00000000 D5=00000002 D6=00000000 D7=00000000 xnZvc
00:C622  7A 17  MOVEQ   #$17,D5                  A0=000373D6 A1=000373E4 A2=00000000 A3=00FFB65A A4=00FF9364 A5=00000000 A6=00FF7F64 A7=00FF7E74 D0=00000000 D1=0000001A D2=00000002 D3=00000002 D4=00000000 D5=00000002 D6=00000000 D7=00000000 xnzvc
00:C624  42 42  CLR.W   D2                       A0=000373D6 A1=000373E4 A2=00000000 A3=00FFB65A A4=00FF9364 A5=00000000 A6=00FF7F64 A7=00FF7E74 D0=00000000 D1=0000001A D2=00000002 D3=00000002 D4=00000000 D5=00000017 D6=00000000 D7=00000000 xnzvc
00:C626  60 1E  BRA     #$1E [00:C646]           A0=000373D6 A1=000373E4 A2=00000000 A3=00FFB65A A4=00FF9364 A5=00000000 A6=00FF7F64 A7=00FF7E74 D0=00000000 D1=0000001A D2=00000000 D3=00000002 D4=00000000 D5=00000017 D6=00000000 D7=00000000 xnZvc
00:C628  30 02  MOVE.W  D2,D0                    A0=00037316 A1=00037324 A2=00000000 A3=00FFB65A A4=00FF9364 A5=00000000 A6=00FF7F64 A7=00FF7E74 D0=000000B8 D1=00000019 D2=00000001 D3=00000002 D4=00000000 D5=00000019 D6=00000000 D7=00000000 xNzvC
00:C62A  D0 40  ADD.W   D0,D0                    A0=00037316 A1=00037324 A2=00000000 A3=00FFB65A A4=00FF9364 A5=00000000 A6=00FF7F64 A7=00FF7E74 D0=00000001 D1=00000019 D2=00000001 D3=00000002 D4=00000000 D5=00000019 D6=00000000 D7=00000000 xnzvc
00:C62C  32 36  MOVE.W  $94(A6,D0),D1            A0=00037316 A1=00037324 A2=00000000 A3=00FFB65A A4=00FF9364 A5=00000000 A6=00FF7F64 A7=00FF7E74 D0=00000002 D1=00000019 D2=00000001 D3=00000002 D4=00000000 D5=00000019 D6=00000000 D7=00000000 xnzvc
00:C630  30 01  MOVE.W  D1,D0                    A0=00037316 A1=00037324 A2=00000000 A3=00FFB65A A4=00FF9364 A5=00000000 A6=00FF7F64 A7=00FF7E74 D0=00000002 D1=0000001A D2=00000001 D3=00000002 D4=00000000 D5=00000019 D6=00000000 D7=00000000 xnzvc
00:C632  E7 40  ASL.W   #3,D0                    A0=00037316 A1=00037324 A2=00000000 A3=00FFB65A A4=00FF9364 A5=00000000 A6=00FF7F64 A7=00FF7E74 D0=0000001A D1=0000001A D2=00000001 D3=00000002 D4=00000000 D5=00000019 D6=00000000 D7=00000000 xnzvc
00:C634  17 BC  MOVE.B  #$4F,$03(A3,D0)          A0=00037316 A1=00037324 A2=00000000 A3=00FFB65A A4=00FF9364 A5=00000000 A6=00FF7F64 A7=00FF7E74 D0=000000D0 D1=0000001A D2=00000001 D3=00000002 D4=00000000 D5=00000019 D6=00000000 D7=00000000 xnzvc
00:C63A  30 05  MOVE.W  D5,D0                    A0=00037316 A1=00037324 A2=00000000 A3=00FFB65A A4=00FF9364 A5=00000000 A6=00FF7F64 A7=00FF7E74 D0=000000D0 D1=0000001A D2=00000001 D3=00000002 D4=00000000 D5=00000019 D6=00000000 D7=00000000 xnzvc
00:C63C  E7 40  ASL.W   #3,D0                    A0=00037316 A1=00037324 A2=00000000 A3=00FFB65A A4=00FF9364 A5=00000000 A6=00FF7F64 A7=00FF7E74 D0=00000019 D1=0000001A D2=00000001 D3=00000002 D4=00000000 D5=00000019 D6=00000000 D7=00000000 xnzvc
00:C63E  17 81  MOVE.B  D1,$03(A3,D0)            A0=00037316 A1=00037324 A2=00000000 A3=00FFB65A A4=00FF9364 A5=00000000 A6=00FF7F64 A7=00FF7E74 D0=000000C8 D1=0000001A D2=00000001 D3=00000002 D4=00000000 D5=00000019 D6=00000000 D7=00000000 xnzvc
00:C642  3A 01  MOVE.W  D1,D5                    A0=00037316 A1=00037324 A2=00000000 A3=00FFB65A A4=00FF9364 A5=00000000 A6=00FF7F64 A7=00FF7E74 D0=000000C8 D1=0000001A D2=00000001 D3=00000002 D4=00000000 D5=00000019 D6=00000000 D7=00000000 xnzvc
00:C644  52 42  ADDQ.W  #1,D2                    A0=00037316 A1=00037324 A2=00000000 A3=00FFB65A A4=00FF9364 A5=00000000 A6=00FF7F64 A7=00FF7E74 D0=000000C8 D1=0000001A D2=00000001 D3=00000002 D4=00000000 D5=0000001A D6=00000000 D7=00000000 xnzvc
00:C646  B4 43  CMP.W   D3,D2                    A0=0003725A A1=00037268 A2=00000000 A3=00FFB65A A4=00FF9364 A5=00000000 A6=00FF7F64 A7=00FF7E74 D0=00000000 D1=0000001A D2=00000000 D3=00000002 D4=00000000 D5=00000017 D6=00000000 D7=00000000 xnZvc
00:C648  6D DE  BLT     #$DE [00:C628]           A0=0003725A A1=00037268 A2=00000000 A3=00FFB65A A4=00FF9364 A5=00000000 A6=00FF7F64 A7=00FF7E74 D0=00000000 D1=0000001A D2=00000000 D3=00000002 D4=00000000 D5=00000017 D6=00000000 D7=00000000 xNzvC
00:C64A  17 7C  MOVE.B  #$4F,$00C3(A3)           A0=000373D6 A1=000373E4 A2=00000000 A3=00FFB65A A4=00FF9364 A5=00000000 A6=00FF7F64 A7=00FF7E74 D0=000000C8 D1=0000001A D2=00000002 D3=00000002 D4=00000000 D5=0000001A D6=00000000 D7=00000000 xnZvc
00:C650  30 05  MOVE.W  D5,D0                    A0=000373D6 A1=000373E4 A2=00000000 A3=00FFB65A A4=00FF9364 A5=00000000 A6=00FF7F64 A7=00FF7E74 D0=000000C8 D1=0000001A D2=00000002 D3=00000002 D4=00000000 D5=0000001A D6=00000000 D7=00000000 xnzvc
00:C652  E7 40  ASL.W   #3,D0                    A0=000373D6 A1=000373E4 A2=00000000 A3=00FFB65A A4=00FF9364 A5=00000000 A6=00FF7F64 A7=00FF7E74 D0=0000001A D1=0000001A D2=00000002 D3=00000002 D4=00000000 D5=0000001A D6=00000000 D7=00000000 xnzvc
00:C654  17 BC  MOVE.B  #$18,$03(A3,D0)          A0=000373D6 A1=000373E4 A2=00000000 A3=00FFB65A A4=00FF9364 A5=00000000 A6=00FF7F64 A7=00FF7E74 D0=000000D0 D1=0000001A D2=00000002 D3=00000002 D4=00000000 D5=0000001A D6=00000000 D7=00000000 xnzvc
00:C65A  7A 18  MOVEQ   #$18,D5                  A0=000373D6 A1=000373E4 A2=00000000 A3=00FFB65A A4=00FF9364 A5=00000000 A6=00FF7F64 A7=00FF7E74 D0=000000D0 D1=0000001A D2=00000002 D3=00000002 D4=00000000 D5=0000001A D6=00000000 D7=00000000 xnzvc
00:C65C  42 42  CLR.W   D2                       A0=000373D6 A1=000373E4 A2=00000000 A3=00FFB65A A4=00FF9364 A5=00000000 A6=00FF7F64 A7=00FF7E74 D0=000000D0 D1=0000001A D2=00000002 D3=00000002 D4=00000000 D5=00000018 D6=00000000 D7=00000000 xnzvc
00:C65E  60 22  BRA     #$22 [00:C682]           A0=000373D6 A1=000373E4 A2=00000000 A3=00FFB65A A4=00FF9364 A5=00000000 A6=00FF7F64 A7=00FF7E74 D0=000000D0 D1=0000001A D2=00000000 D3=00000002 D4=00000000 D5=00000018 D6=00000000 D7=00000000 xnZvc
00:C682  B4 44  CMP.W   D4,D2                    A0=000373D6 A1=000373E4 A2=00000000 A3=00FFB65A A4=00FF9364 A5=00000000 A6=00FF7F64 A7=00FF7E74 D0=000000D0 D1=0000001A D2=00000000 D3=00000002 D4=00000000 D5=00000018 D6=00000000 D7=00000000 xnZvc
00:C684  6D DA  BLT     #$DA [00:C660]           A0=000373D6 A1=000373E4 A2=00000000 A3=00FFB65A A4=00FF9364 A5=00000000 A6=00FF7F64 A7=00FF7E74 D0=000000D0 D1=0000001A D2=00000000 D3=00000002 D4=00000000 D5=00000018 D6=00000000 D7=00000000 xnZvc
00:C686  4C EE  MOVEM.L $FF10(A6),{a7-d0}[0c 3c] A0=000373D6 A1=000373E4 A2=00000000 A3=00FFB65A A4=00FF9364 A5=00000000 A6=00FF7F64 A7=00FF7E74 D0=000000D0 D1=0000001A D2=00000000 D3=00000002 D4=00000000 D5=00000018 D6=00000000 D7=00000000 xnZvc
00:C68C  4E 5E  ULNK    A6                       A0=000373D6 A1=000373E4 A2=00FFB65A A3=000373D6 A4=00FF9364 A5=00000000 A6=00FF7F64 A7=00FF7E74 D0=000000D0 D1=0000001A D2=00000000 D3=0000000C D4=00000028 D5=00000000 D6=00000000 D7=00000000 xnZvc
00:C68E  4E 75  RTS                              A0=000373D6 A1=000373E4 A2=00FFB65A A3=000373D6 A4=00FF9364 A5=00000000 A6=00000000 A7=00FF7F68 D0=000000D0 D1=0000001A D2=00000000 D3=0000000C D4=00000028 D5=00000000 D6=00000000 D7=00000000 xnZvc

00:C690  48 E7  MOVEM.L {d0-a7}[38 38],-(SP)     A0=00FFD8DC A1=00FFB65A A2=00FFB65A A3=000373D6 A4=00FF9364 A5=00000000 A6=00000000 A7=00FF7F68 D0=0000000C D1=00000001 D2=00000000 D3=0000000C D4=00000028 D5=00000000 D6=00000000 D7=00000000 xnZvc
00:C694  72 00  MOVEQ   #$00,D1                  A0=00FFD8DC A1=00FFB65A A2=00FFB65A A3=000373D6 A4=00FF9364 A5=00000000 A6=00000000 A7=00FF7F50 D0=0000000C D1=00000001 D2=00000000 D3=0000000C D4=00000028 D5=00000000 D6=00000000 D7=00000000 xnZvc
00:C696  70 00  MOVEQ   #$00,D0                  A0=00FFD8DC A1=00FFB65A A2=00FFB65A A3=000373D6 A4=00FF9364 A5=00000000 A6=00000000 A7=00FF7F50 D0=0000000C D1=00000000 D2=00000000 D3=0000000C D4=00000028 D5=00000000 D6=00000000 D7=00000000 xnZvc
00:C698  26 40  MOVE.L  D0,A3                    A0=00FFD8DC A1=00FFB65A A2=00FFB65A A3=000373D6 A4=00FF9364 A5=00000000 A6=00000000 A7=00FF7F50 D0=00000000 D1=00000000 D2=00000000 D3=0000000C D4=00000028 D5=00000000 D6=00000000 D7=00000000 xnZvc
00:C69A  74 00  MOVEQ   #$00,D2                  A0=00FFD8DC A1=00FFB65A A2=00FFB65A A3=00000000 A4=00FF9364 A5=00000000 A6=00000000 A7=00FF7F50 D0=00000000 D1=00000000 D2=00000000 D3=0000000C D4=00000028 D5=00000000 D6=00000000 D7=00000000 xnZvc
00:C69C  28 40  MOVE.L  D0,A4                    A0=00FFD8DC A1=00FFB65A A2=00FFB65A A3=00000000 A4=00FF9364 A5=00000000 A6=00000000 A7=00FF7F50 D0=00000000 D1=00000000 D2=00000000 D3=0000000C D4=00000028 D5=00000000 D6=00000000 D7=00000000 xnZvc
00:C69E  0C 39  CMPI.B  #$1A,($00FF912C)         A0=00FFD8DC A1=00FFB65A A2=00FFB65A A3=00000000 A4=00000000 A5=00000000 A6=00000000 A7=00FF7F50 D0=00000000 D1=00000000 D2=00000000 D3=0000000C D4=00000028 D5=00000000 D6=00000000 D7=00000000 xnZvc
00:C6A6  66 04  BNE     #$04 [00:C6AC]           A0=00FFD8DC A1=00FFB65A A2=00FFB65A A3=00000000 A4=00000000 A5=00000000 A6=00000000 A7=00FF7F50 D0=00000000 D1=00000000 D2=00000000 D3=0000000C D4=00000028 D5=00000000 D6=00000000 D7=00000000 xNzvC
00:C6AC  78 1A  MOVEQ   #$1A,D4                  A0=00FFD8DC A1=00FFB65A A2=00FFB65A A3=00000000 A4=00000000 A5=00000000 A6=00000000 A7=00FF7F50 D0=00000000 D1=00000000 D2=00000000 D3=0000000C D4=00000028 D5=00000000 D6=00000000 D7=00000000 xNzvC
00:C6AE  20 7C  MOVE.L  #$00FFA25A,A0            A0=00FFD8DC A1=00FFB65A A2=00FFB65A A3=00000000 A4=00000000 A5=00000000 A6=00000000 A7=00FF7F50 D0=00000000 D1=00000000 D2=00000000 D3=0000000C D4=0000001A D5=00000000 D6=00000000 D7=00000000 xnzvc
00:C6B4  42 43  CLR.W   D3                       A0=00FFA25A A1=00FFB65A A2=00FFB65A A3=00000000 A4=00000000 A5=00000000 A6=00000000 A7=00FF7F50 D0=00000000 D1=00000000 D2=00000000 D3=0000000C D4=0000001A D5=00000000 D6=00000000 D7=00000000 xnzvc
00:C6B6  60 00  BRA     #$00AE [00:C766]         A0=00FFA25A A1=00FFB65A A2=00FFB65A A3=00000000 A4=00000000 A5=00000000 A6=00000000 A7=00FF7F50 D0=00000000 D1=00000000 D2=00000000 D3=00000000 D4=0000001A D5=00000000 D6=00000000 D7=00000000 xnZvc
00:C6BA  08 28  BTST    #0,$002F(A0)             A0=00FFA7DA A1=00000000 A2=00000000 A3=00FFA55A A4=00000000 A5=00000000 A6=00000000 A7=00FF7F50 D0=00000000 D1=00FFA55A D2=00000000 D3=0000000B D4=0000001A D5=00000000 D6=00000000 D7=00000000 xNzvC
00:C6C0  67 00  BEQ     #$009E [00:C760]         A0=00FFA7DA A1=00000000 A2=00000000 A3=00FFA55A A4=00000000 A5=00000000 A6=00000000 A7=00FF7F50 D0=00000000 D1=00FFA55A D2=00000000 D3=0000000B D4=0000001A D5=00000000 D6=00000000 D7=00000000 xNZvC
00:C6C4  08 28  BTST    #7,$002F(A0)             A0=00FFA55A A1=00FFB65A A2=00FFB65A A3=00000000 A4=00000000 A5=00000000 A6=00000000 A7=00FF7F50 D0=00000000 D1=00000000 D2=00000000 D3=00000006 D4=0000001A D5=00000000 D6=00000000 D7=00000000 xNzvC
00:C6CA  67 4C  BEQ     #$4C [00:C718]           A0=00FFA55A A1=00FFB65A A2=00FFB65A A3=00000000 A4=00000000 A5=00000000 A6=00000000 A7=00FF7F50 D0=00000000 D1=00000000 D2=00000000 D3=00000006 D4=0000001A D5=00000000 D6=00000000 D7=00000000 xNZvC
00:C718  70 00  MOVEQ   #$00,D0                  A0=00FFA55A A1=00FFB65A A2=00FFB65A A3=00000000 A4=00000000 A5=00000000 A6=00000000 A7=00FF7F50 D0=00000000 D1=00000000 D2=00000000 D3=00000006 D4=0000001A D5=00000000 D6=00000000 D7=00000000 xNZvC
00:C71A  24 40  MOVE.L  D0,A2                    A0=00FFA55A A1=00FFB65A A2=00FFB65A A3=00000000 A4=00000000 A5=00000000 A6=00000000 A7=00FF7F50 D0=00000000 D1=00000000 D2=00000000 D3=00000006 D4=0000001A D5=00000000 D6=00000000 D7=00000000 xnZvc
00:C71C  22 41  MOVE.L  D1,A1                    A0=00FFA55A A1=00FFB65A A2=00000000 A3=00000000 A4=00000000 A5=00000000 A6=00000000 A7=00FF7F50 D0=00000000 D1=00000000 D2=00000000 D3=00000006 D4=0000001A D5=00000000 D6=00000000 D7=00000000 xnZvc
00:C71E  60 26  BRA     #$26 [00:C746]           A0=00FFA55A A1=00000000 A2=00000000 A3=00000000 A4=00000000 A5=00000000 A6=00000000 A7=00FF7F50 D0=00000000 D1=00000000 D2=00000000 D3=00000006 D4=0000001A D5=00000000 D6=00000000 D7=00000000 xnZvc
00:C720  30 29  MOVE.W  $0002(A1),D0             A0=00FFA5DA A1=00FFA55A A2=00000000 A3=00FFA55A A4=00000000 A5=00000000 A6=00000000 A7=00FF7F50 D0=00FFA55A D1=00FFA55A D2=00000000 D3=00000007 D4=0000001A D5=00000000 D6=00000000 D7=00000000 xnzvc
00:C724  B0 68  CMP.W   $0002(A0),D0             A0=00FFA5DA A1=00FFA55A A2=00000000 A3=00FFA55A A4=00000000 A5=00000000 A6=00000000 A7=00FF7F50 D0=00FF0053 D1=00FFA55A D2=00000000 D3=00000007 D4=0000001A D5=00000000 D6=00000000 D7=00000000 xnzvc
00:C728  6C 16  BGE     #$16 [00:C740]           A0=00FFA5DA A1=00FFA55A A2=00000000 A3=00FFA55A A4=00000000 A5=00000000 A6=00000000 A7=00FF7F50 D0=00FF0053 D1=00FFA55A D2=00000000 D3=00000007 D4=0000001A D5=00000000 D6=00000000 D7=00000000 xNzvC
00:C72A  20 0A  MOVE.L  A2,D0                    A0=00FFA5DA A1=00FFA55A A2=00000000 A3=00FFA55A A4=00000000 A5=00000000 A6=00000000 A7=00FF7F50 D0=00FF0053 D1=00FFA55A D2=00000000 D3=00000007 D4=0000001A D5=00000000 D6=00000000 D7=00000000 xNzvC
00:C72C  66 08  BNE     #$08 [00:C736]           A0=00FFA5DA A1=00FFA55A A2=00000000 A3=00FFA55A A4=00000000 A5=00000000 A6=00000000 A7=00FF7F50 D0=00000000 D1=00FFA55A D2=00000000 D3=00000007 D4=0000001A D5=00000000 D6=00000000 D7=00000000 xnZvc
00:C72E  21 41  MOVE.L  D1,$005A(A0)             A0=00FFA5DA A1=00FFA55A A2=00000000 A3=00FFA55A A4=00000000 A5=00000000 A6=00000000 A7=00FF7F50 D0=00000000 D1=00FFA55A D2=00000000 D3=00000007 D4=0000001A D5=00000000 D6=00000000 D7=00000000 xnZvc
00:C732  22 08  MOVE.L  A0,D1                    A0=00FFA5DA A1=00FFA55A A2=00000000 A3=00FFA55A A4=00000000 A5=00000000 A6=00000000 A7=00FF7F50 D0=00000000 D1=00FFA55A D2=00000000 D3=00000007 D4=0000001A D5=00000000 D6=00000000 D7=00000000 xnzvc
00:C734  60 14  BRA     #$14 [00:C74A]           A0=00FFA5DA A1=00FFA55A A2=00000000 A3=00FFA55A A4=00000000 A5=00000000 A6=00000000 A7=00FF7F50 D0=00000000 D1=00FFA5DA D2=00000000 D3=00000007 D4=0000001A D5=00000000 D6=00000000 D7=00000000 xnzvc
00:C736  21 49  MOVE.L  A1,$005A(A0)             A0=00FFA8DA A1=00FFA6DA A2=00FFA85A A3=00FFA6DA A4=00000000 A5=00000000 A6=00000000 A7=00FF7F50 D0=00FFA85A D1=00FFA55A D2=00000000 D3=0000000D D4=0000001A D5=00000000 D6=00000000 D7=00000000 xnzvc
00:C73A  25 48  MOVE.L  A0,$005A(A2)             A0=00FFA8DA A1=00FFA6DA A2=00FFA85A A3=00FFA6DA A4=00000000 A5=00000000 A6=00000000 A7=00FF7F50 D0=00FFA85A D1=00FFA55A D2=00000000 D3=0000000D D4=0000001A D5=00000000 D6=00000000 D7=00000000 xnzvc
00:C73E  60 0A  BRA     #$0A [00:C74A]           A0=00FFA8DA A1=00FFA6DA A2=00FFA85A A3=00FFA6DA A4=00000000 A5=00000000 A6=00000000 A7=00FF7F50 D0=00FFA85A D1=00FFA55A D2=00000000 D3=0000000D D4=0000001A D5=00000000 D6=00000000 D7=00000000 xnzvc
00:C740  24 49  MOVE.L  A1,A2                    A0=00FFA85A A1=00FFA65A A2=00FFA5DA A3=00FFA6DA A4=00000000 A5=00000000 A6=00000000 A7=00FF7F50 D0=00FF0070 D1=00FFA55A D2=00000000 D3=0000000C D4=0000001A D5=00000000 D6=00000000 D7=00000000 xnZvc
00:C742  22 69  MOVE.L  $005A(A1),A1             A0=00FFA85A A1=00FFA65A A2=00FFA65A A3=00FFA6DA A4=00000000 A5=00000000 A6=00000000 A7=00FF7F50 D0=00FF0070 D1=00FFA55A D2=00000000 D3=0000000C D4=0000001A D5=00000000 D6=00000000 D7=00000000 xnZvc
00:C746  20 09  MOVE.L  A1,D0                    A0=00FFA55A A1=00000000 A2=00000000 A3=00000000 A4=00000000 A5=00000000 A6=00000000 A7=00FF7F50 D0=00000000 D1=00000000 D2=00000000 D3=00000006 D4=0000001A D5=00000000 D6=00000000 D7=00000000 xnZvc
00:C748  66 D6  BNE     #$D6 [00:C720]           A0=00FFA55A A1=00000000 A2=00000000 A3=00000000 A4=00000000 A5=00000000 A6=00000000 A7=00FF7F50 D0=00000000 D1=00000000 D2=00000000 D3=00000006 D4=0000001A D5=00000000 D6=00000000 D7=00000000 xnZvc
00:C74A  20 09  MOVE.L  A1,D0                    A0=00FFA55A A1=00000000 A2=00000000 A3=00000000 A4=00000000 A5=00000000 A6=00000000 A7=00FF7F50 D0=00000000 D1=00000000 D2=00000000 D3=00000006 D4=0000001A D5=00000000 D6=00000000 D7=00000000 xnZvc
00:C74C  66 12  BNE     #$12 [00:C760]           A0=00FFA55A A1=00000000 A2=00000000 A3=00000000 A4=00000000 A5=00000000 A6=00000000 A7=00FF7F50 D0=00000000 D1=00000000 D2=00000000 D3=00000006 D4=0000001A D5=00000000 D6=00000000 D7=00000000 xnZvc
00:C74E  4A 81  TST.L   D1                       A0=00FFA55A A1=00000000 A2=00000000 A3=00000000 A4=00000000 A5=00000000 A6=00000000 A7=00FF7F50 D0=00000000 D1=00000000 D2=00000000 D3=00000006 D4=0000001A D5=00000000 D6=00000000 D7=00000000 xnZvc
00:C750  66 04  BNE     #$04 [00:C756]           A0=00FFA55A A1=00000000 A2=00000000 A3=00000000 A4=00000000 A5=00000000 A6=00000000 A7=00FF7F50 D0=00000000 D1=00000000 D2=00000000 D3=00000006 D4=0000001A D5=00000000 D6=00000000 D7=00000000 xnZvc
00:C752  22 08  MOVE.L  A0,D1                    A0=00FFA55A A1=00000000 A2=00000000 A3=00000000 A4=00000000 A5=00000000 A6=00000000 A7=00FF7F50 D0=00000000 D1=00000000 D2=00000000 D3=00000006 D4=0000001A D5=00000000 D6=00000000 D7=00000000 xnZvc
00:C754  60 04  BRA     #$04 [00:C75A]           A0=00FFA55A A1=00000000 A2=00000000 A3=00000000 A4=00000000 A5=00000000 A6=00000000 A7=00FF7F50 D0=00000000 D1=00FFA55A D2=00000000 D3=00000006 D4=0000001A D5=00000000 D6=00000000 D7=00000000 xnzvc
00:C756  27 48  MOVE.L  A0,$005A(A3)             A0=00FFA5DA A1=00000000 A2=00FFA55A A3=00FFA55A A4=00000000 A5=00000000 A6=00000000 A7=00FF7F50 D0=00000000 D1=00FFA55A D2=00000000 D3=00000007 D4=0000001A D5=00000000 D6=00000000 D7=00000000 xnzvc
00:C75A  42 A8  CLR.L   $005A(A0)                A0=00FFA55A A1=00000000 A2=00000000 A3=00000000 A4=00000000 A5=00000000 A6=00000000 A7=00FF7F50 D0=00000000 D1=00FFA55A D2=00000000 D3=00000006 D4=0000001A D5=00000000 D6=00000000 D7=00000000 xnzvc
00:C75E  26 48  MOVE.L  A0,A3                    A0=00FFA55A A1=00000000 A2=00000000 A3=00000000 A4=00000000 A5=00000000 A6=00000000 A7=00FF7F50 D0=00000000 D1=00FFA55A D2=00000000 D3=00000006 D4=0000001A D5=00000000 D6=00000000 D7=00000000 xnZvc
00:C760  52 43  ADDQ.W  #1,D3                    A0=00FFA7DA A1=00000000 A2=00000000 A3=00FFA55A A4=00000000 A5=00000000 A6=00000000 A7=00FF7F50 D0=00000000 D1=00FFA55A D2=00000000 D3=0000000B D4=0000001A D5=00000000 D6=00000000 D7=00000000 xNZvC
00:C762  41 E8  LEA     $0080(A0),A0             A0=00FFA7DA A1=00000000 A2=00000000 A3=00FFA55A A4=00000000 A5=00000000 A6=00000000 A7=00FF7F50 D0=00000000 D1=00FFA55A D2=00000000 D3=0000000C D4=0000001A D5=00000000 D6=00000000 D7=00000000 xnzvc
00:C766  B6 44  CMP.W   D4,D3                    A0=00FFA6DA A1=00000000 A2=00000000 A3=00FFA55A A4=00000000 A5=00000000 A6=00000000 A7=00FF7F50 D0=00000000 D1=00FFA55A D2=00000000 D3=00000009 D4=0000001A D5=00000000 D6=00000000 D7=00000000 xnzvc
00:C768  6D 00  BLT     #$FF50 [00:C6BA]         A0=00FFA6DA A1=00000000 A2=00000000 A3=00FFA55A A4=00000000 A5=00000000 A6=00000000 A7=00FF7F50 D0=00000000 D1=00FFA55A D2=00000000 D3=00000009 D4=0000001A D5=00000000 D6=00000000 D7=00000000 xNzvC
00:C76C  4A 81  TST.L   D1                       A0=00FFAF5A A1=00000000 A2=00000000 A3=00FFA55A A4=00000000 A5=00000000 A6=00000000 A7=00FF7F50 D0=00000000 D1=00FFA55A D2=00000000 D3=0000001A D4=0000001A D5=00000000 D6=00000000 D7=00000000 xnZvc
00:C76E  67 0C  BEQ     #$0C [00:C77C]           A0=00FFAF5A A1=00000000 A2=00000000 A3=00FFA55A A4=00000000 A5=00000000 A6=00000000 A7=00FF7F50 D0=00000000 D1=00FFA55A D2=00000000 D3=0000001A D4=0000001A D5=00000000 D6=00000000 D7=00000000 xnzvc
00:C770  23 C1  MOVE.L  D1,($00FFD938)           A0=00FFAF5A A1=00000000 A2=00000000 A3=00FFA55A A4=00000000 A5=00000000 A6=00000000 A7=00FF7F50 D0=00000000 D1=00FFA55A D2=00000000 D3=0000001A D4=0000001A D5=00000000 D6=00000000 D7=00000000 xnzvc
00:C776  27 42  MOVE.L  D2,$005A(A3)             A0=00FFAF5A A1=00000000 A2=00000000 A3=00FFA55A A4=00000000 A5=00000000 A6=00000000 A7=00FF7F50 D0=00000000 D1=00FFA55A D2=00000000 D3=0000001A D4=0000001A D5=00000000 D6=00000000 D7=00000000 xnzvc
00:C77A  60 06  BRA     #$06 [00:C782]           A0=00FFAF5A A1=00000000 A2=00000000 A3=00FFA55A A4=00000000 A5=00000000 A6=00000000 A7=00FF7F50 D0=00000000 D1=00FFA55A D2=00000000 D3=0000001A D4=0000001A D5=00000000 D6=00000000 D7=00000000 xnZvc
00:C77C  23 C2  MOVE.L  D2,($00FFD938)           A0=00FFAF5A A1=00FF8036 A2=00FFB65A A3=00000000 A4=00000000 A5=00000000 A6=00000000 A7=00FF7F50 D0=00000000 D1=00000000 D2=00000000 D3=0000001A D4=0000001A D5=00000000 D6=00000000 D7=00000000 xnZvc
00:C782  4C DF  MOVEM.L (SP)+,{a7-d0}[1c 1c]     A0=00FFAF5A A1=00000000 A2=00000000 A3=00FFA55A A4=00000000 A5=00000000 A6=00000000 A7=00FF7F50 D0=00000000 D1=00FFA55A D2=00000000 D3=0000001A D4=0000001A D5=00000000 D6=00000000 D7=00000000 xnZvc
00:C786  4E 75  RTS                              A0=00FFAF5A A1=00000000 A2=00FFB65A A3=000373D6 A4=00FF9364 A5=00000000 A6=00000000 A7=00FF7F68 D0=00000000 D1=00FFA55A D2=00000000 D3=0000000C D4=00000028 D5=00000000 D6=00000000 D7=00000000 xnZvc

00:C900  4E 56  LINK    A6,#$FFF4                A0=000306A5 A1=00000000 A2=00FFA55A A3=000370D2 A4=00FF9364 A5=00000000 A6=00000000 A7=00FF7F58 D0=00000000 D1=00000000 D2=00000000 D3=00000000 D4=00000006 D5=00000000 D6=00000000 D7=00000000 xnzvc
00:C904  48 E7  MOVEM.L {d0-a7}[3e 38],-(SP)     A0=000306A5 A1=00000000 A2=00FFA55A A3=000370D2 A4=00FF9364 A5=00000000 A6=00FF7F54 A7=00FF7F48 D0=00000000 D1=00000000 D2=00000000 D3=00000000 D4=00000006 D5=00000000 D6=00000000 D7=00000000 xnzvc
00:C908  24 6E  MOVE.L  $0008(A6),A2             A0=000306A5 A1=00000000 A2=00FFA55A A3=000370D2 A4=00FF9364 A5=00000000 A6=00FF7F54 A7=00FF7F28 D0=00000000 D1=00000000 D2=00000000 D3=00000000 D4=00000006 D5=00000000 D6=00000000 D7=00000000 xnzvc
00:C90C  26 6E  MOVE.L  $000C(A6),A3             A0=000306A5 A1=00000000 A2=00FFA55A A3=000370D2 A4=00FF9364 A5=00000000 A6=00FF7F54 A7=00FF7F28 D0=00000000 D1=00000000 D2=00000000 D3=00000000 D4=00000006 D5=00000000 D6=00000000 D7=00000000 xnzvc
00:C910  26 2E  MOVE.L  $0010(A6),D3             A0=000306A5 A1=00000000 A2=00FFA55A A3=000370D2 A4=00FF9364 A5=00000000 A6=00FF7F54 A7=00FF7F28 D0=00000000 D1=00000000 D2=00000000 D3=00000000 D4=00000006 D5=00000000 D6=00000000 D7=00000000 xnzvc
00:C914  42 6E  CLR.W   $FFFC(A6)                A0=000306A5 A1=00000000 A2=00FFA55A A3=000370D2 A4=00FF9364 A5=00000000 A6=00FF7F54 A7=00FF7F28 D0=00000000 D1=00000000 D2=00000000 D3=00000000 D4=00000006 D5=00000000 D6=00000000 D7=00000000 xnZvc
00:C918  42 6E  CLR.W   $FFF8(A6)                A0=000306A5 A1=00000000 A2=00FFA55A A3=000370D2 A4=00FF9364 A5=00000000 A6=00FF7F54 A7=00FF7F28 D0=00000000 D1=00000000 D2=00000000 D3=00000000 D4=00000006 D5=00000000 D6=00000000 D7=00000000 xnZvc
00:C91C  42 6E  CLR.W   $FFF6(A6)                A0=000306A5 A1=00000000 A2=00FFA55A A3=000370D2 A4=00FF9364 A5=00000000 A6=00FF7F54 A7=00FF7F28 D0=00000000 D1=00000000 D2=00000000 D3=00000000 D4=00000006 D5=00000000 D6=00000000 D7=00000000 xnZvc
00:C920  2C 3C  MOVE.L  #$00FFB65A,D6            A0=000306A5 A1=00000000 A2=00FFA55A A3=000370D2 A4=00FF9364 A5=00000000 A6=00FF7F54 A7=00FF7F28 D0=00000000 D1=00000000 D2=00000000 D3=00000000 D4=00000006 D5=00000000 D6=00000000 D7=00000000 xnZvc
00:C926  3D 6A  MOVE.W  $002C(A2),$FFF4(A6)      A0=000306A5 A1=00000000 A2=00FFA55A A3=000370D2 A4=00FF9364 A5=00000000 A6=00FF7F54 A7=00FF7F28 D0=00000000 D1=00000000 D2=00000000 D3=00000000 D4=00000006 D5=00000000 D6=00FFB65A D7=00000000 xnzvc
00:C92C  0C 2A  CMPI.B  #$01,$005E(A2)           A0=000306A5 A1=00000000 A2=00FFA55A A3=000370D2 A4=00FF9364 A5=00000000 A6=00FF7F54 A7=00FF7F28 D0=00000000 D1=00000000 D2=00000000 D3=00000000 D4=00000006 D5=00000000 D6=00FFB65A D7=00000000 xnzvc
00:C932  6E 06  BGT     #$06 [00:C93A]           A0=000306A5 A1=00000000 A2=00FFA55A A3=000370D2 A4=00FF9364 A5=00000000 A6=00FF7F54 A7=00FF7F28 D0=00000000 D1=00000000 D2=00000000 D3=00000000 D4=00000006 D5=00000000 D6=00FFB65A D7=00000000 xnzvc
00:C93A  42 6E  CLR.W   $FFFA(A6)                A0=000306A5 A1=00000000 A2=00FFA55A A3=000370D2 A4=00FF9364 A5=00000000 A6=00FF7F54 A7=00FF7F28 D0=00000000 D1=00000000 D2=00000000 D3=00000000 D4=00000006 D5=00000000 D6=00FFB65A D7=00000000 xnzvc
00:C93E  60 00  BRA     #$0154 [00:CA94]         A0=000306A5 A1=00000000 A2=00FFA55A A3=000370D2 A4=00FF9364 A5=00000000 A6=00FF7F54 A7=00FF7F28 D0=00000000 D1=00000000 D2=00000000 D3=00000000 D4=00000006 D5=00000000 D6=00FFB65A D7=00000000 xnZvc
00:C942  30 2E  MOVE.W  $FFFA(A6),D0             A0=00FFB65A A1=00FFB65A A2=00FFA55A A3=000370D2 A4=000370D6 A5=00000000 A6=00FF7F54 A7=00FF7F28 D0=00000001 D1=00000002 D2=00000000 D3=00000000 D4=00000004 D5=00000003 D6=00FFB65A D7=00000000 xnzvc
00:C946  D0 40  ADD.W   D0,D0                    A0=00FFB65A A1=00FFB65A A2=00FFA55A A3=000370D2 A4=000370D6 A5=00000000 A6=00FF7F54 A7=00FF7F28 D0=00000001 D1=00000002 D2=00000000 D3=00000000 D4=00000004 D5=00000003 D6=00FFB65A D7=00000000 xnzvc
00:C948  32 00  MOVE.W  D0,D1                    A0=00FFB65A A1=00FFB65A A2=00FFA55A A3=000370D2 A4=000370D6 A5=00000000 A6=00FF7F54 A7=00FF7F28 D0=00000002 D1=00000002 D2=00000000 D3=00000000 D4=00000004 D5=00000003 D6=00FFB65A D7=00000000 xnzvc
00:C94A  E5 40  ASL.W   #2,D0                    A0=00FFB65A A1=00FFB65A A2=00FFA55A A3=000370D2 A4=000370D6 A5=00000000 A6=00FF7F54 A7=00FF7F28 D0=00000002 D1=00000002 D2=00000000 D3=00000000 D4=00000004 D5=00000003 D6=00FFB65A D7=00000000 xnzvc
00:C94C  D0 41  ADD.W   D1,D0                    A0=00FFB65A A1=00FFB65A A2=00FFA55A A3=000370D2 A4=000370D6 A5=00000000 A6=00FF7F54 A7=00FF7F28 D0=00000008 D1=00000002 D2=00000000 D3=00000000 D4=00000004 D5=00000003 D6=00FFB65A D7=00000000 xnzvc
00:C94E  41 EB  LEA     $0004(A3),A0             A0=00FFB65A A1=00FFB65A A2=00FFA55A A3=000370D2 A4=000370D6 A5=00000000 A6=00FF7F54 A7=00FF7F28 D0=0000000A D1=00000002 D2=00000000 D3=00000000 D4=00000004 D5=00000003 D6=00FFB65A D7=00000000 xnzvc
00:C952  D0 C0  ADDA.W  D0,A0                    A0=000370D6 A1=00FFB65A A2=00FFA55A A3=000370D2 A4=000370D6 A5=00000000 A6=00FF7F54 A7=00FF7F28 D0=0000000A D1=00000002 D2=00000000 D3=00000000 D4=00000004 D5=00000003 D6=00FFB65A D7=00000000 xnzvc
00:C954  28 48  MOVE.L  A0,A4                    A0=000370E0 A1=00FFB65A A2=00FFA55A A3=000370D2 A4=000370D6 A5=00000000 A6=00FF7F54 A7=00FF7F28 D0=0000000A D1=00000002 D2=00000000 D3=00000000 D4=00000004 D5=00000003 D6=00FFB65A D7=00000000 xnzvc
00:C956  14 2C  MOVE.B  $0005(A4),D2             A0=000370E0 A1=00FFB65A A2=00FFA55A A3=000370D2 A4=000370E0 A5=00000000 A6=00FF7F54 A7=00FF7F28 D0=0000000A D1=00000002 D2=00000000 D3=00000000 D4=00000004 D5=00000003 D6=00FFB65A D7=00000000 xnzvc
00:C95A  70 00  MOVEQ   #$00,D0                  A0=000370E0 A1=00FFB65A A2=00FFA55A A3=000370D2 A4=000370E0 A5=00000000 A6=00FF7F54 A7=00FF7F28 D0=0000000A D1=00000002 D2=00000082 D3=00000000 D4=00000004 D5=00000003 D6=00FFB65A D7=00000000 xNzvc
00:C95C  10 2C  MOVE.B  $0001(A4),D0             A0=000370E0 A1=00FFB65A A2=00FFA55A A3=000370D2 A4=000370E0 A5=00000000 A6=00FF7F54 A7=00FF7F28 D0=00000000 D1=00000002 D2=00000082 D3=00000000 D4=00000004 D5=00000003 D6=00FFB65A D7=00000000 xnZvc
00:C960  38 00  MOVE.W  D0,D4                    A0=000370E0 A1=00FFB65A A2=00FFA55A A3=000370D2 A4=000370E0 A5=00000000 A6=00FF7F54 A7=00FF7F28 D0=00000004 D1=00000002 D2=00000082 D3=00000000 D4=00000004 D5=00000003 D6=00FFB65A D7=00000000 xnzvc
00:C962  02 44  ANDI.W  #$00FF,D4                A0=000370E0 A1=00FFB65A A2=00FFA55A A3=000370D2 A4=000370E0 A5=00000000 A6=00FF7F54 A7=00FF7F28 D0=00000004 D1=00000002 D2=00000082 D3=00000000 D4=00000004 D5=00000003 D6=00FFB65A D7=00000000 xnzvc
00:C966  72 00  MOVEQ   #$00,D1                  A0=000370E0 A1=00FFB65A A2=00FFA55A A3=000370D2 A4=000370E0 A5=00000000 A6=00FF7F54 A7=00FF7F28 D0=00000004 D1=00000002 D2=00000082 D3=00000000 D4=00000004 D5=00000003 D6=00FFB65A D7=00000000 xnzvc
00:C968  12 14  MOVE.B  (A4),D1                  A0=000370E0 A1=00FFB65A A2=00FFA55A A3=000370D2 A4=000370E0 A5=00000000 A6=00FF7F54 A7=00FF7F28 D0=00000004 D1=00000000 D2=00000082 D3=00000000 D4=00000004 D5=00000003 D6=00FFB65A D7=00000000 xnZvc
00:C96A  C8 C1  MULU.W  D1,D4                    A0=000370E0 A1=00FFB65A A2=00FFA55A A3=000370D2 A4=000370E0 A5=00000000 A6=00FF7F54 A7=00FF7F28 D0=00000004 D1=00000002 D2=00000082 D3=00000000 D4=00000004 D5=00000003 D6=00FFB65A D7=00000000 xnzvc
00:C96C  4A 83  TST.L   D3                       A0=000370E0 A1=00FFB65A A2=00FFA55A A3=000370D2 A4=000370E0 A5=00000000 A6=00FF7F54 A7=00FF7F28 D0=00000004 D1=00000002 D2=00000082 D3=00000000 D4=00000008 D5=00000003 D6=00FFB65A D7=00000000 xnzvc
00:C96E  66 00  BNE     #$008A [00:C9FA]         A0=000370E0 A1=00FFB65A A2=00FFA55A A3=000370D2 A4=000370E0 A5=00000000 A6=00FF7F54 A7=00FF7F28 D0=00000004 D1=00000002 D2=00000082 D3=00000000 D4=00000008 D5=00000003 D6=00FFB65A D7=00000000 xnZvc
00:C972  4A 02  TST.B   D2                       A0=000370E0 A1=00FFB65A A2=00FFA55A A3=000370D2 A4=000370E0 A5=00000000 A6=00FF7F54 A7=00FF7F28 D0=00000004 D1=00000002 D2=00000082 D3=00000000 D4=00000008 D5=00000003 D6=00FFB65A D7=00000000 xnZvc
00:C974  6C 10  BGE     #$10 [00:C986]           A0=000370E0 A1=00FFB65A A2=00FFA55A A3=000370D2 A4=000370E0 A5=00000000 A6=00FF7F54 A7=00FF7F28 D0=00000004 D1=00000002 D2=00000082 D3=00000000 D4=00000008 D5=00000003 D6=00FFB65A D7=00000000 xNzvc
00:C976  70 00  MOVEQ   #$00,D0                  A0=000370E0 A1=00FFB65A A2=00FFA55A A3=000370D2 A4=000370E0 A5=00000000 A6=00FF7F54 A7=00FF7F28 D0=00000004 D1=00000002 D2=00000082 D3=00000000 D4=00000008 D5=00000003 D6=00FFB65A D7=00000000 xNzvc
00:C978  30 04  MOVE.W  D4,D0                    A0=000370E0 A1=00FFB65A A2=00FFA55A A3=000370D2 A4=000370E0 A5=00000000 A6=00FF7F54 A7=00FF7F28 D0=00000000 D1=00000002 D2=00000082 D3=00000000 D4=00000008 D5=00000003 D6=00FFB65A D7=00000000 xnZvc
00:C97A  2F 00  MOVE.L  D0,-(SP)                 A0=000370E0 A1=00FFB65A A2=00FFA55A A3=000370D2 A4=000370E0 A5=00000000 A6=00FF7F54 A7=00FF7F28 D0=00000008 D1=00000002 D2=00000082 D3=00000000 D4=00000008 D5=00000003 D6=00FFB65A D7=00000000 xnzvc
00:C97C  2F 0C  MOVE.L  A4,-(SP)                 A0=000370E0 A1=00FFB65A A2=00FFA55A A3=000370D2 A4=000370E0 A5=00000000 A6=00FF7F54 A7=00FF7F24 D0=00000008 D1=00000002 D2=00000082 D3=00000000 D4=00000008 D5=00000003 D6=00FFB65A D7=00000000 xnzvc
00:C97E  4E B9  JSR     ($000259DA)              A0=000370E0 A1=00FFB65A A2=00FFA55A A3=000370D2 A4=000370E0 A5=00000000 A6=00FF7F54 A7=00FF7F20 D0=00000008 D1=00000002 D2=00000082 D3=00000000 D4=00000008 D5=00000003 D6=00FFB65A D7=00000000 xnzvc
00:C984  60 24  BRA     #$24 [00:C9AA]           A0=00FFB95E A1=000370D2 A2=00FFA55A A3=000370D2 A4=000370E0 A5=00000000 A6=00FF7F54 A7=00FF7F20 D0=00000004 D1=00000000 D2=00000082 D3=00000000 D4=00000008 D5=00000003 D6=00FFB65A D7=00000000 xnZvc
00:C986  08 02  BTST    #6,D2                    A0=000313AA A1=00FFB65A A2=00FFA65A A3=0003139C A4=000313AA A5=00000000 A6=00FF7F54 A7=00FF7F28 D0=00000002 D1=00000002 D2=00000002 D3=00000000 D4=00000004 D5=0000000F D6=00FFB65A D7=00000000 xnzvc
00:C98A  67 10  BEQ     #$10 [00:C99C]           A0=000313AA A1=00FFB65A A2=00FFA65A A3=0003139C A4=000313AA A5=00000000 A6=00FF7F54 A7=00FF7F28 D0=00000002 D1=00000002 D2=00000002 D3=00000000 D4=00000004 D5=0000000F D6=00FFB65A D7=00000000 xnZvc
00:C99C  70 00  MOVEQ   #$00,D0                  A0=000313AA A1=00FFB65A A2=00FFA65A A3=0003139C A4=000313AA A5=00000000 A6=00FF7F54 A7=00FF7F28 D0=00000002 D1=00000002 D2=00000002 D3=00000000 D4=00000004 D5=0000000F D6=00FFB65A D7=00000000 xnZvc
00:C99E  30 04  MOVE.W  D4,D0                    A0=000313AA A1=00FFB65A A2=00FFA65A A3=0003139C A4=000313AA A5=00000000 A6=00FF7F54 A7=00FF7F28 D0=00000000 D1=00000002 D2=00000002 D3=00000000 D4=00000004 D5=0000000F D6=00FFB65A D7=00000000 xnZvc
00:C9A0  2F 00  MOVE.L  D0,-(SP)                 A0=000313AA A1=00FFB65A A2=00FFA65A A3=0003139C A4=000313AA A5=00000000 A6=00FF7F54 A7=00FF7F28 D0=00000004 D1=00000002 D2=00000002 D3=00000000 D4=00000004 D5=0000000F D6=00FFB65A D7=00000000 xnzvc
00:C9A2  2F 0C  MOVE.L  A4,-(SP)                 A0=000313AA A1=00FFB65A A2=00FFA65A A3=0003139C A4=000313AA A5=00000000 A6=00FF7F54 A7=00FF7F24 D0=00000004 D1=00000002 D2=00000002 D3=00000000 D4=00000004 D5=0000000F D6=00FFB65A D7=00000000 xnzvc
00:C9A4  4E B9  JSR     ($00025AAA)              A0=000313AA A1=00FFB65A A2=00FFA65A A3=0003139C A4=000313AA A5=00000000 A6=00FF7F54 A7=00FF7F20 D0=00000004 D1=00000002 D2=00000002 D3=00000000 D4=00000004 D5=0000000F D6=00FFB65A D7=00000000 xnzvc
00:C9AA  50 8F  ADDQ.L  #8,SP                    A0=00FFB95E A1=000370D2 A2=00FFA55A A3=000370D2 A4=000370E0 A5=00000000 A6=00FF7F54 A7=00FF7F20 D0=00000004 D1=00000000 D2=00000082 D3=00000000 D4=00000008 D5=00000003 D6=00FFB65A D7=00000000 xnZvc
00:C9AC  4A 6E  TST.W   $FFF6(A6)                A0=00FFB95E A1=000370D2 A2=00FFA55A A3=000370D2 A4=000370E0 A5=00000000 A6=00FF7F54 A7=00FF7F28 D0=00000004 D1=00000000 D2=00000082 D3=00000000 D4=00000008 D5=00000003 D6=00FFB65A D7=00000000 xnZvc
00:C9B0  6C 1C  BGE     #$1C [00:C9CE]           A0=00FFB95E A1=000370D2 A2=00FFA55A A3=000370D2 A4=000370E0 A5=00000000 A6=00FF7F54 A7=00FF7F28 D0=00000004 D1=00000000 D2=00000082 D3=00000000 D4=00000008 D5=00000003 D6=00FFB65A D7=00000000 xnZvc
00:C9CE  08 2A  BTST    #5,$004D(A2)             A0=00FFB95E A1=000370D2 A2=00FFA55A A3=000370D2 A4=000370E0 A5=00000000 A6=00FF7F54 A7=00FF7F28 D0=00000004 D1=00000000 D2=00000082 D3=00000000 D4=00000008 D5=00000003 D6=00FFB65A D7=00000000 xnZvc
00:C9D4  67 10  BEQ     #$10 [00:C9E6]           A0=00FFB95E A1=000370D2 A2=00FFA55A A3=000370D2 A4=000370E0 A5=00000000 A6=00FF7F54 A7=00FF7F28 D0=00000004 D1=00000000 D2=00000082 D3=00000000 D4=00000008 D5=00000003 D6=00FFB65A D7=00000000 xnZvc
00:C9E6  4A 6E  TST.W   $FFF8(A6)                A0=00FFB95E A1=000370D2 A2=00FFA55A A3=000370D2 A4=000370E0 A5=00000000 A6=00FF7F54 A7=00FF7F28 D0=00000004 D1=00000000 D2=00000082 D3=00000000 D4=00000008 D5=00000003 D6=00FFB65A D7=00000000 xnZvc
00:C9EA  66 0E  BNE     #$0E [00:C9FA]           A0=00FFB95E A1=000370D2 A2=00FFA55A A3=000370D2 A4=000370E0 A5=00000000 A6=00FF7F54 A7=00FF7F28 D0=00000004 D1=00000000 D2=00000082 D3=00000000 D4=00000008 D5=00000003 D6=00FFB65A D7=00000000 xnZvc
00:C9EC  72 00  MOVEQ   #$00,D1                  A0=00FFB95E A1=000370D2 A2=00FFA55A A3=000370D2 A4=000370E0 A5=00000000 A6=00FF7F54 A7=00FF7F28 D0=00000004 D1=00000000 D2=00000082 D3=00000000 D4=00000008 D5=00000003 D6=00FFB65A D7=00000000 xnZvc
00:C9EE  32 04  MOVE.W  D4,D1                    A0=00FFB95E A1=000370D2 A2=00FFA55A A3=000370D2 A4=000370E0 A5=00000000 A6=00FF7F54 A7=00FF7F28 D0=00000004 D1=00000000 D2=00000082 D3=00000000 D4=00000008 D5=00000003 D6=00FFB65A D7=00000000 xnZvc
00:C9F0  EB 81  ASL.L   #5,D1                    A0=00FFB95E A1=000370D2 A2=00FFA55A A3=000370D2 A4=000370E0 A5=00000000 A6=00FF7F54 A7=00FF7F28 D0=00000004 D1=00000008 D2=00000082 D3=00000000 D4=00000008 D5=00000003 D6=00FFB65A D7=00000000 xnzvc
00:C9F2  30 01  MOVE.W  D1,D0                    A0=00FFB95E A1=000370D2 A2=00FFA55A A3=000370D2 A4=000370E0 A5=00000000 A6=00FF7F54 A7=00FF7F28 D0=00000004 D1=00000100 D2=00000082 D3=00000000 D4=00000008 D5=00000003 D6=00FFB65A D7=00000000 xnzvc
00:C9F4  D1 79  ADD.W   D0,($00FFD8DA)           A0=00FFB95E A1=000370D2 A2=00FFA55A A3=000370D2 A4=000370E0 A5=00000000 A6=00FF7F54 A7=00FF7F28 D0=00000100 D1=00000100 D2=00000082 D3=00000000 D4=00000008 D5=00000003 D6=00FFB65A D7=00000000 xnzvc
00:C9FA  4A AE  TST.L   $0014(A6)                A0=00FFB95E A1=000370D2 A2=00FFA55A A3=000370D2 A4=000370E0 A5=00000000 A6=00FF7F54 A7=00FF7F28 D0=00000100 D1=00000100 D2=00000082 D3=00000000 D4=00000008 D5=00000003 D6=00FFB65A D7=00000000 xnzvc
00:C9FE  66 0C  BNE     #$0C [00:CA0C]           A0=00FFB95E A1=000370D2 A2=00FFA55A A3=000370D2 A4=000370E0 A5=00000000 A6=00FF7F54 A7=00FF7F28 D0=00000100 D1=00000100 D2=00000082 D3=00000000 D4=00000008 D5=00000003 D6=00FFB65A D7=00000000 xnZvc
00:CA00  30 2E  MOVE.W  $FFFA(A6),D0             A0=00FFB95E A1=000370D2 A2=00FFA55A A3=000370D2 A4=000370E0 A5=00000000 A6=00FF7F54 A7=00FF7F28 D0=00000100 D1=00000100 D2=00000082 D3=00000000 D4=00000008 D5=00000003 D6=00FFB65A D7=00000000 xnZvc
00:CA04  1D 72  MOVE.B  $30(A2,D0),$FFFF(A6)     A0=00FFB95E A1=000370D2 A2=00FFA55A A3=000370D2 A4=000370E0 A5=00000000 A6=00FF7F54 A7=00FF7F28 D0=00000001 D1=00000100 D2=00000082 D3=00000000 D4=00000008 D5=00000003 D6=00FFB65A D7=00000000 xnzvc
00:CA0A  60 0A  BRA     #$0A [00:CA16]           A0=00FFB95E A1=000370D2 A2=00FFA55A A3=000370D2 A4=000370E0 A5=00000000 A6=00FF7F54 A7=00FF7F28 D0=00000001 D1=00000100 D2=00000082 D3=00000000 D4=00000008 D5=00000003 D6=00FFB65A D7=00000000 xnzvc
00:CA16  32 2E  MOVE.W  $FFFE(A6),D1             A0=00FFB95E A1=000370D2 A2=00FFA55A A3=000370D2 A4=000370E0 A5=00000000 A6=00FF7F54 A7=00FF7F28 D0=00000001 D1=00000100 D2=00000082 D3=00000000 D4=00000008 D5=00000003 D6=00FFB65A D7=00000000 xnzvc
00:CA1A  48 81  EXT.W   D1                       A0=00FFB95E A1=000370D2 A2=00FFA55A A3=000370D2 A4=000370E0 A5=00000000 A6=00FF7F54 A7=00FF7F28 D0=00000001 D1=0000001A D2=00000082 D3=00000000 D4=00000008 D5=00000003 D6=00FFB65A D7=00000000 xnzvc
00:CA1C  3D 41  MOVE.W  D1,$FFFE(A6)             A0=00FFB95E A1=000370D2 A2=00FFA55A A3=000370D2 A4=000370E0 A5=00000000 A6=00FF7F54 A7=00FF7F28 D0=00000001 D1=0000001A D2=00000082 D3=00000000 D4=00000008 D5=00000003 D6=00FFB65A D7=00000000 xnzvc
00:CA20  4A 6E  TST.W   $FFF8(A6)                A0=00FFB95E A1=000370D2 A2=00FFA55A A3=000370D2 A4=000370E0 A5=00000000 A6=00FF7F54 A7=00FF7F28 D0=00000001 D1=0000001A D2=00000082 D3=00000000 D4=00000008 D5=00000003 D6=00FFB65A D7=00000000 xnzvc
00:CA24  66 54  BNE     #$54 [00:CA7A]           A0=00FFB95E A1=000370D2 A2=00FFA55A A3=000370D2 A4=000370E0 A5=00000000 A6=00FF7F54 A7=00FF7F28 D0=00000001 D1=0000001A D2=00000082 D3=00000000 D4=00000008 D5=00000003 D6=00FFB65A D7=00000000 xnZvc
00:CA26  72 00  MOVEQ   #$00,D1                  A0=00FFB95E A1=000370D2 A2=00FFA55A A3=000370D2 A4=000370E0 A5=00000000 A6=00FF7F54 A7=00FF7F28 D0=00000001 D1=0000001A D2=00000082 D3=00000000 D4=00000008 D5=00000003 D6=00FFB65A D7=00000000 xnZvc
00:CA28  12 14  MOVE.B  (A4),D1                  A0=00FFB95E A1=000370D2 A2=00FFA55A A3=000370D2 A4=000370E0 A5=00000000 A6=00FF7F54 A7=00FF7F28 D0=00000001 D1=00000000 D2=00000082 D3=00000000 D4=00000008 D5=00000003 D6=00FFB65A D7=00000000 xnZvc
00:CA2A  53 81  SUBQ.L  #1,D1                    A0=00FFB95E A1=000370D2 A2=00FFA55A A3=000370D2 A4=000370E0 A5=00000000 A6=00FF7F54 A7=00FF7F28 D0=00000001 D1=00000002 D2=00000082 D3=00000000 D4=00000008 D5=00000003 D6=00FFB65A D7=00000000 xnzvc
00:CA2C  E5 81  ASL.L   #2,D1                    A0=00FFB95E A1=000370D2 A2=00FFA55A A3=000370D2 A4=000370E0 A5=00000000 A6=00FF7F54 A7=00FF7F28 D0=00000001 D1=00000001 D2=00000082 D3=00000000 D4=00000008 D5=00000003 D6=00FFB65A D7=00000000 xnzvc
00:CA2E  3A 01  MOVE.W  D1,D5                    A0=00FFB95E A1=000370D2 A2=00FFA55A A3=000370D2 A4=000370E0 A5=00000000 A6=00FF7F54 A7=00FF7F28 D0=00000001 D1=00000004 D2=00000082 D3=00000000 D4=00000008 D5=00000003 D6=00FFB65A D7=00000000 xnzvc
00:CA30  72 00  MOVEQ   #$00,D1                  A0=00FFB95E A1=000370D2 A2=00FFA55A A3=000370D2 A4=000370E0 A5=00000000 A6=00FF7F54 A7=00FF7F28 D0=00000001 D1=00000004 D2=00000082 D3=00000000 D4=00000008 D5=00000004 D6=00FFB65A D7=00000000 xnzvc
00:CA32  12 2C  MOVE.B  $0001(A4),D1             A0=00FFB95E A1=000370D2 A2=00FFA55A A3=000370D2 A4=000370E0 A5=00000000 A6=00FF7F54 A7=00FF7F28 D0=00000001 D1=00000000 D2=00000082 D3=00000000 D4=00000008 D5=00000004 D6=00FFB65A D7=00000000 xnZvc
00:CA36  30 01  MOVE.W  D1,D0                    A0=00FFB95E A1=000370D2 A2=00FFA55A A3=000370D2 A4=000370E0 A5=00000000 A6=00FF7F54 A7=00FF7F28 D0=00000001 D1=00000004 D2=00000082 D3=00000000 D4=00000008 D5=00000004 D6=00FFB65A D7=00000000 xnzvc
00:CA38  53 40  SUBQ.W  #1,D0                    A0=00FFB95E A1=000370D2 A2=00FFA55A A3=000370D2 A4=000370E0 A5=00000000 A6=00FF7F54 A7=00FF7F28 D0=00000004 D1=00000004 D2=00000082 D3=00000000 D4=00000008 D5=00000004 D6=00FFB65A D7=00000000 xnzvc
00:CA3A  DA 40  ADD.W   D0,D5                    A0=00FFB95E A1=000370D2 A2=00FFA55A A3=000370D2 A4=000370E0 A5=00000000 A6=00FF7F54 A7=00FF7F28 D0=00000003 D1=00000004 D2=00000082 D3=00000000 D4=00000008 D5=00000004 D6=00FFB65A D7=00000000 xnzvc
00:CA3C  30 2E  MOVE.W  $FFFE(A6),D0             A0=00FFB95E A1=000370D2 A2=00FFA55A A3=000370D2 A4=000370E0 A5=00000000 A6=00FF7F54 A7=00FF7F28 D0=00000003 D1=00000004 D2=00000082 D3=00000000 D4=00000008 D5=00000007 D6=00FFB65A D7=00000000 xnzvc
00:CA40  E7 40  ASL.W   #3,D0                    A0=00FFB95E A1=000370D2 A2=00FFA55A A3=000370D2 A4=000370E0 A5=00000000 A6=00FF7F54 A7=00FF7F28 D0=0000001A D1=00000004 D2=00000082 D3=00000000 D4=00000008 D5=00000007 D6=00FFB65A D7=00000000 xnzvc
00:CA42  22 46  MOVE.L  D6,A1                    A0=00FFB95E A1=000370D2 A2=00FFA55A A3=000370D2 A4=000370E0 A5=00000000 A6=00FF7F54 A7=00FF7F28 D0=000000D0 D1=00000004 D2=00000082 D3=00000000 D4=00000008 D5=00000007 D6=00FFB65A D7=00000000 xnzvc
00:CA44  13 85  MOVE.B  D5,$02(A1,D0)            A0=00FFB95E A1=00FFB65A A2=00FFA55A A3=000370D2 A4=000370E0 A5=00000000 A6=00FF7F54 A7=00FF7F28 D0=000000D0 D1=00000004 D2=00000082 D3=00000000 D4=00000008 D5=00000007 D6=00FFB65A D7=00000000 xnzvc
00:CA48  30 2E  MOVE.W  $FFFE(A6),D0             A0=00FFB95E A1=00FFB65A A2=00FFA55A A3=000370D2 A4=000370E0 A5=00000000 A6=00FF7F54 A7=00FF7F28 D0=000000D0 D1=00000004 D2=00000082 D3=00000000 D4=00000008 D5=00000007 D6=00FFB65A D7=00000000 xnzvc
00:CA4C  E7 40  ASL.W   #3,D0                    A0=00FFB95E A1=00FFB65A A2=00FFA55A A3=000370D2 A4=000370E0 A5=00000000 A6=00FF7F54 A7=00FF7F28 D0=0000001A D1=00000004 D2=00000082 D3=00000000 D4=00000008 D5=00000007 D6=00FFB65A D7=00000000 xnzvc
00:CA4E  20 49  MOVE.L  A1,A0                    A0=00FFB95E A1=00FFB65A A2=00FFA55A A3=000370D2 A4=000370E0 A5=00000000 A6=00FF7F54 A7=00FF7F28 D0=000000D0 D1=00000004 D2=00000082 D3=00000000 D4=00000008 D5=00000007 D6=00FFB65A D7=00000000 xnzvc
00:CA50  12 02  MOVE.B  D2,D1                    A0=00FFB65A A1=00FFB65A A2=00FFA55A A3=000370D2 A4=000370E0 A5=00000000 A6=00FF7F54 A7=00FF7F28 D0=000000D0 D1=00000004 D2=00000082 D3=00000000 D4=00000008 D5=00000007 D6=00FFB65A D7=00000000 xnzvc
00:CA52  48 81  EXT.W   D1                       A0=00FFB65A A1=00FFB65A A2=00FFA55A A3=000370D2 A4=000370E0 A5=00000000 A6=00FF7F54 A7=00FF7F28 D0=000000D0 D1=00000082 D2=00000082 D3=00000000 D4=00000008 D5=00000007 D6=00FFB65A D7=00000000 xNzvc
00:CA54  02 41  ANDI.W  #$0003,D1                A0=00FFB65A A1=00FFB65A A2=00FFA55A A3=000370D2 A4=000370E0 A5=00000000 A6=00FF7F54 A7=00FF7F28 D0=000000D0 D1=0000FF82 D2=00000082 D3=00000000 D4=00000008 D5=00000007 D6=00FFB65A D7=00000000 xNzvc
00:CA58  32 01  MOVE.W  D1,D1                    A0=00FFB65A A1=00FFB65A A2=00FFA55A A3=000370D2 A4=000370E0 A5=00000000 A6=00FF7F54 A7=00FF7F28 D0=000000D0 D1=00000002 D2=00000082 D3=00000000 D4=00000008 D5=00000007 D6=00FFB65A D7=00000000 xnzvc
00:CA5A  48 C1  EXT.L   D1                       A0=00FFB65A A1=00FFB65A A2=00FFA55A A3=000370D2 A4=000370E0 A5=00000000 A6=00FF7F54 A7=00FF7F28 D0=000000D0 D1=00000002 D2=00000082 D3=00000000 D4=00000008 D5=00000007 D6=00FFB65A D7=00000000 xnzvc
00:CA5C  74 0D  MOVEQ   #$0D,D2                  A0=00FFB65A A1=00FFB65A A2=00FFA55A A3=000370D2 A4=000370E0 A5=00000000 A6=00FF7F54 A7=00FF7F28 D0=000000D0 D1=00000002 D2=00000082 D3=00000000 D4=00000008 D5=00000007 D6=00FFB65A D7=00000000 xnzvc
00:CA5E  E5 A1  ASL.L   D2,D1                    A0=00FFB65A A1=00FFB65A A2=00FFA55A A3=000370D2 A4=000370E0 A5=00000000 A6=00FF7F54 A7=00FF7F28 D0=000000D0 D1=00000002 D2=0000000D D3=00000000 D4=00000008 D5=00000007 D6=00FFB65A D7=00000000 xnzvc
00:CA60  74 00  MOVEQ   #$00,D2                  A0=00FFB65A A1=00FFB65A A2=00FFA55A A3=000370D2 A4=000370E0 A5=00000000 A6=00FF7F54 A7=00FF7F28 D0=000000D0 D1=00004000 D2=0000000D D3=00000000 D4=00000008 D5=00000007 D6=00FFB65A D7=00000000 xnzvc
00:CA62  34 2E  MOVE.W  $FFF4(A6),D2             A0=00FFB65A A1=00FFB65A A2=00FFA55A A3=000370D2 A4=000370E0 A5=00000000 A6=00FF7F54 A7=00FF7F28 D0=000000D0 D1=00004000 D2=00000000 D3=00000000 D4=00000008 D5=00000007 D6=00FFB65A D7=00000000 xnZvc
00:CA66  D2 82  ADD.L   D2,D1                    A0=00FFB65A A1=00FFB65A A2=00FFA55A A3=000370D2 A4=000370E0 A5=00000000 A6=00FF7F54 A7=00FF7F28 D0=000000D0 D1=00004000 D2=00000280 D3=00000000 D4=00000008 D5=00000007 D6=00FFB65A D7=00000000 xnzvc
00:CA68  74 00  MOVEQ   #$00,D2                  A0=00FFB65A A1=00FFB65A A2=00FFA55A A3=000370D2 A4=000370E0 A5=00000000 A6=00FF7F54 A7=00FF7F28 D0=000000D0 D1=00004280 D2=00000280 D3=00000000 D4=00000008 D5=00000007 D6=00FFB65A D7=00000000 xnzvc
00:CA6A  34 2E  MOVE.W  $FFFC(A6),D2             A0=00FFB65A A1=00FFB65A A2=00FFA55A A3=000370D2 A4=000370E0 A5=00000000 A6=00FF7F54 A7=00FF7F28 D0=000000D0 D1=00004280 D2=00000000 D3=00000000 D4=00000008 D5=00000007 D6=00FFB65A D7=00000000 xnZvc
00:CA6E  D2 82  ADD.L   D2,D1                    A0=00FFB65A A1=00FFB65A A2=00FFA55A A3=000370D2 A4=000370E0 A5=00000000 A6=00FF7F54 A7=00FF7F28 D0=000000D0 D1=00004280 D2=00000004 D3=00000000 D4=00000008 D5=00000007 D6=00FFB65A D7=00000000 xnzvc
00:CA70  31 81  MOVE.W  D1,$04(A0,D0)            A0=00FFB65A A1=00FFB65A A2=00FFA55A A3=000370D2 A4=000370E0 A5=00000000 A6=00FF7F54 A7=00FF7F28 D0=000000D0 D1=00004284 D2=00000004 D3=00000000 D4=00000008 D5=00000007 D6=00FFB65A D7=00000000 xnzvc
00:CA74  D9 6E  ADD.W   D4,$FFFC(A6)             A0=00FFB65A A1=00FFB65A A2=00FFA55A A3=000370D2 A4=000370E0 A5=00000000 A6=00FF7F54 A7=00FF7F28 D0=000000D0 D1=00004284 D2=00000004 D3=00000000 D4=00000008 D5=00000007 D6=00FFB65A D7=00000000 xnzvc
00:CA78  60 16  BRA     #$16 [00:CA90]           A0=00FFB65A A1=00FFB65A A2=00FFA55A A3=000370D2 A4=000370E0 A5=00000000 A6=00FF7F54 A7=00FF7F28 D0=000000D0 D1=00004284 D2=00000004 D3=00000000 D4=00000008 D5=00000007 D6=00FFB65A D7=00000000 xnzvc
00:CA90  52 6E  ADDQ.W  #1,$FFFA(A6)             A0=00FFB65A A1=00FFB65A A2=00FFA55A A3=000370D2 A4=000370E0 A5=00000000 A6=00FF7F54 A7=00FF7F28 D0=000000D0 D1=00004284 D2=00000004 D3=00000000 D4=00000008 D5=00000007 D6=00FFB65A D7=00000000 xnzvc
00:CA94  70 00  MOVEQ   #$00,D0                  A0=00FFB65A A1=00FFB65A A2=00FFA5DA A3=00032A4E A4=00032A84 A5=00000000 A6=00FF7F54 A7=00FF7F28 D0=00000100 D1=000062D4 D2=00000044 D3=00000000 D4=00000004 D5=00000005 D6=00FFB65A D7=00000000 xnzvc
00:CA96  10 13  MOVE.B  (A3),D0                  A0=00FFB65A A1=00FFB65A A2=00FFA5DA A3=00032A4E A4=00032A84 A5=00000000 A6=00FF7F54 A7=00FF7F28 D0=00000000 D1=000062D4 D2=00000044 D3=00000000 D4=00000004 D5=00000005 D6=00FFB65A D7=00000000 xnZvc
00:CA98  22 00  MOVE.L  D0,D1                    A0=00FFB65A A1=00FFB65A A2=00FFA5DA A3=00032A4E A4=00032A84 A5=00000000 A6=00FF7F54 A7=00FF7F28 D0=00000006 D1=000062D4 D2=00000044 D3=00000000 D4=00000004 D5=00000005 D6=00FFB65A D7=00000000 xnzvc
00:CA9A  30 2E  MOVE.W  $FFFA(A6),D0             A0=00FFB65A A1=00FFB65A A2=00FFA5DA A3=00032A4E A4=00032A84 A5=00000000 A6=00FF7F54 A7=00FF7F28 D0=00000006 D1=00000006 D2=00000044 D3=00000000 D4=00000004 D5=00000005 D6=00FFB65A D7=00000000 xnzvc
00:CA9E  48 C0  EXT.L   D0                       A0=00FFB65A A1=00FFB65A A2=00FFA5DA A3=00032A4E A4=00032A84 A5=00000000 A6=00FF7F54 A7=00FF7F28 D0=00000006 D1=00000006 D2=00000044 D3=00000000 D4=00000004 D5=00000005 D6=00FFB65A D7=00000000 xnzvc
00:CAA0  B2 80  CMP.L   D0,D1                    A0=00FFB65A A1=00FFB65A A2=00FFA5DA A3=00032A4E A4=00032A84 A5=00000000 A6=00FF7F54 A7=00FF7F28 D0=00000006 D1=00000006 D2=00000044 D3=00000000 D4=00000004 D5=00000005 D6=00FFB65A D7=00000000 xnzvc
00:CAA2  62 00  BHI     #$FE9E [00:C942]         A0=00FFB65A A1=00FFB65A A2=00FFA5DA A3=00032A4E A4=00032A84 A5=00000000 A6=00FF7F54 A7=00FF7F28 D0=00000006 D1=00000006 D2=00000044 D3=00000000 D4=00000004 D5=00000005 D6=00FFB65A D7=00000000 xnZvc
00:CAA6  4A 83  TST.L   D3                       A0=00FFB65A A1=00FFB65A A2=00FFA55A A3=000370D2 A4=000370E0 A5=00000000 A6=00FF7F54 A7=00FF7F28 D0=00000002 D1=00000002 D2=00000004 D3=00000000 D4=00000008 D5=00000007 D6=00FFB65A D7=00000000 xnZvc
00:CAA8  66 48  BNE     #$48 [00:CAF2]           A0=00FFB65A A1=00FFB65A A2=00FFA55A A3=000370D2 A4=000370E0 A5=00000000 A6=00FF7F54 A7=00FF7F28 D0=00000002 D1=00000002 D2=00000004 D3=00000000 D4=00000008 D5=00000007 D6=00FFB65A D7=00000000 xnZvc
00:CAAA  4A 6E  TST.W   $FFFC(A6)                A0=00FFB65A A1=00FFB65A A2=00FFA55A A3=000370D2 A4=000370E0 A5=00000000 A6=00FF7F54 A7=00FF7F28 D0=00000002 D1=00000002 D2=00000004 D3=00000000 D4=00000008 D5=00000007 D6=00FFB65A D7=00000000 xnZvc
00:CAAE  63 42  BLS     #$42 [00:CAF2]           A0=00FFB65A A1=00FFB65A A2=00FFA55A A3=000370D2 A4=000370E0 A5=00000000 A6=00FF7F54 A7=00FF7F28 D0=00000002 D1=00000002 D2=00000004 D3=00000000 D4=00000008 D5=00000007 D6=00FFB65A D7=00000000 xnzvc
00:CAB0  20 7C  MOVE.L  #$00FFD92E,A0            A0=00FFB65A A1=00FFB65A A2=00FFA55A A3=000370D2 A4=000370E0 A5=00000000 A6=00FF7F54 A7=00FF7F28 D0=00000002 D1=00000002 D2=00000004 D3=00000000 D4=00000008 D5=00000007 D6=00FFB65A D7=00000000 xnzvc
00:CAB6  10 10  MOVE.B  (A0),D0                  A0=00FFD92E A1=00FFB65A A2=00FFA55A A3=000370D2 A4=000370E0 A5=00000000 A6=00FF7F54 A7=00FF7F28 D0=00000002 D1=00000002 D2=00000004 D3=00000000 D4=00000008 D5=00000007 D6=00FFB65A D7=00000000 xnzvc
00:CAB8  52 10  ADDQ.B  #1,(A0)                  A0=00FFD92E A1=00FFB65A A2=00FFA55A A3=000370D2 A4=000370E0 A5=00000000 A6=00FF7F54 A7=00FF7F28 D0=00000000 D1=00000002 D2=00000004 D3=00000000 D4=00000008 D5=00000007 D6=00FFB65A D7=00000000 xnZvc
00:CABA  72 00  MOVEQ   #$00,D1                  A0=00FFD92E A1=00FFB65A A2=00FFA55A A3=000370D2 A4=000370E0 A5=00000000 A6=00FF7F54 A7=00FF7F28 D0=00000000 D1=00000002 D2=00000004 D3=00000000 D4=00000008 D5=00000007 D6=00FFB65A D7=00000000 xnzvc
00:CABC  12 00  MOVE.B  D0,D1                    A0=00FFD92E A1=00FFB65A A2=00FFA55A A3=000370D2 A4=000370E0 A5=00000000 A6=00FF7F54 A7=00FF7F28 D0=00000000 D1=00000000 D2=00000004 D3=00000000 D4=00000008 D5=00000007 D6=00FFB65A D7=00000000 xnZvc
00:CABE  D2 41  ADD.W   D1,D1                    A0=00FFD92E A1=00FFB65A A2=00FFA55A A3=000370D2 A4=000370E0 A5=00000000 A6=00FF7F54 A7=00FF7F28 D0=00000000 D1=00000000 D2=00000004 D3=00000000 D4=00000008 D5=00000007 D6=00FFB65A D7=00000000 xnZvc
00:CAC0  20 7C  MOVE.L  #$00FFD8DC,A0            A0=00FFD92E A1=00FFB65A A2=00FFA55A A3=000370D2 A4=000370E0 A5=00000000 A6=00FF7F54 A7=00FF7F28 D0=00000000 D1=00000000 D2=00000004 D3=00000000 D4=00000008 D5=00000007 D6=00FFB65A D7=00000000 xnZvc
00:CAC6  70 00  MOVEQ   #$00,D0                  A0=00FFD8DC A1=00FFB65A A2=00FFA55A A3=000370D2 A4=000370E0 A5=00000000 A6=00FF7F54 A7=00FF7F28 D0=00000000 D1=00000000 D2=00000004 D3=00000000 D4=00000008 D5=00000007 D6=00FFB65A D7=00000000 xnZvc
00:CAC8  30 2E  MOVE.W  $FFF4(A6),D0             A0=00FFD8DC A1=00FFB65A A2=00FFA55A A3=000370D2 A4=000370E0 A5=00000000 A6=00FF7F54 A7=00FF7F28 D0=00000000 D1=00000000 D2=00000004 D3=00000000 D4=00000008 D5=00000007 D6=00FFB65A D7=00000000 xnZvc
00:CACC  02 80  ANDI.L  #$000007FF,D0            A0=00FFD8DC A1=00FFB65A A2=00FFA55A A3=000370D2 A4=000370E0 A5=00000000 A6=00FF7F54 A7=00FF7F28 D0=00000280 D1=00000000 D2=00000004 D3=00000000 D4=00000008 D5=00000007 D6=00FFB65A D7=00000000 xnzvc
00:CAD2  31 80  MOVE.W  D0,$00(A0,D1)            A0=00FFD8DC A1=00FFB65A A2=00FFA55A A3=000370D2 A4=000370E0 A5=00000000 A6=00FF7F54 A7=00FF7F28 D0=00000280 D1=00000000 D2=00000004 D3=00000000 D4=00000008 D5=00000007 D6=00FFB65A D7=00000000 xnzvc
00:CAD6  20 7C  MOVE.L  #$00FFD92E,A0            A0=00FFD8DC A1=00FFB65A A2=00FFA55A A3=000370D2 A4=000370E0 A5=00000000 A6=00FF7F54 A7=00FF7F28 D0=00000280 D1=00000000 D2=00000004 D3=00000000 D4=00000008 D5=00000007 D6=00FFB65A D7=00000000 xnzvc
00:CADC  10 10  MOVE.B  (A0),D0                  A0=00FFD92E A1=00FFB65A A2=00FFA55A A3=000370D2 A4=000370E0 A5=00000000 A6=00FF7F54 A7=00FF7F28 D0=00000280 D1=00000000 D2=00000004 D3=00000000 D4=00000008 D5=00000007 D6=00FFB65A D7=00000000 xnzvc
00:CADE  52 10  ADDQ.B  #1,(A0)                  A0=00FFD92E A1=00FFB65A A2=00FFA55A A3=000370D2 A4=000370E0 A5=00000000 A6=00FF7F54 A7=00FF7F28 D0=00000201 D1=00000000 D2=00000004 D3=00000000 D4=00000008 D5=00000007 D6=00FFB65A D7=00000000 xnzvc
00:CAE0  72 00  MOVEQ   #$00,D1                  A0=00FFD92E A1=00FFB65A A2=00FFA55A A3=000370D2 A4=000370E0 A5=00000000 A6=00FF7F54 A7=00FF7F28 D0=00000201 D1=00000000 D2=00000004 D3=00000000 D4=00000008 D5=00000007 D6=00FFB65A D7=00000000 xnzvc
00:CAE2  12 00  MOVE.B  D0,D1                    A0=00FFD92E A1=00FFB65A A2=00FFA55A A3=000370D2 A4=000370E0 A5=00000000 A6=00FF7F54 A7=00FF7F28 D0=00000201 D1=00000000 D2=00000004 D3=00000000 D4=00000008 D5=00000007 D6=00FFB65A D7=00000000 xnZvc
00:CAE4  D2 41  ADD.W   D1,D1                    A0=00FFD92E A1=00FFB65A A2=00FFA55A A3=000370D2 A4=000370E0 A5=00000000 A6=00FF7F54 A7=00FF7F28 D0=00000201 D1=00000001 D2=00000004 D3=00000000 D4=00000008 D5=00000007 D6=00FFB65A D7=00000000 xnzvc
00:CAE6  20 7C  MOVE.L  #$00FFD8DC,A0            A0=00FFD92E A1=00FFB65A A2=00FFA55A A3=000370D2 A4=000370E0 A5=00000000 A6=00FF7F54 A7=00FF7F28 D0=00000201 D1=00000002 D2=00000004 D3=00000000 D4=00000008 D5=00000007 D6=00FFB65A D7=00000000 xnzvc
00:CAEC  31 AE  MOVE.W  $FFFC(A6),$00(A0,D1)     A0=00FFD8DC A1=00FFB65A A2=00FFA55A A3=000370D2 A4=000370E0 A5=00000000 A6=00FF7F54 A7=00FF7F28 D0=00000201 D1=00000002 D2=00000004 D3=00000000 D4=00000008 D5=00000007 D6=00FFB65A D7=00000000 xnzvc
00:CAF2  4C EE  MOVEM.L $FFD4(A6),{a7-d0}[1c 7c] A0=00FFD8DC A1=00FFB65A A2=00FFA55A A3=000370D2 A4=000370E0 A5=00000000 A6=00FF7F54 A7=00FF7F28 D0=00000201 D1=00000002 D2=00000004 D3=00000000 D4=00000008 D5=00000007 D6=00FFB65A D7=00000000 xnzvc
00:CAF8  4E 5E  ULNK    A6                       A0=00FFD8DC A1=00FFB65A A2=00FFA55A A3=000370D2 A4=00FF9364 A5=00000000 A6=00FF7F54 A7=00FF7F28 D0=00000201 D1=00000002 D2=00000000 D3=00000000 D4=00000006 D5=00000000 D6=00000000 D7=00000000 xnzvc
00:CAFA  4E 75  RTS                              A0=00FFD8DC A1=00FFB65A A2=00FFA55A A3=000370D2 A4=00FF9364 A5=00000000 A6=00000000 A7=00FF7F58 D0=00000201 D1=00000002 D2=00000000 D3=00000000 D4=00000006 D5=00000000 D6=00000000 D7=00000000 xnzvc

00:CAFC  20 6F  MOVE.L  $0004(SP),A0             A0=000AFB60 A1=00FFB91A A2=000AFB40 A3=00028210 A4=00027E16 A5=00000000 A6=00000000 A7=00FF7F40 D0=00000020 D1=00000001 D2=0002000C D3=0002A278 D4=00000398 D5=00000002 D6=0000000A D7=00000000 xNzvC
00:CB00  32 2F  MOVE.W  $000A(SP),D1             A0=000AFB40 A1=00FFB91A A2=000AFB40 A3=00028210 A4=00027E16 A5=00000000 A6=00000000 A7=00FF7F40 D0=00000020 D1=00000001 D2=0002000C D3=0002A278 D4=00000398 D5=00000002 D6=0000000A D7=00000000 xNzvC
00:CB04  30 39  MOVE.W  ($00FFD8DA),D0           A0=000AFB40 A1=00FFB91A A2=000AFB40 A3=00028210 A4=00027E16 A5=00000000 A6=00000000 A7=00FF7F40 D0=00000020 D1=00000001 D2=0002000C D3=0002A278 D4=00000398 D5=00000002 D6=0000000A D7=00000000 xnzvc
00:CB0A  22 7C  MOVE.L  #$00FFB8DA,A1            A0=000AFB40 A1=00FFB91A A2=000AFB40 A3=00028210 A4=00027E16 A5=00000000 A6=00000000 A7=00FF7F40 D0=00000040 D1=00000001 D2=0002000C D3=0002A278 D4=00000398 D5=00000002 D6=0000000A D7=00000000 xnzvc
00:CB10  D2 C0  ADDA.W  D0,A1                    A0=000AFB40 A1=00FFB8DA A2=000AFB40 A3=00028210 A4=00027E16 A5=00000000 A6=00000000 A7=00FF7F40 D0=00000040 D1=00000001 D2=0002000C D3=0002A278 D4=00000398 D5=00000002 D6=0000000A D7=00000000 xnzvc
00:CB12  30 01  MOVE.W  D1,D0                    A0=000AFB40 A1=00FFB91A A2=000AFB40 A3=00028210 A4=00027E16 A5=00000000 A6=00000000 A7=00FF7F40 D0=00000040 D1=00000001 D2=0002000C D3=0002A278 D4=00000398 D5=00000002 D6=0000000A D7=00000000 xnzvc
00:CB14  48 C0  EXT.L   D0                       A0=000AFB40 A1=00FFB91A A2=000AFB40 A3=00028210 A4=00027E16 A5=00000000 A6=00000000 A7=00FF7F40 D0=00000001 D1=00000001 D2=0002000C D3=0002A278 D4=00000398 D5=00000002 D6=0000000A D7=00000000 xnzvc
00:CB16  E7 80  ASL.L   #3,D0                    A0=000AFB40 A1=00FFB91A A2=000AFB40 A3=00028210 A4=00027E16 A5=00000000 A6=00000000 A7=00FF7F40 D0=00000001 D1=00000001 D2=0002000C D3=0002A278 D4=00000398 D5=00000002 D6=0000000A D7=00000000 xnzvc
00:CB18  30 00  MOVE.W  D0,D0                    A0=000AFB40 A1=00FFB91A A2=000AFB40 A3=00028210 A4=00027E16 A5=00000000 A6=00000000 A7=00FF7F40 D0=00000008 D1=00000001 D2=0002000C D3=0002A278 D4=00000398 D5=00000002 D6=0000000A D7=00000000 xnzvc
00:CB1A  60 04  BRA     #$04 [00:CB20]           A0=000AFB40 A1=00FFB91A A2=000AFB40 A3=00028210 A4=00027E16 A5=00000000 A6=00000000 A7=00FF7F40 D0=00000008 D1=00000001 D2=0002000C D3=0002A278 D4=00000398 D5=00000002 D6=0000000A D7=00000000 xnzvc
00:CB1C  22 D8  MOVE.L  (A0)+,(A1)+              A0=000AFB5C A1=00FFB9D6 A2=000AFB40 A3=00028210 A4=00027E16 A5=00000000 A6=00000000 A7=00FF7F34 D0=00000001 D1=00000001 D2=0002000C D3=0002A230 D4=00000398 D5=00000007 D6=0000000A D7=00000000 xnzvc
00:CB1E  53 40  SUBQ.W  #1,D0                    A0=000AFB60 A1=00FFB9DA A2=000AFB40 A3=00028210 A4=00027E16 A5=00000000 A6=00000000 A7=00FF7F34 D0=00000001 D1=00000001 D2=0002000C D3=0002A230 D4=00000398 D5=00000007 D6=0000000A D7=00000000 xnZvc
00:CB20  4A 40  TST.W   D0                       A0=000AFB40 A1=00FFB9BA A2=000AFB40 A3=00028210 A4=00027E16 A5=00000000 A6=00000000 A7=00FF7F34 D0=00000008 D1=00000001 D2=0002000C D3=0002A230 D4=00000398 D5=00000007 D6=0000000A D7=00000000 xnzvc
00:CB22  6E F8  BGT     #$F8 [00:CB1C]           A0=000AFB40 A1=00FFB9BA A2=000AFB40 A3=00028210 A4=00027E16 A5=00000000 A6=00000000 A7=00FF7F34 D0=00000008 D1=00000001 D2=0002000C D3=0002A230 D4=00000398 D5=00000007 D6=0000000A D7=00000000 xnzvc
00:CB24  30 01  MOVE.W  D1,D0                    A0=000AFB60 A1=00FFB93A A2=000AFB40 A3=00028210 A4=00027E16 A5=00000000 A6=00000000 A7=00FF7F40 D0=00000000 D1=00000001 D2=0002000C D3=0002A278 D4=00000398 D5=00000002 D6=0000000A D7=00000000 xnZvc
00:CB26  48 C0  EXT.L   D0                       A0=000AFB60 A1=00FFB93A A2=000AFB40 A3=00028210 A4=00027E16 A5=00000000 A6=00000000 A7=00FF7F40 D0=00000001 D1=00000001 D2=0002000C D3=0002A278 D4=00000398 D5=00000002 D6=0000000A D7=00000000 xnzvc
00:CB28  EB 80  ASL.L   #5,D0                    A0=000AFB60 A1=00FFB93A A2=000AFB40 A3=00028210 A4=00027E16 A5=00000000 A6=00000000 A7=00FF7F40 D0=00000001 D1=00000001 D2=0002000C D3=0002A278 D4=00000398 D5=00000002 D6=0000000A D7=00000000 xnzvc
00:CB2A  30 00  MOVE.W  D0,D0                    A0=000AFB60 A1=00FFB93A A2=000AFB40 A3=00028210 A4=00027E16 A5=00000000 A6=00000000 A7=00FF7F40 D0=00000020 D1=00000001 D2=0002000C D3=0002A278 D4=00000398 D5=00000002 D6=0000000A D7=00000000 xnzvc
00:CB2C  D1 79  ADD.W   D0,($00FFD8DA)           A0=000AFB60 A1=00FFB93A A2=000AFB40 A3=00028210 A4=00027E16 A5=00000000 A6=00000000 A7=00FF7F40 D0=00000020 D1=00000001 D2=0002000C D3=0002A278 D4=00000398 D5=00000002 D6=0000000A D7=00000000 xnzvc
00:CB32  4E 75  RTS                              A0=000AFB60 A1=00FFB93A A2=000AFB40 A3=00028210 A4=00027E16 A5=00000000 A6=00000000 A7=00FF7F40 D0=00000020 D1=00000001 D2=0002000C D3=0002A278 D4=00000398 D5=00000002 D6=0000000A D7=00000000 xnzvc

00:CC62  48 E7  MOVEM.L {d0-a7}[38 38],-(SP)     A0=00FFE3A4 A1=00037324 A2=00FFE39E A3=00FFE3A0 A4=00FFE3FC A5=00000000 A6=00000000 A7=00FF7F84 D0=00000000 D1=000052EF D2=00000000 D3=00000000 D4=00000000 D5=00000000 D6=00000000 D7=00000000 xnZvc
00:CC66  42 43  CLR.W   D3                       A0=00FFE3A4 A1=00037324 A2=00FFE39E A3=00FFE3A0 A4=00FFE3FC A5=00000000 A6=00000000 A7=00FF7F6C D0=00000000 D1=000052EF D2=00000000 D3=00000000 D4=00000000 D5=00000000 D6=00000000 D7=00000000 xnZvc
00:CC68  28 7C  MOVE.L  #$00FF9364,A4            A0=00FFE3A4 A1=00037324 A2=00FFE39E A3=00FFE3A0 A4=00FFE3FC A5=00000000 A6=00000000 A7=00FF7F6C D0=00000000 D1=000052EF D2=00000000 D3=00000000 D4=00000000 D5=00000000 D6=00000000 D7=00000000 xnZvc
00:CC6E  48 78  PEA     ($0001)                  A0=00FFE3A4 A1=00037324 A2=00FFE39E A3=00FFE3A0 A4=00FF9364 A5=00000000 A6=00000000 A7=00FF7F6C D0=00000000 D1=000052EF D2=00000000 D3=00000000 D4=00000000 D5=00000000 D6=00000000 D7=00000000 xnZvc
00:CC72  4E B9  JSR     ($0000901C)              A0=00FFE3A4 A1=00037324 A2=00FFE39E A3=00FFE3A0 A4=00FF9364 A5=00000000 A6=00000000 A7=00FF7F68 D0=00000000 D1=000052EF D2=00000000 D3=00000000 D4=00000000 D5=00000000 D6=00000000 D7=00000000 xnZvc
00:CC78  58 8F  ADDQ.L  #4,SP                    A0=00FF8038 A1=00FF8036 A2=00FFE39E A3=00FFE3A0 A4=00FF9364 A5=00000000 A6=00000000 A7=00FF7F68 D0=00000001 D1=000052EF D2=00000000 D3=00000000 D4=00000000 D5=00000000 D6=00000000 D7=00000000 xnZvc
00:CC7A  4A 39  TST.B   ($00FFD930)              A0=00FF8038 A1=00FF8036 A2=00FFE39E A3=00FFE3A0 A4=00FF9364 A5=00000000 A6=00000000 A7=00FF7F6C D0=00000001 D1=000052EF D2=00000000 D3=00000000 D4=00000000 D5=00000000 D6=00000000 D7=00000000 xnZvc
00:CC80  66 F8  BNE     #$F8 [00:CC7A]           A0=00FF8038 A1=00FF8036 A2=00FFE39E A3=00FFE3A0 A4=00FF9364 A5=00000000 A6=00000000 A7=00FF7F6C D0=00000001 D1=000052EF D2=00000000 D3=00000000 D4=00000000 D5=00000000 D6=00000000 D7=00000000 xnZvc
00:CC82  4A 39  TST.B   ($00FF8010)              A0=00FF8038 A1=00FF8036 A2=00FFE39E A3=00FFE3A0 A4=00FF9364 A5=00000000 A6=00000000 A7=00FF7F6C D0=00000001 D1=000052EF D2=00000000 D3=00000000 D4=00000000 D5=00000000 D6=00000000 D7=00000000 xnZvc
00:CC88  66 0E  BNE     #$0E [00:CC98]           A0=00FF8038 A1=00FF8036 A2=00FFE39E A3=00FFE3A0 A4=00FF9364 A5=00000000 A6=00000000 A7=00FF7F6C D0=00000001 D1=000052EF D2=00000000 D3=00000000 D4=00000000 D5=00000000 D6=00000000 D7=00000000 xnZvc
00:CC8A  4A 14  TST.B   (A4)                     A0=00FF8038 A1=00FF8036 A2=00FFE39E A3=00FFE3A0 A4=00FF9364 A5=00000000 A6=00000000 A7=00FF7F6C D0=00000001 D1=000052EF D2=00000000 D3=00000000 D4=00000000 D5=00000000 D6=00000000 D7=00000000 xnZvc
00:CC8C  66 06  BNE     #$06 [00:CC94]           A0=00FF8038 A1=00FF8036 A2=00FFE39E A3=00FFE3A0 A4=00FF9364 A5=00000000 A6=00000000 A7=00FF7F6C D0=00000001 D1=000052EF D2=00000000 D3=00000000 D4=00000000 D5=00000000 D6=00000000 D7=00000000 xnZvc
00:CC8E  4A 2C  TST.B   $0001(A4)                A0=00FF8038 A1=00FF8036 A2=00FFE39E A3=00FFE3A0 A4=00FF9364 A5=00000000 A6=00000000 A7=00FF7F6C D0=00000001 D1=000052EF D2=00000000 D3=00000000 D4=00000000 D5=00000000 D6=00000000 D7=00000000 xnZvc
00:CC92  67 04  BEQ     #$04 [00:CC98]           A0=00FF8038 A1=00FF8036 A2=00FFE39E A3=00FFE3A0 A4=00FF9364 A5=00000000 A6=00000000 A7=00FF7F6C D0=00000001 D1=000052EF D2=00000000 D3=00000000 D4=00000000 D5=00000000 D6=00000000 D7=00000000 xnZvc
00:CC98  42 44  CLR.W   D4                       A0=00FF8038 A1=00FF8036 A2=00FFE39E A3=00FFE3A0 A4=00FF9364 A5=00000000 A6=00000000 A7=00FF7F6C D0=00000001 D1=000052EF D2=00000000 D3=00000000 D4=00000000 D5=00000000 D6=00000000 D7=00000000 xnZvc
00:CC9A  30 04  MOVE.W  D4,D0                    A0=00FF8038 A1=00FF8036 A2=00FFE39E A3=00FFE3A0 A4=00FF9364 A5=00000000 A6=00000000 A7=00FF7F6C D0=00000001 D1=000052EF D2=00000000 D3=00000000 D4=00000000 D5=00000000 D6=00000000 D7=00000000 xnZvc
00:CC9C  EF 40  ASL.W   #7,D0                    A0=00FF8038 A1=00FF8036 A2=00FFE39E A3=00FFE3A0 A4=00FF9364 A5=00000000 A6=00000000 A7=00FF7F6C D0=00000000 D1=000052EF D2=00000000 D3=00000000 D4=00000000 D5=00000000 D6=00000000 D7=00000000 xnZvc
00:CC9E  20 7C  MOVE.L  #$00FFA25A,A0            A0=00FF8038 A1=00FF8036 A2=00FFE39E A3=00FFE3A0 A4=00FF9364 A5=00000000 A6=00000000 A7=00FF7F6C D0=00000000 D1=000052EF D2=00000000 D3=00000000 D4=00000000 D5=00000000 D6=00000000 D7=00000000 xnZvc
00:CCA4  D0 C0  ADDA.W  D0,A0                    A0=00FFA25A A1=00FF8036 A2=00FFE39E A3=00FFE3A0 A4=00FF9364 A5=00000000 A6=00000000 A7=00FF7F6C D0=00000000 D1=000052EF D2=00000000 D3=00000000 D4=00000000 D5=00000000 D6=00000000 D7=00000000 xnZvc
00:CCA6  24 48  MOVE.L  A0,A2                    A0=00FFA25A A1=00FF8036 A2=00FFE39E A3=00FFE3A0 A4=00FF9364 A5=00000000 A6=00000000 A7=00FF7F6C D0=00000000 D1=000052EF D2=00000000 D3=00000000 D4=00000000 D5=00000000 D6=00000000 D7=00000000 xnZvc
00:CCA8  60 00  BRA     #$0162 [00:CE0C]         A0=00FFA25A A1=00FF8036 A2=00FFA25A A3=00FFE3A0 A4=00FF9364 A5=00000000 A6=00000000 A7=00FF7F6C D0=00000000 D1=000052EF D2=00000000 D3=00000000 D4=00000000 D5=00000000 D6=00000000 D7=00000000 xnZvc
00:CCAC  08 2A  BTST    #0,$002F(A2)             A0=00FFE1EE A1=00FF8036 A2=00FFADDA A3=00FFE3A0 A4=00FF9364 A5=00000000 A6=00000000 A7=00FF7F6C D0=00000000 D1=00000006 D2=00000000 D3=00000000 D4=00000017 D5=00000000 D6=00000000 D7=00000000 xNzvC
00:CCB2  67 00  BEQ     #$0152 [00:CE06]         A0=00FFE1EE A1=00FF8036 A2=00FFADDA A3=00FFE3A0 A4=00FF9364 A5=00000000 A6=00000000 A7=00FF7F6C D0=00000000 D1=00000006 D2=00000000 D3=00000000 D4=00000017 D5=00000000 D6=00000000 D7=00000000 xNZvC
00:CCB6  08 2A  BTST    #2,$004D(A2)             A0=00FFA25A A1=00FF8036 A2=00FFA55A A3=00FFE3A0 A4=00FF9364 A5=00000000 A6=00000000 A7=00FF7F6C D0=00000000 D1=000052EF D2=00000000 D3=00000000 D4=00000006 D5=00000000 D6=00000000 D7=00000000 xNzvC
00:CCBC  66 00  BNE     #$0148 [00:CE06]         A0=00FFA25A A1=00FF8036 A2=00FFA55A A3=00FFE3A0 A4=00FF9364 A5=00000000 A6=00000000 A7=00FF7F6C D0=00000000 D1=000052EF D2=00000000 D3=00000000 D4=00000006 D5=00000000 D6=00000000 D7=00000000 xNZvC
00:CCC0  30 04  MOVE.W  D4,D0                    A0=00FFA25A A1=00FF8036 A2=00FFA55A A3=00FFE3A0 A4=00FF9364 A5=00000000 A6=00000000 A7=00FF7F6C D0=00000000 D1=000052EF D2=00000000 D3=00000000 D4=00000006 D5=00000000 D6=00000000 D7=00000000 xNZvC
00:CCC2  48 C0  EXT.L   D0                       A0=00FFA25A A1=00FF8036 A2=00FFA55A A3=00FFE3A0 A4=00FF9364 A5=00000000 A6=00000000 A7=00FF7F6C D0=00000006 D1=000052EF D2=00000000 D3=00000000 D4=00000006 D5=00000000 D6=00000000 D7=00000000 xnzvc
00:CCC4  2F 00  MOVE.L  D0,-(SP)                 A0=00FFA25A A1=00FF8036 A2=00FFA55A A3=00FFE3A0 A4=00FF9364 A5=00000000 A6=00000000 A7=00FF7F6C D0=00000006 D1=000052EF D2=00000000 D3=00000000 D4=00000006 D5=00000000 D6=00000000 D7=00000000 xnzvc
00:CCC6  4E B9  JSR     ($0001DEA6)              A0=00FFA25A A1=00FF8036 A2=00FFA55A A3=00FFE3A0 A4=00FF9364 A5=00000000 A6=00000000 A7=00FF7F68 D0=00000006 D1=000052EF D2=00000000 D3=00000000 D4=00000006 D5=00000000 D6=00000000 D7=00000000 xnzvc
00:CCCC  58 8F  ADDQ.L  #4,SP                    A0=00FFE1EE A1=00FF8036 A2=00FFA55A A3=00FFE3A0 A4=00FF9364 A5=00000000 A6=00000000 A7=00FF7F68 D0=00000000 D1=00000006 D2=00000000 D3=00000000 D4=00000006 D5=00000000 D6=00000000 D7=00000000 xnZvc
00:CCCE  4A 80  TST.L   D0                       A0=00FFE1EE A1=00FF8036 A2=00FFA55A A3=00FFE3A0 A4=00FF9364 A5=00000000 A6=00000000 A7=00FF7F6C D0=00000000 D1=00000006 D2=00000000 D3=00000000 D4=00000006 D5=00000000 D6=00000000 D7=00000000 xnZvc
00:CCD0  66 00  BNE     #$0134 [00:CE06]         A0=00FFE1EE A1=00FF8036 A2=00FFA55A A3=00FFE3A0 A4=00FF9364 A5=00000000 A6=00000000 A7=00FF7F6C D0=00000000 D1=00000006 D2=00000000 D3=00000000 D4=00000006 D5=00000000 D6=00000000 D7=00000000 xnZvc
00:CCD4  4A 2A  TST.B   $0028(A2)                A0=00FFE1EE A1=00FF8036 A2=00FFA55A A3=00FFE3A0 A4=00FF9364 A5=00000000 A6=00000000 A7=00FF7F6C D0=00000000 D1=00000006 D2=00000000 D3=00000000 D4=00000006 D5=00000000 D6=00000000 D7=00000000 xnZvc
00:CCD8  66 08  BNE     #$08 [00:CCE2]           A0=00FFE1EE A1=00FF8036 A2=00FFA55A A3=00FFE3A0 A4=00FF9364 A5=00000000 A6=00000000 A7=00FF7F6C D0=00000000 D1=00000006 D2=00000000 D3=00000000 D4=00000006 D5=00000000 D6=00000000 D7=00000000 xnzvc
00:CCDA  4A 2A  TST.B   $004A(A2)                A0=00FFE1EE A1=00FF8036 A2=00FFA5DA A3=00FFE3A0 A4=00FF9364 A5=00000000 A6=00000000 A7=00FF7F6C D0=00000000 D1=00000007 D2=00000000 D3=00000000 D4=00000007 D5=00000000 D6=00000000 D7=00000000 xnZvc
00:CCDE  66 00  BNE     #$0126 [00:CE06]         A0=00FFE1EE A1=00FF8036 A2=00FFA5DA A3=00FFE3A0 A4=00FF9364 A5=00000000 A6=00000000 A7=00FF7F6C D0=00000000 D1=00000007 D2=00000000 D3=00000000 D4=00000007 D5=00000000 D6=00000000 D7=00000000 xnzvc
00:CCE2  4A 43  TST.W   D3                       A0=00FFE1EE A1=00FF8036 A2=00FFA55A A3=00FFE3A0 A4=00FF9364 A5=00000000 A6=00000000 A7=00FF7F6C D0=00000000 D1=00000006 D2=00000000 D3=00000000 D4=00000006 D5=00000000 D6=00000000 D7=00000000 xnzvc
00:CCE4  67 16  BEQ     #$16 [00:CCFC]           A0=00FFE1EE A1=00FF8036 A2=00FFA55A A3=00FFE3A0 A4=00FF9364 A5=00000000 A6=00000000 A7=00FF7F6C D0=00000000 D1=00000006 D2=00000000 D3=00000000 D4=00000006 D5=00000000 D6=00000000 D7=00000000 xnZvc
00:CCE6  70 00  MOVEQ   #$00,D0                  A0=00FFE1EE A1=00FFB65A A2=00FFA5DA A3=00037194 A4=00FF9364 A5=00000000 A6=00000000 A7=00FF7F6C D0=00000000 D1=00000007 D2=00000000 D3=0000000C D4=00000007 D5=00000000 D6=00000000 D7=00000000 xnzvc
00:CCE8  10 2A  MOVE.B  $002B(A2),D0             A0=00FFE1EE A1=00FFB65A A2=00FFA5DA A3=00037194 A4=00FF9364 A5=00000000 A6=00000000 A7=00FF7F6C D0=00000000 D1=00000007 D2=00000000 D3=0000000C D4=00000007 D5=00000000 D6=00000000 D7=00000000 xnZvc
00:CCEC  20 40  MOVE.L  D0,A0                    A0=00FFE1EE A1=00FFB65A A2=00FFA5DA A3=00037194 A4=00FF9364 A5=00000000 A6=00000000 A7=00FF7F6C D0=00000048 D1=00000007 D2=00000000 D3=0000000C D4=00000007 D5=00000000 D6=00000000 D7=00000000 xnzvc
00:CCEE  70 00  MOVEQ   #$00,D0                  A0=00000048 A1=00FFB65A A2=00FFA5DA A3=00037194 A4=00FF9364 A5=00000000 A6=00000000 A7=00FF7F6C D0=00000048 D1=00000007 D2=00000000 D3=0000000C D4=00000007 D5=00000000 D6=00000000 D7=00000000 xnzvc
00:CCF0  30 03  MOVE.W  D3,D0                    A0=00000048 A1=00FFB65A A2=00FFA5DA A3=00037194 A4=00FF9364 A5=00000000 A6=00000000 A7=00FF7F6C D0=00000000 D1=00000007 D2=00000000 D3=0000000C D4=00000007 D5=00000000 D6=00000000 D7=00000000 xnZvc
00:CCF2  D1 C0  ADDA.L  D0,A0                    A0=00000048 A1=00FFB65A A2=00FFA5DA A3=00037194 A4=00FF9364 A5=00000000 A6=00000000 A7=00FF7F6C D0=0000000C D1=00000007 D2=00000000 D3=0000000C D4=00000007 D5=00000000 D6=00000000 D7=00000000 xnzvc
00:CCF4  70 70  MOVEQ   #$70,D0                  A0=00000054 A1=00FFB65A A2=00FFA5DA A3=00037194 A4=00FF9364 A5=00000000 A6=00000000 A7=00FF7F6C D0=0000000C D1=00000007 D2=00000000 D3=0000000C D4=00000007 D5=00000000 D6=00000000 D7=00000000 xnzvc
00:CCF6  B0 88  CMP.L   A0,D0                    A0=00000054 A1=00FFB65A A2=00FFA5DA A3=00037194 A4=00FF9364 A5=00000000 A6=00000000 A7=00FF7F6C D0=00000070 D1=00000007 D2=00000000 D3=0000000C D4=00000007 D5=00000000 D6=00000000 D7=00000000 xnzvc
00:CCF8  65 00  BCS     #$010C [00:CE06]         A0=00000054 A1=00FFB65A A2=00FFA5DA A3=00037194 A4=00FF9364 A5=00000000 A6=00000000 A7=00FF7F6C D0=00000070 D1=00000007 D2=00000000 D3=0000000C D4=00000007 D5=00000000 D6=00000000 D7=00000000 xnzvc
00:CCFC  4A 2A  TST.B   $0028(A2)                A0=00FFE1EE A1=00FF8036 A2=00FFA55A A3=00FFE3A0 A4=00FF9364 A5=00000000 A6=00000000 A7=00FF7F6C D0=00000000 D1=00000006 D2=00000000 D3=00000000 D4=00000006 D5=00000000 D6=00000000 D7=00000000 xnZvc
00:CD00  67 00  BEQ     #$00EC [00:CDEE]         A0=00FFE1EE A1=00FF8036 A2=00FFA55A A3=00FFE3A0 A4=00FF9364 A5=00000000 A6=00000000 A7=00FF7F6C D0=00000000 D1=00000006 D2=00000000 D3=00000000 D4=00000006 D5=00000000 D6=00000000 D7=00000000 xnzvc
00:CD04  53 2A  SUBQ.B  #1,$0028(A2)             A0=00FFE1EE A1=00FF8036 A2=00FFA55A A3=00FFE3A0 A4=00FF9364 A5=00000000 A6=00000000 A7=00FF7F6C D0=00000000 D1=00000006 D2=00000000 D3=00000000 D4=00000006 D5=00000000 D6=00000000 D7=00000000 xnzvc
00:CD08  66 00  BNE     #$00E4 [00:CDEE]         A0=00FFE1EE A1=00FF8036 A2=00FFA55A A3=00FFE3A0 A4=00FF9364 A5=00000000 A6=00000000 A7=00FF7F6C D0=00000000 D1=00000006 D2=00000000 D3=00000000 D4=00000006 D5=00000000 D6=00000000 D7=00000000 xnZvc
00:CD0C  15 6A  MOVE.B  $0027(A2),$0028(A2)      A0=00FFE1EE A1=00FF8036 A2=00FFA55A A3=00FFE3A0 A4=00FF9364 A5=00000000 A6=00000000 A7=00FF7F6C D0=00000000 D1=00000006 D2=00000000 D3=00000000 D4=00000006 D5=00000000 D6=00000000 D7=00000000 xnZvc
00:CD12  14 2A  MOVE.B  $0026(A2),D2             A0=00FFE1EE A1=00FF8036 A2=00FFA55A A3=00FFE3A0 A4=00FF9364 A5=00000000 A6=00000000 A7=00FF7F6C D0=00000000 D1=00000006 D2=00000000 D3=00000000 D4=00000006 D5=00000000 D6=00000000 D7=00000000 xnzvc
00:CD16  52 02  ADDQ.B  #1,D2                    A0=00FFE1EE A1=00FF8036 A2=00FFA55A A3=00FFE3A0 A4=00FF9364 A5=00000000 A6=00000000 A7=00FF7F6C D0=00000000 D1=00000006 D2=00000004 D3=00000000 D4=00000006 D5=00000000 D6=00000000 D7=00000000 xnzvc
00:CD18  20 6A  MOVE.L  $001A(A2),A0             A0=00FFE1EE A1=00FF8036 A2=00FFA55A A3=00FFE3A0 A4=00FF9364 A5=00000000 A6=00000000 A7=00FF7F6C D0=00000000 D1=00000006 D2=00000005 D3=00000000 D4=00000006 D5=00000000 D6=00000000 D7=00000000 xnzvc
00:CD1C  10 02  MOVE.B  D2,D0                    A0=000306A5 A1=00FF8036 A2=00FFA55A A3=00FFE3A0 A4=00FF9364 A5=00000000 A6=00000000 A7=00FF7F6C D0=00000000 D1=00000006 D2=00000005 D3=00000000 D4=00000006 D5=00000000 D6=00000000 D7=00000000 xnzvc
00:CD1E  48 80  EXT.W   D0                       A0=000306A5 A1=00FF8036 A2=00FFA55A A3=00FFE3A0 A4=00FF9364 A5=00000000 A6=00000000 A7=00FF7F6C D0=00000005 D1=00000006 D2=00000005 D3=00000000 D4=00000006 D5=00000000 D6=00000000 D7=00000000 xnzvc
00:CD20  48 C0  EXT.L   D0                       A0=000306A5 A1=00FF8036 A2=00FFA55A A3=00FFE3A0 A4=00FF9364 A5=00000000 A6=00000000 A7=00FF7F6C D0=00000005 D1=00000006 D2=00000005 D3=00000000 D4=00000006 D5=00000000 D6=00000000 D7=00000000 xnzvc
00:CD22  D1 C0  ADDA.L  D0,A0                    A0=000306A5 A1=00FF8036 A2=00FFA55A A3=00FFE3A0 A4=00FF9364 A5=00000000 A6=00000000 A7=00FF7F6C D0=00000005 D1=00000006 D2=00000005 D3=00000000 D4=00000006 D5=00000000 D6=00000000 D7=00000000 xnzvc
00:CD24  12 10  MOVE.B  (A0),D1                  A0=000306AA A1=00FF8036 A2=00FFA55A A3=00FFE3A0 A4=00FF9364 A5=00000000 A6=00000000 A7=00FF7F6C D0=00000005 D1=00000006 D2=00000005 D3=00000000 D4=00000006 D5=00000000 D6=00000000 D7=00000000 xnzvc
00:CD26  0C 01  CMPI.B  #$FF,D1                  A0=000306AA A1=00FF8036 A2=00FFA55A A3=00FFE3A0 A4=00FF9364 A5=00000000 A6=00000000 A7=00FF7F6C D0=00000005 D1=000000FF D2=00000005 D3=00000000 D4=00000006 D5=00000000 D6=00000000 D7=00000000 xNzvc
00:CD2A  66 04  BNE     #$04 [00:CD30]           A0=000306AA A1=00FF8036 A2=00FFA55A A3=00FFE3A0 A4=00FF9364 A5=00000000 A6=00000000 A7=00FF7F6C D0=00000005 D1=000000FF D2=00000005 D3=00000000 D4=00000006 D5=00000000 D6=00000000 D7=00000000 xnZvc
00:CD2C  42 02  CLR.B   D2                       A0=000306AA A1=00FF8036 A2=00FFA55A A3=00FFE3A0 A4=00FF9364 A5=00000000 A6=00000000 A7=00FF7F6C D0=00000005 D1=000000FF D2=00000005 D3=00000000 D4=00000006 D5=00000000 D6=00000000 D7=00000000 xnZvc
00:CD2E  60 0E  BRA     #$0E [00:CD3E]           A0=000306AA A1=00FF8036 A2=00FFA55A A3=00FFE3A0 A4=00FF9364 A5=00000000 A6=00000000 A7=00FF7F6C D0=00000005 D1=000000FF D2=00000000 D3=00000000 D4=00000006 D5=00000000 D6=00000000 D7=00000000 xnZvc
00:CD30  0C 01  CMPI.B  #$FE,D1                  A0=000306A9 A1=00FF8036 A2=00FFA55A A3=00FFE3A0 A4=00FF9364 A5=00000000 A6=00000000 A7=00FF7F6C D0=00000004 D1=00000004 D2=00000004 D3=00000000 D4=00000006 D5=00000000 D6=00000000 D7=00000000 xnzvC
00:CD34  66 08  BNE     #$08 [00:CD3E]           A0=000306A9 A1=00FF8036 A2=00FFA55A A3=00FFE3A0 A4=00FF9364 A5=00000000 A6=00000000 A7=00FF7F6C D0=00000004 D1=00000004 D2=00000004 D3=00000000 D4=00000006 D5=00000000 D6=00000000 D7=00000000 xnzvC
00:CD36  42 2A  CLR.B   $0028(A2)                A0=0003072B A1=00FFB65A A2=00FFA5DA A3=00037194 A4=00FF9364 A5=00000000 A6=00000000 A7=00FF7F6C D0=00000001 D1=000000FE D2=00000001 D3=0000000C D4=00000007 D5=00000000 D6=00000000 D7=00000000 xnZvc
00:CD3A  60 00  BRA     #$00CA [00:CE06]         A0=0003072B A1=00FFB65A A2=00FFA5DA A3=00037194 A4=00FF9364 A5=00000000 A6=00000000 A7=00FF7F6C D0=00000001 D1=000000FE D2=00000001 D3=0000000C D4=00000007 D5=00000000 D6=00000000 D7=00000000 xnZvc
00:CD3E  15 42  MOVE.B  D2,$0026(A2)             A0=000306AA A1=00FF8036 A2=00FFA55A A3=00FFE3A0 A4=00FF9364 A5=00000000 A6=00000000 A7=00FF7F6C D0=00000005 D1=000000FF D2=00000000 D3=00000000 D4=00000006 D5=00000000 D6=00000000 D7=00000000 xnZvc
00:CD42  20 6A  MOVE.L  $001A(A2),A0             A0=000306AA A1=00FF8036 A2=00FFA55A A3=00FFE3A0 A4=00FF9364 A5=00000000 A6=00000000 A7=00FF7F6C D0=00000005 D1=000000FF D2=00000000 D3=00000000 D4=00000006 D5=00000000 D6=00000000 D7=00000000 xnZvc
00:CD46  10 02  MOVE.B  D2,D0                    A0=000306A5 A1=00FF8036 A2=00FFA55A A3=00FFE3A0 A4=00FF9364 A5=00000000 A6=00000000 A7=00FF7F6C D0=00000005 D1=000000FF D2=00000000 D3=00000000 D4=00000006 D5=00000000 D6=00000000 D7=00000000 xnZvc
00:CD48  48 80  EXT.W   D0                       A0=000306A5 A1=00FF8036 A2=00FFA55A A3=00FFE3A0 A4=00FF9364 A5=00000000 A6=00000000 A7=00FF7F6C D0=00000000 D1=000000FF D2=00000000 D3=00000000 D4=00000006 D5=00000000 D6=00000000 D7=00000000 xnZvc
00:CD4A  48 C0  EXT.L   D0                       A0=000306A5 A1=00FF8036 A2=00FFA55A A3=00FFE3A0 A4=00FF9364 A5=00000000 A6=00000000 A7=00FF7F6C D0=00000000 D1=000000FF D2=00000000 D3=00000000 D4=00000006 D5=00000000 D6=00000000 D7=00000000 xnZvc
00:CD4C  D1 C0  ADDA.L  D0,A0                    A0=000306A5 A1=00FF8036 A2=00FFA55A A3=00FFE3A0 A4=00FF9364 A5=00000000 A6=00000000 A7=00FF7F6C D0=00000000 D1=000000FF D2=00000000 D3=00000000 D4=00000006 D5=00000000 D6=00000000 D7=00000000 xnZvc
00:CD4E  12 10  MOVE.B  (A0),D1                  A0=000306A5 A1=00FF8036 A2=00FFA55A A3=00FFE3A0 A4=00FF9364 A5=00000000 A6=00000000 A7=00FF7F6C D0=00000000 D1=000000FF D2=00000000 D3=00000000 D4=00000006 D5=00000000 D6=00000000 D7=00000000 xnZvc
00:CD50  08 01  BTST    #7,D1                    A0=000306A5 A1=00FF8036 A2=00FFA55A A3=00FFE3A0 A4=00FF9364 A5=00000000 A6=00000000 A7=00FF7F6C D0=00000000 D1=00000000 D2=00000000 D3=00000000 D4=00000006 D5=00000000 D6=00000000 D7=00000000 xnZvc
00:CD54  67 08  BEQ     #$08 [00:CD5E]           A0=000306A5 A1=00FF8036 A2=00FFA55A A3=00FFE3A0 A4=00FF9364 A5=00000000 A6=00000000 A7=00FF7F6C D0=00000000 D1=00000000 D2=00000000 D3=00000000 D4=00000006 D5=00000000 D6=00000000 D7=00000000 xnZvc
00:CD56  00 6A  ORI.W   #$0800,$002C(A2)         A0=000306C0 A1=00FFB65A A2=00FFA75A A3=00035F52 A4=00FF9364 A5=00000000 A6=00000000 A7=00FF7F64 D0=00000003 D1=00000083 D2=00000003 D3=00000002 D4=0000000A D5=00000000 D6=00000000 D7=00000000 xNzvc
00:CD5C  60 06  BRA     #$06 [00:CD64]           A0=000306C0 A1=00FFB65A A2=00FFA75A A3=00035F52 A4=00FF9364 A5=00000000 A6=00000000 A7=00FF7F64 D0=00000003 D1=00000083 D2=00000003 D3=00000002 D4=0000000A D5=00000000 D6=00000000 D7=00000000 xnzvc
00:CD5E  02 6A  ANDI.W  #$F7FF,$002C(A2)         A0=000306A5 A1=00FF8036 A2=00FFA55A A3=00FFE3A0 A4=00FF9364 A5=00000000 A6=00000000 A7=00FF7F6C D0=00000000 D1=00000000 D2=00000000 D3=00000000 D4=00000006 D5=00000000 D6=00000000 D7=00000000 xnZvc
00:CD64  02 01  ANDI.B  #$7F,D1                  A0=000306A5 A1=00FF8036 A2=00FFA55A A3=00FFE3A0 A4=00FF9364 A5=00000000 A6=00000000 A7=00FF7F6C D0=00000000 D1=00000000 D2=00000000 D3=00000000 D4=00000006 D5=00000000 D6=00000000 D7=00000000 xnzvc
00:CD68  12 01  MOVE.B  D1,D1                    A0=000306A5 A1=00FF8036 A2=00FFA55A A3=00FFE3A0 A4=00FF9364 A5=00000000 A6=00000000 A7=00FF7F6C D0=00000000 D1=00000000 D2=00000000 D3=00000000 D4=00000006 D5=00000000 D6=00000000 D7=00000000 xnZvc
00:CD6A  48 81  EXT.W   D1                       A0=000306A5 A1=00FF8036 A2=00FFA55A A3=00FFE3A0 A4=00FF9364 A5=00000000 A6=00000000 A7=00FF7F6C D0=00000000 D1=00000000 D2=00000000 D3=00000000 D4=00000006 D5=00000000 D6=00000000 D7=00000000 xnZvc
00:CD6C  48 C1  EXT.L   D1                       A0=000306A5 A1=00FF8036 A2=00FFA55A A3=00FFE3A0 A4=00FF9364 A5=00000000 A6=00000000 A7=00FF7F6C D0=00000000 D1=00000000 D2=00000000 D3=00000000 D4=00000006 D5=00000000 D6=00000000 D7=00000000 xnZvc
00:CD6E  E5 81  ASL.L   #2,D1                    A0=000306A5 A1=00FF8036 A2=00FFA55A A3=00FFE3A0 A4=00FF9364 A5=00000000 A6=00000000 A7=00FF7F6C D0=00000000 D1=00000000 D2=00000000 D3=00000000 D4=00000006 D5=00000000 D6=00000000 D7=00000000 xnZvc
00:CD70  20 2A  MOVE.L  $001E(A2),D0             A0=000306A5 A1=00FF8036 A2=00FFA55A A3=00FFE3A0 A4=00FF9364 A5=00000000 A6=00000000 A7=00FF7F6C D0=00000000 D1=00000000 D2=00000000 D3=00000000 D4=00000006 D5=00000000 D6=00000000 D7=00000000 xnZvc
00:CD74  22 41  MOVE.L  D1,A1                    A0=000306A5 A1=00FF8036 A2=00FFA55A A3=00FFE3A0 A4=00FF9364 A5=00000000 A6=00000000 A7=00FF7F6C D0=000373EE D1=00000000 D2=00000000 D3=00000000 D4=00000006 D5=00000000 D6=00000000 D7=00000000 xnzvc
00:CD76  26 71  MOVE.L  $00(A1,D0),A3            A0=000306A5 A1=00000000 A2=00FFA55A A3=00FFE3A0 A4=00FF9364 A5=00000000 A6=00000000 A7=00FF7F6C D0=000373EE D1=00000000 D2=00000000 D3=00000000 D4=00000006 D5=00000000 D6=00000000 D7=00000000 xnzvc
00:CD7A  42 41  CLR.W   D1                       A0=000306A5 A1=00000000 A2=00FFA55A A3=000370D2 A4=00FF9364 A5=00000000 A6=00000000 A7=00FF7F6C D0=000373EE D1=00000000 D2=00000000 D3=00000000 D4=00000006 D5=00000000 D6=00000000 D7=00000000 xnzvc
00:CD7C  42 42  CLR.W   D2                       A0=000306A5 A1=00000000 A2=00FFA55A A3=000370D2 A4=00FF9364 A5=00000000 A6=00000000 A7=00FF7F6C D0=000373EE D1=00000000 D2=00000000 D3=00000000 D4=00000006 D5=00000000 D6=00000000 D7=00000000 xnZvc
00:CD7E  4A 2B  TST.B   $0003(A3)                A0=000306A5 A1=00000000 A2=00FFA55A A3=000370D2 A4=00FF9364 A5=00000000 A6=00000000 A7=00FF7F6C D0=000373EE D1=00000000 D2=00000000 D3=00000000 D4=00000006 D5=00000000 D6=00000000 D7=00000000 xnZvc
00:CD82  67 0A  BEQ     #$0A [00:CD8E]           A0=000306A5 A1=00000000 A2=00FFA55A A3=000370D2 A4=00FF9364 A5=00000000 A6=00000000 A7=00FF7F6C D0=000373EE D1=00000000 D2=00000000 D3=00000000 D4=00000006 D5=00000000 D6=00000000 D7=00000000 xnZvc
00:CD8E  25 4B  MOVE.L  A3,$0022(A2)             A0=000306A5 A1=00000000 A2=00FFA55A A3=000370D2 A4=00FF9364 A5=00000000 A6=00000000 A7=00FF7F6C D0=000373EE D1=00000000 D2=00000000 D3=00000000 D4=00000006 D5=00000000 D6=00000000 D7=00000000 xnZvc
00:CD92  08 2A  BTST    #1,$002F(A2)             A0=000306A5 A1=00000000 A2=00FFA55A A3=000370D2 A4=00FF9364 A5=00000000 A6=00000000 A7=00FF7F6C D0=000373EE D1=00000000 D2=00000000 D3=00000000 D4=00000006 D5=00000000 D6=00000000 D7=00000000 xnzvc
00:CD98  67 1C  BEQ     #$1C [00:CDB6]           A0=000306A5 A1=00000000 A2=00FFA55A A3=000370D2 A4=00FF9364 A5=00000000 A6=00000000 A7=00FF7F6C D0=000373EE D1=00000000 D2=00000000 D3=00000000 D4=00000006 D5=00000000 D6=00000000 D7=00000000 xnzvc
00:CD9A  42 A7  CLR.L   -(SP)                    A0=000306A5 A1=00000000 A2=00FFA55A A3=000370D2 A4=00FF9364 A5=00000000 A6=00000000 A7=00FF7F6C D0=000373EE D1=00000000 D2=00000000 D3=00000000 D4=00000006 D5=00000000 D6=00000000 D7=00000000 xnzvc
00:CD9C  70 00  MOVEQ   #$00,D0                  A0=000306A5 A1=00000000 A2=00FFA55A A3=000370D2 A4=00FF9364 A5=00000000 A6=00000000 A7=00FF7F68 D0=000373EE D1=00000000 D2=00000000 D3=00000000 D4=00000006 D5=00000000 D6=00000000 D7=00000000 xnZvc
00:CD9E  30 01  MOVE.W  D1,D0                    A0=000306A5 A1=00000000 A2=00FFA55A A3=000370D2 A4=00FF9364 A5=00000000 A6=00000000 A7=00FF7F68 D0=00000000 D1=00000000 D2=00000000 D3=00000000 D4=00000006 D5=00000000 D6=00000000 D7=00000000 xnZvc
00:CDA0  2F 00  MOVE.L  D0,-(SP)                 A0=000306A5 A1=00000000 A2=00FFA55A A3=000370D2 A4=00FF9364 A5=00000000 A6=00000000 A7=00FF7F68 D0=00000000 D1=00000000 D2=00000000 D3=00000000 D4=00000006 D5=00000000 D6=00000000 D7=00000000 xnZvc
00:CDA2  2F 0B  MOVE.L  A3,-(SP)                 A0=000306A5 A1=00000000 A2=00FFA55A A3=000370D2 A4=00FF9364 A5=00000000 A6=00000000 A7=00FF7F64 D0=00000000 D1=00000000 D2=00000000 D3=00000000 D4=00000006 D5=00000000 D6=00000000 D7=00000000 xnZvc
00:CDA4  2F 0A  MOVE.L  A2,-(SP)                 A0=000306A5 A1=00000000 A2=00FFA55A A3=000370D2 A4=00FF9364 A5=00000000 A6=00000000 A7=00FF7F60 D0=00000000 D1=00000000 D2=00000000 D3=00000000 D4=00000006 D5=00000000 D6=00000000 D7=00000000 xnzvc
00:CDA6  4E BA  JSR     $FB58(PC)                A0=000306A5 A1=00000000 A2=00FFA55A A3=000370D2 A4=00FF9364 A5=00000000 A6=00000000 A7=00FF7F5C D0=00000000 D1=00000000 D2=00000000 D3=00000000 D4=00000006 D5=00000000 D6=00000000 D7=00000000 xnzvc
00:CDAA  4F EF  LEA     $0010(SP),A7             A0=00FFD8DC A1=00FFB65A A2=00FFA55A A3=000370D2 A4=00FF9364 A5=00000000 A6=00000000 A7=00FF7F5C D0=00000201 D1=00000002 D2=00000000 D3=00000000 D4=00000006 D5=00000000 D6=00000000 D7=00000000 xnzvc
00:CDAE  72 01  MOVEQ   #$01,D1                  A0=00FFD8DC A1=00FFB65A A2=00FFA55A A3=000370D2 A4=00FF9364 A5=00000000 A6=00000000 A7=00FF7F6C D0=00000201 D1=00000002 D2=00000000 D3=00000000 D4=00000006 D5=00000000 D6=00000000 D7=00000000 xnzvc
00:CDB0  15 7C  MOVE.B  #$01,$004A(A2)           A0=00FFD8DC A1=00FFB65A A2=00FFA55A A3=000370D2 A4=00FF9364 A5=00000000 A6=00000000 A7=00FF7F6C D0=00000201 D1=00000001 D2=00000000 D3=00000000 D4=00000006 D5=00000000 D6=00000000 D7=00000000 xnzvc
00:CDB6  08 2A  BTST    #2,$002F(A2)             A0=00FFD8DC A1=00FFB65A A2=00FFA55A A3=000370D2 A4=00FF9364 A5=00000000 A6=00000000 A7=00FF7F6C D0=00000201 D1=00000001 D2=00000000 D3=00000000 D4=00000006 D5=00000000 D6=00000000 D7=00000000 xnzvc
00:CDBC  67 1E  BEQ     #$1E [00:CDDC]           A0=00FFD8DC A1=00FFB65A A2=00FFA55A A3=000370D2 A4=00FF9364 A5=00000000 A6=00000000 A7=00FF7F6C D0=00000201 D1=00000001 D2=00000000 D3=00000000 D4=00000006 D5=00000000 D6=00000000 D7=00000000 xnZvc
00:CDDC  4A 41  TST.W   D1                       A0=00FFD8DC A1=00FFB65A A2=00FFA55A A3=000370D2 A4=00FF9364 A5=00000000 A6=00000000 A7=00FF7F6C D0=00000201 D1=00000001 D2=00000000 D3=00000000 D4=00000006 D5=00000000 D6=00000000 D7=00000000 xnZvc
00:CDDE  67 26  BEQ     #$26 [00:CE06]           A0=00FFD8DC A1=00FFB65A A2=00FFA55A A3=000370D2 A4=00FF9364 A5=00000000 A6=00000000 A7=00FF7F6C D0=00000201 D1=00000001 D2=00000000 D3=00000000 D4=00000006 D5=00000000 D6=00000000 D7=00000000 xnzvc
00:CDE0  4A 42  TST.W   D2                       A0=00FFD8DC A1=00FFB65A A2=00FFA55A A3=000370D2 A4=00FF9364 A5=00000000 A6=00000000 A7=00FF7F6C D0=00000201 D1=00000001 D2=00000000 D3=00000000 D4=00000006 D5=00000000 D6=00000000 D7=00000000 xnzvc
00:CDE2  66 22  BNE     #$22 [00:CE06]           A0=00FFD8DC A1=00FFB65A A2=00FFA55A A3=000370D2 A4=00FF9364 A5=00000000 A6=00000000 A7=00FF7F6C D0=00000201 D1=00000001 D2=00000000 D3=00000000 D4=00000006 D5=00000000 D6=00000000 D7=00000000 xnZvc
00:CDE4  70 00  MOVEQ   #$00,D0                  A0=00FFD8DC A1=00FFB65A A2=00FFA55A A3=000370D2 A4=00FF9364 A5=00000000 A6=00000000 A7=00FF7F6C D0=00000201 D1=00000001 D2=00000000 D3=00000000 D4=00000006 D5=00000000 D6=00000000 D7=00000000 xnZvc
00:CDE6  10 2A  MOVE.B  $002B(A2),D0             A0=00FFD8DC A1=00FFB65A A2=00FFA55A A3=000370D2 A4=00FF9364 A5=00000000 A6=00000000 A7=00FF7F6C D0=00000000 D1=00000001 D2=00000000 D3=00000000 D4=00000006 D5=00000000 D6=00000000 D7=00000000 xnZvc
00:CDEA  D6 40  ADD.W   D0,D3                    A0=00FFD8DC A1=00FFB65A A2=00FFA55A A3=000370D2 A4=00FF9364 A5=00000000 A6=00000000 A7=00FF7F6C D0=0000000C D1=00000001 D2=00000000 D3=00000000 D4=00000006 D5=00000000 D6=00000000 D7=00000000 xnzvc
00:CDEC  60 18  BRA     #$18 [00:CE06]           A0=00FFD8DC A1=00FFB65A A2=00FFA55A A3=000370D2 A4=00FF9364 A5=00000000 A6=00000000 A7=00FF7F6C D0=0000000C D1=00000001 D2=00000000 D3=0000000C D4=00000006 D5=00000000 D6=00000000 D7=00000000 xnzvc
00:CDEE  4A 2A  TST.B   $004A(A2)                A0=00FFE1EE A1=00FF8036 A2=00FFA55A A3=00FFE3A0 A4=00FF9364 A5=00000000 A6=00000000 A7=00FF7F6C D0=00000000 D1=00000006 D2=00000000 D3=00000000 D4=00000006 D5=00000000 D6=00000000 D7=00000000 xnzvc
00:CDF2  66 12  BNE     #$12 [00:CE06]           A0=00FFE1EE A1=00FF8036 A2=00FFA55A A3=00FFE3A0 A4=00FF9364 A5=00000000 A6=00000000 A7=00FF7F6C D0=00000000 D1=00000006 D2=00000000 D3=00000000 D4=00000006 D5=00000000 D6=00000000 D7=00000000 xnzvc
00:CDF4  14 2A  MOVE.B  $0026(A2),D2             A0=00000014 A1=00FFB65A A2=00FFA6DA A3=0003139C A4=00FF9364 A5=00000000 A6=00000000 A7=00FF7F6C D0=00000070 D1=00000009 D2=00000000 D3=00000012 D4=00000009 D5=00000000 D6=00000000 D7=00000000 xnZvc
00:CDF8  0C 02  CMPI.B  #$FF,D2                  A0=00000014 A1=00FFB65A A2=00FFA6DA A3=0003139C A4=00FF9364 A5=00000000 A6=00000000 A7=00FF7F6C D0=00000070 D1=00000009 D2=00000000 D3=00000012 D4=00000009 D5=00000000 D6=00000000 D7=00000000 xnZvc
00:CDFC  66 00  BNE     #$FF40 [00:CD3E]         A0=00000014 A1=00FFB65A A2=00FFA6DA A3=0003139C A4=00FF9364 A5=00000000 A6=00000000 A7=00FF7F6C D0=00000070 D1=00000009 D2=00000000 D3=00000012 D4=00000009 D5=00000000 D6=00000000 D7=00000000 xnzvC
00:CE06  52 44  ADDQ.W  #1,D4                    A0=00FFE1EE A1=00FF8036 A2=00FFADDA A3=00FFE3A0 A4=00FF9364 A5=00000000 A6=00000000 A7=00FF7F6C D0=00000000 D1=00000006 D2=00000000 D3=00000000 D4=00000017 D5=00000000 D6=00000000 D7=00000000 xNZvC
00:CE08  45 EA  LEA     $0080(A2),A2             A0=00FFE1EE A1=00FF8036 A2=00FFADDA A3=00FFE3A0 A4=00FF9364 A5=00000000 A6=00000000 A7=00FF7F6C D0=00000000 D1=00000006 D2=00000000 D3=00000000 D4=00000018 D5=00000000 D6=00000000 D7=00000000 xnzvc
00:CE0C  0C 44  CMPI.W  #$0028,D4                A0=00FFE1EE A1=00FF8036 A2=00FFAD5A A3=00FFE3A0 A4=00FF9364 A5=00000000 A6=00000000 A7=00FF7F6C D0=00000000 D1=00000006 D2=00000000 D3=00000000 D4=00000016 D5=00000000 D6=00000000 D7=00000000 xnzvc
00:CE10  6D 00  BLT     #$FE9A [00:CCAC]         A0=00FFE1EE A1=00FF8036 A2=00FFAD5A A3=00FFE3A0 A4=00FF9364 A5=00000000 A6=00000000 A7=00FF7F6C D0=00000000 D1=00000006 D2=00000000 D3=00000000 D4=00000016 D5=00000000 D6=00000000 D7=00000000 xNzvC
00:CE14  4A 79  TST.W   ($00FFD936)              A0=00FFD8DC A1=00FFB65A A2=00FFB65A A3=000373D6 A4=00FF9364 A5=00000000 A6=00000000 A7=00FF7F6C D0=0000000C D1=00000001 D2=00000000 D3=0000000C D4=00000028 D5=00000000 D6=00000000 D7=00000000 xnZvc
00:CE1A  67 06  BEQ     #$06 [00:CE22]           A0=00FFD8DC A1=00FFB65A A2=00FFB65A A3=000373D6 A4=00FF9364 A5=00000000 A6=00000000 A7=00FF7F6C D0=0000000C D1=00000001 D2=00000000 D3=0000000C D4=00000028 D5=00000000 D6=00000000 D7=00000000 xnZvc
00:CE1C  4E B9  JSR     ($0003B454)              A0=00FFA25A A1=00FF8036 A2=00FFB65A A3=00FFE3A0 A4=00FF9364 A5=00000000 A6=00000000 A7=00FF7F70 D0=00000000 D1=00000000 D2=00000000 D3=00000000 D4=00000028 D5=00000000 D6=00000000 D7=00000000 xnzvc
00:CE22  4E BA  JSR     $F86C(PC)                A0=00FFD8DC A1=00FFB65A A2=00FFB65A A3=000373D6 A4=00FF9364 A5=00000000 A6=00000000 A7=00FF7F6C D0=0000000C D1=00000001 D2=00000000 D3=0000000C D4=00000028 D5=00000000 D6=00000000 D7=00000000 xnZvc
00:CE26  2F 39  MOVE.L  ($00FFD938),-(SP)        A0=00FFAF5A A1=00000000 A2=00FFB65A A3=000373D6 A4=00FF9364 A5=00000000 A6=00000000 A7=00FF7F6C D0=00000000 D1=00FFA55A D2=00000000 D3=0000000C D4=00000028 D5=00000000 D6=00000000 D7=00000000 xnZvc
00:CE2C  4E BA  JSR     $F3F4(PC)                A0=00FFAF5A A1=00000000 A2=00FFB65A A3=000373D6 A4=00FF9364 A5=00000000 A6=00000000 A7=00FF7F68 D0=00000000 D1=00FFA55A D2=00000000 D3=0000000C D4=00000028 D5=00000000 D6=00000000 D7=00000000 xnzvc
00:CE30  4A 14  TST.B   (A4)                     A0=000373E4 A1=000373E4 A2=00FFB65A A3=000373D6 A4=00FF9364 A5=00000000 A6=00000000 A7=00FF7F68 D0=00000000 D1=000000F6 D2=00000000 D3=0000000C D4=00000028 D5=00000000 D6=00000000 D7=00000000 xnZvc
00:CE32  58 8F  ADDQ.L  #4,SP                    A0=000373E4 A1=000373E4 A2=00FFB65A A3=000373D6 A4=00FF9364 A5=00000000 A6=00000000 A7=00FF7F68 D0=00000000 D1=000000F6 D2=00000000 D3=0000000C D4=00000028 D5=00000000 D6=00000000 D7=00000000 xnZvc
00:CE34  66 06  BNE     #$06 [00:CE3C]           A0=000373E4 A1=000373E4 A2=00FFB65A A3=000373D6 A4=00FF9364 A5=00000000 A6=00000000 A7=00FF7F6C D0=00000000 D1=000000F6 D2=00000000 D3=0000000C D4=00000028 D5=00000000 D6=00000000 D7=00000000 xnZvc
00:CE36  4A 2C  TST.B   $0001(A4)                A0=000373E4 A1=000373E4 A2=00FFB65A A3=000373D6 A4=00FF9364 A5=00000000 A6=00000000 A7=00FF7F6C D0=00000000 D1=000000F6 D2=00000000 D3=0000000C D4=00000028 D5=00000000 D6=00000000 D7=00000000 xnZvc
00:CE3A  67 14  BEQ     #$14 [00:CE50]           A0=000373E4 A1=000373E4 A2=00FFB65A A3=000373D6 A4=00FF9364 A5=00000000 A6=00000000 A7=00FF7F6C D0=00000000 D1=000000F6 D2=00000000 D3=0000000C D4=00000028 D5=00000000 D6=00000000 D7=00000000 xnZvc
00:CE50  4E BA  JSR     $F688(PC)                A0=000373E4 A1=000373E4 A2=00FFB65A A3=000373D6 A4=00FF9364 A5=00000000 A6=00000000 A7=00FF7F6C D0=00000000 D1=000000F6 D2=00000000 D3=0000000C D4=00000028 D5=00000000 D6=00000000 D7=00000000 xnZvc
00:CE54  13 FC  MOVE.B  #$01,($00FFD930)         A0=000373D6 A1=000373E4 A2=00FFB65A A3=000373D6 A4=00FF9364 A5=00000000 A6=00000000 A7=00FF7F6C D0=000000D0 D1=0000001A D2=00000000 D3=0000000C D4=00000028 D5=00000000 D6=00000000 D7=00000000 xnZvc
00:CE5C  4C DF  MOVEM.L (SP)+,{a7-d0}[1c 1c]     A0=000373D6 A1=000373E4 A2=00FFB65A A3=000373D6 A4=00FF9364 A5=00000000 A6=00000000 A7=00FF7F6C D0=000000D0 D1=0000001A D2=00000000 D3=0000000C D4=00000028 D5=00000000 D6=00000000 D7=00000000 xnzvc
00:CE60  4E 75  RTS                              A0=000373D6 A1=000373E4 A2=00FFE39E A3=00FFE3A0 A4=00FFE3FC A5=00000000 A6=00000000 A7=00FF7F84 D0=000000D0 D1=0000001A D2=00000000 D3=00000000 D4=00000000 D5=00000000 D6=00000000 D7=00000000 xnzvc

00:CED0  48 E7  MOVEM.L {d0-a7}[38 20],-(SP)     A0=0003725A A1=00037268 A2=00FFE39E A3=00FFE3A0 A4=00FFE3FC A5=00000000 A6=00000000 A7=00FF7F78 D0=00000000 D1=000052E2 D2=00000000 D3=00000000 D4=00000000 D5=00000000 D6=00000000 D7=00000000 xnZvc
00:CED4  32 2F  MOVE.W  $0016(SP),D1             A0=0003725A A1=00037268 A2=00FFE39E A3=00FFE3A0 A4=00FFE3FC A5=00000000 A6=00000000 A7=00FF7F68 D0=00000000 D1=000052E2 D2=00000000 D3=00000000 D4=00000000 D5=00000000 D6=00000000 D7=00000000 xnZvc
00:CED8  30 2F  MOVE.W  $001A(SP),D0             A0=0003725A A1=00037268 A2=00FFE39E A3=00FFE3A0 A4=00FFE3FC A5=00000000 A6=00000000 A7=00FF7F68 D0=00000000 D1=00000000 D2=00000000 D3=00000000 D4=00000000 D5=00000000 D6=00000000 D7=00000000 xnZvc
00:CEDC  24 7C  MOVE.L  #$00FFB65A,A2            A0=0003725A A1=00037268 A2=00FFE39E A3=00FFE3A0 A4=00FFE3FC A5=00000000 A6=00000000 A7=00FF7F68 D0=00000000 D1=00000000 D2=00000000 D3=00000000 D4=00000000 D5=00000000 D6=00000000 D7=00000000 xnZvc
00:CEE2  4A 39  TST.B   ($00FFD930)              A0=0003725A A1=00037268 A2=00FFB65A A3=00FFE3A0 A4=00FFE3FC A5=00000000 A6=00000000 A7=00FF7F68 D0=00000000 D1=00000000 D2=00000000 D3=00000000 D4=00000000 D5=00000000 D6=00000000 D7=00000000 xnZvc
00:CEE8  66 0C  BNE     #$0C [00:CEF6]           A0=0003725A A1=00037268 A2=00FFB65A A3=00FFE3A0 A4=00FFE3FC A5=00000000 A6=00000000 A7=00FF7F68 D0=00000000 D1=00000000 D2=00000000 D3=00000000 D4=00000000 D5=00000000 D6=00000000 D7=00000000 xnzvc
00:CEEA  4A 41  TST.W   D1                       A0=00FFD8DC A1=0008F99D A2=00FFB65A A3=00FFE3A0 A4=00FF8000 A5=00000000 A6=00000000 A7=00FF7F54 D0=00000001 D1=00000001 D2=00000001 D3=00000004 D4=00000000 D5=00000000 D6=00000000 D7=00000000 xnZvc
00:CEEC  66 08  BNE     #$08 [00:CEF6]           A0=00FFD8DC A1=0008F99D A2=00FFB65A A3=00FFE3A0 A4=00FF8000 A5=00000000 A6=00000000 A7=00FF7F54 D0=00000001 D1=00000001 D2=00000001 D3=00000004 D4=00000000 D5=00000000 D6=00000000 D7=00000000 xnzvc
00:CEEE  4A 40  TST.W   D0                       A0=0003A3D0 A1=0000A71C A2=00FFB65A A3=00FF8002 A4=00FF8004 A5=00000000 A6=00000000 A7=00FF7F3E D0=00000000 D1=00000000 D2=00000078 D3=00000000 D4=00000010 D5=0000004C D6=00000000 D7=00000000 xnZvc
00:CEF0  66 04  BNE     #$04 [00:CEF6]           A0=0003A3D0 A1=0000A71C A2=00FFB65A A3=00FF8002 A4=00FF8004 A5=00000000 A6=00000000 A7=00FF7F3E D0=00000000 D1=00000000 D2=00000078 D3=00000000 D4=00000010 D5=0000004C D6=00000000 D7=00000000 xnZvc
00:CEF2  60 00  BRA     #$00A0 [00:CF94]         A0=0003A3D0 A1=0000A71C A2=00FFB65A A3=00FF8002 A4=00FF8004 A5=00000000 A6=00000000 A7=00FF7F3E D0=00000000 D1=00000000 D2=00000078 D3=00000000 D4=00000010 D5=0000004C D6=00000000 D7=00000000 xnZvc
00:CEF6  4A 40  TST.W   D0                       A0=0003725A A1=00037268 A2=00FFB65A A3=00FFE3A0 A4=00FFE3FC A5=00000000 A6=00000000 A7=00FF7F68 D0=00000000 D1=00000000 D2=00000000 D3=00000000 D4=00000000 D5=00000000 D6=00000000 D7=00000000 xnzvc
00:CEF8  66 26  BNE     #$26 [00:CF20]           A0=0003725A A1=00037268 A2=00FFB65A A3=00FFE3A0 A4=00FFE3FC A5=00000000 A6=00000000 A7=00FF7F68 D0=00000000 D1=00000000 D2=00000000 D3=00000000 D4=00000000 D5=00000000 D6=00000000 D7=00000000 xnZvc
00:CEFA  48 78  PEA     ($0140)                  A0=000373D6 A1=000373E4 A2=00FFB65A A3=00FFE3A0 A4=00FFE3FC A5=00000000 A6=00000000 A7=00FF7F68 D0=00000000 D1=00000000 D2=00000000 D3=00000000 D4=00000000 D5=00000000 D6=00000000 D7=00000000 xnZvc
00:CEFE  2F 3C  MOVE.L  #$0000F800,-(SP)         A0=000373D6 A1=000373E4 A2=00FFB65A A3=00FFE3A0 A4=00FFE3FC A5=00000000 A6=00000000 A7=00FF7F64 D0=00000000 D1=00000000 D2=00000000 D3=00000000 D4=00000000 D5=00000000 D6=00000000 D7=00000000 xnZvc
00:CF04  48 52  PEA     (A2)                     A0=000373D6 A1=000373E4 A2=00FFB65A A3=00FFE3A0 A4=00FFE3FC A5=00000000 A6=00000000 A7=00FF7F60 D0=00000000 D1=00000000 D2=00000000 D3=00000000 D4=00000000 D5=00000000 D6=00000000 D7=00000000 xnzvc
00:CF06  4E B9  JSR     ($00025900)              A0=000373D6 A1=000373E4 A2=00FFB65A A3=00FFE3A0 A4=00FFE3FC A5=00000000 A6=00000000 A7=00FF7F5C D0=00000000 D1=00000000 D2=00000000 D3=00000000 D4=00000000 D5=00000000 D6=00000000 D7=00000000 xnzvc
00:CF0C  4F EF  LEA     $000C(SP),A7             A0=000373D6 A1=000373E4 A2=00FFB65A A3=00FFE3A0 A4=00FFE3FC A5=00000000 A6=00000000 A7=00FF7F5C D0=78000083 D1=78000080 D2=00000000 D3=00000000 D4=00000000 D5=00000000 D6=00000000 D7=00000000 xnzvc
00:CF10  13 EA  MOVE.B  $00BB(A2),($00FFD932)    A0=000373D6 A1=000373E4 A2=00FFB65A A3=00FFE3A0 A4=00FFE3FC A5=00000000 A6=00000000 A7=00FF7F68 D0=78000083 D1=78000080 D2=00000000 D3=00000000 D4=00000000 D5=00000000 D6=00000000 D7=00000000 xnzvc
00:CF18  13 EA  MOVE.B  $00C3(A2),($00FFD934)    A0=000373D6 A1=000373E4 A2=00FFB65A A3=00FFE3A0 A4=00FFE3FC A5=00000000 A6=00000000 A7=00FF7F68 D0=78000083 D1=78000080 D2=00000000 D3=00000000 D4=00000000 D5=00000000 D6=00000000 D7=00000000 xnzvc
00:CF20  24 3C  MOVE.L  #$00FFB8DA,D2            A0=0003725A A1=00037268 A2=00FFB65A A3=00FFE3A0 A4=00FFE3FC A5=00000000 A6=00000000 A7=00FF7F68 D0=78000083 D1=78000080 D2=00000000 D3=00000000 D4=00000000 D5=00000000 D6=00000000 D7=00000000 xnzvc
00:CF26  42 43  CLR.W   D3                       A0=0003725A A1=00037268 A2=00FFB65A A3=00FFE3A0 A4=00FFE3FC A5=00000000 A6=00000000 A7=00FF7F68 D0=78000083 D1=78000080 D2=00FFB8DA D3=00000000 D4=00000000 D5=00000000 D6=00000000 D7=00000000 xnzvc
00:CF28  60 48  BRA     #$48 [00:CF72]           A0=0003725A A1=00037268 A2=00FFB65A A3=00FFE3A0 A4=00FFE3FC A5=00000000 A6=00000000 A7=00FF7F68 D0=78000083 D1=78000080 D2=00FFB8DA D3=00000000 D4=00000000 D5=00000000 D6=00000000 D7=00000000 xnZvc
00:CF2A  30 03  MOVE.W  D3,D0                    A0=00FFD8DC A1=0008F99D A2=00FFB65A A3=00FFE3A0 A4=00FF8000 A5=00000000 A6=00000000 A7=00FF7F54 D0=00000000 D1=00000002 D2=00FFB8DA D3=00000000 D4=00000000 D5=00000000 D6=00000000 D7=00000000 xnzvc
00:CF2C  48 C0  EXT.L   D0                       A0=00FFD8DC A1=0008F99D A2=00FFB65A A3=00FFE3A0 A4=00FF8000 A5=00000000 A6=00000000 A7=00FF7F54 D0=00000000 D1=00000002 D2=00FFB8DA D3=00000000 D4=00000000 D5=00000000 D6=00000000 D7=00000000 xnZvc
00:CF2E  52 80  ADDQ.L  #1,D0                    A0=00FFD8DC A1=0008F99D A2=00FFB65A A3=00FFE3A0 A4=00FF8000 A5=00000000 A6=00000000 A7=00FF7F54 D0=00000000 D1=00000002 D2=00FFB8DA D3=00000000 D4=00000000 D5=00000000 D6=00000000 D7=00000000 xnZvc
00:CF30  D0 80  ADD.L   D0,D0                    A0=00FFD8DC A1=0008F99D A2=00FFB65A A3=00FFE3A0 A4=00FF8000 A5=00000000 A6=00000000 A7=00FF7F54 D0=00000001 D1=00000002 D2=00FFB8DA D3=00000000 D4=00000000 D5=00000000 D6=00000000 D7=00000000 xnzvc
00:CF32  20 7C  MOVE.L  #$00FFD8DC,A0            A0=00FFD8DC A1=0008F99D A2=00FFB65A A3=00FFE3A0 A4=00FF8000 A5=00000000 A6=00000000 A7=00FF7F54 D0=00000002 D1=00000002 D2=00FFB8DA D3=00000000 D4=00000000 D5=00000000 D6=00000000 D7=00000000 xnzvc
00:CF38  72 00  MOVEQ   #$00,D1                  A0=00FFD8DC A1=0008F99D A2=00FFB65A A3=00FFE3A0 A4=00FF8000 A5=00000000 A6=00000000 A7=00FF7F54 D0=00000002 D1=00000002 D2=00FFB8DA D3=00000000 D4=00000000 D5=00000000 D6=00000000 D7=00000000 xnzvc
00:CF3A  32 30  MOVE.W  $00(A0,D0),D1            A0=00FFD8DC A1=0008F99D A2=00FFB65A A3=00FFE3A0 A4=00FF8000 A5=00000000 A6=00000000 A7=00FF7F54 D0=00000002 D1=00000000 D2=00FFB8DA D3=00000000 D4=00000000 D5=00000000 D6=00000000 D7=00000000 xnZvc
00:CF3E  E9 89  LSL.L   #4,D1                    A0=00FFD8DC A1=0008F99D A2=00FFB65A A3=00FFE3A0 A4=00FF8000 A5=00000000 A6=00000000 A7=00FF7F54 D0=00000002 D1=00000040 D2=00FFB8DA D3=00000000 D4=00000000 D5=00000000 D6=00000000 D7=00000000 xnzvc
00:CF40  38 01  MOVE.W  D1,D4                    A0=00FFD8DC A1=0008F99D A2=00FFB65A A3=00FFE3A0 A4=00FF8000 A5=00000000 A6=00000000 A7=00FF7F54 D0=00000002 D1=00000400 D2=00FFB8DA D3=00000000 D4=00000000 D5=00000000 D6=00000000 D7=00000000 xnzvc
00:CF42  70 00  MOVEQ   #$00,D0                  A0=00FFD8DC A1=0008F99D A2=00FFB65A A3=00FFE3A0 A4=00FF8000 A5=00000000 A6=00000000 A7=00FF7F54 D0=00000002 D1=00000400 D2=00FFB8DA D3=00000000 D4=00000400 D5=00000000 D6=00000000 D7=00000000 xnzvc
00:CF44  30 04  MOVE.W  D4,D0                    A0=00FFD8DC A1=0008F99D A2=00FFB65A A3=00FFE3A0 A4=00FF8000 A5=00000000 A6=00000000 A7=00FF7F54 D0=00000000 D1=00000400 D2=00FFB8DA D3=00000000 D4=00000400 D5=00000000 D6=00000000 D7=00000000 xnZvc
00:CF46  2F 00  MOVE.L  D0,-(SP)                 A0=00FFD8DC A1=0008F99D A2=00FFB65A A3=00FFE3A0 A4=00FF8000 A5=00000000 A6=00000000 A7=00FF7F54 D0=00000400 D1=00000400 D2=00FFB8DA D3=00000000 D4=00000400 D5=00000000 D6=00000000 D7=00000000 xnzvc
00:CF48  30 03  MOVE.W  D3,D0                    A0=00FFD8DC A1=0008F99D A2=00FFB65A A3=00FFE3A0 A4=00FF8000 A5=00000000 A6=00000000 A7=00FF7F50 D0=00000400 D1=00000400 D2=00FFB8DA D3=00000000 D4=00000400 D5=00000000 D6=00000000 D7=00000000 xnzvc
00:CF4A  D0 40  ADD.W   D0,D0                    A0=00FFD8DC A1=0008F99D A2=00FFB65A A3=00FFE3A0 A4=00FF8000 A5=00000000 A6=00000000 A7=00FF7F50 D0=00000000 D1=00000400 D2=00FFB8DA D3=00000000 D4=00000400 D5=00000000 D6=00000000 D7=00000000 xnZvc
00:CF4C  20 7C  MOVE.L  #$00FFD8DC,A0            A0=00FFD8DC A1=0008F99D A2=00FFB65A A3=00FFE3A0 A4=00FF8000 A5=00000000 A6=00000000 A7=00FF7F50 D0=00000000 D1=00000400 D2=00FFB8DA D3=00000000 D4=00000400 D5=00000000 D6=00000000 D7=00000000 xnZvc
00:CF52  72 00  MOVEQ   #$00,D1                  A0=00FFD8DC A1=0008F99D A2=00FFB65A A3=00FFE3A0 A4=00FF8000 A5=00000000 A6=00000000 A7=00FF7F50 D0=00000000 D1=00000400 D2=00FFB8DA D3=00000000 D4=00000400 D5=00000000 D6=00000000 D7=00000000 xnZvc
00:CF54  32 30  MOVE.W  $00(A0,D0),D1            A0=00FFD8DC A1=0008F99D A2=00FFB65A A3=00FFE3A0 A4=00FF8000 A5=00000000 A6=00000000 A7=00FF7F50 D0=00000000 D1=00000000 D2=00FFB8DA D3=00000000 D4=00000400 D5=00000000 D6=00000000 D7=00000000 xnZvc
00:CF58  EB 89  LSL.L   #5,D1                    A0=00FFD8DC A1=0008F99D A2=00FFB65A A3=00FFE3A0 A4=00FF8000 A5=00000000 A6=00000000 A7=00FF7F50 D0=00000000 D1=00000001 D2=00FFB8DA D3=00000000 D4=00000400 D5=00000000 D6=00000000 D7=00000000 xnzvc
00:CF5A  2F 01  MOVE.L  D1,-(SP)                 A0=00FFD8DC A1=0008F99D A2=00FFB65A A3=00FFE3A0 A4=00FF8000 A5=00000000 A6=00000000 A7=00FF7F50 D0=00000000 D1=00000020 D2=00FFB8DA D3=00000000 D4=00000400 D5=00000000 D6=00000000 D7=00000000 xnzvc
00:CF5C  2F 02  MOVE.L  D2,-(SP)                 A0=00FFD8DC A1=0008F99D A2=00FFB65A A3=00FFE3A0 A4=00FF8000 A5=00000000 A6=00000000 A7=00FF7F4C D0=00000000 D1=00000020 D2=00FFB8DA D3=00000000 D4=00000400 D5=00000000 D6=00000000 D7=00000000 xnzvc
00:CF5E  4E B9  JSR     ($00025900)              A0=00FFD8DC A1=0008F99D A2=00FFB65A A3=00FFE3A0 A4=00FF8000 A5=00000000 A6=00000000 A7=00FF7F48 D0=00000000 D1=00000020 D2=00FFB8DA D3=00000000 D4=00000400 D5=00000000 D6=00000000 D7=00000000 xnzvc
00:CF64  70 00  MOVEQ   #$00,D0                  A0=00FFD8DC A1=0008F99D A2=00FFB65A A3=00FFE3A0 A4=00FF8000 A5=00000000 A6=00000000 A7=00FF7F48 D0=40200080 D1=40200080 D2=00FFB8DA D3=00000000 D4=00000400 D5=00000000 D6=00000000 D7=00000000 xnzvc
00:CF66  30 04  MOVE.W  D4,D0                    A0=00FFD8DC A1=0008F99D A2=00FFB65A A3=00FFE3A0 A4=00FF8000 A5=00000000 A6=00000000 A7=00FF7F48 D0=00000000 D1=40200080 D2=00FFB8DA D3=00000000 D4=00000400 D5=00000000 D6=00000000 D7=00000000 xnZvc
00:CF68  D0 80  ADD.L   D0,D0                    A0=00FFD8DC A1=0008F99D A2=00FFB65A A3=00FFE3A0 A4=00FF8000 A5=00000000 A6=00000000 A7=00FF7F48 D0=00000400 D1=40200080 D2=00FFB8DA D3=00000000 D4=00000400 D5=00000000 D6=00000000 D7=00000000 xnzvc
00:CF6A  D4 80  ADD.L   D0,D2                    A0=00FFD8DC A1=0008F99D A2=00FFB65A A3=00FFE3A0 A4=00FF8000 A5=00000000 A6=00000000 A7=00FF7F48 D0=00000800 D1=40200080 D2=00FFB8DA D3=00000000 D4=00000400 D5=00000000 D6=00000000 D7=00000000 xnzvc
00:CF6C  54 43  ADDQ.W  #2,D3                    A0=00FFD8DC A1=0008F99D A2=00FFB65A A3=00FFE3A0 A4=00FF8000 A5=00000000 A6=00000000 A7=00FF7F48 D0=00000800 D1=40200080 D2=00FFC0DA D3=00000000 D4=00000400 D5=00000000 D6=00000000 D7=00000000 xnzvc
00:CF6E  4F EF  LEA     $000C(SP),A7             A0=00FFD8DC A1=0008F99D A2=00FFB65A A3=00FFE3A0 A4=00FF8000 A5=00000000 A6=00000000 A7=00FF7F48 D0=00000800 D1=40200080 D2=00FFC0DA D3=00000002 D4=00000400 D5=00000000 D6=00000000 D7=00000000 xnzvc
00:CF72  72 00  MOVEQ   #$00,D1                  A0=000370D2 A1=000370E0 A2=00FFB65A A3=00FFE3A0 A4=00FFE3FC A5=00000000 A6=00000000 A7=00FF7F68 D0=78000083 D1=78000080 D2=00FFB8DA D3=00000000 D4=00000000 D5=00000000 D6=00000000 D7=00000000 xnZvc
00:CF74  12 39  MOVE.B  ($00FFD92E),D1           A0=000370D2 A1=000370E0 A2=00FFB65A A3=00FFE3A0 A4=00FFE3FC A5=00000000 A6=00000000 A7=00FF7F68 D0=78000083 D1=00000000 D2=00FFB8DA D3=00000000 D4=00000000 D5=00000000 D6=00000000 D7=00000000 xnZvc
00:CF7A  30 03  MOVE.W  D3,D0                    A0=000370D2 A1=000370E0 A2=00FFB65A A3=00FFE3A0 A4=00FFE3FC A5=00000000 A6=00000000 A7=00FF7F68 D0=78000083 D1=00000000 D2=00FFB8DA D3=00000000 D4=00000000 D5=00000000 D6=00000000 D7=00000000 xnZvc
00:CF7C  48 C0  EXT.L   D0                       A0=000370D2 A1=000370E0 A2=00FFB65A A3=00FFE3A0 A4=00FFE3FC A5=00000000 A6=00000000 A7=00FF7F68 D0=78000000 D1=00000000 D2=00FFB8DA D3=00000000 D4=00000000 D5=00000000 D6=00000000 D7=00000000 xnZvc
00:CF7E  B2 80  CMP.L   D0,D1                    A0=000370D2 A1=000370E0 A2=00FFB65A A3=00FFE3A0 A4=00FFE3FC A5=00000000 A6=00000000 A7=00FF7F68 D0=00000000 D1=00000000 D2=00FFB8DA D3=00000000 D4=00000000 D5=00000000 D6=00000000 D7=00000000 xnZvc
00:CF80  62 A8  BHI     #$A8 [00:CF2A]           A0=000370D2 A1=000370E0 A2=00FFB65A A3=00FFE3A0 A4=00FFE3FC A5=00000000 A6=00000000 A7=00FF7F68 D0=00000000 D1=00000000 D2=00FFB8DA D3=00000000 D4=00000000 D5=00000000 D6=00000000 D7=00000000 xnZvc
00:CF82  42 79  CLR.W   ($00FFD8DA)              A0=0003725A A1=00037268 A2=00FFB65A A3=00FFE3A0 A4=00FFE3FC A5=00000000 A6=00000000 A7=00FF7F68 D0=00000000 D1=00000000 D2=00FFB8DA D3=00000000 D4=00000000 D5=00000000 D6=00000000 D7=00000000 xnZvc
00:CF88  42 39  CLR.B   ($00FFD92E)              A0=0003725A A1=00037268 A2=00FFB65A A3=00FFE3A0 A4=00FFE3FC A5=00000000 A6=00000000 A7=00FF7F68 D0=00000000 D1=00000000 D2=00FFB8DA D3=00000000 D4=00000000 D5=00000000 D6=00000000 D7=00000000 xnZvc
00:CF8E  42 39  CLR.B   ($00FFD930)              A0=0003725A A1=00037268 A2=00FFB65A A3=00FFE3A0 A4=00FFE3FC A5=00000000 A6=00000000 A7=00FF7F68 D0=00000000 D1=00000000 D2=00FFB8DA D3=00000000 D4=00000000 D5=00000000 D6=00000000 D7=00000000 xnZvc
00:CF94  4C DF  MOVEM.L (SP)+,{a7-d0}[04 1c]     A0=0003725A A1=00037268 A2=00FFB65A A3=00FFE3A0 A4=00FFE3FC A5=00000000 A6=00000000 A7=00FF7F68 D0=00000000 D1=00000000 D2=00FFB8DA D3=00000000 D4=00000000 D5=00000000 D6=00000000 D7=00000000 xnZvc
00:CF98  4E 75  RTS                              A0=0003725A A1=00037268 A2=00FFE39E A3=00FFE3A0 A4=00FFE3FC A5=00000000 A6=00000000 A7=00FF7F78 D0=00000000 D1=00000000 D2=00000000 D3=00000000 D4=00000000 D5=00000000 D6=00000000 D7=00000000 xnZvc

00:D002  23 FC  MOVE.L  #$78C20003,($00C00004)   A0=00FF9364 A1=000373E4 A2=00FFE39E A3=00FFE3A0 A4=00FFE3FC A5=00000000 A6=00000000 A7=00FF7F70 D0=00000000 D1=00000002 D2=00000000 D3=00000000 D4=00000000 D5=00000000 D6=00000000 D7=00000000 xnZvc
00:D00C  33 FC  MOVE.W  #$004F,($00C00000)       A0=00FF9364 A1=000373E4 A2=00FFE39E A3=00FFE3A0 A4=00FFE3FC A5=00000000 A6=00000000 A7=00FF7F70 D0=00000000 D1=00000002 D2=00000000 D3=00000000 D4=00000000 D5=00000000 D6=00000000 D7=00000000 xnzvc
00:D014  23 FC  MOVE.L  #$78BA0003,($00C00004)   A0=00FF9364 A1=000373E4 A2=00FFE39E A3=00FFE3A0 A4=00FFE3FC A5=00000000 A6=00000000 A7=00FF7F70 D0=00000000 D1=00000002 D2=00000000 D3=00000000 D4=00000000 D5=00000000 D6=00000000 D7=00000000 xnzvc
00:D01E  10 39  MOVE.B  ($00FFD932),D0           A0=00FF9364 A1=000373E4 A2=00FFE39E A3=00FFE3A0 A4=00FFE3FC A5=00000000 A6=00000000 A7=00FF7F70 D0=00000000 D1=00000002 D2=00000000 D3=00000000 D4=00000000 D5=00000000 D6=00000000 D7=00000000 xnzvc
00:D024  48 80  EXT.W   D0                       A0=00FF9364 A1=000373E4 A2=00FFE39E A3=00FFE3A0 A4=00FFE3FC A5=00000000 A6=00000000 A7=00FF7F70 D0=00000019 D1=00000002 D2=00000000 D3=00000000 D4=00000000 D5=00000000 D6=00000000 D7=00000000 xnzvc
00:D026  33 C0  MOVE.W  D0,($00C00000)           A0=00FF9364 A1=000373E4 A2=00FFE39E A3=00FFE3A0 A4=00FFE3FC A5=00000000 A6=00000000 A7=00FF7F70 D0=00000019 D1=00000002 D2=00000000 D3=00000000 D4=00000000 D5=00000000 D6=00000000 D7=00000000 xnzvc
00:D02C  4E 75  RTS                              A0=00FF9364 A1=000373E4 A2=00FFE39E A3=00FFE3A0 A4=00FFE3FC A5=00000000 A6=00000000 A7=00FF7F70 D0=00000019 D1=00000002 D2=00000000 D3=00000000 D4=00000000 D5=00000000 D6=00000000 D7=00000000 xnzvc

00:D1A4  20 7C  MOVE.L  #$00FFB65A,A0            A0=000A917E A1=00FFA248 A2=00026F76 A3=00FF8000 A4=00026FDA A5=00000000 A6=00000000 A7=00FF7FD8 D0=000001D8 D1=25370002 D2=00000000 D3=00000000 D4=00000000 D5=00000000 D6=00000000 D7=00000000 xnZvc
00:D1AA  11 7C  MOVE.B  #$17,$0003(A0)           A0=00FFB65A A1=00FFA248 A2=00026F76 A3=00FF8000 A4=00026FDA A5=00000000 A6=00000000 A7=00FF7FD8 D0=000001D8 D1=25370002 D2=00000000 D3=00000000 D4=00000000 D5=00000000 D6=00000000 D7=00000000 xnZvc
00:D1B0  11 7C  MOVE.B  #$4F,$00BB(A0)           A0=00FFB65A A1=00FFA248 A2=00026F76 A3=00FF8000 A4=00026FDA A5=00000000 A6=00000000 A7=00FF7FD8 D0=000001D8 D1=25370002 D2=00000000 D3=00000000 D4=00000000 D5=00000000 D6=00000000 D7=00000000 xnzvc
00:D1B6  11 7C  MOVE.B  #$4F,$00C3(A0)           A0=00FFB65A A1=00FFA248 A2=00026F76 A3=00FF8000 A4=00026FDA A5=00000000 A6=00000000 A7=00FF7FD8 D0=000001D8 D1=25370002 D2=00000000 D3=00000000 D4=00000000 D5=00000000 D6=00000000 D7=00000000 xnzvc
00:D1BC  20 7C  MOVE.L  #$00FFA25A,A0            A0=00FFB65A A1=00FFA248 A2=00026F76 A3=00FF8000 A4=00026FDA A5=00000000 A6=00000000 A7=00FF7FD8 D0=000001D8 D1=25370002 D2=00000000 D3=00000000 D4=00000000 D5=00000000 D6=00000000 D7=00000000 xnzvc
00:D1C2  42 40  CLR.W   D0                       A0=00FFA25A A1=00FFA248 A2=00026F76 A3=00FF8000 A4=00026FDA A5=00000000 A6=00000000 A7=00FF7FD8 D0=000001D8 D1=25370002 D2=00000000 D3=00000000 D4=00000000 D5=00000000 D6=00000000 D7=00000000 xnzvc
00:D1C4  11 40  MOVE.B  D0,$005E(A0)             A0=00FFB5DA A1=00FFA248 A2=00026F76 A3=00FF8000 A4=00026FDA A5=00000000 A6=00000000 A7=00FF7FD8 D0=00000027 D1=25370002 D2=00000000 D3=00000000 D4=00000000 D5=00000000 D6=00000000 D7=00000000 xNzvC
00:D1C8  52 40  ADDQ.W  #1,D0                    A0=00FFB5DA A1=00FFA248 A2=00026F76 A3=00FF8000 A4=00026FDA A5=00000000 A6=00000000 A7=00FF7FD8 D0=00000027 D1=25370002 D2=00000000 D3=00000000 D4=00000000 D5=00000000 D6=00000000 D7=00000000 xnzvc
00:D1CA  41 E8  LEA     $0080(A0),A0             A0=00FFB5DA A1=00FFA248 A2=00026F76 A3=00FF8000 A4=00026FDA A5=00000000 A6=00000000 A7=00FF7FD8 D0=00000028 D1=25370002 D2=00000000 D3=00000000 D4=00000000 D5=00000000 D6=00000000 D7=00000000 xnzvc
00:D1CE  0C 40  CMPI.W  #$0028,D0                A0=00FFB65A A1=00FFA248 A2=00026F76 A3=00FF8000 A4=00026FDA A5=00000000 A6=00000000 A7=00FF7FD8 D0=00000028 D1=25370002 D2=00000000 D3=00000000 D4=00000000 D5=00000000 D6=00000000 D7=00000000 xnzvc
00:D1D2  6D F0  BLT     #$F0 [00:D1C4]           A0=00FFB65A A1=00FFA248 A2=00026F76 A3=00FF8000 A4=00026FDA A5=00000000 A6=00000000 A7=00FF7FD8 D0=00000028 D1=25370002 D2=00000000 D3=00000000 D4=00000000 D5=00000000 D6=00000000 D7=00000000 xnZvc
00:D1D4  4E 75  RTS                              A0=00FFB65A A1=00FFA248 A2=00026F76 A3=00FF8000 A4=00026FDA A5=00000000 A6=00000000 A7=00FF7FD8 D0=00000028 D1=25370002 D2=00000000 D3=00000000 D4=00000000 D5=00000000 D6=00000000 D7=00000000 xnZvc

00:D3E6  4E 56  LINK    A6,#$FFE0                A0=00FFA60A A1=00FFD940 A2=00FFA5DA A3=00FFE3FC A4=00FF8000 A5=00000000 A6=00000000 A7=00FF7F5C D0=00000006 D1=0000000A D2=00000000 D3=00000002 D4=00000290 D5=00000048 D6=00000000 D7=00000000 xnzvc
00:D3EA  48 E7  MOVEM.L {d0-a7}[3e 00],-(SP)     A0=00FFA60A A1=00FFD940 A2=00FFA5DA A3=00FFE3FC A4=00FF8000 A5=00000000 A6=00FF7F58 A7=00FF7F38 D0=00000006 D1=0000000A D2=00000000 D3=00000002 D4=00000290 D5=00000048 D6=00000000 D7=00000000 xnzvc
00:D3EE  38 2E  MOVE.W  $000A(A6),D4             A0=00FFA60A A1=00FFD940 A2=00FFA5DA A3=00FFE3FC A4=00FF8000 A5=00000000 A6=00FF7F58 A7=00FF7F24 D0=00000006 D1=0000000A D2=00000000 D3=00000002 D4=00000290 D5=00000048 D6=00000000 D7=00000000 xnzvc
00:D3F2  3A 2E  MOVE.W  $000E(A6),D5             A0=00FFA60A A1=00FFD940 A2=00FFA5DA A3=00FFE3FC A4=00FF8000 A5=00000000 A6=00FF7F58 A7=00FF7F24 D0=00000006 D1=0000000A D2=00000000 D3=00000002 D4=00000006 D5=00000048 D6=00000000 D7=00000000 xnzvc
00:D3F6  14 2E  MOVE.B  $0013(A6),D2             A0=00FFA60A A1=00FFD940 A2=00FFA5DA A3=00FFE3FC A4=00FF8000 A5=00000000 A6=00FF7F58 A7=00FF7F24 D0=00000006 D1=0000000A D2=00000000 D3=00000002 D4=00000006 D5=00000000 D6=00000000 D7=00000000 xnZvc
00:D3FA  42 2E  CLR.B   $FFFD(A6)                A0=00FFA60A A1=00FFD940 A2=00FFA5DA A3=00FFE3FC A4=00FF8000 A5=00000000 A6=00FF7F58 A7=00FF7F24 D0=00000006 D1=0000000A D2=00000001 D3=00000002 D4=00000006 D5=00000000 D6=00000000 D7=00000000 xnzvc
00:D3FE  42 2E  CLR.B   $FFFC(A6)                A0=00FFA60A A1=00FFD940 A2=00FFA5DA A3=00FFE3FC A4=00FF8000 A5=00000000 A6=00FF7F58 A7=00FF7F24 D0=00000006 D1=0000000A D2=00000001 D3=00000002 D4=00000006 D5=00000000 D6=00000000 D7=00000000 xnZvc
00:D402  22 7C  MOVE.L  #$00FFD940,A1            A0=00FFA60A A1=00FFD940 A2=00FFA5DA A3=00FFE3FC A4=00FF8000 A5=00000000 A6=00FF7F58 A7=00FF7F24 D0=00000006 D1=0000000A D2=00000001 D3=00000002 D4=00000006 D5=00000000 D6=00000000 D7=00000000 xnZvc
00:D408  7C 01  MOVEQ   #$01,D6                  A0=00FFA60A A1=00FFD940 A2=00FFA5DA A3=00FFE3FC A4=00FF8000 A5=00000000 A6=00FF7F58 A7=00FF7F24 D0=00000006 D1=0000000A D2=00000001 D3=00000002 D4=00000006 D5=00000000 D6=00000000 D7=00000000 xnZvc
00:D40A  4A 02  TST.B   D2                       A0=00FFA60A A1=00FFD940 A2=00FFA5DA A3=00FFE3FC A4=00FF8000 A5=00000000 A6=00FF7F58 A7=00FF7F24 D0=00000006 D1=0000000A D2=00000001 D3=00000002 D4=00000006 D5=00000000 D6=00000001 D7=00000000 xnzvc
00:D40C  67 04  BEQ     #$04 [00:D412]           A0=00FFA60A A1=00FFD940 A2=00FFA5DA A3=00FFE3FC A4=00FF8000 A5=00000000 A6=00FF7F58 A7=00FF7F24 D0=00000006 D1=0000000A D2=00000001 D3=00000002 D4=00000006 D5=00000000 D6=00000001 D7=00000000 xnzvc
00:D40E  00 06  ORI.B   #$02,D6                  A0=00FFA60A A1=00FFD940 A2=00FFA5DA A3=00FFE3FC A4=00FF8000 A5=00000000 A6=00FF7F58 A7=00FF7F24 D0=00000006 D1=0000000A D2=00000001 D3=00000002 D4=00000006 D5=00000000 D6=00000001 D7=00000000 xnzvc
00:D412  0C 45  CMPI.W  #$0001,D5                A0=00FFA60A A1=00FFD940 A2=00FFA5DA A3=00FFE3FC A4=00FF8000 A5=00000000 A6=00FF7F58 A7=00FF7F24 D0=00000006 D1=0000000A D2=00000001 D3=00000002 D4=00000006 D5=00000000 D6=00000003 D7=00000000 xnzvc
00:D416  66 04  BNE     #$04 [00:D41C]           A0=00FFA60A A1=00FFD940 A2=00FFA5DA A3=00FFE3FC A4=00FF8000 A5=00000000 A6=00FF7F58 A7=00FF7F24 D0=00000006 D1=0000000A D2=00000001 D3=00000002 D4=00000006 D5=00000000 D6=00000003 D7=00000000 xNzvC
00:D41C  70 36  MOVEQ   #$36,D0                  A0=00FFA60A A1=00FFD940 A2=00FFA5DA A3=00FFE3FC A4=00FF8000 A5=00000000 A6=00FF7F58 A7=00FF7F24 D0=00000006 D1=0000000A D2=00000001 D3=00000002 D4=00000006 D5=00000000 D6=00000003 D7=00000000 xNzvC
00:D41E  3D 40  MOVE.W  D0,$FFF8(A6)             A0=00FFA60A A1=00FFD940 A2=00FFA5DA A3=00FFE3FC A4=00FF8000 A5=00000000 A6=00FF7F58 A7=00FF7F24 D0=00000036 D1=0000000A D2=00000001 D3=00000002 D4=00000006 D5=00000000 D6=00000003 D7=00000000 xnzvc
00:D422  42 6E  CLR.W   $FFFA(A6)                A0=00FFA60A A1=00FFD940 A2=00FFA5DA A3=00FFE3FC A4=00FF8000 A5=00000000 A6=00FF7F58 A7=00FF7F24 D0=00000036 D1=0000000A D2=00000001 D3=00000002 D4=00000006 D5=00000000 D6=00000003 D7=00000000 xnzvc
00:D426  60 00  BRA     #$0082 [00:D4AA]         A0=00FFA60A A1=00FFD940 A2=00FFA5DA A3=00FFE3FC A4=00FF8000 A5=00000000 A6=00FF7F58 A7=00FF7F24 D0=00000036 D1=0000000A D2=00000001 D3=00000002 D4=00000006 D5=00000000 D6=00000003 D7=00000000 xnZvc
00:D42A  3D 6E  MOVE.W  $FFFA(A6),$FFFE(A6)      A0=00FFA60A A1=00FFD940 A2=00FFA5DA A3=00FFE3FC A4=00FF8000 A5=00000000 A6=00FF7F58 A7=00FF7F24 D0=00000007 D1=00000006 D2=00000001 D3=00000002 D4=00000006 D5=00000000 D6=00000003 D7=00000000 xNzvC
00:D430  0C 45  CMPI.W  #$0001,D5                A0=00FFA60A A1=00FFD940 A2=00FFA5DA A3=00FFE3FC A4=00FF8000 A5=00000000 A6=00FF7F58 A7=00FF7F24 D0=00000007 D1=00000006 D2=00000001 D3=00000002 D4=00000006 D5=00000000 D6=00000003 D7=00000000 xnzvc
00:D434  66 0E  BNE     #$0E [00:D444]           A0=00FFA60A A1=00FFD940 A2=00FFA5DA A3=00FFE3FC A4=00FF8000 A5=00000000 A6=00FF7F58 A7=00FF7F24 D0=00000007 D1=00000006 D2=00000001 D3=00000002 D4=00000006 D5=00000000 D6=00000003 D7=00000000 xNzvC
00:D444  32 2E  MOVE.W  $FFFE(A6),D1             A0=00FFA60A A1=00FFD940 A2=00FFA5DA A3=00FFE3FC A4=00FF8000 A5=00000000 A6=00FF7F58 A7=00FF7F24 D0=00000007 D1=00000006 D2=00000001 D3=00000002 D4=00000006 D5=00000000 D6=00000003 D7=00000000 xNzvC
00:D448  10 31  MOVE.B  $00(A1,D1),D0            A0=00FFA60A A1=00FFD940 A2=00FFA5DA A3=00FFE3FC A4=00FF8000 A5=00000000 A6=00FF7F58 A7=00FF7F24 D0=00000007 D1=00000007 D2=00000001 D3=00000002 D4=00000006 D5=00000000 D6=00000003 D7=00000000 xnzvc
00:D44C  08 00  BTST    #0,D0                    A0=00FFA60A A1=00FFD940 A2=00FFA5DA A3=00FFE3FC A4=00FF8000 A5=00000000 A6=00FF7F58 A7=00FF7F24 D0=00000000 D1=00000007 D2=00000001 D3=00000002 D4=00000006 D5=00000000 D6=00000003 D7=00000000 xnZvc
00:D450  66 14  BNE     #$14 [00:D466]           A0=00FFA60A A1=00FFD940 A2=00FFA5DA A3=00FFE3FC A4=00FF8000 A5=00000000 A6=00FF7F58 A7=00FF7F24 D0=00000000 D1=00000007 D2=00000001 D3=00000002 D4=00000006 D5=00000000 D6=00000003 D7=00000000 xnZvc
00:D452  10 2E  MOVE.B  $FFFD(A6),D0             A0=00FFA60A A1=00FFD940 A2=00FFA5DA A3=00FFE3FC A4=00FF8000 A5=00000000 A6=00FF7F58 A7=00FF7F24 D0=00000000 D1=00000007 D2=00000001 D3=00000002 D4=00000006 D5=00000000 D6=00000003 D7=00000000 xnZvc
00:D456  52 2E  ADDQ.B  #1,$FFFD(A6)             A0=00FFA60A A1=00FFD940 A2=00FFA5DA A3=00FFE3FC A4=00FF8000 A5=00000000 A6=00FF7F58 A7=00FF7F24 D0=00000005 D1=00000007 D2=00000001 D3=00000002 D4=00000006 D5=00000000 D6=00000003 D7=00000000 xnzvc
00:D45A  10 00  MOVE.B  D0,D0                    A0=00FFA60A A1=00FFD940 A2=00FFA5DA A3=00FFE3FC A4=00FF8000 A5=00000000 A6=00FF7F58 A7=00FF7F24 D0=00000005 D1=00000007 D2=00000001 D3=00000002 D4=00000006 D5=00000000 D6=00000003 D7=00000000 xnzvc
00:D45C  48 80  EXT.W   D0                       A0=00FFA60A A1=00FFD940 A2=00FFA5DA A3=00FFE3FC A4=00FF8000 A5=00000000 A6=00FF7F58 A7=00FF7F24 D0=00000005 D1=00000007 D2=00000001 D3=00000002 D4=00000006 D5=00000000 D6=00000003 D7=00000000 xnzvc
00:D45E  1D AE  MOVE.B  $FFFF(A6),$EC(A6,D0)     A0=00FFA60A A1=00FFD940 A2=00FFA5DA A3=00FFE3FC A4=00FF8000 A5=00000000 A6=00FF7F58 A7=00FF7F24 D0=00000005 D1=00000007 D2=00000001 D3=00000002 D4=00000006 D5=00000000 D6=00000003 D7=00000000 xnzvc
00:D464  60 36  BRA     #$36 [00:D49C]           A0=00FFA60A A1=00FFD940 A2=00FFA5DA A3=00FFE3FC A4=00FF8000 A5=00000000 A6=00FF7F58 A7=00FF7F24 D0=00000005 D1=00000007 D2=00000001 D3=00000002 D4=00000006 D5=00000000 D6=00000003 D7=00000000 xnzvc
00:D466  4A 02  TST.B   D2                       A0=00FFA60A A1=00FFD940 A2=00FFA5DA A3=00FFE3FC A4=00FF8000 A5=00000000 A6=00FF7F58 A7=00FF7F24 D0=00000003 D1=00000001 D2=00000001 D3=00000002 D4=00000006 D5=00000000 D6=00000003 D7=00000000 xnzvc
00:D468  67 32  BEQ     #$32 [00:D49C]           A0=00FFA60A A1=00FFD940 A2=00FFA5DA A3=00FFE3FC A4=00FF8000 A5=00000000 A6=00FF7F58 A7=00FF7F24 D0=00000003 D1=00000001 D2=00000001 D3=00000002 D4=00000006 D5=00000000 D6=00000003 D7=00000000 xnzvc
00:D46A  08 00  BTST    #1,D0                    A0=00FFA60A A1=00FFD940 A2=00FFA5DA A3=00FFE3FC A4=00FF8000 A5=00000000 A6=00FF7F58 A7=00FF7F24 D0=00000003 D1=00000001 D2=00000001 D3=00000002 D4=00000006 D5=00000000 D6=00000003 D7=00000000 xnzvc
00:D46E  66 2C  BNE     #$2C [00:D49C]           A0=00FFA60A A1=00FFD940 A2=00FFA5DA A3=00FFE3FC A4=00FF8000 A5=00000000 A6=00FF7F58 A7=00FF7F24 D0=00000003 D1=00000001 D2=00000001 D3=00000002 D4=00000006 D5=00000000 D6=00000003 D7=00000000 xnzvc
00:D49C  10 2E  MOVE.B  $FFFD(A6),D0             A0=00FFA60A A1=00FFD940 A2=00FFA5DA A3=00FFE3FC A4=00FF8000 A5=00000000 A6=00FF7F58 A7=00FF7F24 D0=00000005 D1=00000007 D2=00000001 D3=00000002 D4=00000006 D5=00000000 D6=00000003 D7=00000000 xnzvc
00:D4A0  48 80  EXT.W   D0                       A0=00FFA60A A1=00FFD940 A2=00FFA5DA A3=00FFE3FC A4=00FF8000 A5=00000000 A6=00FF7F58 A7=00FF7F24 D0=00000006 D1=00000007 D2=00000001 D3=00000002 D4=00000006 D5=00000000 D6=00000003 D7=00000000 xnzvc
00:D4A2  B0 44  CMP.W   D4,D0                    A0=00FFA60A A1=00FFD940 A2=00FFA5DA A3=00FFE3FC A4=00FF8000 A5=00000000 A6=00FF7F58 A7=00FF7F24 D0=00000006 D1=00000007 D2=00000001 D3=00000002 D4=00000006 D5=00000000 D6=00000003 D7=00000000 xnzvc
00:D4A4  67 10  BEQ     #$10 [00:D4B6]           A0=00FFA60A A1=00FFD940 A2=00FFA5DA A3=00FFE3FC A4=00FF8000 A5=00000000 A6=00FF7F58 A7=00FF7F24 D0=00000006 D1=00000007 D2=00000001 D3=00000002 D4=00000006 D5=00000000 D6=00000003 D7=00000000 xnZvc
00:D4A6  52 6E  ADDQ.W  #1,$FFFA(A6)             A0=00FFA60A A1=00FFD940 A2=00FFA5DA A3=00FFE3FC A4=00FF8000 A5=00000000 A6=00FF7F58 A7=00FF7F24 D0=00000005 D1=00000006 D2=00000001 D3=00000002 D4=00000006 D5=00000000 D6=00000003 D7=00000000 xNzvC
00:D4AA  30 2E  MOVE.W  $FFFA(A6),D0             A0=00FFA60A A1=00FFD940 A2=00FFA5DA A3=00FFE3FC A4=00FF8000 A5=00000000 A6=00FF7F58 A7=00FF7F24 D0=00000005 D1=00000006 D2=00000001 D3=00000002 D4=00000006 D5=00000000 D6=00000003 D7=00000000 xnzvc
00:D4AE  B0 6E  CMP.W   $FFF8(A6),D0             A0=00FFA60A A1=00FFD940 A2=00FFA5DA A3=00FFE3FC A4=00FF8000 A5=00000000 A6=00FF7F58 A7=00FF7F24 D0=00000007 D1=00000006 D2=00000001 D3=00000002 D4=00000006 D5=00000000 D6=00000003 D7=00000000 xnzvc
00:D4B2  6D 00  BLT     #$FF76 [00:D42A]         A0=00FFA60A A1=00FFD940 A2=00FFA5DA A3=00FFE3FC A4=00FF8000 A5=00000000 A6=00FF7F58 A7=00FF7F24 D0=00000007 D1=00000006 D2=00000001 D3=00000002 D4=00000006 D5=00000000 D6=00000003 D7=00000000 xNzvC
00:D4B6  36 04  MOVE.W  D4,D3                    A0=00FFA60A A1=00FFD940 A2=00FFA5DA A3=00FFE3FC A4=00FF8000 A5=00000000 A6=00FF7F58 A7=00FF7F24 D0=00000006 D1=00000007 D2=00000001 D3=00000002 D4=00000006 D5=00000000 D6=00000003 D7=00000000 xnZvc
00:D4B8  48 C3  EXT.L   D3                       A0=00FFA60A A1=00FFD940 A2=00FFA5DA A3=00FFE3FC A4=00FF8000 A5=00000000 A6=00FF7F58 A7=00FF7F24 D0=00000006 D1=00000007 D2=00000001 D3=00000006 D4=00000006 D5=00000000 D6=00000003 D7=00000000 xnzvc
00:D4BA  10 2E  MOVE.B  $FFFC(A6),D0             A0=00FFA60A A1=00FFD940 A2=00FFA5DA A3=00FFE3FC A4=00FF8000 A5=00000000 A6=00FF7F58 A7=00FF7F24 D0=00000006 D1=00000007 D2=00000001 D3=00000006 D4=00000006 D5=00000000 D6=00000003 D7=00000000 xnzvc
00:D4BE  48 80  EXT.W   D0                       A0=00FFA60A A1=00FFD940 A2=00FFA5DA A3=00FFE3FC A4=00FF8000 A5=00000000 A6=00FF7F58 A7=00FF7F24 D0=00000000 D1=00000007 D2=00000001 D3=00000006 D4=00000006 D5=00000000 D6=00000003 D7=00000000 xnZvc
00:D4C0  48 C0  EXT.L   D0                       A0=00FFA60A A1=00FFD940 A2=00FFA5DA A3=00FFE3FC A4=00FF8000 A5=00000000 A6=00FF7F58 A7=00FF7F24 D0=00000000 D1=00000007 D2=00000001 D3=00000006 D4=00000006 D5=00000000 D6=00000003 D7=00000000 xnZvc
00:D4C2  12 2E  MOVE.B  $FFFD(A6),D1             A0=00FFA60A A1=00FFD940 A2=00FFA5DA A3=00FFE3FC A4=00FF8000 A5=00000000 A6=00FF7F58 A7=00FF7F24 D0=00000000 D1=00000007 D2=00000001 D3=00000006 D4=00000006 D5=00000000 D6=00000003 D7=00000000 xnZvc
00:D4C6  48 81  EXT.W   D1                       A0=00FFA60A A1=00FFD940 A2=00FFA5DA A3=00FFE3FC A4=00FF8000 A5=00000000 A6=00FF7F58 A7=00FF7F24 D0=00000000 D1=00000006 D2=00000001 D3=00000006 D4=00000006 D5=00000000 D6=00000003 D7=00000000 xnzvc
00:D4C8  48 C1  EXT.L   D1                       A0=00FFA60A A1=00FFD940 A2=00FFA5DA A3=00FFE3FC A4=00FF8000 A5=00000000 A6=00FF7F58 A7=00FF7F24 D0=00000000 D1=00000006 D2=00000001 D3=00000006 D4=00000006 D5=00000000 D6=00000003 D7=00000000 xnzvc
00:D4CA  D0 81  ADD.L   D1,D0                    A0=00FFA60A A1=00FFD940 A2=00FFA5DA A3=00FFE3FC A4=00FF8000 A5=00000000 A6=00FF7F58 A7=00FF7F24 D0=00000000 D1=00000006 D2=00000001 D3=00000006 D4=00000006 D5=00000000 D6=00000003 D7=00000000 xnzvc
00:D4CC  B6 80  CMP.L   D0,D3                    A0=00FFA60A A1=00FFD940 A2=00FFA5DA A3=00FFE3FC A4=00FF8000 A5=00000000 A6=00FF7F58 A7=00FF7F24 D0=00000006 D1=00000006 D2=00000001 D3=00000006 D4=00000006 D5=00000000 D6=00000003 D7=00000000 xnzvc
00:D4CE  6F 06  BLE     #$06 [00:D4D6]           A0=00FFA60A A1=00FFD940 A2=00FFA5DA A3=00FFE3FC A4=00FF8000 A5=00000000 A6=00FF7F58 A7=00FF7F24 D0=00000006 D1=00000006 D2=00000001 D3=00000006 D4=00000006 D5=00000000 D6=00000003 D7=00000000 xnZvc
00:D4D6  42 6E  CLR.W   $FFFA(A6)                A0=00FFA60A A1=00FFD940 A2=00FFA5DA A3=00FFE3FC A4=00FF8000 A5=00000000 A6=00FF7F58 A7=00FF7F24 D0=00000006 D1=00000006 D2=00000001 D3=00000006 D4=00000006 D5=00000000 D6=00000003 D7=00000000 xnZvc
00:D4DA  60 28  BRA     #$28 [00:D504]           A0=00FFA60A A1=00FFD940 A2=00FFA5DA A3=00FFE3FC A4=00FF8000 A5=00000000 A6=00FF7F58 A7=00FF7F24 D0=00000006 D1=00000006 D2=00000001 D3=00000006 D4=00000006 D5=00000000 D6=00000003 D7=00000000 xnZvc
00:D4DC  32 2E  MOVE.W  $FFFA(A6),D1             A0=00FFA60E A1=00FFD940 A2=00FFA5DA A3=00FFE3FC A4=00FF8000 A5=00000000 A6=00FF7F58 A7=00FF7F24 D0=00000006 D1=00000019 D2=00000001 D3=00000006 D4=00000006 D5=00000000 D6=00000003 D7=00000000 xnzvc
00:D4E0  10 36  MOVE.B  $EC(A6,D1),D0            A0=00FFA60E A1=00FFD940 A2=00FFA5DA A3=00FFE3FC A4=00FF8000 A5=00000000 A6=00FF7F58 A7=00FF7F24 D0=00000006 D1=00000005 D2=00000001 D3=00000006 D4=00000006 D5=00000000 D6=00000003 D7=00000000 xnzvc
00:D4E4  12 00  MOVE.B  D0,D1                    A0=00FFA60E A1=00FFD940 A2=00FFA5DA A3=00FFE3FC A4=00FF8000 A5=00000000 A6=00FF7F58 A7=00FF7F24 D0=00000007 D1=00000005 D2=00000001 D3=00000006 D4=00000006 D5=00000000 D6=00000003 D7=00000000 xnzvc
00:D4E6  48 81  EXT.W   D1                       A0=00FFA60E A1=00FFD940 A2=00FFA5DA A3=00FFE3FC A4=00FF8000 A5=00000000 A6=00FF7F58 A7=00FF7F24 D0=00000007 D1=00000007 D2=00000001 D3=00000006 D4=00000006 D5=00000000 D6=00000003 D7=00000000 xnzvc
00:D4E8  13 86  MOVE.B  D6,$00(A1,D1)            A0=00FFA60E A1=00FFD940 A2=00FFA5DA A3=00FFE3FC A4=00FF8000 A5=00000000 A6=00FF7F58 A7=00FF7F24 D0=00000007 D1=00000007 D2=00000001 D3=00000006 D4=00000006 D5=00000000 D6=00000003 D7=00000000 xnzvc
00:D4EC  20 6E  MOVE.L  $0014(A6),A0             A0=00FFA60E A1=00FFD940 A2=00FFA5DA A3=00FFE3FC A4=00FF8000 A5=00000000 A6=00FF7F58 A7=00FF7F24 D0=00000007 D1=00000007 D2=00000001 D3=00000006 D4=00000006 D5=00000000 D6=00000003 D7=00000000 xnzvc
00:D4F0  52 AE  ADDQ.L  #1,$0014(A6)             A0=00FFA60F A1=00FFD940 A2=00FFA5DA A3=00FFE3FC A4=00FF8000 A5=00000000 A6=00FF7F58 A7=00FF7F24 D0=00000007 D1=00000007 D2=00000001 D3=00000006 D4=00000006 D5=00000000 D6=00000003 D7=00000000 xnzvc
00:D4F4  10 00  MOVE.B  D0,D0                    A0=00FFA60F A1=00FFD940 A2=00FFA5DA A3=00FFE3FC A4=00FF8000 A5=00000000 A6=00FF7F58 A7=00FF7F24 D0=00000007 D1=00000007 D2=00000001 D3=00000006 D4=00000006 D5=00000000 D6=00000003 D7=00000000 xnzvc
00:D4F6  48 80  EXT.W   D0                       A0=00FFA60F A1=00FFD940 A2=00FFA5DA A3=00FFE3FC A4=00FF8000 A5=00000000 A6=00FF7F58 A7=00FF7F24 D0=00000007 D1=00000007 D2=00000001 D3=00000006 D4=00000006 D5=00000000 D6=00000003 D7=00000000 xnzvc
00:D4F8  48 C0  EXT.L   D0                       A0=00FFA60F A1=00FFD940 A2=00FFA5DA A3=00FFE3FC A4=00FF8000 A5=00000000 A6=00FF7F58 A7=00FF7F24 D0=00000007 D1=00000007 D2=00000001 D3=00000006 D4=00000006 D5=00000000 D6=00000003 D7=00000000 xnzvc
00:D4FA  72 19  MOVEQ   #$19,D1                  A0=00FFA60F A1=00FFD940 A2=00FFA5DA A3=00FFE3FC A4=00FF8000 A5=00000000 A6=00FF7F58 A7=00FF7F24 D0=00000007 D1=00000007 D2=00000001 D3=00000006 D4=00000006 D5=00000000 D6=00000003 D7=00000000 xnzvc
00:D4FC  D0 81  ADD.L   D1,D0                    A0=00FFA60F A1=00FFD940 A2=00FFA5DA A3=00FFE3FC A4=00FF8000 A5=00000000 A6=00FF7F58 A7=00FF7F24 D0=00000007 D1=00000019 D2=00000001 D3=00000006 D4=00000006 D5=00000000 D6=00000003 D7=00000000 xnzvc
00:D4FE  10 80  MOVE.B  D0,(A0)                  A0=00FFA60F A1=00FFD940 A2=00FFA5DA A3=00FFE3FC A4=00FF8000 A5=00000000 A6=00FF7F58 A7=00FF7F24 D0=00000020 D1=00000019 D2=00000001 D3=00000006 D4=00000006 D5=00000000 D6=00000003 D7=00000000 xnzvc
00:D500  52 6E  ADDQ.W  #1,$FFFA(A6)             A0=00FFA60F A1=00FFD940 A2=00FFA5DA A3=00FFE3FC A4=00FF8000 A5=00000000 A6=00FF7F58 A7=00FF7F24 D0=00000020 D1=00000019 D2=00000001 D3=00000006 D4=00000006 D5=00000000 D6=00000003 D7=00000000 xnzvc
00:D504  10 2E  MOVE.B  $FFFD(A6),D0             A0=00FFA60F A1=00FFD940 A2=00FFA5DA A3=00FFE3FC A4=00FF8000 A5=00000000 A6=00FF7F58 A7=00FF7F24 D0=00000020 D1=00000019 D2=00000001 D3=00000006 D4=00000006 D5=00000000 D6=00000003 D7=00000000 xnzvc
00:D508  48 80  EXT.W   D0                       A0=00FFA60F A1=00FFD940 A2=00FFA5DA A3=00FFE3FC A4=00FF8000 A5=00000000 A6=00FF7F58 A7=00FF7F24 D0=00000006 D1=00000019 D2=00000001 D3=00000006 D4=00000006 D5=00000000 D6=00000003 D7=00000000 xnzvc
00:D50A  B0 6E  CMP.W   $FFFA(A6),D0             A0=00FFA60F A1=00FFD940 A2=00FFA5DA A3=00FFE3FC A4=00FF8000 A5=00000000 A6=00FF7F58 A7=00FF7F24 D0=00000006 D1=00000019 D2=00000001 D3=00000006 D4=00000006 D5=00000000 D6=00000003 D7=00000000 xnzvc
00:D50E  6E CC  BGT     #$CC [00:D4DC]           A0=00FFA60F A1=00FFD940 A2=00FFA5DA A3=00FFE3FC A4=00FF8000 A5=00000000 A6=00FF7F58 A7=00FF7F24 D0=00000006 D1=00000019 D2=00000001 D3=00000006 D4=00000006 D5=00000000 D6=00000003 D7=00000000 xnZvc
00:D510  10 2E  MOVE.B  $FFFD(A6),D0             A0=00FFA60F A1=00FFD940 A2=00FFA5DA A3=00FFE3FC A4=00FF8000 A5=00000000 A6=00FF7F58 A7=00FF7F24 D0=00000006 D1=00000019 D2=00000001 D3=00000006 D4=00000006 D5=00000000 D6=00000003 D7=00000000 xnZvc
00:D514  48 80  EXT.W   D0                       A0=00FFA60F A1=00FFD940 A2=00FFA5DA A3=00FFE3FC A4=00FF8000 A5=00000000 A6=00FF7F58 A7=00FF7F24 D0=00000006 D1=00000019 D2=00000001 D3=00000006 D4=00000006 D5=00000000 D6=00000003 D7=00000000 xnzvc
00:D516  B0 44  CMP.W   D4,D0                    A0=00FFA60F A1=00FFD940 A2=00FFA5DA A3=00FFE3FC A4=00FF8000 A5=00000000 A6=00FF7F58 A7=00FF7F24 D0=00000006 D1=00000019 D2=00000001 D3=00000006 D4=00000006 D5=00000000 D6=00000003 D7=00000000 xnzvc
00:D518  6C 3E  BGE     #$3E [00:D558]           A0=00FFA60F A1=00FFD940 A2=00FFA5DA A3=00FFE3FC A4=00FF8000 A5=00000000 A6=00FF7F58 A7=00FF7F24 D0=00000006 D1=00000019 D2=00000001 D3=00000006 D4=00000006 D5=00000000 D6=00000003 D7=00000000 xnZvc
00:D558  76 00  MOVEQ   #$00,D3                  A0=00FFA60F A1=00FFD940 A2=00FFA5DA A3=00FFE3FC A4=00FF8000 A5=00000000 A6=00FF7F58 A7=00FF7F24 D0=00000006 D1=00000019 D2=00000001 D3=00000006 D4=00000006 D5=00000000 D6=00000003 D7=00000000 xnZvc
00:D55A  20 03  MOVE.L  D3,D0                    A0=00FFA60F A1=00FFD940 A2=00FFA5DA A3=00FFE3FC A4=00FF8000 A5=00000000 A6=00FF7F58 A7=00FF7F24 D0=00000006 D1=00000019 D2=00000001 D3=00000000 D4=00000006 D5=00000000 D6=00000003 D7=00000000 xnZvc
00:D55C  4C EE  MOVEM.L $FFCC(A6),{a7-d0}[00 7c] A0=00FFA60F A1=00FFD940 A2=00FFA5DA A3=00FFE3FC A4=00FF8000 A5=00000000 A6=00FF7F58 A7=00FF7F24 D0=00000000 D1=00000019 D2=00000001 D3=00000000 D4=00000006 D5=00000000 D6=00000003 D7=00000000 xnZvc
00:D562  4E 5E  ULNK    A6                       A0=00FFA60F A1=00FFD940 A2=00FFA5DA A3=00FFE3FC A4=00FF8000 A5=00000000 A6=00FF7F58 A7=00FF7F24 D0=00000000 D1=00000019 D2=00000000 D3=00000002 D4=00000290 D5=00000048 D6=00000000 D7=00000000 xnZvc
00:D564  4E 75  RTS                              A0=00FFA60F A1=00FFD940 A2=00FFA5DA A3=00FFE3FC A4=00FF8000 A5=00000000 A6=00000000 A7=00FF7F5C D0=00000000 D1=00000019 D2=00000000 D3=00000002 D4=00000290 D5=00000048 D6=00000000 D7=00000000 xnZvc

00:D5A0  48 E7  MOVEM.L {d0-a7}[38 00],-(SP)     A0=00FFA55A A1=000371A2 A2=00FFA55A A3=00FFA58A A4=00FFE3FC A5=00000000 A6=00000000 A7=00FF7F6C D0=00000002 D1=00000002 D2=00000006 D3=00000000 D4=00000000 D5=00000000 D6=00000000 D7=00000000 xnzvc
00:D5A4  32 2F  MOVE.W  $0012(SP),D1             A0=00FFA55A A1=000371A2 A2=00FFA55A A3=00FFA58A A4=00FFE3FC A5=00000000 A6=00000000 A7=00FF7F60 D0=00000002 D1=00000002 D2=00000006 D3=00000000 D4=00000000 D5=00000000 D6=00000000 D7=00000000 xnzvc
00:D5A8  24 2F  MOVE.L  $0014(SP),D2             A0=00FFA55A A1=000371A2 A2=00FFA55A A3=00FFA58A A4=00FFE3FC A5=00000000 A6=00000000 A7=00FF7F60 D0=00000002 D1=00000002 D2=00000006 D3=00000000 D4=00000000 D5=00000000 D6=00000000 D7=00000000 xnzvc
00:D5AC  42 43  CLR.W   D3                       A0=00FFA55A A1=000371A2 A2=00FFA55A A3=00FFA58A A4=00FFE3FC A5=00000000 A6=00000000 A7=00FF7F60 D0=00000002 D1=00000002 D2=00FFA58A D3=00000000 D4=00000000 D5=00000000 D6=00000000 D7=00000000 xnzvc
00:D5AE  60 20  BRA     #$20 [00:D5D0]           A0=00FFA55A A1=000371A2 A2=00FFA55A A3=00FFA58A A4=00FFE3FC A5=00000000 A6=00000000 A7=00FF7F60 D0=00000002 D1=00000002 D2=00FFA58A D3=00000000 D4=00000000 D5=00000000 D6=00000000 D7=00000000 xnZvc
00:D5B0  30 43  MOVE.W  D3,A0                    A0=00FFD940 A1=000371A2 A2=00FFA55A A3=00FFA58A A4=00FFE3FC A5=00000000 A6=00000000 A7=00FF7F60 D0=00000000 D1=00000002 D2=00FFA58A D3=00000001 D4=00000000 D5=00000000 D6=00000000 D7=00000000 xNzvC
00:D5B2  28 08  MOVE.L  A0,D4                    A0=00000001 A1=000371A2 A2=00FFA55A A3=00FFA58A A4=00FFE3FC A5=00000000 A6=00000000 A7=00FF7F60 D0=00000000 D1=00000002 D2=00FFA58A D3=00000001 D4=00000000 D5=00000000 D6=00000000 D7=00000000 xNzvC
00:D5B4  48 C4  EXT.L   D4                       A0=00000001 A1=000371A2 A2=00FFA55A A3=00FFA58A A4=00FFE3FC A5=00000000 A6=00000000 A7=00FF7F60 D0=00000000 D1=00000002 D2=00FFA58A D3=00000001 D4=00000001 D5=00000000 D6=00000000 D7=00000000 xnzvc
00:D5B6  20 44  MOVE.L  D4,A0                    A0=00000001 A1=000371A2 A2=00FFA55A A3=00FFA58A A4=00FFE3FC A5=00000000 A6=00000000 A7=00FF7F60 D0=00000000 D1=00000002 D2=00FFA58A D3=00000001 D4=00000001 D5=00000000 D6=00000000 D7=00000000 xnzvc
00:D5B8  D1 C2  ADDA.L  D2,A0                    A0=00000001 A1=000371A2 A2=00FFA55A A3=00FFA58A A4=00FFE3FC A5=00000000 A6=00000000 A7=00FF7F60 D0=00000000 D1=00000002 D2=00FFA58A D3=00000001 D4=00000001 D5=00000000 D6=00000000 D7=00000000 xnzvc
00:D5BA  10 10  MOVE.B  (A0),D0                  A0=00FFA58B A1=000371A2 A2=00FFA55A A3=00FFA58A A4=00FFE3FC A5=00000000 A6=00000000 A7=00FF7F60 D0=00000000 D1=00000002 D2=00FFA58A D3=00000001 D4=00000001 D5=00000000 D6=00000000 D7=00000000 xnzvc
00:D5BC  04 00  SUBI.B  #$19,D0                  A0=00FFA58B A1=000371A2 A2=00FFA55A A3=00FFA58A A4=00FFE3FC A5=00000000 A6=00000000 A7=00FF7F60 D0=0000001A D1=00000002 D2=00FFA58A D3=00000001 D4=00000001 D5=00000000 D6=00000000 D7=00000000 xnzvc
00:D5C0  10 00  MOVE.B  D0,D0                    A0=00FFA58B A1=000371A2 A2=00FFA55A A3=00FFA58A A4=00FFE3FC A5=00000000 A6=00000000 A7=00FF7F60 D0=00000001 D1=00000002 D2=00FFA58A D3=00000001 D4=00000001 D5=00000000 D6=00000000 D7=00000000 xnzvc
00:D5C2  48 80  EXT.W   D0                       A0=00FFA58B A1=000371A2 A2=00FFA55A A3=00FFA58A A4=00FFE3FC A5=00000000 A6=00000000 A7=00FF7F60 D0=00000001 D1=00000002 D2=00FFA58A D3=00000001 D4=00000001 D5=00000000 D6=00000000 D7=00000000 xnzvc
00:D5C4  20 7C  MOVE.L  #$00FFD940,A0            A0=00FFA58B A1=000371A2 A2=00FFA55A A3=00FFA58A A4=00FFE3FC A5=00000000 A6=00000000 A7=00FF7F60 D0=00000001 D1=00000002 D2=00FFA58A D3=00000001 D4=00000001 D5=00000000 D6=00000000 D7=00000000 xnzvc
00:D5CA  42 30  CLR.B   $00(A0,D0)               A0=00FFD940 A1=000371A2 A2=00FFA55A A3=00FFA58A A4=00FFE3FC A5=00000000 A6=00000000 A7=00FF7F60 D0=00000001 D1=00000002 D2=00FFA58A D3=00000001 D4=00000001 D5=00000000 D6=00000000 D7=00000000 xnzvc
00:D5CE  52 43  ADDQ.W  #1,D3                    A0=00FFD940 A1=000371A2 A2=00FFA55A A3=00FFA58A A4=00FFE3FC A5=00000000 A6=00000000 A7=00FF7F60 D0=00000001 D1=00000002 D2=00FFA58A D3=00000001 D4=00000001 D5=00000000 D6=00000000 D7=00000000 xnZvc
00:D5D0  B6 41  CMP.W   D1,D3                    A0=00FFD940 A1=000371A2 A2=00FFA55A A3=00FFA58A A4=00FFE3FC A5=00000000 A6=00000000 A7=00FF7F60 D0=00000001 D1=00000002 D2=00FFA58A D3=00000002 D4=00000001 D5=00000000 D6=00000000 D7=00000000 xnzvc
00:D5D2  6D DC  BLT     #$DC [00:D5B0]           A0=00FFD940 A1=000371A2 A2=00FFA55A A3=00FFA58A A4=00FFE3FC A5=00000000 A6=00000000 A7=00FF7F60 D0=00000001 D1=00000002 D2=00FFA58A D3=00000002 D4=00000001 D5=00000000 D6=00000000 D7=00000000 xnZvc
00:D5D4  4C DF  MOVEM.L (SP)+,{a7-d0}[00 1c]     A0=00FFD940 A1=000371A2 A2=00FFA55A A3=00FFA58A A4=00FFE3FC A5=00000000 A6=00000000 A7=00FF7F60 D0=00000001 D1=00000002 D2=00FFA58A D3=00000002 D4=00000001 D5=00000000 D6=00000000 D7=00000000 xnZvc
00:D5D8  4E 75  RTS                              A0=00FFD940 A1=000371A2 A2=00FFA55A A3=00FFA58A A4=00FFE3FC A5=00000000 A6=00000000 A7=00FF7F6C D0=00000001 D1=00000002 D2=00000006 D3=00000000 D4=00000000 D5=00000000 D6=00000000 D7=00000000 xnZvc

00:D610  48 E7  MOVEM.L {d0-a7}[38 00],-(SP)     A0=00FFA5DA A1=00FFD940 A2=00FFA5DA A3=00FFE3FC A4=00FF8000 A5=00000000 A6=00000000 A7=00FF7F68 D0=00000048 D1=00000000 D2=00000000 D3=000000B4 D4=00000000 D5=00000048 D6=00000000 D7=00000000 xnzvc
00:D614  32 2F  MOVE.W  $0012(SP),D1             A0=00FFA5DA A1=00FFD940 A2=00FFA5DA A3=00FFE3FC A4=00FF8000 A5=00000000 A6=00000000 A7=00FF7F5C D0=00000048 D1=00000000 D2=00000000 D3=000000B4 D4=00000000 D5=00000048 D6=00000000 D7=00000000 xnzvc
00:D618  32 01  MOVE.W  D1,D1                    A0=00FFA5DA A1=00FFD940 A2=00FFA5DA A3=00FFE3FC A4=00FF8000 A5=00000000 A6=00000000 A7=00FF7F5C D0=00000048 D1=00000048 D2=00000000 D3=000000B4 D4=00000000 D5=00000048 D6=00000000 D7=00000000 xnzvc
00:D61A  48 C1  EXT.L   D1                       A0=00FFA5DA A1=00FFD940 A2=00FFA5DA A3=00FFE3FC A4=00FF8000 A5=00000000 A6=00000000 A7=00FF7F5C D0=00000048 D1=00000048 D2=00000000 D3=000000B4 D4=00000000 D5=00000048 D6=00000000 D7=00000000 xnzvc
00:D61C  53 81  SUBQ.L  #1,D1                    A0=00FFA5DA A1=00FFD940 A2=00FFA5DA A3=00FFE3FC A4=00FF8000 A5=00000000 A6=00000000 A7=00FF7F5C D0=00000048 D1=00000048 D2=00000000 D3=000000B4 D4=00000000 D5=00000048 D6=00000000 D7=00000000 xnzvc
00:D61E  20 01  MOVE.L  D1,D0                    A0=00FFA5DA A1=00FFD940 A2=00FFA5DA A3=00FFE3FC A4=00FF8000 A5=00000000 A6=00000000 A7=00FF7F5C D0=00000048 D1=00000047 D2=00000000 D3=000000B4 D4=00000000 D5=00000048 D6=00000000 D7=00000000 xnzvc
00:D620  6C 08  BGE     #$08 [00:D62A]           A0=00FFA5DA A1=00FFD940 A2=00FFA5DA A3=00FFE3FC A4=00FF8000 A5=00000000 A6=00000000 A7=00FF7F5C D0=00000047 D1=00000047 D2=00000000 D3=000000B4 D4=00000000 D5=00000048 D6=00000000 D7=00000000 xnzvc
00:D62A  E6 88  LSR.L   #3,D0                    A0=00FFA5DA A1=00FFD940 A2=00FFA5DA A3=00FFE3FC A4=00FF8000 A5=00000000 A6=00000000 A7=00FF7F5C D0=00000047 D1=00000047 D2=00000000 D3=000000B4 D4=00000000 D5=00000048 D6=00000000 D7=00000000 xnzvc
00:D62C  30 00  MOVE.W  D0,D0                    A0=00FFA5DA A1=00FFD940 A2=00FFA5DA A3=00FFE3FC A4=00FF8000 A5=00000000 A6=00000000 A7=00FF7F5C D0=00000008 D1=00000047 D2=00000000 D3=000000B4 D4=00000000 D5=00000048 D6=00000000 D7=00000000 XnzvC
00:D62E  52 40  ADDQ.W  #1,D0                    A0=00FFA5DA A1=00FFD940 A2=00FFA5DA A3=00FFE3FC A4=00FF8000 A5=00000000 A6=00000000 A7=00FF7F5C D0=00000008 D1=00000047 D2=00000000 D3=000000B4 D4=00000000 D5=00000048 D6=00000000 D7=00000000 Xnzvc
00:D630  42 42  CLR.W   D2                       A0=00FFA5DA A1=00FFD940 A2=00FFA5DA A3=00FFE3FC A4=00FF8000 A5=00000000 A6=00000000 A7=00FF7F5C D0=00000009 D1=00000047 D2=00000000 D3=000000B4 D4=00000000 D5=00000048 D6=00000000 D7=00000000 xnzvc
00:D632  42 43  CLR.W   D3                       A0=00FFA5DA A1=00FFD940 A2=00FFA5DA A3=00FFE3FC A4=00FF8000 A5=00000000 A6=00000000 A7=00FF7F5C D0=00000009 D1=00000047 D2=00000000 D3=000000B4 D4=00000000 D5=00000048 D6=00000000 D7=00000000 xnZvc
00:D634  32 03  MOVE.W  D3,D1                    A0=00FFD976 A1=00FFD940 A2=00FFA5DA A3=00FFE3FC A4=00FF8000 A5=00000000 A6=00000000 A7=00FF7F5C D0=00000009 D1=00000009 D2=00000008 D3=0000000A D4=00000000 D5=00000048 D6=00000000 D7=00000000 xNzvC
00:D636  20 7C  MOVE.L  #$00FFD976,A0            A0=00FFD976 A1=00FFD940 A2=00FFA5DA A3=00FFE3FC A4=00FF8000 A5=00000000 A6=00000000 A7=00FF7F5C D0=00000009 D1=0000000A D2=00000008 D3=0000000A D4=00000000 D5=00000048 D6=00000000 D7=00000000 xnzvc
00:D63C  4A 30  TST.B   $00(A0,D1)               A0=00FFD976 A1=00FFD940 A2=00FFA5DA A3=00FFE3FC A4=00FF8000 A5=00000000 A6=00000000 A7=00FF7F5C D0=00000009 D1=0000000A D2=00000008 D3=0000000A D4=00000000 D5=00000048 D6=00000000 D7=00000000 xnzvc
00:D640  66 3A  BNE     #$3A [00:D67C]           A0=00FFD976 A1=00FFD940 A2=00FFA5DA A3=00FFE3FC A4=00FF8000 A5=00000000 A6=00000000 A7=00FF7F5C D0=00000009 D1=0000000A D2=00000008 D3=0000000A D4=00000000 D5=00000048 D6=00000000 D7=00000000 xnZvc
00:D642  52 42  ADDQ.W  #1,D2                    A0=00FFD976 A1=00FFD940 A2=00FFA5DA A3=00FFE3FC A4=00FF8000 A5=00000000 A6=00000000 A7=00FF7F5C D0=00000009 D1=0000000A D2=00000008 D3=0000000A D4=00000000 D5=00000048 D6=00000000 D7=00000000 xnZvc
00:D644  B4 40  CMP.W   D0,D2                    A0=00FFD976 A1=00FFD940 A2=00FFA5DA A3=00FFE3FC A4=00FF8000 A5=00000000 A6=00000000 A7=00FF7F5C D0=00000009 D1=0000000A D2=00000009 D3=0000000A D4=00000000 D5=00000048 D6=00000000 D7=00000000 xnzvc
00:D646  66 36  BNE     #$36 [00:D67E]           A0=00FFD976 A1=00FFD940 A2=00FFA5DA A3=00FFE3FC A4=00FF8000 A5=00000000 A6=00000000 A7=00FF7F5C D0=00000009 D1=0000000A D2=00000009 D3=0000000A D4=00000000 D5=00000048 D6=00000000 D7=00000000 xnZvc
00:D648  30 03  MOVE.W  D3,D0                    A0=00FFD976 A1=00FFD940 A2=00FFA5DA A3=00FFE3FC A4=00FF8000 A5=00000000 A6=00000000 A7=00FF7F5C D0=00000009 D1=0000000A D2=00000009 D3=0000000A D4=00000000 D5=00000048 D6=00000000 D7=00000000 xnZvc
00:D64A  48 C0  EXT.L   D0                       A0=00FFD976 A1=00FFD940 A2=00FFA5DA A3=00FFE3FC A4=00FF8000 A5=00000000 A6=00000000 A7=00FF7F5C D0=0000000A D1=0000000A D2=00000009 D3=0000000A D4=00000000 D5=00000048 D6=00000000 D7=00000000 xnzvc
00:D64C  52 80  ADDQ.L  #1,D0                    A0=00FFD976 A1=00FFD940 A2=00FFA5DA A3=00FFE3FC A4=00FF8000 A5=00000000 A6=00000000 A7=00FF7F5C D0=0000000A D1=0000000A D2=00000009 D3=0000000A D4=00000000 D5=00000048 D6=00000000 D7=00000000 xnzvc
00:D64E  32 02  MOVE.W  D2,D1                    A0=00FFD976 A1=00FFD940 A2=00FFA5DA A3=00FFE3FC A4=00FF8000 A5=00000000 A6=00000000 A7=00FF7F5C D0=0000000B D1=0000000A D2=00000009 D3=0000000A D4=00000000 D5=00000048 D6=00000000 D7=00000000 xnzvc
00:D650  48 C1  EXT.L   D1                       A0=00FFD976 A1=00FFD940 A2=00FFA5DA A3=00FFE3FC A4=00FF8000 A5=00000000 A6=00000000 A7=00FF7F5C D0=0000000B D1=00000009 D2=00000009 D3=0000000A D4=00000000 D5=00000048 D6=00000000 D7=00000000 xnzvc
00:D652  90 81  SUB.L   D1,D0                    A0=00FFD976 A1=00FFD940 A2=00FFA5DA A3=00FFE3FC A4=00FF8000 A5=00000000 A6=00000000 A7=00FF7F5C D0=0000000B D1=00000009 D2=00000009 D3=0000000A D4=00000000 D5=00000048 D6=00000000 D7=00000000 xnzvc
00:D654  36 00  MOVE.W  D0,D3                    A0=00FFD976 A1=00FFD940 A2=00FFA5DA A3=00FFE3FC A4=00FF8000 A5=00000000 A6=00000000 A7=00FF7F5C D0=00000002 D1=00000009 D2=00000009 D3=0000000A D4=00000000 D5=00000048 D6=00000000 D7=00000000 xnzvc
00:D656  48 C0  EXT.L   D0                       A0=00FFD976 A1=00FFD940 A2=00FFA5DA A3=00FFE3FC A4=00FF8000 A5=00000000 A6=00000000 A7=00FF7F5C D0=00000002 D1=00000009 D2=00000009 D3=00000002 D4=00000000 D5=00000048 D6=00000000 D7=00000000 xnzvc
00:D658  E7 80  ASL.L   #3,D0                    A0=00FFD976 A1=00FFD940 A2=00FFA5DA A3=00FFE3FC A4=00FF8000 A5=00000000 A6=00000000 A7=00FF7F5C D0=00000002 D1=00000009 D2=00000009 D3=00000002 D4=00000000 D5=00000048 D6=00000000 D7=00000000 xnzvc
00:D65A  30 00  MOVE.W  D0,D0                    A0=00FFD976 A1=00FFD940 A2=00FFA5DA A3=00FFE3FC A4=00FF8000 A5=00000000 A6=00000000 A7=00FF7F5C D0=00000010 D1=00000009 D2=00000009 D3=00000002 D4=00000000 D5=00000048 D6=00000000 D7=00000000 xnzvc
00:D65C  06 40  ADDI.W  #$0280,D0                A0=00FFD976 A1=00FFD940 A2=00FFA5DA A3=00FFE3FC A4=00FF8000 A5=00000000 A6=00000000 A7=00FF7F5C D0=00000010 D1=00000009 D2=00000009 D3=00000002 D4=00000000 D5=00000048 D6=00000000 D7=00000000 xnzvc
00:D660  42 44  CLR.W   D4                       A0=00FFD976 A1=00FFD940 A2=00FFA5DA A3=00FFE3FC A4=00FF8000 A5=00000000 A6=00000000 A7=00FF7F5C D0=00000290 D1=00000009 D2=00000009 D3=00000002 D4=00000000 D5=00000048 D6=00000000 D7=00000000 xnzvc
00:D662  60 12  BRA     #$12 [00:D676]           A0=00FFD976 A1=00FFD940 A2=00FFA5DA A3=00FFE3FC A4=00FF8000 A5=00000000 A6=00000000 A7=00FF7F5C D0=00000290 D1=00000009 D2=00000009 D3=00000002 D4=00000000 D5=00000048 D6=00000000 D7=00000000 xnZvc
00:D664  32 03  MOVE.W  D3,D1                    A0=00FFD976 A1=00FFD940 A2=00FFA5DA A3=00FFE3FC A4=00FF8000 A5=00000000 A6=00000000 A7=00FF7F5C D0=00000290 D1=00000009 D2=00000009 D3=0000000A D4=00000008 D5=00000048 D6=00000000 D7=00000000 xNzvC
00:D666  52 43  ADDQ.W  #1,D3                    A0=00FFD976 A1=00FFD940 A2=00FFA5DA A3=00FFE3FC A4=00FF8000 A5=00000000 A6=00000000 A7=00FF7F5C D0=00000290 D1=0000000A D2=00000009 D3=0000000A D4=00000008 D5=00000048 D6=00000000 D7=00000000 xnzvc
00:D668  20 7C  MOVE.L  #$00FFD976,A0            A0=00FFD976 A1=00FFD940 A2=00FFA5DA A3=00FFE3FC A4=00FF8000 A5=00000000 A6=00000000 A7=00FF7F5C D0=00000290 D1=0000000A D2=00000009 D3=0000000B D4=00000008 D5=00000048 D6=00000000 D7=00000000 xnzvc
00:D66E  11 BC  MOVE.B  #$01,$00(A0,D1)          A0=00FFD976 A1=00FFD940 A2=00FFA5DA A3=00FFE3FC A4=00FF8000 A5=00000000 A6=00000000 A7=00FF7F5C D0=00000290 D1=0000000A D2=00000009 D3=0000000B D4=00000008 D5=00000048 D6=00000000 D7=00000000 xnzvc
00:D674  52 44  ADDQ.W  #1,D4                    A0=00FFD976 A1=00FFD940 A2=00FFA5DA A3=00FFE3FC A4=00FF8000 A5=00000000 A6=00000000 A7=00FF7F5C D0=00000290 D1=0000000A D2=00000009 D3=0000000B D4=00000008 D5=00000048 D6=00000000 D7=00000000 xnzvc
00:D676  B8 42  CMP.W   D2,D4                    A0=00FFD976 A1=00FFD940 A2=00FFA5DA A3=00FFE3FC A4=00FF8000 A5=00000000 A6=00000000 A7=00FF7F5C D0=00000290 D1=0000000A D2=00000009 D3=0000000B D4=00000009 D5=00000048 D6=00000000 D7=00000000 xnzvc
00:D678  6D EA  BLT     #$EA [00:D664]           A0=00FFD976 A1=00FFD940 A2=00FFA5DA A3=00FFE3FC A4=00FF8000 A5=00000000 A6=00000000 A7=00FF7F5C D0=00000290 D1=0000000A D2=00000009 D3=0000000B D4=00000009 D5=00000048 D6=00000000 D7=00000000 xnZvc
00:D67A  60 0C  BRA     #$0C [00:D688]           A0=00FFD976 A1=00FFD940 A2=00FFA5DA A3=00FFE3FC A4=00FF8000 A5=00000000 A6=00000000 A7=00FF7F5C D0=00000290 D1=0000000A D2=00000009 D3=0000000B D4=00000009 D5=00000048 D6=00000000 D7=00000000 xnZvc
00:D67C  42 42  CLR.W   D2                       A0=00FFD976 A1=00FFD940 A2=00FFA5DA A3=00FFE3FC A4=00FF8000 A5=00000000 A6=00000000 A7=00FF7F5C D0=00000009 D1=00000001 D2=00000000 D3=00000001 D4=00000000 D5=00000048 D6=00000000 D7=00000000 xnzvc
00:D67E  52 43  ADDQ.W  #1,D3                    A0=00FFD976 A1=00FFD940 A2=00FFA5DA A3=00FFE3FC A4=00FF8000 A5=00000000 A6=00000000 A7=00FF7F5C D0=00000009 D1=00000009 D2=00000008 D3=00000009 D4=00000000 D5=00000048 D6=00000000 D7=00000000 xNzvC
00:D680  0C 43  CMPI.W  #$0050,D3                A0=00FFD976 A1=00FFD940 A2=00FFA5DA A3=00FFE3FC A4=00FF8000 A5=00000000 A6=00000000 A7=00FF7F5C D0=00000009 D1=00000009 D2=00000008 D3=0000000A D4=00000000 D5=00000048 D6=00000000 D7=00000000 xnzvc
00:D684  6D AE  BLT     #$AE [00:D634]           A0=00FFD976 A1=00FFD940 A2=00FFA5DA A3=00FFE3FC A4=00FF8000 A5=00000000 A6=00000000 A7=00FF7F5C D0=00000009 D1=00000009 D2=00000008 D3=0000000A D4=00000000 D5=00000048 D6=00000000 D7=00000000 xNzvC
00:D688  30 00  MOVE.W  D0,D0                    A0=00FFD976 A1=00FFD940 A2=00FFA5DA A3=00FFE3FC A4=00FF8000 A5=00000000 A6=00000000 A7=00FF7F5C D0=00000290 D1=0000000A D2=00000009 D3=0000000B D4=00000009 D5=00000048 D6=00000000 D7=00000000 xnZvc
00:D68A  48 C0  EXT.L   D0                       A0=00FFD976 A1=00FFD940 A2=00FFA5DA A3=00FFE3FC A4=00FF8000 A5=00000000 A6=00000000 A7=00FF7F5C D0=00000290 D1=0000000A D2=00000009 D3=0000000B D4=00000009 D5=00000048 D6=00000000 D7=00000000 xnzvc
00:D68C  4C DF  MOVEM.L (SP)+,{a7-d0}[00 1c]     A0=00FFD976 A1=00FFD940 A2=00FFA5DA A3=00FFE3FC A4=00FF8000 A5=00000000 A6=00000000 A7=00FF7F5C D0=00000290 D1=0000000A D2=00000009 D3=0000000B D4=00000009 D5=00000048 D6=00000000 D7=00000000 xnzvc
00:D690  4E 75  RTS                              A0=00FFD976 A1=00FFD940 A2=00FFA5DA A3=00FFE3FC A4=00FF8000 A5=00000000 A6=00000000 A7=00FF7F68 D0=00000290 D1=0000000A D2=00000000 D3=000000B4 D4=00000000 D5=00000048 D6=00000000 D7=00000000 xnzvc

00:D692  48 E7  MOVEM.L {d0-a7}[38 00],-(SP)     A0=00FFD940 A1=000371A2 A2=00FFA55A A3=00FFA58A A4=00FFE3FC A5=00000000 A6=00000000 A7=00FF7F6C D0=0000000C D1=00000280 D2=00000006 D3=00000000 D4=00000000 D5=00000000 D6=00000000 D7=00000000 xnzvc
00:D696  34 2F  MOVE.W  $0012(SP),D2             A0=00FFD940 A1=000371A2 A2=00FFA55A A3=00FFA58A A4=00FFE3FC A5=00000000 A6=00000000 A7=00FF7F60 D0=0000000C D1=00000280 D2=00000006 D3=00000000 D4=00000000 D5=00000000 D6=00000000 D7=00000000 xnzvc
00:D69A  32 2F  MOVE.W  $0016(SP),D1             A0=00FFD940 A1=000371A2 A2=00FFA55A A3=00FFA58A A4=00FFE3FC A5=00000000 A6=00000000 A7=00FF7F60 D0=0000000C D1=00000280 D2=00000280 D3=00000000 D4=00000000 D5=00000000 D6=00000000 D7=00000000 xnzvc
00:D69E  32 01  MOVE.W  D1,D1                    A0=00FFD940 A1=000371A2 A2=00FFA55A A3=00FFA58A A4=00FFE3FC A5=00000000 A6=00000000 A7=00FF7F60 D0=0000000C D1=0000000C D2=00000280 D3=00000000 D4=00000000 D5=00000000 D6=00000000 D7=00000000 xnzvc
00:D6A0  48 C1  EXT.L   D1                       A0=00FFD940 A1=000371A2 A2=00FFA55A A3=00FFA58A A4=00FFE3FC A5=00000000 A6=00000000 A7=00FF7F60 D0=0000000C D1=0000000C D2=00000280 D3=00000000 D4=00000000 D5=00000000 D6=00000000 D7=00000000 xnzvc
00:D6A2  53 81  SUBQ.L  #1,D1                    A0=00FFD940 A1=000371A2 A2=00FFA55A A3=00FFA58A A4=00FFE3FC A5=00000000 A6=00000000 A7=00FF7F60 D0=0000000C D1=0000000C D2=00000280 D3=00000000 D4=00000000 D5=00000000 D6=00000000 D7=00000000 xnzvc
00:D6A4  20 01  MOVE.L  D1,D0                    A0=00FFD940 A1=000371A2 A2=00FFA55A A3=00FFA58A A4=00FFE3FC A5=00000000 A6=00000000 A7=00FF7F60 D0=0000000C D1=0000000B D2=00000280 D3=00000000 D4=00000000 D5=00000000 D6=00000000 D7=00000000 xnzvc
00:D6A6  6C 08  BGE     #$08 [00:D6B0]           A0=00FFD940 A1=000371A2 A2=00FFA55A A3=00FFA58A A4=00FFE3FC A5=00000000 A6=00000000 A7=00FF7F60 D0=0000000B D1=0000000B D2=00000280 D3=00000000 D4=00000000 D5=00000000 D6=00000000 D7=00000000 xnzvc
00:D6B0  E6 88  LSR.L   #3,D0                    A0=00FFD940 A1=000371A2 A2=00FFA55A A3=00FFA58A A4=00FFE3FC A5=00000000 A6=00000000 A7=00FF7F60 D0=0000000B D1=0000000B D2=00000280 D3=00000000 D4=00000000 D5=00000000 D6=00000000 D7=00000000 xnzvc
00:D6B2  38 00  MOVE.W  D0,D4                    A0=00FFD940 A1=000371A2 A2=00FFA55A A3=00FFA58A A4=00FFE3FC A5=00000000 A6=00000000 A7=00FF7F60 D0=00000001 D1=0000000B D2=00000280 D3=00000000 D4=00000000 D5=00000000 D6=00000000 D7=00000000 xnzvc
00:D6B4  52 44  ADDQ.W  #1,D4                    A0=00FFD940 A1=000371A2 A2=00FFA55A A3=00FFA58A A4=00FFE3FC A5=00000000 A6=00000000 A7=00FF7F60 D0=00000001 D1=0000000B D2=00000280 D3=00000000 D4=00000001 D5=00000000 D6=00000000 D7=00000000 xnzvc
00:D6B6  04 42  SUBI.W  #$0280,D2                A0=00FFD940 A1=000371A2 A2=00FFA55A A3=00FFA58A A4=00FFE3FC A5=00000000 A6=00000000 A7=00FF7F60 D0=00000001 D1=0000000B D2=00000280 D3=00000000 D4=00000002 D5=00000000 D6=00000000 D7=00000000 xnzvc
00:D6BA  30 02  MOVE.W  D2,D0                    A0=00FFD940 A1=000371A2 A2=00FFA55A A3=00FFA58A A4=00FFE3FC A5=00000000 A6=00000000 A7=00FF7F60 D0=00000001 D1=0000000B D2=00000000 D3=00000000 D4=00000002 D5=00000000 D6=00000000 D7=00000000 xnZvc
00:D6BC  48 C0  EXT.L   D0                       A0=00FFD940 A1=000371A2 A2=00FFA55A A3=00FFA58A A4=00FFE3FC A5=00000000 A6=00000000 A7=00FF7F60 D0=00000000 D1=0000000B D2=00000000 D3=00000000 D4=00000002 D5=00000000 D6=00000000 D7=00000000 xnZvc
00:D6BE  6C 08  BGE     #$08 [00:D6C8]           A0=00FFD940 A1=000371A2 A2=00FFA55A A3=00FFA58A A4=00FFE3FC A5=00000000 A6=00000000 A7=00FF7F60 D0=00000000 D1=0000000B D2=00000000 D3=00000000 D4=00000002 D5=00000000 D6=00000000 D7=00000000 xnZvc
00:D6C0  44 80  NEG.L   D0                       A0=00FFD940 A1=00FFD940 A2=00FFA65A A3=00FFA68A A4=00FFE3F8 A5=00000000 A6=00000000 A7=00FF7F5C D0=FFFFFD80 D1=00000027 D2=0000FD80 D3=00000001 D4=00000005 D5=00000000 D6=00000000 D7=00000000 XNzvc
00:D6C2  E6 88  LSR.L   #3,D0                    A0=00FFD940 A1=00FFD940 A2=00FFA65A A3=00FFA68A A4=00FFE3F8 A5=00000000 A6=00000000 A7=00FF7F5C D0=00000280 D1=00000027 D2=0000FD80 D3=00000001 D4=00000005 D5=00000000 D6=00000000 D7=00000000 XnzvC
00:D6C4  44 80  NEG.L   D0                       A0=00FFD940 A1=00FFD940 A2=00FFA65A A3=00FFA68A A4=00FFE3F8 A5=00000000 A6=00000000 A7=00FF7F5C D0=00000050 D1=00000027 D2=0000FD80 D3=00000001 D4=00000005 D5=00000000 D6=00000000 D7=00000000 xnzvc
00:D6C6  60 02  BRA     #$02 [00:D6CA]           A0=00FFD940 A1=00FFD940 A2=00FFA65A A3=00FFA68A A4=00FFE3F8 A5=00000000 A6=00000000 A7=00FF7F5C D0=FFFFFFB0 D1=00000027 D2=0000FD80 D3=00000001 D4=00000005 D5=00000000 D6=00000000 D7=00000000 XNzvC
00:D6C8  E6 88  LSR.L   #3,D0                    A0=00FFD940 A1=000371A2 A2=00FFA55A A3=00FFA58A A4=00FFE3FC A5=00000000 A6=00000000 A7=00FF7F60 D0=00000000 D1=0000000B D2=00000000 D3=00000000 D4=00000002 D5=00000000 D6=00000000 D7=00000000 xnZvc
00:D6CA  34 00  MOVE.W  D0,D2                    A0=00FFD940 A1=000371A2 A2=00FFA55A A3=00FFA58A A4=00FFE3FC A5=00000000 A6=00000000 A7=00FF7F60 D0=00000000 D1=0000000B D2=00000000 D3=00000000 D4=00000002 D5=00000000 D6=00000000 D7=00000000 xnZvc
00:D6CC  42 43  CLR.W   D3                       A0=00FFD940 A1=000371A2 A2=00FFA55A A3=00FFA58A A4=00FFE3FC A5=00000000 A6=00000000 A7=00FF7F60 D0=00000000 D1=0000000B D2=00000000 D3=00000000 D4=00000002 D5=00000000 D6=00000000 D7=00000000 xnZvc
00:D6CE  60 16  BRA     #$16 [00:D6E6]           A0=00FFD940 A1=000371A2 A2=00FFA55A A3=00FFA58A A4=00FFE3FC A5=00000000 A6=00000000 A7=00FF7F60 D0=00000000 D1=0000000B D2=00000000 D3=00000000 D4=00000002 D5=00000000 D6=00000000 D7=00000000 xnZvc
00:D6D0  30 03  MOVE.W  D3,D0                    A0=00FFD976 A1=000371A2 A2=00FFA55A A3=00FFA58A A4=00FFE3FC A5=00000000 A6=00000000 A7=00FF7F60 D0=00000000 D1=00000000 D2=00000000 D3=00000001 D4=00000002 D5=00000000 D6=00000000 D7=00000000 xNzvC
00:D6D2  48 C0  EXT.L   D0                       A0=00FFD976 A1=000371A2 A2=00FFA55A A3=00FFA58A A4=00FFE3FC A5=00000000 A6=00000000 A7=00FF7F60 D0=00000001 D1=00000000 D2=00000000 D3=00000001 D4=00000002 D5=00000000 D6=00000000 D7=00000000 xnzvc
00:D6D4  32 02  MOVE.W  D2,D1                    A0=00FFD976 A1=000371A2 A2=00FFA55A A3=00FFA58A A4=00FFE3FC A5=00000000 A6=00000000 A7=00FF7F60 D0=00000001 D1=00000000 D2=00000000 D3=00000001 D4=00000002 D5=00000000 D6=00000000 D7=00000000 xnzvc
00:D6D6  48 C1  EXT.L   D1                       A0=00FFD976 A1=000371A2 A2=00FFA55A A3=00FFA58A A4=00FFE3FC A5=00000000 A6=00000000 A7=00FF7F60 D0=00000001 D1=00000000 D2=00000000 D3=00000001 D4=00000002 D5=00000000 D6=00000000 D7=00000000 xnZvc
00:D6D8  D0 81  ADD.L   D1,D0                    A0=00FFD976 A1=000371A2 A2=00FFA55A A3=00FFA58A A4=00FFE3FC A5=00000000 A6=00000000 A7=00FF7F60 D0=00000001 D1=00000000 D2=00000000 D3=00000001 D4=00000002 D5=00000000 D6=00000000 D7=00000000 xnZvc
00:D6DA  20 7C  MOVE.L  #$00FFD976,A0            A0=00FFD976 A1=000371A2 A2=00FFA55A A3=00FFA58A A4=00FFE3FC A5=00000000 A6=00000000 A7=00FF7F60 D0=00000001 D1=00000000 D2=00000000 D3=00000001 D4=00000002 D5=00000000 D6=00000000 D7=00000000 xnzvc
00:D6E0  42 30  CLR.B   $00(A0,D0)               A0=00FFD976 A1=000371A2 A2=00FFA55A A3=00FFA58A A4=00FFE3FC A5=00000000 A6=00000000 A7=00FF7F60 D0=00000001 D1=00000000 D2=00000000 D3=00000001 D4=00000002 D5=00000000 D6=00000000 D7=00000000 xnzvc
00:D6E4  52 43  ADDQ.W  #1,D3                    A0=00FFD976 A1=000371A2 A2=00FFA55A A3=00FFA58A A4=00FFE3FC A5=00000000 A6=00000000 A7=00FF7F60 D0=00000001 D1=00000000 D2=00000000 D3=00000001 D4=00000002 D5=00000000 D6=00000000 D7=00000000 xnZvc
00:D6E6  B6 44  CMP.W   D4,D3                    A0=00FFD976 A1=000371A2 A2=00FFA55A A3=00FFA58A A4=00FFE3FC A5=00000000 A6=00000000 A7=00FF7F60 D0=00000001 D1=00000000 D2=00000000 D3=00000002 D4=00000002 D5=00000000 D6=00000000 D7=00000000 xnzvc
00:D6E8  6D E6  BLT     #$E6 [00:D6D0]           A0=00FFD976 A1=000371A2 A2=00FFA55A A3=00FFA58A A4=00FFE3FC A5=00000000 A6=00000000 A7=00FF7F60 D0=00000001 D1=00000000 D2=00000000 D3=00000002 D4=00000002 D5=00000000 D6=00000000 D7=00000000 xnZvc
00:D6EA  4C DF  MOVEM.L (SP)+,{a7-d0}[00 1c]     A0=00FFD976 A1=000371A2 A2=00FFA55A A3=00FFA58A A4=00FFE3FC A5=00000000 A6=00000000 A7=00FF7F60 D0=00000001 D1=00000000 D2=00000000 D3=00000002 D4=00000002 D5=00000000 D6=00000000 D7=00000000 xnZvc
00:D6EE  4E 75  RTS                              A0=00FFD976 A1=000371A2 A2=00FFA55A A3=00FFA58A A4=00FFE3FC A5=00000000 A6=00000000 A7=00FF7F6C D0=00000001 D1=00000000 D2=00000006 D3=00000000 D4=00000000 D5=00000000 D6=00000000 D7=00000000 xnZvc

00:D756  48 E7  MOVEM.L {d0-a7}[3c 20],-(SP)     A0=00FFA5DA A1=00FFD940 A2=00FFE3F8 A3=00FFE3FC A4=00FF8000 A5=00000000 A6=00000000 A7=00FF7F84 D0=00000380 D1=00000001 D2=000000A0 D3=000000B4 D4=00000000 D5=00000000 D6=00000000 D7=00000000 xnzvc
00:D75A  24 6F  MOVE.L  $0018(SP),A2             A0=00FFA5DA A1=00FFD940 A2=00FFE3F8 A3=00FFE3FC A4=00FF8000 A5=00000000 A6=00000000 A7=00FF7F70 D0=00000380 D1=00000001 D2=000000A0 D3=000000B4 D4=00000000 D5=00000000 D6=00000000 D7=00000000 xnzvc
00:D75E  34 2F  MOVE.W  $001E(SP),D2             A0=00FFA5DA A1=00FFD940 A2=00FFA5DA A3=00FFE3FC A4=00FF8000 A5=00000000 A6=00000000 A7=00FF7F70 D0=00000380 D1=00000001 D2=000000A0 D3=000000B4 D4=00000000 D5=00000000 D6=00000000 D7=00000000 xnzvc
00:D762  70 00  MOVEQ   #$00,D0                  A0=00FFA5DA A1=00FFD940 A2=00FFA5DA A3=00FFE3FC A4=00FF8000 A5=00000000 A6=00000000 A7=00FF7F70 D0=00000380 D1=00000001 D2=00000000 D3=000000B4 D4=00000000 D5=00000000 D6=00000000 D7=00000000 xnZvc
00:D764  10 2A  MOVE.B  $002B(A2),D0             A0=00FFA5DA A1=00FFD940 A2=00FFA5DA A3=00FFE3FC A4=00FF8000 A5=00000000 A6=00000000 A7=00FF7F70 D0=00000000 D1=00000001 D2=00000000 D3=000000B4 D4=00000000 D5=00000000 D6=00000000 D7=00000000 xnZvc
00:D768  3A 00  MOVE.W  D0,D5                    A0=00FFA5DA A1=00FFD940 A2=00FFA5DA A3=00FFE3FC A4=00FF8000 A5=00000000 A6=00000000 A7=00FF7F70 D0=00000048 D1=00000001 D2=00000000 D3=000000B4 D4=00000000 D5=00000000 D6=00000000 D7=00000000 xnzvc
00:D76A  72 00  MOVEQ   #$00,D1                  A0=00FFA5DA A1=00FFD940 A2=00FFA5DA A3=00FFE3FC A4=00FF8000 A5=00000000 A6=00000000 A7=00FF7F70 D0=00000048 D1=00000001 D2=00000000 D3=000000B4 D4=00000000 D5=00000048 D6=00000000 D7=00000000 xnzvc
00:D76C  12 2A  MOVE.B  $002F(A2),D1             A0=00FFA5DA A1=00FFD940 A2=00FFA5DA A3=00FFE3FC A4=00FF8000 A5=00000000 A6=00000000 A7=00FF7F70 D0=00000048 D1=00000000 D2=00000000 D3=000000B4 D4=00000000 D5=00000048 D6=00000000 D7=00000000 xnZvc
00:D770  70 06  MOVEQ   #$06,D0                  A0=00FFA5DA A1=00FFD940 A2=00FFA5DA A3=00FFE3FC A4=00FF8000 A5=00000000 A6=00000000 A7=00FF7F70 D0=00000048 D1=00000001 D2=00000000 D3=000000B4 D4=00000000 D5=00000048 D6=00000000 D7=00000000 xnzvc
00:D772  C2 80  AND.L   D0,D1                    A0=00FFA5DA A1=00FFD940 A2=00FFA5DA A3=00FFE3FC A4=00FF8000 A5=00000000 A6=00000000 A7=00FF7F70 D0=00000006 D1=00000001 D2=00000000 D3=000000B4 D4=00000000 D5=00000048 D6=00000000 D7=00000000 xnzvc
00:D774  66 26  BNE     #$26 [00:D79C]           A0=00FFA5DA A1=00FFD940 A2=00FFA5DA A3=00FFE3FC A4=00FF8000 A5=00000000 A6=00000000 A7=00FF7F70 D0=00000006 D1=00000000 D2=00000000 D3=000000B4 D4=00000000 D5=00000048 D6=00000000 D7=00000000 xnZvc
00:D776  08 2A  BTST    #2,$004D(A2)             A0=00FFA5DA A1=00FFD940 A2=00FFA5DA A3=00FFE3FC A4=00FF8000 A5=00000000 A6=00000000 A7=00FF7F70 D0=00000006 D1=00000000 D2=00000000 D3=000000B4 D4=00000000 D5=00000048 D6=00000000 D7=00000000 xnZvc
00:D77C  66 1E  BNE     #$1E [00:D79C]           A0=00FFA5DA A1=00FFD940 A2=00FFA5DA A3=00FFE3FC A4=00FF8000 A5=00000000 A6=00000000 A7=00FF7F70 D0=00000006 D1=00000000 D2=00000000 D3=000000B4 D4=00000000 D5=00000048 D6=00000000 D7=00000000 xnZvc
00:D77E  30 05  MOVE.W  D5,D0                    A0=00FFA5DA A1=00FFD940 A2=00FFA5DA A3=00FFE3FC A4=00FF8000 A5=00000000 A6=00000000 A7=00FF7F70 D0=00000006 D1=00000000 D2=00000000 D3=000000B4 D4=00000000 D5=00000048 D6=00000000 D7=00000000 xnZvc
00:D780  48 C0  EXT.L   D0                       A0=00FFA5DA A1=00FFD940 A2=00FFA5DA A3=00FFE3FC A4=00FF8000 A5=00000000 A6=00000000 A7=00FF7F70 D0=00000048 D1=00000000 D2=00000000 D3=000000B4 D4=00000000 D5=00000048 D6=00000000 D7=00000000 xnzvc
00:D782  2F 00  MOVE.L  D0,-(SP)                 A0=00FFA5DA A1=00FFD940 A2=00FFA5DA A3=00FFE3FC A4=00FF8000 A5=00000000 A6=00000000 A7=00FF7F70 D0=00000048 D1=00000000 D2=00000000 D3=000000B4 D4=00000000 D5=00000048 D6=00000000 D7=00000000 xnzvc
00:D784  4E BA  JSR     $FE8A(PC)                A0=00FFA5DA A1=00FFD940 A2=00FFA5DA A3=00FFE3FC A4=00FF8000 A5=00000000 A6=00000000 A7=00FF7F6C D0=00000048 D1=00000000 D2=00000000 D3=000000B4 D4=00000000 D5=00000048 D6=00000000 D7=00000000 xnzvc
00:D788  58 8F  ADDQ.L  #4,SP                    A0=00FFD976 A1=00FFD940 A2=00FFA5DA A3=00FFE3FC A4=00FF8000 A5=00000000 A6=00000000 A7=00FF7F6C D0=00000290 D1=0000000A D2=00000000 D3=000000B4 D4=00000000 D5=00000048 D6=00000000 D7=00000000 xnzvc
00:D78A  38 00  MOVE.W  D0,D4                    A0=00FFD976 A1=00FFD940 A2=00FFA5DA A3=00FFE3FC A4=00FF8000 A5=00000000 A6=00000000 A7=00FF7F70 D0=00000290 D1=0000000A D2=00000000 D3=000000B4 D4=00000000 D5=00000048 D6=00000000 D7=00000000 xnzvc
00:D78C  66 02  BNE     #$02 [00:D790]           A0=00FFD976 A1=00FFD940 A2=00FFA5DA A3=00FFE3FC A4=00FF8000 A5=00000000 A6=00000000 A7=00FF7F70 D0=00000290 D1=0000000A D2=00000000 D3=000000B4 D4=00000290 D5=00000048 D6=00000000 D7=00000000 xnzvc
00:D790  02 6A  ANDI.W  #$F800,$002C(A2)         A0=00FFD976 A1=00FFD940 A2=00FFA5DA A3=00FFE3FC A4=00FF8000 A5=00000000 A6=00000000 A7=00FF7F70 D0=00000290 D1=0000000A D2=00000000 D3=000000B4 D4=00000290 D5=00000048 D6=00000000 D7=00000000 xnzvc
00:D796  30 04  MOVE.W  D4,D0                    A0=00FFD976 A1=00FFD940 A2=00FFA5DA A3=00FFE3FC A4=00FF8000 A5=00000000 A6=00000000 A7=00FF7F70 D0=00000290 D1=0000000A D2=00000000 D3=000000B4 D4=00000290 D5=00000048 D6=00000000 D7=00000000 xnZvc
00:D798  81 6A  OR.W    D0;$002C(A2)             A0=00FFD976 A1=00FFD940 A2=00FFA5DA A3=00FFE3FC A4=00FF8000 A5=00000000 A6=00000000 A7=00FF7F70 D0=00000290 D1=0000000A D2=00000000 D3=000000B4 D4=00000290 D5=00000048 D6=00000000 D7=00000000 xnzvc
00:D79C  4A 42  TST.W   D2                       A0=00FFD976 A1=00FFD940 A2=00FFA5DA A3=00FFE3FC A4=00FF8000 A5=00000000 A6=00000000 A7=00FF7F70 D0=00000290 D1=0000000A D2=00000000 D3=000000B4 D4=00000290 D5=00000048 D6=00000000 D7=00000000 xnzvc
00:D79E  66 08  BNE     #$08 [00:D7A8]           A0=00FFD976 A1=00FFD940 A2=00FFA5DA A3=00FFE3FC A4=00FF8000 A5=00000000 A6=00000000 A7=00FF7F70 D0=00000290 D1=0000000A D2=00000000 D3=000000B4 D4=00000290 D5=00000048 D6=00000000 D7=00000000 xnZvc
00:D7A0  76 02  MOVEQ   #$02,D3                  A0=00FFD976 A1=00FFD940 A2=00FFA5DA A3=00FFE3FC A4=00FF8000 A5=00000000 A6=00000000 A7=00FF7F70 D0=00000290 D1=0000000A D2=00000000 D3=000000B4 D4=00000290 D5=00000048 D6=00000000 D7=00000000 xnZvc
00:D7A2  41 EA  LEA     $0030(A2),A0             A0=00FFD976 A1=00FFD940 A2=00FFA5DA A3=00FFE3FC A4=00FF8000 A5=00000000 A6=00000000 A7=00FF7F70 D0=00000290 D1=0000000A D2=00000000 D3=00000002 D4=00000290 D5=00000048 D6=00000000 D7=00000000 xnzvc
00:D7A6  60 06  BRA     #$06 [00:D7AE]           A0=00FFA60A A1=00FFD940 A2=00FFA5DA A3=00FFE3FC A4=00FF8000 A5=00000000 A6=00000000 A7=00FF7F70 D0=00000290 D1=0000000A D2=00000000 D3=00000002 D4=00000290 D5=00000048 D6=00000000 D7=00000000 xnzvc
00:D7AE  2F 08  MOVE.L  A0,-(SP)                 A0=00FFA60A A1=00FFD940 A2=00FFA5DA A3=00FFE3FC A4=00FF8000 A5=00000000 A6=00000000 A7=00FF7F70 D0=00000290 D1=0000000A D2=00000000 D3=00000002 D4=00000290 D5=00000048 D6=00000000 D7=00000000 xnzvc
00:D7B0  48 78  PEA     ($0001)                  A0=00FFA60A A1=00FFD940 A2=00FFA5DA A3=00FFE3FC A4=00FF8000 A5=00000000 A6=00000000 A7=00FF7F6C D0=00000290 D1=0000000A D2=00000000 D3=00000002 D4=00000290 D5=00000048 D6=00000000 D7=00000000 xnzvc
00:D7B4  30 02  MOVE.W  D2,D0                    A0=00FFA60A A1=00FFD940 A2=00FFA5DA A3=00FFE3FC A4=00FF8000 A5=00000000 A6=00000000 A7=00FF7F68 D0=00000290 D1=0000000A D2=00000000 D3=00000002 D4=00000290 D5=00000048 D6=00000000 D7=00000000 xnzvc
00:D7B6  48 C0  EXT.L   D0                       A0=00FFA60A A1=00FFD940 A2=00FFA5DA A3=00FFE3FC A4=00FF8000 A5=00000000 A6=00000000 A7=00FF7F68 D0=00000000 D1=0000000A D2=00000000 D3=00000002 D4=00000290 D5=00000048 D6=00000000 D7=00000000 xnZvc
00:D7B8  2F 00  MOVE.L  D0,-(SP)                 A0=00FFA60A A1=00FFD940 A2=00FFA5DA A3=00FFE3FC A4=00FF8000 A5=00000000 A6=00000000 A7=00FF7F68 D0=00000000 D1=0000000A D2=00000000 D3=00000002 D4=00000290 D5=00000048 D6=00000000 D7=00000000 xnZvc
00:D7BA  70 00  MOVEQ   #$00,D0                  A0=00FFA60A A1=00FFD940 A2=00FFA5DA A3=00FFE3FC A4=00FF8000 A5=00000000 A6=00000000 A7=00FF7F64 D0=00000000 D1=0000000A D2=00000000 D3=00000002 D4=00000290 D5=00000048 D6=00000000 D7=00000000 xnZvc
00:D7BC  10 2A  MOVE.B  $002E(A2),D0             A0=00FFA60A A1=00FFD940 A2=00FFA5DA A3=00FFE3FC A4=00FF8000 A5=00000000 A6=00000000 A7=00FF7F64 D0=00000000 D1=0000000A D2=00000000 D3=00000002 D4=00000290 D5=00000048 D6=00000000 D7=00000000 xnZvc
00:D7C0  2F 00  MOVE.L  D0,-(SP)                 A0=00FFA60A A1=00FFD940 A2=00FFA5DA A3=00FFE3FC A4=00FF8000 A5=00000000 A6=00000000 A7=00FF7F64 D0=00000006 D1=0000000A D2=00000000 D3=00000002 D4=00000290 D5=00000048 D6=00000000 D7=00000000 xnzvc
00:D7C2  4E BA  JSR     $FC22(PC)                A0=00FFA60A A1=00FFD940 A2=00FFA5DA A3=00FFE3FC A4=00FF8000 A5=00000000 A6=00000000 A7=00FF7F60 D0=00000006 D1=0000000A D2=00000000 D3=00000002 D4=00000290 D5=00000048 D6=00000000 D7=00000000 xnzvc
00:D7C6  4F EF  LEA     $0010(SP),A7             A0=00FFA60F A1=00FFD940 A2=00FFA5DA A3=00FFE3FC A4=00FF8000 A5=00000000 A6=00000000 A7=00FF7F60 D0=00000000 D1=00000019 D2=00000000 D3=00000002 D4=00000290 D5=00000048 D6=00000000 D7=00000000 xnZvc
00:D7CA  4A 80  TST.L   D0                       A0=00FFA60F A1=00FFD940 A2=00FFA5DA A3=00FFE3FC A4=00FF8000 A5=00000000 A6=00000000 A7=00FF7F70 D0=00000000 D1=00000019 D2=00000000 D3=00000002 D4=00000290 D5=00000048 D6=00000000 D7=00000000 xnZvc
00:D7CC  66 08  BNE     #$08 [00:D7D6]           A0=00FFA60F A1=00FFD940 A2=00FFA5DA A3=00FFE3FC A4=00FF8000 A5=00000000 A6=00000000 A7=00FF7F70 D0=00000000 D1=00000019 D2=00000000 D3=00000002 D4=00000290 D5=00000048 D6=00000000 D7=00000000 xnZvc
00:D7CE  10 03  MOVE.B  D3,D0                    A0=00FFA60F A1=00FFD940 A2=00FFA5DA A3=00FFE3FC A4=00FF8000 A5=00000000 A6=00000000 A7=00FF7F70 D0=00000000 D1=00000019 D2=00000000 D3=00000002 D4=00000290 D5=00000048 D6=00000000 D7=00000000 xnZvc
00:D7D0  81 2A  OR.B    D0;$002F(A2)             A0=00FFA60F A1=00FFD940 A2=00FFA5DA A3=00FFE3FC A4=00FF8000 A5=00000000 A6=00000000 A7=00FF7F70 D0=00000002 D1=00000019 D2=00000000 D3=00000002 D4=00000290 D5=00000048 D6=00000000 D7=00000000 xnzvc
00:D7D4  60 1E  BRA     #$1E [00:D7F4]           A0=00FFA60F A1=00FFD940 A2=00FFA5DA A3=00FFE3FC A4=00FF8000 A5=00000000 A6=00000000 A7=00FF7F70 D0=00000002 D1=00000019 D2=00000000 D3=00000002 D4=00000290 D5=00000048 D6=00000000 D7=00000000 xnzvc
00:D7F4  4C DF  MOVEM.L (SP)+,{a7-d0}[04 3c]     A0=00FFA60F A1=00FFD940 A2=00FFA5DA A3=00FFE3FC A4=00FF8000 A5=00000000 A6=00000000 A7=00FF7F70 D0=00000002 D1=00000019 D2=00000000 D3=00000002 D4=00000290 D5=00000048 D6=00000000 D7=00000000 xnzvc
00:D7F8  4E 75  RTS                              A0=00FFA60F A1=00FFD940 A2=00FFE3F8 A3=00FFE3FC A4=00FF8000 A5=00000000 A6=00000000 A7=00FF7F84 D0=00000002 D1=00000019 D2=000000A0 D3=000000B4 D4=00000000 D5=00000000 D6=00000000 D7=00000000 xnzvc

00:D7FA  48 E7  MOVEM.L {d0-a7}[00 30],-(SP)     A0=00FFA55A A1=000371A2 A2=00FFA55A A3=00FF8000 A4=00FFE3FC A5=00000000 A6=00000000 A7=00FF7F80 D0=00000300 D1=00000002 D2=00000006 D3=00000000 D4=00000000 D5=00000000 D6=00000000 D7=00000000 xnzvc
00:D7FE  24 6F  MOVE.L  $000C(SP),A2             A0=00FFA55A A1=000371A2 A2=00FFA55A A3=00FF8000 A4=00FFE3FC A5=00000000 A6=00000000 A7=00FF7F78 D0=00000300 D1=00000002 D2=00000006 D3=00000000 D4=00000000 D5=00000000 D6=00000000 D7=00000000 xnzvc
00:D802  30 2F  MOVE.W  $0012(SP),D0             A0=00FFA55A A1=000371A2 A2=00FFA55A A3=00FF8000 A4=00FFE3FC A5=00000000 A6=00000000 A7=00FF7F78 D0=00000300 D1=00000002 D2=00000006 D3=00000000 D4=00000000 D5=00000000 D6=00000000 D7=00000000 xnzvc
00:D806  08 2A  BTST    #0,$002F(A2)             A0=00FFA55A A1=000371A2 A2=00FFA55A A3=00FF8000 A4=00FFE3FC A5=00000000 A6=00000000 A7=00FF7F78 D0=00000000 D1=00000002 D2=00000006 D3=00000000 D4=00000000 D5=00000000 D6=00000000 D7=00000000 xnZvc
00:D80C  66 04  BNE     #$04 [00:D812]           A0=00FFA55A A1=000371A2 A2=00FFA55A A3=00FF8000 A4=00FFE3FC A5=00000000 A6=00000000 A7=00FF7F78 D0=00000000 D1=00000002 D2=00000006 D3=00000000 D4=00000000 D5=00000000 D6=00000000 D7=00000000 xnzvc
00:D812  4A 40  TST.W   D0                       A0=00FFA55A A1=000371A2 A2=00FFA55A A3=00FF8000 A4=00FFE3FC A5=00000000 A6=00000000 A7=00FF7F78 D0=00000000 D1=00000002 D2=00000006 D3=00000000 D4=00000000 D5=00000000 D6=00000000 D7=00000000 xnzvc
00:D814  66 3A  BNE     #$3A [00:D850]           A0=00FFA55A A1=000371A2 A2=00FFA55A A3=00FF8000 A4=00FFE3FC A5=00000000 A6=00000000 A7=00FF7F78 D0=00000000 D1=00000002 D2=00000006 D3=00000000 D4=00000000 D5=00000000 D6=00000000 D7=00000000 xnZvc
00:D816  02 2A  ANDI.B  #$FD,$002F(A2)           A0=00FFA55A A1=000371A2 A2=00FFA55A A3=00FF8000 A4=00FFE3FC A5=00000000 A6=00000000 A7=00FF7F78 D0=00000000 D1=00000002 D2=00000006 D3=00000000 D4=00000000 D5=00000000 D6=00000000 D7=00000000 xnZvc
00:D81C  47 EA  LEA     $0030(A2),A3             A0=00FFA55A A1=000371A2 A2=00FFA55A A3=00FF8000 A4=00FFE3FC A5=00000000 A6=00000000 A7=00FF7F78 D0=00000000 D1=00000002 D2=00000006 D3=00000000 D4=00000000 D5=00000000 D6=00000000 D7=00000000 xnzvc
00:D820  4A 2A  TST.B   $0048(A2)                A0=00FFA55A A1=000371A2 A2=00FFA55A A3=00FFA58A A4=00FFE3FC A5=00000000 A6=00000000 A7=00FF7F78 D0=00000000 D1=00000002 D2=00000006 D3=00000000 D4=00000000 D5=00000000 D6=00000000 D7=00000000 xnzvc
00:D824  67 62  BEQ     #$62 [00:D888]           A0=00FFA55A A1=000371A2 A2=00FFA55A A3=00FFA58A A4=00FFE3FC A5=00000000 A6=00000000 A7=00FF7F78 D0=00000000 D1=00000002 D2=00000006 D3=00000000 D4=00000000 D5=00000000 D6=00000000 D7=00000000 xnZvc
00:D888  2F 0B  MOVE.L  A3,-(SP)                 A0=00FFA55A A1=000371A2 A2=00FFA55A A3=00FFA58A A4=00FFE3FC A5=00000000 A6=00000000 A7=00FF7F78 D0=00000000 D1=00000002 D2=00000006 D3=00000000 D4=00000000 D5=00000000 D6=00000000 D7=00000000 xnZvc
00:D88A  70 00  MOVEQ   #$00,D0                  A0=00FFA55A A1=000371A2 A2=00FFA55A A3=00FFA58A A4=00FFE3FC A5=00000000 A6=00000000 A7=00FF7F74 D0=00000000 D1=00000002 D2=00000006 D3=00000000 D4=00000000 D5=00000000 D6=00000000 D7=00000000 xnzvc
00:D88C  10 2A  MOVE.B  $002E(A2),D0             A0=00FFA55A A1=000371A2 A2=00FFA55A A3=00FFA58A A4=00FFE3FC A5=00000000 A6=00000000 A7=00FF7F74 D0=00000000 D1=00000002 D2=00000006 D3=00000000 D4=00000000 D5=00000000 D6=00000000 D7=00000000 xnZvc
00:D890  2F 00  MOVE.L  D0,-(SP)                 A0=00FFA55A A1=000371A2 A2=00FFA55A A3=00FFA58A A4=00FFE3FC A5=00000000 A6=00000000 A7=00FF7F74 D0=00000002 D1=00000002 D2=00000006 D3=00000000 D4=00000000 D5=00000000 D6=00000000 D7=00000000 xnzvc
00:D892  4E BA  JSR     $FD0C(PC)                A0=00FFA55A A1=000371A2 A2=00FFA55A A3=00FFA58A A4=00FFE3FC A5=00000000 A6=00000000 A7=00FF7F70 D0=00000002 D1=00000002 D2=00000006 D3=00000000 D4=00000000 D5=00000000 D6=00000000 D7=00000000 xnzvc
00:D896  72 00  MOVEQ   #$00,D1                  A0=00FFD940 A1=000371A2 A2=00FFA55A A3=00FFA58A A4=00FFE3FC A5=00000000 A6=00000000 A7=00FF7F70 D0=00000001 D1=00000002 D2=00000006 D3=00000000 D4=00000000 D5=00000000 D6=00000000 D7=00000000 xnZvc
00:D898  12 2A  MOVE.B  $002F(A2),D1             A0=00FFD940 A1=000371A2 A2=00FFA55A A3=00FFA58A A4=00FFE3FC A5=00000000 A6=00000000 A7=00FF7F70 D0=00000001 D1=00000000 D2=00000006 D3=00000000 D4=00000000 D5=00000000 D6=00000000 D7=00000000 xnZvc
00:D89C  70 06  MOVEQ   #$06,D0                  A0=00FFD940 A1=000371A2 A2=00FFA55A A3=00FFA58A A4=00FFE3FC A5=00000000 A6=00000000 A7=00FF7F70 D0=00000001 D1=00000001 D2=00000006 D3=00000000 D4=00000000 D5=00000000 D6=00000000 D7=00000000 xnzvc
00:D89E  C2 80  AND.L   D0,D1                    A0=00FFD940 A1=000371A2 A2=00FFA55A A3=00FFA58A A4=00FFE3FC A5=00000000 A6=00000000 A7=00FF7F70 D0=00000006 D1=00000001 D2=00000006 D3=00000000 D4=00000000 D5=00000000 D6=00000000 D7=00000000 xnzvc
00:D8A0  50 8F  ADDQ.L  #8,SP                    A0=00FFD940 A1=000371A2 A2=00FFA55A A3=00FFA58A A4=00FFE3FC A5=00000000 A6=00000000 A7=00FF7F70 D0=00000006 D1=00000000 D2=00000006 D3=00000000 D4=00000000 D5=00000000 D6=00000000 D7=00000000 xnZvc
00:D8A2  66 28  BNE     #$28 [00:D8CC]           A0=00FFD940 A1=000371A2 A2=00FFA55A A3=00FFA58A A4=00FFE3FC A5=00000000 A6=00000000 A7=00FF7F78 D0=00000006 D1=00000000 D2=00000006 D3=00000000 D4=00000000 D5=00000000 D6=00000000 D7=00000000 xnZvc
00:D8A4  08 2A  BTST    #2,$004D(A2)             A0=00FFD940 A1=000371A2 A2=00FFA55A A3=00FFA58A A4=00FFE3FC A5=00000000 A6=00000000 A7=00FF7F78 D0=00000006 D1=00000000 D2=00000006 D3=00000000 D4=00000000 D5=00000000 D6=00000000 D7=00000000 xnZvc
00:D8AA  66 20  BNE     #$20 [00:D8CC]           A0=00FFD940 A1=000371A2 A2=00FFA55A A3=00FFA58A A4=00FFE3FC A5=00000000 A6=00000000 A7=00FF7F78 D0=00000006 D1=00000000 D2=00000006 D3=00000000 D4=00000000 D5=00000000 D6=00000000 D7=00000000 xnZvc
00:D8AC  70 00  MOVEQ   #$00,D0                  A0=00FFD940 A1=000371A2 A2=00FFA55A A3=00FFA58A A4=00FFE3FC A5=00000000 A6=00000000 A7=00FF7F78 D0=00000006 D1=00000000 D2=00000006 D3=00000000 D4=00000000 D5=00000000 D6=00000000 D7=00000000 xnZvc
00:D8AE  10 2A  MOVE.B  $002B(A2),D0             A0=00FFD940 A1=000371A2 A2=00FFA55A A3=00FFA58A A4=00FFE3FC A5=00000000 A6=00000000 A7=00FF7F78 D0=00000000 D1=00000000 D2=00000006 D3=00000000 D4=00000000 D5=00000000 D6=00000000 D7=00000000 xnZvc
00:D8B2  32 2A  MOVE.W  $002C(A2),D1             A0=00FFD940 A1=000371A2 A2=00FFA55A A3=00FFA58A A4=00FFE3FC A5=00000000 A6=00000000 A7=00FF7F78 D0=0000000C D1=00000000 D2=00000006 D3=00000000 D4=00000000 D5=00000000 D6=00000000 D7=00000000 xnzvc
00:D8B6  02 41  ANDI.W  #$07FF,D1                A0=00FFD940 A1=000371A2 A2=00FFA55A A3=00FFA58A A4=00FFE3FC A5=00000000 A6=00000000 A7=00FF7F78 D0=0000000C D1=00000280 D2=00000006 D3=00000000 D4=00000000 D5=00000000 D6=00000000 D7=00000000 xnzvc
00:D8BA  30 00  MOVE.W  D0,D0                    A0=00FFD940 A1=000371A2 A2=00FFA55A A3=00FFA58A A4=00FFE3FC A5=00000000 A6=00000000 A7=00FF7F78 D0=0000000C D1=00000280 D2=00000006 D3=00000000 D4=00000000 D5=00000000 D6=00000000 D7=00000000 xnzvc
00:D8BC  48 C0  EXT.L   D0                       A0=00FFD940 A1=000371A2 A2=00FFA55A A3=00FFA58A A4=00FFE3FC A5=00000000 A6=00000000 A7=00FF7F78 D0=0000000C D1=00000280 D2=00000006 D3=00000000 D4=00000000 D5=00000000 D6=00000000 D7=00000000 xnzvc
00:D8BE  2F 00  MOVE.L  D0,-(SP)                 A0=00FFD940 A1=000371A2 A2=00FFA55A A3=00FFA58A A4=00FFE3FC A5=00000000 A6=00000000 A7=00FF7F78 D0=0000000C D1=00000280 D2=00000006 D3=00000000 D4=00000000 D5=00000000 D6=00000000 D7=00000000 xnzvc
00:D8C0  32 01  MOVE.W  D1,D1                    A0=00FFD940 A1=000371A2 A2=00FFA55A A3=00FFA58A A4=00FFE3FC A5=00000000 A6=00000000 A7=00FF7F74 D0=0000000C D1=00000280 D2=00000006 D3=00000000 D4=00000000 D5=00000000 D6=00000000 D7=00000000 xnzvc
00:D8C2  48 C1  EXT.L   D1                       A0=00FFD940 A1=000371A2 A2=00FFA55A A3=00FFA58A A4=00FFE3FC A5=00000000 A6=00000000 A7=00FF7F74 D0=0000000C D1=00000280 D2=00000006 D3=00000000 D4=00000000 D5=00000000 D6=00000000 D7=00000000 xnzvc
00:D8C4  2F 01  MOVE.L  D1,-(SP)                 A0=00FFD940 A1=000371A2 A2=00FFA55A A3=00FFA58A A4=00FFE3FC A5=00000000 A6=00000000 A7=00FF7F74 D0=0000000C D1=00000280 D2=00000006 D3=00000000 D4=00000000 D5=00000000 D6=00000000 D7=00000000 xnzvc
00:D8C6  4E BA  JSR     $FDCA(PC)                A0=00FFD940 A1=000371A2 A2=00FFA55A A3=00FFA58A A4=00FFE3FC A5=00000000 A6=00000000 A7=00FF7F70 D0=0000000C D1=00000280 D2=00000006 D3=00000000 D4=00000000 D5=00000000 D6=00000000 D7=00000000 xnzvc
00:D8CA  50 8F  ADDQ.L  #8,SP                    A0=00FFD976 A1=000371A2 A2=00FFA55A A3=00FFA58A A4=00FFE3FC A5=00000000 A6=00000000 A7=00FF7F70 D0=00000001 D1=00000000 D2=00000006 D3=00000000 D4=00000000 D5=00000000 D6=00000000 D7=00000000 xnZvc
00:D8CC  4C DF  MOVEM.L (SP)+,{a7-d0}[0c 00]     A0=00FFD976 A1=000371A2 A2=00FFA55A A3=00FFA58A A4=00FFE3FC A5=00000000 A6=00000000 A7=00FF7F78 D0=00000001 D1=00000000 D2=00000006 D3=00000000 D4=00000000 D5=00000000 D6=00000000 D7=00000000 xnZvc
00:D8D0  4E 75  RTS                              A0=00FFD976 A1=000371A2 A2=00FFA55A A3=00FF8000 A4=00FFE3FC A5=00000000 A6=00000000 A7=00FF7F80 D0=00000001 D1=00000000 D2=00000006 D3=00000000 D4=00000000 D5=00000000 D6=00000000 D7=00000000 xnZvc

00:D8D2  20 6F  MOVE.L  $0004(SP),A0             A0=00FFA25A A1=00FFD940 A2=00FFE3F8 A3=00FFE3FC A4=00FF8000 A5=00000000 A6=00000000 A7=00FF7F80 D0=00000380 D1=00000001 D2=00000007 D3=000000B4 D4=00000000 D5=00000000 D6=00000000 D7=00000000 xnzvc
00:D8D6  42 40  CLR.W   D0                       A0=00FFA5DA A1=00FFD940 A2=00FFE3F8 A3=00FFE3FC A4=00FF8000 A5=00000000 A6=00000000 A7=00FF7F80 D0=00000380 D1=00000001 D2=00000007 D3=000000B4 D4=00000000 D5=00000000 D6=00000000 D7=00000000 xnzvc
00:D8D8  42 58  CLR.W   (A0)+                    A0=00FFA5FA A1=00FFD940 A2=00FFE3F8 A3=00FFE3FC A4=00FF8000 A5=00000000 A6=00000000 A7=00FF7F80 D0=00000010 D1=00000001 D2=00000007 D3=000000B4 D4=00000000 D5=00000000 D6=00000000 D7=00000000 xNzvC
00:D8DA  52 40  ADDQ.W  #1,D0                    A0=00FFA5FC A1=00FFD940 A2=00FFE3F8 A3=00FFE3FC A4=00FF8000 A5=00000000 A6=00000000 A7=00FF7F80 D0=00000010 D1=00000001 D2=00000007 D3=000000B4 D4=00000000 D5=00000000 D6=00000000 D7=00000000 xnZvc
00:D8DC  0C 40  CMPI.W  #$002F,D0                A0=00FFA5FC A1=00FFD940 A2=00FFE3F8 A3=00FFE3FC A4=00FF8000 A5=00000000 A6=00000000 A7=00FF7F80 D0=00000011 D1=00000001 D2=00000007 D3=000000B4 D4=00000000 D5=00000000 D6=00000000 D7=00000000 xnzvc
00:D8E0  6D F6  BLT     #$F6 [00:D8D8]           A0=00FFA5FC A1=00FFD940 A2=00FFE3F8 A3=00FFE3FC A4=00FF8000 A5=00000000 A6=00000000 A7=00FF7F80 D0=00000011 D1=00000001 D2=00000007 D3=000000B4 D4=00000000 D5=00000000 D6=00000000 D7=00000000 xNzvC
00:D8E2  4E 75  RTS                              A0=00FFA638 A1=00FFD940 A2=00FFE3F8 A3=00FFE3FC A4=00FF8000 A5=00000000 A6=00000000 A7=00FF7F80 D0=0000002F D1=00000001 D2=00000007 D3=000000B4 D4=00000000 D5=00000000 D6=00000000 D7=00000000 xnZvc

00:D8E4  2F 02  MOVE.L  D2,-(SP)                 A0=00FFA58B A1=00FFD940 A2=00FFE3F8 A3=00FFE3FC A4=00FF8000 A5=00000000 A6=00000000 A7=00FF7F8C D0=00000002 D1=00000019 D2=000000A0 D3=000000B4 D4=00000000 D5=00000000 D6=00000000 D7=00000000 xnzvc
00:D8E6  0C 39  CMPI.B  #$1A,($00FF912C)         A0=00FFA58B A1=00FFD940 A2=00FFE3F8 A3=00FFE3FC A4=00FF8000 A5=00000000 A6=00000000 A7=00FF7F88 D0=00000002 D1=00000019 D2=000000A0 D3=000000B4 D4=00000000 D5=00000000 D6=00000000 D7=00000000 xnzvc
00:D8EE  66 04  BNE     #$04 [00:D8F4]           A0=00FFA58B A1=00FFD940 A2=00FFE3F8 A3=00FFE3FC A4=00FF8000 A5=00000000 A6=00000000 A7=00FF7F88 D0=00000002 D1=00000019 D2=000000A0 D3=000000B4 D4=00000000 D5=00000000 D6=00000000 D7=00000000 xNzvC
00:D8F4  74 14  MOVEQ   #$14,D2                  A0=00FFA58B A1=00FFD940 A2=00FFE3F8 A3=00FFE3FC A4=00FF8000 A5=00000000 A6=00000000 A7=00FF7F88 D0=00000002 D1=00000019 D2=000000A0 D3=000000B4 D4=00000000 D5=00000000 D6=00000000 D7=00000000 xNzvC
00:D8F6  42 41  CLR.W   D1                       A0=00FFA58B A1=00FFD940 A2=00FFE3F8 A3=00FFE3FC A4=00FF8000 A5=00000000 A6=00000000 A7=00FF7F88 D0=00000002 D1=00000019 D2=00000014 D3=000000B4 D4=00000000 D5=00000000 D6=00000000 D7=00000000 xnzvc
00:D8F8  60 48  BRA     #$48 [00:D942]           A0=00FFA58B A1=00FFD940 A2=00FFE3F8 A3=00FFE3FC A4=00FF8000 A5=00000000 A6=00000000 A7=00FF7F88 D0=00000002 D1=00000000 D2=00000014 D3=000000B4 D4=00000000 D5=00000000 D6=00000000 D7=00000000 xnZvc
00:D8FA  30 01  MOVE.W  D1,D0                    A0=00FFD9C6 A1=00FFD940 A2=00FFE3F8 A3=00FFE3FC A4=00FF8000 A5=00000000 A6=00000000 A7=00FF7F88 D0=00000000 D1=00000001 D2=00000014 D3=000000B4 D4=00000000 D5=00000000 D6=00000000 D7=00000000 xNzvC
00:D8FC  20 7C  MOVE.L  #$00FFD9C6,A0            A0=00FFD9C6 A1=00FFD940 A2=00FFE3F8 A3=00FFE3FC A4=00FF8000 A5=00000000 A6=00000000 A7=00FF7F88 D0=00000001 D1=00000001 D2=00000014 D3=000000B4 D4=00000000 D5=00000000 D6=00000000 D7=00000000 xnzvc
00:D902  4A 30  TST.B   $00(A0,D0)               A0=00FFD9C6 A1=00FFD940 A2=00FFE3F8 A3=00FFE3FC A4=00FF8000 A5=00000000 A6=00000000 A7=00FF7F88 D0=00000001 D1=00000001 D2=00000014 D3=000000B4 D4=00000000 D5=00000000 D6=00000000 D7=00000000 xnzvc
00:D906  66 38  BNE     #$38 [00:D940]           A0=00FFD9C6 A1=00FFD940 A2=00FFE3F8 A3=00FFE3FC A4=00FF8000 A5=00000000 A6=00000000 A7=00FF7F88 D0=00000001 D1=00000001 D2=00000014 D3=000000B4 D4=00000000 D5=00000000 D6=00000000 D7=00000000 xnZvc
00:D908  30 01  MOVE.W  D1,D0                    A0=00FFD9C6 A1=00FFD940 A2=00FFE3F8 A3=00FFE3FC A4=00FF8000 A5=00000000 A6=00000000 A7=00FF7F88 D0=00000001 D1=00000001 D2=00000014 D3=000000B4 D4=00000000 D5=00000000 D6=00000000 D7=00000000 xnZvc
00:D90A  20 7C  MOVE.L  #$00FFD9C6,A0            A0=00FFD9C6 A1=00FFD940 A2=00FFE3F8 A3=00FFE3FC A4=00FF8000 A5=00000000 A6=00000000 A7=00FF7F88 D0=00000001 D1=00000001 D2=00000014 D3=000000B4 D4=00000000 D5=00000000 D6=00000000 D7=00000000 xnzvc
00:D910  11 BC  MOVE.B  #$01,$00(A0,D0)          A0=00FFD9C6 A1=00FFD940 A2=00FFE3F8 A3=00FFE3FC A4=00FF8000 A5=00000000 A6=00000000 A7=00FF7F88 D0=00000001 D1=00000001 D2=00000014 D3=000000B4 D4=00000000 D5=00000000 D6=00000000 D7=00000000 xnzvc
00:D916  34 01  MOVE.W  D1,D2                    A0=00FFD9C6 A1=00FFD940 A2=00FFE3F8 A3=00FFE3FC A4=00FF8000 A5=00000000 A6=00000000 A7=00FF7F88 D0=00000001 D1=00000001 D2=00000014 D3=000000B4 D4=00000000 D5=00000000 D6=00000000 D7=00000000 xnzvc
00:D918  5C 42  ADDQ.W  #6,D2                    A0=00FFD9C6 A1=00FFD940 A2=00FFE3F8 A3=00FFE3FC A4=00FF8000 A5=00000000 A6=00000000 A7=00FF7F88 D0=00000001 D1=00000001 D2=00000001 D3=000000B4 D4=00000000 D5=00000000 D6=00000000 D7=00000000 xnzvc
00:D91A  30 02  MOVE.W  D2,D0                    A0=00FFD9C6 A1=00FFD940 A2=00FFE3F8 A3=00FFE3FC A4=00FF8000 A5=00000000 A6=00000000 A7=00FF7F88 D0=00000001 D1=00000001 D2=00000007 D3=000000B4 D4=00000000 D5=00000000 D6=00000000 D7=00000000 xnzvc
00:D91C  EF 40  ASL.W   #7,D0                    A0=00FFD9C6 A1=00FFD940 A2=00FFE3F8 A3=00FFE3FC A4=00FF8000 A5=00000000 A6=00000000 A7=00FF7F88 D0=00000007 D1=00000001 D2=00000007 D3=000000B4 D4=00000000 D5=00000000 D6=00000000 D7=00000000 xnzvc
00:D91E  20 7C  MOVE.L  #$00FFA25A,A0            A0=00FFD9C6 A1=00FFD940 A2=00FFE3F8 A3=00FFE3FC A4=00FF8000 A5=00000000 A6=00000000 A7=00FF7F88 D0=00000380 D1=00000001 D2=00000007 D3=000000B4 D4=00000000 D5=00000000 D6=00000000 D7=00000000 xnzvc
00:D924  48 70  PEA     $00(A0,D0)               A0=00FFA25A A1=00FFD940 A2=00FFE3F8 A3=00FFE3FC A4=00FF8000 A5=00000000 A6=00000000 A7=00FF7F88 D0=00000380 D1=00000001 D2=00000007 D3=000000B4 D4=00000000 D5=00000000 D6=00000000 D7=00000000 xnzvc
00:D928  4E BA  JSR     $FFA8(PC)                A0=00FFA25A A1=00FFD940 A2=00FFE3F8 A3=00FFE3FC A4=00FF8000 A5=00000000 A6=00000000 A7=00FF7F84 D0=00000380 D1=00000001 D2=00000007 D3=000000B4 D4=00000000 D5=00000000 D6=00000000 D7=00000000 xnzvc
00:D92C  30 02  MOVE.W  D2,D0                    A0=00FFA638 A1=00FFD940 A2=00FFE3F8 A3=00FFE3FC A4=00FF8000 A5=00000000 A6=00000000 A7=00FF7F84 D0=0000002F D1=00000001 D2=00000007 D3=000000B4 D4=00000000 D5=00000000 D6=00000000 D7=00000000 xnZvc
00:D92E  EF 40  ASL.W   #7,D0                    A0=00FFA638 A1=00FFD940 A2=00FFE3F8 A3=00FFE3FC A4=00FF8000 A5=00000000 A6=00000000 A7=00FF7F84 D0=00000007 D1=00000001 D2=00000007 D3=000000B4 D4=00000000 D5=00000000 D6=00000000 D7=00000000 xnzvc
00:D930  20 7C  MOVE.L  #$00FFA25A,A0            A0=00FFA638 A1=00FFD940 A2=00FFE3F8 A3=00FFE3FC A4=00FF8000 A5=00000000 A6=00000000 A7=00FF7F84 D0=00000380 D1=00000001 D2=00000007 D3=000000B4 D4=00000000 D5=00000000 D6=00000000 D7=00000000 xnzvc
00:D936  58 8F  ADDQ.L  #4,SP                    A0=00FFA25A A1=00FFD940 A2=00FFE3F8 A3=00FFE3FC A4=00FF8000 A5=00000000 A6=00000000 A7=00FF7F84 D0=00000380 D1=00000001 D2=00000007 D3=000000B4 D4=00000000 D5=00000000 D6=00000000 D7=00000000 xnzvc
00:D938  11 BC  MOVE.B  #$01,$2F(A0,D0)          A0=00FFA25A A1=00FFD940 A2=00FFE3F8 A3=00FFE3FC A4=00FF8000 A5=00000000 A6=00000000 A7=00FF7F88 D0=00000380 D1=00000001 D2=00000007 D3=000000B4 D4=00000000 D5=00000000 D6=00000000 D7=00000000 xnzvc
00:D93E  60 08  BRA     #$08 [00:D948]           A0=00FFA25A A1=00FFD940 A2=00FFE3F8 A3=00FFE3FC A4=00FF8000 A5=00000000 A6=00000000 A7=00FF7F88 D0=00000380 D1=00000001 D2=00000007 D3=000000B4 D4=00000000 D5=00000000 D6=00000000 D7=00000000 xnzvc
00:D940  52 41  ADDQ.W  #1,D1                    A0=00FFD9C6 A1=00FFD940 A2=00FFE3F8 A3=00FFE3FC A4=00FF8000 A5=00000000 A6=00000000 A7=00FF7F88 D0=00000000 D1=00000000 D2=00000014 D3=000000B4 D4=00000000 D5=00000000 D6=00000000 D7=00000000 xnzvc
00:D942  B2 42  CMP.W   D2,D1                    A0=00FFD9C6 A1=00FFD940 A2=00FFE3F8 A3=00FFE3FC A4=00FF8000 A5=00000000 A6=00000000 A7=00FF7F88 D0=00000000 D1=00000001 D2=00000014 D3=000000B4 D4=00000000 D5=00000000 D6=00000000 D7=00000000 xnzvc
00:D944  6D B4  BLT     #$B4 [00:D8FA]           A0=00FFD9C6 A1=00FFD940 A2=00FFE3F8 A3=00FFE3FC A4=00FF8000 A5=00000000 A6=00000000 A7=00FF7F88 D0=00000000 D1=00000001 D2=00000014 D3=000000B4 D4=00000000 D5=00000000 D6=00000000 D7=00000000 xNzvC
00:D948  30 02  MOVE.W  D2,D0                    A0=00FFA25A A1=00FFD940 A2=00FFE3F8 A3=00FFE3FC A4=00FF8000 A5=00000000 A6=00000000 A7=00FF7F88 D0=00000380 D1=00000001 D2=00000007 D3=000000B4 D4=00000000 D5=00000000 D6=00000000 D7=00000000 xnzvc
00:D94A  48 C0  EXT.L   D0                       A0=00FFA25A A1=00FFD940 A2=00FFE3F8 A3=00FFE3FC A4=00FF8000 A5=00000000 A6=00000000 A7=00FF7F88 D0=00000007 D1=00000001 D2=00000007 D3=000000B4 D4=00000000 D5=00000000 D6=00000000 D7=00000000 xnzvc
00:D94C  24 1F  MOVE.L  (SP)+,D2                 A0=00FFA25A A1=00FFD940 A2=00FFE3F8 A3=00FFE3FC A4=00FF8000 A5=00000000 A6=00000000 A7=00FF7F88 D0=00000007 D1=00000001 D2=00000007 D3=000000B4 D4=00000000 D5=00000000 D6=00000000 D7=00000000 xnzvc
00:D94E  4E 75  RTS                              A0=00FFA25A A1=00FFD940 A2=00FFE3F8 A3=00FFE3FC A4=00FF8000 A5=00000000 A6=00000000 A7=00FF7F8C D0=00000007 D1=00000001 D2=000000A0 D3=000000B4 D4=00000000 D5=00000000 D6=00000000 D7=00000000 xnzvc

00:D950  48 E7  MOVEM.L {d0-a7}[20 20],-(SP)     A0=00FF9364 A1=000371A2 A2=00FFE3D8 A3=00FF8000 A4=00FFE3FC A5=00000000 A6=00000000 A7=00FF7F94 D0=00000006 D1=00000002 D2=0000007F D3=00000000 D4=00000000 D5=00000000 D6=00000000 D7=00000000 xnzvc
00:D954  34 2F  MOVE.W  $000E(SP),D2             A0=00FF9364 A1=000371A2 A2=00FFE3D8 A3=00FF8000 A4=00FFE3FC A5=00000000 A6=00000000 A7=00FF7F8C D0=00000006 D1=00000002 D2=0000007F D3=00000000 D4=00000000 D5=00000000 D6=00000000 D7=00000000 xnzvc
00:D958  0C 42  CMPI.W  #$0001,D2                A0=00FF9364 A1=000371A2 A2=00FFE3D8 A3=00FF8000 A4=00FFE3FC A5=00000000 A6=00000000 A7=00FF7F8C D0=00000006 D1=00000002 D2=00000006 D3=00000000 D4=00000000 D5=00000000 D6=00000000 D7=00000000 xnzvc
00:D95C  6E 02  BGT     #$02 [00:D960]           A0=00FF9364 A1=000371A2 A2=00FFE3D8 A3=00FF8000 A4=00FFE3FC A5=00000000 A6=00000000 A7=00FF7F8C D0=00000006 D1=00000002 D2=00000006 D3=00000000 D4=00000000 D5=00000000 D6=00000000 D7=00000000 xnzvc
00:D960  30 02  MOVE.W  D2,D0                    A0=00FF9364 A1=000371A2 A2=00FFE3D8 A3=00FF8000 A4=00FFE3FC A5=00000000 A6=00000000 A7=00FF7F8C D0=00000006 D1=00000002 D2=00000006 D3=00000000 D4=00000000 D5=00000000 D6=00000000 D7=00000000 xnzvc
00:D962  EF 40  ASL.W   #7,D0                    A0=00FF9364 A1=000371A2 A2=00FFE3D8 A3=00FF8000 A4=00FFE3FC A5=00000000 A6=00000000 A7=00FF7F8C D0=00000006 D1=00000002 D2=00000006 D3=00000000 D4=00000000 D5=00000000 D6=00000000 D7=00000000 xnzvc
00:D964  20 7C  MOVE.L  #$00FFA25A,A0            A0=00FF9364 A1=000371A2 A2=00FFE3D8 A3=00FF8000 A4=00FFE3FC A5=00000000 A6=00000000 A7=00FF7F8C D0=00000300 D1=00000002 D2=00000006 D3=00000000 D4=00000000 D5=00000000 D6=00000000 D7=00000000 xnzvc
00:D96A  D0 C0  ADDA.W  D0,A0                    A0=00FFA25A A1=000371A2 A2=00FFE3D8 A3=00FF8000 A4=00FFE3FC A5=00000000 A6=00000000 A7=00FF7F8C D0=00000300 D1=00000002 D2=00000006 D3=00000000 D4=00000000 D5=00000000 D6=00000000 D7=00000000 xnzvc
00:D96C  24 48  MOVE.L  A0,A2                    A0=00FFA55A A1=000371A2 A2=00FFE3D8 A3=00FF8000 A4=00FFE3FC A5=00000000 A6=00000000 A7=00FF7F8C D0=00000300 D1=00000002 D2=00000006 D3=00000000 D4=00000000 D5=00000000 D6=00000000 D7=00000000 xnzvc
00:D96E  08 2A  BTST    #0,$002F(A2)             A0=00FFA55A A1=000371A2 A2=00FFA55A A3=00FF8000 A4=00FFE3FC A5=00000000 A6=00000000 A7=00FF7F8C D0=00000300 D1=00000002 D2=00000006 D3=00000000 D4=00000000 D5=00000000 D6=00000000 D7=00000000 xnzvc
00:D974  67 40  BEQ     #$40 [00:D9B6]           A0=00FFA55A A1=000371A2 A2=00FFA55A A3=00FF8000 A4=00FFE3FC A5=00000000 A6=00000000 A7=00FF7F8C D0=00000300 D1=00000002 D2=00000006 D3=00000000 D4=00000000 D5=00000000 D6=00000000 D7=00000000 xnzvc
00:D976  08 2A  BTST    #1,$002F(A2)             A0=00FFA55A A1=000371A2 A2=00FFA55A A3=00FF8000 A4=00FFE3FC A5=00000000 A6=00000000 A7=00FF7F8C D0=00000300 D1=00000002 D2=00000006 D3=00000000 D4=00000000 D5=00000000 D6=00000000 D7=00000000 xnzvc
00:D97C  67 0A  BEQ     #$0A [00:D988]           A0=00FFA55A A1=000371A2 A2=00FFA55A A3=00FF8000 A4=00FFE3FC A5=00000000 A6=00000000 A7=00FF7F8C D0=00000300 D1=00000002 D2=00000006 D3=00000000 D4=00000000 D5=00000000 D6=00000000 D7=00000000 xnzvc
00:D97E  42 A7  CLR.L   -(SP)                    A0=00FFA55A A1=000371A2 A2=00FFA55A A3=00FF8000 A4=00FFE3FC A5=00000000 A6=00000000 A7=00FF7F8C D0=00000300 D1=00000002 D2=00000006 D3=00000000 D4=00000000 D5=00000000 D6=00000000 D7=00000000 xnzvc
00:D980  2F 0A  MOVE.L  A2,-(SP)                 A0=00FFA55A A1=000371A2 A2=00FFA55A A3=00FF8000 A4=00FFE3FC A5=00000000 A6=00000000 A7=00FF7F88 D0=00000300 D1=00000002 D2=00000006 D3=00000000 D4=00000000 D5=00000000 D6=00000000 D7=00000000 xnZvc
00:D982  4E BA  JSR     $FE76(PC)                A0=00FFA55A A1=000371A2 A2=00FFA55A A3=00FF8000 A4=00FFE3FC A5=00000000 A6=00000000 A7=00FF7F84 D0=00000300 D1=00000002 D2=00000006 D3=00000000 D4=00000000 D5=00000000 D6=00000000 D7=00000000 xnzvc
00:D986  50 8F  ADDQ.L  #8,SP                    A0=00FFD976 A1=000371A2 A2=00FFA55A A3=00FF8000 A4=00FFE3FC A5=00000000 A6=00000000 A7=00FF7F84 D0=00000001 D1=00000000 D2=00000006 D3=00000000 D4=00000000 D5=00000000 D6=00000000 D7=00000000 xnZvc
00:D988  08 2A  BTST    #2,$002F(A2)             A0=00FFD976 A1=000371A2 A2=00FFA55A A3=00FF8000 A4=00FFE3FC A5=00000000 A6=00000000 A7=00FF7F8C D0=00000001 D1=00000000 D2=00000006 D3=00000000 D4=00000000 D5=00000000 D6=00000000 D7=00000000 xnZvc
00:D98E  67 0C  BEQ     #$0C [00:D99C]           A0=00FFD976 A1=000371A2 A2=00FFA55A A3=00FF8000 A4=00FFE3FC A5=00000000 A6=00000000 A7=00FF7F8C D0=00000001 D1=00000000 D2=00000006 D3=00000000 D4=00000000 D5=00000000 D6=00000000 D7=00000000 xnZvc
00:D99C  42 2A  CLR.B   $002F(A2)                A0=00FFD976 A1=000371A2 A2=00FFA55A A3=00FF8000 A4=00FFE3FC A5=00000000 A6=00000000 A7=00FF7F8C D0=00000001 D1=00000000 D2=00000006 D3=00000000 D4=00000000 D5=00000000 D6=00000000 D7=00000000 xnZvc
00:D9A0  0C 42  CMPI.W  #$0006,D2                A0=00FFD976 A1=000371A2 A2=00FFA55A A3=00FF8000 A4=00FFE3FC A5=00000000 A6=00000000 A7=00FF7F8C D0=00000001 D1=00000000 D2=00000006 D3=00000000 D4=00000000 D5=00000000 D6=00000000 D7=00000000 xnZvc
00:D9A4  6D 10  BLT     #$10 [00:D9B6]           A0=00FFD976 A1=000371A2 A2=00FFA55A A3=00FF8000 A4=00FFE3FC A5=00000000 A6=00000000 A7=00FF7F8C D0=00000001 D1=00000000 D2=00000006 D3=00000000 D4=00000000 D5=00000000 D6=00000000 D7=00000000 xnZvc
00:D9A6  30 02  MOVE.W  D2,D0                    A0=00FFD976 A1=000371A2 A2=00FFA55A A3=00FF8000 A4=00FFE3FC A5=00000000 A6=00000000 A7=00FF7F8C D0=00000001 D1=00000000 D2=00000006 D3=00000000 D4=00000000 D5=00000000 D6=00000000 D7=00000000 xnZvc
00:D9A8  48 C0  EXT.L   D0                       A0=00FFD976 A1=000371A2 A2=00FFA55A A3=00FF8000 A4=00FFE3FC A5=00000000 A6=00000000 A7=00FF7F8C D0=00000006 D1=00000000 D2=00000006 D3=00000000 D4=00000000 D5=00000000 D6=00000000 D7=00000000 xnzvc
00:D9AA  5D 80  SUBQ.L  #6,D0                    A0=00FFD976 A1=000371A2 A2=00FFA55A A3=00FF8000 A4=00FFE3FC A5=00000000 A6=00000000 A7=00FF7F8C D0=00000006 D1=00000000 D2=00000006 D3=00000000 D4=00000000 D5=00000000 D6=00000000 D7=00000000 xnzvc
00:D9AC  20 7C  MOVE.L  #$00FFD9C6,A0            A0=00FFD976 A1=000371A2 A2=00FFA55A A3=00FF8000 A4=00FFE3FC A5=00000000 A6=00000000 A7=00FF7F8C D0=00000000 D1=00000000 D2=00000006 D3=00000000 D4=00000000 D5=00000000 D6=00000000 D7=00000000 xnZvc
00:D9B2  42 30  CLR.B   $00(A0,D0)               A0=00FFD9C6 A1=000371A2 A2=00FFA55A A3=00FF8000 A4=00FFE3FC A5=00000000 A6=00000000 A7=00FF7F8C D0=00000000 D1=00000000 D2=00000006 D3=00000000 D4=00000000 D5=00000000 D6=00000000 D7=00000000 xnZvc
00:D9B6  4C DF  MOVEM.L (SP)+,{a7-d0}[04 04]     A0=00FFD9C6 A1=000371A2 A2=00FFA55A A3=00FF8000 A4=00FFE3FC A5=00000000 A6=00000000 A7=00FF7F8C D0=00000000 D1=00000000 D2=00000006 D3=00000000 D4=00000000 D5=00000000 D6=00000000 D7=00000000 xnZvc
00:D9BA  4E 75  RTS                              A0=00FFD9C6 A1=000371A2 A2=00FFE3D8 A3=00FF8000 A4=00FFE3FC A5=00000000 A6=00000000 A7=00FF7F94 D0=00000000 D1=00000000 D2=0000007F D3=00000000 D4=00000000 D5=00000000 D6=00000000 D7=00000000 xnZvc

000 A6=00000000 A7=00FF7F6C D0=00000081 D1=00000006 D2=00000002 D3=00000003 D4=00000000 D5=00000000 D6=00000000 D7=00000000 xnzvc
000 A7=00FF7F80 D0=00000008 D1=00000008 D2=0002A2BC D3=0000004E D4=00000036 D5=0000000A D6=00000000 D7=00000000 xnzvc
000 D2=00000000 D3=00000000 D4=00000000 D5=00000000 D6=00000000 D7=00000000 xnzvc
000 D3=00000000 D4=00000000 D5=00000000 D6=00000000 D7=00000000 xnZvc
000 D4=00000000 D5=00000000 D6=00000000 D7=00000000 xNzvC
000 D7=00000000 xnZvc
0000 A6=00000000 A7=00FF7EEA D0=00000003 D1=0003D100 D2=00000010 D3=00FFFEEE D4=00000000 D5=00000000 D6=00000000 D7=00000000 xnzvc
0000 D5=00000000 D6=00000000 D7=00000000 xnZvc
0000 D7=00000000 xnzvc
0000 xnzvc
0000 xnZvc
00000 A6=00000000 A7=00FF7F98 D0=00000206 D1=00000580 D2=00000000 D3=00000000 D4=00000000 D5=00000000 D6=00000000 D7=00000000 xNzvc
00000 A7=00FF7F70 D0=00000006 D1=00000400 D2=000306E1 D3=00000002 D4=00000000 D5=00000000 D6=00000000 D7=00000000 xnzvc
00000 D5=00000000 D6=00000000 D7=00000000 xnZvc
00000 D7=00000000 xnzvc
00000 xnzvc
000000 A6=00000000 A7=00FF7FA4 D0=00000070 D1=0000FF3F D2=00000000 D3=00000000 D4=00000000 D5=00000000 D6=00000000 D7=00000000 xnZvc
000000 D3=00000000 D4=00000000 D5=00000000 D6=00000000 D7=00000000 xnzvc
0000000 A7=00FF7F74 D0=00000000 D1=0000FF3F D2=00000000 D3=00000000 D4=00000000 D5=00000000 D6=00000000 D7=00000000 xnzvc
00000000 D1=0000FF3F D2=00000002 D3=00000000 D4=00000000 D5=00000000 D6=00000000 D7=00000000 xnzvc
00000008 D1=00000309 D2=0000092D D3=00FFFEEE D4=00000000 D5=00000000 D6=00000000 D7=00000000 xnzvc
0000004 D4=000001DC D5=00000000 D6=00000000 D7=00000000 xNzvc
000001 D4=00000000 D5=00000000 D6=00000000 D7=00000000 xnzvc
0000013 D5=000000D3 D6=00000000 D7=000000A1 xnzvc
00001 D4=FFFFFFF4 D5=000000F8 D6=00000000 D7=00000000 XnZvc
00001F D6=00000000 D7=00000000 xnzvc
000027 D2=00000000 D3=00000000 D4=00000000 D5=00000000 D6=00000000 D7=00000000 xnZvc
00002B D5=00000000 D6=00000000 D7=00000000 xnzvc
000030D D2=00000DC4 D3=00FFFEEE D4=00000000 D5=00000000 D6=00000000 D7=00000000 Xnzvc
0000A D5=000000B4 D6=00000000 D7=00000000 xnZvc
0001 D4=00000066 D5=00000000 D6=00000000 D7=00000000 xnzvc
0002 D4=00000000 D5=00000000 D6=00000000 D7=00000000 xnzvc
000217A D2=00000000 D3=00000000 D4=00000001 D5=00000000 D6=00000000 D7=00000000 xnZvc
00023 D5=000001D3 D6=00000000 D7=000000A0 xnZvc
00026FDA A5=00000000 A6=00000000 A7=00FF7F98 D0=0000000B D1=00000018 D2=00000003 D3=00000000 D4=00003050 D5=00000000 D6=00000000 D7=00000000 xnzvc
0008C84E A3=00FFE3A0 A4=00026FDA A5=00000000 A6=00000000 A7=00FF7F80 D0=00000000 D1=000002E8 D2=00000001 D3=00000004 D4=000001DC D5=00000000 D6=00000000 D7=00000000 xnZvc
0026FDA A5=00000000 A6=00000000 A7=00FF7F9C D0=0000FFFF D1=00000017 D2=00000000 D3=00000000 D4=00003050 D5=00000000 D6=00000000 D7=00000000 xnZvc
0035 xnzvc
007 D4=00000000 D5=00000000 D6=00000000 D7=00000000 xnzvc
008 D1=0003092D D2=0000092D D3=00FFFEEE D4=00000000 D5=00000000 D6=00000000 D7=00000000 Xnzvc
00CA [00:CE06]         A0=000306E4 A1=00FF8036 A2=00FFA65A A3=00FFE3A0 A4=00FF9364 A5=00000000 A6=00000000 A7=00FF7F6C D0=00000003 D1=000000FE D2=00000003 D3=00000000 D4=00000008 D5=00000000 D6=00000000 D7=00000000 xnZvc
00F5 D3=000000F0 D4=0000001B D5=00000068 D6=00000000 D7=000000A1 xnzvc
00FF7FA4 D0=00000000 D1=0000FF3F D2=00000000 D3=00000000 D4=00000000 D5=00000000 D6=00000000 D7=00000000 xnZvc
00FFFE00 A4=00FFFEEE A5=00000000 A6=00000000 A7=00FF7EFE D0=00000003 D1=0003D100 D2=00000010 D3=00FFFEEE D4=00000000 D5=00000000 D6=00000000 D7=00000000 xnZvc
01:DEA6  2F 02  MOVE.L  D2,-(SP)                 A0=00FFA25A A1=00FF8036 A2=00FFA55A A3=00FFE3A0 A4=00FF9364 A5=00000000 A6=00000000 A7=00FF7F64 D0=00000006 D1=000052EF D2=00000000 D3=00000000 D4=00000006 D5=00000000 D6=00000000 D7=00000000 xnzvc
01:DEA8  32 2F  MOVE.W  $000A(SP),D1             A0=00FFA25A A1=00FF8036 A2=00FFA55A A3=00FFE3A0 A4=00FF9364 A5=00000000 A6=00000000 A7=00FF7F60 D0=00000006 D1=000052EF D2=00000000 D3=00000000 D4=00000006 D5=00000000 D6=00000000 D7=00000000 xnZvc
01:DEAC  0C 41  CMPI.W  #$0006,D1                A0=00FFA25A A1=00FF8036 A2=00FFA55A A3=00FFE3A0 A4=00FF9364 A5=00000000 A6=00000000 A7=00FF7F60 D0=00000006 D1=00000006 D2=00000000 D3=00000000 D4=00000006 D5=00000000 D6=00000000 D7=00000000 xnzvc
01:DEB0  6D 20  BLT     #$20 [01:DED2]           A0=00FFA25A A1=00FF8036 A2=00FFA55A A3=00FFE3A0 A4=00FF9364 A5=00000000 A6=00000000 A7=00FF7F60 D0=00000006 D1=00000006 D2=00000000 D3=00000000 D4=00000006 D5=00000000 D6=00000000 D7=00000000 xnZvc
01:DEB2  42 42  CLR.W   D2                       A0=00FFA25A A1=00FF8036 A2=00FFA55A A3=00FFE3A0 A4=00FF9364 A5=00000000 A6=00000000 A7=00FF7F60 D0=00000006 D1=00000006 D2=00000000 D3=00000000 D4=00000006 D5=00000000 D6=00000000 D7=00000000 xnZvc
01:DEB4  30 02  MOVE.W  D2,D0                    A0=00FFE1EE A1=00FF8036 A2=00FFA55A A3=00FFE3A0 A4=00FF9364 A5=00000000 A6=00000000 A7=00FF7F60 D0=00000000 D1=00000006 D2=00000003 D3=00000000 D4=00000006 D5=00000000 D6=00000000 D7=00000000 xNzvC
01:DEB6  20 7C  MOVE.L  #$00FFE1EE,A0            A0=00FFE1EE A1=00FF8036 A2=00FFA55A A3=00FFE3A0 A4=00FF9364 A5=00000000 A6=00000000 A7=00FF7F60 D0=00000003 D1=00000006 D2=00000003 D3=00000000 D4=00000006 D5=00000000 D6=00000000 D7=00000000 xnzvc
01:DEBC  10 30  MOVE.B  $00(A0,D0),D0            A0=00FFE1EE A1=00FF8036 A2=00FFA55A A3=00FFE3A0 A4=00FF9364 A5=00000000 A6=00000000 A7=00FF7F60 D0=00000003 D1=00000006 D2=00000003 D3=00000000 D4=00000006 D5=00000000 D6=00000000 D7=00000000 xnzvc
01:DEC0  48 80  EXT.W   D0                       A0=00FFE1EE A1=00FF8036 A2=00FFA55A A3=00FFE3A0 A4=00FF9364 A5=00000000 A6=00000000 A7=00FF7F60 D0=00000000 D1=00000006 D2=00000003 D3=00000000 D4=00000006 D5=00000000 D6=00000000 D7=00000000 xnZvc
01:DEC2  B0 41  CMP.W   D1,D0                    A0=00FFE1EE A1=00FF8036 A2=00FFA55A A3=00FFE3A0 A4=00FF9364 A5=00000000 A6=00000000 A7=00FF7F60 D0=00000000 D1=00000006 D2=00000003 D3=00000000 D4=00000006 D5=00000000 D6=00000000 D7=00000000 xnZvc
01:DEC4  66 04  BNE     #$04 [01:DECA]           A0=00FFE1EE A1=00FF8036 A2=00FFA55A A3=00FFE3A0 A4=00FF9364 A5=00000000 A6=00000000 A7=00FF7F60 D0=00000000 D1=00000006 D2=00000003 D3=00000000 D4=00000006 D5=00000000 D6=00000000 D7=00000000 xNzvC
01:DECA  52 42  ADDQ.W  #1,D2                    A0=00FFE1EE A1=00FF8036 A2=00FFA55A A3=00FFE3A0 A4=00FF9364 A5=00000000 A6=00000000 A7=00FF7F60 D0=00000000 D1=00000006 D2=00000003 D3=00000000 D4=00000006 D5=00000000 D6=00000000 D7=00000000 xNzvC
01:DECC  0C 42  CMPI.W  #$0004,D2                A0=00FFE1EE A1=00FF8036 A2=00FFA55A A3=00FFE3A0 A4=00FF9364 A5=00000000 A6=00000000 A7=00FF7F60 D0=00000000 D1=00000006 D2=00000004 D3=00000000 D4=00000006 D5=00000000 D6=00000000 D7=00000000 xnzvc
01:DED0  6D E2  BLT     #$E2 [01:DEB4]           A0=00FFE1EE A1=00FF8036 A2=00FFA55A A3=00FFE3A0 A4=00FF9364 A5=00000000 A6=00000000 A7=00FF7F60 D0=00000000 D1=00000006 D2=00000004 D3=00000000 D4=00000006 D5=00000000 D6=00000000 D7=00000000 xnZvc
01:DED2  70 00  MOVEQ   #$00,D0                  A0=00FFE1EE A1=00FF8036 A2=00FFA55A A3=00FFE3A0 A4=00FF9364 A5=00000000 A6=00000000 A7=00FF7F60 D0=00000000 D1=00000006 D2=00000004 D3=00000000 D4=00000006 D5=00000000 D6=00000000 D7=00000000 xnZvc
01:DED4  24 1F  MOVE.L  (SP)+,D2                 A0=00FFE1EE A1=00FF8036 A2=00FFA55A A3=00FFE3A0 A4=00FF9364 A5=00000000 A6=00000000 A7=00FF7F60 D0=00000000 D1=00000006 D2=00000004 D3=00000000 D4=00000006 D5=00000000 D6=00000000 D7=00000000 xnZvc
01:DED6  4E 75  RTS                              A0=00FFE1EE A1=00FF8036 A2=00FFA55A A3=00FFE3A0 A4=00FF9364 A5=00000000 A6=00000000 A7=00FF7F64 D0=00000000 D1=00000006 D2=00000000 D3=00000000 D4=00000006 D5=00000000 D6=00000000 D7=00000000 xnZvc

02:5900  48 E7  MOVEM.L {d0-a7}[38 00],-(SP)     A0=00037194 A1=000371A2 A2=00FFB65A A3=00FFE3A0 A4=00FFE3FC A5=00000000 A6=00000000 A7=00FF7F58 D0=00000000 D1=00000000 D2=00000000 D3=00000000 D4=00000000 D5=00000000 D6=00000000 D7=00000000 xnzvc
02:5904  26 2F  MOVE.L  $0010(SP),D3             A0=00037194 A1=000371A2 A2=00FFB65A A3=00FFE3A0 A4=00FFE3FC A5=00000000 A6=00000000 A7=00FF7F4C D0=00000000 D1=00000000 D2=00000000 D3=00000000 D4=00000000 D5=00000000 D6=00000000 D7=00000000 xnzvc
02:5908  24 2F  MOVE.L  $0014(SP),D2             A0=00037194 A1=000371A2 A2=00FFB65A A3=00FFE3A0 A4=00FFE3FC A5=00000000 A6=00000000 A7=00FF7F4C D0=00000000 D1=00000000 D2=00000000 D3=00FFB65A D4=00000000 D5=00000000 D6=00000000 D7=00000000 xnzvc
02:590C  28 2F  MOVE.L  $0018(SP),D4             A0=00037194 A1=000371A2 A2=00FFB65A A3=00FFE3A0 A4=00FFE3FC A5=00000000 A6=00000000 A7=00FF7F4C D0=00000000 D1=00000000 D2=0000F800 D3=00FFB65A D4=00000000 D5=00000000 D6=00000000 D7=00000000 xnzvc
02:5910  70 00  MOVEQ   #$00,D0                  A0=00037194 A1=000371A2 A2=00FFB65A A3=00FFE3A0 A4=00FFE3FC A5=00000000 A6=00000000 A7=00FF7F4C D0=00000000 D1=00000000 D2=0000F800 D3=00FFB65A D4=00000140 D5=00000000 D6=00000000 D7=00000000 xnzvc
02:5912  10 39  MOVE.B  ($00FF8000),D0           A0=00037194 A1=000371A2 A2=00FFB65A A3=00FFE3A0 A4=00FFE3FC A5=00000000 A6=00000000 A7=00FF7F4C D0=00000000 D1=00000000 D2=0000F800 D3=00FFB65A D4=00000140 D5=00000000 D6=00000000 D7=00000000 xnZvc
02:5918  72 10  MOVEQ   #$10,D1                  A0=00037194 A1=000371A2 A2=00FFB65A A3=00FFE3A0 A4=00FFE3FC A5=00000000 A6=00000000 A7=00FF7F4C D0=00000060 D1=00000000 D2=0000F800 D3=00FFB65A D4=00000140 D5=00000000 D6=00000000 D7=00000000 xnzvc
02:591A  80 81  OR.L    D1,D0                    A0=00037194 A1=000371A2 A2=00FFB65A A3=00FFE3A0 A4=00FFE3FC A5=00000000 A6=00000000 A7=00FF7F4C D0=00000060 D1=00000010 D2=0000F800 D3=00FFB65A D4=00000140 D5=00000000 D6=00000000 D7=00000000 xnzvc
02:591C  06 80  ADDI.L  #$00008104,D0            A0=00037194 A1=000371A2 A2=00FFB65A A3=00FFE3A0 A4=00FFE3FC A5=00000000 A6=00000000 A7=00FF7F4C D0=00000070 D1=00000010 D2=0000F800 D3=00FFB65A D4=00000140 D5=00000000 D6=00000000 D7=00000000 xnzvc
02:5922  33 C0  MOVE.W  D0,($00C00004)           A0=00037194 A1=000371A2 A2=00FFB65A A3=00FFE3A0 A4=00FFE3FC A5=00000000 A6=00000000 A7=00FF7F4C D0=00008174 D1=00000010 D2=0000F800 D3=00FFB65A D4=00000140 D5=00000000 D6=00000000 D7=00000000 xnzvc
02:5928  20 04  MOVE.L  D4,D0                    A0=00037194 A1=000371A2 A2=00FFB65A A3=00FFE3A0 A4=00FFE3FC A5=00000000 A6=00000000 A7=00FF7F4C D0=00008174 D1=00000010 D2=0000F800 D3=00FFB65A D4=00000140 D5=00000000 D6=00000000 D7=00000000 xNzvc
02:592A  02 80  ANDI.L  #$000000FF,D0            A0=00037194 A1=000371A2 A2=00FFB65A A3=00FFE3A0 A4=00FFE3FC A5=00000000 A6=00000000 A7=00FF7F4C D0=00000140 D1=00000010 D2=0000F800 D3=00FFB65A D4=00000140 D5=00000000 D6=00000000 D7=00000000 xnzvc
02:5930  06 80  ADDI.L  #$00009300,D0            A0=00037194 A1=000371A2 A2=00FFB65A A3=00FFE3A0 A4=00FFE3FC A5=00000000 A6=00000000 A7=00FF7F4C D0=00000040 D1=00000010 D2=0000F800 D3=00FFB65A D4=00000140 D5=00000000 D6=00000000 D7=00000000 xnzvc
02:5936  33 C0  MOVE.W  D0,($00C00004)           A0=00037194 A1=000371A2 A2=00FFB65A A3=00FFE3A0 A4=00FFE3FC A5=00000000 A6=00000000 A7=00FF7F4C D0=00009340 D1=00000010 D2=0000F800 D3=00FFB65A D4=00000140 D5=00000000 D6=00000000 D7=00000000 xnzvc
02:593C  20 04  MOVE.L  D4,D0                    A0=00037194 A1=000371A2 A2=00FFB65A A3=00FFE3A0 A4=00FFE3FC A5=00000000 A6=00000000 A7=00FF7F4C D0=00009340 D1=00000010 D2=0000F800 D3=00FFB65A D4=00000140 D5=00000000 D6=00000000 D7=00000000 xNzvc
02:593E  E0 80  ASR.L   #8,D0                    A0=00037194 A1=000371A2 A2=00FFB65A A3=00FFE3A0 A4=00FFE3FC A5=00000000 A6=00000000 A7=00FF7F4C D0=00000140 D1=00000010 D2=0000F800 D3=00FFB65A D4=00000140 D5=00000000 D6=00000000 D7=00000000 xnzvc
02:5940  02 80  ANDI.L  #$000000FF,D0            A0=00037194 A1=000371A2 A2=00FFB65A A3=00FFE3A0 A4=00FFE3FC A5=00000000 A6=00000000 A7=00FF7F4C D0=00000001 D1=00000010 D2=0000F800 D3=00FFB65A D4=00000140 D5=00000000 D6=00000000 D7=00000000 xnzvc
02:5946  06 80  ADDI.L  #$00009400,D0            A0=00037194 A1=000371A2 A2=00FFB65A A3=00FFE3A0 A4=00FFE3FC A5=00000000 A6=00000000 A7=00FF7F4C D0=00000001 D1=00000010 D2=0000F800 D3=00FFB65A D4=00000140 D5=00000000 D6=00000000 D7=00000000 xnzvc
02:594C  33 C0  MOVE.W  D0,($00C00004)           A0=00037194 A1=000371A2 A2=00FFB65A A3=00FFE3A0 A4=00FFE3FC A5=00000000 A6=00000000 A7=00FF7F4C D0=00009401 D1=00000010 D2=0000F800 D3=00FFB65A D4=00000140 D5=00000000 D6=00000000 D7=00000000 xnzvc
02:5952  20 03  MOVE.L  D3,D0                    A0=00037194 A1=000371A2 A2=00FFB65A A3=00FFE3A0 A4=00FFE3FC A5=00000000 A6=00000000 A7=00FF7F4C D0=00009401 D1=00000010 D2=0000F800 D3=00FFB65A D4=00000140 D5=00000000 D6=00000000 D7=00000000 xNzvc
02:5954  E2 80  ASR.L   #1,D0                    A0=00037194 A1=000371A2 A2=00FFB65A A3=00FFE3A0 A4=00FFE3FC A5=00000000 A6=00000000 A7=00FF7F4C D0=00FFB65A D1=00000010 D2=0000F800 D3=00FFB65A D4=00000140 D5=00000000 D6=00000000 D7=00000000 xnzvc
02:5956  02 80  ANDI.L  #$000000FF,D0            A0=00037194 A1=000371A2 A2=00FFB65A A3=00FFE3A0 A4=00FFE3FC A5=00000000 A6=00000000 A7=00FF7F4C D0=007FDB2D D1=00000010 D2=0000F800 D3=00FFB65A D4=00000140 D5=00000000 D6=00000000 D7=00000000 xnzvc
02:595C  06 80  ADDI.L  #$00009500,D0            A0=00037194 A1=000371A2 A2=00FFB65A A3=00FFE3A0 A4=00FFE3FC A5=00000000 A6=00000000 A7=00FF7F4C D0=0000002D D1=00000010 D2=0000F800 D3=00FFB65A D4=00000140 D5=00000000 D6=00000000 D7=00000000 xnzvc
02:5962  33 C0  MOVE.W  D0,($00C00004)           A0=00037194 A1=000371A2 A2=00FFB65A A3=00FFE3A0 A4=00FFE3FC A5=00000000 A6=00000000 A7=00FF7F4C D0=0000952D D1=00000010 D2=0000F800 D3=00FFB65A D4=00000140 D5=00000000 D6=00000000 D7=00000000 xnzvc
02:5968  20 03  MOVE.L  D3,D0                    A0=00037194 A1=000371A2 A2=00FFB65A A3=00FFE3A0 A4=00FFE3FC A5=00000000 A6=00000000 A7=00FF7F4C D0=0000952D D1=00000010 D2=0000F800 D3=00FFB65A D4=00000140 D5=00000000 D6=00000000 D7=00000000 xNzvc
02:596A  72 09  MOVEQ   #$09,D1                  A0=00037194 A1=000371A2 A2=00FFB65A A3=00FFE3A0 A4=00FFE3FC A5=00000000 A6=00000000 A7=00FF7F4C D0=00FFB65A D1=00000010 D2=0000F800 D3=00FFB65A D4=00000140 D5=00000000 D6=00000000 D7=00000000 xnzvc
02:596C  E2 A0  ASR.L   D1,D0                    A0=00037194 A1=000371A2 A2=00FFB65A A3=00FFE3A0 A4=00FFE3FC A5=00000000 A6=00000000 A7=00FF7F4C D0=00FFB65A D1=00000009 D2=0000F800 D3=00FFB65A D4=00000140 D5=00000000 D6=00000000 D7=00000000 xnzvc
02:596E  02 80  ANDI.L  #$000000FF,D0            A0=00037194 A1=000371A2 A2=00FFB65A A3=00FFE3A0 A4=00FFE3FC A5=00000000 A6=00000000 A7=00FF7F4C D0=00007FDB D1=00000009 D2=0000F800 D3=00FFB65A D4=00000140 D5=00000000 D6=00000000 D7=00000000 xnzvc
02:5974  06 80  ADDI.L  #$00009600,D0            A0=00037194 A1=000371A2 A2=00FFB65A A3=00FFE3A0 A4=00FFE3FC A5=00000000 A6=00000000 A7=00FF7F4C D0=000000DB D1=00000009 D2=0000F800 D3=00FFB65A D4=00000140 D5=00000000 D6=00000000 D7=00000000 xnzvc
02:597A  33 C0  MOVE.W  D0,($00C00004)           A0=00037194 A1=000371A2 A2=00FFB65A A3=00FFE3A0 A4=00FFE3FC A5=00000000 A6=00000000 A7=00FF7F4C D0=000096DB D1=00000009 D2=0000F800 D3=00FFB65A D4=00000140 D5=00000000 D6=00000000 D7=00000000 xnzvc
02:5980  20 03  MOVE.L  D3,D0                    A0=00037194 A1=000371A2 A2=00FFB65A A3=00FFE3A0 A4=00FFE3FC A5=00000000 A6=00000000 A7=00FF7F4C D0=000096DB D1=00000009 D2=0000F800 D3=00FFB65A D4=00000140 D5=00000000 D6=00000000 D7=00000000 xNzvc
02:5982  72 11  MOVEQ   #$11,D1                  A0=00037194 A1=000371A2 A2=00FFB65A A3=00FFE3A0 A4=00FFE3FC A5=00000000 A6=00000000 A7=00FF7F4C D0=00FFB65A D1=00000009 D2=0000F800 D3=00FFB65A D4=00000140 D5=00000000 D6=00000000 D7=00000000 xnzvc
02:5984  E2 A0  ASR.L   D1,D0                    A0=00037194 A1=000371A2 A2=00FFB65A A3=00FFE3A0 A4=00FFE3FC A5=00000000 A6=00000000 A7=00FF7F4C D0=00FFB65A D1=00000011 D2=0000F800 D3=00FFB65A D4=00000140 D5=00000000 D6=00000000 D7=00000000 xnzvc
02:5986  72 7F  MOVEQ   #$7F,D1                  A0=00037194 A1=000371A2 A2=00FFB65A A3=00FFE3A0 A4=00FFE3FC A5=00000000 A6=00000000 A7=00FF7F4C D0=0000007F D1=00000011 D2=0000F800 D3=00FFB65A D4=00000140 D5=00000000 D6=00000000 D7=00000000 XnzvC
02:5988  C0 81  AND.L   D1,D0                    A0=00037194 A1=000371A2 A2=00FFB65A A3=00FFE3A0 A4=00FFE3FC A5=00000000 A6=00000000 A7=00FF7F4C D0=0000007F D1=0000007F D2=0000F800 D3=00FFB65A D4=00000140 D5=00000000 D6=00000000 D7=00000000 Xnzvc
02:598A  06 80  ADDI.L  #$00009700,D0            A0=00037194 A1=000371A2 A2=00FFB65A A3=00FFE3A0 A4=00FFE3FC A5=00000000 A6=00000000 A7=00FF7F4C D0=0000007F D1=0000007F D2=0000F800 D3=00FFB65A D4=00000140 D5=00000000 D6=00000000 D7=00000000 Xnzvc
02:5990  33 C0  MOVE.W  D0,($00C00004)           A0=00037194 A1=000371A2 A2=00FFB65A A3=00FFE3A0 A4=00FFE3FC A5=00000000 A6=00000000 A7=00FF7F4C D0=0000977F D1=0000007F D2=0000F800 D3=00FFB65A D4=00000140 D5=00000000 D6=00000000 D7=00000000 xnzvc
02:5996  20 02  MOVE.L  D2,D0                    A0=00037194 A1=000371A2 A2=00FFB65A A3=00FFE3A0 A4=00FFE3FC A5=00000000 A6=00000000 A7=00FF7F4C D0=0000977F D1=0000007F D2=0000F800 D3=00FFB65A D4=00000140 D5=00000000 D6=00000000 D7=00000000 xNzvc
02:5998  02 80  ANDI.L  #$0000C000,D0            A0=00037194 A1=000371A2 A2=00FFB65A A3=00FFE3A0 A4=00FFE3FC A5=00000000 A6=00000000 A7=00FF7F4C D0=0000F800 D1=0000007F D2=0000F800 D3=00FFB65A D4=00000140 D5=00000000 D6=00000000 D7=00000000 xnzvc
02:599E  72 0E  MOVEQ   #$0E,D1                  A0=00037194 A1=000371A2 A2=00FFB65A A3=00FFE3A0 A4=00FFE3FC A5=00000000 A6=00000000 A7=00FF7F4C D0=0000C000 D1=0000007F D2=0000F800 D3=00FFB65A D4=00000140 D5=00000000 D6=00000000 D7=00000000 xnzvc
02:59A0  E2 A0  ASR.L   D1,D0                    A0=00037194 A1=000371A2 A2=00FFB65A A3=00FFE3A0 A4=00FFE3FC A5=00000000 A6=00000000 A7=00FF7F4C D0=0000C000 D1=0000000E D2=0000F800 D3=00FFB65A D4=00000140 D5=00000000 D6=00000000 D7=00000000 xnzvc
02:59A2  22 02  MOVE.L  D2,D1                    A0=00037194 A1=000371A2 A2=00FFB65A A3=00FFE3A0 A4=00FFE3FC A5=00000000 A6=00000000 A7=00FF7F4C D0=00000003 D1=0000000E D2=0000F800 D3=00FFB65A D4=00000140 D5=00000000 D6=00000000 D7=00000000 xnzvc
02:59A4  02 81  ANDI.L  #$00003FFF,D1            A0=00037194 A1=000371A2 A2=00FFB65A A3=00FFE3A0 A4=00FFE3FC A5=00000000 A6=00000000 A7=00FF7F4C D0=00000003 D1=0000F800 D2=0000F800 D3=00FFB65A D4=00000140 D5=00000000 D6=00000000 D7=00000000 xnzvc
02:59AA  74 10  MOVEQ   #$10,D2                  A0=00037194 A1=000371A2 A2=00FFB65A A3=00FFE3A0 A4=00FFE3FC A5=00000000 A6=00000000 A7=00FF7F4C D0=00000003 D1=00003800 D2=0000F800 D3=00FFB65A D4=00000140 D5=00000000 D6=00000000 D7=00000000 xnzvc
02:59AC  E5 A1  ASL.L   D2,D1                    A0=00037194 A1=000371A2 A2=00FFB65A A3=00FFE3A0 A4=00FFE3FC A5=00000000 A6=00000000 A7=00FF7F4C D0=00000003 D1=00003800 D2=00000010 D3=00FFB65A D4=00000140 D5=00000000 D6=00000000 D7=00000000 xnzvc
02:59AE  06 81  ADDI.L  #$40000080,D1            A0=00037194 A1=000371A2 A2=00FFB65A A3=00FFE3A0 A4=00FFE3FC A5=00000000 A6=00000000 A7=00FF7F4C D0=00000003 D1=38000000 D2=00000010 D3=00FFB65A D4=00000140 D5=00000000 D6=00000000 D7=00000000 xnzvc
02:59B4  D0 81  ADD.L   D1,D0                    A0=00037194 A1=000371A2 A2=00FFB65A A3=00FFE3A0 A4=00FFE3FC A5=00000000 A6=00000000 A7=00FF7F4C D0=00000003 D1=78000080 D2=00000010 D3=00FFB65A D4=00000140 D5=00000000 D6=00000000 D7=00000000 xnzvc
02:59B6  23 C0  MOVE.L  D0,($00FFE398)           A0=00037194 A1=000371A2 A2=00FFB65A A3=00FFE3A0 A4=00FFE3FC A5=00000000 A6=00000000 A7=00FF7F4C D0=78000083 D1=78000080 D2=00000010 D3=00FFB65A D4=00000140 D5=00000000 D6=00000000 D7=00000000 xnzvc
02:59BC  33 F9  MOVE.W  ($00FFE398),($00C00004)  A0=00037194 A1=000371A2 A2=00FFB65A A3=00FFE3A0 A4=00FFE3FC A5=00000000 A6=00000000 A7=00FF7F4C D0=78000083 D1=78000080 D2=00000010 D3=00FFB65A D4=00000140 D5=00000000 D6=00000000 D7=00000000 xnzvc
02:59C6  4E 71  NOP                              A0=00037194 A1=000371A2 A2=00FFB65A A3=00FFE3A0 A4=00FFE3FC A5=00000000 A6=00000000 A7=00FF7F4C D0=78000083 D1=78000080 D2=00000010 D3=00FFB65A D4=00000140 D5=00000000 D6=00000000 D7=00000000 xnzvc
02:59C8  33 F9  MOVE.W  ($00FFE39A),($00C00004)  A0=00037194 A1=000371A2 A2=00FFB65A A3=00FFE3A0 A4=00FFE3FC A5=00000000 A6=00000000 A7=00FF7F4C D0=78000083 D1=78000080 D2=00000010 D3=00FFB65A D4=00000140 D5=00000000 D6=00000000 D7=00000000 xnzvc
02:59D2  4E 71  NOP                              A0=00037194 A1=000371A2 A2=00FFB65A A3=00FFE3A0 A4=00FFE3FC A5=00000000 A6=00000000 A7=00FF7F4C D0=78000083 D1=78000080 D2=00000010 D3=00FFB65A D4=00000140 D5=00000000 D6=00000000 D7=00000000 xnzvc
02:59D4  4C DF  MOVEM.L (SP)+,{a7-d0}[00 1c]     A0=00037194 A1=000371A2 A2=00FFB65A A3=00FFE3A0 A4=00FFE3FC A5=00000000 A6=00000000 A7=00FF7F4C D0=78000083 D1=78000080 D2=00000010 D3=00FFB65A D4=00000140 D5=00000000 D6=00000000 D7=00000000 xnzvc
02:59D8  4E 75  RTS                              A0=00037194 A1=000371A2 A2=00FFB65A A3=00FFE3A0 A4=00FFE3FC A5=00000000 A6=00000000 A7=00FF7F58 D0=78000083 D1=78000080 D2=00000000 D3=00000000 D4=00000000 D5=00000000 D6=00000000 D7=00000000 xnzvc

02:59DA  4E 56  LINK    A6,#$FFFC                A0=0008F9C0 A1=0008F931 A2=0008F99E A3=00FFE3A0 A4=00FFE3FC A5=00000000 A6=00000000 A7=00FF7F68 D0=00000081 D1=00000006 D2=00000001 D3=00000003 D4=00000000 D5=00000000 D6=00000000 D7=00000000 xnzvc
02:59DE  48 E7  MOVEM.L {d0-a7}[3e 20],-(SP)     A0=0008F9C0 A1=0008F931 A2=0008F99E A3=00FFE3A0 A4=00FFE3FC A5=00000000 A6=00FF7F64 A7=00FF7F60 D0=00000081 D1=00000006 D2=00000001 D3=00000003 D4=00000000 D5=00000000 D6=00000000 D7=00000000 xnzvc
02:59E2  20 6E  MOVE.L  $0008(A6),A0             A0=0008F9C0 A1=0008F931 A2=0008F99E A3=00FFE3A0 A4=00FFE3FC A5=00000000 A6=00FF7F64 A7=00FF7F48 D0=00000081 D1=00000006 D2=00000001 D3=00000003 D4=00000000 D5=00000000 D6=00000000 D7=00000000 xnzvc
02:59E6  34 2E  MOVE.W  $000E(A6),D2             A0=0008F9C0 A1=0008F931 A2=0008F99E A3=00FFE3A0 A4=00FFE3FC A5=00000000 A6=00FF7F64 A7=00FF7F48 D0=00000081 D1=00000006 D2=00000001 D3=00000003 D4=00000000 D5=00000000 D6=00000000 D7=00000000 xnzvc
02:59EA  E7 42  ASL.W   #3,D2                    A0=0008F9C0 A1=0008F931 A2=0008F99E A3=00FFE3A0 A4=00FFE3FC A5=00000000 A6=00FF7F64 A7=00FF7F48 D0=00000081 D1=00000006 D2=00000010 D3=00000003 D4=00000000 D5=00000000 D6=00000000 D7=00000000 xnzvc
02:59EC  22 68  MOVE.L  $0006(A0),A1             A0=0008F9C0 A1=0008F931 A2=0008F99E A3=00FFE3A0 A4=00FFE3FC A5=00000000 A6=00FF7F64 A7=00FF7F48 D0=00000081 D1=00000006 D2=00000080 D3=00000003 D4=00000000 D5=00000000 D6=00000000 D7=00000000 xnzvc
02:59F0  20 7C  MOVE.L  #$00FFB8DA,A0            A0=0008F9C0 A1=0008F932 A2=0008F99E A3=00FFE3A0 A4=00FFE3FC A5=00000000 A6=00FF7F64 A7=00FF7F48 D0=00000081 D1=00000006 D2=00000080 D3=00000003 D4=00000000 D5=00000000 D6=00000000 D7=00000000 xnzvc
02:59F6  D0 F9  ADDA.W  ($00FFD8DA),A0           A0=00FFB8DA A1=0008F932 A2=0008F99E A3=00FFE3A0 A4=00FFE3FC A5=00000000 A6=00FF7F64 A7=00FF7F48 D0=00000081 D1=00000006 D2=00000080 D3=00000003 D4=00000000 D5=00000000 D6=00000000 D7=00000000 xnzvc
02:59FC  45 E8  LEA     $0001(A0),A2             A0=00FFBEDA A1=0008F932 A2=0008F99E A3=00FFE3A0 A4=00FFE3FC A5=00000000 A6=00FF7F64 A7=00FF7F48 D0=00000081 D1=00000006 D2=00000080 D3=00000003 D4=00000000 D5=00000000 D6=00000000 D7=00000000 xnzvc
02:5A00  42 40  CLR.W   D0                       A0=00FFBEDA A1=0008F932 A2=00FFBEDB A3=00FFE3A0 A4=00FFE3FC A5=00000000 A6=00FF7F64 A7=00FF7F48 D0=00000081 D1=00000006 D2=00000080 D3=00000003 D4=00000000 D5=00000000 D6=00000000 D7=00000000 xnzvc
02:5A02  32 02  MOVE.W  D2,D1                    A0=00FFBADD A1=0008FAC0 A2=00FFBADE A3=00FFE3A0 A4=00FFE3FC A5=00000000 A6=00FF7F64 A7=00FF7F48 D0=00000003 D1=00000000 D2=00000080 D3=00000099 D4=00000020 D5=00000000 D6=0000FFFF D7=00000000 xNzvC
02:5A04  60 00  BRA     #$0086 [02:5A8C]         A0=00FFBADD A1=0008FAC0 A2=00FFBADE A3=00FFE3A0 A4=00FFE3FC A5=00000000 A6=00FF7F64 A7=00FF7F48 D0=00000003 D1=00000080 D2=00000080 D3=00000099 D4=00000020 D5=00000000 D6=0000FFFF D7=00000000 xnzvc
02:5A08  18 19  MOVE.B  (A1)+,D4                 A0=00FFBAEF A1=0008FA6E A2=00FFBADC A3=00FFE3A0 A4=00FFE3FC A5=00000000 A6=00FF7F64 A7=00FF7F48 D0=00000001 D1=0000007B D2=00000080 D3=000000B9 D4=00000002 D5=00000000 D6=0000FFFF D7=00000000 xnzvc
02:5A0A  48 84  EXT.W   D4                       A0=00FFBAEF A1=0008FA6F A2=00FFBADC A3=00FFE3A0 A4=00FFE3FC A5=00000000 A6=00FF7F64 A7=00FF7F48 D0=00000001 D1=0000007B D2=00000080 D3=000000B9 D4=000000FA D5=00000000 D6=0000FFFF D7=00000000 xNzvc
02:5A0C  4A 04  TST.B   D4                       A0=00FFBAEF A1=0008FA6F A2=00FFBADC A3=00FFE3A0 A4=00FFE3FC A5=00000000 A6=00FF7F64 A7=00FF7F48 D0=00000001 D1=0000007B D2=00000080 D3=000000B9 D4=0000FFFA D5=00000000 D6=0000FFFF D7=00000000 xNzvc
02:5A0E  6C 22  BGE     #$22 [02:5A32]           A0=00FFBAEF A1=0008FA6F A2=00FFBADC A3=00FFE3A0 A4=00FFE3FC A5=00000000 A6=00FF7F64 A7=00FF7F48 D0=00000001 D1=0000007B D2=00000080 D3=000000B9 D4=0000FFFA D5=00000000 D6=0000FFFF D7=00000000 xNzvc
02:5A10  08 04  BTST    #6,D4                    A0=00FFBADD A1=0008FAC1 A2=00FFBADE A3=00FFE3A0 A4=00FFE3FC A5=00000000 A6=00FF7F64 A7=00FF7F48 D0=00000003 D1=00000080 D2=00000080 D3=00000099 D4=0000FFFA D5=00000000 D6=0000FFFF D7=00000000 xNzvc
02:5A14  67 04  BEQ     #$04 [02:5A1A]           A0=00FFBADD A1=0008FAC1 A2=00FFBADE A3=00FFE3A0 A4=00FFE3FC A5=00000000 A6=00FF7F64 A7=00FF7F48 D0=00000003 D1=00000080 D2=00000080 D3=00000099 D4=0000FFFA D5=00000000 D6=0000FFFF D7=00000000 xNzvc
02:5A16  16 19  MOVE.B  (A1)+,D3                 A0=00FFBADD A1=0008FAC1 A2=00FFBADE A3=00FFE3A0 A4=00FFE3FC A5=00000000 A6=00FF7F64 A7=00FF7F48 D0=00000003 D1=00000080 D2=00000080 D3=00000099 D4=0000FFFA D5=00000000 D6=0000FFFF D7=00000000 xNzvc
02:5A18  60 06  BRA     #$06 [02:5A20]           A0=00FFBADD A1=0008FAC2 A2=00FFBADE A3=00FFE3A0 A4=00FFE3FC A5=00000000 A6=00FF7F64 A7=00FF7F48 D0=00000003 D1=00000080 D2=00000080 D3=00000099 D4=0000FFFA D5=00000000 D6=0000FFFF D7=00000000 xNzvc
02:5A1A  42 03  CLR.B   D3                       A0=00FFB936 A1=0003727C A2=00FFB8DB A3=00037316 A4=0003731A A5=00000000 A6=00FF7F18 A7=00FF7EFC D0=00000000 D1=00000009 D2=00000020 D3=0000000D D4=0000FFBD D5=00000000 D6=00FFFFFF D7=00000000 xNZvc
02:5A1C  00 04  ORI.B   #$40,D4                  A0=00FFB936 A1=0003727C A2=00FFB8DB A3=00037316 A4=0003731A A5=00000000 A6=00FF7F18 A7=00FF7EFC D0=00000000 D1=00000009 D2=00000020 D3=00000000 D4=0000FFBD D5=00000000 D6=00FFFFFF D7=00000000 xnZvc
02:5A20  44 44  NEG.W   D4                       A0=00FFBADD A1=0008FAC2 A2=00FFBADE A3=00FFE3A0 A4=00FFE3FC A5=00000000 A6=00FF7F64 A7=00FF7F48 D0=00000003 D1=00000080 D2=00000080 D3=00000099 D4=0000FFFA D5=00000000 D6=0000FFFF D7=00000000 xNzvc
02:5A22  3C 04  MOVE.W  D4,D6                    A0=00FFBADD A1=0008FAC2 A2=00FFBADE A3=00FFE3A0 A4=00FFE3FC A5=00000000 A6=00FF7F64 A7=00FF7F48 D0=00000003 D1=00000080 D2=00000080 D3=00000099 D4=00000006 D5=00000000 D6=0000FFFF D7=00000000 XnzvC
02:5A24  53 46  SUBQ.W  #1,D6                    A0=00FFBADD A1=0008FAC2 A2=00FFBADE A3=00FFE3A0 A4=00FFE3FC A5=00000000 A6=00FF7F64 A7=00FF7F48 D0=00000003 D1=00000080 D2=00000080 D3=00000099 D4=00000006 D5=00000000 D6=00000006 D7=00000000 Xnzvc
02:5A26  10 83  MOVE.B  D3,(A0)                  A0=00FFB9E2 A1=0008F9DC A2=00FFB8DB A3=00FFE3A0 A4=00FFE3FC A5=00000000 A6=00FF7F64 A7=00FF7F48 D0=00000000 D1=00000040 D2=00000080 D3=00000099 D4=00000004 D5=00000000 D6=00000001 D7=00000000 xNzvc
02:5A28  58 88  ADDQ.L  #4,A0                    A0=00FFB9E2 A1=0008F9DC A2=00FFB8DB A3=00FFE3A0 A4=00FFE3FC A5=00000000 A6=00FF7F64 A7=00FF7F48 D0=00000000 D1=00000040 D2=00000080 D3=00000099 D4=00000004 D5=00000000 D6=00000001 D7=00000000 xNzvc
02:5A2A  51 CE  DBFa    D6,#$FFFA [03:5A26]      A0=00FFB9E6 A1=0008F9DC A2=00FFB8DB A3=00FFE3A0 A4=00FFE3FC A5=00000000 A6=00FF7F64 A7=00FF7F48 D0=00000000 D1=00000040 D2=00000080 D3=00000099 D4=00000004 D5=00000000 D6=00000001 D7=00000000 xNzvc
02:5A2E  60 00  BRA     #$005A [02:5A8A]         A0=00FFBAF5 A1=0008FAC2 A2=00FFBADE A3=00FFE3A0 A4=00FFE3FC A5=00000000 A6=00FF7F64 A7=00FF7F48 D0=00000003 D1=00000080 D2=00000080 D3=00000099 D4=00000006 D5=00000000 D6=0000FFFF D7=00000000 xNzvc
02:5A32  08 04  BTST    #6,D4                    A0=00FFBF26 A1=0008FB6B A2=00FFBEDB A3=00FFE3A0 A4=00FFE3FC A5=00000000 A6=00FF7F64 A7=00FF7F48 D0=00000000 D1=0000006D D2=00000080 D3=00000099 D4=00000002 D5=00000000 D6=0000FFFF D7=00000000 xnzvc
02:5A36  67 00  BEQ     #$0046 [02:5A7E]         A0=00FFBF26 A1=0008FB6B A2=00FFBEDB A3=00FFE3A0 A4=00FFE3FC A5=00000000 A6=00FF7F64 A7=00FF7F48 D0=00000000 D1=0000006D D2=00000080 D3=00000099 D4=00000002 D5=00000000 D6=0000FFFF D7=00000000 xnZvc
02:5A3A  08 04  BTST    #5,D4                    A0=00FFBFE5 A1=0008F993 A2=00FFBEDE A3=00FFE3A0 A4=00FF8000 A5=00000000 A6=00FF7F64 A7=00FF7F48 D0=00000003 D1=0000003E D2=00000080 D3=00000011 D4=00000042 D5=00000000 D6=0000FFFF D7=00000000 xnzvc
02:5A3E  67 28  BEQ     #$28 [02:5A68]           A0=00FFBFE5 A1=0008F993 A2=00FFBEDE A3=00FFE3A0 A4=00FF8000 A5=00000000 A6=00FF7F64 A7=00FF7F48 D0=00000003 D1=0000003E D2=00000080 D3=00000011 D4=00000042 D5=00000000 D6=0000FFFF D7=00000000 xnZvc
02:5A40  16 19  MOVE.B  (A1)+,D3                 A0=00FFB964 A1=000370A0 A2=00FFB95D A3=000370D2 A4=000370E0 A5=00000000 A6=00FF7F18 A7=00FF7EFC D0=00000002 D1=0000003E D2=00000040 D3=00000000 D4=00000062 D5=00000003 D6=00FFFFFF D7=00000000 xnzvc
02:5A42  1A 03  MOVE.B  D3,D5                    A0=00FFB964 A1=000370A1 A2=00FFB95D A3=000370D2 A4=000370E0 A5=00000000 A6=00FF7F18 A7=00FF7EFC D0=00000002 D1=0000003E D2=00000040 D3=000000DC D4=00000062 D5=00000003 D6=00FFFFFF D7=00000000 xNzvc
02:5A44  E9 1D  ROL.B   #4,D5                    A0=00FFB964 A1=000370A1 A2=00FFB95D A3=000370D2 A4=000370E0 A5=00000000 A6=00FF7F18 A7=00FF7EFC D0=00000002 D1=0000003E D2=00000040 D3=000000DC D4=00000062 D5=000000DC D6=00FFFFFF D7=00000000 xNzvc
02:5A46  02 44  ANDI.W  #$001F,D4                A0=00FFB964 A1=000370A1 A2=00FFB95D A3=000370D2 A4=000370E0 A5=00000000 A6=00FF7F18 A7=00FF7EFC D0=00000002 D1=0000003E D2=00000040 D3=000000DC D4=00000062 D5=000000CD D6=00FFFFFF D7=00000000 xNzvC
02:5A4A  3C 04  MOVE.W  D4,D6                    A0=00FFB964 A1=000370A1 A2=00FFB95D A3=000370D2 A4=000370E0 A5=00000000 A6=00FF7F18 A7=00FF7EFC D0=00000002 D1=0000003E D2=00000040 D3=000000DC D4=00000002 D5=000000CD D6=00FFFFFF D7=00000000 xnzvc
02:5A4C  E2 4E  LSR.W   #1,D6                    A0=00FFB964 A1=000370A1 A2=00FFB95D A3=000370D2 A4=000370E0 A5=00000000 A6=00FF7F18 A7=00FF7EFC D0=00000002 D1=0000003E D2=00000040 D3=000000DC D4=00000002 D5=000000CD D6=00FF0002 D7=00000000 xnzvc
02:5A4E  53 46  SUBQ.W  #1,D6                    A0=00FFB964 A1=000370A1 A2=00FFB95D A3=000370D2 A4=000370E0 A5=00000000 A6=00FF7F18 A7=00FF7EFC D0=00000002 D1=0000003E D2=00000040 D3=000000DC D4=00000002 D5=000000CD D6=00FF0001 D7=00000000 xnzvc
02:5A50  10 83  MOVE.B  D3,(A0)                  A0=00FFB964 A1=000370A1 A2=00FFB95D A3=000370D2 A4=000370E0 A5=00000000 A6=00FF7F18 A7=00FF7EFC D0=00000002 D1=0000003E D2=00000040 D3=000000DC D4=00000002 D5=000000CD D6=00FF0000 D7=00000000 xnZvc
02:5A52  58 88  ADDQ.L  #4,A0                    A0=00FFB964 A1=000370A1 A2=00FFB95D A3=000370D2 A4=000370E0 A5=00000000 A6=00FF7F18 A7=00FF7EFC D0=00000002 D1=0000003E D2=00000040 D3=000000DC D4=00000002 D5=000000CD D6=00FF0000 D7=00000000 xNzvc
02:5A54  10 85  MOVE.B  D5,(A0)                  A0=00FFB968 A1=000370A1 A2=00FFB95D A3=000370D2 A4=000370E0 A5=00000000 A6=00FF7F18 A7=00FF7EFC D0=00000002 D1=0000003E D2=00000040 D3=000000DC D4=00000002 D5=000000CD D6=00FF0000 D7=00000000 xNzvc
02:5A56  58 88  ADDQ.L  #4,A0                    A0=00FFB968 A1=000370A1 A2=00FFB95D A3=000370D2 A4=000370E0 A5=00000000 A6=00FF7F18 A7=00FF7EFC D0=00000002 D1=0000003E D2=00000040 D3=000000DC D4=00000002 D5=000000CD D6=00FF0000 D7=00000000 xNzvc
02:5A58  51 CE  DBFa    D6,#$FFF6 [03:5A50]      A0=00FFB96C A1=000370A1 A2=00FFB95D A3=000370D2 A4=000370E0 A5=00000000 A6=00FF7F18 A7=00FF7EFC D0=00000002 D1=0000003E D2=00000040 D3=000000DC D4=00000002 D5=000000CD D6=00FF0000 D7=00000000 xNzvc
02:5A5C  08 04  BTST    #0,D4                    A0=00FFB96C A1=000370A1 A2=00FFB95D A3=000370D2 A4=000370E0 A5=00000000 A6=00FF7F18 A7=00FF7EFC D0=00000002 D1=0000003E D2=00000040 D3=000000DC D4=00000002 D5=000000CD D6=00FFFFFF D7=00000000 xNzvc
02:5A60  67 04  BEQ     #$04 [02:5A66]           A0=00FFB96C A1=000370A1 A2=00FFB95D A3=000370D2 A4=000370E0 A5=00000000 A6=00FF7F18 A7=00FF7EFC D0=00000002 D1=0000003E D2=00000040 D3=000000DC D4=00000002 D5=000000CD D6=00FFFFFF D7=00000000 xNZvc
02:5A62  10 83  MOVE.B  D3,(A0)                  A0=00FFC133 A1=00032919 A2=00FFC05C A3=00032A4E A4=00032A70 A5=00000000 A6=00FF7F18 A7=00FF7EFC D0=00000001 D1=0000000C D2=00000040 D3=00000029 D4=00000003 D5=00000092 D6=00FFFFFF D7=00000000 xNzvc
02:5A64  58 88  ADDQ.L  #4,A0                    A0=00FFC133 A1=00032919 A2=00FFC05C A3=00032A4E A4=00032A70 A5=00000000 A6=00FF7F18 A7=00FF7EFC D0=00000001 D1=0000000C D2=00000040 D3=00000029 D4=00000003 D5=00000092 D6=00FFFFFF D7=00000000 xnzvc
02:5A66  60 14  BRA     #$14 [02:5A7C]           A0=00FFB96C A1=000370A1 A2=00FFB95D A3=000370D2 A4=000370E0 A5=00000000 A6=00FF7F18 A7=00FF7EFC D0=00000002 D1=0000003E D2=00000040 D3=000000DC D4=00000002 D5=000000CD D6=00FFFFFF D7=00000000 xNZvc
02:5A68  16 3C  MOVE.B  #$FF,D3                  A0=00FFBFE5 A1=0008F993 A2=00FFBEDE A3=00FFE3A0 A4=00FF8000 A5=00000000 A6=00FF7F64 A7=00FF7F48 D0=00000003 D1=0000003E D2=00000080 D3=00000011 D4=00000042 D5=00000000 D6=0000FFFF D7=00000000 xnZvc
02:5A6C  02 44  ANDI.W  #$001F,D4                A0=00FFBFE5 A1=0008F993 A2=00FFBEDE A3=00FFE3A0 A4=00FF8000 A5=00000000 A6=00FF7F64 A7=00FF7F48 D0=00000003 D1=0000003E D2=00000080 D3=000000FF D4=00000042 D5=00000000 D6=0000FFFF D7=00000000 xNzvc
02:5A70  3C 04  MOVE.W  D4,D6                    A0=00FFBFE5 A1=0008F993 A2=00FFBEDE A3=00FFE3A0 A4=00FF8000 A5=00000000 A6=00FF7F64 A7=00FF7F48 D0=00000003 D1=0000003E D2=00000080 D3=000000FF D4=00000002 D5=00000000 D6=0000FFFF D7=00000000 xnzvc
02:5A72  53 46  SUBQ.W  #1,D6                    A0=00FFBFE5 A1=0008F993 A2=00FFBEDE A3=00FFE3A0 A4=00FF8000 A5=00000000 A6=00FF7F64 A7=00FF7F48 D0=00000003 D1=0000003E D2=00000080 D3=000000FF D4=00000002 D5=00000000 D6=00000002 D7=00000000 xnzvc
02:5A74  10 83  MOVE.B  D3,(A0)                  A0=00FFBFE9 A1=0008F993 A2=00FFBEDE A3=00FFE3A0 A4=00FF8000 A5=00000000 A6=00FF7F64 A7=00FF7F48 D0=00000003 D1=0000003E D2=00000080 D3=000000FF D4=00000002 D5=00000000 D6=00000000 D7=00000000 xNzvc
02:5A76  58 88  ADDQ.L  #4,A0                    A0=00FFBFE9 A1=0008F993 A2=00FFBEDE A3=00FFE3A0 A4=00FF8000 A5=00000000 A6=00FF7F64 A7=00FF7F48 D0=00000003 D1=0000003E D2=00000080 D3=000000FF D4=00000002 D5=00000000 D6=00000000 D7=00000000 xNzvc
02:5A78  51 CE  DBFa    D6,#$FFFA [03:5A74]      A0=00FFBFED A1=0008F993 A2=00FFBEDE A3=00FFE3A0 A4=00FF8000 A5=00000000 A6=00FF7F64 A7=00FF7F48 D0=00000003 D1=0000003E D2=00000080 D3=000000FF D4=00000002 D5=00000000 D6=00000000 D7=00000000 xNzvc
02:5A7C  60 0C  BRA     #$0C [02:5A8A]           A0=00FFBFED A1=0008F993 A2=00FFBEDE A3=00FFE3A0 A4=00FF8000 A5=00000000 A6=00FF7F64 A7=00FF7F48 D0=00000003 D1=0000003E D2=00000080 D3=000000FF D4=00000002 D5=00000000 D6=0000FFFF D7=00000000 xNzvc
02:5A7E  3C 04  MOVE.W  D4,D6                    A0=00FFBFEE A1=0008FB78 A2=00FFBEDB A3=00FFE3A0 A4=00FFE3FC A5=00000000 A6=00FF7F64 A7=00FF7F48 D0=00000000 D1=0000003B D2=00000080 D3=0000009F D4=00000001 D5=00000000 D6=0000FFFF D7=00000000 xnZvc
02:5A80  53 46  SUBQ.W  #1,D6                    A0=00FFBFEE A1=0008FB78 A2=00FFBEDB A3=00FFE3A0 A4=00FFE3FC A5=00000000 A6=00FF7F64 A7=00FF7F48 D0=00000000 D1=0000003B D2=00000080 D3=0000009F D4=00000001 D5=00000000 D6=00000001 D7=00000000 xnzvc
02:5A82  10 99  MOVE.B  (A1)+,(A0)               A0=00FFBBA3 A1=0008FA84 A2=00FFBADC A3=00FFE3A0 A4=00FFE3FC A5=00000000 A6=00FF7F64 A7=00FF7F48 D0=00000001 D1=0000004E D2=00000080 D3=000000F9 D4=00000001 D5=00000000 D6=00000000 D7=00000000 xnZvc
02:5A84  58 88  ADDQ.L  #4,A0                    A0=00FFBBA3 A1=0008FA85 A2=00FFBADC A3=00FFE3A0 A4=00FFE3FC A5=00000000 A6=00FF7F64 A7=00FF7F48 D0=00000001 D1=0000004E D2=00000080 D3=000000F9 D4=00000001 D5=00000000 D6=00000000 D7=00000000 xNzvc
02:5A86  51 CE  DBFa    D6,#$FFFA [03:5A82]      A0=00FFBBA7 A1=0008FA85 A2=00FFBADC A3=00FFE3A0 A4=00FFE3FC A5=00000000 A6=00FF7F64 A7=00FF7F48 D0=00000001 D1=0000004E D2=00000080 D3=000000F9 D4=00000001 D5=00000000 D6=00000000 D7=00000000 xNzvc
02:5A8A  92 44  SUB.W   D4,D1                    A0=00FFBB07 A1=0008FA70 A2=00FFBADC A3=00FFE3A0 A4=00FFE3FC A5=00000000 A6=00FF7F64 A7=00FF7F48 D0=00000001 D1=0000007B D2=00000080 D3=00000099 D4=00000006 D5=00000000 D6=0000FFFF D7=00000000 xNzvc
02:5A8C  4A 41  TST.W   D1                       A0=00FFBCBA A1=0008FA65 A2=00FFBADB A3=00FFE3A0 A4=00FFE3FC A5=00000000 A6=00FF7F64 A7=00FF7F48 D0=00000000 D1=00000008 D2=00000080 D3=000000BB D4=00000002 D5=00000000 D6=0000FFFF D7=00000000 xnzvc
02:5A8E  6E 00  BGT     #$FF78 [02:5A08]         A0=00FFBCBA A1=0008FA65 A2=00FFBADB A3=00FFE3A0 A4=00FFE3FC A5=00000000 A6=00FF7F64 A7=00FF7F48 D0=00000000 D1=00000008 D2=00000080 D3=000000BB D4=00000002 D5=00000000 D6=0000FFFF D7=00000000 xnzvc
02:5A92  20 4A  MOVE.L  A2,A0                    A0=00FFBCDD A1=0008FAE8 A2=00FFBADE A3=00FFE3A0 A4=00FFE3FC A5=00000000 A6=00FF7F64 A7=00FF7F48 D0=00000003 D1=00000000 D2=00000080 D3=00000099 D4=00000020 D5=00000000 D6=0000FFFF D7=00000000 xnZvc
02:5A94  52 8A  ADDQ.L  #1,A2                    A0=00FFBADE A1=0008FAE8 A2=00FFBADE A3=00FFE3A0 A4=00FFE3FC A5=00000000 A6=00FF7F64 A7=00FF7F48 D0=00000003 D1=00000000 D2=00000080 D3=00000099 D4=00000020 D5=00000000 D6=0000FFFF D7=00000000 xnZvc
02:5A96  52 40  ADDQ.W  #1,D0                    A0=00FFBADE A1=0008FAE8 A2=00FFBADF A3=00FFE3A0 A4=00FFE3FC A5=00000000 A6=00FF7F64 A7=00FF7F48 D0=00000003 D1=00000000 D2=00000080 D3=00000099 D4=00000020 D5=00000000 D6=0000FFFF D7=00000000 xnZvc
02:5A98  0C 40  CMPI.W  #$0004,D0                A0=00FFBADE A1=0008FAE8 A2=00FFBADF A3=00FFE3A0 A4=00FFE3FC A5=00000000 A6=00FF7F64 A7=00FF7F48 D0=00000004 D1=00000000 D2=00000080 D3=00000099 D4=00000020 D5=00000000 D6=0000FFFF D7=00000000 xnzvc
02:5A9C  6D 00  BLT     #$FF64 [02:5A02]         A0=00FFBADE A1=0008FAE8 A2=00FFBADF A3=00FFE3A0 A4=00FFE3FC A5=00000000 A6=00FF7F64 A7=00FF7F48 D0=00000004 D1=00000000 D2=00000080 D3=00000099 D4=00000020 D5=00000000 D6=0000FFFF D7=00000000 xnZvc
02:5AA0  4C EE  MOVEM.L $FFE4(A6),{a7-d0}[04 7c] A0=00FFBEDE A1=0008F99D A2=00FFBEDF A3=00FFE3A0 A4=00FFE3FC A5=00000000 A6=00FF7F64 A7=00FF7F48 D0=00000004 D1=00000000 D2=00000080 D3=00000099 D4=00000016 D5=00000000 D6=0000FFFF D7=00000000 xnZvc
02:5AA6  4E 5E  ULNK    A6                       A0=00FFBEDE A1=0008F99D A2=0008F99E A3=00FFE3A0 A4=00FFE3FC A5=00000000 A6=00FF7F64 A7=00FF7F48 D0=00000004 D1=00000000 D2=00000001 D3=00000003 D4=00000000 D5=00000000 D6=00000000 D7=00000000 xnZvc
02:5AA8  4E 75  RTS                              A0=00FFBEDE A1=0008F99D A2=0008F99E A3=00FFE3A0 A4=00FFE3FC A5=00000000 A6=00000000 A7=00FF7F68 D0=00000004 D1=00000000 D2=00000001 D3=00000003 D4=00000000 D5=00000000 D6=00000000 D7=00000000 xnZvc

02:5AAA  48 E7  MOVEM.L {d0-a7}[38 00],-(SP)     A0=000313AA A1=00FFB65A A2=00FFA65A A3=0003139C A4=000313AA A5=00000000 A6=00FF7F54 A7=00FF7F1C D0=00000004 D1=00000002 D2=00000002 D3=00000000 D4=00000004 D5=0000000F D6=00FFB65A D7=00000000 xnzvc
02:5AAE  20 6F  MOVE.L  $0010(SP),A0             A0=000313AA A1=00FFB65A A2=00FFA65A A3=0003139C A4=000313AA A5=00000000 A6=00FF7F54 A7=00FF7F10 D0=00000004 D1=00000002 D2=00000002 D3=00000000 D4=00000004 D5=0000000F D6=00FFB65A D7=00000000 xnzvc
02:5AB2  38 2F  MOVE.W  $0016(SP),D4             A0=000313AA A1=00FFB65A A2=00FFA65A A3=0003139C A4=000313AA A5=00000000 A6=00FF7F54 A7=00FF7F10 D0=00000004 D1=00000002 D2=00000002 D3=00000000 D4=00000004 D5=0000000F D6=00FFB65A D7=00000000 xnzvc
02:5AB6  22 68  MOVE.L  $0006(A0),A1             A0=000313AA A1=00FFB65A A2=00FFA65A A3=0003139C A4=000313AA A5=00000000 A6=00FF7F54 A7=00FF7F10 D0=00000004 D1=00000002 D2=00000002 D3=00000000 D4=00000004 D5=0000000F D6=00FFB65A D7=00000000 xnzvc
02:5ABA  32 39  MOVE.W  ($00FFD8DA),D1           A0=000313AA A1=0003132E A2=00FFA65A A3=0003139C A4=000313AA A5=00000000 A6=00FF7F54 A7=00FF7F10 D0=00000004 D1=00000002 D2=00000002 D3=00000000 D4=00000004 D5=0000000F D6=00FFB65A D7=00000000 xnzvc
02:5AC0  20 7C  MOVE.L  #$00FFB8DA,A0            A0=000313AA A1=0003132E A2=00FFA65A A3=0003139C A4=000313AA A5=00000000 A6=00FF7F54 A7=00FF7F10 D0=00000004 D1=00000200 D2=00000002 D3=00000000 D4=00000004 D5=0000000F D6=00FFB65A D7=00000000 xnzvc
02:5AC6  D0 C1  ADDA.W  D1,A0                    A0=00FFB8DA A1=0003132E A2=00FFA65A A3=0003139C A4=000313AA A5=00000000 A6=00FF7F54 A7=00FF7F10 D0=00000004 D1=00000200 D2=00000002 D3=00000000 D4=00000004 D5=0000000F D6=00FFB65A D7=00000000 xnzvc
02:5AC8  EB 44  ASL.W   #5,D4                    A0=00FFBADA A1=0003132E A2=00FFA65A A3=0003139C A4=000313AA A5=00000000 A6=00FF7F54 A7=00FF7F10 D0=00000004 D1=00000200 D2=00000002 D3=00000000 D4=00000004 D5=0000000F D6=00FFB65A D7=00000000 xnzvc
02:5ACA  60 00  BRA     #$004E [02:5B1A]         A0=00FFBADA A1=0003132E A2=00FFA65A A3=0003139C A4=000313AA A5=00000000 A6=00FF7F54 A7=00FF7F10 D0=00000004 D1=00000200 D2=00000002 D3=00000000 D4=00000080 D5=0000000F D6=00FFB65A D7=00000000 xnzvc
02:5ACE  12 19  MOVE.B  (A1)+,D1                 A0=00FFBAF2 A1=0003133E A2=00FFA65A A3=0003139C A4=000313AA A5=00000000 A6=00FF7F54 A7=00FF7F10 D0=00000004 D1=0000000B D2=00000099 D3=0000FFFF D4=00000068 D5=0000000F D6=00FFB65A D7=00000000 xnzvc
02:5AD0  48 81  EXT.W   D1                       A0=00FFBAF2 A1=0003133F A2=00FFA65A A3=0003139C A4=000313AA A5=00000000 A6=00FF7F54 A7=00FF7F10 D0=00000004 D1=00000004 D2=00000099 D3=0000FFFF D4=00000068 D5=0000000F D6=00FFB65A D7=00000000 xnzvc
02:5AD2  4A 41  TST.W   D1                       A0=00FFBAF2 A1=0003133F A2=00FFA65A A3=0003139C A4=000313AA A5=00000000 A6=00FF7F54 A7=00FF7F10 D0=00000004 D1=00000004 D2=00000099 D3=0000FFFF D4=00000068 D5=0000000F D6=00FFB65A D7=00000000 xnzvc
02:5AD4  6C 1E  BGE     #$1E [02:5AF4]           A0=00FFBAF2 A1=0003133F A2=00FFA65A A3=0003139C A4=000313AA A5=00000000 A6=00FF7F54 A7=00FF7F10 D0=00000004 D1=00000004 D2=00000099 D3=0000FFFF D4=00000068 D5=0000000F D6=00FFB65A D7=00000000 xnzvc
02:5AD6  08 01  BTST    #6,D1                    A0=00FFBB19 A1=0008E56D A2=0008E5BE A3=00FFE3A0 A4=00FFE3F8 A5=00000000 A6=00000000 A7=00FF7F5C D0=00000001 D1=0000FFC1 D2=000000EE D3=0000FFFF D4=000001C1 D5=00000000 D6=00000000 D7=00000000 xNzvc
02:5ADA  67 04  BEQ     #$04 [02:5AE0]           A0=00FFBB19 A1=0008E56D A2=0008E5BE A3=00FFE3A0 A4=00FFE3F8 A5=00000000 A6=00000000 A7=00FF7F5C D0=00000001 D1=0000FFC1 D2=000000EE D3=0000FFFF D4=000001C1 D5=00000000 D6=00000000 D7=00000000 xNzvc
02:5ADC  14 19  MOVE.B  (A1)+,D2                 A0=00FFBCCC A1=0008E588 A2=0008E5BE A3=00FFE3A0 A4=00FFE3F8 A5=00000000 A6=00000000 A7=00FF7F5C D0=00000001 D1=0000FFF2 D2=000000EE D3=0000FFFF D4=0000000E D5=00000000 D6=00000000 D7=00000000 xNzvc
02:5ADE  60 06  BRA     #$06 [02:5AE6]           A0=00FFBCCC A1=0008E589 A2=0008E5BE A3=00FFE3A0 A4=00FFE3F8 A5=00000000 A6=00000000 A7=00FF7F5C D0=00000001 D1=0000FFF2 D2=000000EE D3=0000FFFF D4=0000000E D5=00000000 D6=00000000 D7=00000000 xNzvc
02:5AE0  42 02  CLR.B   D2                       A0=00FFBB57 A1=0003139B A2=00FFA65A A3=0003139C A4=000313AA A5=00000000 A6=00FF7F54 A7=00FF7F10 D0=00000004 D1=0000FFBD D2=00000000 D3=0000FFFF D4=00000003 D5=0000000F D6=00FFB65A D7=00000000 xNZvc
02:5AE2  00 01  ORI.B   #$40,D1                  A0=00FFBB57 A1=0003139B A2=00FFA65A A3=0003139C A4=000313AA A5=00000000 A6=00FF7F54 A7=00FF7F10 D0=00000004 D1=0000FFBD D2=00000000 D3=0000FFFF D4=00000003 D5=0000000F D6=00FFB65A D7=00000000 xnZvc
02:5AE6  44 41  NEG.W   D1                       A0=00FFBB19 A1=0008E56E A2=0008E5BE A3=00FFE3A0 A4=00FFE3F8 A5=00000000 A6=00000000 A7=00FF7F5C D0=00000001 D1=0000FFC1 D2=000000EE D3=0000FFFF D4=000001C1 D5=00000000 D6=00000000 D7=00000000 xNzvc
02:5AE8  36 01  MOVE.W  D1,D3                    A0=00FFBB19 A1=0008E56E A2=0008E5BE A3=00FFE3A0 A4=00FFE3F8 A5=00000000 A6=00000000 A7=00FF7F5C D0=00000001 D1=0000003F D2=000000EE D3=0000FFFF D4=000001C1 D5=00000000 D6=00000000 D7=00000000 XnzvC
02:5AEA  53 43  SUBQ.W  #1,D3                    A0=00FFBB19 A1=0008E56E A2=0008E5BE A3=00FFE3A0 A4=00FFE3F8 A5=00000000 A6=00000000 A7=00FF7F5C D0=00000001 D1=0000003F D2=000000EE D3=0000003F D4=000001C1 D5=00000000 D6=00000000 D7=00000000 Xnzvc
02:5AEC  10 C2  MOVE.B  D2,(A0)+                 A0=00FFB8EA A1=0008E5EC A2=0008E65A A3=00FFE3A0 A4=00FFE3F8 A5=00000000 A6=00000000 A7=00FF7F5C D0=00000001 D1=0000003F D2=000000EE D3=0000002E D4=00000200 D5=00000000 D6=00000000 D7=00000000 xNzvc
02:5AEE  51 CB  DBFa    D3,#$FFFC [03:5AEC]      A0=00FFB8EB A1=0008E5EC A2=0008E65A A3=00FFE3A0 A4=00FFE3F8 A5=00000000 A6=00000000 A7=00FF7F5C D0=00000001 D1=0000003F D2=000000EE D3=0000002E D4=00000200 D5=00000000 D6=00000000 D7=00000000 xNzvc
02:5AF2  60 24  BRA     #$24 [02:5B18]           A0=00FFBB58 A1=0008E56E A2=0008E5BE A3=00FFE3A0 A4=00FFE3F8 A5=00000000 A6=00000000 A7=00FF7F5C D0=00000001 D1=0000003F D2=000000EE D3=0000FFFF D4=000001C1 D5=00000000 D6=00000000 D7=00000000 xNzvc
02:5AF4  08 01  BTST    #6,D1                    A0=00FFBB1E A1=00031363 A2=00FFA65A A3=0003139C A4=000313AA A5=00000000 A6=00FF7F54 A7=00FF7F10 D0=00000004 D1=00000001 D2=00000000 D3=0000FFFF D4=0000003C D5=0000000F D6=00FFB65A D7=00000000 xnzvc
02:5AF8  67 14  BEQ     #$14 [02:5B0E]           A0=00FFBB1E A1=00031363 A2=00FFA65A A3=0003139C A4=000313AA A5=00000000 A6=00FF7F54 A7=00FF7F10 D0=00000004 D1=00000001 D2=00000000 D3=0000FFFF D4=0000003C D5=0000000F D6=00FFB65A D7=00000000 xnZvc
02:5AFA  14 3C  MOVE.B  #$FF,D2                  A0=00FFB907 A1=0008F56B A2=0008F76E A3=00FFE3A0 A4=00FFE3F8 A5=00000000 A6=00000000 A7=00FF7F5C D0=00000001 D1=00000042 D2=000000BB D3=0000FFFF D4=000001D3 D5=00000000 D6=00000000 D7=00000000 xnzvc
02:5AFE  02 41  ANDI.W  #$003F,D1                A0=00FFB907 A1=0008F56B A2=0008F76E A3=00FFE3A0 A4=00FFE3F8 A5=00000000 A6=00000000 A7=00FF7F5C D0=00000001 D1=00000042 D2=000000FF D3=0000FFFF D4=000001D3 D5=00000000 D6=00000000 D7=00000000 xNzvc
02:5B02  36 01  MOVE.W  D1,D3                    A0=00FFB907 A1=0008F56B A2=0008F76E A3=00FFE3A0 A4=00FFE3F8 A5=00000000 A6=00000000 A7=00FF7F5C D0=00000001 D1=00000002 D2=000000FF D3=0000FFFF D4=000001D3 D5=00000000 D6=00000000 D7=00000000 xnzvc
02:5B04  53 43  SUBQ.W  #1,D3                    A0=00FFB907 A1=0008F56B A2=0008F76E A3=00FFE3A0 A4=00FFE3F8 A5=00000000 A6=00000000 A7=00FF7F5C D0=00000001 D1=00000002 D2=000000FF D3=00000002 D4=000001D3 D5=00000000 D6=00000000 D7=00000000 xnzvc
02:5B06  10 C2  MOVE.B  D2,(A0)+                 A0=00FFBB57 A1=000DF15A A2=00FFA8DA A3=000DF790 A4=000DF79E A5=00000000 A6=00FF7F54 A7=00FF7F10 D0=00000010 D1=0000003C D2=000000FF D3=00000002 D4=000001BC D5=0000000F D6=00FFB65A D7=00000000 xNzvc
02:5B08  51 CB  DBFa    D3,#$FFFC [03:5B06]      A0=00FFBB58 A1=000DF15A A2=00FFA8DA A3=000DF790 A4=000DF79E A5=00000000 A6=00FF7F54 A7=00FF7F10 D0=00000010 D1=0000003C D2=000000FF D3=00000002 D4=000001BC D5=0000000F D6=00FFB65A D7=00000000 xNzvc
02:5B0C  60 0A  BRA     #$0A [02:5B18]           A0=00FFB909 A1=0008F56B A2=0008F76E A3=00FFE3A0 A4=00FFE3F8 A5=00000000 A6=00000000 A7=00FF7F5C D0=00000001 D1=00000002 D2=000000FF D3=0000FFFF D4=000001D3 D5=00000000 D6=00000000 D7=00000000 xNzvc
02:5B0E  36 01  MOVE.W  D1,D3                    A0=00FFBB1E A1=00031363 A2=00FFA65A A3=0003139C A4=000313AA A5=00000000 A6=00FF7F54 A7=00FF7F10 D0=00000004 D1=00000001 D2=00000000 D3=0000FFFF D4=0000003C D5=0000000F D6=00FFB65A D7=00000000 xnZvc
02:5B10  53 43  SUBQ.W  #1,D3                    A0=00FFBB1E A1=00031363 A2=00FFA65A A3=0003139C A4=000313AA A5=00000000 A6=00FF7F54 A7=00FF7F10 D0=00000004 D1=00000001 D2=00000000 D3=00000001 D4=0000003C D5=0000000F D6=00FFB65A D7=00000000 xnzvc
02:5B12  10 D9  MOVE.B  (A1)+,(A0)+              A0=00FFBB45 A1=00031388 A2=00FFA65A A3=0003139C A4=000313AA A5=00000000 A6=00FF7F54 A7=00FF7F10 D0=00000004 D1=00000031 D2=00000000 D3=00000011 D4=00000034 D5=0000000F D6=00FFB65A D7=00000000 xNzvc
02:5B14  51 CB  DBFa    D3,#$FFFC [03:5B12]      A0=00FFBB46 A1=00031389 A2=00FFA65A A3=0003139C A4=000313AA A5=00000000 A6=00FF7F54 A7=00FF7F10 D0=00000004 D1=00000031 D2=00000000 D3=00000011 D4=00000034 D5=0000000F D6=00FFB65A D7=00000000 xnzvc
02:5B18  98 41  SUB.W   D1,D4                    A0=00FFBAF6 A1=00031343 A2=00FFA65A A3=0003139C A4=000313AA A5=00000000 A6=00FF7F54 A7=00FF7F10 D0=00000004 D1=00000004 D2=00000099 D3=0000FFFF D4=00000068 D5=0000000F D6=00FFB65A D7=00000000 xNzvc
02:5B1A  4A 44  TST.W   D4                       A0=00FFBADA A1=0003132E A2=00FFA65A A3=0003139C A4=000313AA A5=00000000 A6=00FF7F54 A7=00FF7F10 D0=00000004 D1=00000200 D2=00000002 D3=00000000 D4=00000080 D5=0000000F D6=00FFB65A D7=00000000 xnzvc
02:5B1C  6E B0  BGT     #$B0 [02:5ACE]           A0=00FFBADA A1=0003132E A2=00FFA65A A3=0003139C A4=000313AA A5=00000000 A6=00FF7F54 A7=00FF7F10 D0=00000004 D1=00000200 D2=00000002 D3=00000000 D4=00000080 D5=0000000F D6=00FFB65A D7=00000000 xnzvc
02:5B1E  4C DF  MOVEM.L (SP)+,{a7-d0}[00 1c]     A0=00FFBB5A A1=0003139B A2=00FFA65A A3=0003139C A4=000313AA A5=00000000 A6=00FF7F54 A7=00FF7F10 D0=00000004 D1=00000003 D2=00000000 D3=0000FFFF D4=00000000 D5=0000000F D6=00FFB65A D7=00000000 xnZvc
02:5B22  4E 75  RTS                              A0=00FFBB5A A1=0003139B A2=00FFA65A A3=0003139C A4=000313AA A5=00000000 A6=00FF7F54 A7=00FF7F1C D0=00000004 D1=00000003 D2=00000002 D3=00000000 D4=00000004 D5=0000000F D6=00FFB65A D7=00000000 xnZvc

02:6ECC  23 FC  MOVE.L  #$40000000,($00C00004)   A0=019C454C A1=17E2632E A2=00026F76 A3=00FF8000 A4=00026FDA A5=00000000 A6=00000000 A7=00FF7FDC D0=0000FFFF D1=25371DE2 D2=00000000 D3=00000000 D4=00000000 D5=00000000 D6=00000000 D7=00000000 xnZvc
02:6ED6  30 3C  MOVE.W  #$7FFF,D0                A0=019C454C A1=17E2632E A2=00026F76 A3=00FF8000 A4=00026FDA A5=00000000 A6=00000000 A7=00FF7FDC D0=0000FFFF D1=25371DE2 D2=00000000 D3=00000000 D4=00000000 D5=00000000 D6=00000000 D7=00000000 xnzvc
02:6EDA  33 FC  MOVE.W  #$0000,($00C00000)       A0=019C454C A1=17E2632E A2=00026F76 A3=00FF8000 A4=00026FDA A5=00000000 A6=00000000 A7=00FF7FDC D0=00007FC0 D1=25371DE2 D2=00000000 D3=00000000 D4=00000000 D5=00000000 D6=00000000 D7=00000000 xnZvc
02:6EE2  51 C8  DBFa    D0,#$FFF6 [03:6EDA]      A0=019C454C A1=17E2632E A2=00026F76 A3=00FF8000 A4=00026FDA A5=00000000 A6=00000000 A7=00FF7FDC D0=00007FC0 D1=25371DE2 D2=00000000 D3=00000000 D4=00000000 D5=00000000 D6=00000000 D7=00000000 xnZvc
02:6EE6  4E 75  RTS                              A0=019C454C A1=17E2632E A2=00026F76 A3=00FF8000 A4=00026FDA A5=00000000 A6=00000000 A7=00FF7FDC D0=0000FFFF D1=25371DE2 D2=00000000 D3=00000000 D4=00000000 D5=00000000 D6=00000000 D7=00000000 xnZvc

02:6EE8  23 FC  MOVE.L  #$40000010,($00C00004)   A0=019C454C A1=17E2632E A2=00026F76 A3=00FF8000 A4=00026FDA A5=00000000 A6=00000000 A7=00FF7FDC D0=0000FFFF D1=25371DE2 D2=00000000 D3=00000000 D4=00000000 D5=00000000 D6=00000000 D7=00000000 xnZvc
02:6EF2  30 3C  MOVE.W  #$0027,D0                A0=019C454C A1=17E2632E A2=00026F76 A3=00FF8000 A4=00026FDA A5=00000000 A6=00000000 A7=00FF7FDC D0=0000FFFF D1=25371DE2 D2=00000000 D3=00000000 D4=00000000 D5=00000000 D6=00000000 D7=00000000 xnzvc
02:6EF6  33 FC  MOVE.W  #$0000,($00C00000)       A0=019C454C A1=17E2632E A2=00026F76 A3=00FF8000 A4=00026FDA A5=00000000 A6=00000000 A7=00FF7FDC D0=00000000 D1=25371DE2 D2=00000000 D3=00000000 D4=00000000 D5=00000000 D6=00000000 D7=00000000 xnZvc
02:6EFE  51 C8  DBFa    D0,#$FFF6 [03:6EF6]      A0=019C454C A1=17E2632E A2=00026F76 A3=00FF8000 A4=00026FDA A5=00000000 A6=00000000 A7=00FF7FDC D0=00000000 D1=25371DE2 D2=00000000 D3=00000000 D4=00000000 D5=00000000 D6=00000000 D7=00000000 xnZvc
02:6F02  4E 75  RTS                              A0=019C454C A1=17E2632E A2=00026F76 A3=00FF8000 A4=00026FDA A5=00000000 A6=00000000 A7=00FF7FDC D0=0000FFFF D1=25371DE2 D2=00000000 D3=00000000 D4=00000000 D5=00000000 D6=00000000 D7=00000000 xnZvc

02:6F04  23 FC  MOVE.L  #$C0000000,($00C00004)   A0=0003A3D0 A1=00FF8036 A2=00FF800E A3=00FFE406 A4=00FFE40A A5=00000000 A6=00000000 A7=00FF7FA8 D0=00000000 D1=00000017 D2=00000001 D3=00000000 D4=00000000 D5=00000000 D6=00000000 D7=00000000 xnzvc
02:6F0E  30 3C  MOVE.W  #$003F,D0                A0=0003A3D0 A1=00FF8036 A2=00FF800E A3=00FFE406 A4=00FFE40A A5=00000000 A6=00000000 A7=00FF7FA8 D0=00000000 D1=00000017 D2=00000001 D3=00000000 D4=00000000 D5=00000000 D6=00000000 D7=00000000 xNzvc
02:6F12  33 FC  MOVE.W  #$0000,($00C00000)       A0=019C454C A1=17E2632E A2=00026F76 A3=00FF8000 A4=00026FDA A5=00000000 A6=00000000 A7=00FF7FDC D0=00000000 D1=25371DE2 D2=00000000 D3=00000000 D4=00000000 D5=00000000 D6=00000000 D7=00000000 xnZvc
02:6F1A  51 C8  DBFa    D0,#$FFF6 [03:6F12]      A0=019C454C A1=17E2632E A2=00026F76 A3=00FF8000 A4=00026FDA A5=00000000 A6=00000000 A7=00FF7FDC D0=00000000 D1=25371DE2 D2=00000000 D3=00000000 D4=00000000 D5=00000000 D6=00000000 D7=00000000 xnZvc
02:6F1E  4E 75  RTS                              A0=0003A3D0 A1=00FF8036 A2=00FF800E A3=00FFE406 A4=00FFE40A A5=00000000 A6=00000000 A7=00FF7FA8 D0=0000FFFF D1=00000017 D2=00000001 D3=00000000 D4=00000000 D5=00000000 D6=00000000 D7=00000000 xnZvc

02:6F4A  20 2F  MOVE.L  $0004(SP),D0             A0=0009281C A1=00FF8036 A2=00FF800E A3=00FFE406 A4=00FFE40A A5=00000000 A6=00000000 A7=00FF7FA0 D0=0000E3FF D1=0000FFFF D2=00000001 D3=00000000 D4=00000000 D5=00000000 D6=00000000 D7=00000000 xnzvc
02:6F4E  22 2F  MOVE.L  $0008(SP),D1             A0=0009281C A1=00FF8036 A2=00FF800E A3=00FFE406 A4=00FFE40A A5=00000000 A6=00000000 A7=00FF7FA0 D0=000063FF D1=0000FFFF D2=00000001 D3=00000000 D4=00000000 D5=00000000 D6=00000000 D7=00000000 xnzvc
02:6F52  53 41  SUBQ.W  #1,D1                    A0=0009281C A1=00FF8036 A2=00FF800E A3=00FFE406 A4=00FFE40A A5=00000000 A6=00000000 A7=00FF7FA0 D0=000063FF D1=00000800 D2=00000001 D3=00000000 D4=00000000 D5=00000000 D6=00000000 D7=00000000 xnzvc
02:6F54  33 C0  MOVE.W  D0,($00C00000)           A0=0009281C A1=00FFA248 A2=00FF800E A3=00FFE406 A4=00FFE40A A5=00000000 A6=00000000 A7=00FF7FA0 D0=0000E3FF D1=000007C0 D2=00000001 D3=00000000 D4=00000000 D5=00000000 D6=00000000 D7=00000000 xNzvc
02:6F5A  51 C9  DBFa    D1,#$FFF8 [03:6F54]      A0=0009281C A1=00FFA248 A2=00FF800E A3=00FFE406 A4=00FFE40A A5=00000000 A6=00000000 A7=00FF7FA0 D0=0000E3FF D1=000007C0 D2=00000001 D3=00000000 D4=00000000 D5=00000000 D6=00000000 D7=00000000 xNzvc
02:6F5E  4E 75  RTS                              A0=0009281C A1=00FF8036 A2=00FF800E A3=00FFE406 A4=00FFE40A A5=00000000 A6=00000000 A7=00FF7FA0 D0=000063FF D1=0000FFFF D2=00000001 D3=00000000 D4=00000000 D5=00000000 D6=00000000 D7=00000000 xnzvc

02:6F76  20 6F  MOVE.L  $0004(SP),A0             A0=00FF9364 A1=00FF8036 A2=00FF8000 A3=00FF800E A4=00026FDA A5=00000000 A6=00000000 A7=00FF7F9C D0=00000D10 D1=00000017 D2=00000000 D3=00000000 D4=00003050 D5=00000000 D6=00000000 D7=00000000 xnzvc
02:6F7A  20 2F  MOVE.L  $0008(SP),D0             A0=0002EC7E A1=00FF8036 A2=00FF8000 A3=00FF800E A4=00026FDA A5=00000000 A6=00000000 A7=00FF7F9C D0=00000D10 D1=00000017 D2=00000000 D3=00000000 D4=00003050 D5=00000000 D6=00000000 D7=00000000 xnzvc
02:6F7E  53 40  SUBQ.W  #1,D0                    A0=0002EC7E A1=00FF8036 A2=00FF8000 A3=00FF800E A4=00026FDA A5=00000000 A6=00000000 A7=00FF7F9C D0=00000D10 D1=00000017 D2=00000000 D3=00000000 D4=00003050 D5=00000000 D6=00000000 D7=00000000 xnzvc
02:6F80  33 D8  MOVE.W  (A0)+,($00C00000)        A0=000A841C A1=17E2632E A2=00026F76 A3=00FF8000 A4=00026FDA A5=00000000 A6=00000000 A7=00FF7FD8 D0=000006B0 D1=25371DE2 D2=00000000 D3=00000000 D4=00000000 D5=00000000 D6=00000000 D7=00000000 xNzvc
02:6F86  51 C8  DBFa    D0,#$FFF8 [03:6F80]      A0=000A841E A1=17E2632E A2=00026F76 A3=00FF8000 A4=00026FDA A5=00000000 A6=00000000 A7=00FF7FD8 D0=000006B0 D1=25371DE2 D2=00000000 D3=00000000 D4=00000000 D5=00000000 D6=00000000 D7=00000000 xnzvc
02:6F8A  4E 75  RTS                              A0=0003069E A1=00FF8036 A2=00FF8000 A3=00FF800E A4=00026FDA A5=00000000 A6=00000000 A7=00FF7F9C D0=0000FFFF D1=00000017 D2=00000000 D3=00000000 D4=00003050 D5=00000000 D6=00000000 D7=00000000 xnZvc

02:6F8C  4E 56  LINK    A6,#$0000                A0=00092E9C A1=00FF8036 A2=00FF800E A3=00FFE406 A4=00FFE40A A5=00000000 A6=00000000 A7=00FF7F90 D0=0000FFFF D1=6FBE0003 D2=00000001 D3=00000000 D4=00000000 D5=00000000 D6=00000000 D7=00000000 xnzvc
02:6F90  2F 02  MOVE.L  D2,-(SP)                 A0=00092E9C A1=00FF8036 A2=00FF800E A3=00FFE406 A4=00FFE40A A5=00000000 A6=00FF7F8C A7=00FF7F8C D0=0000FFFF D1=6FBE0003 D2=00000001 D3=00000000 D4=00000000 D5=00000000 D6=00000000 D7=00000000 xnzvc
02:6F92  22 6E  MOVE.L  $0008(A6),A1             A0=00092E9C A1=00FF8036 A2=00FF800E A3=00FFE406 A4=00FFE40A A5=00000000 A6=00FF7F8C A7=00FF7F88 D0=0000FFFF D1=6FBE0003 D2=00000001 D3=00000000 D4=00000000 D5=00000000 D6=00000000 D7=00000000 xnzvc
02:6F96  20 6E  MOVE.L  $000C(A6),A0             A0=00092E9C A1=0000A51C A2=00FF800E A3=00FFE406 A4=00FFE40A A5=00000000 A6=00FF7F8C A7=00FF7F88 D0=0000FFFF D1=6FBE0003 D2=00000001 D3=00000000 D4=00000000 D5=00000000 D6=00000000 D7=00000000 xnzvc
02:6F9A  24 2E  MOVE.L  $0014(A6),D2             A0=0009281C A1=0000A51C A2=00FF800E A3=00FFE406 A4=00FFE40A A5=00000000 A6=00FF7F8C A7=00FF7F88 D0=0000FFFF D1=6FBE0003 D2=00000001 D3=00000000 D4=00000000 D5=00000000 D6=00000000 D7=00000000 xnzvc
02:6F9E  53 42  SUBQ.W  #1,D2                    A0=0009281C A1=0000A51C A2=00FF800E A3=00FFE406 A4=00FFE40A A5=00000000 A6=00FF7F8C A7=00FF7F88 D0=0000FFFF D1=6FBE0003 D2=00000004 D3=00000000 D4=00000000 D5=00000000 D6=00000000 D7=00000000 xnzvc
02:6FA0  22 2E  MOVE.L  $0018(A6),D1             A0=0009281C A1=0000A51C A2=00FF800E A3=00FFE406 A4=00FFE40A A5=00000000 A6=00FF7F8C A7=00FF7F88 D0=0000FFFF D1=6FBE0003 D2=00000003 D3=00000000 D4=00000000 D5=00000000 D6=00000000 D7=00000000 xnzvc
02:6FA4  E3 81  ASL.L   #1,D1                    A0=0009281C A1=0000A51C A2=00FF800E A3=00FFE406 A4=00FFE40A A5=00000000 A6=00FF7F8C A7=00FF7F88 D0=0000FFFF D1=00000040 D2=00000003 D3=00000000 D4=00000000 D5=00000000 D6=00000000 D7=00000000 xnzvc
02:6FA6  20 09  MOVE.L  A1,D0                    A0=00092864 A1=0000A69C A2=00FF800E A3=00FFE406 A4=00FFE40A A5=00000000 A6=00FF7F8C A7=00FF7F88 D0=0000FFFF D1=00000080 D2=00000000 D3=00000000 D4=00000000 D5=00000000 D6=00000000 D7=00000000 xNzvc
02:6FA8  E5 88  LSL.L   #2,D0                    A0=00092864 A1=0000A69C A2=00FF800E A3=00FFE406 A4=00FFE40A A5=00000000 A6=00FF7F8C A7=00FF7F88 D0=0000A69C D1=00000080 D2=00000000 D3=00000000 D4=00000000 D5=00000000 D6=00000000 D7=00000000 xnzvc
02:6FAA  E4 48  LSR.W   #2,D0                    A0=00092864 A1=0000A69C A2=00FF800E A3=00FFE406 A4=00FFE40A A5=00000000 A6=00FF7F8C A7=00FF7F88 D0=00029A70 D1=00000080 D2=00000000 D3=00000000 D4=00000000 D5=00000000 D6=00000000 D7=00000000 xnzvc
02:6FAC  48 40  SWAP.W  D0                       A0=00092864 A1=0000A69C A2=00FF800E A3=00FFE406 A4=00FFE40A A5=00000000 A6=00FF7F8C A7=00FF7F88 D0=0002269C D1=00000080 D2=00000000 D3=00000000 D4=00000000 D5=00000000 D6=00000000 D7=00000000 xnzvc
02:6FAE  08 C0  BSET    #30,D0                   A0=00092864 A1=0000A69C A2=00FF800E A3=00FFE406 A4=00FFE40A A5=00000000 A6=00FF7F8C A7=00FF7F88 D0=269C0002 D1=00000080 D2=00000000 D3=00000000 D4=00000000 D5=00000000 D6=00000000 D7=00000000 xnzvc
02:6FB2  02 80  ANDI.L  #$7FFF0003,D0            A0=00092864 A1=0000A69C A2=00FF800E A3=00FFE406 A4=00FFE40A A5=00000000 A6=00FF7F8C A7=00FF7F88 D0=669C0002 D1=00000080 D2=00000000 D3=00000000 D4=00000000 D5=00000000 D6=00000000 D7=00000000 xnZvc
02:6FB8  23 C0  MOVE.L  D0,($00C00004)           A0=00092864 A1=0000A69C A2=00FF800E A3=00FFE406 A4=00FFE40A A5=00000000 A6=00FF7F8C A7=00FF7F88 D0=669C0002 D1=00000080 D2=00000000 D3=00000000 D4=00000000 D5=00000000 D6=00000000 D7=00000000 xnzvc
02:6FBE  D3 C1  ADDA.L  D1,A1                    A0=00092864 A1=0000A69C A2=00FF800E A3=00FFE406 A4=00FFE40A A5=00000000 A6=00FF7F8C A7=00FF7F88 D0=669C0002 D1=00000080 D2=00000000 D3=00000000 D4=00000000 D5=00000000 D6=00000000 D7=00000000 xnzvc
02:6FC0  20 2E  MOVE.L  $0010(A6),D0             A0=00092864 A1=0000A71C A2=00FF800E A3=00FFE406 A4=00FFE40A A5=00000000 A6=00FF7F8C A7=00FF7F88 D0=669C0002 D1=00000080 D2=00000000 D3=00000000 D4=00000000 D5=00000000 D6=00000000 D7=00000000 xnzvc
02:6FC4  53 40  SUBQ.W  #1,D0                    A0=00092864 A1=0000A71C A2=00FF800E A3=00FFE406 A4=00FFE40A A5=00000000 A6=00FF7F8C A7=00FF7F88 D0=0000000C D1=00000080 D2=00000000 D3=00000000 D4=00000000 D5=00000000 D6=00000000 D7=00000000 xnzvc
02:6FC6  33 D8  MOVE.W  (A0)+,($00C00000)        A0=0009283A A1=0000A61C A2=00FF800E A3=00FFE406 A4=00FFE40A A5=00000000 A6=00FF7F8C A7=00FF7F88 D0=00000008 D1=00000080 D2=00000002 D3=00000000 D4=00000000 D5=00000000 D6=00000000 D7=00000000 xNzvc
02:6FCC  51 C8  DBFa    D0,#$FFF8 [03:6FC6]      A0=0009283C A1=0000A61C A2=00FF800E A3=00FFE406 A4=00FFE40A A5=00000000 A6=00FF7F8C A7=00FF7F88 D0=00000008 D1=00000080 D2=00000002 D3=00000000 D4=00000000 D5=00000000 D6=00000000 D7=00000000 xNzvc
02:6FD0  51 CA  DBFa    D2,#$FFD4 [03:6FA6]      A0=0009287C A1=0000A71C A2=00FF800E A3=00FFE406 A4=00FFE40A A5=00000000 A6=00FF7F8C A7=00FF7F88 D0=0000FFFF D1=00000080 D2=00000000 D3=00000000 D4=00000000 D5=00000000 D6=00000000 D7=00000000 xNzvc
02:6FD4  24 1F  MOVE.L  (SP)+,D2                 A0=0009287C A1=0000A71C A2=00FF800E A3=00FFE406 A4=00FFE40A A5=00000000 A6=00FF7F8C A7=00FF7F88 D0=0000FFFF D1=00000080 D2=0000FFFF D3=00000000 D4=00000000 D5=00000000 D6=00000000 D7=00000000 xNzvc
02:6FD6  4E 5E  ULNK    A6                       A0=0009287C A1=0000A71C A2=00FF800E A3=00FFE406 A4=00FFE40A A5=00000000 A6=00FF7F8C A7=00FF7F8C D0=0000FFFF D1=00000080 D2=00000001 D3=00000000 D4=00000000 D5=00000000 D6=00000000 D7=00000000 xnzvc
02:6FD8  4E 75  RTS                              A0=0009287C A1=0000A71C A2=00FF800E A3=00FFE406 A4=00FFE40A A5=00000000 A6=00000000 A7=00FF7F90 D0=0000FFFF D1=00000080 D2=00000001 D3=00000000 D4=00000000 D5=00000000 D6=00000000 D7=00000000 xnzvc

02:6FDA  20 6F  MOVE.L  $0004(SP),A0             A0=00FFA60F A1=00FFD940 A2=00FFE3F8 A3=00FFE3FC A4=00FF8000 A5=00000000 A6=00000000 A7=00FF7F90 D0=00000002 D1=00000019 D2=00000001 D3=00000014 D4=00000000 D5=00000000 D6=00000000 D7=00000000 xnzvc
02:6FDE  20 2F  MOVE.L  $0008(SP),D0             A0=00098388 A1=00FFD940 A2=00FFE3F8 A3=00FFE3FC A4=00FF8000 A5=00000000 A6=00000000 A7=00FF7F90 D0=00000002 D1=00000019 D2=00000001 D3=00000014 D4=00000000 D5=00000000 D6=00000000 D7=00000000 xnzvc
02:6FE2  02 80  ANDI.L  #$00000003,D0            A0=00098388 A1=00FFD940 A2=00FFE3F8 A3=00FFE3FC A4=00FF8000 A5=00000000 A6=00000000 A7=00FF7F90 D0=00000003 D1=00000019 D2=00000001 D3=00000014 D4=00000000 D5=00000000 D6=00000000 D7=00000000 xnzvc
02:6FE8  EB 88  LSL.L   #5,D0                    A0=00098388 A1=00FFD940 A2=00FFE3F8 A3=00FFE3FC A4=00FF8000 A5=00000000 A6=00000000 A7=00FF7F90 D0=00000003 D1=00000019 D2=00000001 D3=00000014 D4=00000000 D5=00000000 D6=00000000 D7=00000000 xnzvc
02:6FEA  00 40  ORI.W   #$C000,D0                A0=00098388 A1=00FFD940 A2=00FFE3F8 A3=00FFE3FC A4=00FF8000 A5=00000000 A6=00000000 A7=00FF7F90 D0=00000060 D1=00000019 D2=00000001 D3=00000014 D4=00000000 D5=00000000 D6=00000000 D7=00000000 xnzvc
02:6FEE  48 40  SWAP.W  D0                       A0=00098388 A1=00FFD940 A2=00FFE3F8 A3=00FFE3FC A4=00FF8000 A5=00000000 A6=00000000 A7=00FF7F90 D0=0000C060 D1=00000019 D2=00000001 D3=00000014 D4=00000000 D5=00000000 D6=00000000 D7=00000000 xNzvc
02:6FF0  23 C0  MOVE.L  D0,($00C00004)           A0=00098388 A1=00FFD940 A2=00FFE3F8 A3=00FFE3FC A4=00FF8000 A5=00000000 A6=00000000 A7=00FF7F90 D0=C0600000 D1=00000019 D2=00000001 D3=00000014 D4=00000000 D5=00000000 D6=00000000 D7=00000000 xNzvc
02:6FF6  30 3C  MOVE.W  #$000F,D0                A0=00098388 A1=00FFD940 A2=00FFE3F8 A3=00FFE3FC A4=00FF8000 A5=00000000 A6=00000000 A7=00FF7F90 D0=C0600000 D1=00000019 D2=00000001 D3=00000014 D4=00000000 D5=00000000 D6=00000000 D7=00000000 xNzvc
02:6FFA  33 D8  MOVE.W  (A0)+,($00C00000)        A0=000983A6 A1=00FFD940 A2=00FFE3F8 A3=00FFE3FC A4=00FF8000 A5=00000000 A6=00000000 A7=00FF7F90 D0=C0600000 D1=00000019 D2=00000001 D3=00000014 D4=00000000 D5=00000000 D6=00000000 D7=00000000 xnzvc
02:7000  51 C8  DBFa    D0,#$FFF8 [03:6FFA]      A0=000983A8 A1=00FFD940 A2=00FFE3F8 A3=00FFE3FC A4=00FF8000 A5=00000000 A6=00000000 A7=00FF7F90 D0=C0600000 D1=00000019 D2=00000001 D3=00000014 D4=00000000 D5=00000000 D6=00000000 D7=00000000 xnZvc
02:7004  4E 75  RTS                              A0=000983A8 A1=00FFD940 A2=00FFE3F8 A3=00FFE3FC A4=00FF8000 A5=00000000 A6=00000000 A7=00FF7F90 D0=C060FFFF D1=00000019 D2=00000001 D3=00000014 D4=00000000 D5=00000000 D6=00000000 D7=00000000 xnZvc

02:7006  33 FC  MOVE.W  #$0100,($00A11100)       A0=00FF9364 A1=00037324 A2=00FFE3F8 A3=00FF8000 A4=00FFE3FC A5=00000000 A6=00000000 A7=00FF7FA0 D0=00000000 D1=0000FF3F D2=00000035 D3=00000000 D4=00000000 D5=00000000 D6=00000000 D7=00000000 xnZvc
02:700E  13 FC  MOVE.B  #$40,($00A10009)         A0=00FF9364 A1=00037324 A2=00FFE3F8 A3=00FF8000 A4=00FFE3FC A5=00000000 A6=00000000 A7=00FF7FA0 D0=00000000 D1=0000FF3F D2=00000035 D3=00000000 D4=00000000 D5=00000000 D6=00000000 D7=00000000 xnzvc
02:7016  13 FC  MOVE.B  #$00,($00A10003)         A0=00FF9364 A1=00037324 A2=00FFE3F8 A3=00FF8000 A4=00FFE3FC A5=00000000 A6=00000000 A7=00FF7FA0 D0=00000000 D1=0000FF3F D2=00000035 D3=00000000 D4=00000000 D5=00000000 D6=00000000 D7=00000000 xnzvc
02:701E  32 3C  MOVE.W  #$000A,D1                A0=00FF9364 A1=00037324 A2=00FFE3F8 A3=00FF8000 A4=00FFE3FC A5=00000000 A6=00000000 A7=00FF7FA0 D0=00000000 D1=0000FF3F D2=00000035 D3=00000000 D4=00000000 D5=00000000 D6=00000000 D7=00000000 xnZvc
02:7022  51 C9  DBFa    D1,#$FFFE [03:7022]      A0=00FF9364 A1=00037324 A2=00FFE3F8 A3=00FF8000 A4=00FFE3FC A5=00000000 A6=00000000 A7=00FF7FA0 D0=00000000 D1=00000002 D2=00000018 D3=00000000 D4=00000000 D5=00000000 D6=00000000 D7=00000000 xnzvc
02:7026  70 00  MOVEQ   #$00,D0                  A0=00FF9364 A1=00037324 A2=00FFE3F8 A3=00FF8000 A4=00FFE3FC A5=00000000 A6=00000000 A7=00FF7FA0 D0=00000000 D1=0000FFFF D2=00000035 D3=00000000 D4=00000000 D5=00000000 D6=00000000 D7=00000000 xnzvc
02:7028  10 39  MOVE.B  ($00A10003),D0           A0=00FF9364 A1=00037324 A2=00FFE3F8 A3=00FF8000 A4=00FFE3FC A5=00000000 A6=00000000 A7=00FF7FA0 D0=00000000 D1=0000FFFF D2=00000035 D3=00000000 D4=00000000 D5=00000000 D6=00000000 D7=00000000 xnZvc
02:702E  E5 08  LSL.B   #2,D0                    A0=00FF9364 A1=00037324 A2=00FFE3F8 A3=00FF8000 A4=00FFE3FC A5=00000000 A6=00000000 A7=00FF7FA0 D0=00000033 D1=0000FFFF D2=00000035 D3=00000000 D4=00000000 D5=00000000 D6=00000000 D7=00000000 xnzvc
02:7030  02 00  ANDI.B  #$C0,D0                  A0=00FF9364 A1=00037324 A2=00FFE3F8 A3=00FF8000 A4=00FFE3FC A5=00000000 A6=00000000 A7=00FF7FA0 D0=000000CC D1=0000FFFF D2=00000035 D3=00000000 D4=00000000 D5=00000000 D6=00000000 D7=00000000 xNzvc
02:7034  13 FC  MOVE.B  #$40,($00A10003)         A0=00FF9364 A1=00037324 A2=00FFE3F8 A3=00FF8000 A4=00FFE3FC A5=00000000 A6=00000000 A7=00FF7FA0 D0=000000C0 D1=0000FFFF D2=00000035 D3=00000000 D4=00000000 D5=00000000 D6=00000000 D7=00000000 xNzvc
02:703C  32 3C  MOVE.W  #$000A,D1                A0=00FF9364 A1=00037324 A2=00FFE3F8 A3=00FF8000 A4=00FFE3FC A5=00000000 A6=00000000 A7=00FF7FA0 D0=000000C0 D1=0000FFFF D2=00000035 D3=00000000 D4=00000000 D5=00000000 D6=00000000 D7=00000000 xnzvc
02:7040  51 C9  DBFa    D1,#$FFFE [03:7040]      A0=00FF9364 A1=00037324 A2=00FFE3F8 A3=00FF8000 A4=00FFE3FC A5=00000000 A6=00000000 A7=00FF7FA0 D0=000000C0 D1=00000002 D2=00000018 D3=00000000 D4=00000000 D5=00000000 D6=00000000 D7=00000000 xnzvc
02:7044  12 39  MOVE.B  ($00A10003),D1           A0=00FF9364 A1=00037324 A2=00FFE3F8 A3=00FF8000 A4=00FFE3FC A5=00000000 A6=00000000 A7=00FF7FA0 D0=000000C0 D1=0000FFFF D2=00000035 D3=00000000 D4=00000000 D5=00000000 D6=00000000 D7=00000000 xnzvc
02:704A  02 01  ANDI.B  #$3F,D1                  A0=00FF9364 A1=00037324 A2=00FFE3F8 A3=00FF8000 A4=00FFE3FC A5=00000000 A6=00000000 A7=00FF7FA0 D0=000000C0 D1=0000FF7F D2=00000035 D3=00000000 D4=00000000 D5=00000000 D6=00000000 D7=00000000 xnzvc
02:704E  80 01  OR.B    D1,D0                    A0=00FF9364 A1=00037324 A2=00FFE3F8 A3=00FF8000 A4=00FFE3FC A5=00000000 A6=00000000 A7=00FF7FA0 D0=000000C0 D1=0000FF3F D2=00000035 D3=00000000 D4=00000000 D5=00000000 D6=00000000 D7=00000000 xnzvc
02:7050  46 00  NOT.B   D0                       A0=00FF9364 A1=00037324 A2=00FFE3F8 A3=00FF8000 A4=00FFE3FC A5=00000000 A6=00000000 A7=00FF7FA0 D0=000000FF D1=0000FF3F D2=00000035 D3=00000000 D4=00000000 D5=00000000 D6=00000000 D7=00000000 xNzvc
02:7052  55 39  SUBQ.B  #2,($00A0004A)           A0=00FF9364 A1=00037324 A2=00FFE3F8 A3=00FF8000 A4=00FFE3FC A5=00000000 A6=00000000 A7=00FF7FA0 D0=00000000 D1=0000FF3F D2=00000035 D3=00000000 D4=00000000 D5=00000000 D6=00000000 D7=00000000 xnZvc
02:7058  13 F9  MOVE.B  ($00A0004B),($00FFE46E)  A0=00FF9364 A1=00037324 A2=00FFE3F8 A3=00FF8000 A4=00FFE3FC A5=00000000 A6=00000000 A7=00FF7FA0 D0=00000000 D1=0000FF3F D2=00000035 D3=00000000 D4=00000000 D5=00000000 D6=00000000 D7=00000000 xnzvc
02:7062  33 FC  MOVE.W  #$0000,($00A11100)       A0=00FF9364 A1=00037324 A2=00FFE3F8 A3=00FF8000 A4=00FFE3FC A5=00000000 A6=00000000 A7=00FF7FA0 D0=00000000 D1=0000FF3F D2=00000035 D3=00000000 D4=00000000 D5=00000000 D6=00000000 D7=00000000 xnZvc
02:706A  4E 75  RTS                              A0=00FF9364 A1=00037324 A2=00FFE3F8 A3=00FF8000 A4=00FFE3FC A5=00000000 A6=00000000 A7=00FF7FA0 D0=00000000 D1=0000FF3F D2=00000035 D3=00000000 D4=00000000 D5=00000000 D6=00000000 D7=00000000 xnZvc

02:706C  33 FC  MOVE.W  #$0100,($00A11100)       A0=00FF9364 A1=00037324 A2=00FFE3F8 A3=00FF8000 A4=00FFE3FC A5=00000000 A6=00000000 A7=00FF7FA0 D0=00000001 D1=00000000 D2=00000035 D3=00000000 D4=00000000 D5=00000000 D6=00000000 D7=00000000 xnzvC
02:7074  13 FC  MOVE.B  #$40,($00A1000B)         A0=00FF9364 A1=00037324 A2=00FFE3F8 A3=00FF8000 A4=00FFE3FC A5=00000000 A6=00000000 A7=00FF7FA0 D0=00000001 D1=00000000 D2=00000035 D3=00000000 D4=00000000 D5=00000000 D6=00000000 D7=00000000 xnzvc
02:707C  13 FC  MOVE.B  #$00,($00A10005)         A0=00FF9364 A1=00037324 A2=00FFE3F8 A3=00FF8000 A4=00FFE3FC A5=00000000 A6=00000000 A7=00FF7FA0 D0=00000001 D1=00000000 D2=00000035 D3=00000000 D4=00000000 D5=00000000 D6=00000000 D7=00000000 xnzvc
02:7084  32 3C  MOVE.W  #$000A,D1                A0=00FF9364 A1=00037324 A2=00FFE3F8 A3=00FF8000 A4=00FFE3FC A5=00000000 A6=00000000 A7=00FF7FA0 D0=00000001 D1=00000000 D2=00000035 D3=00000000 D4=00000000 D5=00000000 D6=00000000 D7=00000000 xnZvc
02:7088  51 C9  DBFa    D1,#$FFFE [03:7088]      A0=00FF9364 A1=00037324 A2=00FFE3F8 A3=00FF8000 A4=00FFE3FC A5=00000000 A6=00000000 A7=00FF7FA0 D0=00000001 D1=00000002 D2=00000018 D3=00000000 D4=00000000 D5=00000000 D6=00000000 D7=00000000 xnzvc
02:708C  70 00  MOVEQ   #$00,D0                  A0=00FF9364 A1=00037324 A2=00FFE3F8 A3=00FF8000 A4=00FFE3FC A5=00000000 A6=00000000 A7=00FF7FA0 D0=00000001 D1=0000FFFF D2=00000035 D3=00000000 D4=00000000 D5=00000000 D6=00000000 D7=00000000 xnzvc
02:708E  10 39  MOVE.B  ($00A10005),D0           A0=00FF9364 A1=00037324 A2=00FFE3F8 A3=00FF8000 A4=00FFE3FC A5=00000000 A6=00000000 A7=00FF7FA0 D0=00000000 D1=0000FFFF D2=00000035 D3=00000000 D4=00000000 D5=00000000 D6=00000000 D7=00000000 xnZvc
02:7094  E5 08  LSL.B   #2,D0                    A0=00FF9364 A1=00037324 A2=00FFE3F8 A3=00FF8000 A4=00FFE3FC A5=00000000 A6=00000000 A7=00FF7FA0 D0=00000033 D1=0000FFFF D2=00000035 D3=00000000 D4=00000000 D5=00000000 D6=00000000 D7=00000000 xnzvc
02:7096  02 00  ANDI.B  #$C0,D0                  A0=00FF9364 A1=00037324 A2=00FFE3F8 A3=00FF8000 A4=00FFE3FC A5=00000000 A6=00000000 A7=00FF7FA0 D0=000000CC D1=0000FFFF D2=00000035 D3=00000000 D4=00000000 D5=00000000 D6=00000000 D7=00000000 xNzvc
02:709A  13 FC  MOVE.B  #$40,($00A10005)         A0=00FF9364 A1=00037324 A2=00FFE3F8 A3=00FF8000 A4=00FFE3FC A5=00000000 A6=00000000 A7=00FF7FA0 D0=000000C0 D1=0000FFFF D2=00000035 D3=00000000 D4=00000000 D5=00000000 D6=00000000 D7=00000000 xNzvc
02:70A2  32 3C  MOVE.W  #$000A,D1                A0=00FF9364 A1=00037324 A2=00FFE3F8 A3=00FF8000 A4=00FFE3FC A5=00000000 A6=00000000 A7=00FF7FA0 D0=000000C0 D1=0000FFFF D2=00000035 D3=00000000 D4=00000000 D5=00000000 D6=00000000 D7=00000000 xnzvc
02:70A6  51 C9  DBFa    D1,#$FFFE [03:70A6]      A0=00FF9364 A1=00037324 A2=00FFE3F8 A3=00FF8000 A4=00FFE3FC A5=00000000 A6=00000000 A7=00FF7FA0 D0=000000C0 D1=00000002 D2=00000018 D3=00000000 D4=00000000 D5=00000000 D6=00000000 D7=00000000 xnzvc
02:70AA  12 39  MOVE.B  ($00A10005),D1           A0=00FF9364 A1=00037324 A2=00FFE3F8 A3=00FF8000 A4=00FFE3FC A5=00000000 A6=00000000 A7=00FF7FA0 D0=000000C0 D1=0000FFFF D2=00000035 D3=00000000 D4=00000000 D5=00000000 D6=00000000 D7=00000000 xnzvc
02:70B0  02 01  ANDI.B  #$3F,D1                  A0=00FF9364 A1=00037324 A2=00FFE3F8 A3=00FF8000 A4=00FFE3FC A5=00000000 A6=00000000 A7=00FF7FA0 D0=000000C0 D1=0000FF7F D2=00000035 D3=00000000 D4=00000000 D5=00000000 D6=00000000 D7=00000000 xnzvc
02:70B4  80 01  OR.B    D1,D0                    A0=00FF9364 A1=00037324 A2=00FFE3F8 A3=00FF8000 A4=00FFE3FC A5=00000000 A6=00000000 A7=00FF7FA0 D0=000000C0 D1=0000FF3F D2=00000035 D3=00000000 D4=00000000 D5=00000000 D6=00000000 D7=00000000 xnzvc
02:70B6  46 00  NOT.B   D0                       A0=00FF9364 A1=00037324 A2=00FFE3F8 A3=00FF8000 A4=00FFE3FC A5=00000000 A6=00000000 A7=00FF7FA0 D0=000000FF D1=0000FF3F D2=00000035 D3=00000000 D4=00000000 D5=00000000 D6=00000000 D7=00000000 xNzvc
02:70B8  55 39  SUBQ.B  #2,($00A0004A)           A0=00FF9364 A1=00037324 A2=00FFE3F8 A3=00FF8000 A4=00FFE3FC A5=00000000 A6=00000000 A7=00FF7FA0 D0=00000000 D1=0000FF3F D2=00000035 D3=00000000 D4=00000000 D5=00000000 D6=00000000 D7=00000000 xnZvc
02:70BE  13 F9  MOVE.B  ($00A0004B),($00FFE46E)  A0=00FF9364 A1=00037324 A2=00FFE3F8 A3=00FF8000 A4=00FFE3FC A5=00000000 A6=00000000 A7=00FF7FA0 D0=00000000 D1=0000FF3F D2=00000035 D3=00000000 D4=00000000 D5=00000000 D6=00000000 D7=00000000 xnzvc
02:70C8  33 FC  MOVE.W  #$0000,($00A11100)       A0=00FF9364 A1=00037324 A2=00FFE3F8 A3=00FF8000 A4=00FFE3FC A5=00000000 A6=00000000 A7=00FF7FA0 D0=00000000 D1=0000FF3F D2=00000035 D3=00000000 D4=00000000 D5=00000000 D6=00000000 D7=00000000 xnZvc
02:70D0  4E 75  RTS                              A0=00FF9364 A1=00037324 A2=00FFE3F8 A3=00FF8000 A4=00FFE3FC A5=00000000 A6=00000000 A7=00FF7FA0 D0=00000000 D1=0000FF3F D2=00000035 D3=00000000 D4=00000000 D5=00000000 D6=00000000 D7=00000000 xnZvc

02:70DC  2F 02  MOVE.L  D2,-(SP)                 A0=00000000 A1=0001F31D A2=00FF91E2 A3=00FFE3FC A4=00FF8000 A5=00000000 A6=00000000 A7=00FF7F74 D0=01169605 D1=0001F31D D2=00000001 D3=0000008E D4=0000001F D5=00000000 D6=00000000 D7=00000000 xnzvc
02:70DE  24 01  MOVE.L  D1,D2                    A0=00000000 A1=0001F31D A2=00FF91E2 A3=00FFE3FC A4=00FF8000 A5=00000000 A6=00000000 A7=00FF7F70 D0=01169605 D1=0001F31D D2=00000001 D3=0000008E D4=0000001F D5=00000000 D6=00000000 D7=00000000 xnzvc
02:70E0  6C 02  BGE     #$02 [02:70E4]           A0=00000000 A1=0001F31D A2=00FF91E2 A3=00FFE3FC A4=00FF8000 A5=00000000 A6=00000000 A7=00FF7F70 D0=01169605 D1=0001F31D D2=0001F31D D3=0000008E D4=0000001F D5=00000000 D6=00000000 D7=00000000 xnzvc
02:70E4  22 00  MOVE.L  D0,D1                    A0=00000000 A1=0001F31D A2=00FF91E2 A3=00FFE3FC A4=00FF8000 A5=00000000 A6=00000000 A7=00FF7F70 D0=01169605 D1=0001F31D D2=0001F31D D3=0000008E D4=0000001F D5=00000000 D6=00000000 D7=00000000 xnzvc
02:70E6  70 00  MOVEQ   #$00,D0                  A0=00000000 A1=0001F31D A2=00FF91E2 A3=00FFE3FC A4=00FF8000 A5=00000000 A6=00000000 A7=00FF7F70 D0=01169605 D1=01169605 D2=0001F31D D3=0000008E D4=0000001F D5=00000000 D6=00000000 D7=00000000 xnzvc
02:70E8  4A 81  TST.L   D1                       A0=00000000 A1=0001F31D A2=00FF91E2 A3=00FFE3FC A4=00FF8000 A5=00000000 A6=00000000 A7=00FF7F70 D0=00000000 D1=01169605 D2=0001F31D D3=0000008E D4=0000001F D5=00000000 D6=00000000 D7=00000000 xnZvc
02:70EA  6C 04  BGE     #$04 [02:70F0]           A0=00000000 A1=0001F31D A2=00FF91E2 A3=00FFE3FC A4=00FF8000 A5=00000000 A6=00000000 A7=00FF7F70 D0=00000000 D1=01169605 D2=0001F31D D3=0000008E D4=0000001F D5=00000000 D6=00000000 D7=00000000 xnzvc
02:70F0  20 40  MOVE.L  D0,A0                    A0=00000000 A1=0001F31D A2=00FF91E2 A3=00FFE3FC A4=00FF8000 A5=00000000 A6=00000000 A7=00FF7F70 D0=00000000 D1=01169605 D2=0001F31D D3=0000008E D4=0000001F D5=00000000 D6=00000000 D7=00000000 xnzvc
02:70F2  0C 82  CMPI.L  #$0000FFFF,D2            A0=00000000 A1=0001F31D A2=00FF91E2 A3=00FFE3FC A4=00FF8000 A5=00000000 A6=00000000 A7=00FF7F70 D0=00000000 D1=01169605 D2=0001F31D D3=0000008E D4=0000001F D5=00000000 D6=00000000 D7=00000000 xnzvc
02:70F8  62 18  BHI     #$18 [02:7112]           A0=00000000 A1=0001F31D A2=00FF91E2 A3=00FFE3FC A4=00FF8000 A5=00000000 A6=00000000 A7=00FF7F70 D0=00000000 D1=01169605 D2=0001F31D D3=0000008E D4=0000001F D5=00000000 D6=00000000 D7=00000000 xnzvc
02:7112  20 01  MOVE.L  D1,D0                    A0=00000000 A1=0001F31D A2=00FF91E2 A3=00FFE3FC A4=00FF8000 A5=00000000 A6=00000000 A7=00FF7F70 D0=00000000 D1=01169605 D2=0001F31D D3=0000008E D4=0000001F D5=00000000 D6=00000000 D7=00000000 xnzvc
02:7114  42 40  CLR.W   D0                       A0=00000000 A1=0001F31D A2=00FF91E2 A3=00FFE3FC A4=00FF8000 A5=00000000 A6=00000000 A7=00FF7F70 D0=01169605 D1=01169605 D2=0001F31D D3=0000008E D4=0000001F D5=00000000 D6=00000000 D7=00000000 xnzvc
02:7116  48 40  SWAP.W  D0                       A0=00000000 A1=0001F31D A2=00FF91E2 A3=00FFE3FC A4=00FF8000 A5=00000000 A6=00000000 A7=00FF7F70 D0=01160000 D1=01169605 D2=0001F31D D3=0000008E D4=0000001F D5=00000000 D6=00000000 D7=00000000 xnZvc
02:7118  48 41  SWAP.W  D1                       A0=00000000 A1=0001F31D A2=00FF91E2 A3=00FFE3FC A4=00FF8000 A5=00000000 A6=00000000 A7=00FF7F70 D0=00000116 D1=01169605 D2=0001F31D D3=0000008E D4=0000001F D5=00000000 D6=00000000 D7=00000000 xnzvc
02:711A  42 41  CLR.W   D1                       A0=00000000 A1=0001F31D A2=00FF91E2 A3=00FFE3FC A4=00FF8000 A5=00000000 A6=00000000 A7=00FF7F70 D0=00000116 D1=96050116 D2=0001F31D D3=0000008E D4=0000001F D5=00000000 D6=00000000 D7=00000000 xNzvc
02:711C  22 42  MOVE.L  D2,A1                    A0=00000000 A1=0001F31D A2=00FF91E2 A3=00FFE3FC A4=00FF8000 A5=00000000 A6=00000000 A7=00FF7F70 D0=00000116 D1=96050000 D2=0001F31D D3=0000008E D4=0000001F D5=00000000 D6=00000000 D7=00000000 xnZvc
02:711E  74 0F  MOVEQ   #$0F,D2                  A0=00000000 A1=0001F31D A2=00FF91E2 A3=00FFE3FC A4=00FF8000 A5=00000000 A6=00000000 A7=00FF7F70 D0=00000116 D1=96050000 D2=0001F31D D3=0000008E D4=0000001F D5=00000000 D6=00000000 D7=00000000 xnZvc
02:7120  D2 81  ADD.L   D1,D1                    A0=00000000 A1=0001F31D A2=00FF91E2 A3=00FFE3FC A4=00FF8000 A5=00000000 A6=00000000 A7=00FF7F70 D0=0001A7E6 D1=80001F82 D2=00000000 D3=00003F05 D4=00000001 D5=00000000 D6=00000000 D7=00000000 xnzvc
02:7122  D1 80  ADDX.L  D0,D0                    A0=00000000 A1=0001F31D A2=00FF91E2 A3=00FFE3FC A4=00FF8000 A5=00000000 A6=00000000 A7=00FF7F70 D0=0001A7E6 D1=00003F04 D2=00000000 D3=00003F05 D4=00000001 D5=00000000 D6=00000000 D7=00000000 XnzVC
02:7124  B3 C0  CMPA.L  D0,A1                    A0=00000000 A1=0001F31D A2=00FF91E2 A3=00FFE3FC A4=00FF8000 A5=00000000 A6=00000000 A7=00FF7F70 D0=00034FCD D1=00003F04 D2=00000000 D3=00003F05 D4=00000001 D5=00000000 D6=00000000 D7=00000000 xnzvc
02:7126  62 04  BHI     #$04 [02:712C]           A0=00000000 A1=0001F31D A2=00FF91E2 A3=00FFE3FC A4=00FF8000 A5=00000000 A6=00000000 A7=00FF7F70 D0=00034FCD D1=00003F04 D2=00000000 D3=00003F05 D4=00000001 D5=00000000 D6=00000000 D7=00000000 xNzvC
02:7128  90 89  SUB.L   A1,D0                    A0=00000000 A1=0001F31D A2=00FF91E2 A3=00FFE3FC A4=00FF8000 A5=00000000 A6=00000000 A7=00FF7F70 D0=0003125D D1=600001D2 D2=00000003 D3=00000E9C D4=00000004 D5=00000000 D6=00000000 D7=00000000 xNzvC
02:712A  52 41  ADDQ.W  #1,D1                    A0=00000000 A1=0001F31D A2=00FF91E2 A3=00FFE3FC A4=00FF8000 A5=00000000 A6=00000000 A7=00FF7F70 D0=00011F40 D1=600001D2 D2=00000003 D3=00000E9C D4=00000004 D5=00000000 D6=00000000 D7=00000000 xnzvc
02:712C  51 CA  DBFa    D2,#$FFF2 [03:7120]      A0=00000000 A1=0001F31D A2=00FF91E2 A3=00FFE3FC A4=00FF8000 A5=00000000 A6=00000000 A7=00FF7F70 D0=00015CB0 D1=00003F05 D2=00000000 D3=00003F05 D4=00000001 D5=00000000 D6=00000000 D7=00000000 xnzvc
02:7130  34 08  MOVE.W  A0,D2                    A0=00000000 A1=0001F31D A2=00FF91E2 A3=00FFE3FC A4=00FF8000 A5=00000000 A6=00000000 A7=00FF7F70 D0=0001BBEF D1=0000008E D2=0000FFFF D3=0000008E D4=0000001F D5=00000000 D6=00000000 D7=00000000 xnzvc
02:7132  67 02  BEQ     #$02 [02:7136]           A0=00000000 A1=0001F31D A2=00FF91E2 A3=00FFE3FC A4=00FF8000 A5=00000000 A6=00000000 A7=00FF7F70 D0=0001BBEF D1=0000008E D2=00000000 D3=0000008E D4=0000001F D5=00000000 D6=00000000 D7=00000000 xnZvc
02:7136  24 1F  MOVE.L  (SP)+,D2                 A0=00000000 A1=0001F31D A2=00FF91E2 A3=00FFE3FC A4=00FF8000 A5=00000000 A6=00000000 A7=00FF7F70 D0=0001BBEF D1=0000008E D2=00000000 D3=0000008E D4=0000001F D5=00000000 D6=00000000 D7=00000000 xnZvc
02:7138  4E 75  RTS                              A0=00000000 A1=0001F31D A2=00FF91E2 A3=00FFE3FC A4=00FF8000 A5=00000000 A6=00000000 A7=00FF7F74 D0=0001BBEF D1=0000008E D2=00000001 D3=0000008E D4=0000001F D5=00000000 D6=00000000 D7=00000000 xnzvc

02:713A  2F 02  MOVE.L  D2,-(SP)                 A0=02073E6C A1=031DD471 A2=00FF91E2 A3=00FFE3FC A4=00FF8000 A5=00000000 A6=00000000 A7=00FF7F74 D0=01169605 D1=0001F31D D2=00000001 D3=0000002A D4=0000001F D5=00000000 D6=00000000 D7=00000000 xnzvc
02:713C  20 40  MOVE.L  D0,A0                    A0=02073E6C A1=031DD471 A2=00FF91E2 A3=00FFE3FC A4=00FF8000 A5=00000000 A6=00000000 A7=00FF7F70 D0=01169605 D1=0001F31D D2=00000001 D3=0000002A D4=0000001F D5=00000000 D6=00000000 D7=00000000 xnzvc
02:713E  70 00  MOVEQ   #$00,D0                  A0=01169605 A1=031DD471 A2=00FF91E2 A3=00FFE3FC A4=00FF8000 A5=00000000 A6=00000000 A7=00FF7F70 D0=01169605 D1=0001F31D D2=00000001 D3=0000002A D4=0000001F D5=00000000 D6=00000000 D7=00000000 xnzvc
02:7140  24 01  MOVE.L  D1,D2                    A0=01169605 A1=031DD471 A2=00FF91E2 A3=00FFE3FC A4=00FF8000 A5=00000000 A6=00000000 A7=00FF7F70 D0=00000000 D1=0001F31D D2=00000001 D3=0000002A D4=0000001F D5=00000000 D6=00000000 D7=00000000 xnZvc
02:7142  6C 04  BGE     #$04 [02:7148]           A0=01169605 A1=031DD471 A2=00FF91E2 A3=00FFE3FC A4=00FF8000 A5=00000000 A6=00000000 A7=00FF7F70 D0=00000000 D1=0001F31D D2=0001F31D D3=0000002A D4=0000001F D5=00000000 D6=00000000 D7=00000000 xnzvc
02:7148  22 08  MOVE.L  A0,D1                    A0=01169605 A1=031DD471 A2=00FF91E2 A3=00FFE3FC A4=00FF8000 A5=00000000 A6=00000000 A7=00FF7F70 D0=00000000 D1=0001F31D D2=0001F31D D3=0000002A D4=0000001F D5=00000000 D6=00000000 D7=00000000 xnzvc
02:714A  6C 04  BGE     #$04 [02:7150]           A0=01169605 A1=031DD471 A2=00FF91E2 A3=00FFE3FC A4=00FF8000 A5=00000000 A6=00000000 A7=00FF7F70 D0=00000000 D1=01169605 D2=0001F31D D3=0000002A D4=0000001F D5=00000000 D6=00000000 D7=00000000 xnzvc
02:7150  20 40  MOVE.L  D0,A0                    A0=01169605 A1=031DD471 A2=00FF91E2 A3=00FFE3FC A4=00FF8000 A5=00000000 A6=00000000 A7=00FF7F70 D0=00000000 D1=01169605 D2=0001F31D D3=0000002A D4=0000001F D5=00000000 D6=00000000 D7=00000000 xnzvc
02:7152  0C 82  CMPI.L  #$0000FFFF,D2            A0=00000000 A1=031DD471 A2=00FF91E2 A3=00FFE3FC A4=00FF8000 A5=00000000 A6=00000000 A7=00FF7F70 D0=00000000 D1=01169605 D2=0001F31D D3=0000002A D4=0000001F D5=00000000 D6=00000000 D7=00000000 xnzvc
02:7158  62 18  BHI     #$18 [02:7172]           A0=00000000 A1=031DD471 A2=00FF91E2 A3=00FFE3FC A4=00FF8000 A5=00000000 A6=00000000 A7=00FF7F70 D0=00000000 D1=01169605 D2=0001F31D D3=0000002A D4=0000001F D5=00000000 D6=00000000 D7=00000000 xnzvc
02:7172  20 01  MOVE.L  D1,D0                    A0=00000000 A1=031DD471 A2=00FF91E2 A3=00FFE3FC A4=00FF8000 A5=00000000 A6=00000000 A7=00FF7F70 D0=00000000 D1=01169605 D2=0001F31D D3=0000002A D4=0000001F D5=00000000 D6=00000000 D7=00000000 xnzvc
02:7174  42 40  CLR.W   D0                       A0=00000000 A1=031DD471 A2=00FF91E2 A3=00FFE3FC A4=00FF8000 A5=00000000 A6=00000000 A7=00FF7F70 D0=01169605 D1=01169605 D2=0001F31D D3=0000002A D4=0000001F D5=00000000 D6=00000000 D7=00000000 xnzvc
02:7176  48 40  SWAP.W  D0                       A0=00000000 A1=031DD471 A2=00FF91E2 A3=00FFE3FC A4=00FF8000 A5=00000000 A6=00000000 A7=00FF7F70 D0=01160000 D1=01169605 D2=0001F31D D3=0000002A D4=0000001F D5=00000000 D6=00000000 D7=00000000 xnZvc
02:7178  48 41  SWAP.W  D1                       A0=00000000 A1=031DD471 A2=00FF91E2 A3=00FFE3FC A4=00FF8000 A5=00000000 A6=00000000 A7=00FF7F70 D0=00000116 D1=01169605 D2=0001F31D D3=0000002A D4=0000001F D5=00000000 D6=00000000 D7=00000000 xnzvc
02:717A  42 41  CLR.W   D1                       A0=00000000 A1=031DD471 A2=00FF91E2 A3=00FFE3FC A4=00FF8000 A5=00000000 A6=00000000 A7=00FF7F70 D0=00000116 D1=96050116 D2=0001F31D D3=0000002A D4=0000001F D5=00000000 D6=00000000 D7=00000000 xNzvc
02:717C  22 42  MOVE.L  D2,A1                    A0=00000000 A1=031DD471 A2=00FF91E2 A3=00FFE3FC A4=00FF8000 A5=00000000 A6=00000000 A7=00FF7F70 D0=00000116 D1=96050000 D2=0001F31D D3=0000002A D4=0000001F D5=00000000 D6=00000000 D7=00000000 xnZvc
02:717E  74 0F  MOVEQ   #$0F,D2                  A0=00000000 A1=0001F31D A2=00FF91E2 A3=00FFE3FC A4=00FF8000 A5=00000000 A6=00000000 A7=00FF7F70 D0=00000116 D1=96050000 D2=0001F31D D3=0000002A D4=0000001F D5=00000000 D6=00000000 D7=00000000 xnZvc
02:7180  D2 81  ADD.L   D1,D1                    A0=00000000 A1=0001F31D A2=00FF91E2 A3=00FFE3FC A4=00FF8000 A5=00000000 A6=00000000 A7=00FF7F70 D0=0001A7E6 D1=80001F82 D2=00000000 D3=0000002A D4=00000001 D5=00000000 D6=00000000 D7=00000000 xnzvc
02:7182  D1 80  ADDX.L  D0,D0                    A0=00000000 A1=0001F31D A2=00FF91E2 A3=00FFE3FC A4=00FF8000 A5=00000000 A6=00000000 A7=00FF7F70 D0=0001A7E6 D1=00003F04 D2=00000000 D3=0000002A D4=00000001 D5=00000000 D6=00000000 D7=00000000 XnzVC
02:7184  B3 C0  CMPA.L  D0,A1                    A0=00000000 A1=0001F31D A2=00FF91E2 A3=00FFE3FC A4=00FF8000 A5=00000000 A6=00000000 A7=00FF7F70 D0=00034FCD D1=00003F04 D2=00000000 D3=0000002A D4=00000001 D5=00000000 D6=00000000 D7=00000000 xnzvc
02:7186  62 04  BHI     #$04 [02:718C]           A0=00000000 A1=0001F31D A2=00FF91E2 A3=00FFE3FC A4=00FF8000 A5=00000000 A6=00000000 A7=00FF7F70 D0=00034FCD D1=00003F04 D2=00000000 D3=0000002A D4=00000001 D5=00000000 D6=00000000 D7=00000000 xNzvC
02:7188  90 89  SUB.L   A1,D0                    A0=00000000 A1=0001F31D A2=00FF91E2 A3=00FFE3FC A4=00FF8000 A5=00000000 A6=00000000 A7=00FF7F70 D0=0003125D D1=600001D2 D2=00000003 D3=00001829 D4=00000004 D5=00000000 D6=00000000 D7=00000000 xNzvC
02:718A  52 41  ADDQ.W  #1,D1                    A0=00000000 A1=0001F31D A2=00FF91E2 A3=00FFE3FC A4=00FF8000 A5=00000000 A6=00000000 A7=00FF7F70 D0=00011F40 D1=600001D2 D2=00000003 D3=00001829 D4=00000004 D5=00000000 D6=00000000 D7=00000000 xnzvc
02:718C  51 CA  DBFa    D2,#$FFF2 [03:7180]      A0=00000000 A1=0001F31D A2=00FF91E2 A3=00FFE3FC A4=00FF8000 A5=00000000 A6=00000000 A7=00FF7F70 D0=00015CB0 D1=00003F05 D2=00000000 D3=0000002A D4=00000001 D5=00000000 D6=00000000 D7=00000000 xnzvc
02:7190  24 08  MOVE.L  A0,D2                    A0=00000000 A1=0001F31D A2=00FF91E2 A3=00FFE3FC A4=00FF8000 A5=00000000 A6=00000000 A7=00FF7F70 D0=0001BBEF D1=0000008E D2=0000FFFF D3=0000002A D4=0000001F D5=00000000 D6=00000000 D7=00000000 xnzvc
02:7192  67 02  BEQ     #$02 [02:7196]           A0=00000000 A1=0001F31D A2=00FF91E2 A3=00FFE3FC A4=00FF8000 A5=00000000 A6=00000000 A7=00FF7F70 D0=0001BBEF D1=0000008E D2=00000000 D3=0000002A D4=0000001F D5=00000000 D6=00000000 D7=00000000 xnZvc
02:7196  20 01  MOVE.L  D1,D0                    A0=00000000 A1=0001F31D A2=00FF91E2 A3=00FFE3FC A4=00FF8000 A5=00000000 A6=00000000 A7=00FF7F70 D0=0001BBEF D1=0000008E D2=00000000 D3=0000002A D4=0000001F D5=00000000 D6=00000000 D7=00000000 xnZvc
02:7198  24 1F  MOVE.L  (SP)+,D2                 A0=00000000 A1=0001F31D A2=00FF91E2 A3=00FFE3FC A4=00FF8000 A5=00000000 A6=00000000 A7=00FF7F70 D0=0000008E D1=0000008E D2=00000000 D3=0000002A D4=0000001F D5=00000000 D6=00000000 D7=00000000 xnzvc
02:719A  4E 75  RTS                              A0=00000000 A1=0001F31D A2=00FF91E2 A3=00FFE3FC A4=00FF8000 A5=00000000 A6=00000000 A7=00FF7F74 D0=0000008E D1=0000008E D2=00000001 D3=0000002A D4=0000001F D5=00000000 D6=00000000 D7=00000000 xnzvc

02:719C  22 42  MOVE.L  D2,A1                    A0=477EA478 A1=000116C8 A2=00FF91E2 A3=00FFE3FC A4=00FF8000 A5=00000000 A6=00000000 A7=00FF7F74 D0=00000B14 D1=00001FE8 D2=477EA478 D3=00001FE8 D4=0000000F D5=00000000 D6=00000000 D7=00000000 xnzvc
02:719E  24 00  MOVE.L  D0,D2                    A0=477EA478 A1=477EA478 A2=00FF91E2 A3=00FFE3FC A4=00FF8000 A5=00000000 A6=00000000 A7=00FF7F74 D0=00000B14 D1=00001FE8 D2=477EA478 D3=00001FE8 D4=0000000F D5=00000000 D6=00000000 D7=00000000 xnzvc
02:71A0  C4 C1  MULU.W  D1,D2                    A0=477EA478 A1=477EA478 A2=00FF91E2 A3=00FFE3FC A4=00FF8000 A5=00000000 A6=00000000 A7=00FF7F74 D0=00000B14 D1=00001FE8 D2=00000B14 D3=00001FE8 D4=0000000F D5=00000000 D6=00000000 D7=00000000 xnzvc
02:71A2  20 42  MOVE.L  D2,A0                    A0=477EA478 A1=477EA478 A2=00FF91E2 A3=00FFE3FC A4=00FF8000 A5=00000000 A6=00000000 A7=00FF7F74 D0=00000B14 D1=00001FE8 D2=01617620 D3=00001FE8 D4=0000000F D5=00000000 D6=00000000 D7=00000000 xnzvc
02:71A4  24 00  MOVE.L  D0,D2                    A0=01617620 A1=477EA478 A2=00FF91E2 A3=00FFE3FC A4=00FF8000 A5=00000000 A6=00000000 A7=00FF7F74 D0=00000B14 D1=00001FE8 D2=01617620 D3=00001FE8 D4=0000000F D5=00000000 D6=00000000 D7=00000000 xnzvc
02:71A6  48 42  SWAP.W  D2                       A0=01617620 A1=477EA478 A2=00FF91E2 A3=00FFE3FC A4=00FF8000 A5=00000000 A6=00000000 A7=00FF7F74 D0=00000B14 D1=00001FE8 D2=00000B14 D3=00001FE8 D4=0000000F D5=00000000 D6=00000000 D7=00000000 xnzvc
02:71A8  4A 42  TST.W   D2                       A0=01617620 A1=477EA478 A2=00FF91E2 A3=00FFE3FC A4=00FF8000 A5=00000000 A6=00000000 A7=00FF7F74 D0=00000B14 D1=00001FE8 D2=0B140000 D3=00001FE8 D4=0000000F D5=00000000 D6=00000000 D7=00000000 xnzvc
02:71AA  67 02  BEQ     #$02 [02:71AE]           A0=01617620 A1=477EA478 A2=00FF91E2 A3=00FFE3FC A4=00FF8000 A5=00000000 A6=00000000 A7=00FF7F74 D0=00000B14 D1=00001FE8 D2=0B140000 D3=00001FE8 D4=0000000F D5=00000000 D6=00000000 D7=00000000 xnZvc
02:71AE  48 41  SWAP.W  D1                       A0=01617620 A1=477EA478 A2=00FF91E2 A3=00FFE3FC A4=00FF8000 A5=00000000 A6=00000000 A7=00FF7F74 D0=00000B14 D1=00001FE8 D2=0B140000 D3=00001FE8 D4=0000000F D5=00000000 D6=00000000 D7=00000000 xnZvc
02:71B0  4A 41  TST.W   D1                       A0=01617620 A1=477EA478 A2=00FF91E2 A3=00FFE3FC A4=00FF8000 A5=00000000 A6=00000000 A7=00FF7F74 D0=00000B14 D1=1FE80000 D2=0B140000 D3=00001FE8 D4=0000000F D5=00000000 D6=00000000 D7=00000000 xnzvc
02:71B2  67 04  BEQ     #$04 [02:71B8]           A0=01617620 A1=477EA478 A2=00FF91E2 A3=00FFE3FC A4=00FF8000 A5=00000000 A6=00000000 A7=00FF7F74 D0=00000B14 D1=1FE80000 D2=0B140000 D3=00001FE8 D4=0000000F D5=00000000 D6=00000000 D7=00000000 xnZvc
02:71B4  C0 C1  MULU.W  D1,D0                    A0=391F8BF2 A1=0001DEBE A2=00FF91E2 A3=00FFE3FC A4=00FF8000 A5=00000000 A6=00000000 A7=00FF7F74 D0=000041A7 D1=DEBE0001 D2=41A70000 D3=0000357B D4=00000027 D5=0000000B D6=00000000 D7=00000000 xnzvc
02:71B6  60 02  BRA     #$02 [02:71BA]           A0=391F8BF2 A1=0001DEBE A2=00FF91E2 A3=00FFE3FC A4=00FF8000 A5=00000000 A6=00000000 A7=00FF7F74 D0=000041A7 D1=DEBE0001 D2=41A70000 D3=0000357B D4=00000027 D5=0000000B D6=00000000 D7=00000000 xnzvc
02:71B8  42 40  CLR.W   D0                       A0=321F715E A1=0000C372 A2=00FF91E2 A3=00FFE3FC A4=00FF8000 A5=00000000 A6=00000000 A7=00FF7F74 D0=000041A7 D1=C3720000 D2=41A70000 D3=000026F5 D4=00000017 D5=00000000 D6=00000000 D7=00000000 xnZvc
02:71BA  D0 82  ADD.L   D2,D0                    A0=01617620 A1=477EA478 A2=00FF91E2 A3=00FFE3FC A4=00FF8000 A5=00000000 A6=00000000 A7=00FF7F74 D0=00000000 D1=1FE80000 D2=0B140000 D3=00001FE8 D4=0000000F D5=00000000 D6=00000000 D7=00000000 xnZvc
02:71BC  48 40  SWAP.W  D0                       A0=01617620 A1=477EA478 A2=00FF91E2 A3=00FFE3FC A4=00FF8000 A5=00000000 A6=00000000 A7=00FF7F74 D0=0B140000 D1=1FE80000 D2=0B140000 D3=00001FE8 D4=0000000F D5=00000000 D6=00000000 D7=00000000 xnzvc
02:71BE  42 40  CLR.W   D0                       A0=01617620 A1=477EA478 A2=00FF91E2 A3=00FFE3FC A4=00FF8000 A5=00000000 A6=00000000 A7=00FF7F74 D0=00000B14 D1=1FE80000 D2=0B140000 D3=00001FE8 D4=0000000F D5=00000000 D6=00000000 D7=00000000 xnzvc
02:71C0  D1 C0  ADDA.L  D0,A0                    A0=01617620 A1=477EA478 A2=00FF91E2 A3=00FFE3FC A4=00FF8000 A5=00000000 A6=00000000 A7=00FF7F74 D0=00000000 D1=1FE80000 D2=0B140000 D3=00001FE8 D4=0000000F D5=00000000 D6=00000000 D7=00000000 xnZvc
02:71C2  20 08  MOVE.L  A0,D0                    A0=01617620 A1=477EA478 A2=00FF91E2 A3=00FFE3FC A4=00FF8000 A5=00000000 A6=00000000 A7=00FF7F74 D0=00000000 D1=1FE80000 D2=0B140000 D3=00001FE8 D4=0000000F D5=00000000 D6=00000000 D7=00000000 xnZvc
02:71C4  24 09  MOVE.L  A1,D2                    A0=01617620 A1=477EA478 A2=00FF91E2 A3=00FFE3FC A4=00FF8000 A5=00000000 A6=00000000 A7=00FF7F74 D0=01617620 D1=1FE80000 D2=0B140000 D3=00001FE8 D4=0000000F D5=00000000 D6=00000000 D7=00000000 xnzvc
02:71C6  4E 75  RTS                              A0=01617620 A1=477EA478 A2=00FF91E2 A3=00FFE3FC A4=00FF8000 A5=00000000 A6=00000000 A7=00FF7F74 D0=01617620 D1=1FE80000 D2=477EA478 D3=00001FE8 D4=0000000F D5=00000000 D6=00000000 D7=00000000 xnzvc

02:7228  48 E7  MOVEM.L {d0-a7}[30 20],-(SP)     A0=00FF9364 A1=000373E4 A2=00FFE39E A3=00FFE3A0 A4=00FFE3FC A5=00000000 A6=00000000 A7=00FF7F80 D0=00000000 D1=0000FF3F D2=00000000 D3=00000000 D4=00000000 D5=00000000 D6=00000000 D7=00000000 xnZvc
02:722C  10 2F  MOVE.B  $0013(SP),D0             A0=00FF9364 A1=000373E4 A2=00FFE39E A3=00FFE3A0 A4=00FFE3FC A5=00000000 A6=00000000 A7=00FF7F74 D0=00000000 D1=0000FF3F D2=00000000 D3=00000000 D4=00000000 D5=00000000 D6=00000000 D7=00000000 xnZvc
02:7230  42 42  CLR.W   D2                       A0=00FF9364 A1=000373E4 A2=00FFE39E A3=00FFE3A0 A4=00FFE3FC A5=00000000 A6=00000000 A7=00FF7F74 D0=00000000 D1=0000FF3F D2=00000000 D3=00000000 D4=00000000 D5=00000000 D6=00000000 D7=00000000 xnZvc
02:7232  20 7C  MOVE.L  #$00FFE3A4,A0            A0=00FF9364 A1=000373E4 A2=00FFE39E A3=00FFE3A0 A4=00FFE3FC A5=00000000 A6=00000000 A7=00FF7F74 D0=00000000 D1=0000FF3F D2=00000000 D3=00000000 D4=00000000 D5=00000000 D6=00000000 D7=00000000 xnZvc
02:7238  4A 00  TST.B   D0                       A0=00FFE3A4 A1=000373E4 A2=00FFE39E A3=00FFE3A0 A4=00FFE3FC A5=00000000 A6=00000000 A7=00FF7F74 D0=00000000 D1=0000FF3F D2=00000000 D3=00000000 D4=00000000 D5=00000000 D6=00000000 D7=00000000 xnZvc
02:723A  67 04  BEQ     #$04 [02:7240]           A0=00FFE3A4 A1=000373E4 A2=00FFE39E A3=00FFE3A0 A4=00FFE3FC A5=00000000 A6=00000000 A7=00FF7F74 D0=00000000 D1=0000FF3F D2=00000000 D3=00000000 D4=00000000 D5=00000000 D6=00000000 D7=00000000 xnZvc
02:723C  74 01  MOVEQ   #$01,D2                  A0=00FFE3A4 A1=000DF04C A2=00FFE39E A3=00FFE3A0 A4=00FFE3F8 A5=00000000 A6=00000000 A7=00FF7F74 D0=00000001 D1=00000018 D2=00000000 D3=00000000 D4=00000000 D5=00000000 D6=00000000 D7=00000000 xnzvc
02:723E  60 14  BRA     #$14 [02:7254]           A0=00FFE3A4 A1=000DF04C A2=00FFE39E A3=00FFE3A0 A4=00FFE3F8 A5=00000000 A6=00000000 A7=00FF7F74 D0=00000001 D1=00000018 D2=00000001 D3=00000000 D4=00000000 D5=00000000 D6=00000000 D7=00000000 xnzvc
02:7240  53 10  SUBQ.B  #1,(A0)                  A0=00FFE3A4 A1=000373E4 A2=00FFE39E A3=00FFE3A0 A4=00FFE3FC A5=00000000 A6=00000000 A7=00FF7F74 D0=00000000 D1=0000FF3F D2=00000000 D3=00000000 D4=00000000 D5=00000000 D6=00000000 D7=00000000 xnZvc
02:7242  6E 14  BGT     #$14 [02:7258]           A0=00FFE3A4 A1=000373E4 A2=00FFE39E A3=00FFE3A0 A4=00FFE3FC A5=00000000 A6=00000000 A7=00FF7F74 D0=00000000 D1=0000FF3F D2=00000000 D3=00000000 D4=00000000 D5=00000000 D6=00000000 D7=00000000 xnzvc
02:7244  0C 39  CMPI.B  #$01,($00FFE3A2)         A0=00FFE3A4 A1=000370E0 A2=00FFE39E A3=00FFE3A0 A4=00FF8000 A5=00000000 A6=00000000 A7=00FF7F74 D0=00000000 D1=0000FF3F D2=00000000 D3=00000000 D4=00000000 D5=00000000 D6=00000000 D7=00000000 xnZvc
02:724C  66 04  BNE     #$04 [02:7252]           A0=00FFE3A4 A1=000370E0 A2=00FFE39E A3=00FFE3A0 A4=00FF8000 A5=00000000 A6=00000000 A7=00FF7F74 D0=00000000 D1=0000FF3F D2=00000000 D3=00000000 D4=00000000 D5=00000000 D6=00000000 D7=00000000 xnzvc
02:724E  74 02  MOVEQ   #$02,D2                  A0=00FFE3A4 A1=000373E4 A2=00FFE39E A3=00FFE3A0 A4=00FF8000 A5=00000000 A6=00000000 A7=00FF7F74 D0=00000000 D1=0000FF3F D2=00000000 D3=00000000 D4=00000000 D5=00000000 D6=00000000 D7=00000000 xnZvc
02:7250  60 02  BRA     #$02 [02:7254]           A0=00FFE3A4 A1=000373E4 A2=00FFE39E A3=00FFE3A0 A4=00FF8000 A5=00000000 A6=00000000 A7=00FF7F74 D0=00000000 D1=0000FF3F D2=00000002 D3=00000000 D4=00000000 D5=00000000 D6=00000000 D7=00000000 xnzvc
02:7252  74 01  MOVEQ   #$01,D2                  A0=00FFE3A4 A1=000370E0 A2=00FFE39E A3=00FFE3A0 A4=00FF8000 A5=00000000 A6=00000000 A7=00FF7F74 D0=00000000 D1=0000FF3F D2=00000000 D3=00000000 D4=00000000 D5=00000000 D6=00000000 D7=00000000 xnzvc
02:7254  10 BC  MOVE.B  #$08,(A0)                A0=00FFE3A4 A1=000370E0 A2=00FFE39E A3=00FFE3A0 A4=00FF8000 A5=00000000 A6=00000000 A7=00FF7F74 D0=00000000 D1=0000FF3F D2=00000001 D3=00000000 D4=00000000 D5=00000000 D6=00000000 D7=00000000 xnzvc
02:7258  4A 42  TST.W   D2                       A0=00FFE3A4 A1=000373E4 A2=00FFE39E A3=00FFE3A0 A4=00FFE3FC A5=00000000 A6=00000000 A7=00FF7F74 D0=00000000 D1=0000FF3F D2=00000000 D3=00000000 D4=00000000 D5=00000000 D6=00000000 D7=00000000 xnzvc
02:725A  67 00  BEQ     #$00C8 [02:7324]         A0=00FFE3A4 A1=000373E4 A2=00FFE39E A3=00FFE3A0 A4=00FFE3FC A5=00000000 A6=00000000 A7=00FF7F74 D0=00000000 D1=0000FF3F D2=00000000 D3=00000000 D4=00000000 D5=00000000 D6=00000000 D7=00000000 xnZvc
02:725E  10 39  MOVE.B  ($00FFE3A6),D0           A0=00FFE3A4 A1=000370E0 A2=00FFE39E A3=00FFE3A0 A4=00FF8000 A5=00000000 A6=00000000 A7=00FF7F74 D0=00000000 D1=0000FF3F D2=00000001 D3=00000000 D4=00000000 D5=00000000 D6=00000000 D7=00000000 xnzvc
02:7264  48 80  EXT.W   D0                       A0=00FFE3A4 A1=000370E0 A2=00FFE39E A3=00FFE3A0 A4=00FF8000 A5=00000000 A6=00000000 A7=00FF7F74 D0=0000000C D1=0000FF3F D2=00000001 D3=00000000 D4=00000000 D5=00000000 D6=00000000 D7=00000000 xnzvc
02:7266  48 C0  EXT.L   D0                       A0=00FFE3A4 A1=000370E0 A2=00FFE39E A3=00FFE3A0 A4=00FF8000 A5=00000000 A6=00000000 A7=00FF7F74 D0=0000000C D1=0000FF3F D2=00000001 D3=00000000 D4=00000000 D5=00000000 D6=00000000 D7=00000000 xnzvc
02:7268  D0 80  ADD.L   D0,D0                    A0=00FFE3A4 A1=000370E0 A2=00FFE39E A3=00FFE3A0 A4=00FF8000 A5=00000000 A6=00000000 A7=00FF7F74 D0=0000000C D1=0000FF3F D2=00000001 D3=00000000 D4=00000000 D5=00000000 D6=00000000 D7=00000000 xnzvc
02:726A  30 00  MOVE.W  D0,D0                    A0=00FFE3A4 A1=000370E0 A2=00FFE39E A3=00FFE3A0 A4=00FF8000 A5=00000000 A6=00000000 A7=00FF7F74 D0=00000018 D1=0000FF3F D2=00000001 D3=00000000 D4=00000000 D5=00000000 D6=00000000 D7=00000000 xnzvc
02:726C  D0 42  ADD.W   D2,D0                    A0=00FFE3A4 A1=000370E0 A2=00FFE39E A3=00FFE3A0 A4=00FF8000 A5=00000000 A6=00000000 A7=00FF7F74 D0=00000018 D1=0000FF3F D2=00000001 D3=00000000 D4=00000000 D5=00000000 D6=00000000 D7=00000000 xnzvc
02:726E  53 40  SUBQ.W  #1,D0                    A0=00FFE3A4 A1=000370E0 A2=00FFE39E A3=00FFE3A0 A4=00FF8000 A5=00000000 A6=00000000 A7=00FF7F74 D0=00000019 D1=0000FF3F D2=00000001 D3=00000000 D4=00000000 D5=00000000 D6=00000000 D7=00000000 xnzvc
02:7270  E5 40  ASL.W   #2,D0                    A0=00FFE3A4 A1=000370E0 A2=00FFE39E A3=00FFE3A0 A4=00FF8000 A5=00000000 A6=00000000 A7=00FF7F74 D0=00000018 D1=0000FF3F D2=00000001 D3=00000000 D4=00000000 D5=00000000 D6=00000000 D7=00000000 xnzvc
02:7272  20 7C  MOVE.L  #$0009271A,A0            A0=00FFE3A4 A1=000370E0 A2=00FFE39E A3=00FFE3A0 A4=00FF8000 A5=00000000 A6=00000000 A7=00FF7F74 D0=00000060 D1=0000FF3F D2=00000001 D3=00000000 D4=00000000 D5=00000000 D6=00000000 D7=00000000 xnzvc
02:7278  24 70  MOVE.L  $00(A0,D0),A2            A0=0009271A A1=000370E0 A2=00FFE39E A3=00FFE3A0 A4=00FF8000 A5=00000000 A6=00000000 A7=00FF7F74 D0=00000060 D1=0000FF3F D2=00000001 D3=00000000 D4=00000000 D5=00000000 D6=00000000 D7=00000000 xnzvc
02:727C  42 43  CLR.W   D3                       A0=0009271A A1=000370E0 A2=0008F99E A3=00FFE3A0 A4=00FF8000 A5=00000000 A6=00000000 A7=00FF7F74 D0=00000060 D1=0000FF3F D2=00000001 D3=00000000 D4=00000000 D5=00000000 D6=00000000 D7=00000000 xnzvc
02:727E  30 03  MOVE.W  D3,D0                    A0=00FFBCDE A1=0008F931 A2=0008F99E A3=00FFE3A0 A4=00FF8000 A5=00000000 A6=00000000 A7=00FF7F74 D0=00000004 D1=00000000 D2=00000001 D3=00000003 D4=00000000 D5=00000000 D6=00000000 D7=00000000 xNzvC
02:7280  D0 40  ADD.W   D0,D0                    A0=00FFBCDE A1=0008F931 A2=0008F99E A3=00FFE3A0 A4=00FF8000 A5=00000000 A6=00000000 A7=00FF7F74 D0=00000003 D1=00000000 D2=00000001 D3=00000003 D4=00000000 D5=00000000 D6=00000000 D7=00000000 xnzvc
02:7282  32 00  MOVE.W  D0,D1                    A0=00FFBCDE A1=0008F931 A2=0008F99E A3=00FFE3A0 A4=00FF8000 A5=00000000 A6=00000000 A7=00FF7F74 D0=00000006 D1=00000000 D2=00000001 D3=00000003 D4=00000000 D5=00000000 D6=00000000 D7=00000000 xnzvc
02:7284  E5 40  ASL.W   #2,D0                    A0=00FFBCDE A1=0008F931 A2=0008F99E A3=00FFE3A0 A4=00FF8000 A5=00000000 A6=00000000 A7=00FF7F74 D0=00000006 D1=00000006 D2=00000001 D3=00000003 D4=00000000 D5=00000000 D6=00000000 D7=00000000 xnzvc
02:7286  D0 41  ADD.W   D1,D0                    A0=00FFBCDE A1=0008F931 A2=0008F99E A3=00FFE3A0 A4=00FF8000 A5=00000000 A6=00000000 A7=00FF7F74 D0=00000018 D1=00000006 D2=00000001 D3=00000003 D4=00000000 D5=00000000 D6=00000000 D7=00000000 xnzvc
02:7288  41 EA  LEA     $0004(A2),A0             A0=00FFBCDE A1=0008F931 A2=0008F99E A3=00FFE3A0 A4=00FF8000 A5=00000000 A6=00000000 A7=00FF7F74 D0=0000001E D1=00000006 D2=00000001 D3=00000003 D4=00000000 D5=00000000 D6=00000000 D7=00000000 xnzvc
02:728C  D0 C0  ADDA.W  D0,A0                    A0=0008F9A2 A1=0008F931 A2=0008F99E A3=00FFE3A0 A4=00FF8000 A5=00000000 A6=00000000 A7=00FF7F74 D0=0000001E D1=00000006 D2=00000001 D3=00000003 D4=00000000 D5=00000000 D6=00000000 D7=00000000 xnzvc
02:728E  10 28  MOVE.B  $0005(A0),D0             A0=0008F9C0 A1=0008F931 A2=0008F99E A3=00FFE3A0 A4=00FF8000 A5=00000000 A6=00000000 A7=00FF7F74 D0=0000001E D1=00000006 D2=00000001 D3=00000003 D4=00000000 D5=00000000 D6=00000000 D7=00000000 xnzvc
02:7292  6C 0E  BGE     #$0E [02:72A2]           A0=0008F9C0 A1=0008F931 A2=0008F99E A3=00FFE3A0 A4=00FF8000 A5=00000000 A6=00000000 A7=00FF7F74 D0=00000081 D1=00000006 D2=00000001 D3=00000003 D4=00000000 D5=00000000 D6=00000000 D7=00000000 xNzvc
02:7294  48 78  PEA     ($0010)                  A0=0008F9C0 A1=0008F931 A2=0008F99E A3=00FFE3A0 A4=00FF8000 A5=00000000 A6=00000000 A7=00FF7F74 D0=00000081 D1=00000006 D2=00000001 D3=00000003 D4=00000000 D5=00000000 D6=00000000 D7=00000000 xNzvc
02:7298  2F 08  MOVE.L  A0,-(SP)                 A0=0008F9C0 A1=0008F931 A2=0008F99E A3=00FFE3A0 A4=00FF8000 A5=00000000 A6=00000000 A7=00FF7F70 D0=00000081 D1=00000006 D2=00000001 D3=00000003 D4=00000000 D5=00000000 D6=00000000 D7=00000000 xNzvc
02:729A  4E B9  JSR     ($000259DA)              A0=0008F9C0 A1=0008F931 A2=0008F99E A3=00FFE3A0 A4=00FF8000 A5=00000000 A6=00000000 A7=00FF7F6C D0=00000081 D1=00000006 D2=00000001 D3=00000003 D4=00000000 D5=00000000 D6=00000000 D7=00000000 xnzvc
02:72A0  60 0C  BRA     #$0C [02:72AE]           A0=00FFBEDE A1=0008F99D A2=0008F99E A3=00FFE3A0 A4=00FF8000 A5=00000000 A6=00000000 A7=00FF7F6C D0=00000004 D1=00000000 D2=00000001 D3=00000003 D4=00000000 D5=00000000 D6=00000000 D7=00000000 xnZvc
02:72A2  48 78  PEA     ($0010)                  A0=0008E5E0 A1=0008E5A6 A2=0008E5BE A3=00FFE3A0 A4=00FFE3F8 A5=00000000 A6=00000000 A7=00FF7F74 D0=00000001 D1=00000006 D2=00000001 D3=00000003 D4=00000000 D5=00000000 D6=00000000 D7=00000000 xnzvc
02:72A6  2F 08  MOVE.L  A0,-(SP)                 A0=0008E5E0 A1=0008E5A6 A2=0008E5BE A3=00FFE3A0 A4=00FFE3F8 A5=00000000 A6=00000000 A7=00FF7F70 D0=00000001 D1=00000006 D2=00000001 D3=00000003 D4=00000000 D5=00000000 D6=00000000 D7=00000000 xnzvc
02:72A8  4E B9  JSR     ($00025AAA)              A0=0008E5E0 A1=0008E5A6 A2=0008E5BE A3=00FFE3A0 A4=00FFE3F8 A5=00000000 A6=00000000 A7=00FF7F6C D0=00000001 D1=00000006 D2=00000001 D3=00000003 D4=00000000 D5=00000000 D6=00000000 D7=00000000 xnzvc
02:72AE  50 8F  ADDQ.L  #8,SP                    A0=00FFBEDE A1=0008F99D A2=0008F99E A3=00FFE3A0 A4=00FF8000 A5=00000000 A6=00000000 A7=00FF7F6C D0=00000004 D1=00000000 D2=00000001 D3=00000003 D4=00000000 D5=00000000 D6=00000000 D7=00000000 xnZvc
02:72B0  06 79  ADDI.W  #$0200,($00FFD8DA)       A0=00FFBEDE A1=0008F99D A2=0008F99E A3=00FFE3A0 A4=00FF8000 A5=00000000 A6=00000000 A7=00FF7F74 D0=00000004 D1=00000000 D2=00000001 D3=00000003 D4=00000000 D5=00000000 D6=00000000 D7=00000000 xnZvc
02:72B8  52 43  ADDQ.W  #1,D3                    A0=00FFBEDE A1=0008F99D A2=0008F99E A3=00FFE3A0 A4=00FF8000 A5=00000000 A6=00000000 A7=00FF7F74 D0=00000004 D1=00000000 D2=00000001 D3=00000003 D4=00000000 D5=00000000 D6=00000000 D7=00000000 xnzvc
02:72BA  0C 43  CMPI.W  #$0004,D3                A0=00FFBEDE A1=0008F99D A2=0008F99E A3=00FFE3A0 A4=00FF8000 A5=00000000 A6=00000000 A7=00FF7F74 D0=00000004 D1=00000000 D2=00000001 D3=00000004 D4=00000000 D5=00000000 D6=00000000 D7=00000000 xnzvc
02:72BE  6D BE  BLT     #$BE [02:727E]           A0=00FFBEDE A1=0008F99D A2=0008F99E A3=00FFE3A0 A4=00FF8000 A5=00000000 A6=00000000 A7=00FF7F74 D0=00000004 D1=00000000 D2=00000001 D3=00000004 D4=00000000 D5=00000000 D6=00000000 D7=00000000 xnZvc
02:72C0  20 7C  MOVE.L  #$00FFD92E,A0            A0=00FFBEDE A1=0008F99D A2=0008F99E A3=00FFE3A0 A4=00FF8000 A5=00000000 A6=00000000 A7=00FF7F74 D0=00000004 D1=00000000 D2=00000001 D3=00000004 D4=00000000 D5=00000000 D6=00000000 D7=00000000 xnZvc
02:72C6  10 10  MOVE.B  (A0),D0                  A0=00FFD92E A1=0008F99D A2=0008F99E A3=00FFE3A0 A4=00FF8000 A5=00000000 A6=00000000 A7=00FF7F74 D0=00000004 D1=00000000 D2=00000001 D3=00000004 D4=00000000 D5=00000000 D6=00000000 D7=00000000 xnZvc
02:72C8  52 10  ADDQ.B  #1,(A0)                  A0=00FFD92E A1=0008F99D A2=0008F99E A3=00FFE3A0 A4=00FF8000 A5=00000000 A6=00000000 A7=00FF7F74 D0=00000000 D1=00000000 D2=00000001 D3=00000004 D4=00000000 D5=00000000 D6=00000000 D7=00000000 xnZvc
02:72CA  72 00  MOVEQ   #$00,D1                  A0=00FFD92E A1=0008F99D A2=0008F99E A3=00FFE3A0 A4=00FF8000 A5=00000000 A6=00000000 A7=00FF7F74 D0=00000000 D1=00000000 D2=00000001 D3=00000004 D4=00000000 D5=00000000 D6=00000000 D7=00000000 xnzvc
02:72CC  12 00  MOVE.B  D0,D1                    A0=00FFD92E A1=0008F99D A2=0008F99E A3=00FFE3A0 A4=00FF8000 A5=00000000 A6=00000000 A7=00FF7F74 D0=00000000 D1=00000000 D2=00000001 D3=00000004 D4=00000000 D5=00000000 D6=00000000 D7=00000000 xnZvc
02:72CE  D2 41  ADD.W   D1,D1                    A0=00FFD92E A1=0008F99D A2=0008F99E A3=00FFE3A0 A4=00FF8000 A5=00000000 A6=00000000 A7=00FF7F74 D0=00000000 D1=00000000 D2=00000001 D3=00000004 D4=00000000 D5=00000000 D6=00000000 D7=00000000 xnZvc
02:72D0  20 7C  MOVE.L  #$00FFD8DC,A0            A0=00FFD92E A1=0008F99D A2=0008F99E A3=00FFE3A0 A4=00FF8000 A5=00000000 A6=00000000 A7=00FF7F74 D0=00000000 D1=00000000 D2=00000001 D3=00000004 D4=00000000 D5=00000000 D6=00000000 D7=00000000 xnZvc
02:72D6  31 BC  MOVE.W  #$0001,$00(A0,D1)        A0=00FFD8DC A1=0008F99D A2=0008F99E A3=00FFE3A0 A4=00FF8000 A5=00000000 A6=00000000 A7=00FF7F74 D0=00000000 D1=00000000 D2=00000001 D3=00000004 D4=00000000 D5=00000000 D6=00000000 D7=00000000 xnZvc
02:72DC  20 7C  MOVE.L  #$00FFD92E,A0            A0=00FFD8DC A1=0008F99D A2=0008F99E A3=00FFE3A0 A4=00FF8000 A5=00000000 A6=00000000 A7=00FF7F74 D0=00000000 D1=00000000 D2=00000001 D3=00000004 D4=00000000 D5=00000000 D6=00000000 D7=00000000 xnzvc
02:72E2  10 10  MOVE.B  (A0),D0                  A0=00FFD92E A1=0008F99D A2=0008F99E A3=00FFE3A0 A4=00FF8000 A5=00000000 A6=00000000 A7=00FF7F74 D0=00000000 D1=00000000 D2=00000001 D3=00000004 D4=00000000 D5=00000000 D6=00000000 D7=00000000 xnzvc
02:72E4  52 10  ADDQ.B  #1,(A0)                  A0=00FFD92E A1=0008F99D A2=0008F99E A3=00FFE3A0 A4=00FF8000 A5=00000000 A6=00000000 A7=00FF7F74 D0=00000001 D1=00000000 D2=00000001 D3=00000004 D4=00000000 D5=00000000 D6=00000000 D7=00000000 xnzvc
02:72E6  72 00  MOVEQ   #$00,D1                  A0=00FFD92E A1=0008F99D A2=0008F99E A3=00FFE3A0 A4=00FF8000 A5=00000000 A6=00000000 A7=00FF7F74 D0=00000001 D1=00000000 D2=00000001 D3=00000004 D4=00000000 D5=00000000 D6=00000000 D7=00000000 xnzvc
02:72E8  12 00  MOVE.B  D0,D1                    A0=00FFD92E A1=0008F99D A2=0008F99E A3=00FFE3A0 A4=00FF8000 A5=00000000 A6=00000000 A7=00FF7F74 D0=00000001 D1=00000000 D2=00000001 D3=00000004 D4=00000000 D5=00000000 D6=00000000 D7=00000000 xnZvc
02:72EA  D2 41  ADD.W   D1,D1                    A0=00FFD92E A1=0008F99D A2=0008F99E A3=00FFE3A0 A4=00FF8000 A5=00000000 A6=00000000 A7=00FF7F74 D0=00000001 D1=00000001 D2=00000001 D3=00000004 D4=00000000 D5=00000000 D6=00000000 D7=00000000 xnzvc
02:72EC  20 7C  MOVE.L  #$00FFD8DC,A0            A0=00FFD92E A1=0008F99D A2=0008F99E A3=00FFE3A0 A4=00FF8000 A5=00000000 A6=00000000 A7=00FF7F74 D0=00000001 D1=00000002 D2=00000001 D3=00000004 D4=00000000 D5=00000000 D6=00000000 D7=00000000 xnzvc
02:72F2  31 BC  MOVE.W  #$0040,$00(A0,D1)        A0=00FFD8DC A1=0008F99D A2=0008F99E A3=00FFE3A0 A4=00FF8000 A5=00000000 A6=00000000 A7=00FF7F74 D0=00000001 D1=00000002 D2=00000001 D3=00000004 D4=00000000 D5=00000000 D6=00000000 D7=00000000 xnzvc
02:72F8  48 78  PEA     ($0001)                  A0=00FFD8DC A1=0008F99D A2=0008F99E A3=00FFE3A0 A4=00FF8000 A5=00000000 A6=00000000 A7=00FF7F74 D0=00000001 D1=00000002 D2=00000001 D3=00000004 D4=00000000 D5=00000000 D6=00000000 D7=00000000 xnzvc
02:72FC  4E B9  JSR     ($00000578)              A0=00FFD8DC A1=0008F99D A2=0008F99E A3=00FFE3A0 A4=00FF8000 A5=00000000 A6=00000000 A7=00FF7F70 D0=00000001 D1=00000002 D2=00000001 D3=00000004 D4=00000000 D5=00000000 D6=00000000 D7=00000000 xnzvc
02:7302  48 78  PEA     ($0001)                  A0=00FFD8DC A1=0008F99D A2=0008F99E A3=00FFE3A0 A4=00FF8000 A5=00000000 A6=00000000 A7=00FF7F70 D0=00000000 D1=000053CB D2=00000001 D3=00000004 D4=00000000 D5=00000000 D6=00000000 D7=00000000 xnZvc
02:7306  48 78  PEA     ($0001)                  A0=00FFD8DC A1=0008F99D A2=0008F99E A3=00FFE3A0 A4=00FF8000 A5=00000000 A6=00000000 A7=00FF7F6C D0=00000000 D1=000053CB D2=00000001 D3=00000004 D4=00000000 D5=00000000 D6=00000000 D7=00000000 xnZvc
02:730A  4E B9  JSR     ($0000CED0)              A0=00FFD8DC A1=0008F99D A2=0008F99E A3=00FFE3A0 A4=00FF8000 A5=00000000 A6=00000000 A7=00FF7F68 D0=00000000 D1=000053CB D2=00000001 D3=00000004 D4=00000000 D5=00000000 D6=00000000 D7=00000000 xnZvc
02:7310  4F EF  LEA     $000C(SP),A7             A0=00FFD8DC A1=0008F99D A2=0008F99E A3=00FFE3A0 A4=00FF8000 A5=00000000 A6=00000000 A7=00FF7F68 D0=00000002 D1=00000002 D2=00000001 D3=00000004 D4=00000000 D5=00000000 D6=00000000 D7=00000000 xnZvc
02:7314  13 C2  MOVE.B  D2,($00FFE3A2)           A0=00FFD8DC A1=0008F99D A2=0008F99E A3=00FFE3A0 A4=00FF8000 A5=00000000 A6=00000000 A7=00FF7F74 D0=00000002 D1=00000002 D2=00000001 D3=00000004 D4=00000000 D5=00000000 D6=00000000 D7=00000000 xnZvc
02:731A  33 FC  MOVE.W  #$8228,($00C00004)       A0=00FFD8DC A1=0008F99D A2=0008F99E A3=00FFE3A0 A4=00FF8000 A5=00000000 A6=00000000 A7=00FF7F74 D0=00000002 D1=00000002 D2=00000001 D3=00000004 D4=00000000 D5=00000000 D6=00000000 D7=00000000 xnzvc
02:7322  60 0C  BRA     #$0C [02:7330]           A0=00FFD8DC A1=0008F99D A2=0008F99E A3=00FFE3A0 A4=00FF8000 A5=00000000 A6=00000000 A7=00FF7F74 D0=00000002 D1=00000002 D2=00000001 D3=00000004 D4=00000000 D5=00000000 D6=00000000 D7=00000000 xNzvc
02:7324  48 78  PEA     ($0001)                  A0=00FFE3A4 A1=000370E0 A2=00FFE39E A3=00FFE3A0 A4=00FFE3FC A5=00000000 A6=00000000 A7=00FF7F74 D0=00000000 D1=0000FF3F D2=00000000 D3=00000000 D4=00000000 D5=00000000 D6=00000000 D7=00000000 xnZvc
02:7328  4E B9  JSR     ($00000578)              A0=00FFE3A4 A1=000370E0 A2=00FFE39E A3=00FFE3A0 A4=00FFE3FC A5=00000000 A6=00000000 A7=00FF7F70 D0=00000000 D1=0000FF3F D2=00000000 D3=00000000 D4=00000000 D5=00000000 D6=00000000 D7=00000000 xnZvc
02:732E  58 8F  ADDQ.L  #4,SP                    A0=00FFE3A4 A1=000370E0 A2=00FFE39E A3=00FFE3A0 A4=00FFE3FC A5=00000000 A6=00000000 A7=00FF7F70 D0=00000000 D1=00005301 D2=00000000 D3=00000000 D4=00000000 D5=00000000 D6=00000000 D7=00000000 xnZvc
02:7330  4C DF  MOVEM.L (SP)+,{a7-d0}[04 0c]     A0=00FFE3A4 A1=00037324 A2=00FFE39E A3=00FFE3A0 A4=00FFE3FC A5=00000000 A6=00000000 A7=00FF7F74 D0=00000000 D1=000052EF D2=00000000 D3=00000000 D4=00000000 D5=00000000 D6=00000000 D7=00000000 xnZvc
02:7334  4E 75  RTS                              A0=00FFE3A4 A1=00037324 A2=00FFE39E A3=00FFE3A0 A4=00FFE3FC A5=00000000 A6=00000000 A7=00FF7F80 D0=00000000 D1=000052EF D2=00000000 D3=00000000 D4=00000000 D5=00000000 D6=00000000 D7=00000000 xnZvc

02:7336  48 E7  MOVEM.L {d0-a7}[3e 00],-(SP)     A0=00098388 A1=0000A71C A2=00FF8000 A3=00FF800E A4=00026FDA A5=00000000 A6=00000000 A7=00FF7FB0 D0=C060FFFF D1=0000304A D2=00000001 D3=00000000 D4=00000000 D5=00000000 D6=00000000 D7=00000000 xnZvc
02:733A  42 46  CLR.W   D6                       A0=00098388 A1=0000A71C A2=00FF8000 A3=00FF800E A4=00026FDA A5=00000000 A6=00000000 A7=00FF7F9C D0=C060FFFF D1=0000304A D2=00000001 D3=00000000 D4=00000000 D5=00000000 D6=00000000 D7=00000000 xnZvc
02:733C  42 44  CLR.W   D4                       A0=00098454 A1=0000A71C A2=00FF8000 A3=00FF800E A4=00026FDA A5=00000000 A6=00000000 A7=00FF7F9C D0=00002040 D1=00000040 D2=00000008 D3=00000008 D4=00000008 D5=00000040 D6=00000003 D7=00000000 xNzvC
02:733E  30 06  MOVE.W  D6,D0                    A0=0009844C A1=00FF8036 A2=00FF8038 A3=00FF8036 A4=00FF8000 A5=00000000 A6=00000000 A7=00FF7F7C D0=0000A03F D1=0000003F D2=00000008 D3=00000008 D4=00000007 D5=0000003F D6=00000003 D7=00000000 xNzvC
02:7340  48 C0  EXT.L   D0                       A0=0009844C A1=00FF8036 A2=00FF8038 A3=00FF8036 A4=00FF8000 A5=00000000 A6=00000000 A7=00FF7F7C D0=00000003 D1=0000003F D2=00000008 D3=00000008 D4=00000007 D5=0000003F D6=00000003 D7=00000000 xnzvc
02:7342  E7 80  ASL.L   #3,D0                    A0=0009844C A1=00FF8036 A2=00FF8038 A3=00FF8036 A4=00FF8000 A5=00000000 A6=00000000 A7=00FF7F7C D0=00000003 D1=0000003F D2=00000008 D3=00000008 D4=00000007 D5=0000003F D6=00000003 D7=00000000 xnzvc
02:7344  32 04  MOVE.W  D4,D1                    A0=0009844C A1=00FF8036 A2=00FF8038 A3=00FF8036 A4=00FF8000 A5=00000000 A6=00000000 A7=00FF7F7C D0=00000018 D1=0000003F D2=00000008 D3=00000008 D4=00000007 D5=0000003F D6=00000003 D7=00000000 xnzvc
02:7346  48 C1  EXT.L   D1                       A0=0009844C A1=00FF8036 A2=00FF8038 A3=00FF8036 A4=00FF8000 A5=00000000 A6=00000000 A7=00FF7F7C D0=00000018 D1=00000007 D2=00000008 D3=00000008 D4=00000007 D5=0000003F D6=00000003 D7=00000000 xnzvc
02:7348  D0 81  ADD.L   D1,D0                    A0=0009844C A1=00FF8036 A2=00FF8038 A3=00FF8036 A4=00FF8000 A5=00000000 A6=00000000 A7=00FF7F7C D0=00000018 D1=00000007 D2=00000008 D3=00000008 D4=00000007 D5=0000003F D6=00000003 D7=00000000 xnzvc
02:734A  72 17  MOVEQ   #$17,D1                  A0=0009844C A1=00FF8036 A2=00FF8038 A3=00FF8036 A4=00FF8000 A5=00000000 A6=00000000 A7=00FF7F7C D0=0000001F D1=00000007 D2=00000008 D3=00000008 D4=00000007 D5=0000003F D6=00000003 D7=00000000 xnzvc
02:734C  E3 A0  ASL.L   D1,D0                    A0=0009844C A1=00FF8036 A2=00FF8038 A3=00FF8036 A4=00FF8000 A5=00000000 A6=00000000 A7=00FF7F7C D0=0000001F D1=00000017 D2=00000008 D3=00000008 D4=00000007 D5=0000003F D6=00000003 D7=00000000 xnzvc
02:734E  06 80  ADDI.L  #$60000002,D0            A0=0009844C A1=00FF8036 A2=00FF8038 A3=00FF8036 A4=00FF8000 A5=00000000 A6=00000000 A7=00FF7F7C D0=0F800000 D1=00000017 D2=00000008 D3=00000008 D4=00000007 D5=0000003F D6=00000003 D7=00000000 xnzvc
02:7354  23 C0  MOVE.L  D0,($00C00004)           A0=0009844C A1=00FF8036 A2=00FF8038 A3=00FF8036 A4=00FF8000 A5=00000000 A6=00000000 A7=00FF7F7C D0=6F800002 D1=00000017 D2=00000008 D3=00000008 D4=00000007 D5=0000003F D6=00000003 D7=00000000 xnzvc
02:735A  42 43  CLR.W   D3                       A0=0009844C A1=00FF8036 A2=00FF8038 A3=00FF8036 A4=00FF8000 A5=00000000 A6=00000000 A7=00FF7F7C D0=6F800002 D1=00000017 D2=00000008 D3=00000008 D4=00000007 D5=0000003F D6=00000003 D7=00000000 xnzvc
02:735C  42 42  CLR.W   D2                       A0=00098454 A1=0003451C A2=00FF8000 A3=00FF800E A4=00026FDA A5=00000000 A6=00000000 A7=00FF7F9C D0=00002040 D1=00000040 D2=00000008 D3=00000007 D4=00000007 D5=00000040 D6=00000000 D7=00000000 xNzvC
02:735E  30 04  MOVE.W  D4,D0                    A0=0009841C A1=0003451C A2=00FF8000 A3=00FF800E A4=00026FDA A5=00000000 A6=00000000 A7=00FF7F9C D0=00002019 D1=00000019 D2=00000007 D3=00000007 D4=00000000 D5=00000019 D6=00000000 D7=00000000 xNzvC
02:7360  E7 40  ASL.W   #3,D0                    A0=0009841C A1=0003451C A2=00FF8000 A3=00FF800E A4=00026FDA A5=00000000 A6=00000000 A7=00FF7F9C D0=00000000 D1=00000019 D2=00000007 D3=00000007 D4=00000000 D5=00000019 D6=00000000 D7=00000000 xnZvc
02:7362  20 7C  MOVE.L  #$0009841C,A0            A0=0009841C A1=0003451C A2=00FF8000 A3=00FF800E A4=00026FDA A5=00000000 A6=00000000 A7=00FF7F9C D0=00000000 D1=00000019 D2=00000007 D3=00000007 D4=00000000 D5=00000019 D6=00000000 D7=00000000 xnZvc
02:7368  32 02  MOVE.W  D2,D1                    A0=0009841C A1=0003451C A2=00FF8000 A3=00FF800E A4=00026FDA A5=00000000 A6=00000000 A7=00FF7F9C D0=00000000 D1=00000019 D2=00000007 D3=00000007 D4=00000000 D5=00000019 D6=00000000 D7=00000000 xnZvc
02:736A  D0 C0  ADDA.W  D0,A0                    A0=0009841C A1=0003451C A2=00FF8000 A3=00FF800E A4=00026FDA A5=00000000 A6=00000000 A7=00FF7F9C D0=00000000 D1=00000007 D2=00000007 D3=00000007 D4=00000000 D5=00000019 D6=00000000 D7=00000000 xnzvc
02:736C  70 00  MOVEQ   #$00,D0                  A0=0009841C A1=0003451C A2=00FF8000 A3=00FF800E A4=00026FDA A5=00000000 A6=00000000 A7=00FF7F9C D0=00000000 D1=00000007 D2=00000007 D3=00000007 D4=00000000 D5=00000019 D6=00000000 D7=00000000 xnzvc
02:736E  10 30  MOVE.B  $00(A0,D1),D0            A0=0009841C A1=0003451C A2=00FF8000 A3=00FF800E A4=00026FDA A5=00000000 A6=00000000 A7=00FF7F9C D0=00000000 D1=00000007 D2=00000007 D3=00000007 D4=00000000 D5=00000019 D6=00000000 D7=00000000 xnZvc
02:7372  3A 00  MOVE.W  D0,D5                    A0=0009841C A1=0003451C A2=00FF8000 A3=00FF800E A4=00026FDA A5=00000000 A6=00000000 A7=00FF7F9C D0=0000001C D1=00000007 D2=00000007 D3=00000007 D4=00000000 D5=00000019 D6=00000000 D7=00000000 xnzvc
02:7374  52 45  ADDQ.W  #1,D5                    A0=0009841C A1=0003451C A2=00FF8000 A3=00FF800E A4=00026FDA A5=00000000 A6=00000000 A7=00FF7F9C D0=0000001C D1=00000007 D2=00000007 D3=00000007 D4=00000000 D5=0000001C D6=00000000 D7=00000000 xnzvc
02:7376  72 00  MOVEQ   #$00,D1                  A0=0009841C A1=0003451C A2=00FF8000 A3=00FF800E A4=00026FDA A5=00000000 A6=00000000 A7=00FF7F9C D0=0000001C D1=00000007 D2=00000007 D3=00000007 D4=00000000 D5=0000001D D6=00000000 D7=00000000 xnzvc
02:7378  32 39  MOVE.W  ($00FF8196),D1           A0=0009841C A1=0003451C A2=00FF8000 A3=00FF800E A4=00026FDA A5=00000000 A6=00000000 A7=00FF7F9C D0=0000001C D1=00000000 D2=00000007 D3=00000007 D4=00000000 D5=0000001D D6=00000000 D7=00000000 xnZvc
02:737E  20 01  MOVE.L  D1,D0                    A0=0009841C A1=0003451C A2=00FF8000 A3=00FF800E A4=00026FDA A5=00000000 A6=00000000 A7=00FF7F9C D0=0000001C D1=00000000 D2=00000007 D3=00000007 D4=00000000 D5=0000001D D6=00000000 D7=00000000 xnZvc
02:7380  06 80  ADDI.L  #$00002000,D0            A0=0009841C A1=0003451C A2=00FF8000 A3=00FF800E A4=00026FDA A5=00000000 A6=00000000 A7=00FF7F9C D0=00000000 D1=00000000 D2=00000007 D3=00000007 D4=00000000 D5=0000001D D6=00000000 D7=00000000 xnZvc
02:7386  72 00  MOVEQ   #$00,D1                  A0=0009841C A1=0003451C A2=00FF8000 A3=00FF800E A4=00026FDA A5=00000000 A6=00000000 A7=00FF7F9C D0=00002000 D1=00000000 D2=00000007 D3=00000007 D4=00000000 D5=0000001D D6=00000000 D7=00000000 xnzvc
02:7388  32 05  MOVE.W  D5,D1                    A0=0009841C A1=0003451C A2=00FF8000 A3=00FF800E A4=00026FDA A5=00000000 A6=00000000 A7=00FF7F9C D0=00002000 D1=00000000 D2=00000007 D3=00000007 D4=00000000 D5=0000001D D6=00000000 D7=00000000 xnZvc
02:738A  D0 81  ADD.L   D1,D0                    A0=0009841C A1=0003451C A2=00FF8000 A3=00FF800E A4=00026FDA A5=00000000 A6=00000000 A7=00FF7F9C D0=00002000 D1=0000001D D2=00000007 D3=00000007 D4=00000000 D5=0000001D D6=00000000 D7=00000000 xnzvc
02:738C  33 C0  MOVE.W  D0,($00C00000)           A0=0009841C A1=0003451C A2=00FF8000 A3=00FF800E A4=00026FDA A5=00000000 A6=00000000 A7=00FF7F9C D0=0000201D D1=0000001D D2=00000007 D3=00000007 D4=00000000 D5=0000001D D6=00000000 D7=00000000 xnzvc
02:7392  52 42  ADDQ.W  #1,D2                    A0=0009841C A1=0003451C A2=00FF8000 A3=00FF800E A4=00026FDA A5=00000000 A6=00000000 A7=00FF7F9C D0=0000201D D1=0000001D D2=00000007 D3=00000007 D4=00000000 D5=0000001D D6=00000000 D7=00000000 xnzvc
02:7394  0C 42  CMPI.W  #$0008,D2                A0=0009841C A1=0003451C A2=00FF8000 A3=00FF800E A4=00026FDA A5=00000000 A6=00000000 A7=00FF7F9C D0=0000201D D1=0000001D D2=00000008 D3=00000007 D4=00000000 D5=0000001D D6=00000000 D7=00000000 xnzvc
02:7398  6D C4  BLT     #$C4 [02:735E]           A0=0009841C A1=0003451C A2=00FF8000 A3=00FF800E A4=00026FDA A5=00000000 A6=00000000 A7=00FF7F9C D0=0000201D D1=0000001D D2=00000008 D3=00000007 D4=00000000 D5=0000001D D6=00000000 D7=00000000 xnZvc
02:739A  52 43  ADDQ.W  #1,D3                    A0=00098454 A1=0003451C A2=00FF8000 A3=00FF800E A4=00026FDA A5=00000000 A6=00000000 A7=00FF7F9C D0=00002040 D1=00000040 D2=00000008 D3=00000007 D4=00000007 D5=00000040 D6=00000000 D7=00000000 xnZvc
02:739C  0C 43  CMPI.W  #$0008,D3                A0=00098454 A1=0003451C A2=00FF8000 A3=00FF800E A4=00026FDA A5=00000000 A6=00000000 A7=00FF7F9C D0=00002040 D1=00000040 D2=00000008 D3=00000008 D4=00000007 D5=00000040 D6=00000000 D7=00000000 xnzvc
02:73A0  6D BA  BLT     #$BA [02:735C]           A0=00098454 A1=0003451C A2=00FF8000 A3=00FF800E A4=00026FDA A5=00000000 A6=00000000 A7=00FF7F9C D0=00002040 D1=00000040 D2=00000008 D3=00000008 D4=00000007 D5=00000040 D6=00000000 D7=00000000 xnZvc
02:73A2  52 44  ADDQ.W  #1,D4                    A0=00098454 A1=00FF8036 A2=00FF8038 A3=00FF8036 A4=00FF8000 A5=00000000 A6=00000000 A7=00FF7F7C D0=0000A040 D1=00000040 D2=00000008 D3=00000008 D4=00000007 D5=00000040 D6=00000003 D7=00000000 xnZvc
02:73A4  0C 44  CMPI.W  #$0008,D4                A0=00098454 A1=00FF8036 A2=00FF8038 A3=00FF8036 A4=00FF8000 A5=00000000 A6=00000000 A7=00FF7F7C D0=0000A040 D1=00000040 D2=00000008 D3=00000008 D4=00000008 D5=00000040 D6=00000003 D7=00000000 xnzvc
02:73A8  6D 94  BLT     #$94 [02:733E]           A0=00098454 A1=00FF8036 A2=00FF8038 A3=00FF8036 A4=00FF8000 A5=00000000 A6=00000000 A7=00FF7F7C D0=0000A040 D1=00000040 D2=00000008 D3=00000008 D4=00000008 D5=00000040 D6=00000003 D7=00000000 xnZvc
02:73AA  52 46  ADDQ.W  #1,D6                    A0=00098454 A1=0000A71C A2=00FF8000 A3=00FF800E A4=00026FDA A5=00000000 A6=00000000 A7=00FF7F9C D0=00002040 D1=00000040 D2=00000008 D3=00000008 D4=00000008 D5=00000040 D6=00000003 D7=00000000 xnZvc
02:73AC  0C 46  CMPI.W  #$0004,D6                A0=00098454 A1=0000A71C A2=00FF8000 A3=00FF800E A4=00026FDA A5=00000000 A6=00000000 A7=00FF7F9C D0=00002040 D1=00000040 D2=00000008 D3=00000008 D4=00000008 D5=00000040 D6=00000004 D7=00000000 xnzvc
02:73B0  6D 8A  BLT     #$8A [02:733C]           A0=00098454 A1=0000A71C A2=00FF8000 A3=00FF800E A4=00026FDA A5=00000000 A6=00000000 A7=00FF7F9C D0=00002040 D1=00000040 D2=00000008 D3=00000008 D4=00000008 D5=00000040 D6=00000004 D7=00000000 xnZvc
02:73B2  48 78  PEA     ($0001)                  A0=00098454 A1=0000A71C A2=00FF8000 A3=00FF800E A4=00026FDA A5=00000000 A6=00000000 A7=00FF7F9C D0=00002040 D1=00000040 D2=00000008 D3=00000008 D4=00000008 D5=00000040 D6=00000004 D7=00000000 xnZvc
02:73B6  4E BA  JSR     $FE70(PC)                A0=00098454 A1=0000A71C A2=00FF8000 A3=00FF800E A4=00026FDA A5=00000000 A6=00000000 A7=00FF7F98 D0=00002040 D1=00000040 D2=00000008 D3=00000008 D4=00000008 D5=00000040 D6=00000004 D7=00000000 xnZvc
02:73BA  58 8F  ADDQ.L  #4,SP                    A0=00FFD8DC A1=0008E5BE A2=00FF8000 A3=00FF800E A4=00026FDA A5=00000000 A6=00000000 A7=00FF7F98 D0=00000002 D1=00000002 D2=00000008 D3=00000008 D4=00000008 D5=00000040 D6=00000004 D7=00000000 xNzvc
02:73BC  4C DF  MOVEM.L (SP)+,{a7-d0}[00 7c]     A0=00FFD8DC A1=0008E5BE A2=00FF8000 A3=00FF800E A4=00026FDA A5=00000000 A6=00000000 A7=00FF7F9C D0=00000002 D1=00000002 D2=00000008 D3=00000008 D4=00000008 D5=00000040 D6=00000004 D7=00000000 xNzvc
02:73C0  4E 75  RTS                              A0=00FFD8DC A1=0008E5BE A2=00FF8000 A3=00FF800E A4=00026FDA A5=00000000 A6=00000000 A7=00FF7FB0 D0=00000002 D1=00000002 D2=00000001 D3=00000000 D4=00000000 D5=00000000 D6=00000000 D7=00000000 xNzvc

02:73C2  2F 02  MOVE.L  D2,-(SP)                 A0=00FF9364 A1=00FF8036 A2=00FF8000 A3=00FF800E A4=00026FDA A5=00000000 A6=00000000 A7=00FF7FA4 D0=00000000 D1=0000002C D2=00000000 D3=00000000 D4=00003050 D5=00000000 D6=00000000 D7=00000000 xnzvc
02:73C4  48 78  PEA     ($0001)                  A0=00FF9364 A1=00FF8036 A2=00FF8000 A3=00FF800E A4=00026FDA A5=00000000 A6=00000000 A7=00FF7FA0 D0=00000000 D1=0000002C D2=00000000 D3=00000000 D4=00003050 D5=00000000 D6=00000000 D7=00000000 xnZvc
02:73C8  4E B9  JSR     ($00000578)              A0=00FF9364 A1=00FF8036 A2=00FF8000 A3=00FF800E A4=00026FDA A5=00000000 A6=00000000 A7=00FF7F9C D0=00000000 D1=0000002C D2=00000000 D3=00000000 D4=00003050 D5=00000000 D6=00000000 D7=00000000 xnZvc
02:73CE  58 8F  ADDQ.L  #4,SP                    A0=00FF9364 A1=00FF8036 A2=00FF8000 A3=00FF800E A4=00026FDA A5=00000000 A6=00000000 A7=00FF7F9C D0=00000000 D1=000032E8 D2=00000000 D3=00000000 D4=00003050 D5=00000000 D6=00000000 D7=00000000 xnZvc
02:73D0  42 42  CLR.W   D2                       A0=00FF9364 A1=00FF8036 A2=00FF8000 A3=00FF800E A4=00026FDA A5=00000000 A6=00000000 A7=00FF7FA0 D0=00000000 D1=000032E8 D2=00000000 D3=00000000 D4=00003050 D5=00000000 D6=00000000 D7=00000000 xnZvc
02:73D2  30 02  MOVE.W  D2,D0                    A0=00FF9364 A1=00FF8036 A2=00FF8000 A3=00FF800E A4=00026FDA A5=00000000 A6=00000000 A7=00FF7FA0 D0=6F000040 D1=00000017 D2=0000001F D3=00000000 D4=000001DC D5=00000000 D6=00000000 D7=00000000 xNzvC
02:73D4  48 C0  EXT.L   D0                       A0=00FF9364 A1=00FF8036 A2=00FF8000 A3=00FF800E A4=00026FDA A5=00000000 A6=00000000 A7=00FF7FA0 D0=6F00001F D1=00000017 D2=0000001F D3=00000000 D4=000001DC D5=00000000 D6=00000000 D7=00000000 xnzvc
02:73D6  72 17  MOVEQ   #$17,D1                  A0=00FF9364 A1=00FF8036 A2=00FF8000 A3=00FF800E A4=00026FDA A5=00000000 A6=00000000 A7=00FF7FA0 D0=0000001F D1=00000017 D2=0000001F D3=00000000 D4=000001DC D5=00000000 D6=00000000 D7=00000000 xnzvc
02:73D8  E3 A0  ASL.L   D1,D0                    A0=00FF9364 A1=00FF8036 A2=00FF8000 A3=00FF800E A4=00026FDA A5=00000000 A6=00000000 A7=00FF7FA0 D0=0000001F D1=00000017 D2=0000001F D3=00000000 D4=000001DC D5=00000000 D6=00000000 D7=00000000 xnzvc
02:73DA  06 80  ADDI.L  #$60000003,D0            A0=00FF9364 A1=00FF8036 A2=00FF8000 A3=00FF800E A4=00026FDA A5=00000000 A6=00000000 A7=00FF7FA0 D0=0F800000 D1=00000017 D2=0000001F D3=00000000 D4=000001DC D5=00000000 D6=00000000 D7=00000000 xnzvc
02:73E0  23 C0  MOVE.L  D0,($00C00004)           A0=00FF9364 A1=00FF8036 A2=00FF8000 A3=00FF800E A4=00026FDA A5=00000000 A6=00000000 A7=00FF7FA0 D0=6F800003 D1=00000017 D2=0000001F D3=00000000 D4=000001DC D5=00000000 D6=00000000 D7=00000000 xnzvc
02:73E6  42 40  CLR.W   D0                       A0=00FF9364 A1=00FF8036 A2=00FF8000 A3=00FF800E A4=00026FDA A5=00000000 A6=00000000 A7=00FF7FA0 D0=6F800003 D1=00000017 D2=0000001F D3=00000000 D4=000001DC D5=00000000 D6=00000000 D7=00000000 xnzvc
02:73E8  33 FC  MOVE.W  #$8000,($00C00000)       A0=00FFD8DC A1=0008C19E A2=00FF8000 A3=00FF800E A4=00026FDA A5=00000000 A6=00000000 A7=00FF7FA0 D0=6000003F D1=00000017 D2=00000000 D3=00000000 D4=00000000 D5=00000000 D6=00000000 D7=00000000 xNzvC
02:73F0  52 40  ADDQ.W  #1,D0                    A0=00FFD8DC A1=0008C19E A2=00FF8000 A3=00FF800E A4=00026FDA A5=00000000 A6=00000000 A7=00FF7FA0 D0=6000003F D1=00000017 D2=00000000 D3=00000000 D4=00000000 D5=00000000 D6=00000000 D7=00000000 xNzvc
02:73F2  0C 40  CMPI.W  #$0040,D0                A0=00FFD8DC A1=0008C19E A2=00FF8000 A3=00FF800E A4=00026FDA A5=00000000 A6=00000000 A7=00FF7FA0 D0=60000040 D1=00000017 D2=00000000 D3=00000000 D4=00000000 D5=00000000 D6=00000000 D7=00000000 xnzvc
02:73F6  6D F0  BLT     #$F0 [02:73E8]           A0=00FFD8DC A1=0008C19E A2=00FF8000 A3=00FF800E A4=00026FDA A5=00000000 A6=00000000 A7=00FF7FA0 D0=60000040 D1=00000017 D2=00000000 D3=00000000 D4=00000000 D5=00000000 D6=00000000 D7=00000000 xnZvc
02:73F8  52 42  ADDQ.W  #1,D2                    A0=00FF9364 A1=00FF8036 A2=00FF8000 A3=00FF800E A4=00026FDA A5=00000000 A6=00000000 A7=00FF7FA0 D0=6F800040 D1=00000017 D2=0000001F D3=00000000 D4=000001DC D5=00000000 D6=00000000 D7=00000000 xnZvc
02:73FA  0C 42  CMPI.W  #$0020,D2                A0=00FF9364 A1=00FF8036 A2=00FF8000 A3=00FF800E A4=00026FDA A5=00000000 A6=00000000 A7=00FF7FA0 D0=6F800040 D1=00000017 D2=00000020 D3=00000000 D4=000001DC D5=00000000 D6=00000000 D7=00000000 xnzvc
02:73FE  6D D2  BLT     #$D2 [02:73D2]           A0=00FF9364 A1=00FF8036 A2=00FF8000 A3=00FF800E A4=00026FDA A5=00000000 A6=00000000 A7=00FF7FA0 D0=6F800040 D1=00000017 D2=00000020 D3=00000000 D4=000001DC D5=00000000 D6=00000000 D7=00000000 xnZvc
02:7400  24 1F  MOVE.L  (SP)+,D2                 A0=00FF9364 A1=00FF8036 A2=00FF8000 A3=00FF800E A4=00026FDA A5=00000000 A6=00000000 A7=00FF7FA0 D0=6F800040 D1=00000017 D2=00000020 D3=00000000 D4=00003050 D5=00000000 D6=00000000 D7=00000000 xnZvc
02:7402  4E 75  RTS                              A0=00FF9364 A1=00FF8036 A2=00FF8000 A3=00FF800E A4=00026FDA A5=00000000 A6=00000000 A7=00FF7FA4 D0=6F800040 D1=00000017 D2=00000000 D3=00000000 D4=00003050 D5=00000000 D6=00000000 D7=00000000 xnZvc

02:7404  2F 02  MOVE.L  D2,-(SP)                 A0=00FF9364 A1=00FF8036 A2=00FF8038 A3=00FF8036 A4=00FF8000 A5=00000000 A6=00000000 A7=00FF7FB8 D0=6F800040 D1=00000017 D2=00000000 D3=00000000 D4=00000000 D5=00000000 D6=00000000 D7=00000000 xnZvc
02:7406  48 78  PEA     ($0001)                  A0=00FF9364 A1=00FF8036 A2=00FF8038 A3=00FF8036 A4=00FF8000 A5=00000000 A6=00000000 A7=00FF7FB4 D0=6F800040 D1=00000017 D2=00000000 D3=00000000 D4=00000000 D5=00000000 D6=00000000 D7=00000000 xnZvc
02:740A  4E B9  JSR     ($00000578)              A0=00FF9364 A1=00FF8036 A2=00FF8038 A3=00FF8036 A4=00FF8000 A5=00000000 A6=00000000 A7=00FF7FB0 D0=6F800040 D1=00000017 D2=00000000 D3=00000000 D4=00000000 D5=00000000 D6=00000000 D7=00000000 xnZvc
02:7410  58 8F  ADDQ.L  #4,SP                    A0=00FF9364 A1=00FF8036 A2=00FF8038 A3=00FF8036 A4=00FF8000 A5=00000000 A6=00000000 A7=00FF7FB0 D0=6F800001 D1=00000017 D2=00000000 D3=00000000 D4=00000000 D5=00000000 D6=00000000 D7=00000000 xnZvc
02:7412  42 42  CLR.W   D2                       A0=00FF9364 A1=00FF8036 A2=00FF8038 A3=00FF8036 A4=00FF8000 A5=00000000 A6=00000000 A7=00FF7FB4 D0=6F800001 D1=00000017 D2=00000000 D3=00000000 D4=00000000 D5=00000000 D6=00000000 D7=00000000 xnZvc
02:7414  30 02  MOVE.W  D2,D0                    A0=00FF9364 A1=00FF8036 A2=00FF8038 A3=00FF8036 A4=00FF8000 A5=00000000 A6=00000000 A7=00FF7FB4 D0=6F000040 D1=00000017 D2=0000001F D3=00000000 D4=00000000 D5=00000000 D6=00000000 D7=00000000 xNzvC
02:7416  48 C0  EXT.L   D0                       A0=00FF9364 A1=00FF8036 A2=00FF8038 A3=00FF8036 A4=00FF8000 A5=00000000 A6=00000000 A7=00FF7FB4 D0=6F00001F D1=00000017 D2=0000001F D3=00000000 D4=00000000 D5=00000000 D6=00000000 D7=00000000 xnzvc
02:7418  72 17  MOVEQ   #$17,D1                  A0=00FF9364 A1=00FF8036 A2=00FF8038 A3=00FF8036 A4=00FF8000 A5=00000000 A6=00000000 A7=00FF7FB4 D0=0000001F D1=00000017 D2=0000001F D3=00000000 D4=00000000 D5=00000000 D6=00000000 D7=00000000 xnzvc
02:741A  E3 A0  ASL.L   D1,D0                    A0=00FF9364 A1=00FF8036 A2=00FF8038 A3=00FF8036 A4=00FF8000 A5=00000000 A6=00000000 A7=00FF7FB4 D0=0000001F D1=00000017 D2=0000001F D3=00000000 D4=00000000 D5=00000000 D6=00000000 D7=00000000 xnzvc
02:741C  06 80  ADDI.L  #$60000002,D0            A0=00FF9364 A1=00FF8036 A2=00FF8038 A3=00FF8036 A4=00FF8000 A5=00000000 A6=00000000 A7=00FF7FB4 D0=0F800000 D1=00000017 D2=0000001F D3=00000000 D4=00000000 D5=00000000 D6=00000000 D7=00000000 xnzvc
02:7422  23 C0  MOVE.L  D0,($00C00004)           A0=00FF9364 A1=00FF8036 A2=00FF8038 A3=00FF8036 A4=00FF8000 A5=00000000 A6=00000000 A7=00FF7FB4 D0=6F800002 D1=00000017 D2=0000001F D3=00000000 D4=00000000 D5=00000000 D6=00000000 D7=00000000 xnzvc
02:7428  42 40  CLR.W   D0                       A0=00FF9364 A1=00FF8036 A2=00FF8038 A3=00FF8036 A4=00FF8000 A5=00000000 A6=00000000 A7=00FF7FB4 D0=6F800002 D1=00000017 D2=0000001F D3=00000000 D4=00000000 D5=00000000 D6=00000000 D7=00000000 xnzvc
02:742A  33 FC  MOVE.W  #$8000,($00C00000)       A0=00097680 A1=00FF8036 A2=00FFE3F8 A3=0003B918 A4=00FF8000 A5=00000000 A6=00000000 A7=00FF7FA0 D0=6000003F D1=00000017 D2=00000000 D3=00000000 D4=00000000 D5=00000000 D6=00000000 D7=00000000 xNzvC
02:7432  52 40  ADDQ.W  #1,D0                    A0=00097680 A1=00FF8036 A2=00FFE3F8 A3=0003B918 A4=00FF8000 A5=00000000 A6=00000000 A7=00FF7FA0 D0=6000003F D1=00000017 D2=00000000 D3=00000000 D4=00000000 D5=00000000 D6=00000000 D7=00000000 xNzvc
02:7434  0C 40  CMPI.W  #$0040,D0                A0=00097680 A1=00FF8036 A2=00FFE3F8 A3=0003B918 A4=00FF8000 A5=00000000 A6=00000000 A7=00FF7FA0 D0=60000040 D1=00000017 D2=00000000 D3=00000000 D4=00000000 D5=00000000 D6=00000000 D7=00000000 xnzvc
02:7438  6D F0  BLT     #$F0 [02:742A]           A0=00097680 A1=00FF8036 A2=00FFE3F8 A3=0003B918 A4=00FF8000 A5=00000000 A6=00000000 A7=00FF7FA0 D0=60000040 D1=00000017 D2=00000000 D3=00000000 D4=00000000 D5=00000000 D6=00000000 D7=00000000 xnZvc
02:743A  52 42  ADDQ.W  #1,D2                    A0=00FF9364 A1=00FF8036 A2=00FF8038 A3=00FF8036 A4=00FF8000 A5=00000000 A6=00000000 A7=00FF7FB4 D0=6F800040 D1=00000017 D2=0000001F D3=00000000 D4=00000000 D5=00000000 D6=00000000 D7=00000000 xnZvc
02:743C  0C 42  CMPI.W  #$0020,D2                A0=00FF9364 A1=00FF8036 A2=00FF8038 A3=00FF8036 A4=00FF8000 A5=00000000 A6=00000000 A7=00FF7FB4 D0=6F800040 D1=00000017 D2=00000020 D3=00000000 D4=00000000 D5=00000000 D6=00000000 D7=00000000 xnzvc
02:7440  6D D2  BLT     #$D2 [02:7414]           A0=00FF9364 A1=00FF8036 A2=00FF8038 A3=00FF8036 A4=00FF8000 A5=00000000 A6=00000000 A7=00FF7FB4 D0=6F800040 D1=00000017 D2=00000020 D3=00000000 D4=00000000 D5=00000000 D6=00000000 D7=00000000 xnZvc
02:7442  24 1F  MOVE.L  (SP)+,D2                 A0=00FF9364 A1=00FF8036 A2=00FF8038 A3=00FF8036 A4=00FF8000 A5=00000000 A6=00000000 A7=00FF7FB4 D0=6F800040 D1=00000017 D2=00000020 D3=00000000 D4=00000000 D5=00000000 D6=00000000 D7=00000000 xnZvc
02:7444  4E 75  RTS                              A0=00FF9364 A1=00FF8036 A2=00FF8038 A3=00FF8036 A4=00FF8000 A5=00000000 A6=00000000 A7=00FF7FB8 D0=6F800040 D1=00000017 D2=00000000 D3=00000000 D4=00000000 D5=00000000 D6=00000000 D7=00000000 xnZvc

02:7446  48 E7  MOVEM.L {d0-a7}[30 00],-(SP)     A0=00FF9364 A1=00FF8036 A2=00FF8000 A3=00FF800E A4=00026FDA A5=00000000 A6=00000000 A7=00FF7FB0 D0=00000000 D1=0000002C D2=00000000 D3=00000000 D4=00003050 D5=00000000 D6=00000000 D7=00000000 xnzvc
02:744A  4E BA  JSR     $FF76(PC)                A0=00FF9364 A1=00FF8036 A2=00FF8000 A3=00FF800E A4=00026FDA A5=00000000 A6=00000000 A7=00FF7FA8 D0=00000000 D1=0000002C D2=00000000 D3=00000000 D4=00003050 D5=00000000 D6=00000000 D7=00000000 xnzvc
02:744E  4A 39  TST.B   ($00FFE3A8)              A0=00FF9364 A1=00FF8036 A2=00FF8000 A3=00FF800E A4=00026FDA A5=00000000 A6=00000000 A7=00FF7FA8 D0=6F800040 D1=00000017 D2=00000000 D3=00000000 D4=00003050 D5=00000000 D6=00000000 D7=00000000 xnZvc
02:7454  66 00  BNE     #$008C [02:74E2]         A0=00FF9364 A1=00FF8036 A2=00FF8000 A3=00FF800E A4=00026FDA A5=00000000 A6=00000000 A7=00FF7FA8 D0=6F800040 D1=00000017 D2=00000000 D3=00000000 D4=00003050 D5=00000000 D6=00000000 D7=00000000 xnzvc
02:7458  23 FC  MOVE.L  #$48800001,($00C00004)   A0=00FF9364 A1=00FF8036 A2=00FF8000 A3=00FF800E A4=00026FDA A5=00000000 A6=00000000 A7=00FF7FA8 D0=6F800040 D1=00000017 D2=00000000 D3=00000000 D4=00003050 D5=00000000 D6=00000000 D7=00000000 xnZvc
02:7462  30 39  MOVE.W  ($0002C52A),D0           A0=00FF9364 A1=00FF8036 A2=00FF8000 A3=00FF800E A4=00026FDA A5=00000000 A6=00000000 A7=00FF7FA8 D0=6F800040 D1=00000017 D2=00000000 D3=00000000 D4=00003050 D5=00000000 D6=00000000 D7=00000000 xnzvc
02:7468  48 C0  EXT.L   D0                       A0=00FF9364 A1=00FF8036 A2=00FF8000 A3=00FF800E A4=00026FDA A5=00000000 A6=00000000 A7=00FF7FA8 D0=6F800110 D1=00000017 D2=00000000 D3=00000000 D4=00003050 D5=00000000 D6=00000000 D7=00000000 xnzvc
02:746A  E9 80  ASL.L   #4,D0                    A0=00FF9364 A1=00FF8036 A2=00FF8000 A3=00FF800E A4=00026FDA A5=00000000 A6=00000000 A7=00FF7FA8 D0=00000110 D1=00000017 D2=00000000 D3=00000000 D4=00003050 D5=00000000 D6=00000000 D7=00000000 xnzvc
02:746C  2F 00  MOVE.L  D0,-(SP)                 A0=00FF9364 A1=00FF8036 A2=00FF8000 A3=00FF800E A4=00026FDA A5=00000000 A6=00000000 A7=00FF7FA8 D0=00001100 D1=00000017 D2=00000000 D3=00000000 D4=00003050 D5=00000000 D6=00000000 D7=00000000 xnzvc
02:746E  48 79  PEA     ($0002C52C)              A0=00FF9364 A1=00FF8036 A2=00FF8000 A3=00FF800E A4=00026FDA A5=00000000 A6=00000000 A7=00FF7FA4 D0=00001100 D1=00000017 D2=00000000 D3=00000000 D4=00003050 D5=00000000 D6=00000000 D7=00000000 xnzvc
02:7474  4E B9  JSR     ($00026F76)              A0=00FF9364 A1=00FF8036 A2=00FF8000 A3=00FF800E A4=00026FDA A5=00000000 A6=00000000 A7=00FF7FA0 D0=00001100 D1=00000017 D2=00000000 D3=00000000 D4=00003050 D5=00000000 D6=00000000 D7=00000000 xnzvc
02:747A  50 8F  ADDQ.L  #8,SP                    A0=0002E72C A1=00FF8036 A2=00FF8000 A3=00FF800E A4=00026FDA A5=00000000 A6=00000000 A7=00FF7FA0 D0=0000FFFF D1=00000017 D2=00000000 D3=00000000 D4=00003050 D5=00000000 D6=00000000 D7=00000000 xnzvc
02:747C  42 43  CLR.W   D3                       A0=0002E72C A1=00FF8036 A2=00FF8000 A3=00FF800E A4=00026FDA A5=00000000 A6=00000000 A7=00FF7FA8 D0=0000FFFF D1=00000017 D2=00000000 D3=00000000 D4=00003050 D5=00000000 D6=00000000 D7=00000000 xnzvc
02:747E  0C 43  CMPI.W  #$0001,D3                A0=0002BEEA A1=00FF8036 A2=00FF8000 A3=00FF800E A4=00026FDA A5=00000000 A6=00000000 A7=00FF7FA8 D0=00008244 D1=00000000 D2=00000028 D3=00000007 D4=000001DC D5=00000000 D6=00000000 D7=00000000 xNzvC
02:7482  6D 52  BLT     #$52 [02:74D6]           A0=0002BEEA A1=00FF8036 A2=00FF8000 A3=00FF800E A4=00026FDA A5=00000000 A6=00000000 A7=00FF7FA8 D0=00008244 D1=00000000 D2=00000028 D3=00000007 D4=000001DC D5=00000000 D6=00000000 D7=00000000 xnzvc
02:7484  0C 43  CMPI.W  #$001A,D3                A0=0002BFDA A1=00FF8036 A2=00FF8000 A3=00FF800E A4=00026FDA A5=00000000 A6=00000000 A7=00FF7FA8 D0=00008244 D1=00000000 D2=00000028 D3=0000000A D4=000001DC D5=00000000 D6=00000000 D7=00000000 xnzvc
02:7488  6C 4C  BGE     #$4C [02:74D6]           A0=0002BFDA A1=00FF8036 A2=00FF8000 A3=00FF800E A4=00026FDA A5=00000000 A6=00000000 A7=00FF7FA8 D0=00008244 D1=00000000 D2=00000028 D3=0000000A D4=000001DC D5=00000000 D6=00000000 D7=00000000 xNzvC
02:748A  30 03  MOVE.W  D3,D0                    A0=0002C11A A1=00FF8036 A2=00FF8000 A3=00FF800E A4=00026FDA A5=00000000 A6=00000000 A7=00FF7FA8 D0=00008244 D1=00000000 D2=00000028 D3=0000000E D4=000001DC D5=00000000 D6=00000000 D7=00000000 xNzvC
02:748C  48 C0  EXT.L   D0                       A0=0002C11A A1=00FF8036 A2=00FF8000 A3=00FF800E A4=00026FDA A5=00000000 A6=00000000 A7=00FF7FA8 D0=0000000E D1=00000000 D2=00000028 D3=0000000E D4=000001DC D5=00000000 D6=00000000 D7=00000000 xnzvc
02:748E  72 17  MOVEQ   #$17,D1                  A0=0002C11A A1=00FF8036 A2=00FF8000 A3=00FF800E A4=00026FDA A5=00000000 A6=00000000 A7=00FF7FA8 D0=0000000E D1=00000000 D2=00000028 D3=0000000E D4=000001DC D5=00000000 D6=00000000 D7=00000000 xnzvc
02:7490  E3 A0  ASL.L   D1,D0                    A0=0002C11A A1=00FF8036 A2=00FF8000 A3=00FF800E A4=00026FDA A5=00000000 A6=00000000 A7=00FF7FA8 D0=0000000E D1=00000017 D2=00000028 D3=0000000E D4=000001DC D5=00000000 D6=00000000 D7=00000000 xnzvc
02:7492  06 80  ADDI.L  #$60000003,D0            A0=0002C11A A1=00FF8036 A2=00FF8000 A3=00FF800E A4=00026FDA A5=00000000 A6=00000000 A7=00FF7FA8 D0=07000000 D1=00000017 D2=00000028 D3=0000000E D4=000001DC D5=00000000 D6=00000000 D7=00000000 xnzvc
02:7498  23 C0  MOVE.L  D0,($00C00004)           A0=0002C11A A1=00FF8036 A2=00FF8000 A3=00FF800E A4=00026FDA A5=00000000 A6=00000000 A7=00FF7FA8 D0=67000003 D1=00000017 D2=00000028 D3=0000000E D4=000001DC D5=00000000 D6=00000000 D7=00000000 xnzvc
02:749E  42 42  CLR.W   D2                       A0=0002C11A A1=00FF8036 A2=00FF8000 A3=00FF800E A4=00026FDA A5=00000000 A6=00000000 A7=00FF7FA8 D0=67000003 D1=00000017 D2=00000028 D3=0000000E D4=000001DC D5=00000000 D6=00000000 D7=00000000 xnzvc
02:74A0  30 03  MOVE.W  D3,D0                    A0=0002BDAA A1=0008C19E A2=00FF8000 A3=00FF800E A4=00026FDA A5=00000000 A6=00000000 A7=00FF7FA8 D0=00008244 D1=00000000 D2=00000017 D3=00000002 D4=00000000 D5=00000000 D6=00000000 D7=00000000 xNzvC
02:74A2  48 C0  EXT.L   D0                       A0=0002BDAA A1=0008C19E A2=00FF8000 A3=00FF800E A4=00026FDA A5=00000000 A6=00000000 A7=00FF7FA8 D0=00000002 D1=00000000 D2=00000017 D3=00000002 D4=00000000 D5=00000000 D6=00000000 D7=00000000 xnzvc
02:74A4  53 80  SUBQ.L  #1,D0                    A0=0002BDAA A1=0008C19E A2=00FF8000 A3=00FF800E A4=00026FDA A5=00000000 A6=00000000 A7=00FF7FA8 D0=00000002 D1=00000000 D2=00000017 D3=00000002 D4=00000000 D5=00000000 D6=00000000 D7=00000000 xnzvc
02:74A6  E9 80  ASL.L   #4,D0                    A0=0002BDAA A1=0008C19E A2=00FF8000 A3=00FF800E A4=00026FDA A5=00000000 A6=00000000 A7=00FF7FA8 D0=00000001 D1=00000000 D2=00000017 D3=00000002 D4=00000000 D5=00000000 D6=00000000 D7=00000000 xnzvc
02:74A8  22 00  MOVE.L  D0,D1                    A0=0002BDAA A1=0008C19E A2=00FF8000 A3=00FF800E A4=00026FDA A5=00000000 A6=00000000 A7=00FF7FA8 D0=00000010 D1=00000000 D2=00000017 D3=00000002 D4=00000000 D5=00000000 D6=00000000 D7=00000000 xnzvc
02:74AA  E5 80  ASL.L   #2,D0                    A0=0002BDAA A1=0008C19E A2=00FF8000 A3=00FF800E A4=00026FDA A5=00000000 A6=00000000 A7=00FF7FA8 D0=00000010 D1=00000010 D2=00000017 D3=00000002 D4=00000000 D5=00000000 D6=00000000 D7=00000000 xnzvc
02:74AC  D0 81  ADD.L   D1,D0                    A0=0002BDAA A1=0008C19E A2=00FF8000 A3=00FF800E A4=00026FDA A5=00000000 A6=00000000 A7=00FF7FA8 D0=00000040 D1=00000010 D2=00000017 D3=00000002 D4=00000000 D5=00000000 D6=00000000 D7=00000000 xnzvc
02:74AE  20 7C  MOVE.L  #$0002BD5A,A0            A0=0002BDAA A1=0008C19E A2=00FF8000 A3=00FF800E A4=00026FDA A5=00000000 A6=00000000 A7=00FF7FA8 D0=00000050 D1=00000010 D2=00000017 D3=00000002 D4=00000000 D5=00000000 D6=00000000 D7=00000000 xnzvc
02:74B4  32 02  MOVE.W  D2,D1                    A0=0002BD5A A1=0008C19E A2=00FF8000 A3=00FF800E A4=00026FDA A5=00000000 A6=00000000 A7=00FF7FA8 D0=00000050 D1=00000010 D2=00000017 D3=00000002 D4=00000000 D5=00000000 D6=00000000 D7=00000000 xnzvc
02:74B6  D2 41  ADD.W   D1,D1                    A0=0002BD5A A1=0008C19E A2=00FF8000 A3=00FF800E A4=00026FDA A5=00000000 A6=00000000 A7=00FF7FA8 D0=00000050 D1=00000017 D2=00000017 D3=00000002 D4=00000000 D5=00000000 D6=00000000 D7=00000000 xnzvc
02:74B8  D1 C0  ADDA.L  D0,A0                    A0=0002BD5A A1=0008C19E A2=00FF8000 A3=00FF800E A4=00026FDA A5=00000000 A6=00000000 A7=00FF7FA8 D0=00000050 D1=0000002E D2=00000017 D3=00000002 D4=00000000 D5=00000000 D6=00000000 D7=00000000 xnzvc
02:74BA  32 30  MOVE.W  $00(A0,D1),D1            A0=0002BDAA A1=0008C19E A2=00FF8000 A3=00FF800E A4=00026FDA A5=00000000 A6=00000000 A7=00FF7FA8 D0=00000050 D1=0000002E D2=00000017 D3=00000002 D4=00000000 D5=00000000 D6=00000000 D7=00000000 xnzvc
02:74BE  70 00  MOVEQ   #$00,D0                  A0=0002BDAA A1=0008C19E A2=00FF8000 A3=00FF800E A4=00026FDA A5=00000000 A6=00000000 A7=00FF7FA8 D0=00000050 D1=00002006 D2=00000017 D3=00000002 D4=00000000 D5=00000000 D6=00000000 D7=00000000 xnzvc
02:74C0  30 01  MOVE.W  D1,D0                    A0=0002BDAA A1=0008C19E A2=00FF8000 A3=00FF800E A4=00026FDA A5=00000000 A6=00000000 A7=00FF7FA8 D0=00000000 D1=00002006 D2=00000017 D3=00000002 D4=00000000 D5=00000000 D6=00000000 D7=00000000 xnZvc
02:74C2  06 80  ADDI.L  #$00008244,D0            A0=0002BDAA A1=0008C19E A2=00FF8000 A3=00FF800E A4=00026FDA A5=00000000 A6=00000000 A7=00FF7FA8 D0=00002006 D1=00002006 D2=00000017 D3=00000002 D4=00000000 D5=00000000 D6=00000000 D7=00000000 xnzvc
02:74C8  33 C0  MOVE.W  D0,($00C00000)           A0=0002BDAA A1=0008C19E A2=00FF8000 A3=00FF800E A4=00026FDA A5=00000000 A6=00000000 A7=00FF7FA8 D0=0000A24A D1=00002006 D2=00000017 D3=00000002 D4=00000000 D5=00000000 D6=00000000 D7=00000000 xnzvc
02:74CE  52 42  ADDQ.W  #1,D2                    A0=0002BDAA A1=0008C19E A2=00FF8000 A3=00FF800E A4=00026FDA A5=00000000 A6=00000000 A7=00FF7FA8 D0=0000A24A D1=00002006 D2=00000017 D3=00000002 D4=00000000 D5=00000000 D6=00000000 D7=00000000 xNzvc
02:74D0  0C 42  CMPI.W  #$0028,D2                A0=0002BDAA A1=0008C19E A2=00FF8000 A3=00FF800E A4=00026FDA A5=00000000 A6=00000000 A7=00FF7FA8 D0=0000A24A D1=00002006 D2=00000018 D3=00000002 D4=00000000 D5=00000000 D6=00000000 D7=00000000 xnzvc
02:74D4  6D CA  BLT     #$CA [02:74A0]           A0=0002BDAA A1=0008C19E A2=00FF8000 A3=00FF800E A4=00026FDA A5=00000000 A6=00000000 A7=00FF7FA8 D0=0000A24A D1=00002006 D2=00000018 D3=00000002 D4=00000000 D5=00000000 D6=00000000 D7=00000000 xNzvC
02:74D6  52 43  ADDQ.W  #1,D3                    A0=0002BF3A A1=00FF8036 A2=00FF8000 A3=00FF800E A4=00026FDA A5=00000000 A6=00000000 A7=00FF7FA8 D0=00008244 D1=00000000 D2=00000028 D3=00000007 D4=000001DC D5=00000000 D6=00000000 D7=00000000 xnZvc
02:74D8  0C 43  CMPI.W  #$001C,D3                A0=0002BF3A A1=00FF8036 A2=00FF8000 A3=00FF800E A4=00026FDA A5=00000000 A6=00000000 A7=00FF7FA8 D0=00008244 D1=00000000 D2=00000028 D3=00000008 D4=000001DC D5=00000000 D6=00000000 D7=00000000 xnzvc
02:74DC  6C 00  BGE     #$008A [02:7568]         A0=0002BF3A A1=00FF8036 A2=00FF8000 A3=00FF800E A4=00026FDA A5=00000000 A6=00000000 A7=00FF7FA8 D0=00008244 D1=00000000 D2=00000028 D3=00000008 D4=000001DC D5=00000000 D6=00000000 D7=00000000 xNzvC
02:74E0  60 9C  BRA     #$9C [02:747E]           A0=0002BFDA A1=00FF8036 A2=00FF8000 A3=00FF800E A4=00026FDA A5=00000000 A6=00000000 A7=00FF7FA8 D0=00008244 D1=00000000 D2=00000028 D3=0000000A D4=000001DC D5=00000000 D6=00000000 D7=00000000 xNzvC
02:74E2  23 FC  MOVE.L  #$48800001,($00C00004)   A0=00FF9364 A1=00FF8036 A2=00FF8000 A3=00FF800E A4=00026FDA A5=00000000 A6=00000000 A7=00FF7FA8 D0=6F800040 D1=00000017 D2=00000000 D3=00000000 D4=00003050 D5=00000000 D6=00000000 D7=00000000 xnzvc
02:74EC  30 39  MOVE.W  ($0002EC7C),D0           A0=00FF9364 A1=00FF8036 A2=00FF8000 A3=00FF800E A4=00026FDA A5=00000000 A6=00000000 A7=00FF7FA8 D0=6F800040 D1=00000017 D2=00000000 D3=00000000 D4=00003050 D5=00000000 D6=00000000 D7=00000000 xnzvc
02:74F2  48 C0  EXT.L   D0                       A0=00FF9364 A1=00FF8036 A2=00FF8000 A3=00FF800E A4=00026FDA A5=00000000 A6=00000000 A7=00FF7FA8 D0=6F8000D1 D1=00000017 D2=00000000 D3=00000000 D4=00003050 D5=00000000 D6=00000000 D7=00000000 xnzvc
02:74F4  E9 80  ASL.L   #4,D0                    A0=00FF9364 A1=00FF8036 A2=00FF8000 A3=00FF800E A4=00026FDA A5=00000000 A6=00000000 A7=00FF7FA8 D0=000000D1 D1=00000017 D2=00000000 D3=00000000 D4=00003050 D5=00000000 D6=00000000 D7=00000000 xnzvc
02:74F6  2F 00  MOVE.L  D0,-(SP)                 A0=00FF9364 A1=00FF8036 A2=00FF8000 A3=00FF800E A4=00026FDA A5=00000000 A6=00000000 A7=00FF7FA8 D0=00000D10 D1=00000017 D2=00000000 D3=00000000 D4=00003050 D5=00000000 D6=00000000 D7=00000000 xnzvc
02:74F8  48 79  PEA     ($0002EC7E)              A0=00FF9364 A1=00FF8036 A2=00FF8000 A3=00FF800E A4
02:74FE  4E B9  JSR     ($00026F76)              A0=00FF9364 A1=00FF8036 A2=00FF8000 A3=00FF800E A4=00026FDA A5=00000000 A6=00000000 A7=00FF7FA0 D0=00000D10 D1=00000017 D2=00000000 D3=00000000 D4=00003050 D5=00000000 D6=00000000 D7=00000000 xnzvc
02:7504  50 8F  ADDQ.L  #8,SP                    A0=0003069E A1=00FF8036 A2=00FF8000 A3=00FF800E A4=00026FDA A5=00000000 A6=00000000 A7=00FF7FA0 D0=0000FFFF D1=00000017 D2=00000000 D3=00000000 D4=00003050 D5=00000000 D6=00000000 D7=00000000 xnZvc
02:7506  42 43  CLR.W   D3                       A0=0003069E A1=00FF8036 A2=00FF8000 A3=00FF800E A4=00026FDA A5=00000000 A6=00000000 A7=00FF7FA8 D0=0000FFFF D1=00000017 D2=00000000 D3=00000000 D4=00003050 D5=00000000 D6=00000000 D7=00000000 xnZvc
02:7508  0C 43  CMPI.W  #$0004,D3                A0=0002E7CC A1=00FF8036 A2=00FF8000 A3=00FF800E A4=00026FDA A5=00000000 A6=00000000 A7=00FF7FA8 D0=00008244 D1=00000000 D2=00000028 D3=00000007 D4=000001DC D5=00000000 D6=00000000 D7=00000000 xNzvC
02:750C  6D 52  BLT     #$52 [02:7560]           A0=0002E7CC A1=00FF8036 A2=00FF8000 A3=00FF800E A4=00026FDA A5=00000000 A6=00000000 A7=00FF7FA8 D0=00008244 D1=00000000 D2=00000028 D3=00000007 D4=000001DC D5=00000000 D6=00000000 D7=00000000 xnzvc
02:750E  0C 43  CMPI.W  #$0015,D3                A0=0002EB8C A1=00FF8036 A2=00FF8000 A3=00FF800E A4=00026FDA A5=00000000 A6=00000000 A7=00FF7FA8 D0=00008244 D1=00000000 D2=00000028 D3=00000013 D4=000001DC D5=00000000 D6=00000000 D7=00000000 xnzvc
02:7512  6C 4C  BGE     #$4C [02:7560]           A0=0002EB8C A1=00FF8036 A2=00FF8000 A3=00FF800E A4=00026FDA A5=00000000 A6=00000000 A7=00FF7FA8 D0=00008244 D1=00000000 D2=00000028 D3=00000013 D4=000001DC D5=00000000 D6=00000000 D7=00000000 xNzvC
02:7514  30 03  MOVE.W  D3,D0                    A0=0002EA9C A1=00FF8036 A2=00FF8000 A3=00FF800E A4=00026FDA A5=00000000 A6=00000000 A7=00FF7FA8 D0=00008244 D1=00000000 D2=00000028 D3=00000010 D4=000001DC D5=00000000 D6=00000000 D7=00000000 xNzvC
02:7516  48 C0  EXT.L   D0                       A0=0002EA9C A1=00FF8036 A2=00FF8000 A3=00FF800E A4=00026FDA A5=00000000 A6=00000000 A7=00FF7FA8 D0=00000010 D1=00000000 D2=00000028 D3=00000010 D4=000001DC D5=00000000 D6=00000000 D7=00000000 xnzvc
02:7518  72 17  MOVEQ   #$17,D1                  A0=0002EA9C A1=00FF8036 A2=00FF8000 A3=00FF800E A4=00026FDA A5=00000000 A6=00000000 A7=00FF7FA8 D0=00000010 D1=00000000 D2=00000028 D3=00000010 D4=000001DC D5=00000000 D6=00000000 D7=00000000 xnzvc
02:751A  E3 A0  ASL.L   D1,D0                    A0=0002EA9C A1=00FF8036 A2=00FF8000 A3=00FF800E A4=00026FDA A5=00000000 A6=00000000 A7=00FF7FA8 D0=00000010 D1=00000017 D2=00000028 D3=00000010 D4=000001DC D5=00000000 D6=00000000 D7=00000000 xnzvc
02:751C  06 80  ADDI.L  #$60000003,D0            A0=0002EA9C A1=00FF8036 A2=00FF8000 A3=00FF800E A4=00026FDA A5=00000000 A6=00000000 A7=00FF7FA8 D0=08000000 D1=00000017 D2=00000028 D3=00000010 D4=000001DC D5=00000000 D6=00000000 D7=00000000 xnzvc
02:7522  23 C0  MOVE.L  D0,($00C00004)           A0=0002EA9C A1=00FF8036 A2=00FF8000 A3=00FF800E A4=00026FDA A5=00000000 A6=00000000 A7=00FF7FA8 D0=68000003 D1=00000017 D2=00000028 D3=00000010 D4=000001DC D5=00000000 D6=00000000 D7=00000000 xnzvc
02:7528  42 42  CLR.W   D2                       A0=0002EA9C A1=00FF8036 A2=00FF8000 A3=00FF800E A4=00026FDA A5=00000000 A6=00000000 A7=00FF7FA8 D0=68000003 D1=00000017 D2=00000028 D3=00000010 D4=000001DC D5=00000000 D6=00000000 D7=00000000 xnzvc
02:752A  30 03  MOVE.W  D3,D0                    A0=0002E77C A1=00FF8036 A2=00FF8000 A3=00FF800E A4=00026FDA A5=00000000 A6=00000000 A7=00FF7FA8 D0=00008244 D1=00000000 D2=00000017 D3=00000005 D4=000001DC D5=00000000 D6=00000000 D7=00000000 xNzvC
02:752C  48 C0  EXT.L   D0                       A0=0002E77C A1=00FF8036 A2=00FF8000 A3=00FF800E A4=00026FDA A5=00000000 A6=00000000 A7=00FF7FA8 D0=00000005 D1=00000000 D2=00000017 D3=00000005 D4=000001DC D5=00000000 D6=00000000 D7=00000000 xnzvc
02:752E  59 80  SUBQ.L  #4,D0                    A0=0002E77C A1=00FF8036 A2=00FF8000 A3=00FF800E A4=00026FDA A5=00000000 A6=00000000 A7=00FF7FA8 D0=00000005 D1=00000000 D2=00000017 D3=00000005 D4=000001DC D5=00000000 D6=00000000 D7=00000000 xnzvc
02:7530  E9 80  ASL.L   #4,D0                    A0=0002E77C A1=00FF8036 A2=00FF8000 A3=00FF800E A4=00026FDA A5=00000000 A6=00000000 A7=00FF7FA8 D0=00000001 D1=00000000 D2=00000017 D3=00000005 D4=000001DC D5=00000000 D6=00000000 D7=00000000 xnzvc
02:7532  22 00  MOVE.L  D0,D1                    A0=0002E77C A1=00FF8036 A2=00FF8000 A3=00FF800E A4=00026FDA A5=00000000 A6=00000000 A7=00FF7FA8 D0=00000010 D1=00000000 D2=00000017 D3=00000005 D4=000001DC D5=00000000 D6=00000000 D7=00000000 xnzvc
02:7534  E5 80  ASL.L   #2,D0                    A0=0002E77C A1=00FF8036 A2=00FF8000 A3=00FF800E A4=00026FDA A5=00000000 A6=00000000 A7=00FF7FA8 D0=00000010 D1=00000010 D2=00000017 D3=00000005 D4=000001DC D5=00000000 D6=00000000 D7=00000000 xnzvc
02:7536  D0 81  ADD.L   D1,D0                    A0=0002E77C A1=00FF8036 A2=00FF8000 A3=00FF800E A4=00026FDA A5=00000000 A6=00000000 A7=00FF7FA8 D0=00000040 D1=00000010 D2=00000017 D3=00000005 D4=000001DC D5=00000000 D6=00000000 D7=00000000 xnzvc
02:7538  20 7C  MOVE.L  #$0002E72C,A0            A0=0002E77C A1=00FF8036 A2=00FF8000 A3=00FF800E A4=00026FDA A5=00000000 A6=00000000 A7=00FF7FA8 D0=00000050 D1=00000010 D2=00000017 D3=00000005 D4=000001DC D5=00000000 D6=00000000 D7=00000000 xnzvc
02:753E  32 02  MOVE.W  D2,D1                    A0=0002E72C A1=00FF8036 A2=00FF8000 A3=00FF800E A4=00026FDA A5=00000000 A6=00000000 A7=00FF7FA8 D0=00000050 D1=00000010 D2=00000017 D3=00000005 D4=000001DC D5=00000000 D6=00000000 D7=00000000 xnzvc
02:7540  D2 41  ADD.W   D1,D1                    A0=0002E72C A1=00FF8036 A2=00FF8000 A3=00FF800E A4=00026FDA A5=00000000 A6=00000000 A7=00FF7FA8 D0=00000050 D1=00000017 D2=00000017 D3=00000005 D4=000001DC D5=00000000 D6=00000000 D7=00000000 xnzvc
02:7542  D1 C0  ADDA.L  D0,A0                    A0=0002E72C A1=00FF8036 A2=00FF8000 A3=00FF800E A4=00026FDA A5=00000000 A6=00000000 A7=00FF7FA8 D0=00000050 D1=0000002E D2=00000017 D3=00000005 D4=000001DC D5=00000000 D6=00000000 D7=00000000 xnzvc
02:7544  32 30  MOVE.W  $00(A0,D1),D1            A0=0002E77C A1=00FF8036 A2=00FF8000 A3=00FF800E A4=00026FDA A5=00000000 A6=00000000 A7=00FF7FA8 D0=00000050 D1=0000002E D2=00000017 D3=00000005 D4=000001DC D5=00000000 D6=00000000 D7=00000000 xnzvc
02:7548  70 00  MOVEQ   #$00,D0                  A0=0002E77C A1=00FF8036 A2=00FF8000 A3=00FF800E A4=00026FDA A5=00000000 A6=00000000 A7=00FF7FA8 D0=00000050 D1=00000000 D2=00000017 D3=00000005 D4=000001DC D5=00000000 D6=00000000 D7=00000000 xnZvc
02:754A  30 01  MOVE.W  D1,D0                    A0=0002E77C A1=00FF8036 A2=00FF8000 A3=00FF800E A4=00026FDA A5=00000000 A6=00000000 A7=00FF7FA8 D0=00000000 D1=00000000 D2=00000017 D3=00000005 D4=000001DC D5=00000000 D6=00000000 D7=00000000 xnZvc
02:754C  06 80  ADDI.L  #$00008244,D0            A0=0002E77C A1=00FF8036 A2=00FF8000 A3=00FF800E A4=00026FDA A5=00000000 A6=00000000 A7=00FF7FA8 D0=00000000 D1=00000000 D2=00000017 D3=00000005 D4=000001DC D5=00000000 D6=00000000 D7=00000000 xnZvc
02:7552  33 C0  MOVE.W  D0,($00C00000)           A0=0002E77C A1=00FF8036 A2=00FF8000 A3=00FF800E A4=00026FDA A5=00000000 A6=00000000 A7=00FF7FA8 D0=00008244 D1=00000000 D2=00000017 D3=00000005 D4=000001DC D5=00000000 D6=00000000 D7=00000000 xnzvc
02:7558  52 42  ADDQ.W  #1,D2                    A0=0002E77C A1=00FF8036 A2=00FF8000 A3=00FF800E A4=00026FDA A5=00000000 A6=00000000 A7=00FF7FA8 D0=00008244 D1=00000000 D2=00000017 D3=00000005 D4=000001DC D5=00000000 D6=00000000 D7=00000000 xNzvc
02:755A  0C 42  CMPI.W  #$0028,D2                A0=0002E77C A1=00FF8036 A2=00FF8000 A3=00FF800E A4=00026FDA A5=00000000 A6=00000000 A7=00FF7FA8 D0=00008244 D1=00000000 D2=00000018 D3=00000005 D4=000001DC D5=00000000 D6=00000000 D7=00000000 xnzvc
02:755E  6D CA  BLT     #$CA [02:752A]           A0=0002E77C A1=00FF8036 A2=00FF8000 A3=00FF800E A4=00026FDA A5=00000000 A6=00000000 A7=00FF7FA8 D0=00008244 D1=00000000 D2=00000018 D3=00000005 D4=000001DC D5=00000000 D6=00000000 D7=00000000 xNzvC
02:7560  52 43  ADDQ.W  #1,D3                    A0=0002E81C A1=00FF8036 A2=00FF8000 A3=00FF800E A4=00026FDA A5=00000000 A6=00000000 A7=00FF7FA8 D0=00008244 D1=00000000 D2=00000028 D3=00000007 D4=000001DC D5=00000000 D6=00000000 D7=00000000 xnZvc
02:7562  0C 43  CMPI.W  #$001C,D3                A0=0002E81C A1=00FF8036 A2=00FF8000 A3=00FF800E A4=00026FDA A5=00000000 A6=00000000 A7=00FF7FA8 D0=00008244 D1=00000000 D2=00000028 D3=00000008 D4=000001DC D5=00000000 D6=00000000 D7=00000000 xnzvc
02:7566  6D A0  BLT     #$A0 [02:7508]           A0=0002E81C A1=00FF8036 A2=00FF8000 A3=00FF800E A4=00026FDA A5=00000000 A6=00000000 A7=00FF7FA8 D0=00008244 D1=00000000 D2=00000028 D3=00000008 D4=000001DC D5=00000000 D6=00000000 D7=00000000 xNzvC
02:7568  4C DF  MOVEM.L (SP)+,{a7-d0}[00 0c]     A0=0002EC2C A1=00FF8036 A2=00FF8000 A3=00FF800E A4=00026FDA A5=00000000 A6=00000000 A7=00FF7FA8 D0=00008244 D1=00000000 D2=00000028 D3=0000001C D4=00003050 D5=00000000 D6=00000000 D7=00000000 xnZvc
02:756C  4E 75  RTS                              A0=0002EC2C A1=00FF8036 A2=00FF8000 A3=00FF800E A4=00026FDA A5=00000000 A6=00000000 A7=00FF7FB0 D0=00008244 D1=00000000 D2=00000000 D3=00000000 D4=00003050 D5=00000000 D6=00000000 D7=00000000 xnZvc

02:756E  48 E7  MOVEM.L {d0-a7}[3c 20],-(SP)     A0=00FF9364 A1=00FF8036 A2=00FFE3F8 A3=00FFE3FC A4=00FF8000 A5=00000000 A6=00000000 A7=00FF7F9C D0=00000000 D1=00000000 D2=00000001 D3=00000000 D4=00000000 D5=00000000 D6=00000000 D7=00000000 xnZvc
02:7572  34 2F  MOVE.W  $001A(SP),D2             A0=00FF9364 A1=00FF8036 A2=00FFE3F8 A3=00FFE3FC A4=00FF8000 A5=00000000 A6=00000000 A7=00FF7F88 D0=00000000 D1=00000000 D2=00000001 D3=00000000 D4=00000000 D5=00000000 D6=00000000 D7=00000000 xnZvc
02:7576  24 7C  MOVE.L  #$00004E7E,A2            A0=00FF9364 A1=00FF8036 A2=00FFE3F8 A3=00FFE3FC A4=00FF8000 A5=00000000 A6=00000000 A7=00FF7F88 D0=00000000 D1=00000000 D2=00000001 D3=00000000 D4=00000000 D5=00000000 D6=00000000 D7=00000000 xnzvc
02:757C  48 78  PEA     ($0001)                  A0=00FF9364 A1=00FF8036 A2=00004E7E A3=00FFE3FC A4=00FF8000 A5=00000000 A6=00000000 A7=00FF7F88 D0=00000000 D1=00000000 D2=00000001 D3=00000000 D4=00000000 D5=00000000 D6=00000000 D7=00000000 xnzvc
02:7580  4E B9  JSR     ($00000578)              A0=00FF9364 A1=00FF8036 A2=00004E7E A3=00FFE3FC A4=00FF8000 A5=00000000 A6=00000000 A7=00FF7F84 D0=00000000 D1=00000000 D2=00000001 D3=00000000 D4=00000000 D5=00000000 D6=00000000 D7=00000000 xnzvc
02:7586  4A 42  TST.W   D2                       A0=00FF9364 A1=00FF8036 A2=00004E7E A3=00FFE3FC A4=00FF8000 A5=00000000 A6=00000000 A7=00FF7F84 D0=00000001 D1=00000000 D2=00000001 D3=00000000 D4=00000000 D5=00000000 D6=00000000 D7=00000000 xnZvc
02:7588  58 8F  ADDQ.L  #4,SP                    A0=00FF9364 A1=00FF8036 A2=00004E7E A3=00FFE3FC A4=00FF8000 A5=00000000 A6=00000000 A7=00FF7F84 D0=00000001 D1=00000000 D2=00000001 D3=00000000 D4=00000000 D5=00000000 D6=00000000 D7=00000000 xnzvc
02:758A  67 00  BEQ     #$0078 [02:7604]         A0=00FF9364 A1=00FF8036 A2=00004E7E A3=00FFE3FC A4=00FF8000 A5=00000000 A6=00000000 A7=00FF7F88 D0=00000001 D1=00000000 D2=00000001 D3=00000000 D4=00000000 D5=00000000 D6=00000000 D7=00000000 xnzvc
02:758E  42 45  CLR.W   D5                       A0=00FF9364 A1=00FF8036 A2=00004E7E A3=00FFE3FC A4=00FF8000 A5=00000000 A6=00000000 A7=00FF7F88 D0=00000001 D1=00000000 D2=00000001 D3=00000000 D4=00000000 D5=00000000 D6=00000000 D7=00000000 xnzvc
02:7590  30 05  MOVE.W  D5,D0                    A0=01191B80 A1=14FA2814 A2=00004E7E A3=00FFE3FC A4=00FF8000 A5=00000000 A6=00000000 A7=00FF7F88 D0=000085A9 D1=19600C94 D2=00000001 D3=00000029 D4=00000028 D5=0000001B D6=00000000 D7=00000000 xNzvC
02:7592  48 C0  EXT.L   D0                       A0=01191B80 A1=14FA2814 A2=00004E7E A3=00FFE3FC A4=00FF8000 A5=00000000 A6=00000000 A7=00FF7F88 D0=0000001B D1=19600C94 D2=00000001 D3=00000029 D4=00000028 D5=0000001B D6=00000000 D7=00000000 xnzvc
02:7594  72 17  MOVEQ   #$17,D1                  A0=01191B80 A1=14FA2814 A2=00004E7E A3=00FFE3FC A4=00FF8000 A5=00000000 A6=00000000 A7=00FF7F88 D0=0000001B D1=19600C94 D2=00000001 D3=00000029 D4=00000028 D5=0000001B D6=00000000 D7=00000000 xnzvc
02:7596  E3 A0  ASL.L   D1,D0                    A0=01191B80 A1=14FA2814 A2=00004E7E A3=00FFE3FC A4=00FF8000 A5=00000000 A6=00000000 A7=00FF7F88 D0=0000001B D1=00000017 D2=00000001 D3=00000029 D4=00000028 D5=0000001B D6=00000000 D7=00000000 xnzvc
02:7598  06 80  ADDI.L  #$60000002,D0            A0=01191B80 A1=14FA2814 A2=00004E7E A3=00FFE3FC A4=00FF8000 A5=00000000 A6=00000000 A7=00FF7F88 D0=0D800000 D1=00000017 D2=00000001 D3=00000029 D4=00000028 D5=0000001B D6=00000000 D7=00000000 xnzvc
02:759E  23 C0  MOVE.L  D0,($00C00004)           A0=01191B80 A1=14FA2814 A2=00004E7E A3=00FFE3FC A4=00FF8000 A5=00000000 A6=00000000 A7=00FF7F88 D0=6D800002 D1=00000017 D2=00000001 D3=00000029 D4=00000028 D5=0000001B D6=00000000 D7=00000000 xnzvc
02:75A4  42 44  CLR.W   D4                       A0=01191B80 A1=14FA2814 A2=00004E7E A3=00FFE3FC A4=00FF8000 A5=00000000 A6=00000000 A7=00FF7F88 D0=6D800002 D1=00000017 D2=00000001 D3=00000029 D4=00000028 D5=0000001B D6=00000000 D7=00000000 xnzvc
02:75A6  4A 45  TST.W   D5                       A0=02BDD108 A1=74368371 A2=00004E7E A3=00FFE3FC A4=00FF8000 A5=00000000 A6=00000000 A7=00FF7F88 D0=00009DAA D1=3F5AB269 D2=00000001 D3=0000182A D4=00000017 D5=00000001 D6=00000000 D7=00000000 xNzvC
02:75A8  67 10  BEQ     #$10 [02:75BA]           A0=02BDD108 A1=74368371 A2=00004E7E A3=00FFE3FC A4=00FF8000 A5=00000000 A6=00000000 A7=00FF7F88 D0=00009DAA D1=3F5AB269 D2=00000001 D3=0000182A D4=00000017 D5=00000001 D6=00000000 D7=00000000 xnzvc
02:75AA  0C 45  CMPI.W  #$001B,D5                A0=0021ED40 A1=68944EC6 A2=00004E7E A3=00FFE3FC A4=00FF8000 A5=00000000 A6=00000000 A7=00FF7F88 D0=000085AB D1=03106186 D2=00000001 D3=0000002B D4=00000017 D5=00000002 D6=00000000 D7=00000000 xnzvc
02:75AE  67 0A  BEQ     #$0A [02:75BA]           A0=0021ED40 A1=68944EC6 A2=00004E7E A3=00FFE3FC A4=00FF8000 A5=00000000 A6=00000000 A7=00FF7F88 D0=000085AB D1=03106186 D2=00000001 D3=0000002B D4=00000017 D5=00000002 D6=00000000 D7=00000000 xNzvC
02:75B0  4A 44  TST.W   D4                       A0=0021ED40 A1=68944EC6 A2=00004E7E A3=00FFE3FC A4=00FF8000 A5=00000000 A6=00000000 A7=00FF7F88 D0=000085AB D1=03106186 D2=00000001 D3=0000002B D4=00000017 D5=00000002 D6=00000000 D7=00000000 xNzvC
02:75B2  67 06  BEQ     #$06 [02:75BA]           A0=0021ED40 A1=68944EC6 A2=00004E7E A3=00FFE3FC A4=00FF8000 A5=00000000 A6=00000000 A7=00FF7F88 D0=000085AB D1=03106186 D2=00000001 D3=0000002B D4=00000017 D5=00000002 D6=00000000 D7=00000000 xnzvc
02:75B4  0C 44  CMPI.W  #$0027,D4                A0=0021ED40 A1=68944EC6 A2=00004E7E A3=00FFE3FC A4=00FF8000 A5=00000000 A6=00000000 A7=00FF7F88 D0=000085AB D1=03106186 D2=00000001 D3=0000002B D4=00000019 D5=00000002 D6=00000000 D7=00000000 xnzvc
02:75B8  66 2E  BNE     #$2E [02:75E8]           A0=0021ED40 A1=68944EC6 A2=00004E7E A3=00FFE3FC A4=00FF8000 A5=00000000 A6=00000000 A7=00FF7F88 D0=000085AB D1=03106186 D2=00000001 D3=0000002B D4=00000019 D5=00000002 D6=00000000 D7=00000000 xNzvC
02:75BA  4E 92  JSR     (A2)                     A0=026F7DA0 A1=505CC704 A2=00004E7E A3=00FFE3FC A4=00FF8000 A5=00000000 A6=00000000 A7=00FF7F88 D0=000085A9 D1=38484964 D2=00000001 D3=00000029 D4=00000027 D5=0000000C D6=00000000 D7=00000000 xnZvc
02:75BC  36 00  MOVE.W  D0,D3                    A0=01BAC760 A1=17283394 A2=00004E7E A3=00FFE3FC A4=00FF8000 A5=00000000 A6=00000000 A7=00FF7F88 D0=00006C34 D1=27F86C34 D2=00000001 D3=00000029 D4=00000027 D5=0000000C D6=00000000 D7=00000000 xnzvc
02:75BE  02 43  ANDI.W  #$0003,D3                A0=01BAC760 A1=17283394 A2=00004E7E A3=00FFE3FC A4=00FF8000 A5=00000000 A6=00000000 A7=00FF7F88 D0=00006C34 D1=27F86C34 D2=00000001 D3=00006C34 D4=00000027 D5=0000000C D6=00000000 D7=00000000 xnzvc
02:75C2  06 43  ADDI.W  #$0029,D3                A0=01BAC760 A1=17283394 A2=00004E7E A3=00FFE3FC A4=00FF8000 A5=00000000 A6=00000000 A7=00FF7F88 D0=00006C34 D1=27F86C34 D2=00000001 D3=00000000 D4=00000027 D5=0000000C D6=00000000 D7=00000000 xnZvc
02:75C6  4E 92  JSR     (A2)                     A0=01BAC760 A1=17283394 A2=00004E7E A3=00FFE3FC A4=00FF8000 A5=00000000 A6=00000000 A7=00FF7F88 D0=00006C34 D1=27F86C34 D2=00000001 D3=00000029 D4=00000027 D5=0000000C D6=00000000 D7=00000000 xnzvc
02:75C8  08 00  BTST    #0,D0                    A0=0079BAC4 A1=43548FAD A2=00004E7E A3=00FFE3FC A4=00FF8000 A5=00000000 A6=00000000 A7=00FF7F88 D0=0000D4E9 D1=0AFDD4E9 D2=00000001 D3=00000029 D4=00000027 D5=0000000C D6=00000000 D7=00000000 xNzvc
02:75CC  67 08  BEQ     #$08 [02:75D6]           A0=0079BAC4 A1=43548FAD A2=00004E7E A3=00FFE3FC A4=00FF8000 A5=00000000 A6=00000000 A7=00FF7F88 D0=0000D4E9 D1=0AFDD4E9 D2=00000001 D3=00000029 D4=00000027 D5=0000000C D6=00000000 D7=00000000 xNzvc
02:75CE  00 43  ORI.W   #$0800,D3                A0=018F8C54 A1=1B24A241 A2=00004E7E A3=00FFE3FC A4=00FF8000 A5=00000000 A6=00000000 A7=00FF7F88 D0=000015ED D1=241115ED D2=00000001 D3=00000029 D4=00000018 D5=0000001B D6=00000000 D7=00000000 xnzvc
02:75D2  00 43  ORI.W   #$1000,D3                A0=018F8C54 A1=1B24A241 A2=00004E7E A3=00FFE3FC A4=00FF8000 A5=00000000 A6=00000000 A7=00FF7F88 D0=000015ED D1=241115ED D2=00000001 D3=00000829 D4=00000018 D5=0000001B D6=00000000 D7=00000000 xnzvc
02:75D6  70 00  MOVEQ   #$00,D0                  A0=0079BAC4 A1=43548FAD A2=00004E7E A3=00FFE3FC A4=00FF8000 A5=00000000 A6=00000000 A7=00FF7F88 D0=0000D4E9 D1=0AFDD4E9 D2=00000001 D3=00001829 D4=00000027 D5=0000000C D6=00000000 D7=00000000 xnzvc
02:75D8  30 03  MOVE.W  D3,D0                    A0=0079BAC4 A1=43548FAD A2=00004E7E A3=00FFE3FC A4=00FF8000 A5=00000000 A6=00000000 A7=00FF7F88 D0=00000000 D1=0AFDD4E9 D2=00000001 D3=00001829 D4=00000027 D5=0000000C D6=00000000 D7=00000000 xnZvc
02:75DA  06 80  ADDI.L  #$00008580,D0            A0=0079BAC4 A1=43548FAD A2=00004E7E A3=00FFE3FC A4=00FF8000 A5=00000000 A6=00000000 A7=00FF7F88 D0=00001829 D1=0AFDD4E9 D2=00000001 D3=00001829 D4=00000027 D5=0000000C D6=00000000 D7=00000000 xnzvc
02:75E0  33 C0  MOVE.W  D0,($00C00000)           A0=0079BAC4 A1=43548FAD A2=00004E7E A3=00FFE3FC A4=00FF8000 A5=00000000 A6=00000000 A7=00FF7F88 D0=00009DA9 D1=0AFDD4E9 D2=00000001 D3=00001829 D4=00000027 D5=0000000C D6=00000000 D7=00000000 xnzvc
02:75E6  60 08  BRA     #$08 [02:75F0]           A0=0079BAC4 A1=43548FAD A2=00004E7E A3=00FFE3FC A4=00FF8000 A5=00000000 A6=00000000 A7=00FF7F88 D0=00009DA9 D1=0AFDD4E9 D2=00000001 D3=00001829 D4=00000027 D5=0000000C D6=00000000 D7=00000000 xNzvc
02:75E8  33 FC  MOVE.W  #$8000,($00C00000)       A0=0021ED40 A1=68944EC6 A2=00004E7E A3=00FFE3FC A4=00FF8000 A5=00000000 A6=00000000 A7=00FF7F88 D0=000085AB D1=03106186 D2=00000001 D3=0000002B D4=0000001A D5=00000002 D6=00000000 D7=00000000 xNzvC
02:75F0  52 44  ADDQ.W  #1,D4                    A0=02BDD108 A1=74368371 A2=00004E7E A3=00FFE3FC A4=00FF8000 A5=00000000 A6=00000000 A7=00FF7F88 D0=00009DAA D1=3F5AB269 D2=00000001 D3=0000182A D4=00000017 D5=00000001 D6=00000000 D7=00000000 xNzvc
02:75F2  0C 44  CMPI.W  #$0028,D4                A0=02BDD108 A1=74368371 A2=00004E7E A3=00FFE3FC A4=00FF8000 A5=00000000 A6=00000000 A7=00FF7F88 D0=00009DAA D1=3F5AB269 D2=00000001 D3=0000182A D4=00000018 D5=00000001 D6=00000000 D7=00000000 xnzvc
02:75F6  6D AE  BLT     #$AE [02:75A6]           A0=02BDD108 A1=74368371 A2=00004E7E A3=00FFE3FC A4=00FF8000 A5=00000000 A6=00000000 A7=00FF7F88 D0=00009DAA D1=3F5AB269 D2=00000001 D3=0000182A D4=00000018 D5=00000001 D6=00000000 D7=00000000 xNzvC
02:75F8  52 45  ADDQ.W  #1,D5                    A0=023FEEC4 A1=0C760981 A2=00004E7E A3=00FFE3FC A4=00FF8000 A5=00000000 A6=00000000 A7=00FF7F88 D0=00009DA9 D1=33FD1ABD D2=00000001 D3=00001829 D4=00000028 D5=0000001B D6=00000000 D7=00000000 xnZvc
02:75FA  0C 45  CMPI.W  #$001C,D5                A0=023FEEC4 A1=0C760981 A2=00004E7E A3=00FFE3FC A4=00FF8000 A5=00000000 A6=00000000 A7=00FF7F88 D0=00009DA9 D1=33FD1ABD D2=00000001 D3=00001829 D4=00000028 D5=0000001C D6=00000000 D7=00000000 xnzvc
02:75FE  6C 00  BGE     #$0076 [02:7676]         A0=023FEEC4 A1=0C760981 A2=00004E7E A3=00FFE3FC A4=00FF8000 A5=00000000 A6=00000000 A7=00FF7F88 D0=00009DA9 D1=33FD1ABD D2=00000001 D3=00001829 D4=00000028 D5=0000001C D6=00000000 D7=00000000 xnZvc
02:7602  60 8C  BRA     #$8C [02:7590]           A0=01191B80 A1=14FA2814 A2=00004E7E A3=00FFE3FC A4=00FF8000 A5=00000000 A6=00000000 A7=00FF7F88 D0=000085A9 D1=19600C94 D2=00000001 D3=00000029 D4=00000028 D5=0000001B D6=00000000 D7=00000000 xNzvC
02:7604  42 45  CLR.W   D5                       A0=00FFD8DC A1=0008E5BE A2=00004E7E A3=00028210 A4=00027E16 A5=00000000 A6=00000000 A7=00FF7F88 D0=00000001 D1=00000002 D2=00000000 D3=00000000 D4=00000000 D5=00000000 D6=00000000 D7=00000000 xnZvc
02:7606  42 44  CLR.W   D4                       A0=0248FA18 A1=547778AB A2=00004E7E A3=00028210 A4=00027E16 A5=00000000 A6=00000000 A7=00FF7F88 D0=00009DAC D1=34CE7E93 D2=00000017 D3=0000182C D4=00000028 D5=0000001B D6=00000000 D7=00000000 xNzvC
02:7608  4A 45  TST.W   D5                       A0=01173F24 A1=65C67DDD A2=00004E7E A3=00FF8036 A4=00FF8000 A5=00000000 A6=00000000 A7=00FF7F78 D0=00009DA9 D1=19353EB9 D2=00000017 D3=00001829 D4=00000017 D5=00000001 D6=00000000 D7=00000000 xNzvC
02:760A  67 10  BEQ     #$10 [02:761C]           A0=01173F24 A1=65C67DDD A2=00004E7E A3=00FF8036 A4=00FF8000 A5=00000000 A6=00000000 A7=00FF7F78 D0=00009DA9 D1=19353EB9 D2=00000017 D3=00001829 D4=00000017 D5=00000001 D6=00000000 D7=00000000 xnzvc
02:760C  0C 45  CMPI.W  #$001B,D5                A0=008E1C90 A1=2D39E4B6 A2=00004E7E A3=00FF8036 A4=00FF8000 A5=00000000 A6=00000000 A7=00FF7F78 D0=000085AB D1=0CD4C826 D2=00000017 D3=0000002B D4=00000017 D5=00000002 D6=00000000 D7=00000000 xnzvc
02:7610  67 0A  BEQ     #$0A [02:761C]           A0=008E1C90 A1=2D39E4B6 A2=00004E7E A3=00FF8036 A4=00FF8000 A5=00000000 A6=00000000 A7=00FF7F78 D0=000085AB D1=0CD4C826 D2=00000017 D3=0000002B D4=00000017 D5=00000002 D6=00000000 D7=00000000 xNzvC
02:7612  4A 44  TST.W   D4                       A0=008E1C90 A1=2D39E4B6 A2=00004E7E A3=00FF8036 A4=00FF8000 A5=00000000 A6=00000000 A7=00FF7F78 D0=000085AB D1=0CD4C826 D2=00000017 D3=0000002B D4=00000017 D5=00000002 D6=00000000 D7=00000000 xNzvC
02:7614  67 06  BEQ     #$06 [02:761C]           A0=008E1C90 A1=2D39E4B6 A2=00004E7E A3=00FF8036 A4=00FF8000 A5=00000000 A6=00000000 A7=00FF7F78 D0=000085AB D1=0CD4C826 D2=00000017 D3=0000002B D4=00000017 D5=00000002 D6=00000000 D7=00000000 xnzvc
02:7616  0C 44  CMPI.W  #$0027,D4                A0=008E1C90 A1=2D39E4B6 A2=00004E7E A3=00FF8036 A4=00FF8000 A5=00000000 A6=00000000 A7=00FF7F78 D0=000085AB D1=0CD4C826 D2=00000017 D3=0000002B D4=00000019 D5=00000002 D6=00000000 D7=00000000 xnzvc
02:761A  66 4A  BNE     #$4A [02:7666]           A0=008E1C90 A1=2D39E4B6 A2=00004E7E A3=00FF8036 A4=00FF8000 A5=00000000 A6=00000000 A7=00FF7F78 D0=000085AB D1=0CD4C826 D2=00000017 D3=0000002B D4=00000019 D5=00000002 D6=00000000 D7=00000000 xNzvC
02:761C  4E 92  JSR     (A2)                     A0=00977570 A1=70652A5C A2=00004E7E A3=00FF8036 A4=00FF8000 A5=00000000 A6=00000000 A7=00FF7F78 D0=000085A9 D1=0DACB4EC D2=00000017 D3=00000029 D4=00000027 D5=0000000C D6=00000000 D7=00000000 xnZvc
02:761E  36 00  MOVE.W  D0,D3                    A0=027B42E0 A1=2C9C6E2C A2=00004E7E A3=00FF8036 A4=00FF8000 A5=00000000 A6=00000000 A7=00FF7F78 D0=00002B4C D1=39582B4C D2=00000017 D3=00000029 D4=00000027 D5=0000000C D6=00000000 D7=00000000 xnzvc
02:7620  02 43  ANDI.W  #$0003,D3                A0=027B42E0 A1=2C9C6E2C A2=00004E7E A3=00FF8036 A4=00FF8000 A5=00000000 A6=00000000 A7=00FF7F78 D0=00002B4C D1=39582B4C D2=00000017 D3=00002B4C D4=00000027 D5=0000000C D6=00000000 D7=00000000 xnzvc
02:7624  06 43  ADDI.W  #$0029,D3                A0=027B42E0 A1=2C9C6E2C A2=00004E7E A3=00FF8036 A4=00FF8000 A5=00000000 A6=00000000 A7=00FF7F78 D0=00002B4C D1=39582B4C D2=00000017 D3=00000000 D4=00000027 D5=0000000C D6=00000000 D7=00000000 xnZvc
02:7628  30 04  MOVE.W  D4,D0                    A0=027B42E0 A1=2C9C6E2C A2=00004E7E A3=00FF8036 A4=00FF8000 A5=00000000 A6=00000000 A7=00FF7F78 D0=00002B4C D1=39582B4C D2=00000017 D3=00000029 D4=00000027 D5=0000000C D6=00000000 D7=00000000 xnzvc
02:762A  48 C0  EXT.L   D0                       A0=027B42E0 A1=2C9C6E2C A2=00004E7E A3=00FF8036 A4=00FF8000 A5=00000000 A6=00000000 A7=00FF7F78 D0=00000027 D1=39582B4C D2=00000017 D3=00000029 D4=00000027 D5=0000000C D6=00000000 D7=00000000 xnzvc
02:762C  72 11  MOVEQ   #$11,D1                  A0=027B42E0 A1=2C9C6E2C A2=00004E7E A3=00FF8036 A4=00FF8000 A5=00000000 A6=00000000 A7=00FF7F78 D0=00000027 D1=39582B4C D2=00000017 D3=00000029 D4=00000027 D5=0000000C D6=00000000 D7=00000000 xnzvc
02:762E  E3 A0  ASL.L   D1,D0                    A0=027B42E0 A1=2C9C6E2C A2=00004E7E A3=00FF8036 A4=00FF8000 A5=00000000 A6=00000000 A7=00FF7F78 D0=00000027 D1=00000011 D2=00000017 D3=00000029 D4=00000027 D5=0000000C D6=00000000 D7=00000000 xnzvc
02:7630  32 05  MOVE.W  D5,D1                    A0=027B42E0 A1=2C9C6E2C A2=00004E7E A3=00FF8036 A4=00FF8000 A5=00000000 A6=00000000 A7=00FF7F78 D0=004E0000 D1=00000011 D2=00000017 D3=00000029 D4=00000027 D5=0000000C D6=00000000 D7=00000000 xnzvc
02:7632  48 C1  EXT.L   D1                       A0=027B42E0 A1=2C9C6E2C A2=00004E7E A3=00FF8036 A4=00FF8000 A5=00000000 A6=00000000 A7=00FF7F78 D0=004E0000 D1=0000000C D2=00000017 D3=00000029 D4=00000027 D5=0000000C D6=00000000 D7=00000000 xnzvc
02:7634  74 17  MOVEQ   #$17,D2                  A0=027B42E0 A1=2C9C6E2C A2=00004E7E A3=00FF8036 A4=00FF8000 A5=00000000 A6=00000000 A7=00FF7F78 D0=004E0000 D1=0000000C D2=00000017 D3=00000029 D4=00000027 D5=0000000C D6=00000000 D7=00000000 xnzvc
02:7636  E5 A1  ASL.L   D2,D1                    A0=027B42E0 A1=2C9C6E2C A2=00004E7E A3=00FF8036 A4=00FF8000 A5=00000000 A6=00000000 A7=00FF7F78 D0=004E0000 D1=0000000C D2=00000017 D3=00000029 D4=00000027 D5=0000000C D6=00000000 D7=00000000 xnzvc
02:7638  06 81  ADDI.L  #$60000002,D1            A0=027B42E0 A1=2C9C6E2C A2=00004E7E A3=00FF8036 A4=00FF8000 A5=00000000 A6=00000000 A7=00FF7F78 D0=004E0000 D1=06000000 D2=00000017 D3=00000029 D4=00000027 D5=0000000C D6=00000000 D7=00000000 xnzvc
02:763E  D0 81  ADD.L   D1,D0                    A0=027B42E0 A1=2C9C6E2C A2=00004E7E A3=00FF8036 A4=00FF8000 A5=00000000 A6=00000000 A7=00FF7F78 D0=004E0000 D1=66000002 D2=00000017 D3=00000029 D4=00000027 D5=0000000C D6=00000000 D7=00000000 xnzvc
02:7640  23 C0  MOVE.L  D0,($00C00004)           A0=027B42E0 A1=2C9C6E2C A2=00004E7E A3=00FF8036 A4=00FF8000 A5=00000000 A6=00000000 A7=00FF7F78 D0=664E0002 D1=66000002 D2=00000017 D3=00000029 D4=00000027 D5=0000000C D6=00000000 D7=00000000 xnzvc
02:7646  4E 92  JSR     (A2)                     A0=027B42E0 A1=2C9C6E2C A2=00004E7E A3=00FF8036 A4=00FF8000 A5=00000000 A6=00000000 A7=00FF7F78 D0=664E0002 D1=66000002 D2=00000017 D3=00000029 D4=00000027 D5=0000000C D6=00000000 D7=00000000 xnzvc
02:7648  08 00  BTST    #0,D0                    A0=00EF591C A1=6890F94B A2=00004E7E A3=00FF8036 A4=00FF8000 A5=00000000 A6=00000000 A7=00FF7F78 D0=0000A02F D1=159BA02F D2=00000017 D3=00000029 D4=00000027 D5=0000000C D6=00000000 D7=00000000 xNzvc
02:764C  67 08  BEQ     #$08 [02:7656]           A0=00EF591C A1=6890F94B A2=00004E7E A3=00FF8036 A4=00FF8000 A5=00000000 A6=00000000 A7=00FF7F78 D0=0000A02F D1=159BA02F D2=00000017 D3=00000029 D4=00000027 D5=0000000C D6=00000000 D7=00000000 xNzvc
02:764E  00 43  ORI.W   #$0800,D3                A0=00C9DF74 A1=60D83907 A2=00004E7E A3=00FF8036 A4=00FF8000 A5=00000000 A6=00000000 A7=00FF7F78 D0=00005993 D1=12395993 D2=00000017 D3=0000002B D4=0000001E D5=0000001B D6=00000000 D7=00000000 xnzvc
02:7652  00 43  ORI.W   #$1000,D3                A0=00C9DF74 A1=60D83907 A2=00004E7E A3=00FF8036 A4=00FF8000 A5=00000000 A6=00000000 A7=00FF7F78 D0=00005993 D1=12395993 D2=00000017 D3=0000082B D4=0000001E D5=0000001B D6=00000000 D7=00000000 xnzvc
02:7656  70 00  MOVEQ   #$00,D0                  A0=00EF591C A1=6890F94B A2=00004E7E A3=00FF8036 A4=00FF8000 A5=00000000 A6=00000000 A7=00FF7F78 D0=0000A02F D1=159BA02F D2=00000017 D3=00001829 D4=00000027 D5=0000000C D6=00000000 D7=00000000 xnzvc
02:7658  30 03  MOVE.W  D3,D0                    A0=00EF591C A1=6890F94B A2=00004E7E A3=00FF8036 A4=00FF8000 A5=00000000 A6=00000000 A7=00FF7F78 D0=00000000 D1=159BA02F D2=00000017 D3=00001829 D4=00000027 D5=0000000C D6=00000000 D7=00000000 xnZvc
02:765A  06 80  ADDI.L  #$00008580,D0            A0=00EF591C A1=6890F94B A2=00004E7E A3=00FF8036 A4=00FF8000 A5=00000000 A6=00000000 A7=00FF7F78 D0=00001829 D1=159BA02F D2=00000017 D3=00001829 D4=00000027 D5=0000000C D6=00000000 D7=00000000 xnzvc
02:7660  33 C0  MOVE.W  D0,($00C00000)           A0=00EF591C A1=6890F94B A2=00004E7E A3=00FF8036 A4=00FF8000 A5=00000000 A6=00000000 A7=00FF7F78 D0=00009DA9 D1=159BA02F D2=00000017 D3=00001829 D4=00000027 D5=0000000C D6=00000000 D7=00000000 xnzvc
02:7666  52 44  ADDQ.W  #1,D4                    A0=01173F24 A1=65C67DDD A2=00004E7E A3=00FF8036 A4=00FF8000 A5=00000000 A6=00000000 A7=00FF7F78 D0=00009DA9 D1=19353EB9 D2=00000017 D3=00001829 D4=00000017 D5=00000001 D6=00000000 D7=00000000 xNzvC
02:7668  0C 44  CMPI.W  #$0028,D4                A0=01173F24 A1=65C67DDD A2=00004E7E A3=00FF8036 A4=00FF8000 A5=00000000 A6=00000000 A7=00FF7F78 D0=00009DA9 D1=19353EB9 D2=00000017 D3=00001829 D4=00000018 D5=00000001 D6=00000000 D7=00000000 xnzvc
02:766C  6D 9A  BLT     #$9A [02:7608]           A0=01173F24 A1=65C67DDD A2=00004E7E A3=00FF8036 A4=00FF8000 A5=00000000 A6=00000000 A7=00FF7F78 D0=00009DA9 D1=19353EB9 D2=00000017 D3=00001829 D4=00000018 D5=00000001 D6=00000000 D7=00000000 xNzvC
02:766E  52 45  ADDQ.W  #1,D5                    A0=017651C8 A1=33B5EC55 A2=00004E7E A3=00028210 A4=00027E16 A5=00000000 A6=00000000 A7=00FF7F88 D0=00009DAA D1=21CA9A8D D2=00000017 D3=0000182A D4=00000028 D5=0000001B D6=00000000 D7=00000000 xnZvc
02:7670  0C 45  CMPI.W  #$001C,D5                A0=017651C8 A1=33B5EC55 A2=00004E7E A3=00028210 A4=00027E16 A5=00000000 A6=00000000 A7=00FF7F88 D0=00009DAA D1=21CA9A8D D2=00000017 D3=0000182A D4=00000028 D5=0000001C D6=00000000 D7=00000000 xnzvc
02:7674  6D 90  BLT     #$90 [02:7606]           A0=017651C8 A1=33B5EC55 A2=00004E7E A3=00028210 A4=00027E16 A5=00000000 A6=00000000 A7=00FF7F88 D0=00009DAA D1=21CA9A8D D2=00000017 D3=0000182A D4=00000028 D5=0000001C D6=00000000 D7=00000000 xnZvc
02:7676  4C DF  MOVEM.L (SP)+,{a7-d0}[04 3c]     A0=023FEEC4 A1=0C760981 A2=00004E7E A3=00FFE3FC A4=00FF8000 A5=00000000 A6=00000000 A7=00FF7F88 D0=00009DA9 D1=33FD1ABD D2=00000001 D3=00001829 D4=00000028 D5=0000001C D6=00000000 D7=00000000 xnZvc
02:767A  4E 75  RTS                              A0=023FEEC4 A1=0C760981 A2=00FFE3F8 A3=00FFE3FC A4=00FF8000 A5=00000000 A6=00000000 A7=00FF7F9C D0=00009DA9 D1=33FD1ABD D2=00000001 D3=00000000 D4=00000000 D5=00000000 D6=00000000 D7=00000000 xnZvc

02:767C  4E 56  LINK    A6,#$FFFC                A0=011A469C A1=19482433 A2=00FFE3F8 A3=00FF8000 A4=00FFE3FC A5=00000000 A6=00000000 A7=00FF7F7C D0=00000015 D1=197BDD97 D2=00000001 D3=00000000 D4=00000000 D5=00000000 D6=00000000 D7=00000000 xnzvc
02:7680  48 E7  MOVEM.L {d0-a7}[3e 00],-(SP)     A0=011A469C A1=19482433 A2=00FFE3F8 A3=00FF8000 A4=00FFE3FC A5=00000000 A6=00FF7F78 A7=00FF7F74 D0=00000015 D1=197BDD97 D2=00000001 D3=00000000 D4=00000000 D5=00000000 D6=00000000 D7=00000000 xnzvc
02:7684  38 2E  MOVE.W  $000A(A6),D4             A0=011A469C A1=19482433 A2=00FFE3F8 A3=00FF8000 A4=00FFE3FC A5=00000000 A6=00FF7F78 A7=00FF7F60 D0=00000015 D1=197BDD97 D2=00000001 D3=00000000 D4=00000000 D5=00000000 D6=00000000 D7=00000000 xnzvc
02:7688  3A 2E  MOVE.W  $000E(A6),D5             A0=011A469C A1=19482433 A2=00FFE3F8 A3=00FF8000 A4=00FFE3FC A5=00000000 A6=00FF7F78 A7=00FF7F60 D0=00000015 D1=197BDD97 D2=00000001 D3=00000000 D4=0000000C D5=00000000 D6=00000000 D7=00000000 xnzvc
02:768C  36 2E  MOVE.W  $0012(A6),D3             A0=011A469C A1=19482433 A2=00FFE3F8 A3=00FF8000 A4=00FFE3FC A5=00000000 A6=00FF7F78 A7=00FF7F60 D0=00000015 D1=197BDD97 D2=00000001 D3=00000000 D4=0000000C D5=00000008 D6=00000000 D7=00000000 xnzvc
02:7690  48 78  PEA     ($0001)                  A0=011A469C A1=19482433 A2=00FFE3F8 A3=00FF8000 A4=00FFE3FC A5=00000000 A6=00FF7F78 A7=00FF7F60 D0=00000015 D1=197BDD97 D2=00000001 D3=0000001D D4=0000000C D5=00000008 D6=00000000 D7=00000000 xnzvc
02:7694  4E B9  JSR     ($00000578)              A0=011A469C A1=19482433 A2=00FFE3F8 A3=00FF8000 A4=00FFE3FC A5=00000000 A6=00FF7F78 A7=00FF7F5C D0=00000015 D1=197BDD97 D2=00000001 D3=0000001D D4=0000000C D5=00000008 D6=00000000 D7=00000000 xnzvc
02:769A  3D 45  MOVE.W  D5,$FFFE(A6)             A0=011A469C A1=19482433 A2=00FFE3F8 A3=00FF8000 A4=00FFE3FC A5=00000000 A6=00FF7F78 A7=00FF7F5C D0=00000001 D1=197BDD97 D2=00000001 D3=0000001D D4=0000000C D5=00000008 D6=00000000 D7=00000000 xnZvc
02:769E  58 8F  ADDQ.L  #4,SP                    A0=011A469C A1=19482433 A2=00FFE3F8 A3=00FF8000 A4=00FFE3FC A5=00000000 A6=00FF7F78 A7=00FF7F5C D0=00000001 D1=197BDD97 D2=00000001 D3=0000001D D4=0000000C D5=00000008 D6=00000000 D7=00000000 xnzvc
02:76A0  60 00  BRA     #$0088 [02:772A]         A0=011A469C A1=19482433 A2=00FFE3F8 A3=00FF8000 A4=00FFE3FC A5=00000000 A6=00FF7F78 A7=00FF7F60 D0=00000001 D1=197BDD97 D2=00000001 D3=0000001D D4=0000000C D5=00000008 D6=00000000 D7=00000000 xnzvc
02:76A4  30 04  MOVE.W  D4,D0                    A0=01239468 A1=27C0E1F5 A2=00FFE3F8 A3=00FF8000 A4=00FFE3FC A5=00000000 A6=00FF7F78 A7=00FF7F60 D0=00000013 D1=1A524D8D D2=0000182A D3=0000001D D4=0000000C D5=00000008 D6=0000001E D7=00000000 xnZvc
02:76A6  48 C0  EXT.L   D0                       A0=01239468 A1=27C0E1F5 A2=00FFE3F8 A3=00FF8000 A4=00FFE3FC A5=00000000 A6=00FF7F78 A7=00FF7F60 D0=0000000C D1=1A524D8D D2=0000182A D3=0000001D D4=0000000C D5=00000008 D6=0000001E D7=00000000 xnzvc
02:76A8  72 11  MOVEQ   #$11,D1                  A0=01239468 A1=27C0E1F5 A2=00FFE3F8 A3=00FF8000 A4=00FFE3FC A5=00000000 A6=00FF7F78 A7=00FF7F60 D0=0000000C D1=1A524D8D D2=0000182A D3=0000001D D4=0000000C D5=00000008 D6=0000001E D7=00000000 xnzvc
02:76AA  E3 A0  ASL.L   D1,D0                    A0=01239468 A1=27C0E1F5 A2=00FFE3F8 A3=00FF8000 A4=00FFE3FC A5=00000000 A6=00FF7F78 A7=00FF7F60 D0=0000000C D1=00000011 D2=0000182A D3=0000001D D4=0000000C D5=00000008 D6=0000001E D7=00000000 xnzvc
02:76AC  32 2E  MOVE.W  $FFFE(A6),D1             A0=01239468 A1=27C0E1F5 A2=00FFE3F8 A3=00FF8000 A4=00FFE3FC A5=00000000 A6=00FF7F78 A7=00FF7F60 D0=00180000 D1=00000011 D2=0000182A D3=0000001D D4=0000000C D5=00000008 D6=0000001E D7=00000000 xnzvc
02:76B0  48 C1  EXT.L   D1                       A0=01239468 A1=27C0E1F5 A2=00FFE3F8 A3=00FF8000 A4=00FFE3FC A5=00000000 A6=00FF7F78 A7=00FF7F60 D0=00180000 D1=00000013 D2=0000182A D3=0000001D D4=0000000C D5=00000008 D6=0000001E D7=00000000 xnzvc
02:76B2  74 17  MOVEQ   #$17,D2                  A0=01239468 A1=27C0E1F5 A2=00FFE3F8 A3=00FF8000 A4=00FFE3FC A5=00000000 A6=00FF7F78 A7=00FF7F60 D0=00180000 D1=00000013 D2=0000182A D3=0000001D D4=0000000C D5=00000008 D6=0000001E D7=00000000 xnzvc
02:76B4  E5 A1  ASL.L   D2,D1                    A0=01239468 A1=27C0E1F5 A2=00FFE3F8 A3=00FF8000 A4=00FFE3FC A5=00000000 A6=00FF7F78 A7=00FF7F60 D0=00180000 D1=00000013 D2=00000017 D3=0000001D D4=0000000C D5=00000008 D6=0000001E D7=00000000 xnzvc
02:76B6  06 81  ADDI.L  #$60000002,D1            A0=01239468 A1=27C0E1F5 A2=00FFE3F8 A3=00FF8000 A4=00FFE3FC A5=00000000 A6=00FF7F78 A7=00FF7F60 D0=00180000 D1=09800000 D2=00000017 D3=0000001D D4=0000000C D5=00000008 D6=0000001E D7=00000000 xnzvc
02:76BC  D0 81  ADD.L   D1,D0                    A0=01239468 A1=27C0E1F5 A2=00FFE3F8 A3=00FF8000 A4=00FFE3FC A5=00000000 A6=00FF7F78 A7=00FF7F60 D0=00180000 D1=69800002 D2=00000017 D3=0000001D D4=0000000C D5=00000008 D6=0000001E D7=00000000 xnzvc
02:76BE  23 C0  MOVE.L  D0,($00C00004)           A0=01239468 A1=27C0E1F5 A2=00FFE3F8 A3=00FF8000 A4=00FFE3FC A5=00000000 A6=00FF7F78 A7=00FF7F60 D0=69980002 D1=69800002 D2=00000017 D3=0000001D D4=0000000C D5=00000008 D6=0000001E D7=00000000 xnzvc
02:76C4  3C 04  MOVE.W  D4,D6                    A0=01239468 A1=27C0E1F5 A2=00FFE3F8 A3=00FF8000 A4=00FFE3FC A5=00000000 A6=00FF7F78 A7=00FF7F60 D0=69980002 D1=69800002 D2=00000017 D3=0000001D D4=0000000C D5=00000008 D6=0000001E D7=00000000 xnzvc
02:76C6  60 5A  BRA     #$5A [02:7722]           A0=01239468 A1=27C0E1F5 A2=00FFE3F8 A3=00FF8000 A4=00FFE3FC A5=00000000 A6=00FF7F78 A7=00FF7F60 D0=69980002 D1=69800002 D2=00000017 D3=0000001D D4=0000000C D5=00000008 D6=0000000C D7=00000000 xnzvc
02:76C8  30 2E  MOVE.W  $FFFE(A6),D0             A0=018F8C54 A1=32EE66CF A2=000284EA A3=0003072A A4=00FFE3FC A5=00000000 A6=00FF7F84 A7=00FF7F6C D0=0000000A D1=2411DA7B D2=0000182B D3=0000001E D4=0000000B D5=00000007 D6=0000000E D7=00000000 xNzvC
02:76CC  B0 45  CMP.W   D5,D0                    A0=018F8C54 A1=32EE66CF A2=000284EA A3=0003072A A4=00FFE3FC A5=00000000 A6=00FF7F84 A7=00FF7F6C D0=0000000A D1=2411DA7B D2=0000182B D3=0000001E D4=0000000B D5=00000007 D6=0000000E D7=00000000 xnzvc
02:76CE  67 12  BEQ     #$12 [02:76E2]           A0=018F8C54 A1=32EE66CF A2=000284EA A3=0003072A A4=00FFE3FC A5=00000000 A6=00FF7F84 A7=00FF7F6C D0=0000000A D1=2411DA7B D2=0000182B D3=0000001E D4=0000000B D5=00000007 D6=0000000E D7=00000000 xnzvc
02:76D0  30 2E  MOVE.W  $FFFE(A6),D0             A0=002A2618 A1=79939217 A2=000284EA A3=0003072A A4=00FFE3FC A5=00000000 A6=00FF7F84 A7=00FF7F6C D0=0000000B D1=03CE6BFF D2=0000182C D3=0000001E D4=0000000B D5=00000007 D6=0000000E D7=00000000 xnzvc
02:76D4  B0 6E  CMP.W   $0016(A6),D0             A0=002A2618 A1=79939217 A2=000284EA A3=0003072A A4=00FFE3FC A5=00000000 A6=00FF7F84 A7=00FF7F6C D0=0000000B D1=03CE6BFF D2=0000182C D3=0000001E D4=0000000B D5=00000007 D6=0000000E D7=00000000 xnzvc
02:76D8  67 08  BEQ     #$08 [02:76E2]           A0=002A2618 A1=79939217 A2=000284EA A3=0003072A A4=00FFE3FC A5=00000000 A6=00FF7F84 A7=00FF7F6C D0=0000000B D1=03CE6BFF D2=0000182C D3=0000001E D4=0000000B D5=00000007 D6=0000000E D7=00000000 xNzvC
02:76DA  BC 44  CMP.W   D4,D6                    A0=002A2618 A1=79939217 A2=000284EA A3=0003072A A4=00FFE3FC A5=00000000 A6=00FF7F84 A7=00FF7F6C D0=0000000B D1=03CE6BFF D2=0000182C D3=0000001E D4=0000000B D5=00000007 D6=0000000E D7=00000000 xNzvC
02:76DC  67 04  BEQ     #$04 [02:76E2]           A0=002A2618 A1=79939217 A2=000284EA A3=0003072A A4=00FFE3FC A5=00000000 A6=00FF7F84 A7=00FF7F6C D0=0000000B D1=03CE6BFF D2=0000182C D3=0000001E D4=0000000B D5=00000007 D6=0000000E D7=00000000 xnzvc
02:76DE  BC 43  CMP.W   D3,D6                    A0=002A2618 A1=79939217 A2=000284EA A3=0003072A A4=00FFE3FC A5=00000000 A6=00FF7F84 A7=00FF7F6C D0=0000000B D1=03CE6BFF D2=0000182C D3=0000001E D4=0000000B D5=00000007 D6=00000012 D7=00000000 xnzvc
02:76E0  66 36  BNE     #$36 [02:7718]           A0=002A2618 A1=79939217 A2=000284EA A3=0003072A A4=00FFE3FC A5=00000000 A6=00FF7F84 A7=00FF7F6C D0=0000000B D1=03CE6BFF D2=0000182C D3=0000001E D4=0000000B D5=00000007 D6=00000012 D7=00000000 xNzvC
02:76E2  4E B9  JSR     ($00004E7E)              A0=01F7CB88 A1=74E984C7 A2=000284EA A3=0003072A A4=00FFE3FC A5=00000000 A6=00FF7F84 A7=00FF7F6C D0=00000014 D1=2D7AB93F D2=0000182C D3=0000001E D4=0000000B D5=00000007 D6=0000001E D7=00000000 xnZvc
02:76E8  34 00  MOVE.W  D0,D2                    A0=028D1710 A1=5E46291D A2=000284EA A3=0003072A A4=00FFE3FC A5=00000000 A6=00FF7F84 A7=00FF7F6C D0=0000120D D1=3AF4120D D2=0000182C D3=0000001E D4=0000000B D5=00000007 D6=0000001E D7=00000000 xnzvc
02:76EA  02 42  ANDI.W  #$0003,D2                A0=028D1710 A1=5E46291D A2=000284EA A3=0003072A A4=00FFE3FC A5=00000000 A6=00FF7F84 A7=00FF7F6C D0=0000120D D1=3AF4120D D2=0000120D D3=0000001E D4=0000000B D5=00000007 D6=0000001E D7=00000000 xnzvc
02:76EE  06 42  ADDI.W  #$0029,D2                A0=028D1710 A1=5E46291D A2=000284EA A3=0003072A A4=00FFE3FC A5=00000000 A6=00FF7F84 A7=00FF7F6C D0=0000120D D1=3AF4120D D2=00000001 D3=0000001E D4=0000000B D5=00000007 D6=0000001E D7=00000000 xnzvc
02:76F2  4E B9  JSR     ($00004E7E)              A0=028D1710 A1=5E46291D A2=000284EA A3=0003072A A4=00FFE3FC A5=00000000 A6=00FF7F84 A7=00FF7F6C D0=0000120D D1=3AF4120D D2=0000002A D3=0000001E D4=0000000B D5=00000007 D6=0000001E D7=00000000 xnzvc
02:76F8  08 00  BTST    #0,D0                    A0=020925DC A1=55596862 A2=000284EA A3=0003072A A4=00FFE3FC A5=00000000 A6=00FF7F84 A7=00FF7F6C D0=00004286 D1=2F0B4286 D2=0000002A D3=0000001E D4=0000000B D5=00000007 D6=0000001E D7=00000000 xnzvc
02:76FC  67 08  BEQ     #$08 [02:7706]           A0=020925DC A1=55596862 A2=000284EA A3=0003072A A4=00FFE3FC A5=00000000 A6=00FF7F84 A7=00FF7F6C D0=00004286 D1=2F0B4286 D2=0000002A D3=0000001E D4=0000000B D5=00000007 D6=0000001E D7=00000000 xnZvc
02:76FE  00 42  ORI.W   #$0800,D2                A0=01EDA02C A1=11D5A8AD A2=000284EA A3=0003072A A4=00FFE3FC A5=00000000 A6=00FF7F74 A7=00FF7F5C D0=00000881 D1=2C8F0881 D2=0000002B D3=0000001D D4=0000000C D5=00000008 D6=00000017 D7=00000000 xnzvc
02:7702  00 42  ORI.W   #$1000,D2                A0=01EDA02C A1=11D5A8AD A2=000284EA A3=0003072A A4=00FFE3FC A5=00000000 A6=00FF7F74 A7=00FF7F5C D0=00000881 D1=2C8F0881 D2=0000082B D3=0000001D D4=0000000C D5=00000008 D6=00000017 D7=00000000 xnzvc
02:7706  70 00  MOVEQ   #$00,D0                  A0=020925DC A1=55596862 A2=000284EA A3=0003072A A4=00FFE3FC A5=00000000 A6=00FF7F84 A7=00FF7F6C D0=00004286 D1=2F0B4286 D2=0000002A D3=0000001E D4=0000000B D5=00000007 D6=0000001E D7=00000000 xnZvc
02:7708  30 02  MOVE.W  D2,D0                    A0=020925DC A1=55596862 A2=000284EA A3=0003072A A4=00FFE3FC A5=00000000 A6=00FF7F84 A7=00FF7F6C D0=00000000 D1=2F0B4286 D2=0000002A D3=0000001E D4=0000000B D5=00000007 D6=0000001E D7=00000000 xnZvc
02:770A  06 80  ADDI.L  #$00008580,D0            A0=020925DC A1=55596862 A2=000284EA A3=0003072A A4=00FFE3FC A5=00000000 A6=00FF7F84 A7=00FF7F6C D0=0000002A D1=2F0B4286 D2=0000002A D3=0000001E D4=0000000B D5=00000007 D6=0000001E D7=00000000 xnzvc
02:7710  33 C0  MOVE.W  D0,($00C00000)           A0=020925DC A1=55596862 A2=000284EA A3=0003072A A4=00FFE3FC A5=00000000 A6=00FF7F84 A7=00FF7F6C D0=000085AA D1=2F0B4286 D2=0000002A D3=0000001E D4=0000000B D5=00000007 D6=0000001E D7=00000000 xnzvc
02:7716  60 08  BRA     #$08 [02:7720]           A0=020925DC A1=55596862 A2=000284EA A3=0003072A A4=00FFE3FC A5=00000000 A6=00FF7F84 A7=00FF7F6C D0=000085AA D1=2F0B4286 D2=0000002A D3=0000001E D4=0000000B D5=00000007 D6=0000001E D7=00000000 xNzvc
02:7718  33 FC  MOVE.W  #$8244,($00C00000)       A0=002A2618 A1=79939217 A2=000284EA A3=0003072A A4=00FFE3FC A5=00000000 A6=00FF7F84 A7=00FF7F6C D0=0000000B D1=03CE6BFF D2=0000182C D3=0000001E D4=0000000B D5=00000007 D6=00000015 D7=00000000 xNzvC
02:7720  52 46  ADDQ.W  #1,D6                    A0=018F8C54 A1=32EE66CF A2=000284EA A3=0003072A A4=00FFE3FC A5=00000000 A6=00FF7F84 A7=00FF7F6C D0=0000000A D1=2411DA7B D2=0000182B D3=0000001E D4=0000000B D5=00000007 D6=0000000E D7=00000000 xNzvc
02:7722  BC 43  CMP.W   D3,D6                    A0=00E45B44 A1=7DC03768 A2=000284EA A3=0003072A A4=00FFE3FC A5=00000000 A6=00FF7F84 A7=00FF7F6C D0=65160002 D1=65000002 D2=00000017 D3=0000001E D4=0000000B D5=00000007 D6=0000000B D7=00000000 xnzvc
02:7724  6F A2  BLE     #$A2 [02:76C8]           A0=00E45B44 A1=7DC03768 A2=000284EA A3=0003072A A4=00FFE3FC A5=00000000 A6=00FF7F84 A7=00FF7F6C D0=65160002 D1=65000002 D2=00000017 D3=0000001E D4=0000000B D5=00000007 D6=0000000B D7=00000000 xNzvC
02:7726  52 6E  ADDQ.W  #1,$FFFE(A6)             A0=00666DEC A1=56805494 A2=00FFE3F8 A3=00FF8000 A4=00FFE3FC A5=00000000 A6=00FF7F78 A7=00FF7F60 D0=000085AC D1=093FE6A8 D2=0000002C D3=0000001D D4=0000000C D5=00000008 D6=0000001E D7=00000000 xnzvc
02:772A  30 2E  MOVE.W  $FFFE(A6),D0             A0=00666DEC A1=56805494 A2=00FFE3F8 A3=00FF8000 A4=00FFE3FC A5=00000000 A6=00FF7F78 A7=00FF7F60 D0=000085AC D1=093FE6A8 D2=0000002C D3=0000001D D4=0000000C D5=00000008 D6=0000001E D7=00000000 xnzvc
02:772E  B0 6E  CMP.W   $0016(A6),D0             A0=00666DEC A1=56805494 A2=00FFE3F8 A3=00FF8000 A4=00FFE3FC A5=00000000 A6=00FF7F78 A7=00FF7F60 D0=00000014 D1=093FE6A8 D2=0000002C D3=0000001D D4=0000000C D5=00000008 D6=0000001E D7=00000000 xnzvc
02:7732  6F 00  BLE     #$FF70 [02:76A4]         A0=00666DEC A1=56805494 A2=00FFE3F8 A3=00FF8000 A4=00FFE3FC A5=00000000 A6=00FF7F78 A7=00FF7F60 D0=00000014 D1=093FE6A8 D2=0000002C D3=0000001D D4=0000000C D5=00000008 D6=0000001E D7=00000000 xnzvc
02:7736  4C EE  MOVEM.L $FFE8(A6),{a7-d0}[00 7c] A0=00666DEC A1=56805494 A2=00FFE3F8 A3=00FF8000 A4=00FFE3FC A5=00000000 A6=00FF7F78 A7=00FF7F60 D0=00000014 D1=093FE6A8 D2=0000002C D3=0000001D D4=0000000C D5=00000008 D6=0000001E D7=00000000 xnzvc
02:773C  4E 5E  ULNK    A6                       A0=00666DEC A1=56805494 A2=00FFE3F8 A3=00FF8000 A4=00FFE3FC A5=00000000 A6=00FF7F78 A7=00FF7F60 D0=00000014 D1=093FE6A8 D2=00000001 D3=00000000 D4=00000000 D5=00000000 D6=00000000 D7=00000000 xnzvc
02:773E  4E 75  RTS                              A0=00666DEC A1=56805494 A2=00FFE3F8 A3=00FF8000 A4=00FFE3FC A5=00000000 A6=00000000 A7=00FF7F7C D0=00000014 D1=093FE6A8 D2=00000001 D3=00000000 D4=00000000 D5=00000000 D6=00000000 D7=00000000 xnzvc

02:7870  48 E7  MOVEM.L {d0-a7}[20 20],-(SP)     A0=00FF9364 A1=00FF8036 A2=00FF8038 A3=00FF8036 A4=00FF8000 A5=00000000 A6=00000000 A7=00FF7FB8 D0=6F800040 D1=00000017 D2=00000000 D3=00000000 D4=00000000 D5=00000000 D6=00000000 D7=00000000 xnZvc
02:7874  74 06  MOVEQ   #$06,D2                  A0=00FF9364 A1=00FF8036 A2=00FF8038 A3=00FF8036 A4=00FF8000 A5=00000000 A6=00000000 A7=00FF7FB0 D0=6F800040 D1=00000017 D2=00000000 D3=00000000 D4=00000000 D5=00000000 D6=00000000 D7=00000000 xnZvc
02:7876  24 7C  MOVE.L  #$00FFA25A,A2            A0=00FF9364 A1=00FF8036 A2=00FF8038 A3=00FF8036 A4=00FF8000 A5=00000000 A6=00000000 A7=00FF7FB0 D0=6F800040 D1=00000017 D2=00000006 D3=00000000 D4=00000000 D5=00000000 D6=00000000 D7=00000000 xnzvc
02:787C  60 1C  BRA     #$1C [02:789A]           A0=00FF9364 A1=00FF8036 A2=00FFA25A A3=00FF8036 A4=00FF8000 A5=00000000 A6=00000000 A7=00FF7FB0 D0=6F800040 D1=00000017 D2=00000006 D3=00000000 D4=00000000 D5=00000000 D6=00000000 D7=00000000 xnzvc
02:787E  08 2A  BTST    #0,$002F(A2)             A0=00FF9364 A1=00FF8036 A2=00FFB2DA A3=00FF8036 A4=00FF8000 A5=00000000 A6=00000000 A7=00FF7FB0 D0=6F800040 D1=00000017 D2=00000027 D3=00000000 D4=00000000 D5=00000000 D6=00000000 D7=00000000 xNzvC
02:7884  67 0E  BEQ     #$0E [02:7894]           A0=00FF9364 A1=00FF8036 A2=00FFB2DA A3=00FF8036 A4=00FF8000 A5=00000000 A6=00000000 A7=00FF7FB0 D0=6F800040 D1=00000017 D2=00000027 D3=00000000 D4=00000000 D5=00000000 D6=00000000 D7=00000000 xNZvC
02:7894  52 42  ADDQ.W  #1,D2                    A0=00FF9364 A1=00FF8036 A2=00FFB2DA A3=00FF8036 A4=00FF8000 A5=00000000 A6=00000000 A7=00FF7FB0 D0=6F800040 D1=00000017 D2=00000027 D3=00000000 D4=00000000 D5=00000000 D6=00000000 D7=00000000 xNZvC
02:7896  45 EA  LEA     $0080(A2),A2             A0=00FF9364 A1=00FF8036 A2=00FFB2DA A3=00FF8036 A4=00FF8000 A5=00000000 A6=00000000 A7=00FF7FB0 D0=6F800040 D1=00000017 D2=00000028 D3=00000000 D4=00000000 D5=00000000 D6=00000000 D7=00000000 xnzvc
02:789A  0C 42  CMPI.W  #$0028,D2                A0=00FF9364 A1=00FF8036 A2=00FFB35A A3=00FF8036 A4=00FF8000 A5=00000000 A6=00000000 A7=00FF7FB0 D0=6F800040 D1=00000017 D2=00000028 D3=00000000 D4=00000000 D5=00000000 D6=00000000 D7=00000000 xnzvc
02:789E  65 DE  BCS     #$DE [02:787E]           A0=00FF9364 A1=00FF8036 A2=00FFB35A A3=00FF8036 A4=00FF8000 A5=00000000 A6=00000000 A7=00FF7FB0 D0=6F800040 D1=00000017 D2=00000028 D3=00000000 D4=00000000 D5=00000000 D6=00000000 D7=00000000 xnZvc
02:78A0  4C DF  MOVEM.L (SP)+,{a7-d0}[04 04]     A0=00FF9364 A1=00FF8036 A2=00FFB35A A3=00FF8036 A4=00FF8000 A5=00000000 A6=00000000 A7=00FF7FB0 D0=6F800040 D1=00000017 D2=00000028 D3=00000000 D4=00000000 D5=00000000 D6=00000000 D7=00000000 xnZvc
02:78A4  4E 75  RTS                              A0=00FF9364 A1=00FF8036 A2=00FF8038 A3=00FF8036 A4=00FF8000 A5=00000000 A6=00000000 A7=00FF7FB8 D0=6F800040 D1=00000017 D2=00000000 D3=00000000 D4=00000000 D5=00000000 D6=00000000 D7=00000000 xnZvc

02:78A6  48 E7  MOVEM.L {d0-a7}[30 30],-(SP)     A0=00FF9364 A1=000373E4 A2=00FFE3F8 A3=00FF8000 A4=00FFE3FC A5=00000000 A6=00000000 A7=00FF7F98 D0=00000000 D1=0000FF3F D2=00000055 D3=00000000 D4=00000000 D5=00000000 D6=00000000 D7=00000000 xnZvc
02:78AA  34 2F  MOVE.W  $0016(SP),D2             A0=00FF9364 A1=000373E4 A2=00FFE3F8 A3=00FF8000 A4=00FFE3FC A5=00000000 A6=00000000 A7=00FF7F88 D0=00000000 D1=0000FF3F D2=00000055 D3=00000000 D4=00000000 D5=00000000 D6=00000000 D7=00000000 xnZvc
02:78AE  36 2F  MOVE.W  $001A(SP),D3             A0=00FF9364 A1=000373E4 A2=00FFE3F8 A3=00FF8000 A4=00FFE3FC A5=00000000 A6=00000000 A7=00FF7F88 D0=00000000 D1=0000FF3F D2=00000000 D3=00000000 D4=00000000 D5=00000000 D6=00000000 D7=00000000 xnZvc
02:78B2  24 7C  MOVE.L  #$00FFE39E,A2            A0=00FF9364 A1=000373E4 A2=00FFE3F8 A3=00FF8000 A4=00FFE3FC A5=00000000 A6=00000000 A7=00FF7F88 D0=00000000 D1=0000FF3F D2=00000000 D3=00000000 D4=00000000 D5=00000000 D6=00000000 D7=00000000 xnZvc
02:78B8  26 7C  MOVE.L  #$00FFE3A0,A3            A0=00FF9364 A1=000373E4 A2=00FFE39E A3=00FF8000 A4=00FFE3FC A5=00000000 A6=00000000 A7=00FF7F88 D0=00000000 D1=0000FF3F D2=00000000 D3=00000000 D4=00000000 D5=00000000 D6=00000000 D7=00000000 xnZvc
02:78BE  42 A7  CLR.L   -(SP)                    A0=00FF9364 A1=000373E4 A2=00FFE39E A3=00FFE3A0 A4=00FFE3FC A5=00000000 A6=00000000 A7=00FF7F88 D0=00000000 D1=0000FF3F D2=00000000 D3=00000000 D4=00000000 D5=00000000 D6=00000000 D7=00000000 xnZvc
02:78C0  4E BA  JSR     $F966(PC)                A0=00FF9364 A1=000373E4 A2=00FFE39E A3=00FFE3A0 A4=00FFE3FC A5=00000000 A6=00000000 A7=00FF7F84 D0=00000000 D1=0000FF3F D2=00000000 D3=00000000 D4=00000000 D5=00000000 D6=00000000 D7=00000000 xnZvc
02:78C4  58 8F  ADDQ.L  #4,SP                    A0=00FFE3A4 A1=00037324 A2=00FFE39E A3=00FFE3A0 A4=00FFE3FC A5=00000000 A6=00000000 A7=00FF7F84 D0=00000000 D1=000052EF D2=00000000 D3=00000000 D4=00000000 D5=00000000 D6=00000000 D7=00000000 xnZvc
02:78C6  42 39  CLR.B   ($00FFD930)              A0=00FFE3A4 A1=00037324 A2=00FFE39E A3=00FFE3A0 A4=00FFE3FC A5=00000000 A6=00000000 A7=00FF7F88 D0=00000000 D1=000052EF D2=00000000 D3=00000000 D4=00000000 D5=00000000 D6=00000000 D7=00000000 xnZvc
02:78CC  4E B9  JSR     ($0000CC62)              A0=00FFE3A4 A1=00037324 A2=00FFE39E A3=00FFE3A0 A4=00FFE3FC A5=00000000 A6=00000000 A7=00FF7F88 D0=00000000 D1=000052EF D2=00000000 D3=00000000 D4=00000000 D5=00000000 D6=00000000 D7=00000000 xnZvc
02:78D2  48 78  PEA     ($0001)                  A0=000373D6 A1=000373E4 A2=00FFE39E A3=00FFE3A0 A4=00FFE3FC A5=00000000 A6=00000000 A7=00FF7F88 D0=000000D0 D1=0000001A D2=00000000 D3=00000000 D4=00000000 D5=00000000 D6=00000000 D7=00000000 xnzvc
02:78D6  4E B9  JSR     ($00000578)              A0=000373D6 A1=000373E4 A2=00FFE39E A3=00FFE3A0 A4=00FFE3FC A5=00000000 A6=00000000 A7=00FF7F84 D0=000000D0 D1=0000001A D2=00000000 D3=00000000 D4=00000000 D5=00000000 D6=00000000 D7=00000000 xnzvc
02:78DC  42 A7  CLR.L   -(SP)                    A0=000373D6 A1=000373E4 A2=00FFE39E A3=00FFE3A0 A4=00FFE3FC A5=00000000 A6=00000000 A7=00FF7F84 D0=00000000 D1=000052F0 D2=00000000 D3=00000000 D4=00000000 D5=00000000 D6=00000000 D7=00000000 xnZvc
02:78DE  42 A7  CLR.L   -(SP)                    A0=000373D6 A1=000373E4 A2=00FFE39E A3=00FFE3A0 A4=00FFE3FC A5=00000000 A6=00000000 A7=00FF7F80 D0=00000000 D1=000052F0 D2=00000000 D3=00000000 D4=00000000 D5=00000000 D6=00000000 D7=00000000 xnZvc
02:78E0  4E B9  JSR     ($0000CED0)              A0=000373D6 A1=000373E4 A2=00FFE39E A3=00FFE3A0 A4=00FFE3FC A5=00000000 A6=00000000 A7=00FF7F7C D0=00000000 D1=000052F0 D2=00000000 D3=00000000 D4=00000000 D5=00000000 D6=00000000 D7=00000000 xnZvc
02:78E6  42 A7  CLR.L   -(SP)                    A0=00FFD8DC A1=000373E4 A2=00FFE39E A3=00FFE3A0 A4=00FFE3FC A5=00000000 A6=00000000 A7=00FF7F7C D0=00000002 D1=00000002 D2=00000000 D3=00000000 D4=00000000 D5=00000000 D6=00000000 D7=00000000 xnZvc
02:78E8  4E B9  JSR     ($0000059E)              A0=00FFD8DC A1=000373E4 A2=00FFE39E A3=00FFE3A0 A4=00FFE3FC A5=00000000 A6=00000000 A7=00FF7F78 D0=00000002 D1=00000002 D2=00000000 D3=00000000 D4=00000000 D5=00000000 D6=00000000 D7=00000000 xnZvc
02:78EE  52 53  ADDQ.W  #1,(A3)                  A0=00FF9364 A1=000373E4 A2=00FFE39E A3=00FFE3A0 A4=00FFE3FC A5=00000000 A6=00000000 A7=00FF7F78 D0=00000019 D1=00000002 D2=00000000 D3=00000000 D4=00000000 D5=00000000 D6=00000000 D7=00000000 xnzvc
02:78F0  4A 39  TST.B   ($00FFE488)              A0=00FF9364 A1=000373E4 A2=00FFE39E A3=00FFE3A0 A4=00FFE3FC A5=00000000 A6=00000000 A7=00FF7F78 D0=00000019 D1=00000002 D2=00000000 D3=00000000 D4=00000000 D5=00000000 D6=00000000 D7=00000000 xnzvc
02:78F6  4F EF  LEA     $0010(SP),A7             A0=00FF9364 A1=000373E4 A2=00FFE39E A3=00FFE3A0 A4=00FFE3FC A5=00000000 A6=00000000 A7=00FF7F78 D0=00000019 D1=00000002 D2=00000000 D3=00000000 D4=00000000 D5=00000000 D6=00000000 D7=00000000 xnzvc
02:78FA  66 04  BNE     #$04 [02:7900]           A0=00FF9364 A1=000373E4 A2=00FFE39E A3=00FFE3A0 A4=00FFE3FC A5=00000000 A6=00000000 A7=00FF7F88 D0=00000019 D1=00000002 D2=00000000 D3=00000000 D4=00000000 D5=00000000 D6=00000000 D7=00000000 xnzvc
02:78FC  60 00  BRA     #$0092 [02:7990]         A0=00FF9364 A1=000370E0 A2=00FFE39E A3=00FFE3A0 A4=00FFE3FC A5=00000000 A6=00000000 A7=00FF7F88 D0=00000019 D1=00000000 D2=00000000 D3=00000000 D4=00000000 D5=00000000 D6=00000000 D7=00000000 xnZvc
02:7900  42 39  CLR.B   ($00FFE488)              A0=00FF9364 A1=000373E4 A2=00FFE39E A3=00FFE3A0 A4=00FF8000 A5=00000000 A6=00000000 A7=00FF7F88 D0=0000001B D1=00000000 D2=00000000 D3=00000000 D4=00000000 D5=00000000 D6=00000000 D7=00000000 xnzvc
02:7906  72 00  MOVEQ   #$00,D1                  A0=00FF9364 A1=000373E4 A2=00FFE39E A3=00FFE3A0 A4=00FF8000 A5=00000000 A6=00000000 A7=00FF7F88 D0=0000001B D1=00000000 D2=00000000 D3=00000000 D4=00000000 D5=00000000 D6=00000000 D7=00000000 xnZvc
02:7908  32 39  MOVE.W  ($00FF800E),D1           A0=00FF9364 A1=000373E4 A2=00FFE39E A3=00FFE3A0 A4=00FF8000 A5=00000000 A6=00000000 A7=00FF7F88 D0=0000001B D1=00000000 D2=00000000 D3=00000000 D4=00000000 D5=00000000 D6=00000000 D7=00000000 xnZvc
02:790E  70 00  MOVEQ   #$00,D0                  A0=00FF9364 A1=000373E4 A2=00FFE39E A3=00FFE3A0 A4=00FF8000 A5=00000000 A6=00000000 A7=00FF7F88 D0=0000001B D1=000053BF D2=00000000 D3=00000000 D4=00000000 D5=00000000 D6=00000000 D7=00000000 xnzvc
02:7910  30 39  MOVE.W  ($00FFE39C),D0           A0=00FF9364 A1=000373E4 A2=00FFE39E A3=00FFE3A0 A4=00FF8000 A5=00000000 A6=00000000 A7=00FF7F88 D0=00000000 D1=000053BF D2=00000000 D3=00000000 D4=00000000 D5=00000000 D6=00000000 D7=00000000 xnZvc
02:7916  92 80  SUB.L   D0,D1                    A0=00FF9364 A1=000373E4 A2=00FFE39E A3=00FFE3A0 A4=00FF8000 A5=00000000 A6=00000000 A7=00FF7F88 D0=000053AD D1=000053BF D2=00000000 D3=00000000 D4=00000000 D5=00000000 D6=00000000 D7=00000000 xnzvc
02:7918  70 0A  MOVEQ   #$0A,D0                  A0=00FF9364 A1=000373E4 A2=00FFE39E A3=00FFE3A0 A4=00FF8000 A5=00000000 A6=00000000 A7=00FF7F88 D0=000053AD D1=00000012 D2=00000000 D3=00000000 D4=00000000 D5=00000000 D6=00000000 D7=00000000 xnzvc
02:791A  B0 81  CMP.L   D1,D0                    A0=00FF9364 A1=000373E4 A2=00FFE39E A3=00FFE3A0 A4=00FF8000 A5=00000000 A6=00000000 A7=00FF7F88 D0=0000000A D1=00000012 D2=00000000 D3=00000000 D4=00000000 D5=00000000 D6=00000000 D7=00000000 xnzvc
02:791C  63 04  BLS     #$04 [02:7922]           A0=00FF9364 A1=000373E4 A2=00FFE39E A3=00FFE3A0 A4=00FF8000 A5=00000000 A6=00000000 A7=00FF7F88 D0=0000000A D1=00000012 D2=00000000 D3=00000000 D4=00000000 D5=00000000 D6=00000000 D7=00000000 xNzvC
02:791E  60 00  BRA     #$0070 [02:7990]         A0=00FF9364 A1=000370E0 A2=00FFE39E A3=00FFE3A0 A4=00FFE3FC A5=00000000 A6=00000000 A7=00FF7F88 D0=0000000A D1=00000006 D2=00000000 D3=00000000 D4=00000000 D5=00000000 D6=00000000 D7=00000000 xnzvc
02:7922  33 F9  MOVE.W  ($00FF800E),($00FFE39C)  A0=00FF9364 A1=000373E4 A2=00FFE39E A3=00FFE3A0 A4=00FF8000 A5=00000000 A6=00000000 A7=00FF7F88 D0=0000000A D1=00000012 D2=00000000 D3=00000000 D4=00000000 D5=00000000 D6=00000000 D7=00000000 xNzvC
02:792C  4A 43  TST.W   D3                       A0=00FF9364 A1=000373E4 A2=00FFE39E A3=00FFE3A0 A4=00FF8000 A5=00000000 A6=00000000 A7=00FF7F88 D0=0000000A D1=00000012 D2=00000000 D3=00000000 D4=00000000 D5=00000000 D6=00000000 D7=00000000 xnzvc
02:792E  67 18  BEQ     #$18 [02:7948]           A0=00FF9364 A1=000373E4 A2=00FFE39E A3=00FFE3A0 A4=00FF8000 A5=00000000 A6=00000000 A7=00FF7F88 D0=0000000A D1=00000012 D2=00000000 D3=00000000 D4=00000000 D5=00000000 D6=00000000 D7=00000000 xnZvc
02:7930  48 78  PEA     ($0006)                  A0=00FF9364 A1=00032468 A2=00FFE39E A3=00FFE3A0 A4=00FFE3F8 A5=00000000 A6=00000000 A7=00FF7F88 D0=0000000A D1=00000018 D2=00000000 D3=00000001 D4=00000000 D5=00000000 D6=00000000 D7=00000000 xnzvc
02:7934  48 79  PEA     ($000306E1)              A0=00FF9364 A1=00032468 A2=00FFE39E A3=00FFE3A0 A4=00FFE3F8 A5=00000000 A6=00000000 A7=00FF7F84 D0=0000000A D1=00000018 D2=00000000 D3=00000001 D4=00000000 D5=00000000 D6=00000000 D7=00000000 xnzvc
02:793A  48 78  PEA     ($0002)                  A0=00FF9364 A1=00032468 A2=00FFE39E A3=00FFE3A0 A4=00FFE3F8 A5=00000000 A6=00000000 A7=00FF7F80 D0=0000000A D1=00000018 D2=00000000 D3=00000001 D4=00000000 D5=00000000 D6=00000000 D7=00000000 xnzvc
02:793E  4E B9  JSR     ($00028210)              A0=00FF9364 A1=00032468 A2=00FFE39E A3=00FFE3A0 A4=00FFE3F8 A5=00000000 A6=00000000 A7=00FF7F7C D0=0000000A D1=00000018 D2=00000000 D3=00000001 D4=00000000 D5=00000000 D6=00000000 D7=00000000 xnzvc
02:7944  4F EF  LEA     $000C(SP),A7             A0=00FFA65A A1=00032468 A2=00FFE39E A3=00FFE3A0 A4=00FFE3F8 A5=00000000 A6=00000000 A7=00FF7F7C D0=00000006 D1=00000400 D2=00000000 D3=00000001 D4=00000000 D5=00000000 D6=00000000 D7=00000000 xNzvc
02:7948  0C 53  CMPI.W  #$0033,(A3)              A0=00FF9364 A1=000373E4 A2=00FFE39E A3=00FFE3A0 A4=00FF8000 A5=00000000 A6=00000000 A7=00FF7F88 D0=0000000A D1=00000012 D2=00000000 D3=00000000 D4=00000000 D5=00000000 D6=00000000 D7=00000000 xnZvc
02:794C  6F 06  BLE     #$06 [02:7954]           A0=00FF9364 A1=000373E4 A2=00FFE39E A3=00FFE3A0 A4=00FF8000 A5=00000000 A6=00000000 A7=00FF7F88 D0=0000000A D1=00000012 D2=00000000 D3=00000000 D4=00000000 D5=00000000 D6=00000000 D7=00000000 xNzvC
02:794E  42 53  CLR.W   (A3)                     A0=00FF9364 A1=000371A2 A2=00FFE39E A3=00FFE3A0 A4=00FF8000 A5=00000000 A6=00000000 A7=00FF7F88 D0=0000000A D1=00000012 D2=00000000 D3=00000000 D4=00000000 D5=00000000 D6=00000000 D7=00000000 xnzvc
02:7950  70 00  MOVEQ   #$00,D0                  A0=00FF9364 A1=000371A2 A2=00FFE39E A3=00FFE3A0 A4=00FF8000 A5=00000000 A6=00000000 A7=00FF7F88 D0=0000000A D1=00000012 D2=00000000 D3=00000000 D4=00000000 D5=00000000 D6=00000000 D7=00000000 xnZvc
02:7952  60 3E  BRA     #$3E [02:7992]           A0=00FF9364 A1=000371A2 A2=00FFE39E A3=00FFE3A0 A4=00FF8000 A5=00000000 A6=00000000 A7=00FF7F88 D0=00000000 D1=00000012 D2=00000000 D3=00000000 D4=00000000 D5=00000000 D6=00000000 D7=00000000 xnZvc
02:7954  4A 42  TST.W   D2                       A0=00FF9364 A1=000373E4 A2=00FFE39E A3=00FFE3A0 A4=00FF8000 A5=00000000 A6=00000000 A7=00FF7F88 D0=0000000A D1=00000012 D2=00000000 D3=00000000 D4=00000000 D5=00000000 D6=00000000 D7=00000000 xNzvC
02:7956  67 38  BEQ     #$38 [02:7990]           A0=00FF9364 A1=000373E4 A2=00FFE39E A3=00FFE3A0 A4=00FF8000 A5=00000000 A6=00000000 A7=00FF7F88 D0=0000000A D1=00000012 D2=00000000 D3=00000000 D4=00000000 D5=00000000 D6=00000000 D7=00000000 xnZvc
02:7958  52 52  ADDQ.W  #1,(A2)                  A0=00FF9364 A1=000DF04C A2=00FFE39E A3=00FFE3A0 A4=00FFE3F8 A5=00000000 A6=00000000 A7=00FF7F88 D0=0000000A D1=0000000D D2=00000001 D3=00000000 D4=00000000 D5=00000000 D6=00000000 D7=00000000 xnzvc
02:795A  B4 52  CMP.W   (A2),D2                  A0=00FF9364 A1=000DF04C A2=00FFE39E A3=00FFE3A0 A4=00FFE3F8 A5=00000000 A6=00000000 A7=00FF7F88 D0=0000000A D1=0000000D D2=00000001 D3=00000000 D4=00000000 D5=00000000 D6=00000000 D7=00000000 xnzvc
02:795C  63 02  BLS     #$02 [02:7960]           A0=00FF9364 A1=000DF04C A2=00FFE39E A3=00FFE3A0 A4=00FFE3F8 A5=00000000 A6=00000000 A7=00FF7F88 D0=0000000A D1=0000000D D2=00000001 D3=00000000 D4=00000000 D5=00000000 D6=00000000 D7=00000000 xnZvc
02:795E  60 30  BRA     #$30 [02:7990]           A0=00FF9364 A1=00FF8036 A2=00FFE39E A3=00FFE3A0 A4=00026FDA A5=00000000 A6=00000000 A7=00FF7F98 D0=0000000A D1=00000033 D2=00000003 D3=00000000 D4=00003050 D5=00000000 D6=00000000 D7=00000000 xnzvc
02:7960  42 52  CLR.W   (A2)                     A0=00FF9364 A1=000DF04C A2=00FFE39E A3=00FFE3A0 A4=00FFE3F8 A5=00000000 A6=00000000 A7=00FF7F88 D0=0000000A D1=0000000D D2=00000001 D3=00000000 D4=00000000 D5=00000000 D6=00000000 D7=00000000 xnZvc
02:7962  10 39  MOVE.B  ($00FFE3A6),D0           A0=00FF9364 A1=000DF04C A2=00FFE39E A3=00FFE3A0 A4=00FFE3F8 A5=00000000 A6=00000000 A7=00FF7F88 D0=0000000A D1=0000000D D2=00000001 D3=00000000 D4=00000000 D5=00000000 D6=00000000 D7=00000000 xnZvc
02:7968  48 80  EXT.W   D0                       A0=00FF9364 A1=000DF04C A2=00FFE39E A3=00FFE3A0 A4=00FFE3F8 A5=00000000 A6=00000000 A7=00FF7F88 D0=00000010 D1=0000000D D2=00000001 D3=00000000 D4=00000000 D5=00000000 D6=00000000 D7=00000000 xnzvc
02:796A  48 C0  EXT.L   D0                       A0=00FF9364 A1=000DF04C A2=00FFE39E A3=00FFE3A0 A4=00FFE3F8 A5=00000000 A6=00000000 A7=00FF7F88 D0=00000010 D1=0000000D D2=00000001 D3=00000000 D4=00000000 D5=00000000 D6=00000000 D7=00000000 xnzvc
02:796C  52 80  ADDQ.L  #1,D0                    A0=00FF9364 A1=000DF04C A2=00FFE39E A3=00FFE3A0 A4=00FFE3F8 A5=00000000 A6=00000000 A7=00FF7F88 D0=00000010 D1=0000000D D2=00000001 D3=00000000 D4=00000000 D5=00000000 D6=00000000 D7=00000000 xnzvc
02:796E  72 18  MOVEQ   #$18,D1                  A0=00FF9364 A1=000DF04C A2=00FFE39E A3=00FFE3A0 A4=00FFE3F8 A5=00000000 A6=00000000 A7=00FF7F88 D0=00000011 D1=0000000D D2=00000001 D3=00000000 D4=00000000 D5=00000000 D6=00000000 D7=00000000 xnzvc
02:7970  81 C1  DIVS.W  D1,D0                    A0=00FF9364 A1=000DF04C A2=00FFE39E A3=00FFE3A0 A4=00FFE3F8 A5=00000000 A6=00000000 A7=00FF7F88 D0=00000011 D1=00000018 D2=00000001 D3=00000000 D4=00000000 D5=00000000 D6=00000000 D7=00000000 xnzvc
02:7972  68 08  BVC     #$08 [02:797C]           A0=00FF9364 A1=000DF04C A2=00FFE39E A3=00FFE3A0 A4=00FFE3F8 A5=00000000 A6=00000000 A7=00FF7F88 D0=00110000 D1=00000018 D2=00000001 D3=00000000 D4=00000000 D5=00000000 D6=00000000 D7=00000000 xnZvc
02:797C  48 40  SWAP.W  D0                       A0=00FF9364 A1=000DF04C A2=00FFE39E A3=00FFE3A0 A4=00FFE3F8 A5=00000000 A6=00000000 A7=00FF7F88 D0=00110000 D1=00000018 D2=00000001 D3=00000000 D4=00000000 D5=00000000 D6=00000000 D7=00000000 xnZvc
02:797E  48 C0  EXT.L   D0                       A0=00FF9364 A1=000DF04C A2=00FFE39E A3=00FFE3A0 A4=00FFE3F8 A5=00000000 A6=00000000 A7=00FF7F88 D0=00000011 D1=00000018 D2=00000001 D3=00000000 D4=00000000 D5=00000000 D6=00000000 D7=00000000 xnzvc
02:7980  13 C0  MOVE.B  D0,($00FFE3A6)           A0=00FF9364 A1=000DF04C A2=00FFE39E A3=00FFE3A0 A4=00FFE3F8 A5=00000000 A6=00000000 A7=00FF7F88 D0=00000011 D1=00000018 D2=00000001 D3=00000000 D4=00000000 D5=00000000 D6=00000000 D7=00000000 xnzvc
02:7986  48 78  PEA     ($0001)                  A0=00FF9364 A1=000DF04C A2=00FFE39E A3=00FFE3A0 A4=00FFE3F8 A5=00000000 A6=00000000 A7=00FF7F88 D0=00000011 D1=00000018 D2=00000001 D3=00000000 D4=00000000 D5=00000000 D6=00000000 D7=00000000 xnzvc
02:798A  4E BA  JSR     $F89C(PC)                A0=00FF9364 A1=000DF04C A2=00FFE39E A3=00FFE3A0 A4=00FFE3F8 A5=00000000 A6=00000000 A7=00FF7F84 D0=00000011 D1=00000018 D2=00000001 D3=00000000 D4=00000000 D5=00000000 D6=00000000 D7=00000000 xnzvc
02:798E  58 8F  ADDQ.L  #4,SP                    A0=00FFD8DC A1=00090BCE A2=00FFE39E A3=00FFE3A0 A4=00FFE3F8 A5=00000000 A6=00000000 A7=00FF7F84 D0=00000002 D1=00000002 D2=00000001 D3=00000000 D4=00000000 D5=00000000 D6=00000000 D7=00000000 xNzvc
02:7990  70 01  MOVEQ   #$01,D0                  A0=00FF9364 A1=000373E4 A2=00FFE39E A3=00FFE3A0 A4=00FFE3FC A5=00000000 A6=00000000 A7=00FF7F88 D0=00000019 D1=00000000 D2=00000000 D3=00000000 D4=00000000 D5=00000000 D6=00000000 D7=00000000 xnZvc
02:7992  4C DF  MOVEM.L (SP)+,{a7-d0}[0c 0c]     A0=00FF9364 A1=000373E4 A2=00FFE39E A3=00FFE3A0 A4=00FFE3FC A5=00000000 A6=00000000 A7=00FF7F88 D0=00000001 D1=00000006 D2=00000000 D3=00000000 D4=00000000 D5=00000000 D6=00000000 D7=00000000 xnzvc
02:7996  4E 75  RTS                              A0=00FF9364 A1=000373E4 A2=00FFE3F8 A3=00FF8000 A4=00FFE3FC A5=00000000 A6=00000000 A7=00FF7F98 D0=00000001 D1=00000006 D2=00000054 D3=00000000 D4=00000000 D5=00000000 D6=00000000 D7=00000000 xnzvc

02:7998  48 E7  MOVEM.L {d0-a7}[38 38],-(SP)     A0=0009287C A1=0000A71C A2=00026FDA A3=00FF8000 A4=00026FDA A5=00000000 A6=00000000 A7=00FF7FCC D0=00003049 D1=00003049 D2=00000001 D3=00000000 D4=00000000 D5=00000000 D6=00000000 D7=00000000 xnZvc
02:799C  24 7C  MOVE.L  #$00FF8000,A2            A0=0009287C A1=0000A71C A2=00026FDA A3=00FF8000 A4=00026FDA A5=00000000 A6=00000000 A7=00FF7FB4 D0=00003049 D1=00003049 D2=00000001 D3=00000000 D4=00000000 D5=00000000 D6=00000000 D7=00000000 xnZvc
02:79A2  28 7C  MOVE.L  #$00026FDA,A4            A0=0009287C A1=0000A71C A2=00FF8000 A3=00FF8000 A4=00026FDA A5=00000000 A6=00000000 A7=00FF7FB4 D0=00003049 D1=00003049 D2=00000001 D3=00000000 D4=00000000 D5=00000000 D6=00000000 D7=00000000 xnZvc
02:79A8  26 7C  MOVE.L  #$00FF800E,A3            A0=0009287C A1=0000A71C A2=00FF8000 A3=00FF8000 A4=00026FDA A5=00000000 A6=00000000 A7=00FF7FB4 D0=00003049 D1=00003049 D2=00000001 D3=00000000 D4=00000000 D5=00000000 D6=00000000 D7=00000000 xnZvc
02:79AE  48 78  PEA     ($0001)                  A0=0009287C A1=0000A71C A2=00FF8000 A3=00FF800E A4=00026FDA A5=00000000 A6=00000000 A7=00FF7FB4 D0=00003049 D1=00003049 D2=00000001 D3=00000000 D4=00000000 D5=00000000 D6=00000000 D7=00000000 xnZvc
02:79B2  4E B9  JSR     ($00000578)              A0=0009287C A1=0000A71C A2=00FF8000 A3=00FF800E A4=00026FDA A5=00000000 A6=00000000 A7=00FF7FB0 D0=00003049 D1=00003049 D2=00000001 D3=00000000 D4=00000000 D5=00000000 D6=00000000 D7=00000000 xnZvc
02:79B8  02 12  ANDI.B  #$3C,(A2)                A0=0009287C A1=0000A71C A2=00FF8000 A3=00FF800E A4=00026FDA A5=00000000 A6=00000000 A7=00FF7FB0 D0=00000000 D1=0000304A D2=00000001 D3=00000000 D4=00000000 D5=00000000 D6=00000000 D7=00000000 xnZvc
02:79BC  70 00  MOVEQ   #$00,D0                  A0=0009287C A1=0000A71C A2=00FF8000 A3=00FF800E A4=00026FDA A5=00000000 A6=00000000 A7=00FF7FB0 D0=00000000 D1=0000304A D2=00000001 D3=00000000 D4=00000000 D5=00000000 D6=00000000 D7=00000000 xnzvc
02:79BE  10 12  MOVE.B  (A2),D0                  A0=0009287C A1=0000A71C A2=00FF8000 A3=00FF800E A4=00026FDA A5=00000000 A6=00000000 A7=00FF7FB0 D0=00000000 D1=0000304A D2=00000001 D3=00000000 D4=00000000 D5=00000000 D6=00000000 D7=00000000 xnZvc
02:79C0  00 80  ORI.L   #$00008104,D0            A0=0009287C A1=0000A71C A2=00FF8000 A3=00FF800E A4=00026FDA A5=00000000 A6=00000000 A7=00FF7FB0 D0=00000020 D1=0000304A D2=00000001 D3=00000000 D4=00000000 D5=00000000 D6=00000000 D7=00000000 xnzvc
02:79C6  58 8F  ADDQ.L  #4,SP                    A0=0009287C A1=0000A71C A2=00FF8000 A3=00FF800E A4=00026FDA A5=00000000 A6=00000000 A7=00FF7FB0 D0=00008124 D1=0000304A D2=00000001 D3=00000000 D4=00000000 D5=00000000 D6=00000000 D7=00000000 xnzvc
02:79C8  33 C0  MOVE.W  D0,($00C00004)           A0=0009287C A1=0000A71C A2=00FF8000 A3=00FF800E A4=00026FDA A5=00000000 A6=00000000 A7=00FF7FB4 D0=00008124 D1=0000304A D2=00000001 D3=00000000 D4=00000000 D5=00000000 D6=00000000 D7=00000000 xnzvc
02:79CE  42 A7  CLR.L   -(SP)                    A0=0009287C A1=0000A71C A2=00FF8000 A3=00FF800E A4=00026FDA A5=00000000 A6=00000000 A7=00FF7FB4 D0=00008124 D1=0000304A D2=00000001 D3=00000000 D4=00000000 D5=00000000 D6=00000000 D7=00000000 xNzvc
02:79D0  48 79  PEA     ($000982A8)              A0=0009287C A1=0000A71C A2=00FF8000 A3=00FF800E A4=00026FDA A5=00000000 A6=00000000 A7=00FF7FB0 D0=00008124 D1=0000304A D2=00000001 D3=00000000 D4=00000000 D5=00000000 D6=00000000 D7=00000000 xnZvc
02:79D6  4E 94  JSR     (A4)                     A0=0009287C A1=0000A71C A2=00FF8000 A3=00FF800E A4=00026FDA A5=00000000 A6=00000000 A7=00FF7FAC D0=00008124 D1=0000304A D2=00000001 D3=00000000 D4=00000000 D5=00000000 D6=00000000 D7=00000000 xnZvc
02:79D8  48 78  PEA     ($0001)                  A0=000982C8 A1=0000A71C A2=00FF8000 A3=00FF800E A4=00026FDA A5=00000000 A6=00000000 A7=00FF7FAC D0=C000FFFF D1=0000304A D2=00000001 D3=00000000 D4=00000000 D5=00000000 D6=00000000 D7=00000000 xnzvc
02:79DC  48 79  PEA     ($000982E8)              A0=000982C8 A1=0000A71C A2=00FF8000 A3=00FF800E A4=00026FDA A5=00000000 A6=00000000 A7=00FF7FA8 D0=C000FFFF D1=0000304A D2=00000001 D3=00000000 D4=00000000 D5=00000000 D6=00000000 D7=00000000 xnzvc
02:79E2  4E 94  JSR     (A4)                     A0=000982C8 A1=0000A71C A2=00FF8000 A3=00FF800E A4=00026FDA A5=00000000 A6=00000000 A7=00FF7FA4 D0=C000FFFF D1=0000304A D2=00000001 D3=00000000 D4=00000000 D5=00000000 D6=00000000 D7=00000000 xnzvc
02:79E4  48 78  PEA     ($0002)                  A0=00098308 A1=0000A71C A2=00FF8000 A3=00FF800E A4=00026FDA A5=00000000 A6=00000000 A7=00FF7FA4 D0=C020FFFF D1=0000304A D2=00000001 D3=00000000 D4=00000000 D5=00000000 D6=00000000 D7=00000000 xnZvc
02:79E8  48 79  PEA     ($00098308)              A0=00098308 A1=0000A71C A2=00FF8000 A3=00FF800E A4=00026FDA A5=00000000 A6=00000000 A7=00FF7FA0 D0=C020FFFF D1=0000304A D2=00000001 D3=00000000 D4=00000000 D5=00000000 D6=00000000 D7=00000000 xnZvc
02:79EE  4E 94  JSR     (A4)                     A0=00098308 A1=0000A71C A2=00FF8000 A3=00FF800E A4=00026FDA A5=00000000 A6=00000000 A7=00FF7F9C D0=C020FFFF D1=0000304A D2=00000001 D3=00000000 D4=00000000 D5=00000000 D6=00000000 D7=00000000 xnZvc
02:79F0  48 78  PEA     ($0003)                  A0=00098328 A1=0000A71C A2=00FF8000 A3=00FF800E A4=00026FDA A5=00000000 A6=00000000 A7=00FF7F9C D0=C040FFFF D1=0000304A D2=00000001 D3=00000000 D4=00000000 D5=00000000 D6=00000000 D7=00000000 xnzvc
02:79F4  48 79  PEA     ($00098368)              A0=00098328 A1=0000A71C A2=00FF8000 A3=00FF800E A4=00026FDA A5=00000000 A6=00000000 A7=00FF7F98 D0=C040FFFF D1=0000304A D2=00000001 D3=00000000 D4=00000000 D5=00000000 D6=00000000 D7=00000000 xnzvc
02:79FA  4E 94  JSR     (A4)                     A0=00098328 A1=0000A71C A2=00FF8000 A3=00FF800E A4=00026FDA A5=00000000 A6=00000000 A7=00FF7F94 D0=C040FFFF D1=0000304A D2=00000001 D3=00000000 D4=00000000 D5=00000000 D6=00000000 D7=00000000 xnzvc
02:79FC  4F EF  LEA     $0020(SP),A7             A0=00098388 A1=0000A71C A2=00FF8000 A3=00FF800E A4=00026FDA A5=00000000 A6=00000000 A7=00FF7F94 D0=C060FFFF D1=0000304A D2=00000001 D3=00000000 D4=00000000 D5=00000000 D6=00000000 D7=00000000 xnzvc
02:7A00  33 FC  MOVE.W  #$8C81,($00C00004)       A0=00098388 A1=0000A71C A2=00FF8000 A3=00FF800E A4=00026FDA A5=00000000 A6=00000000 A7=00FF7FB4 D0=C060FFFF D1=0000304A D2=00000001 D3=00000000 D4=00000000 D5=00000000 D6=00000000 D7=00000000 xnzvc
02:7A08  42 79  CLR.W   ($00FF8196)              A0=00098388 A1=0000A71C A2=00FF8000 A3=00FF800E A4=00026FDA A5=00000000 A6=00000000 A7=00FF7FB4 D0=C060FFFF D1=0000304A D2=00000001 D3=00000000 D4=00000000 D5=00000000 D6=00000000 D7=00000000 xNzvc
02:7A0E  4E BA  JSR     $F926(PC)                A0=00098388 A1=0000A71C A2=00FF8000 A3=00FF800E A4=00026FDA A5=00000000 A6=00000000 A7=00FF7FB4 D0=C060FFFF D1=0000304A D2=00000001 D3=00000000 D4=00000000 D5=00000000 D6=00000000 D7=00000000 xnZvc
02:7A12  4E BA  JSR     $FA32(PC)                A0=00FFD8DC A1=0008E5BE A2=00FF8000 A3=00FF800E A4=00026FDA A5=00000000 A6=00000000 A7=00FF7FB4 D0=00000002 D1=00000002 D2=00000001 D3=00000000 D4=00000000 D5=00000000 D6=00000000 D7=00000000 xNzvc
02:7A16  13 FC  MOVE.B  #$02,($00FFE489)         A0=0002EC2C A1=0008E5BE A2=00FF8000 A3=00FF800E A4=00026FDA A5=00000000 A6=00000000 A7=00FF7FB4 D0=00008244 D1=00000000 D2=00000001 D3=00000000 D4=00000000 D5=00000000 D6=00000000 D7=00000000 xnZvc
02:7A1E  42 79  CLR.W   ($00FFE39E)              A0=0002EC2C A1=0008E5BE A2=00FF8000 A3=00FF800E A4=00026FDA A5=00000000 A6=00000000 A7=00FF7FB4 D0=00008244 D1=00000000 D2=00000001 D3=00000000 D4=00000000 D5=00000000 D6=00000000 D7=00000000 xnzvc
02:7A24  42 43  CLR.W   D3                       A0=0002EC2C A1=0008E5BE A2=00FF8000 A3=00FF800E A4=00026FDA A5=00000000 A6=00000000 A7=00FF7FB4 D0=00008244 D1=00000000 D2=00000001 D3=00000000 D4=00000000 D5=00000000 D6=00000000 D7=00000000 xnZvc
02:7A26  00 12  ORI.B   #$40,(A2)                A0=0002EC2C A1=0008E5BE A2=00FF8000 A3=00FF800E A4=00026FDA A5=00000000 A6=00000000 A7=00FF7FB4 D0=00008244 D1=00000000 D2=00000001 D3=00000000 D4=00000000 D5=00000000 D6=00000000 D7=00000000 xnZvc
02:7A2A  70 00  MOVEQ   #$00,D0                  A0=0002EC2C A1=0008E5BE A2=00FF8000 A3=00FF800E A4=00026FDA A5=00000000 A6=00000000 A7=00FF7FB4 D0=00008244 D1=00000000 D2=00000001 D3=00000000 D4=00000000 D5=00000000 D6=00000000 D7=00000000 xnzvc
02:7A2C  10 12  MOVE.B  (A2),D0                  A0=0002EC2C A1=0008E5BE A2=00FF8000 A3=00FF800E A4=00026FDA A5=00000000 A6=00000000 A7=00FF7FB4 D0=00000000 D1=00000000 D2=00000001 D3=00000000 D4=00000000 D5=00000000 D6=00000000 D7=00000000 xnZvc
02:7A2E  00 80  ORI.L   #$00008104,D0            A0=0002EC2C A1=0008E5BE A2=00FF8000 A3=00FF800E A4=00026FDA A5=00000000 A6=00000000 A7=00FF7FB4 D0=00000060 D1=00000000 D2=00000001 D3=00000000 D4=00000000 D5=00000000 D6=00000000 D7=00000000 xnzvc
02:7A34  33 C0  MOVE.W  D0,($00C00004)           A0=0002EC2C A1=0008E5BE A2=00FF8000 A3=00FF800E A4=00026FDA A5=00000000 A6=00000000 A7=00FF7FB4 D0=00008164 D1=00000000 D2=00000001 D3=00000000 D4=00000000 D5=00000000 D6=00000000 D7=00000000 xnzvc
02:7A3A  38 13  MOVE.W  (A3),D4                  A0=0002EC2C A1=0008E5BE A2=00FF8000 A3=00FF800E A4=00026FDA A5=00000000 A6=00000000 A7=00FF7FB4 D0=00008164 D1=00000000 D2=00000001 D3=00000000 D4=00000000 D5=00000000 D6=00000000 D7=00000000 xNzvc
02:7A3C  33 D3  MOVE.W  (A3),($00FFE39C)         A0=0002EC2C A1=0008E5BE A2=00FF8000 A3=00FF800E A4=00026FDA A5=00000000 A6=00000000 A7=00FF7FB4 D0=00008164 D1=00000000 D2=00000001 D3=00000000 D4=00003050 D5=00000000 D6=00000000 D7=00000000 xnzvc
02:7A42  60 62  BRA     #$62 [02:7AA6]           A0=0002EC2C A1=0008E5BE A2=00FF8000 A3=00FF800E A4=00026FDA A5=00000000 A6=00000000 A7=00FF7FB4 D0=00008164 D1=00000000 D2=00000001 D3=00000000 D4=00003050 D5=00000000 D6=00000000 D7=00000000 xnzvc
02:7A44  4E B9  JSR     ($00004E7E)              A0=00FF9364 A1=00FF8036 A2=00FF8000 A3=00FF800E A4=00026FDA A5=00000000 A6=00000000 A7=00FF7FB4 D0=0000007E D1=000001DC D2=00000000 D3=00000000 D4=000001DC D5=00000000 D6=00000000 D7=00000000 xNzvC
02:7A4A  30 00  MOVE.W  D0,D0                    A0=01C607B0 A1=3CDDA91A A2=00FF8000 A3=00FF800E A4=00026FDA A5=00000000 A6=00000000 A7=00FF7FB4 D0=0000A16A D1=28FCA16A D2=00000000 D3=00000000 D4=000001DC D5=00000000 D6=00000000 D7=00000000 xNzvc
02:7A4C  42 A7  CLR.L   -(SP)                    A0=01C607B0 A1=3CDDA91A A2=00FF8000 A3=00FF800E A4=00026FDA A5=00000000 A6=00000000 A7=00FF7FB4 D0=0000A16A D1=28FCA16A D2=00000000 D3=00000000 D4=000001DC D5=00000000 D6=00000000 D7=00000000 xNzvc
02:7A4E  48 78  PEA     ($0003)                  A0=01C607B0 A1=3CDDA91A A2=00FF8000 A3=00FF800E A4=00026FDA A5=00000000 A6=00000000 A7=00FF7FB0 D0=0000A16A D1=28FCA16A D2=00000000 D3=00000000 D4=000001DC D5=00000000 D6=00000000 D7=00000000 xnZvc
02:7A52  4E BA  JSR     $FE52(PC)                A0=01C607B0 A1=3CDDA91A A2=00FF8000 A3=00FF800E A4=00026FDA A5=00000000 A6=00000000 A7=00FF7FAC D0=0000A16A D1=28FCA16A D2=00000000 D3=00000000 D4=000001DC D5=00000000 D6=00000000 D7=00000000 xnZvc
02:7A56  50 8F  ADDQ.L  #8,SP                    A0=00FF9364 A1=00FF8036 A2=00FF8000 A3=00FF800E A4=00026FDA A5=00000000 A6=00000000 A7=00FF7FAC D0=00000001 D1=00000000 D2=00000000 D3=00000000 D4=000001DC D5=00000000 D6=00000000 D7=00000000 xnzvc
02:7A58  4A 80  TST.L   D0                       A0=00FF9364 A1=00FF8036 A2=00FF8000 A3=00FF800E A4=00026FDA A5=00000000 A6=00000000 A7=00FF7FB4 D0=00000001 D1=00000000 D2=00000000 D3=00000000 D4=000001DC D5=00000000 D6=00000000 D7=00000000 xnzvc
02:7A5A  66 0C  BNE     #$0C [02:7A68]           A0=00FF9364 A1=00FF8036 A2=00FF8000 A3=00FF800E A4=00026FDA A5=00000000 A6=00000000 A7=00FF7FB4 D0=00000001 D1=00000000 D2=00000000 D3=00000000 D4=000001DC D5=00000000 D6=00000000 D7=00000000 xnzvc
02:7A5C  0A 39  EORI.B  #$01,($00FFE3A8)         A0=00FF9364 A1=00FF8036 A2=00FF8000 A3=00FF800E A4=00026FDA A5=00000000 A6=00000000 A7=00FF7FB4 D0=00000000 D1=0000002C D2=00000000 D3=00000000 D4=00003050 D5=00000000 D6=00000000 D7=00000000 xnZvc
02:7A64  4E BA  JSR     $F9E0(PC)                A0=00FF9364 A1=00FF8036 A2=00FF8000 A3=00FF800E A4=00026FDA A5=00000000 A6=00000000 A7=00FF7FB4 D0=00000000 D1=0000002C D2=00000000 D3=00000000 D4=00003050 D5=00000000 D6=00000000 D7=00000000 xnzvc
02:7A68  4E B9  JSR     ($0002706C)              A0=00FF9364 A1=00FF8036 A2=00FF8000 A3=00FF800E A4=00026FDA A5=00000000 A6=00000000 A7=00FF7FB4 D0=00000001 D1=00000000 D2=00000000 D3=00000000 D4=000001DC D5=00000000 D6=00000000 D7=00000000 xnzvc
02:7A6E  24 00  MOVE.L  D0,D2                    A0=00FF9364 A1=00FF8036 A2=00FF8000 A3=00FF800E A4=00026FDA A5=00000000 A6=00000000 A7=00FF7FB4 D0=00000000 D1=0000FF3F D2=00000000 D3=00000000 D4=000001DC D5=00000000 D6=00000000 D7=00000000 xnZvc
02:7A70  4E B9  JSR     ($00027006)              A0=00FF9364 A1=00FF8036 A2=00FF8000 A3=00FF800E A4=00026FDA A5=00000000 A6=00000000 A7=00FF7FB4 D0=00000000 D1=0000FF3F D2=00000000 D3=00000000 D4=000001DC D5=00000000 D6=00000000 D7=00000000 xnZvc
02:7A76  84 80  OR.L    D0,D2                    A0=00FF9364 A1=00FF8036 A2=00FF8000 A3=00FF800E A4=00026FDA A5=00000000 A6=00000000 A7=00FF7FB4 D0=00000000 D1=0000FF3F D2=00000000 D3=00000000 D4=000001DC D5=00000000 D6=00000000 D7=00000000 xnZvc
02:7A78  08 02  BTST    #7,D2                    A0=00FF9364 A1=00FF8036 A2=00FF8000 A3=00FF800E A4=00026FDA A5=00000000 A6=00000000 A7=00FF7FB4 D0=00000000 D1=0000FF3F D2=00000000 D3=00000000 D4=000001DC D5=00000000 D6=00000000 D7=00000000 xnZvc
02:7A7C  67 28  BEQ     #$28 [02:7AA6]           A0=00FF9364 A1=00FF8036 A2=00FF8000 A3=00FF800E A4=00026FDA A5=00000000 A6=00000000 A7=00FF7FB4 D0=00000000 D1=0000FF3F D2=00000000 D3=00000000 D4=000001DC D5=00000000 D6=00000000 D7=00000000 xnZvc
02:7AA6  70 00  MOVEQ   #$00,D0                  A0=00FF9364 A1=00FF8036 A2=00FF8000 A3=00FF800E A4=00026FDA A5=00000000 A6=00000000 A7=00FF7FB4 D0=00000000 D1=0000FF3F D2=00000000 D3=00000000 D4=000001DC D5=00000000 D6=00000000 D7=00000000 xnZvc
02:7AA8  30 13  MOVE.W  (A3),D0                  A0=00FF9364 A1=00FF8036 A2=00FF8000 A3=00FF800E A4=00026FDA A5=00000000 A6=00000000 A7=00FF7FB4 D0=00000000 D1=0000FF3F D2=00000000 D3=00000000 D4=000001DC D5=00000000 D6=00000000 D7=00000000 xnZvc
02:7AAA  72 00  MOVEQ   #$00,D1                  A0=00FF9364 A1=00FF8036 A2=00FF8000 A3=00FF800E A4=00026FDA A5=00000000 A6=00000000 A7=00FF7FB4 D0=0000025A D1=0000FF3F D2=00000000 D3=00000000 D4=000001DC D5=00000000 D6=00000000 D7=00000000 xnzvc
02:7AAC  32 04  MOVE.W  D4,D1                    A0=00FF9364 A1=00FF8036 A2=00FF8000 A3=00FF800E A4=00026FDA A5=00000000 A6=00000000 A7=00FF7FB4 D0=0000025A D1=00000000 D2=00000000 D3=00000000 D4=000001DC D5=00000000 D6=00000000 D7=00000000 xnZvc
02:7AAE  90 81  SUB.L   D1,D0                    A0=00FF9364 A1=00FF8036 A2=00FF8000 A3=00FF800E A4=00026FDA A5=00000000 A6=00000000 A7=00FF7FB4 D0=0000025A D1=000001DC D2=00000000 D3=00000000 D4=000001DC D5=00000000 D6=00000000 D7=00000000 xnzvc
02:7AB0  0C 80  CMPI.L  #$000004B0,D0            A0=00FF9364 A1=00FF8036 A2=00FF8000 A3=00FF800E A4=00026FDA A5=00000000 A6=00000000 A7=00FF7FB4 D0=0000007E D1=000001DC D2=00000000 D3=00000000 D4=000001DC D5=00000000 D6=00000000 D7=00000000 xnzvc
02:7AB6  65 8C  BCS     #$8C [02:7A44]           A0=00FF9364 A1=00FF8036 A2=00FF8000 A3=00FF800E A4=00026FDA A5=00000000 A6=00000000 A7=00FF7FB4 D0=0000007E D1=000001DC D2=00000000 D3=00000000 D4=000001DC D5=00000000 D6=00000000 D7=00000000 xNzvC
02:7AB8  02 12  ANDI.B  #$3C,(A2)                A0=00FF9364 A1=00FF8036 A2=00FF8000 A3=00FF800E A4=00026FDA A5=00000000 A6=00000000 A7=00FF7FB4 D0=000004B0 D1=000001DC D2=00000000 D3=00000000 D4=000001DC D5=00000000 D6=00000000 D7=00000000 xnZvc
02:7ABC  70 00  MOVEQ   #$00,D0                  A0=00FF9364 A1=00FF8036 A2=00FF8000 A3=00FF800E A4=00026FDA A5=00000000 A6=00000000 A7=00FF7FB4 D0=000004B0 D1=000001DC D2=00000000 D3=00000000 D4=000001DC D5=00000000 D6=00000000 D7=00000000 xnzvc
02:7ABE  10 12  MOVE.B  (A2),D0                  A0=00FF9364 A1=00FF8036 A2=00FF8000 A3=00FF800E A4=00026FDA A5=00000000 A6=00000000 A7=00FF7FB4 D0=00000000 D1=000001DC D2=00000000 D3=00000000 D4=000001DC D5=00000000 D6=00000000 D7=00000000 xnZvc
02:7AC0  00 80  ORI.L   #$00008104,D0            A0=00FF9364 A1=00FF8036 A2=00FF8000 A3=00FF800E A4=00026FDA A5=00000000 A6=00000000 A7=00FF7FB4 D0=00000020 D1=000001DC D2=00000000 D3=00000000 D4=000001DC D5=00000000 D6=00000000 D7=00000000 xnzvc
02:7AC6  33 C0  MOVE.W  D0,($00C00004)           A0=00FF9364 A1=00FF8036 A2=00FF8000 A3=00FF800E A4=00026FDA A5=00000000 A6=00000000 A7=00FF7FB4 D0=00008124 D1=000001DC D2=00000000 D3=00000000 D4=000001DC D5=00000000 D6=00000000 D7=00000000 xnzvc
02:7ACC  70 00  MOVEQ   #$00,D0                  A0=00FF9364 A1=00FF8036 A2=00FF8000 A3=00FF800E A4=00026FDA A5=00000000 A6=00000000 A7=00FF7FB4 D0=00008124 D1=000001DC D2=00000000 D3=00000000 D4=000001DC D5=00000000 D6=00000000 D7=00000000 xNzvc
02:7ACE  30 03  MOVE.W  D3,D0                    A0=00FF9364 A1=00FF8036 A2=00FF8000 A3=00FF800E A4=00026FDA A5=00000000 A6=00000000 A7=00FF7FB4 D0=00000000 D1=000001DC D2=00000000 D3=00000000 D4=000001DC D5=00000000 D6=00000000 D7=00000000 xnZvc
02:7AD0  4C DF  MOVEM.L (SP)+,{a7-d0}[1c 1c]     A0=00FF9364 A1=00FF8036 A2=00FF8000 A3=00FF800E A4=00026FDA A5=00000000 A6=00000000 A7=00FF7FB4 D0=00000000 D1=000001DC D2=00000000 D3=00000000 D4=000001DC D5=00000000 D6=00000000 D7=00000000 xnZvc
02:7AD4  4E 75  RTS                              A0=00FF9364 A1=00FF8036 A2=00026FDA A3=00FF8000 A4=00026FDA A5=00000000 A6=00000000 A7=00FF7FCC D0=00000000 D1=000001DC D2=00000001 D3=00000000 D4=00000000 D5=00000000 D6=00000000 D7=00000000 xnZvc

02:7AD6  48 E7  MOVEM.L {d0-a7}[20 20],-(SP)     A0=00FFB65A A1=00FFA248 A2=00026F76 A3=00FF8000 A4=00026FDA A5=00000000 A6=00000000 A7=00FF7FD8 D0=00000028 D1=25370002 D2=00000000 D3=00000000 D4=00000000 D5=00000000 D6=00000000 D7=00000000 xnZvc
02:7ADA  24 7C  MOVE.L  #$00026FDA,A2            A0=00FFB65A A1=00FFA248 A2=00026F76 A3=00FF8000 A4=00026FDA A5=00000000 A6=00000000 A7=00FF7FD0 D0=00000028 D1=25370002 D2=00000000 D3=00000000 D4=00000000 D5=00000000 D6=00000000 D7=00000000 xnZvc
02:7AE0  74 01  MOVEQ   #$01,D2                  A0=00FFB65A A1=00FFA248 A2=00026FDA A3=00FF8000 A4=00026FDA A5=00000000 A6=00000000 A7=00FF7FD0 D0=00000028 D1=25370002 D2=00000000 D3=00000000 D4=00000000 D5=00000000 D6=00000000 D7=00000000 xnZvc
02:7AE2  13 FC  MOVE.B  #$01,($00FF801A)         A0=00FFB65A A1=00FFA248 A2=00026FDA A3=00FF8000 A4=00026FDA A5=00000000 A6=00000000 A7=00FF7FD0 D0=00000028 D1=25370002 D2=00000001 D3=00000000 D4=00000000 D5=00000000 D6=00000000 D7=00000000 xnzvc
02:7AEA  4E B9  JSR     ($0003A476)              A0=00FF9364 A1=00FF8036 A2=00026FDA A3=00FF8000 A4=00026FDA A5=00000000 A6=00000000 A7=00FF7FD0 D0=00000000 D1=00000017 D2=00000001 D3=00000000 D4=00000000 D5=00000000 D6=00000000 D7=00000000 xnZvc
02:7AF0  4E BA  JSR     $FEA6(PC)                A0=0009287C A1=0000A71C A2=00026FDA A3=00FF8000 A4=00026FDA A5=00000000 A6=00000000 A7=00FF7FD0 D0=00003049 D1=00003049 D2=00000001 D3=00000000 D4=00000000 D5=00000000 D6=00000000 D7=00000000 xnZvc
02:7AF4  30 00  MOVE.W  D0,D0                    A0=00FF9364 A1=00FF8036 A2=00026FDA A3=00FF8000 A4=00026FDA A5=00000000 A6=00000000 A7=00FF7FD0 D0=00000000 D1=000001DC D2=00000001 D3=00000000 D4=00000000 D5=00000000 D6=00000000 D7=00000000 xnZvc
02:7AF6  66 0C  BNE     #$0C [02:7B04]           A0=00FF9364 A1=00FF8036 A2=00026FDA A3=00FF8000 A4=00026FDA A5=00000000 A6=00000000 A7=00FF7FD0 D0=00000000 D1=000001DC D2=00000001 D3=00000000 D4=00000000 D5=00000000 D6=00000000 D7=00000000 xnZvc
02:7AF8  4E B9  JSR     ($00029A16)              A0=00FF9364 A1=00FF8036 A2=00026FDA A3=00FF8000 A4=00026FDA A5=00000000 A6=00000000 A7=00FF7FD0 D0=00000000 D1=000001DC D2=00000001 D3=00000000 D4=00000000 D5=00000000 D6=00000000 D7=00000000 xnZvc
02:7AFE  4A 80  TST.L   D0                       A0=00FF9364 A1=00FF8036 A2=00026FDA A3=00FF8000 A4=00026FDA A5=00000000 A6=00000000 A7=00FF7FD0 D0=00000000 D1=00000017 D2=00000001 D3=00000000 D4=00000000 D5=00000000 D6=00000000 D7=00000000 xnZvc
02:7B00  67 E8  BEQ     #$E8 [02:7AEA]           A0=00FF9364 A1=00FF8036 A2=00026FDA A3=00FF8000 A4=00026FDA A5=00000000 A6=00000000 A7=00FF7FD0 D0=00000000 D1=00000017 D2=00000001 D3=00000000 D4=00000000 D5=00000000 D6=00000000 D7=00000000 xnZvc
02:7B54  48 E7  MOVEM.L {d0-a7}[30 00],-(SP)     A0=000AFB40 A1=00FFBB5A A2=000AFB40 A3=00028210 A4=00027E16 A5=00000000 A6=00000000 A7=00FF7F40 D0=000AFB60 D1=00000001 D2=00020011 D3=0002A266 D4=00000398 D5=0000000D D6=00000007 D7=000AFB40 xnzvc
02:7B58  20 6F  MOVE.L  $000C(SP),A0             A0=000AFB40 A1=00FFBB5A A2=000AFB40 A3=00028210 A4=00027E16 A5=00000000 A6=00000000 A7=00FF7F38 D0=000AFB60 D1=00000001 D2=00020011 D3=0002A266 D4=00000398 D5=0000000D D6=00000007 D7=000AFB40 xnzvc
02:7B5C  32 2F  MOVE.W  $0012(SP),D1             A0=000AFB60 A1=00FFBB5A A2=000AFB40 A3=00028210 A4=00027E16 A5=00000000 A6=00000000 A7=00FF7F38 D0=000AFB60 D1=00000001 D2=00020011 D3=0002A266 D4=00000398 D5=0000000D D6=00000007 D7=000AFB40 xnzvc
02:7B60  70 00  MOVEQ   #$00,D0                  A0=000AFB60 A1=00FFBB5A A2=000AFB40 A3=00028210 A4=00027E16 A5=00000000 A6=00000000 A7=00FF7F38 D0=000AFB60 D1=00000001 D2=00020011 D3=0002A266 D4=00000398 D5=0000000D D6=00000007 D7=000AFB40 xnzvc
02:7B62  30 39  MOVE.W  ($00FFD8DA),D0           A0=000AFB60 A1=00FFBB5A A2=000AFB40 A3=00028210 A4=00027E16 A5=00000000 A6=00000000 A7=00FF7F38 D0=00000000 D1=00000001 D2=00020011 D3=0002A266 D4=00000398 D5=0000000D D6=00000007 D7=000AFB40 xnZvc
02:7B68  22 7C  MOVE.L  #$00FFB8DA,A1            A0=000AFB60 A1=00FFBB5A A2=000AFB40 A3=00028210 A4=00027E16 A5=00000000 A6=00000000 A7=00FF7F38 D0=00000280 D1=00000001 D2=00020011 D3=0002A266 D4=00000398 D5=0000000D D6=00000007 D7=000AFB40 xnzvc
02:7B6E  D3 C0  ADDA.L  D0,A1                    A0=000AFB60 A1=00FFB8DA A2=000AFB40 A3=00028210 A4=00027E16 A5=00000000 A6=00000000 A7=00FF7F38 D0=00000280 D1=00000001 D2=00020011 D3=0002A266 D4=00000398 D5=0000000D D6=00000007 D7=000AFB40 xnzvc
02:7B70  30 01  MOVE.W  D1,D0                    A0=000AFB60 A1=00FFBB5A A2=000AFB40 A3=00028210 A4=00027E16 A5=00000000 A6=00000000 A7=00FF7F38 D0=00000280 D1=00000001 D2=00020011 D3=0002A266 D4=00000398 D5=0000000D D6=00000007 D7=000AFB40 xnzvc
02:7B72  48 C0  EXT.L   D0                       A0=000AFB60 A1=00FFBB5A A2=000AFB40 A3=00028210 A4=00027E16 A5=00000000 A6=00000000 A7=00FF7F38 D0=00000001 D1=00000001 D2=00020011 D3=0002A266 D4=00000398 D5=0000000D D6=00000007 D7=000AFB40 xnzvc
02:7B74  EB 80  ASL.L   #5,D0                    A0=000AFB60 A1=00FFBB5A A2=000AFB40 A3=00028210 A4=00027E16 A5=00000000 A6=00000000 A7=00FF7F38 D0=00000001 D1=00000001 D2=00020011 D3=0002A266 D4=00000398 D5=0000000D D6=00000007 D7=000AFB40 xnzvc
02:7B76  30 00  MOVE.W  D0,D0                    A0=000AFB60 A1=00FFBB5A A2=000AFB40 A3=00028210 A4=00027E16 A5=00000000 A6=00000000 A7=00FF7F38 D0=00000020 D1=00000001 D2=00020011 D3=0002A266 D4=00000398 D5=0000000D D6=00000007 D7=000AFB40 xnzvc
02:7B78  60 00  BRA     #$0064 [02:7BDE]         A0=000AFB60 A1=00FFBB5A A2=000AFB40 A3=00028210 A4=00027E16 A5=00000000 A6=00000000 A7=00FF7F38 D0=00000020 D1=00000001 D2=00020011 D3=0002A266 D4=00000398 D5=0000000D D6=00000007 D7=000AFB40 xnzvc
02:7B7C  42 03  CLR.B   D3                       A0=000AFD3F A1=00FFBA59 A2=000AFB40 A3=00028210 A4=00027E16 A5=00000000 A6=00000000 A7=00FF7F2C D0=00000001 D1=00000001 D2=00020000 D3=00000000 D4=00000398 D5=00000001 D6=0000000A D7=000AFB40 xnzvc
02:7B7E  14 10  MOVE.B  (A0),D2                  A0=000AFD3F A1=00FFBA59 A2=000AFB40 A3=00028210 A4=00027E16 A5=00000000 A6=00000000 A7=00FF7F2C D0=00000001 D1=00000001 D2=00020000 D3=00000000 D4=00000398 D5=00000001 D6=0000000A D7=000AFB40 xnZvc
02:7B80  02 02  ANDI.B  #$0F,D2                  A0=000AFD3F A1=00FFBA59 A2=000AFB40 A3=00028210 A4=00027E16 A5=00000000 A6=00000000 A7=00FF7F2C D0=00000001 D1=00000001 D2=00020000 D3=00000000 D4=00000398 D5=00000001 D6=0000000A D7=000AFB40 xnZvc
02:7B84  0C 02  CMPI.B  #$0B,D2                  A0=000AFD3F A1=00FFBA59 A2=000AFB40 A3=00028210 A4=00027E16 A5=00000000 A6=00000000 A7=00FF7F2C D0=00000001 D1=00000001 D2=00020000 D3=00000000 D4=00000398 D5=00000001 D6=0000000A D7=000AFB40 xnZvc
02:7B88  66 04  BNE     #$04 [02:7B8E]           A0=000AFD3F A1=00FFBA59 A2=000AFB40 A3=00028210 A4=00027E16 A5=00000000 A6=00000000 A7=00FF7F2C D0=00000001 D1=00000001 D2=00020000 D3=00000000 D4=00000398 D5=00000001 D6=0000000A D7=000AFB40 xNzvC
02:7B8A  76 01  MOVEQ   #$01,D3                  A0=000AFCC8 A1=00FFBA02 A2=000AFB40 A3=00028210 A4=00027E16 A5=00000000 A6=00000000 A7=00FF7F38 D0=00000018 D1=00000001 D2=0002000B D3=00000000 D4=00000398 D5=00000003 D6=00000006 D7=000AFB40 xnZvc
02:7B8C  60 1A  BRA     #$1A [02:7BA8]           A0=000AFCC8 A1=00FFBA02 A2=000AFB40 A3=00028210 A4=00027E16 A5=00000000 A6=00000000 A7=00FF7F38 D0=00000018 D1=00000001 D2=0002000B D3=00000001 D4=00000398 D5=00000003 D6=00000006 D7=000AFB40 xnzvc
02:7B8E  0C 02  CMPI.B  #$0A,D2                  A0=000AFF46 A1=00FFBA60 A2=000AFB40 A3=00028210 A4=00027E16 A5=00000000 A6=00000000 A7=00FF7F2C D0=0000001A D1=00000001 D2=00020000 D3=0002A200 D4=00000398 D5=00000002 D6=0000000A D7=000AFB40 xNzvC
02:7B92  66 02  BNE     #$02 [02:7B96]           A0=000AFF46 A1=00FFBA60 A2=000AFB40 A3=00028210 A4=00027E16 A5=00000000 A6=00000000 A7=00FF7F2C D0=0000001A D1=00000001 D2=00020000 D3=0002A200 D4=00000398 D5=00000002 D6=0000000A D7=000AFB40 xNzvC
02:7B94  60 06  BRA     #$06 [02:7B9C]           A0=000AFCEE A1=00FFBB68 A2=000AFB40 A3=00028210 A4=00027E16 A5=00000000 A6=00000000 A7=00FF7F38 D0=00000012 D1=00000001 D2=0002000A D3=00000000 D4=00000398 D5=0000000A D6=0000000A D7=000AFB40 xnZvc
02:7B96  0C 02  CMPI.B  #$09,D2                  A0=000AFF4A A1=00FFBA64 A2=000AFB40 A3=00028210 A4=00027E16 A5=00000000 A6=00000000 A7=00FF7F2C D0=00000016 D1=00000001 D2=00020000 D3=0002A200 D4=00000398 D5=00000002 D6=0000000A D7=000AFB40 xNzvC
02:7B9A  66 04  BNE     #$04 [02:7BA0]           A0=000AFF4A A1=00FFBA64 A2=000AFB40 A3=00028210 A4=00027E16 A5=00000000 A6=00000000 A7=00FF7F2C D0=00000016 D1=00000001 D2=00020000 D3=0002A200 D4=00000398 D5=00000002 D6=0000000A D7=000AFB40 xNzvC
02:7B9C  76 02  MOVEQ   #$02,D3                  A0=000AFCEE A1=00FFBB68 A2=000AFB40 A3=00028210 A4=00027E16 A5=00000000 A6=00000000 A7=00FF7F38 D0=00000012 D1=00000001 D2=0002000A D3=00000000 D4=00000398 D5=0000000A D6=0000000A D7=000AFB40 xnZvc
02:7B9E  60 08  BRA     #$08 [02:7BA8]           A0=000AFCEE A1=00FFBB68 A2=000AFB40 A3=00028210 A4=00027E16 A5=00000000 A6=00000000 A7=00FF7F38 D0=00000012 D1=00000001 D2=0002000A D3=00000002 D4=00000398 D5=0000000A D6=0000000A D7=000AFB40 xnzvc
02:7BA0  0C 02  CMPI.B  #$08,D2                  A0=000AFF4A A1=00FFBA64 A2=000AFB40 A3=00028210 A4=00027E16 A5=00000000 A6=00000000 A7=00FF7F2C D0=00000016 D1=00000001 D2=00020000 D3=0002A200 D4=00000398 D5=00000002 D6=0000000A D7=000AFB40 xNzvC
02:7BA4  66 02  BNE     #$02 [02:7BA8]           A0=000AFF4A A1=00FFBA64 A2=000AFB40 A3=00028210 A4=00027E16 A5=00000000 A6=00000000 A7=00FF7F2C D0=00000016 D1=00000001 D2=00020000 D3=0002A200 D4=00000398 D5=00000002 D6=0000000A D7=000AFB40 xNzvC
02:7BA6  76 0F  MOVEQ   #$0F,D3                  A0=000AFC49 A1=00FFBAC3 A2=000AFB40 A3=00028210 A4=00027E16 A5=00000000 A6=00000000 A7=00FF7F2C D0=00000017 D1=00000001 D2=00020008 D3=00000000 D4=00000398 D5=00000005 D6=0000000A D7=000AFB40 xnZvc
02:7BA8  14 10  MOVE.B  (A0),D2                  A0=000AFD3F A1=00FFBA59 A2=000AFB40 A3=00028210 A4=00027E16 A5=00000000 A6=00000000 A7=00FF7F2C D0=00000001 D1=00000001 D2=00020000 D3=00000000 D4=00000398 D5=00000001 D6=0000000A D7=000AFB40 xNzvC
02:7BAA  02 02  ANDI.B  #$F0,D2                  A0=000AFD3F A1=00FFBA59 A2=000AFB40 A3=00028210 A4=00027E16 A5=00000000 A6=00000000 A7=00FF7F2C D0=00000001 D1=00000001 D2=00020000 D3=00000000 D4=00000398 D5=00000001 D6=0000000A D7=000AFB40 xnZvc
02:7BAE  0C 02  CMPI.B  #$B0,D2                  A0=000AFD3F A1=00FFBA59 A2=000AFB40 A3=00028210 A4=00027E16 A5=00000000 A6=00000000 A7=00FF7F2C D0=00000001 D1=00000001 D2=00020000 D3=00000000 D4=00000398 D5=00000001 D6=0000000A D7=000AFB40 xnZvc
02:7BB2  66 06  BNE     #$06 [02:7BBA]           A0=000AFD3F A1=00FFBA59 A2=000AFB40 A3=00028210 A4=00027E16 A5=00000000 A6=00000000 A7=00FF7F2C D0=00000001 D1=00000001 D2=00020000 D3=00000000 D4=00000398 D5=00000001 D6=0000000A D7=000AFB40 xnzvC
02:7BB4  00 03  ORI.B   #$10,D3                  A0=000AFBE6 A1=00FFB9A0 A2=000AFB40 A3=00028210 A4=00027E16 A5=00000000 A6=00000000 A7=00FF7F38 D0=0000001A D1=00000001 D2=000200B0 D3=00000001 D4=00000398 D5=00000000 D6=00000006 D7=000AFB40 xnZvc
02:7BB8  60 1E  BRA     #$1E [02:7BD8]           A0=000AFBE6 A1=00FFB9A0 A2=000AFB40 A3=00028210 A4=00027E16 A5=00000000 A6=00000000 A7=00FF7F38 D0=0000001A D1=00000001 D2=000200B0 D3=00000011 D4=00000398 D5=00000000 D6=00000006 D7=000AFB40 xnzvc
02:7BBA  0C 02  CMPI.B  #$A0,D2                  A0=000AFF49 A1=00FFBA63 A2=000AFB40 A3=00028210 A4=00027E16 A5=00000000 A6=00000000 A7=00FF7F2C D0=00000017 D1=00000001 D2=00020000 D3=0002A200 D4=00000398 D5=00000002 D6=0000000A D7=000AFB40 xnzvC
02:7BBE  66 06  BNE     #$06 [02:7BC6]           A0=000AFF49 A1=00FFBA63 A2=000AFB40 A3=00028210 A4=00027E16 A5=00000000 A6=00000000 A7=00FF7F2C D0=00000017 D1=00000001 D2=00020000 D3=0002A200 D4=00000398 D5=00000002 D6=0000000A D7=000AFB40 xnzvC
02:7BC0  00 03  ORI.B   #$20,D3                  A0=000AFD47 A1=00FFBB01 A2=000AFB40 A3=00028210 A4=00027E16 A5=00000000 A6=00000000 A7=00FF7F38 D0=00000019 D1=00000001 D2=000200A0 D3=0000000F D4=00000398 D5=00000007 D6=0000000A D7=000AFB40 xnZvc
02:7BC4  60 12  BRA     #$12 [02:7BD8]           A0=000AFD47 A1=00FFBB01 A2=000AFB40 A3=00028210 A4=00027E16 A5=00000000 A6=00000000 A7=00FF7F38 D0=00000019 D1=00000001 D2=000200A0 D3=0000002F D4=00000398 D5=00000007 D6=0000000A D7=000AFB40 xnzvc
02:7BC6  0C 02  CMPI.B  #$90,D2                  A0=000AFF4D A1=00FFBA67 A2=000AFB40 A3=00028210 A4=00027E16 A5=00000000 A6=00000000 A7=00FF7F2C D0=00000013 D1=00000001 D2=00020080 D3=0000000F D4=00000398 D5=00000002 D6=0000000A D7=000AFB40 xNzvC
02:7BCA  66 02  BNE     #$02 [02:7BCE]           A0=000AFF4D A1=00FFBA67 A2=000AFB40 A3=00028210 A4=00027E16 A5=00000000 A6=00000000 A7=00FF7F2C D0=00000013 D1=00000001 D2=00020080 D3=0000000F D4=00000398 D5=00000002 D6=0000000A D7=000AFB40 xNzvC
02:7BCC  60 F2  BRA     #$F2 [02:7BC0]           A0=000AFB86 A1=00FFB9C0 A2=000AFB40 A3=00027E16 A4=00FFE3F8 A5=00000000 A6=00000000 A7=00FF7F38 D0=0000001A D1=00000001 D2=00020090 D3=0000000F D4=00000488 D5=00000005 D6=00000002 D7=000AFB40 xnZvc
02:7BCE  0C 02  CMPI.B  #$80,D2                  A0=000AFF4D A1=00FFBA67 A2=000AFB40 A3=00028210 A4=00027E16 A5=00000000 A6=00000000 A7=00FF7F2C D0=00000013 D1=00000001 D2=00020080 D3=0000000F D4=00000398 D5=00000002 D6=0000000A D7=000AFB40 xNzvC
02:7BD2  66 04  BNE     #$04 [02:7BD8]           A0=000AFF4D A1=00FFBA67 A2=000AFB40 A3=00028210 A4=00027E16 A5=00000000 A6=00000000 A7=00FF7F2C D0=00000013 D1=00000001 D2=00020080 D3=0000000F D4=00000398 D5=00000002 D6=0000000A D7=000AFB40 xnZvc
02:7BD4  00 03  ORI.B   #$F0,D3                  A0=000AFC59 A1=00FFBAD3 A2=000AFB40 A3=00028210 A4=00027E16 A5=00000000 A6=00000000 A7=00FF7F2C D0=00000007 D1=00000001 D2=00020080 D3=00000000 D4=00000398 D5=00000005 D6=0000000A D7=000AFB40 xnZvc
02:7BD8  12 C3  MOVE.B  D3,(A1)+                 A0=000AFD3F A1=00FFBA59 A2=000AFB40 A3=00028210 A4=00027E16 A5=00000000 A6=00000000 A7=00FF7F2C D0=00000001 D1=00000001 D2=00020000 D3=00000000 D4=00000398 D5=00000001 D6=0000000A D7=000AFB40 xNzVC
02:7BDA  52 88  ADDQ.L  #1,A0                    A0=000AFD3F A1=00FFBA5A A2=000AFB40 A3=00028210 A4=00027E16 A5=00000000 A6=00000000 A7=00FF7F2C D0=00000001 D1=00000001 D2=00020000 D3=00000000 D4=00000398 D5=00000001 D6=0000000A D7=000AFB40 xnZvc
02:7BDC  53 40  SUBQ.W  #1,D0                    A0=000AFD40 A1=00FFBA5A A2=000AFB40 A3=00028210 A4=00027E16 A5=00000000 A6=00000000 A7=00FF7F2C D0=00000001 D1=00000001 D2=00020000 D3=00000000 D4=00000398 D5=00000001 D6=0000000A D7=000AFB40 xnZvc
02:7BDE  4A 40  TST.W   D0                       A0=000AFD3E A1=00FFBA58 A2=000AFB40 A3=00028210 A4=00027E16 A5=00000000 A6=00000000 A7=00FF7F2C D0=00000002 D1=00000001 D2=00020000 D3=00000000 D4=00000398 D5=00000001 D6=0000000A D7=000AFB40 xnzvc
02:7BE0  6E 9A  BGT     #$9A [02:7B7C]           A0=000AFD3E A1=00FFBA58 A2=000AFB40 A3=00028210 A4=00027E16 A5=00000000 A6=00000000 A7=00FF7F2C D0=00000002 D1=00000001 D2=00020000 D3=00000000 D4=00000398 D5=00000001 D6=0000000A D7=000AFB40 xnzvc
02:7BE2  30 01  MOVE.W  D1,D0                    A0=000AFB80 A1=00FFBB7A A2=000AFB40 A3=00028210 A4=00027E16 A5=00000000 A6=00000000 A7=00FF7F38 D0=00000000 D1=00000001 D2=00020000 D3=00000000 D4=00000398 D5=0000000D D6=00000007 D7=000AFB40 xnZvc
02:7BE4  48 C0  EXT.L   D0                       A0=000AFB80 A1=00FFBB7A A2=000AFB40 A3=00028210 A4=00027E16 A5=00000000 A6=00000000 A7=00FF7F38 D0=00000001 D1=00000001 D2=00020000 D3=00000000 D4=00000398 D5=0000000D D6=00000007 D7=000AFB40 xnzvc
02:7BE6  EB 80  ASL.L   #5,D0                    A0=000AFB80 A1=00FFBB7A A2=000AFB40 A3=00028210 A4=00027E16 A5=00000000 A6=00000000 A7=00FF7F38 D0=00000001 D1=00000001 D2=00020000 D3=00000000 D4=00000398 D5=0000000D D6=00000007 D7=000AFB40 xnzvc
02:7BE8  30 00  MOVE.W  D0,D0                    A0=000AFB80 A1=00FFBB7A A2=000AFB40 A3=00028210 A4=00027E16 A5=00000000 A6=00000000 A7=00FF7F38 D0=00000020 D1=00000001 D2=00020000 D3=00000000 D4=00000398 D5=0000000D D6=00000007 D7=000AFB40 xnzvc
02:7BEA  D1 79  ADD.W   D0,($00FFD8DA)           A0=000AFB80 A1=00FFBB7A A2=000AFB40 A3=00028210 A4=00027E16 A5=00000000 A6=00000000 A7=00FF7F38 D0=00000020 D1=00000001 D2=00020000 D3=00000000 D4=00000398 D5=0000000D D6=00000007 D7=000AFB40 xnzvc
02:7BF0  4C DF  MOVEM.L (SP)+,{a7-d0}[00 0c]     A0=000AFB80 A1=00FFBB7A A2=000AFB40 A3=00028210 A4=00027E16 A5=00000000 A6=00000000 A7=00FF7F38 D0=00000020 D1=00000001 D2=00020000 D3=00000000 D4=00000398 D5=0000000D D6=00000007 D7=000AFB40 xnzvc
02:7BF4  4E 75  RTS                              A0=000AFB80 A1=00FFBB7A A2=000AFB40 A3=00028210 A4=00027E16 A5=00000000 A6=00000000 A7=00FF7F40 D0=00000020 D1=00000001 D2=00020011 D3=0002A266 D4=00000398 D5=0000000D D6=00000007 D7=000AFB40 xnzvc

02:7BF6  48 E7  MOVEM.L {d0-a7}[3f 20],-(SP)     A0=00FFAA91 A1=00FFD940 A2=00FFAA5A A3=00027E16 A4=00FFE3F8 A5=00000000 A6=00000000 A7=00FF7F68 D0=00000488 D1=00000019 D2=0002A56A D3=000000A0 D4=0000001E D5=0000000E D6=00000000 D7=00000000 xnzvc
02:7BFA  26 2F  MOVE.L  $0020(SP),D3             A0=00FFAA91 A1=00FFD940 A2=00FFAA5A A3=00027E16 A4=00FFE3F8 A5=00000000 A6=00000000 A7=00FF7F4C D0=00000488 D1=00000019 D2=0002A56A D3=000000A0 D4=0000001E D5=0000000E D6=00000000 D7=00000000 xnzvc
02:7BFE  34 2F  MOVE.W  $0026(SP),D2             A0=00FFAA91 A1=00FFD940 A2=00FFAA5A A3=00027E16 A4=00FFE3F8 A5=00000000 A6=00000000 A7=00FF7F4C D0=00000488 D1=00000019 D2=0002A56A D3=0002A56A D4=0000001E D5=0000000E D6=00000000 D7=00000000 xnzvc
02:7C02  38 2F  MOVE.W  $002A(SP),D4             A0=00FFAA91 A1=00FFD940 A2=00FFAA5A A3=00027E16 A4=00FFE3F8 A5=00000000 A6=00000000 A7=00FF7F4C D0=00000488 D1=00000019 D2=0002000E D3=0002A56A D4=0000001E D5=0000000E D6=00000000 D7=00000000 xnzvc
02:7C06  24 7C  MOVE.L  #$000AFB40,A2            A0=00FFAA91 A1=00FFD940 A2=00FFAA5A A3=00027E16 A4=00FFE3F8 A5=00000000 A6=00000000 A7=00FF7F4C D0=00000488 D1=00000019 D2=0002000E D3=0002A56A D4=00000488 D5=0000000E D6=00000000 D7=00000000 xnzvc
02:7C0C  72 20  MOVEQ   #$20,D1                  A0=00FFAA91 A1=00FFD940 A2=000AFB40 A3=00027E16 A4=00FFE3F8 A5=00000000 A6=00000000 A7=00FF7F4C D0=00000488 D1=00000019 D2=0002000E D3=0002A56A D4=00000488 D5=0000000E D6=00000000 D7=00000000 xnzvc
02:7C0E  30 02  MOVE.W  D2,D0                    A0=00FFAA91 A1=00FFD940 A2=000AFB40 A3=00027E16 A4=00FFE3F8 A5=00000000 A6=00000000 A7=00FF7F4C D0=00000488 D1=00000020 D2=0002000E D3=0002A56A D4=00000488 D5=0000000E D6=00000000 D7=00000000 xnzvc
02:7C10  48 C0  EXT.L   D0                       A0=00FFAA91 A1=00FFD940 A2=000AFB40 A3=00027E16 A4=00FFE3F8 A5=00000000 A6=00000000 A7=00FF7F4C D0=0000000E D1=00000020 D2=0002000E D3=0002A56A D4=00000488 D5=0000000E D6=00000000 D7=00000000 xnzvc
02:7C12  92 80  SUB.L   D0,D1                    A0=00FFAA91 A1=00FFD940 A2=000AFB40 A3=00027E16 A4=00FFE3F8 A5=00000000 A6=00000000 A7=00FF7F4C D0=0000000E D1=00000020 D2=0002000E D3=0002A56A D4=00000488 D5=0000000E D6=00000000 D7=00000000 xnzvc
02:7C14  20 01  MOVE.L  D1,D0                    A0=00FFAA91 A1=00FFD940 A2=000AFB40 A3=00027E16 A4=00FFE3F8 A5=00000000 A6=00000000 A7=00FF7F4C D0=0000000E D1=00000012 D2=0002000E D3=0002A56A D4=00000488 D5=0000000E D6=00000000 D7=00000000 xnzvc
02:7C16  6C 08  BGE     #$08 [02:7C20]           A0=00FFAA91 A1=00FFD940 A2=000AFB40 A3=00027E16 A4=00FFE3F8 A5=00000000 A6=00000000 A7=00FF7F4C D0=00000012 D1=00000012 D2=0002000E D3=0002A56A D4=00000488 D5=0000000E D6=00000000 D7=00000000 xnzvc
02:7C20  E2 88  LSR.L   #1,D0                    A0=00FFAA91 A1=00FFD940 A2=000AFB40 A3=00027E16 A4=00FFE3F8 A5=00000000 A6=00000000 A7=00FF7F4C D0=00000012 D1=00000012 D2=0002000E D3=0002A56A D4=00000488 D5=0000000E D6=00000000 D7=00000000 xnzvc
02:7C22  3C 00  MOVE.W  D0,D6                    A0=00FFAA91 A1=00FFD940 A2=000AFB40 A3=00027E16 A4=00FFE3F8 A5=00000000 A6=00000000 A7=00FF7F4C D0=00000009 D1=00000012 D2=0002000E D3=0002A56A D4=00000488 D5=0000000E D6=00000000 D7=00000000 xnzvc
02:7C24  42 45  CLR.W   D5                       A0=00FFAA91 A1=00FFD940 A2=000AFB40 A3=00027E16 A4=00FFE3F8 A5=00000000 A6=00000000 A7=00FF7F4C D0=00000009 D1=00000012 D2=0002000E D3=0002A56A D4=00000488 D5=0000000E D6=00000009 D7=00000000 xnzvc
02:7C26  60 10  BRA     #$10 [02:7C38]           A0=00FFAA91 A1=00FFD940 A2=000AFB40 A3=00027E16 A4=00FFE3F8 A5=00000000 A6=00000000 A7=00FF7F4C D0=00000009 D1=00000012 D2=0002000E D3=0002A56A D4=00000488 D5=00000000 D6=00000009 D7=00000000 xnZvc
02:7C28  48 78  PEA     ($0001)                  A0=000AFB60 A1=00FFB91A A2=000AFB40 A3=00028210 A4=00027E16 A5=00000000 A6=00000000 A7=00FF7F4C D0=00000020 D1=00000001 D2=0002000A D3=0002A2BC D4=00000398 D5=00000002 D6=0000000B D7=00000000 xNzvC
02:7C2C  48 52  PEA     (A2)                     A0=000AFB60 A1=00FFB91A A2=000AFB40 A3=00028210 A4=00027E16 A5=00000000 A6=00000000 A7=00FF7F48 D0=00000020 D1=00000001 D2=0002000A D3=0002A2BC D4=00000398 D5=00000002 D6=0000000B D7=00000000 xNzvC
02:7C2E  4E B9  JSR     ($0000CAFC)              A0=000AFB60 A1=00FFB91A A2=000AFB40 A3=00028210 A4=00027E16 A5=00000000 A6=00000000 A7=00FF7F44 D0=00000020 D1=00000001 D2=0002000A D3=0002A2BC D4=00000398 D5=00000002 D6=0000000B D7=00000000 xNzvC
02:7C34  52 45  ADDQ.W  #1,D5                    A0=000AFB60 A1=00FFB93A A2=000AFB40 A3=00028210 A4=00027E16 A5=00000000 A6=00000000 A7=00FF7F44 D0=00000020 D1=00000001 D2=0002000A D3=0002A2BC D4=00000398 D5=00000002 D6=0000000B D7=00000000 xnzvc
02:7C36  50 8F  ADDQ.L  #8,SP                    A0=000AFB60 A1=00FFB93A A2=000AFB40 A3=00028210 A4=00027E16 A5=00000000 A6=00000000 A7=00FF7F44 D0=00000020 D1=00000001 D2=0002000A D3=0002A2BC D4=00000398 D5=00000003 D6=0000000B D7=00000000 xnzvc
02:7C38  BA 46  CMP.W   D6,D5                    A0=00FFAA11 A1=00FFD940 A2=000AFB40 A3=00028210 A4=00027E16 A5=00000000 A6=00000000 A7=00FF7F40 D0=00000005 D1=0000000B D2=00020015 D3=0002A2A6 D4=000003B8 D5=00000000 D6=00000005 D7=00000000 XnZvc
02:7C3A  6D EC  BLT     #$EC [02:7C28]           A0=00FFAA11 A1=00FFD940 A2=000AFB40 A3=00028210 A4=00027E16 A5=00000000 A6=00000000 A7=00FF7F40 D0=00000005 D1=0000000B D2=00020015 D3=0002A2A6 D4=000003B8 D5=00000000 D6=00000005 D7=00000000 XNzvC
02:7C3C  42 45  CLR.W   D5                       A0=000AFB60 A1=00FFB9FA A2=000AFB40 A3=00027E16 A4=00FFE3F8 A5=00000000 A6=00000000 A7=00FF7F4C D0=00000020 D1=00000001 D2=0002000E D3=0002A56A D4=00000488 D5=00000009 D6=00000009 D7=00000000 xnZvc
02:7C3E  60 40  BRA     #$40 [02:7C80]           A0=000AFB60 A1=00FFB9FA A2=000AFB40 A3=00027E16 A4=00FFE3F8 A5=00000000 A6=00000000 A7=00FF7F4C D0=00000020 D1=00000001 D2=0002000E D3=0002A56A D4=00000488 D5=00000000 D6=00000009 D7=00000000 xnZvc
02:7C40  30 45  MOVE.W  D5,A0                    A0=000AFD60 A1=00FFBB5A A2=000AFB40 A3=00028210 A4=00027E16 A5=00000000 A6=00000000 A7=00FF7F4C D0=00000020 D1=00000001 D2=00020011 D3=0002A266 D4=00000398 D5=0000000D D6=00000007 D7=000AFB40 xNzvC
02:7C42  2E 08  MOVE.L  A0,D7                    A0=0000000D A1=00FFBB5A A2=000AFB40 A3=00028210 A4=00027E16 A5=00000000 A6=00000000 A7=00FF7F4C D0=00000020 D1=00000001 D2=00020011 D3=0002A266 D4=00000398 D5=0000000D D6=00000007 D7=000AFB40 xNzvC
02:7C44  48 C7  EXT.L   D7                       A0=0000000D A1=00FFBB5A A2=000AFB40 A3=00028210 A4=00027E16 A5=00000000 A6=00000000 A7=00FF7F4C D0=00000020 D1=00000001 D2=00020011 D3=0002A266 D4=00000398 D5=0000000D D6=00000007 D7=0000000D xnzvc
02:7C46  20 47  MOVE.L  D7,A0                    A0=0000000D A1=00FFBB5A A2=000AFB40 A3=00028210 A4=00027E16 A5=00000000 A6=00000000 A7=00FF7F4C D0=00000020 D1=00000001 D2=00020011 D3=0002A266 D4=00000398 D5=0000000D D6=00000007 D7=0000000D xnzvc
02:7C48  D1 C3  ADDA.L  D3,A0                    A0=0000000D A1=00FFBB5A A2=000AFB40 A3=00028210 A4=00027E16 A5=00000000 A6=00000000 A7=00FF7F4C D0=00000020 D1=00000001 D2=00020011 D3=0002A266 D4=00000398 D5=0000000D D6=00000007 D7=0000000D xnzvc
02:7C4A  10 10  MOVE.B  (A0),D0                  A0=0002A273 A1=00FFBB5A A2=000AFB40 A3=00028210 A4=00027E16 A5=00000000 A6=00000000 A7=00FF7F4C D0=00000020 D1=00000001 D2=00020011 D3=0002A266 D4=00000398 D5=0000000D D6=00000007 D7=0000000D xnzvc
02:7C4C  48 80  EXT.W   D0                       A0=0002A273 A1=00FFBB5A A2=000AFB40 A3=00028210 A4=00027E16 A5=00000000 A6=00000000 A7=00FF7F4C D0=00000061 D1=00000001 D2=00020011 D3=0002A266 D4=00000398 D5=0000000D D6=00000007 D7=0000000D xnzvc
02:7C4E  48 C0  EXT.L   D0                       A0=0002A273 A1=00FFBB5A A2=000AFB40 A3=00028210 A4=00027E16 A5=00000000 A6=00000000 A7=00FF7F4C D0=00000061 D1=00000001 D2=00020011 D3=0002A266 D4=00000398 D5=0000000D D6=00000007 D7=0000000D xnzvc
02:7C50  2F 00  MOVE.L  D0,-(SP)                 A0=0002A273 A1=00FFBB5A A2=000AFB40 A3=00028210 A4=00027E16 A5=00000000 A6=00000000 A7=00FF7F4C D0=00000061 D1=00000001 D2=00020011 D3=0002A266 D4=00000398 D5=0000000D D6=00000007 D7=0000000D xnzvc
02:7C52  4E B9  JSR     ($00009E0E)              A0=0002A273 A1=00FFBB5A A2=000AFB40 A3=00028210 A4=00027E16 A5=00000000 A6=00000000 A7=00FF7F48 D0=00000061 D1=00000001 D2=00020011 D3=0002A266 D4=00000398 D5=0000000D D6=00000007 D7=0000000D xnzvc
02:7C58  58 8F  ADDQ.L  #4,SP                    A0=00FF91E0 A1=00FFBB5A A2=000AFB40 A3=00028210 A4=00027E16 A5=00000000 A6=00000000 A7=00FF7F48 D0=00000001 D1=00000001 D2=00020011 D3=0002A266 D4=00000398 D5=0000000D D6=00000007 D7=0000000D Xnzvc
02:7C5A  10 00  MOVE.B  D0,D0                    A0=00FF91E0 A1=00FFBB5A A2=000AFB40 A3=00028210 A4=00027E16 A5=00000000 A6=00000000 A7=00FF7F4C D0=00000001 D1=00000001 D2=00020011 D3=0002A266 D4=00000398 D5=0000000D D6=00000007 D7=0000000D Xnzvc
02:7C5C  0C 00  CMPI.B  #$1B,D0                  A0=00FF91E0 A1=00FFBB5A A2=000AFB40 A3=00028210 A4=00027E16 A5=00000000 A6=00000000 A7=00FF7F4C D0=00000001 D1=00000001 D2=00020011 D3=0002A266 D4=00000398 D5=0000000D D6=00000007 D7=0000000D Xnzvc
02:7C60  66 02  BNE     #$02 [02:7C64]           A0=00FF91E0 A1=00FFBB5A A2=000AFB40 A3=00028210 A4=00027E16 A5=00000000 A6=00000000 A7=00FF7F4C D0=00000001 D1=00000001 D2=00020011 D3=0002A266 D4=00000398 D5=0000000D D6=00000007 D7=0000000D XNzvC
02:7C64  48 78  PEA     ($0001)                  A0=00FF91E0 A1=00FFBB5A A2=000AFB40 A3=00028210 A4=00027E16 A5=00000000 A6=00000000 A7=00FF7F4C D0=00000001 D1=00000001 D2=00020011 D3=0002A266 D4=00000398 D5=0000000D D6=00000007 D7=0000000D XNzvC
02:7C68  10 00  MOVE.B  D0,D0                    A0=00FF91E0 A1=00FFBB5A A2=000AFB40 A3=00028210 A4=00027E16 A5=00000000 A6=00000000 A7=00FF7F48 D0=00000001 D1=00000001 D2=00020011 D3=0002A266 D4=00000398 D5=0000000D D6=00000007 D7=0000000D XNzvC
02:7C6A  48 80  EXT.W   D0                       A0=00FF91E0 A1=00FFBB5A A2=000AFB40 A3=00028210 A4=00027E16 A5=00000000 A6=00000000 A7=00FF7F48 D0=00000001 D1=00000001 D2=00020011 D3=0002A266 D4=00000398 D5=0000000D D6=00000007 D7=0000000D Xnzvc
02:7C6C  48 C0  EXT.L   D0                       A0=00FF91E0 A1=00FFBB5A A2=000AFB40 A3=00028210 A4=00027E16 A5=00000000 A6=00000000 A7=00FF7F48 D0=00000001 D1=00000001 D2=00020011 D3=0002A266 D4=00000398 D5=0000000D D6=00000007 D7=0000000D Xnzvc
02:7C6E  EB 80  ASL.L   #5,D0                    A0=00FF91E0 A1=00FFBB5A A2=000AFB40 A3=00028210 A4=00027E16 A5=00000000 A6=00000000 A7=00FF7F48 D0=00000001 D1=00000001 D2=00020011 D3=0002A266 D4=00000398 D5=0000000D D6=00000007 D7=0000000D Xnzvc
02:7C70  20 4A  MOVE.L  A2,A0                    A0=00FF91E0 A1=00FFBB5A A2=000AFB40 A3=00028210 A4=00027E16 A5=00000000 A6=00000000 A7=00FF7F48 D0=00000020 D1=00000001 D2=00020011 D3=0002A266 D4=00000398 D5=0000000D D6=00000007 D7=0000000D xnzvc
02:7C72  2E 08  MOVE.L  A0,D7                    A0=000AFB40 A1=00FFBB5A A2=000AFB40 A3=00028210 A4=00027E16 A5=00000000 A6=00000000 A7=00FF7F48 D0=00000020 D1=00000001 D2=00020011 D3=0002A266 D4=00000398 D5=0000000D D6=00000007 D7=0000000D xnzvc
02:7C74  D0 87  ADD.L   D7,D0                    A0=000AFB40 A1=00FFBB5A A2=000AFB40 A3=00028210 A4=00027E16 A5=00000000 A6=00000000 A7=00FF7F48 D0=00000020 D1=00000001 D2=00020011 D3=0002A266 D4=00000398 D5=0000000D D6=00000007 D7=000AFB40 xnzvc
02:7C76  2F 00  MOVE.L  D0,-(SP)                 A0=000AFB40 A1=00FFBB5A A2=000AFB40 A3=00028210 A4=00027E16 A5=00000000 A6=00000000 A7=00FF7F48 D0=000AFB60 D1=00000001 D2=00020011 D3=0002A266 D4=00000398 D5=0000000D D6=00000007 D7=000AFB40 xnzvc
02:7C78  4E BA  JSR     $FEDA(PC)                A0=000AFB40 A1=00FFBB5A A2=000AFB40 A3=00028210 A4=00027E16 A5=00000000 A6=00000000 A7=00FF7F44 D0=000AFB60 D1=00000001 D2=00020011 D3=0002A266 D4=00000398 D5=0000000D D6=00000007 D7=000AFB40 xnzvc
02:7C7C  52 45  ADDQ.W  #1,D5                    A0=000AFB80 A1=00FFBB7A A2=000AFB40 A3=00028210 A4=00027E16 A5=00000000 A6=00000000 A7=00FF7F44 D0=00000020 D1=00000001 D2=00020011 D3=0002A266 D4=00000398 D5=0000000D D6=00000007 D7=000AFB40 xnzvc
02:7C7E  50 8F  ADDQ.L  #8,SP                    A0=000AFB80 A1=00FFBB7A A2=000AFB40 A3=00028210 A4=00027E16 A5=00000000 A6=00000000 A7=00FF7F44 D0=00000020 D1=00000001 D2=00020011 D3=0002A266 D4=00000398 D5=0000000E D6=00000007 D7=000AFB40 xnzvc
02:7C80  BA 42  CMP.W   D2,D5                    A0=000AFDA0 A1=00FFBAFA A2=000AFB40 A3=00028210 A4=00027E16 A5=00000000 A6=00000000 A7=00FF7F4C D0=00000020 D1=00000001 D2=00020011 D3=0002A266 D4=00000398 D5=0000000A D6=00000007 D7=000AFB40 xnzvc
02:7C82  6D BC  BLT     #$BC [02:7C40]           A0=000AFDA0 A1=00FFBAFA A2=000AFB40 A3=00028210 A4=00027E16 A5=00000000 A6=00000000 A7=00FF7F4C D0=00000020 D1=00000001 D2=00020011 D3=0002A266 D4=00000398 D5=0000000A D6=00000007 D7=000AFB40 xNzvC
02:7C84  08 02  BTST    #0,D2                    A0=000AFFC0 A1=00FFBBBA A2=000AFB40 A3=00027E16 A4=00FFE3F8 A5=00000000 A6=00000000 A7=00FF7F4C D0=00000020 D1=00000001 D2=0002000E D3=0002A56A D4=00000488 D5=0000000E D6=00000009 D7=000AFB40 xnZvc
02:7C88  67 02  BEQ     #$02 [02:7C8C]           A0=000AFFC0 A1=00FFBBBA A2=000AFB40 A3=00027E16 A4=00FFE3F8 A5=00000000 A6=00000000 A7=00FF7F4C D0=00000020 D1=00000001 D2=0002000E D3=0002A56A D4=00000488 D5=0000000E D6=00000009 D7=000AFB40 xnZvc
02:7C8A  52 46  ADDQ.W  #1,D6                    A0=000AFF40 A1=00FFBC7A A2=000AFB40 A3=00027E16 A4=00FFE3F8 A5=00000000 A6=00000000 A7=00FF7F4C D0=00000020 D1=00000001 D2=0002001B D3=0002A54E D4=00000488 D5=0000001B D6=00000002 D7=000AFB40 xnzvc
02:7C8C  42 45  CLR.W   D5                       A0=000AFFC0 A1=00FFBBBA A2=000AFB40 A3=00027E16 A4=00FFE3F8 A5=00000000 A6=00000000 A7=00FF7F4C D0=00000020 D1=00000001 D2=0002000E D3=0002A56A D4=00000488 D5=0000000E D6=00000009 D7=000AFB40 xnZvc
02:7C8E  60 10  BRA     #$10 [02:7CA0]           A0=000AFFC0 A1=00FFBBBA A2=000AFB40 A3=00027E16 A4=00FFE3F8 A5=00000000 A6=00000000 A7=00FF7F4C D0=00000020 D1=00000001 D2=0002000E D3=0002A56A D4=00000488 D5=00000000 D6=00000009 D7=000AFB40 xnZvc
02:7C90  48 78  PEA     ($0001)                  A0=000AFB60 A1=00FFC07A A2=000AFB40 A3=00028210 A4=00027E16 A5=00000000 A6=00000000 A7=00FF7F40 D0=00000020 D1=00000001 D2=00020015 D3=0002A2A6 D4=000003B8 D5=00000003 D6=00000006 D7=000AFB40 xNzvC
02:7C94  48 52  PEA     (A2)                     A0=000AFB60 A1=00FFC07A A2=000AFB40 A3=00028210 A4=00027E16 A5=00000000 A6=00000000 A7=00FF7F3C D0=00000020 D1=00000001 D2=00020015 D3=0002A2A6 D4=000003B8 D5=00000003 D6=00000006 D7=000AFB40 xNzvC
02:7C96  4E B9  JSR     ($0000CAFC)              A0=000AFB60 A1=00FFC07A A2=000AFB40 A3=00028210 A4=00027E16 A5=00000000 A6=00000000 A7=00FF7F38 D0=00000020 D1=00000001 D2=00020015 D3=0002A2A6 D4=000003B8 D5=00000003 D6=00000006 D7=000AFB40 xNzvC
02:7C9C  52 45  ADDQ.W  #1,D5                    A0=000AFB60 A1=00FFC09A A2=000AFB40 A3=00028210 A4=00027E16 A5=00000000 A6=00000000 A7=00FF7F38 D0=00000020 D1=00000001 D2=00020015 D3=0002A2A6 D4=000003B8 D5=00000003 D6=00000006 D7=000AFB40 xnzvc
02:7C9E  50 8F  ADDQ.L  #8,SP                    A0=000AFB60 A1=00FFC09A A2=000AFB40 A3=00028210 A4=00027E16 A5=00000000 A6=00000000 A7=00FF7F38 D0=00000020 D1=00000001 D2=00020015 D3=0002A2A6 D4=000003B8 D5=00000004 D6=00000006 D7=000AFB40 xnzvc
02:7CA0  BA 46  CMP.W   D6,D5                    A0=000AFB60 A1=00FFBC7A A2=000AFB40 A3=00028210 A4=00027E16 A5=00000000 A6=00000000 A7=00FF7F4C D0=00000020 D1=00000001 D2=0002000B D3=0002A29A D4=00000398 D5=00000008 D6=0000000B D7=000AFB40 xnzvc
02:7CA2  6D EC  BLT     #$EC [02:7C90]           A0=000AFB60 A1=00FFBC7A A2=000AFB40 A3=00028210 A4=00027E16 A5=00000000 A6=00000000 A7=00FF7F4C D0=00000020 D1=00000001 D2=0002000B D3=0002A29A D4=00000398 D5=00000008 D6=0000000B D7=000AFB40 xNzvC
02:7CA4  20 7C  MOVE.L  #$00FFD92E,A0            A0=000AFB60 A1=00FFBCDA A2=000AFB40 A3=00027E16 A4=00FFE3F8 A5=00000000 A6=00000000 A7=00FF7F4C D0=00000020 D1=00000001 D2=0002000E D3=0002A56A D4=00000488 D5=00000009 D6=00000009 D7=000AFB40 xnZvc
02:7CAA  10 10  MOVE.B  (A0),D0                  A0=00FFD92E A1=00FFBCDA A2=000AFB40 A3=00027E16 A4=00FFE3F8 A5=00000000 A6=00000000 A7=00FF7F4C D0=00000020 D1=00000001 D2=0002000E D3=0002A56A D4=00000488 D5=00000009 D6=00000009 D7=000AFB40 xnZvc
02:7CAC  52 10  ADDQ.B  #1,(A0)                  A0=00FFD92E A1=00FFBCDA A2=000AFB40 A3=00027E16 A4=00FFE3F8 A5=00000000 A6=00000000 A7=00FF7F4C D0=00000000 D1=00000001 D2=0002000E D3=0002A56A D4=00000488 D5=00000009 D6=00000009 D7=000AFB40 xnZvc
02:7CAE  72 00  MOVEQ   #$00,D1                  A0=00FFD92E A1=00FFBCDA A2=000AFB40 A3=00027E16 A4=00FFE3F8 A5=00000000 A6=00000000 A7=00FF7F4C D0=00000000 D1=00000001 D2=0002000E D3=0002A56A D4=00000488 D5=00000009 D6=00000009 D7=000AFB40 xnzvc
02:7CB0  12 00  MOVE.B  D0,D1                    A0=00FFD92E A1=00FFBCDA A2=000AFB40 A3=00027E16 A4=00FFE3F8 A5=00000000 A6=00000000 A7=00FF7F4C D0=00000000 D1=00000000 D2=0002000E D3=0002A56A D4=00000488 D5=00000009 D6=00000009 D7=000AFB40 xnZvc
02:7CB2  30 01  MOVE.W  D1,D0                    A0=00FFD92E A1=00FFBCDA A2=000AFB40 A3=00027E16 A4=00FFE3F8 A5=00000000 A6=00000000 A7=00FF7F4C D0=00000000 D1=00000000 D2=0002000E D3=0002A56A D4=00000488 D5=00000009 D6=00000009 D7=000AFB40 xnZvc
02:7CB4  D0 40  ADD.W   D0,D0                    A0=00FFD92E A1=00FFBCDA A2=000AFB40 A3=00027E16 A4=00FFE3F8 A5=00000000 A6=00000000 A7=00FF7F4C D0=00000000 D1=00000000 D2=0002000E D3=0002A56A D4=00000488 D5=00000009 D6=00000009 D7=000AFB40 xnZvc
02:7CB6  20 7C  MOVE.L  #$00FFD8DC,A0            A0=00FFD92E A1=00FFBCDA A2=000AFB40 A3=00027E16 A4=00FFE3F8 A5=00000000 A6=00000000 A7=00FF7F4C D0=00000000 D1=00000000 D2=0002000E D3=0002A56A D4=00000488 D5=00000009 D6=00000009 D7=000AFB40 xnZvc
02:7CBC  31 84  MOVE.W  D4,$00(A0,D0)            A0=00FFD8DC A1=00FFBCDA A2=000AFB40 A3=00027E16 A4=00FFE3F8 A5=00000000 A6=00000000 A7=00FF7F4C D0=00000000 D1=00000000 D2=0002000E D3=0002A56A D4=00000488 D5=00000009 D6=00000009 D7=000AFB40 xnZvc
02:7CC0  20 7C  MOVE.L  #$00FFD92E,A0            A0=00FFD8DC A1=00FFBCDA A2=000AFB40 A3=00027E16 A4=00FFE3F8 A5=00000000 A6=00000000 A7=00FF7F4C D0=00000000 D1=00000000 D2=0002000E D3=0002A56A D4=00000488 D5=00000009 D6=00000009 D7=000AFB40 xnzvc
02:7CC6  10 10  MOVE.B  (A0),D0                  A0=00FFD92E A1=00FFBCDA A2=000AFB40 A3=00027E16 A4=00FFE3F8 A5=00000000 A6=00000000 A7=00FF7F4C D0=00000000 D1=00000000 D2=0002000E D3=0002A56A D4=00000488 D5=00000009 D6=00000009 D7=000AFB40 xnzvc
02:7CC8  52 10  ADDQ.B  #1,(A0)                  A0=00FFD92E A1=00FFBCDA A2=000AFB40 A3=00027E16 A4=00FFE3F8 A5=00000000 A6=00000000 A7=00FF7F4C D0=00000001 D1=00000000 D2=0002000E D3=0002A56A D4=00000488 D5=00000009 D6=00000009 D7=000AFB40 xnzvc
02:7CCA  72 00  MOVEQ   #$00,D1                  A0=00FFD92E A1=00FFBCDA A2=000AFB40 A3=00027E16 A4=00FFE3F8 A5=00000000 A6=00000000 A7=00FF7F4C D0=00000001 D1=00000000 D2=0002000E D3=0002A56A D4=00000488 D5=00000009 D6=00000009 D7=000AFB40 xnzvc
02:7CCC  12 00  MOVE.B  D0,D1                    A0=00FFD92E A1=00FFBCDA A2=000AFB40 A3=00027E16 A4=00FFE3F8 A5=00000000 A6=00000000 A7=00FF7F4C D0=00000001 D1=00000000 D2=0002000E D3=0002A56A D4=00000488 D5=00000009 D6=00000009 D7=000AFB40 xnZvc
02:7CCE  30 01  MOVE.W  D1,D0                    A0=00FFD92E A1=00FFBCDA A2=000AFB40 A3=00027E16 A4=00FFE3F8 A5=00000000 A6=00000000 A7=00FF7F4C D0=00000001 D1=00000001 D2=0002000E D3=0002A56A D4=00000488 D5=00000009 D6=00000009 D7=000AFB40 xnzvc
02:7CD0  D0 40  ADD.W   D0,D0                    A0=00FFD92E A1=00FFBCDA A2=000AFB40 A3=00027E16 A4=00FFE3F8 A5=00000000 A6=00000000 A7=00FF7F4C D0=00000001 D1=00000001 D2=0002000E D3=0002A56A D4=00000488 D5=00000009 D6=00000009 D7=000AFB40 xnzvc
02:7CD2  20 7C  MOVE.L  #$00FFD8DC,A0            A0=00FFD92E A1=00FFBCDA A2=000AFB40 A3=00027E16 A4=00FFE3F8 A5=00000000 A6=00000000 A7=00FF7F4C D0=00000002 D1=00000001 D2=0002000E D3=0002A56A D4=00000488 D5=00000009 D6=00000009 D7=000AFB40 xnzvc
02:7CD8  31 BC  MOVE.W  #$0020,$00(A0,D0)        A0=00FFD8DC A1=00FFBCDA A2=000AFB40 A3=00027E16 A4=00FFE3F8 A5=00000000 A6=00000000 A7=00FF7F4C D0=00000002 D1=00000001 D2=0002000E D3=0002A56A D4=00000488 D5=00000009 D6=00000009 D7=000AFB40 xnzvc
02:7CDE  4C DF  MOVEM.L (SP)+,{a7-d0}[04 fc]     A0=00FFD8DC A1=00FFBCDA A2=000AFB40 A3=00027E16 A4=00FFE3F8 A5=00000000 A6=00000000 A7=00FF7F4C D0=00000002 D1=00000001 D2=0002000E D3=0002A56A D4=00000488 D5=00000009 D6=00000009 D7=000AFB40 xnzvc
02:7CE2  4E 75  RTS                              A0=00FFD8DC A1=00FFBCDA A2=00FFAA5A A3=00027E16 A4=00FFE3F8 A5=00000000 A6=00000000 A7=00FF7F68 D0=00000002 D1=00000001 D2=0002A56A D3=000000A0 D4=0000001E D5=0000000E D6=00000000 D7=00000000 xnzvc

02:7DD4  48 E7  MOVEM.L {d0-a7}[00 30],-(SP)     A0=00FF9364 A1=000AFAE2 A2=00FFE3FC A3=00027E16 A4=00FFE3F8 A5=00000000 A6=00000000 A7=00FF7FA0 D0=000000BA D1=0000FF3F D2=00000000 D3=00000000 D4=00000000 D5=00000000 D6=00000000 D7=00000000 xnzvc
02:7DD8  24 7C  MOVE.L  #$00FFE3CA,A2            A0=00FF9364 A1=000AFAE2 A2=00FFE3FC A3=00027E16 A4=00FFE3F8 A5=00000000 A6=00000000 A7=00FF7F98 D0=000000BA D1=0000FF3F D2=00000000 D3=00000000 D4=00000000 D5=00000000 D6=00000000 D7=00000000 xnzvc
02:7DDE  26 7C  MOVE.L  #$00FFE3CC,A3            A0=00FF9364 A1=000AFAE2 A2=00FFE3CA A3=00027E16 A4=00FFE3F8 A5=00000000 A6=00000000 A7=00FF7F98 D0=000000BA D1=0000FF3F D2=00000000 D3=00000000 D4=00000000 D5=00000000 D6=00000000 D7=00000000 xnzvc
02:7DE4  4A 12  TST.B   (A2)                     A0=00FF9364 A1=000AFAE2 A2=00FFE3CA A3=00FFE3CC A4=00FFE3F8 A5=00000000 A6=00000000 A7=00FF7F98 D0=000000BA D1=0000FF3F D2=00000000 D3=00000000 D4=00000000 D5=00000000 D6=00000000 D7=00000000 xnzvc
02:7DE6  67 12  BEQ     #$12 [02:7DFA]           A0=00FF9364 A1=000AFAE2 A2=00FFE3CA A3=00FFE3CC A4=00FFE3F8 A5=00000000 A6=00000000 A7=00FF7F98 D0=000000BA D1=0000FF3F D2=00000000 D3=00000000 D4=00000000 D5=00000000 D6=00000000 D7=00000000 xnzvc
02:7DE8  10 12  MOVE.B  (A2),D0                  A0=00FF9364 A1=000AFAE2 A2=00FFE3CA A3=00FFE3CC A4=00FFE3F8 A5=00000000 A6=00000000 A7=00FF7F98 D0=000000BA D1=0000FF3F D2=00000000 D3=00000000 D4=00000000 D5=00000000 D6=00000000 D7=00000000 xnzvc
02:7DEA  48 80  EXT.W   D0                       A0=00FF9364 A1=000AFAE2 A2=00FFE3CA A3=00FFE3CC A4=00FFE3F8 A5=00000000 A6=00000000 A7=00FF7F98 D0=00000010 D1=0000FF3F D2=00000000 D3=00000000 D4=00000000 D5=00000000 D6=00000000 D7=00000000 xnzvc
02:7DEC  48 C0  EXT.L   D0                       A0=00FF9364 A1=000AFAE2 A2=00FFE3CA A3=00FFE3CC A4=00FFE3F8 A5=00000000 A6=00000000 A7=00FF7F98 D0=00000010 D1=0000FF3F D2=00000000 D3=00000000 D4=00000000 D5=00000000 D6=00000000 D7=00000000 xnzvc
02:7DEE  2F 00  MOVE.L  D0,-(SP)                 A0=00FF9364 A1=000AFAE2 A2=00FFE3CA A3=00FFE3CC A4=00FFE3F8 A5=00000000 A6=00000000 A7=00FF7F98 D0=00000010 D1=0000FF3F D2=00000000 D3=00000000 D4=00000000 D5=00000000 D6=00000000 D7=00000000 xnzvc
02:7DF0  4E B9  JSR     ($0000D950)              A0=00FF9364 A1=000AFAE2 A2=00FFE3CA A3=00FFE3CC A4=00FFE3F8 A5=00000000 A6=00000000 A7=00FF7F94 D0=00000010 D1=0000FF3F D2=00000000 D3=00000000 D4=00000000 D5=00000000 D6=00000000 D7=00000000 xnzvc
02:7DF6  58 8F  ADDQ.L  #4,SP                    A0=00FFD9C6 A1=000AFAE2 A2=00FFE3CA A3=00FFE3CC A4=00FFE3F8 A5=00000000 A6=00000000 A7=00FF7F94 D0=0000000A D1=00000041 D2=00000000 D3=00000000 D4=00000000 D5=00000000 D6=00000000 D7=00000000 xnZvc
02:7DF8  42 12  CLR.B   (A2)                     A0=00FFD9C6 A1=000AFAE2 A2=00FFE3CA A3=00FFE3CC A4=00FFE3F8 A5=00000000 A6=00000000 A7=00FF7F98 D0=0000000A D1=00000041 D2=00000000 D3=00000000 D4=00000000 D5=00000000 D6=00000000 D7=00000000 xnZvc
02:7DFA  4A 13  TST.B   (A3)                     A0=00FFD9C6 A1=000AFAE2 A2=00FFE3CA A3=00FFE3CC A4=00FFE3F8 A5=00000000 A6=00000000 A7=00FF7F98 D0=0000000A D1=00000041 D2=00000000 D3=00000000 D4=00000000 D5=00000000 D6=00000000 D7=00000000 xnZvc
02:7DFC  67 12  BEQ     #$12 [02:7E10]           A0=00FFD9C6 A1=000AFAE2 A2=00FFE3CA A3=00FFE3CC A4=00FFE3F8 A5=00000000 A6=00000000 A7=00FF7F98 D0=0000000A D1=00000041 D2=00000000 D3=00000000 D4=00000000 D5=00000000 D6=00000000 D7=00000000 xnZvc
02:7DFE  10 13  MOVE.B  (A3),D0                  A0=00FFD9C6 A1=000323B0 A2=00FFE3CA A3=00FFE3CC A4=00027E16 A5=00000000 A6=00000000 A7=00FF7F74 D0=00000008 D1=00000023 D2=0002A2BC D3=0000004E D4=00000036 D5=00000000 D6=00000000 D7=00000000 xnzvc
02:7E00  48 80  EXT.W   D0                       A0=00FFD9C6 A1=000323B0 A2=00FFE3CA A3=00FFE3CC A4=00027E16 A5=00000000 A6=00000000 A7=00FF7F74 D0=0000000F D1=00000023 D2=0002A2BC D3=0000004E D4=00000036 D5=00000000 D6=00000000 D7=00000000 xnzvc
02:7E02  48 C0  EXT.L   D0                       A0=00FFD9C6 A1=000323B0 A2=00FFE3CA A3=00FFE3CC A4=00027E16 A5=00000000 A6=00000000 A7=00FF7F74 D0=0000000F D1=00000023 D2=0002A2BC D3=0000004E D4=00000036 D5=00000000 D6=00000000 D7=00000000 xnzvc
02:7E04  2F 00  MOVE.L  D0,-(SP)                 A0=00FFD9C6 A1=000323B0 A2=00FFE3CA A3=00FFE3CC A4=00027E16 A5=00000000 A6=00000000 A7=00FF7F74 D0=0000000F D1=00000023 D2=0002A2BC D3=0000004E D4=00000036 D5=00000000 D6=00000000 D7=00000000 xnzvc
02:7E06  4E B9  JSR     ($0000D950)              A0=00FFD9C6 A1=000323B0 A2=00FFE3CA A3=00FFE3CC A4=00027E16 A5=00000000 A6=00000000 A7=00FF7F70 D0=0000000F D1=00000023 D2=0002A2BC D3=0000004E D4=00000036 D5=00000000 D6=00000000 D7=00000000 xnzvc
02:7E0C  58 8F  ADDQ.L  #4,SP                    A0=00FFD9C6 A1=000323B0 A2=00FFE3CA A3=00FFE3CC A4=00027E16 A5=00000000 A6=00000000 A7=00FF7F70 D0=00000009 D1=00000027 D2=0002A2BC D3=0000004E D4=00000036 D5=00000000 D6=00000000 D7=00000000 xnZvc
02:7E0E  42 13  CLR.B   (A3)                     A0=00FFD9C6 A1=000323B0 A2=00FFE3CA A3=00FFE3CC A4=00027E16 A5=00000000 A6=00000000 A7=00FF7F74 D0=00000009 D1=00000027 D2=0002A2BC D3=0000004E D4=00000036 D5=00000000 D6=00000000 D7=00000000 xnZvc
02:7E10  4C DF  MOVEM.L (SP)+,{a7-d0}[0c 00]     A0=00FFD9C6 A1=000AFAE2 A2=00FFE3CA A3=00FFE3CC A4=00FFE3F8 A5=00000000 A6=00000000 A7=00FF7F98 D0=0000000A D1=00000041 D2=00000000 D3=00000000 D4=00000000 D5=00000000 D6=00000000 D7=00000000 xnZvc
02:7E14  4E 75  RTS                              A0=00FFD9C6 A1=000AFAE2 A2=00FFE3FC A3=00027E16 A4=00FFE3F8 A5=00000000 A6=00000000 A7=00FF7FA0 D0=0000000A D1=00000041 D2=00000000 D3=00000000 D4=00000000 D5=00000000 D6=00000000 D7=00000000 xnZvc

02:7E16  48 E7  MOVEM.L {d0-a7}[3c 20],-(SP)     A0=00FF9364 A1=000AFAE2 A2=00FFE3FC A3=00027E16 A4=00FFE3F8 A5=00000000 A6=00000000 A7=00FF7F94 D0=000000A0 D1=0000FF3F D2=00000000 D3=00000000 D4=00000000 D5=00000000 D6=00000000 D7=00000000 xnzvc
02:7E1A  24 2F  MOVE.L  $0018(SP),D2             A0=00FF9364 A1=000AFAE2 A2=00FFE3FC A3=00027E16 A4=00FFE3F8 A5=00000000 A6=00000000 A7=00FF7F80 D0=000000A0 D1=0000FF3F D2=00000000 D3=00000000 D4=00000000 D5=00000000 D6=00000000 D7=00000000 xnzvc
02:7E1E  36 2F  MOVE.W  $001E(SP),D3             A0=00FF9364 A1=000AFAE2 A2=00FFE3FC A3=00027E16 A4=00FFE3F8 A5=00000000 A6=00000000 A7=00FF7F80 D0=000000A0 D1=0000FF3F D2=0002A56A D3=00000000 D4=00000000 D5=00000000 D6=00000000 D7=00000000 xnzvc
02:7E22  38 2F  MOVE.W  $0022(SP),D4             A0=00FF9364 A1=000AFAE2 A2=00FFE3FC A3=00027E16 A4=00FFE3F8 A5=00000000 A6=00000000 A7=00FF7F80 D0=000000A0 D1=0000FF3F D2=0002A56A D3=000000A0 D4=00000000 D5=00000000 D6=00000000 D7=00000000 xnzvc
02:7E26  4E BA  JSR     $FFAC(PC)                A0=00FF9364 A1=000AFAE2 A2=00FFE3FC A3=00027E16 A4=00FFE3F8 A5=00000000 A6=00000000 A7=00FF7F80 D0=000000A0 D1=0000FF3F D2=0002A56A D3=000000A0 D4=0000001E D5=00000000 D6=00000000 D7=00000000 xnzvc
02:7E2A  42 45  CLR.W   D5                       A0=00FFD9C6 A1=000AFAE2 A2=00FFE3FC A3=00027E16 A4=00FFE3F8 A5=00000000 A6=00000000 A7=00FF7F80 D0=0000000A D1=00000041 D2=0002A56A D3=000000A0 D4=0000001E D5=00000000 D6=00000000 D7=00000000 xnZvc
02:7E2C  60 02  BRA     #$02 [02:7E30]           A0=00FFD9C6 A1=000AFAE2 A2=00FFE3FC A3=00027E16 A4=00FFE3F8 A5=00000000 A6=00000000 A7=00FF7F80 D0=0000000A D1=00000041 D2=0002A56A D3=000000A0 D4=0000001E D5=00000000 D6=00000000 D7=00000000 xnZvc
02:7E2E  52 45  ADDQ.W  #1,D5                    A0=0002A289 A1=000323B0 A2=00FFE3FC A3=00028210 A4=00027E16 A5=00000000 A6=00000000 A7=00FF7F80 D0=00000003 D1=0000FF3F D2=0002A286 D3=000000DC D4=00000050 D5=00000003 D6=00000000 D7=00000000 xnzvc
02:7E30  30 45  MOVE.W  D5,A0                    A0=0002A283 A1=000323B0 A2=00FFE3FC A3=00028210 A4=00027E16 A5=00000000 A6=00000000 A7=00FF7F80 D0=0000000B D1=00000023 D2=0002A278 D3=0000004E D4=00000036 D5=0000000C D6=00000000 D7=00000000 xnzvc
02:7E32  20 08  MOVE.L  A0,D0                    A0=0000000C A1=000323B0 A2=00FFE3FC A3=00028210 A4=00027E16 A5=00000000 A6=00000000 A7=00FF7F80 D0=0000000B D1=00000023 D2=0002A278 D3=0000004E D4=00000036 D5=0000000C D6=00000000 D7=00000000 xnzvc
02:7E34  48 C0  EXT.L   D0                       A0=0000000C A1=000323B0 A2=00FFE3FC A3=00028210 A4=00027E16 A5=00000000 A6=00000000 A7=00FF7F80 D0=0000000C D1=00000023 D2=0002A278 D3=0000004E D4=00000036 D5=0000000C D6=00000000 D7=00000000 xnzvc
02:7E36  20 40  MOVE.L  D0,A0                    A0=0000000C A1=000323B0 A2=00FFE3FC A3=00028210 A4=00027E16 A5=00000000 A6=00000000 A7=00FF7F80 D0=0000000C D1=00000023 D2=0002A278 D3=0000004E D4=00000036 D5=0000000C D6=00000000 D7=00000000 xnzvc
02:7E38  D1 C2  ADDA.L  D2,A0                    A0=0000000C A1=000323B0 A2=00FFE3FC A3=00028210 A4=00027E16 A5=00000000 A6=00000000 A7=00FF7F80 D0=0000000C D1=00000023 D2=0002A278 D3=0000004E D4=00000036 D5=0000000C D6=00000000 D7=00000000 xnzvc
02:7E3A  4A 10  TST.B   (A0)                     A0=0002A284 A1=000323B0 A2=00FFE3FC A3=00028210 A4=00027E16 A5=00000000 A6=00000000 A7=00FF7F80 D0=0000000C D1=00000023 D2=0002A278 D3=0000004E D4=00000036 D5=0000000C D6=00000000 D7=00000000 xnzvc
02:7E3C  66 F0  BNE     #$F0 [02:7E2E]           A0=0002A284 A1=000323B0 A2=00FFE3FC A3=00028210 A4=00027E16 A5=00000000 A6=00000000 A7=00FF7F80 D0=0000000C D1=00000023 D2=0002A278 D3=0000004E D4=00000036 D5=0000000C D6=00000000 D7=00000000 xnZvc
02:7E3E  0C 45  CMPI.W  #$0020,D5                A0=0002A578 A1=000AFAE2 A2=00FFE3FC A3=00027E16 A4=00FFE3F8 A5=00000000 A6=00000000 A7=00FF7F80 D0=0000000E D1=00000041 D2=0002A56A D3=000000A0 D4=0000001E D5=0000000E D6=00000000 D7=00000000 xnZvc
02:7E42  6F 02  BLE     #$02 [02:7E46]           A0=0002A578 A1=000AFAE2 A2=00FFE3FC A3=00027E16 A4=00FFE3F8 A5=00000000 A6=00000000 A7=00FF7F80 D0=0000000E D1=00000041 D2=0002A56A D3=000000A0 D4=0000001E D5=0000000E D6=00000000 D7=00000000 xNzvC
02:7E46  4E B9  JSR     ($0000D8E4)              A0=0002A578 A1=000AFAE2 A2=00FFE3FC A3=00027E16 A4=00FFE3F8 A5=00000000 A6=00000000 A7=00FF7F80 D0=0000000E D1=00000041 D2=0002A56A D3=000000A0 D4=0000001E D5=0000000E D6=00000000 D7=00000000 xNzvC
02:7E4C  13 C0  MOVE.B  D0,($00FFE3CA)           A0=00FFA25A A1=000AFAE2 A2=00FFE3FC A3=00027E16 A4=00FFE3F8 A5=00000000 A6=00000000 A7=00FF7F80 D0=00000010 D1=0000000A D2=0002A56A D3=000000A0 D4=0000001E D5=0000000E D6=00000000 D7=00000000 xnzvc
02:7E52  67 00  BEQ     #$0096 [02:7EEA]         A0=00FFA25A A1=000AFAE2 A2=00FFE3FC A3=00027E16 A4=00FFE3F8 A5=00000000 A6=00000000 A7=00FF7F80 D0=00000010 D1=0000000A D2=0002A56A D3=000000A0 D4=0000001E D5=0000000E D6=00000000 D7=00000000 xnzvc
02:7E56  10 39  MOVE.B  ($00FFE3CA),D0           A0=00FFA25A A1=000AFAE2 A2=00FFE3FC A3=00027E16 A4=00FFE3F8 A5=00000000 A6=00000000 A7=00FF7F80 D0=00000010 D1=0000000A D2=0002A56A D3=000000A0 D4=0000001E D5=0000000E D6=00000000 D7=00000000 xnzvc
02:7E5C  48 80  EXT.W   D0                       A0=00FFA25A A1=000AFAE2 A2=00FFE3FC A3=00027E16 A4=00FFE3F8 A5=00000000 A6=00000000 A7=00FF7F80 D0=00000010 D1=0000000A D2=0002A56A D3=000000A0 D4=0000001E D5=0000000E D6=00000000 D7=00000000 xnzvc
02:7E5E  EF 40  ASL.W   #7,D0                    A0=00FFA25A A1=000AFAE2 A2=00FFE3FC A3=00027E16 A4=00FFE3F8 A5=00000000 A6=00000000 A7=00FF7F80 D0=00000010 D1=0000000A D2=0002A56A D3=000000A0 D4=0000001E D5=0000000E D6=00000000 D7=00000000 xnzvc
02:7E60  20 7C  MOVE.L  #$00FFA25A,A0            A0=00FFA25A A1=000AFAE2 A2=00FFE3FC A3=00027E16 A4=00FFE3F8 A5=00000000 A6=00000000 A7=00FF7F80 D0=00000800 D1=0000000A D2=0002A56A D3=000000A0 D4=0000001E D5=0000000E D6=00000000 D7=00000000 xnzvc
02:7E66  D0 C0  ADDA.W  D0,A0                    A0=00FFA25A A1=000AFAE2 A2=00FFE3FC A3=00027E16 A4=00FFE3F8 A5=00000000 A6=00000000 A7=00FF7F80 D0=00000800 D1=0000000A D2=0002A56A D3=000000A0 D4=0000001E D5=0000000E D6=00000000 D7=00000000 xnzvc
02:7E68  24 48  MOVE.L  A0,A2                    A0=00FFAA5A A1=000AFAE2 A2=00FFE3FC A3=00027E16 A4=00FFE3F8 A5=00000000 A6=00000000 A7=00FF7F80 D0=00000800 D1=0000000A D2=0002A56A D3=000000A0 D4=0000001E D5=0000000E D6=00000000 D7=00000000 xnzvc
02:7E6A  34 83  MOVE.W  D3,(A2)                  A0=00FFAA5A A1=000AFAE2 A2=00FFAA5A A3=00027E16 A4=00FFE3F8 A5=00000000 A6=00000000 A7=00FF7F80 D0=00000800 D1=0000000A D2=0002A56A D3=000000A0 D4=0000001E D5=0000000E D6=00000000 D7=00000000 xnzvc
02:7E6C  30 04  MOVE.W  D4,D0                    A0=00FFAA5A A1=000AFAE2 A2=00FFAA5A A3=00027E16 A4=00FFE3F8 A5=00000000 A6=00000000 A7=00FF7F80 D0=00000800 D1=0000000A D2=0002A56A D3=000000A0 D4=0000001E D5=0000000E D6=00000000 D7=00000000 xnzvc
02:7E6E  48 C0  EXT.L   D0                       A0=00FFAA5A A1=000AFAE2 A2=00FFAA5A A3=00027E16 A4=00FFE3F8 A5=00000000 A6=00000000 A7=00FF7F80 D0=0000001E D1=0000000A D2=0002A56A D3=000000A0 D4=0000001E D5=0000000E D6=00000000 D7=00000000 xnzvc
02:7E70  72 64  MOVEQ   #$64,D1                  A0=00FFAA5A A1=000AFAE2 A2=00FFAA5A A3=00027E16 A4=00FFE3F8 A5=00000000 A6=00000000 A7=00FF7F80 D0=0000001E D1=0000000A D2=0002A56A D3=000000A0 D4=0000001E D5=0000000E D6=00000000 D7=00000000 xnzvc
02:7E72  D0 81  ADD.L   D1,D0                    A0=00FFAA5A A1=000AFAE2 A2=00FFAA5A A3=00027E16 A4=00FFE3F8 A5=00000000 A6=00000000 A7=00FF7F80 D0=0000001E D1=00000064 D2=0002A56A D3=000000A0 D4=0000001E D5=0000000E D6=00000000 D7=00000000 xnzvc
02:7E74  35 40  MOVE.W  D0,$0002(A2)             A0=00FFAA5A A1=000AFAE2 A2=00FFAA5A A3=00027E16 A4=00FFE3F8 A5=00000000 A6=00000000 A7=00FF7F80 D0=00000082 D1=00000064 D2=0002A56A D3=000000A0 D4=0000001E D5=0000000E D6=00000000 D7=00000000 xnzvc
02:7E78  35 7C  MOVE.W  #$0064,$0004(A2)         A0=00FFAA5A A1=000AFAE2 A2=00FFAA5A A3=00027E16 A4=00FFE3F8 A5=00000000 A6=00000000 A7=00FF7F80 D0=00000082 D1=00000064 D2=0002A56A D3=000000A0 D4=0000001E D5=0000000E D6=00000000 D7=00000000 xnzvc
02:7E7E  30 05  MOVE.W  D5,D0                    A0=00FFAA5A A1=000AFAE2 A2=00FFAA5A A3=00027E16 A4=00FFE3F8 A5=00000000 A6=00000000 A7=00FF7F80 D0=00000082 D1=00000064 D2=0002A56A D3=000000A0 D4=0000001E D5=0000000E D6=00000000 D7=00000000 xnzvc
02:7E80  48 C0  EXT.L   D0                       A0=00FFAA5A A1=000AFAE2 A2=00FFAA5A A3=00027E16 A4=00FFE3F8 A5=00000000 A6=00000000 A7=00FF7F80 D0=0000000E D1=00000064 D2=0002A56A D3=000000A0 D4=0000001E D5=0000000E D6=00000000 D7=00000000 xnzvc
02:7E82  E7 80  ASL.L   #3,D0                    A0=00FFAA5A A1=000AFAE2 A2=00FFAA5A A3=00027E16 A4=00FFE3F8 A5=00000000 A6=00000000 A7=00FF7F80 D0=0000000E D1=00000064 D2=0002A56A D3=000000A0 D4=0000001E D5=0000000E D6=00000000 D7=00000000 xnzvc
02:7E84  15 40  MOVE.B  D0,$0029(A2)             A0=00FFAA5A A1=000AFAE2 A2=00FFAA5A A3=00027E16 A4=00FFE3F8 A5=00000000 A6=00000000 A7=00FF7F80 D0=00000070 D1=00000064 D2=0002A56A D3=000000A0 D4=0000001E D5=0000000E D6=00000000 D7=00000000 xnzvc
02:7E88  15 7C  MOVE.B  #$08,$002A(A2)           A0=00FFAA5A A1=000AFAE2 A2=00FFAA5A A3=00027E16 A4=00FFE3F8 A5=00000000 A6=00000000 A7=00FF7F80 D0=00000070 D1=00000064 D2=0002A56A D3=000000A0 D4=0000001E D5=0000000E D6=00000000 D7=00000000 xnzvc
02:7E8E  15 7C  MOVE.B  #$08,$002E(A2)           A0=00FFAA5A A1=000AFAE2 A2=00FFAA5A A3=00027E16 A4=00FFE3F8 A5=00000000 A6=00000000 A7=00FF7F80 D0=00000070 D1=00000064 D2=0002A56A D3=000000A0 D4=0000001E D5=0000000E D6=00000000 D7=00000000 xnzvc
02:7E94  15 7C  MOVE.B  #$20,$002B(A2)           A0=00FFAA5A A1=000AFAE2 A2=00FFAA5A A3=00027E16 A4=00FFE3F8 A5=00000000 A6=00000000 A7=00FF7F80 D0=00000070 D1=00000064 D2=0002A56A D3=000000A0 D4=0000001E D5=0000000E D6=00000000 D7=00000000 xnzvc
02:7E9A  35 7C  MOVE.W  #$8000,$002C(A2)         A0=00FFAA5A A1=000AFAE2 A2=00FFAA5A A3=00027E16 A4=00FFE3F8 A5=00000000 A6=00000000 A7=00FF7F80 D0=00000070 D1=00000064 D2=0002A56A D3=000000A0 D4=0000001E D5=0000000E D6=00000000 D7=00000000 xnzvc
02:7EA0  25 7C  MOVE.L  #$000AFA98,$0022(A2)     A0=00FFAA5A A1=000AFAE2 A2=00FFAA5A A3=00027E16 A4=00FFE3F8 A5=00000000 A6=00000000 A7=00FF7F80 D0=00000070 D1=00000064 D2=0002A56A D3=000000A0 D4=0000001E D5=0000000E D6=00000000 D7=00000000 xNzvc
02:7EA8  42 A7  CLR.L   -(SP)                    A0=00FFAA5A A1=000AFAE2 A2=00FFAA5A A3=00027E16 A4=00FFE3F8 A5=00000000 A6=00000000 A7=00FF7F80 D0=00000070 D1=00000064 D2=0002A56A D3=000000A0 D4=0000001E D5=0000000E D6=00000000 D7=00000000 xnzvc
02:7EAA  2F 0A  MOVE.L  A2,-(SP)                 A0=00FFAA5A A1=000AFAE2 A2=00FFAA5A A3=00027E16 A4=00FFE3F8 A5=00000000 A6=00000000 A7=00FF7F7C D0=00000070 D1=00000064 D2=0002A56A D3=000000A0 D4=0000001E D5=0000000E D6=00000000 D7=00000000 xnZvc
02:7EAC  4E B9  JSR     ($0000D756)              A0=00FFAA5A A1=000AFAE2 A2=00FFAA5A A3=00027E16 A4=00FFE3F8 A5=00000000 A6=00000000 A7=00FF7F78 D0=00000070 D1=00000064 D2=0002A56A D3=000000A0 D4=0000001E D5=0000000E D6=00000000 D7=00000000 xnzvc
02:7EB2  70 00  MOVEQ   #$00,D0                  A0=00FFAA91 A1=00FFD940 A2=00FFAA5A A3=00027E16 A4=00FFE3F8 A5=00000000 A6=00000000 A7=00FF7F78 D0=00000002 D1=00000019 D2=0002A56A D3=000000A0 D4=0000001E D5=0000000E D6=00000000 D7=00000000 xnzvc
02:7EB4  30 2A  MOVE.W  $002C(A2),D0             A0=00FFAA91 A1=00FFD940 A2=00FFAA5A A3=00027E16 A4=00FFE3F8 A5=00000000 A6=00000000 A7=00FF7F78 D0=00000000 D1=00000019 D2=0002A56A D3=000000A0 D4=0000001E D5=0000000E D6=00000000 D7=00000000 xnZvc
02:7EB8  02 80  ANDI.L  #$000007FF,D0            A0=00FFAA91 A1=00FFD940 A2=00FFAA5A A3=00027E16 A4=00FFE3F8 A5=00000000 A6=00000000 A7=00FF7F78 D0=00008488 D1=00000019 D2=0002A56A D3=000000A0 D4=0000001E D5=0000000E D6=00000000 D7=00000000 xNzvc
02:7EBE  2F 00  MOVE.L  D0,-(SP)                 A0=00FFAA91 A1=00FFD940 A2=00FFAA5A A3=00027E16 A4=00FFE3F8 A5=00000000 A6=00000000 A7=00FF7F78 D0=00000488 D1=00000019 D2=0002A56A D3=000000A0 D4=0000001E D5=0000000E D6=00000000 D7=00000000 xnzvc
02:7EC0  3A 05  MOVE.W  D5,D5                    A0=00FFAA91 A1=00FFD940 A2=00FFAA5A A3=00027E16 A4=00FFE3F8 A5=00000000 A6=00000000 A7=00FF7F74 D0=00000488 D1=00000019 D2=0002A56A D3=000000A0 D4=0000001E D5=0000000E D6=00000000 D7=00000000 xnzvc
02:7EC2  48 C5  EXT.L   D5                       A0=00FFAA91 A1=00FFD940 A2=00FFAA5A A3=00027E16 A4=00FFE3F8 A5=00000000 A6=00000000 A7=00FF7F74 D0=00000488 D1=00000019 D2=0002A56A D3=000000A0 D4=0000001E D5=0000000E D6=00000000 D7=00000000 xnzvc
02:7EC4  2F 05  MOVE.L  D5,-(SP)                 A0=00FFAA91 A1=00FFD940 A2=00FFAA5A A3=00027E16 A4=00FFE3F8 A5=00000000 A6=00000000 A7=00FF7F74 D0=00000488 D1=00000019 D2=0002A56A D3=000000A0 D4=0000001E D5=0000000E D6=00000000 D7=00000000 xnzvc
02:7EC6  2F 02  MOVE.L  D2,-(SP)                 A0=00FFAA91 A1=00FFD940 A2=00FFAA5A A3=00027E16 A4=00FFE3F8 A5=00000000 A6=00000000 A7=00FF7F70 D0=00000488 D1=00000019 D2=0002A56A D3=000000A0 D4=0000001E D5=0000000E D6=00000000 D7=00000000 xnzvc
02:7EC8  4E BA  JSR     $FD2C(PC)                A0=00FFAA91 A1=00FFD940 A2=00FFAA5A A3=00027E16 A4=00FFE3F8 A5=00000000 A6=00000000 A7=00FF7F6C D0=00000488 D1=00000019 D2=0002A56A D3=000000A0 D4=0000001E D5=0000000E D6=00000000 D7=00000000 xnzvc
02:7ECC  42 A7  CLR.L   -(SP)                    A0=00FFD8DC A1=00FFBCDA A2=00FFAA5A A3=00027E16 A4=00FFE3F8 A5=00000000 A6=00000000 A7=00FF7F6C D0=00000002 D1=00000001 D2=0002A56A D3=000000A0 D4=0000001E D5=0000000E D6=00000000 D7=00000000 xnzvc
02:7ECE  48 78  PEA     ($0001)                  A0=00FFD8DC A1=00FFBCDA A2=00FFAA5A A3=00027E16 A4=00FFE3F8 A5=00000000 A6=00000000 A7=00FF7F68 D0=00000002 D1=00000001 D2=0002A56A D3=000000A0 D4=0000001E D5=0000000E D6=00000000 D7=00000000 xnZvc
02:7ED2  48 79  PEA     ($000AFA98)              A0=00FFD8DC A1=00FFBCDA A2
02:7ED8  2F 0A  MOVE.L  A2,-(SP)                 A0=00FFD8DC A1=00FFBCDA A2=00FFAA5A A3=00027E16 A4=00FFE3F8 A5=00000000 A6=00000000 A7=00FF7F60 D0=00000002 D1=00000001 D2=0002A56A D3=000000A0 D4=0000001E D5=0000000E D6=00000000 D7=00000000 xnZvc
02:7EDA  4E B9  JSR     ($0000C900)              A0=00FFD8DC A1=00FFBCDA A2=00FFAA5A A3=00027E16 A4=00FFE3F8 A5=00000000 A6=00000000 A7=00FF7F5C D0=00000002 D1=00000001 D2=0002A56A D3=000000A0 D4=0000001E D5=0000000E D6=00000000 D7=00000000 xnzvc
02:7EE0  4F EF  LEA     $0024(SP),A7             A0=00FFB65A A1=00FFB65A A2=00FFAA5A A3=00027E16 A4=00FFE3F8 A5=00000000 A6=00000000 A7=00FF7F5C D0=00000008 D1=00000008 D2=0002A56A D3=000000A0 D4=0000001E D5=0000000E D6=00000000 D7=00000000 xnzvc
02:7EE4  15 7C  MOVE.B  #$01,$004A(A2)           A0=00FFB65A A1=00FFB65A A2=00FFAA5A A3=00027E16 A4=00FFE3F8 A5=00000000 A6=00000000 A7=00FF7F80 D0=00000008 D1=00000008 D2=0002A56A D3=000000A0 D4=0000001E D5=0000000E D6=00000000 D7=00000000 xnzvc
02:7EEA  4C DF  MOVEM.L (SP)+,{a7-d0}[04 3c]     A0=00FFB65A A1=00FFB65A A2=00FFAA5A A3=00027E16 A4=00FFE3F8 A5=00000000 A6=00000000 A7=00FF7F80 D0=00000008 D1=00000008 D2=0002A56A D3=000000A0 D4=0000001E D5=0000000E D6=00000000 D7=00000000 xnzvc
02:7EEE  4E 75  RTS                              A0=00FFB65A A1=00FFB65A A2=00FFE3FC A3=00027E16 A4=00FFE3F8 A5=00000000 A6=00000000 A7=00FF7F94 D0=00000008 D1=00000008 D2=00000000 D3=00000000 D4=00000000 D5=00000000 D6=00000000 D7=00000000 xnzvc

02:7EF0  48 E7  MOVEM.L {d0-a7}[3c 20],-(SP)     A0=00FFB65A A1=00FFB65A A2=00FFE3FC A3=00028210 A4=00027E16 A5=00000000 A6=00000000 A7=00FF7F88 D0=00000008 D1=00000008 D2=00000000 D3=00000000 D4=00000000 D5=00000000 D6=00000000 D7=00000000 xnzvc
02:7EF4  24 2F  MOVE.L  $0018(SP),D2             A0=00FFB65A A1=00FFB65A A2=00FFE3FC A3=00028210 A4=00027E16 A5=00000000 A6=00000000 A7=00FF7F74 D0=00000008 D1=00000008 D2=00000000 D3=00000000 D4=00000000 D5=00000000 D6=00000000 D7=00000000 xnzvc
02:7EF8  36 2F  MOVE.W  $001E(SP),D3             A0=00FFB65A A1=00FFB65A A2=00FFE3FC A3=00028210 A4=00027E16 A5=00000000 A6=00000000 A7=00FF7F74 D0=00000008 D1=00000008 D2=0002A2A6 D3=00000000 D4=00000000 D5=00000000 D6=00000000 D7=00000000 xnzvc
02:7EFC  38 2F  MOVE.W  $0022(SP),D4             A0=00FFB65A A1=00FFB65A A2=00FFE3FC A3=00028210 A4=00027E16 A5=00000000 A6=00000000 A7=00FF7F74 D0=00000008 D1=00000008 D2=0002A2A6 D3=000000DC D4=00000000 D5=00000000 D6=00000000 D7=00000000 xnzvc
02:7F00  42 45  CLR.W   D5                       A0=00FFB65A A1=00FFB65A A2=00FFE3FC A3=00028210 A4=00027E16 A5=00000000 A6=00000000 A7=00FF7F74 D0=00000008 D1=00000008 D2=0002A2A6 D3=000000DC D4=00000054 D5=00000000 D6=00000000 D7=00000000 xnzvc
02:7F02  60 02  BRA     #$02 [02:7F06]           A0=00FFB65A A1=00FFB65A A2=00FFE3FC A3=00028210 A4=00027E16 A5=00000000 A6=00000000 A7=00FF7F74 D0=00000008 D1=00000008 D2=0002A2A6 D3=000000DC D4=00000054 D5=00000000 D6=00000000 D7=00000000 xnZvc
02:7F04  52 45  ADDQ.W  #1,D5                    A0=0002A2BA A1=00FFB65A A2=00FFE3FC A3=00028210 A4=00027E16 A5=00000000 A6=00000000 A7=00FF7F74 D0=00000014 D1=00000008 D2=0002A2A6 D3=000000DC D4=00000054 D5=00000014 D6=00000000 D7=00000000 xnzvc
02:7F06  30 45  MOVE.W  D5,A0                    A0=0002A2BA A1=00FFB65A A2=00FFE3FC A3=00028210 A4=00027E16 A5=00000000 A6=00000000 A7=00FF7F74 D0=00000014 D1=00000008 D2=0002A2A6 D3=000000DC D4=00000054 D5=00000015 D6=00000000 D7=00000000 xnzvc
02:7F08  20 08  MOVE.L  A0,D0                    A0=00000015 A1=00FFB65A A2=00FFE3FC A3=00028210 A4=00027E16 A5=00000000 A6=00000000 A7=00FF7F74 D0=00000014 D1=00000008 D2=0002A2A6 D3=000000DC D4=00000054 D5=00000015 D6=00000000 D7=00000000 xnzvc
02:7F0A  48 C0  EXT.L   D0                       A0=00000015 A1=00FFB65A A2=00FFE3FC A3=00028210 A4=00027E16 A5=00000000 A6=00000000 A7=00FF7F74 D0=00000015 D1=00000008 D2=0002A2A6 D3=000000DC D4=00000054 D5=00000015 D6=00000000 D7=00000000 xnzvc
02:7F0C  20 40  MOVE.L  D0,A0                    A0=00000015 A1=00FFB65A A2=00FFE3FC A3=00028210 A4=00027E16 A5=00000000 A6=00000000 A7=00FF7F74 D0=00000015 D1=00000008 D2=0002A2A6 D3=000000DC D4=00000054 D5=00000015 D6=00000000 D7=00000000 xnzvc
02:7F0E  D1 C2  ADDA.L  D2,A0                    A0=00000015 A1=00FFB65A A2=00FFE3FC A3=00028210 A4=00027E16 A5=00000000 A6=00000000 A7=00FF7F74 D0=00000015 D1=00000008 D2=0002A2A6 D3=000000DC D4=00000054 D5=00000015 D6=00000000 D7=00000000 xnzvc
02:7F10  4A 10  TST.B   (A0)                     A0=0002A2BB A1=00FFB65A A2=00FFE3FC A3=00028210 A4=00027E16 A5=00000000 A6=00000000 A7=00FF7F74 D0=00000015 D1=00000008 D2=0002A2A6 D3=000000DC D4=00000054 D5=00000015 D6=00000000 D7=00000000 xnzvc
02:7F12  66 F0  BNE     #$F0 [02:7F04]           A0=0002A2BB A1=00FFB65A A2=00FFE3FC A3=00028210 A4=00027E16 A5=00000000 A6=00000000 A7=00FF7F74 D0=00000015 D1=00000008 D2=0002A2A6 D3=000000DC D4=00000054 D5=00000015 D6=00000000 D7=00000000 xnZvc
02:7F14  0C 45  CMPI.W  #$0020,D5                A0=0002A2BB A1=00FFB65A A2=00FFE3FC A3=00028210 A4=00027E16 A5=00000000 A6=00000000 A7=00FF7F74 D0=00000015 D1=00000008 D2=0002A2A6 D3=000000DC D4=00000054 D5=00000015 D6=00000000 D7=00000000 xnZvc
02:7F18  6F 02  BLE     #$02 [02:7F1C]           A0=0002A2BB A1=00FFB65A A2=00FFE3FC A3=00028210 A4=00027E16 A5=00000000 A6=00000000 A7=00FF7F74 D0=00000015 D1=00000008 D2=0002A2A6 D3=000000DC D4=00000054 D5=00000015 D6=00000000 D7=00000000 xNzvC
02:7F1C  4E B9  JSR     ($0000D8E4)              A0=0002A2BB A1=00FFB65A A2=00FFE3FC A3=00028210 A4=00027E16 A5=00000000 A6=00000000 A7=00FF7F74 D0=00000015 D1=00000008 D2=0002A2A6 D3=000000DC D4=00000054 D5=00000015 D6=00000000 D7=00000000 xNzvC
02:7F22  13 C0  MOVE.B  D0,($00FFE3CC)           A0=00FFA25A A1=00FFB65A A2=00FFE3FC A3=00028210 A4=00027E16 A5=00000000 A6=00000000 A7=00FF7F74 D0=0000000F D1=00000009 D2=0002A2A6 D3=000000DC D4=00000054 D5=00000015 D6=00000000 D7=00000000 xnzvc
02:7F28  67 00  BEQ     #$0096 [02:7FC0]         A0=00FFA25A A1=00FFB65A A2=00FFE3FC A3=00028210 A4=00027E16 A5=00000000 A6=00000000 A7=00FF7F74 D0=0000000F D1=00000009 D2=0002A2A6 D3=000000DC D4=00000054 D5=00000015 D6=00000000 D7=00000000 xnzvc
02:7F2C  10 39  MOVE.B  ($00FFE3CC),D0           A0=00FFA25A A1=00FFB65A A2=00FFE3FC A3=00028210 A4=00027E16 A5=00000000 A6=00000000 A7=00FF7F74 D0=0000000F D1=00000009 D2=0002A2A6 D3=000000DC D4=00000054 D5=00000015 D6=00000000 D7=00000000 xnzvc
02:7F32  48 80  EXT.W   D0                       A0=00FFA25A A1=00FFB65A A2=00FFE3FC A3=00028210 A4=00027E16 A5=00000000 A6=00000000 A7=00FF7F74 D0=0000000F D1=00000009 D2=0002A2A6 D3=000000DC D4=00000054 D5=00000015 D6=00000000 D7=00000000 xnzvc
02:7F34  EF 40  ASL.W   #7,D0                    A0=00FFA25A A1=00FFB65A A2=00FFE3FC A3=00028210 A4=00027E16 A5=00000000 A6=00000000 A7=00FF7F74 D0=0000000F D1=00000009 D2=0002A2A6 D3=000000DC D4=00000054 D5=00000015 D6=00000000 D7=00000000 xnzvc
02:7F36  20 7C  MOVE.L  #$00FFA25A,A0            A0=00FFA25A A1=00FFB65A A2=00FFE3FC A3=00028210 A4=00027E16 A5=00000000 A6=00000000 A7=00FF7F74 D0=00000780 D1=00000009 D2=0002A2A6 D3=000000DC D4=00000054 D5=00000015 D6=00000000 D7=00000000 xnzvc
02:7F3C  D0 C0  ADDA.W  D0,A0                    A0=00FFA25A A1=00FFB65A A2=00FFE3FC A3=00028210 A4=00027E16 A5=00000000 A6=00000000 A7=00FF7F74 D0=00000780 D1=00000009 D2=0002A2A6 D3=000000DC D4=00000054 D5=00000015 D6=00000000 D7=00000000 xnzvc
02:7F3E  24 48  MOVE.L  A0,A2                    A0=00FFA9DA A1=00FFB65A A2=00FFE3FC A3=00028210 A4=00027E16 A5=00000000 A6=00000000 A7=00FF7F74 D0=00000780 D1=00000009 D2=0002A2A6 D3=000000DC D4=00000054 D5=00000015 D6=00000000 D7=00000000 xnzvc
02:7F40  34 83  MOVE.W  D3,(A2)                  A0=00FFA9DA A1=00FFB65A A2=00FFA9DA A3=00028210 A4=00027E16 A5=00000000 A6=00000000 A7=00FF7F74 D0=00000780 D1=00000009 D2=0002A2A6 D3=000000DC D4=00000054 D5=00000015 D6=00000000 D7=00000000 xnzvc
02:7F42  30 04  MOVE.W  D4,D0                    A0=00FFA9DA A1=00FFB65A A2=00FFA9DA A3=00028210 A4=00027E16 A5=00000000 A6=00000000 A7=00FF7F74 D0=00000780 D1=00000009 D2=0002A2A6 D3=000000DC D4=00000054 D5=00000015 D6=00000000 D7=00000000 xnzvc
02:7F44  48 C0  EXT.L   D0                       A0=00FFA9DA A1=00FFB65A A2=00FFA9DA A3=00028210 A4=00027E16 A5=00000000 A6=00000000 A7=00FF7F74 D0=00000054 D1=00000009 D2=0002A2A6 D3=000000DC D4=00000054 D5=00000015 D6=00000000 D7=00000000 xnzvc
02:7F46  72 64  MOVEQ   #$64,D1                  A0=00FFA9DA A1=00FFB65A A2=00FFA9DA A3=00028210 A4=00027E16 A5=00000000 A6=00000000 A7=00FF7F74 D0=00000054 D1=00000009 D2=0002A2A6 D3=000000DC D4=00000054 D5=00000015 D6=00000000 D7=00000000 xnzvc
02:7F48  D0 81  ADD.L   D1,D0                    A0=00FFA9DA A1=00FFB65A A2=00FFA9DA A3=00028210 A4=00027E16 A5=00000000 A6=00000000 A7=00FF7F74 D0=00000054 D1=00000064 D2=0002A2A6 D3=000000DC D4=00000054 D5=00000015 D6=00000000 D7=00000000 xnzvc
02:7F4A  35 40  MOVE.W  D0,$0002(A2)             A0=00FFA9DA A1=00FFB65A A2=00FFA9DA A3=00028210 A4=00027E16 A5=00000000 A6=00000000 A7=00FF7F74 D0=000000B8 D1=00000064 D2=0002A2A6 D3=000000DC D4=00000054 D5=00000015 D6=00000000 D7=00000000 xnzvc
02:7F4E  35 7C  MOVE.W  #$0064,$0004(A2)         A0=00FFA9DA A1=00FFB65A A2=00FFA9DA A3=00028210 A4=00027E16 A5=00000000 A6=00000000 A7=00FF7F74 D0=000000B8 D1=00000064 D2=0002A2A6 D3=000000DC D4=00000054 D5=00000015 D6=00000000 D7=00000000 xnzvc
02:7F54  30 05  MOVE.W  D5,D0                    A0=00FFA9DA A1=00FFB65A A2=00FFA9DA A3=00028210 A4=00027E16 A5=00000000 A6=00000000 A7=00FF7F74 D0=000000B8 D1=00000064 D2=0002A2A6 D3=000000DC D4=00000054 D5=00000015 D6=00000000 D7=00000000 xnzvc
02:7F56  48 C0  EXT.L   D0                       A0=00FFA9DA A1=00FFB65A A2=00FFA9DA A3=00028210 A4=00027E16 A5=00000000 A6=00000000 A7=00FF7F74 D0=00000015 D1=00000064 D2=0002A2A6 D3=000000DC D4=00000054 D5=00000015 D6=00000000 D7=00000000 xnzvc
02:7F58  E7 80  ASL.L   #3,D0                    A0=00FFA9DA A1=00FFB65A A2=00FFA9DA A3=00028210 A4=00027E16 A5=00000000 A6=00000000 A7=00FF7F74 D0=00000015 D1=00000064 D2=0002A2A6 D3=000000DC D4=00000054 D5=00000015 D6=00000000 D7=00000000 xnzvc
02:7F5A  15 40  MOVE.B  D0,$0029(A2)             A0=00FFA9DA A1=00FFB65A A2=00FFA9DA A3=00028210 A4=00027E16 A5=00000000 A6=00000000 A7=00FF7F74 D0=000000A8 D1=00000064 D2=0002A2A6 D3=000000DC D4=00000054 D5=00000015 D6=00000000 D7=00000000 xnzvc
02:7F5E  15 7C  MOVE.B  #$08,$002A(A2)           A0=00FFA9DA A1=00FFB65A A2=00FFA9DA A3=00028210 A4=00027E16 A5=00000000 A6=00000000 A7=00FF7F74 D0=000000A8 D1=00000064 D2=0002A2A6 D3=000000DC D4=00000054 D5=00000015 D6=00000000 D7=00000000 xNzvc
02:7F64  15 7C  MOVE.B  #$08,$002E(A2)           A0=00FFA9DA A1=00FFB65A A2=00FFA9DA A3=00028210 A4=00027E16 A5=00000000 A6=00000000 A7=00FF7F74 D0=000000A8 D1=00000064 D2=0002A2A6 D3=000000DC D4=00000054 D5=00000015 D6=00000000 D7=00000000 xnzvc
02:7F6A  15 7C  MOVE.B  #$20,$002B(A2)           A0=00FFA9DA A1=00FFB65A A2=00FFA9DA A3=00028210 A4=00027E16 A5=00000000 A6=00000000 A7=00FF7F74 D0=000000A8 D1=00000064 D2=0002A2A6 D3=000000DC D4=00000054 D5=00000015 D6=00000000 D7=00000000 xnzvc
02:7F70  35 7C  MOVE.W  #$8000,$002C(A2)         A0=00FFA9DA A1=00FFB65A A2=00FFA9DA A3=00028210 A4=00027E16 A5=00000000 A6=00000000 A7=00FF7F74 D0=000000A8 D1=00000064 D2=0002A2A6 D3=000000DC D4=00000054 D5=00000015 D6=00000000 D7=00000000 xnzvc
02:7F76  25 7C  MOVE.L  #$000AFA98,$0022(A2)     A0=00FFA9DA A1=00FFB65A A2=00FFA9DA A3=00028210 A4=00027E16 A5=00000000 A6=00000000 A7=00FF7F74 D0=000000A8 D1=00000064 D2=0002A2A6 D3=000000DC D4=00000054 D5=00000015 D6=00000000 D7=00000000 xNzvc
02:7F7E  42 A7  CLR.L   -(SP)                    A0=00FFA9DA A1=00FFB65A A2=00FFA9DA A3=00028210 A4=00027E16 A5=00000000 A6=00000000 A7=00FF7F74 D0=000000A8 D1=00000064 D2=0002A2A6 D3=000000DC D4=00000054 D5=00000015 D6=00000000 D7=00000000 xnzvc
02:7F80  2F 0A  MOVE.L  A2,-(SP)                 A0=00FFA9DA A1=00FFB65A A2=00FFA9DA A3=00028210 A4=00027E16 A5=00000000 A6=00000000 A7=00FF7F70 D0=000000A8 D1=00000064 D2=0002A2A6 D3=000000DC D4=00000054 D5=00000015 D6=00000000 D7=00000000 xnZvc
02:7F82  4E B9  JSR     ($0000D756)              A0=00FFA9DA A1=00FFB65A A2=00FFA9DA A3=00028210 A4=00027E16 A5=00000000 A6=00000000 A7=00FF7F6C D0=000000A8 D1=00000064 D2=0002A2A6 D3=000000DC D4=00000054 D5=00000015 D6=00000000 D7=00000000 xnzvc
02:7F88  70 00  MOVEQ   #$00,D0                  A0=00FFAA11 A1=00FFD940 A2=00FFA9DA A3=00028210 A4=00027E16 A5=00000000 A6=00000000 A7=00FF7F6C D0=00000002 D1=00000019 D2=0002A2A6 D3=000000DC D4=00000054 D5=00000015 D6=00000000 D7=00000000 xnzvc
02:7F8A  30 2A  MOVE.W  $002C(A2),D0             A0=00FFAA11 A1=00FFD940 A2=00FFA9DA A3=00028210 A4=00027E16 A5=00000000 A6=00000000 A7=00FF7F6C D0=00000000 D1=00000019 D2=0002A2A6 D3=000000DC D4=00000054 D5=00000015 D6=00000000 D7=00000000 xnZvc
02:7F8E  02 80  ANDI.L  #$000007FF,D0            A0=00FFAA11 A1=00FFD940 A2=00FFA9DA A3=00028210 A4=00027E16 A5=00000000 A6=00000000 A7=00FF7F6C D0=000083B8 D1=00000019 D2=0002A2A6 D3=000000DC D4=00000054 D5=00000015 D6=00000000 D7=00000000 xNzvc
02:7F94  2F 00  MOVE.L  D0,-(SP)                 A0=00FFAA11 A1=00FFD940 A2=00FFA9DA A3=00028210 A4=00027E16 A5=00000000 A6=00000000 A7=00FF7F6C D0=000003B8 D1=00000019 D2=0002A2A6 D3=000000DC D4=00000054 D5=00000015 D6=00000000 D7=00000000 xnzvc
02:7F96  3A 05  MOVE.W  D5,D5                    A0=00FFAA11 A1=00FFD940 A2=00FFA9DA A3=00028210 A4=00027E16 A5=00000000 A6=00000000 A7=00FF7F68 D0=000003B8 D1=00000019 D2=0002A2A6 D3=000000DC D4=00000054 D5=00000015 D6=00000000 D7=00000000 xnzvc
02:7F98  48 C5  EXT.L   D5                       A0=00FFAA11 A1=00FFD940 A2=00FFA9DA A3=00028210 A4=00027E16 A5=00000000 A6=00000000 A7=00FF7F68 D0=000003B8 D1=00000019 D2=0002A2A6 D3=000000DC D4=00000054 D5=00000015 D6=00000000 D7=00000000 xnzvc
02:7F9A  2F 05  MOVE.L  D5,-(SP)                 A0=00FFAA11 A1=00FFD940 A2=00FFA9DA A3=00028210 A4=00027E16 A5=00000000 A6=00000000 A7=00FF7F68 D0=000003B8 D1=00000019 D2=0002A2A6 D3=000000DC D4=00000054 D5=00000015 D6=00000000 D7=00000000 xnzvc
02:7F9C  2F 02  MOVE.L  D2,-(SP)                 A0=00FFAA11 A1=00FFD940 A2=00FFA9DA A3=00028210 A4=00027E16 A5=00000000 A6=00000000 A7=00FF7F64 D0=000003B8 D1=00000019 D2=0002A2A6 D3=000000DC D4=00000054 D5=00000015 D6=00000000 D7=00000000 xnzvc
02:7F9E  4E BA  JSR     $FC56(PC)                A0=00FFAA11 A1=00FFD940 A2=00FFA9DA A3=00028210 A4=00027E16 A5=00000000 A6=00000000 A7=00FF7F60 D0=000003B8 D1=00000019 D2=0002A2A6 D3=000000DC D4=00000054 D5=00000015 D6=00000000 D7=00000000 xnzvc
02:7FA2  42 A7  CLR.L   -(SP)                    A0=00FFD8DC A1=00FFC0DA A2=00FFA9DA A3=00028210 A4=00027E16 A5=00000000 A6=00000000 A7=00FF7F60 D0=00000006 D1=00000003 D2=0002A2A6 D3=000000DC D4=00000054 D5=00000015 D6=00000000 D7=00000000 xnzvc
02:7FA4  48 78  PEA     ($0001)                  A0=00FFD8DC A1=00FFC0DA A2=00FFA9DA A3=00028210 A4=00027E16 A5=00000000 A6=00000000 A7=00FF7F5C D0=00000006 D1=00000003 D2=0002A2A6 D3=000000DC D4=00000054 D5=00000015 D6=00000000 D7=00000000 xnZvc
02:7FA8  48 79  PEA     ($000AFA98)              A0=00FFD8DC A1=00FFC0DA A2=00FFA9DA A3=00028210 A4=00027E16 A5=00000000 A6=00000000 A7=00FF7F58 D0=00000006 D1=00000003 D2=0002A2A6 D3=000000DC D4=00000054 D5=00000015 D6=00000000 D7=00000000 xnZvc
02:7FAE  2F 0A  MOVE.L  A2,-(SP)                 A0=00FFD8DC A1=00FFC0DA A2=00FFA9DA A3=00028210 A4=00027E16 A5=00000000 A6=00000000 A7=00FF7F54 D0=00000006 D1=00000003 D2=0002A2A6 D3=000000DC D4=00000054 D5=00000015 D6=00000000 D7=00000000 xnZvc
02:7FB0  4E B9  JSR     ($0000C900)              A0=00FFD8DC A1=00FFC0DA A2=00FFA9DA A3=00028210 A4=00027E16 A5=00000000 A6=00000000 A7=00FF7F50 D0=00000006 D1=00000003 D2=0002A2A6 D3=000000DC D4=00000054 D5=00000015 D6=00000000 D7=00000000 xnzvc
02:7FB6  4F EF  LEA     $0024(SP),A7             A0=00FFB65A A1=00FFB65A A2=00FFA9DA A3=00028210 A4=00027E16 A5=00000000 A6=00000000 A7=00FF7F50 D0=00000008 D1=00000008 D2=0002A2A6 D3=000000DC D4=00000054 D5=00000015 D6=00000000 D7=00000000 xnzvc
02:7FBA  15 7C  MOVE.B  #$01,$004A(A2)           A0=00FFB65A A1=00FFB65A A2=00FFA9DA A3=00028210 A4=00027E16 A5=00000000 A6=00000000 A7=00FF7F74 D0=00000008 D1=00000008 D2=0002A2A6 D3=000000DC D4=00000054 D5=00000015 D6=00000000 D7=00000000 xnzvc
02:7FC0  4C DF  MOVEM.L (SP)+,{a7-d0}[04 3c]     A0=00FFB65A A1=00FFB65A A2=00FFA9DA A3=00028210 A4=00027E16 A5=00000000 A6=00000000 A7=00FF7F74 D0=00000008 D1=00000008 D2=0002A2A6 D3=000000DC D4=00000054 D5=00000015 D6=00000000 D7=00000000 xnzvc
02:7FC4  4E 75  RTS                              A0=00FFB65A A1=00FFB65A A2=00FFE3FC A3=00028210 A4=00027E16 A5=00000000 A6=00000000 A7=00FF7F88 D0=00000008 D1=00000008 D2=00000000 D3=00000000 D4=00000000 D5=00000000 D6=00000000 D7=00000000 xnzvc

02:8096  48 E7  MOVEM.L {d0-a7}[3c 20],-(SP)     A0=00098388 A1=00FF8036 A2=00FFE3FC A3=00028210 A4=00027E16 A5=00000000 A6=00000000 A7=00FF7F90 D0=C060FFFF D1=00000000 D2=00000001 D3=00000000 D4=00000000 D5=00000000 D6=00000000 D7=00000000 xnzvc
02:809A  42 45  CLR.W   D5                       A0=00098388 A1=00FF8036 A2=00FFE3FC A3=00028210 A4=00027E16 A5=00000000 A6=00000000 A7=00FF7F7C D0=C060FFFF D1=00000000 D2=00000001 D3=00000000 D4=00000000 D5=00000000 D6=00000000 D7=00000000 xnzvc
02:809C  30 05  MOVE.W  D5,D0                    A0=00FFE3AE A1=00FFA85A A2=00032234 A3=00028210 A4=00027E16 A5=00000000 A6=00000000 A7=00FF7F7C D0=00000006 D1=00000001 D2=00000004 D3=0000000C D4=00000001 D5=00000007 D6=00000000 D7=00000000 xNzvC
02:809E  20 7C  MOVE.L  #$00030702,A0            A0=00FFE3AE A1=00FFA85A A2=00032234 A3=00028210 A4=00027E16 A5=00000000 A6=00000000 A7=00FF7F7C D0=00000007 D1=00000001 D2=00000004 D3=0000000C D4=00000001 D5=00000007 D6=00000000 D7=00000000 xnzvc
02:80A4  72 00  MOVEQ   #$00,D1                  A0=00030702 A1=00FFA85A A2=00032234 A3=00028210 A4=00027E16 A5=00000000 A6=00000000 A7=00FF7F7C D0=00000007 D1=00000001 D2=00000004 D3=0000000C D4=00000001 D5=00000007 D6=00000000 D7=00000000 xnzvc
02:80A6  12 30  MOVE.B  $00(A0,D0),D1            A0=00030702 A1=00FFA85A A2=00032234 A3=00028210 A4=00027E16 A5=00000000 A6=00000000 A7=00FF7F7C D0=00000007 D1=00000000 D2=00000004 D3=0000000C D4=00000001 D5=00000007 D6=00000000 D7=00000000 xnZvc
02:80AA  30 01  MOVE.W  D1,D0                    A0=00030702 A1=00FFA85A A2=00032234 A3=00028210 A4=00027E16 A5=00000000 A6=00000000 A7=00FF7F7C D0=00000007 D1=00000010 D2=00000004 D3=0000000C D4=00000001 D5=00000007 D6=00000000 D7=00000000 xnzvc
02:80AC  E5 40  ASL.W   #2,D0                    A0=00030702 A1=00FFA85A A2=00032234 A3=00028210 A4=00027E16 A5=00000000 A6=00000000 A7=00FF7F7C D0=00000010 D1=00000010 D2=00000004 D3=0000000C D4=00000001 D5=00000007 D6=00000000 D7=00000000 xnzvc
02:80AE  20 7C  MOVE.L  #$0003268C,A0            A0=00030702 A1=00FFA85A A2=00032234 A3=00028210 A4=00027E16 A5=00000000 A6=00000000 A7=00FF7F7C D0=00000040 D1=00000010 D2=00000004 D3=0000000C D4=00000001 D5=00000007 D6=00000000 D7=00000000 xnzvc
02:80B4  24 70  MOVE.L  $00(A0,D0),A2            A0=0003268C A1=00FFA85A A2=00032234 A3=00028210 A4=00027E16 A5=00000000 A6=00000000 A7=00FF7F7C D0=00000040 D1=00000010 D2=00000004 D3=0000000C D4=00000001 D5=00000007 D6=00000000 D7=00000000 xnzvc
02:80B8  4E B9  JSR     ($0000D8E4)              A0=0003268C A1=00FFA85A A2=000323AC A3=00028210 A4=00027E16 A5=00000000 A6=00000000 A7=00FF7F7C D0=00000040 D1=00000010 D2=00000004 D3=0000000C D4=00000001 D5=00000007 D6=00000000 D7=00000000 xnzvc
02:80BE  36 00  MOVE.W  D0,D3                    A0=00FFA25A A1=00FFA85A A2=000323AC A3=00028210 A4=00027E16 A5=00000000 A6=00000000 A7=00FF7F7C D0=0000000D D1=00000007 D2=00000004 D3=0000000C D4=00000001 D5=00000007 D6=00000000 D7=00000000 xnzvc
02:80C0  67 5C  BEQ     #$5C [02:811E]           A0=00FFA25A A1=00FFA85A A2=000323AC A3=00028210 A4=00027E16 A5=00000000 A6=00000000 A7=00FF7F7C D0=0000000D D1=00000007 D2=00000004 D3=0000000D D4=00000001 D5=00000007 D6=00000000 D7=00000000 xnzvc
02:80C2  30 03  MOVE.W  D3,D0                    A0=00FFA25A A1=00FFA85A A2=000323AC A3=00028210 A4=00027E16 A5=00000000 A6=00000000 A7=00FF7F7C D0=0000000D D1=00000007 D2=00000004 D3=0000000D D4=00000001 D5=00000007 D6=00000000 D7=00000000 xnzvc
02:80C4  EF 40  ASL.W   #7,D0                    A0=00FFA25A A1=00FFA85A A2=000323AC A3=00028210 A4=00027E16 A5=00000000 A6=00000000 A7=00FF7F7C D0=0000000D D1=00000007 D2=00000004 D3=0000000D D4=00000001 D5=00000007 D6=00000000 D7=00000000 xnzvc
02:80C6  20 7C  MOVE.L  #$00FFA25A,A0            A0=00FFA25A A1=00FFA85A A2=000323AC A3=00028210 A4=00027E16 A5=00000000 A6=00000000 A7=00FF7F7C D0=00000680 D1=00000007 D2=00000004 D3=0000000D D4=00000001 D5=00000007 D6=00000000 D7=00000000 xnzvc
02:80CC  D0 C0  ADDA.W  D0,A0                    A0=00FFA25A A1=00FFA85A A2=000323AC A3=00028210 A4=00027E16 A5=00000000 A6=00000000 A7=00FF7F7C D0=00000680 D1=00000007 D2=00000004 D3=0000000D D4=00000001 D5=00000007 D6=00000000 D7=00000000 xnzvc
02:80CE  22 48  MOVE.L  A0,A1                    A0=00FFA8DA A1=00FFA85A A2=000323AC A3=00028210 A4=00027E16 A5=00000000 A6=00000000 A7=00FF7F7C D0=00000680 D1=00000007 D2=00000004 D3=0000000D D4=00000001 D5=00000007 D6=00000000 D7=00000000 xnzvc
02:80D0  13 52  MOVE.B  (A2),$002E(A1)           A0=00FFA8DA A1=00FFA8DA A2=000323AC A3=00028210 A4=00027E16 A5=00000000 A6=00000000 A7=00FF7F7C D0=00000680 D1=00000007 D2=00000004 D3=0000000D D4=00000001 D5=00000007 D6=00000000 D7=00000000 xnzvc
02:80D4  42 29  CLR.B   $002B(A1)                A0=00FFA8DA A1=00FFA8DA A2=000323AC A3=00028210 A4=00027E16 A5=00000000 A6=00000000 A7=00FF7F7C D0=00000680 D1=00000007 D2=00000004 D3=0000000D D4=00000001 D5=00000007 D6=00000000 D7=00000000 xnzvc
02:80D8  42 44  CLR.W   D4                       A0=00FFA8DA A1=00FFA8DA A2=000323AC A3=00028210 A4=00027E16 A5=00000000 A6=00000000 A7=00FF7F7C D0=00000680 D1=00000007 D2=00000004 D3=0000000D D4=00000001 D5=00000007 D6=00000000 D7=00000000 xnZvc
02:80DA  60 2A  BRA     #$2A [02:8106]           A0=00FFA8DA A1=00FFA8DA A2=000323AC A3=00028210 A4=00027E16 A5=00000000 A6=00000000 A7=00FF7F7C D0=00000680 D1=00000007 D2=00000004 D3=0000000D D4=00000000 D5=00000007 D6=00000000 D7=00000000 xnZvc
02:80DC  30 04  MOVE.W  D4,D0                    A0=00FFA7DA A1=00FFA7DA A2=00031C02 A3=00028210 A4=00027E16 A5=00000000 A6=00000000 A7=00FF7F7C D0=00000000 D1=00000001 D2=00000003 D3=0000000B D4=00000000 D5=00000005 D6=00000000 D7=00000000 xnzvc
02:80DE  D0 40  ADD.W   D0,D0                    A0=00FFA7DA A1=00FFA7DA A2=00031C02 A3=00028210 A4=00027E16 A5=00000000 A6=00000000 A7=00FF7F7C D0=00000000 D1=00000001 D2=00000003 D3=0000000B D4=00000000 D5=00000005 D6=00000000 D7=00000000 xnZvc
02:80E0  32 00  MOVE.W  D0,D1                    A0=00FFA7DA A1=00FFA7DA A2=00031C02 A3=00028210 A4=00027E16 A5=00000000 A6=00000000 A7=00FF7F7C D0=00000000 D1=00000001 D2=00000003 D3=0000000B D4=00000000 D5=00000005 D6=00000000 D7=00000000 xnZvc
02:80E2  E5 40  ASL.W   #2,D0                    A0=00FFA7DA A1=00FFA7DA A2=00031C02 A3=00028210 A4=00027E16 A5=00000000 A6=00000000 A7=00FF7F7C D0=00000000 D1=00000000 D2=00000003 D3=0000000B D4=00000000 D5=00000005 D6=00000000 D7=00000000 xnZvc
02:80E4  D0 41  ADD.W   D1,D0                    A0=00FFA7DA A1=00FFA7DA A2=00031C02 A3=00028210 A4=00027E16 A5=00000000 A6=00000000 A7=00FF7F7C D0=00000000 D1=00000000 D2=00000003 D3=0000000B D4=00000000 D5=00000005 D6=00000000 D7=00000000 xnZvc
02:80E6  10 32  MOVE.B  $05(A2,D0),D0            A0=00FFA7DA A1=00FFA7DA A2=00031C02 A3=00028210 A4=00027E16 A5=00000000 A6=00000000 A7=00FF7F7C D0=00000000 D1=00000000 D2=00000003 D3=0000000B D4=00000000 D5=00000005 D6=00000000 D7=00000000 xnZvc
02:80EA  02 40  ANDI.W  #$00FF,D0                A0=00FFA7DA A1=00FFA7DA A2=00031C02 A3=00028210 A4=00027E16 A5=00000000 A6=00000000 A7=00FF7F7C D0=00000002 D1=00000000 D2=00000003 D3=0000000B D4=00000000 D5=00000005 D6=00000000 D7=00000000 xnzvc
02:80EE  32 04  MOVE.W  D4,D1                    A0=00FFA7DA A1=00FFA7DA A2=00031C02 A3=00028210 A4=00027E16 A5=00000000 A6=00000000 A7=00FF7F7C D0=00000002 D1=00000000 D2=00000003 D3=0000000B D4=00000000 D5=00000005 D6=00000000 D7=00000000 xnzvc
02:80F0  D2 41  ADD.W   D1,D1                    A0=00FFA7DA A1=00FFA7DA A2=00031C02 A3=00028210 A4=00027E16 A5=00000000 A6=00000000 A7=00FF7F7C D0=00000002 D1=00000000 D2=00000003 D3=0000000B D4=00000000 D5=00000005 D6=00000000 D7=00000000 xnZvc
02:80F2  34 01  MOVE.W  D1,D2                    A0=00FFA7DA A1=00FFA7DA A2=00031C02 A3=00028210 A4=00027E16 A5=00000000 A6=00000000 A7=00FF7F7C D0=00000002 D1=00000000 D2=00000003 D3=0000000B D4=00000000 D5=00000005 D6=00000000 D7=00000000 xnZvc
02:80F4  E5 41  ASL.W   #2,D1                    A0=00FFA7DA A1=00FFA7DA A2=00031C02 A3=00028210 A4=00027E16 A5=00000000 A6=00000000 A7=00FF7F7C D0=00000002 D1=00000000 D2=00000000 D3=0000000B D4=00000000 D5=00000005 D6=00000000 D7=00000000 xnZvc
02:80F6  D2 42  ADD.W   D2,D1                    A0=00FFA7DA A1=00FFA7DA A2=00031C02 A3=00028210 A4=00027E16 A5=00000000 A6=00000000 A7=00FF7F7C D0=00000002 D1=00000000 D2=00000000 D3=0000000B D4=00000000 D5=00000005 D6=00000000 D7=00000000 xnZvc
02:80F8  74 00  MOVEQ   #$00,D2                  A0=00FFA7DA A1=00FFA7DA A2=00031C02 A3=00028210 A4=00027E16 A5=00000000 A6=00000000 A7=00FF7F7C D0=00000002 D1=00000000 D2=00000000 D3=0000000B D4=00000000 D5=00000005 D6=00000000 D7=00000000 xnZvc
02:80FA  14 32  MOVE.B  $04(A2,D1),D2            A0=00FFA7DA A1=00FFA7DA A2=00031C02 A3=00028210 A4=00027E16 A5=00000000 A6=00000000 A7=00FF7F7C D0=00000002 D1=00000000 D2=00000000 D3=0000000B D4=00000000 D5=00000005 D6=00000000 D7=00000000 xnZvc
02:80FE  C0 C2  MULU.W  D2,D0                    A0=00FFA7DA A1=00FFA7DA A2=00031C02 A3=00028210 A4=00027E16 A5=00000000 A6=00000000 A7=00FF7F7C D0=00000002 D1=00000000 D2=00000004 D3=0000000B D4=00000000 D5=00000005 D6=00000000 D7=00000000 xnzvc
02:8100  D1 29  ADD.B   D0,$002B(A1)             A0=00FFA7DA A1=00FFA7DA A2=00031C02 A3=00028210 A4=00027E16 A5=00000000 A6=00000000 A7=00FF7F7C D0=00000008 D1=00000000 D2=00000004 D3=0000000B D4=00000000 D5=00000005 D6=00000000 D7=00000000 xnzvc
02:8104  52 44  ADDQ.W  #1,D4                    A0=00FFA7DA A1=00FFA7DA A2=00031C02 A3=00028210 A4=00027E16 A5=00000000 A6=00000000 A7=00FF7F7C D0=00000008 D1=00000000 D2=00000004 D3=0000000B D4=00000000 D5=00000005 D6=00000000 D7=00000000 xnzvc
02:8106  70 00  MOVEQ   #$00,D0                  A0=00FFA55A A1=00FFA55A A2=00030DAE A3=00028210 A4=00027E16 A5=00000000 A6=00000000 A7=00FF7F7C D0=0000000C D1=00000014 D2=00000004 D3=00000006 D4=00000003 D5=00000000 D6=00000000 D7=00000000 xnzvc
02:8108  10 12  MOVE.B  (A2),D0                  A0=00FFA55A A1=00FFA55A A2=00030DAE A3=00028210 A4=00027E16 A5=00000000 A6=00000000 A7=00FF7F7C D0=00000000 D1=00000014 D2=00000004 D3=00000006 D4=00000003 D5=00000000 D6=00000000 D7=00000000 xnZvc
02:810A  22 00  MOVE.L  D0,D1                    A0=00FFA55A A1=00FFA55A A2=00030DAE A3=00028210 A4=00027E16 A5=00000000 A6=00000000 A7=00FF7F7C D0=00000008 D1=00000014 D2=00000004 D3=00000006 D4=00000003 D5=00000000 D6=00000000 D7=00000000 xnzvc
02:810C  30 04  MOVE.W  D4,D0                    A0=00FFA55A A1=00FFA55A A2=00030DAE A3=00028210 A4=00027E16 A5=00000000 A6=00000000 A7=00FF7F7C D0=00000008 D1=00000008 D2=00000004 D3=00000006 D4=00000003 D5=00000000 D6=00000000 D7=00000000 xnzvc
02:810E  48 C0  EXT.L   D0                       A0=00FFA55A A1=00FFA55A A2=00030DAE A3=00028210 A4=00027E16 A5=00000000 A6=00000000 A7=00FF7F7C D0=00000003 D1=00000008 D2=00000004 D3=00000006 D4=00000003 D5=00000000 D6=00000000 D7=00000000 xnzvc
02:8110  B2 80  CMP.L   D0,D1                    A0=00FFA55A A1=00FFA55A A2=00030DAE A3=00028210 A4=00027E16 A5=00000000 A6=00000000 A7=00FF7F7C D0=00000003 D1=00000008 D2=00000004 D3=00000006 D4=00000003 D5=00000000 D6=00000000 D7=00000000 xnzvc
02:8112  62 C8  BHI     #$C8 [02:80DC]           A0=00FFA55A A1=00FFA55A A2=00030DAE A3=00028210 A4=00027E16 A5=00000000 A6=00000000 A7=00FF7F7C D0=00000003 D1=00000008 D2=00000004 D3=00000006 D4=00000003 D5=00000000 D6=00000000 D7=00000000 xnzvc
02:8114  33 7C  MOVE.W  #$8000,$002C(A1)         A0=00FFA8DA A1=00FFA8DA A2=000323AC A3=00028210 A4=00027E16 A5=00000000 A6=00000000 A7=00FF7F7C D0=00000001 D1=00000001 D2=00000003 D3=0000000D D4=00000001 D5=00000007 D6=00000000 D7=00000000 xnZvc
02:811A  23 4A  MOVE.L  A2,$0022(A1)             A0=00FFA8DA A1=00FFA8DA A2=000323AC A3=00028210 A4=00027E16 A5=00000000 A6=00000000 A7=00FF7F7C D0=00000001 D1=00000001 D2=00000003 D3=0000000D D4=00000001 D5=00000007 D6=00000000 D7=00000000 xNzvc
02:811E  30 05  MOVE.W  D5,D0                    A0=00FFA8DA A1=00FFA8DA A2=000323AC A3=00028210 A4=00027E16 A5=00000000 A6=00000000 A7=00FF7F7C D0=00000001 D1=00000001 D2=00000003 D3=0000000D D4=00000001 D5=00000007 D6=00000000 D7=00000000 xnzvc
02:8120  20 7C  MOVE.L  #$00FFE3AE,A0            A0=00FFA8DA A1=00FFA8DA A2=000323AC A3=00028210 A4=00027E16 A5=00000000 A6=00000000 A7=00FF7F7C D0=00000007 D1=00000001 D2=00000003 D3=0000000D D4=00000001 D5=00000007 D6=00000000 D7=00000000 xnzvc
02:8126  11 83  MOVE.B  D3,$00(A0,D0)            A0=00FFE3AE A1=00FFA8DA A2=000323AC A3=00028210 A4=00027E16 A5=00000000 A6=00000000 A7=00FF7F7C D0=00000007 D1=00000001 D2=00000003 D3=0000000D D4=00000001 D5=00000007 D6=00000000 D7=00000000 xnzvc
02:812A  52 45  ADDQ.W  #1,D5                    A0=00FFE3AE A1=00FFA8DA A2=000323AC A3=00028210 A4=00027E16 A5=00000000 A6=00000000 A7=00FF7F7C D0=00000007 D1=00000001 D2=00000003 D3=0000000D D4=00000001 D5=00000007 D6=00000000 D7=00000000 xnzvc
02:812C  0C 45  CMPI.W  #$0008,D5                A0=00FFE3AE A1=00FFA8DA A2=000323AC A3=00028210 A4=00027E16 A5=00000000 A6=00000000 A7=00FF7F7C D0=00000007 D1=00000001 D2=00000003 D3=0000000D D4=00000001 D5=00000008 D6=00000000 D7=00000000 xnzvc
02:8130  6D 00  BLT     #$FF6A [02:809C]         A0=00FFE3AE A1=00FFA8DA A2=000323AC A3=00028210 A4=00027E16 A5=00000000 A6=00000000 A7=00FF7F7C D0=00000007 D1=00000001 D2=00000003 D3=0000000D D4=00000001 D5=00000008 D6=00000000 D7=00000000 xnZvc
02:8134  4C DF  MOVEM.L (SP)+,{a7-d0}[04 3c]     A0=00FFE3AE A1=00FFA8DA A2=000323AC A3=00028210 A4=00027E16 A5=00000000 A6=00000000 A7=00FF7F7C D0=00000007 D1=00000001 D2=00000003 D3=0000000D D4=00000001 D5=00000008 D6=00000000 D7=00000000 xnZvc
02:8138  4E 75  RTS                              A0=00FFE3AE A1=00FFA8DA A2=00FFE3FC A3=00028210 A4=00027E16 A5=00000000 A6=00000000 A7=00FF7F90 D0=00000007 D1=00000001 D2=00000001 D3=00000000 D4=00000000 D5=00000000 D6=00000000 D7=00000000 xnZvc

02:813A  2F 02  MOVE.L  D2,-(SP)                 A0=00032464 A1=00FFA6DA A2=00FFE3FC A3=00028210 A4=00027E16 A5=00000000 A6=00000000 A7=00FF7FA0 D0=00000000 D1=00000000 D2=00000000 D3=00000000 D4=00000000 D5=00000000 D6=00000000 D7=00000000 xnZvc
02:813C  42 42  CLR.W   D2                       A0=00032464 A1=00FFA6DA A2=00FFE3FC A3=00028210 A4=00027E16 A5=00000000 A6=00000000 A7=00FF7F9C D0=00000000 D1=00000000 D2=00000000 D3=00000000 D4=00000000 D5=00000000 D6=00000000 D7=00000000 xnZvc
02:813E  32 02  MOVE.W  D2,D1                    A0=00FFE3AE A1=00FFA6DA A2=00FFE3FC A3=00028210 A4=00027E16 A5=00000000 A6=00000000 A7=00FF7F9C D0=00000006 D1=00000006 D2=00000007 D3=00000000 D4=00000000 D5=00000000 D6=00000000 D7=00000000 xNzvC
02:8140  20 7C  MOVE.L  #$00FFE3AE,A0            A0=00FFE3AE A1=00FFA6DA A2=00FFE3FC A3=00028210 A4=00027E16 A5=00000000 A6=00000000 A7=00FF7F9C D0=00000006 D1=00000007 D2=00000007 D3=00000000 D4=00000000 D5=00000000 D6=00000000 D7=00000000 xnzvc
02:8146  70 00  MOVEQ   #$00,D0                  A0=00FFE3AE A1=00FFA6DA A2=00FFE3FC A3=00028210 A4=00027E16 A5=00000000 A6=00000000 A7=00FF7F9C D0=00000006 D1=00000007 D2=00000007 D3=00000000 D4=00000000 D5=00000000 D6=00000000 D7=00000000 xnzvc
02:8148  10 30  MOVE.B  $00(A0,D1),D0            A0=00FFE3AE A1=00FFA6DA A2=00FFE3FC A3=00028210 A4=00027E16 A5=00000000 A6=00000000 A7=00FF7F9C D0=00000000 D1=00000007 D2=00000007 D3=00000000 D4=00000000 D5=00000000 D6=00000000 D7=00000000 xnZvc
02:814C  30 00  MOVE.W  D0,D0                    A0=00FFE3AE A1=00FFA6DA A2=00FFE3FC A3=00028210 A4=00027E16 A5=00000000 A6=00000000 A7=00FF7F9C D0=0000000D D1=00000007 D2=00000007 D3=00000000 D4=00000000 D5=00000000 D6=00000000 D7=00000000 xnzvc
02:814E  67 0E  BEQ     #$0E [02:815E]           A0=00FFE3AE A1=00FFA6DA A2=00FFE3FC A3=00028210 A4=00027E16 A5=00000000 A6=00000000 A7=00FF7F9C D0=0000000D D1=00000007 D2=00000007 D3=00000000 D4=00000000 D5=00000000 D6=00000000 D7=00000000 xnzvc
02:8150  30 00  MOVE.W  D0,D0                    A0=00FFE3AE A1=00FFA6DA A2=00FFE3FC A3=00028210 A4=00027E16 A5=00000000 A6=00000000 A7=00FF7F9C D0=0000000D D1=00000007 D2=00000007 D3=00000000 D4=00000000 D5=00000000 D6=00000000 D7=00000000 xnzvc
02:8152  48 C0  EXT.L   D0                       A0=00FFE3AE A1=00FFA6DA A2=00FFE3FC A3=00028210 A4=00027E16 A5=00000000 A6=00000000 A7=00FF7F9C D0=0000000D D1=00000007 D2=00000007 D3=00000000 D4=00000000 D5=00000000 D6=00000000 D7=00000000 xnzvc
02:8154  2F 00  MOVE.L  D0,-(SP)                 A0=00FFE3AE A1=00FFA6DA A2=00FFE3FC A3=00028210 A4=00027E16 A5=00000000 A6=00000000 A7=00FF7F9C D0=0000000D D1=00000007 D2=00000007 D3=00000000 D4=00000000 D5=00000000 D6=00000000 D7=00000000 xnzvc
02:8156  4E B9  JSR     ($0000D950)              A0=00FFE3AE A1=00FFA6DA A2=00FFE3FC A3=00028210 A4=00027E16 A5=00000000 A6=00000000 A7=00FF7F98 D0=0000000D D1=00000007 D2=00000007 D3=00000000 D4=00000000 D5=00000000 D6=00000000 D7=00000000 xnzvc
02:815C  58 8F  ADDQ.L  #4,SP                    A0=00FFD9C6 A1=00FFA6DA A2=00FFE3FC A3=00028210 A4=00027E16 A5=00000000 A6=00000000 A7=00FF7F98 D0=00000007 D1=00000007 D2=00000007 D3=00000000 D4=00000000 D5=00000000 D6=00000000 D7=00000000 xnZvc
02:815E  32 02  MOVE.W  D2,D1                    A0=00FFD9C6 A1=00FFA6DA A2=00FFE3FC A3=00028210 A4=00027E16 A5=00000000 A6=00000000 A7=00FF7F9C D0=00000007 D1=00000007 D2=00000007 D3=00000000 D4=00000000 D5=00000000 D6=00000000 D7=00000000 xnZvc
02:8160  20 7C  MOVE.L  #$00FFE3AE,A0            A0=00FFD9C6 A1=00FFA6DA A2=00FFE3FC A3=00028210 A4=00027E16 A5=00000000 A6=00000000 A7=00FF7F9C D0=00000007 D1=00000007 D2=00000007 D3=00000000 D4=00000000 D5=00000000 D6=00000000 D7=00000000 xnzvc
02:8166  42 30  CLR.B   $00(A0,D1)               A0=00FFE3AE A1=00FFA6DA A2=00FFE3FC A3=00028210 A4=00027E16 A5=00000000 A6=00000000 A7=00FF7F9C D0=00000007 D1=00000007 D2=00000007 D3=00000000 D4=00000000 D5=00000000 D6=00000000 D7=00000000 xnzvc
02:816A  52 42  ADDQ.W  #1,D2                    A0=00FFE3AE A1=00FFA6DA A2=00FFE3FC A3=00028210 A4=00027E16 A5=00000000 A6=00000000 A7=00FF7F9C D0=00000007 D1=00000007 D2=00000007 D3=00000000 D4=00000000 D5=00000000 D6=00000000 D7=00000000 xnZvc
02:816C  0C 42  CMPI.W  #$0008,D2                A0=00FFE3AE A1=00FFA6DA A2=00FFE3FC A3=00028210 A4=00027E16 A5=00000000 A6=00000000 A7=00FF7F9C D0=00000007 D1=00000007 D2=00000008 D3=00000000 D4=00000000 D5=00000000 D6=00000000 D7=00000000 xnzvc
02:8170  6D CC  BLT     #$CC [02:813E]           A0=00FFE3AE A1=00FFA6DA A2=00FFE3FC A3=00028210 A4=00027E16 A5=00000000 A6=00000000 A7=00FF7F9C D0=00000007 D1=00000007 D2=00000008 D3=00000000 D4=00000000 D5=00000000 D6=00000000 D7=00000000 xnZvc
02:8172  24 1F  MOVE.L  (SP)+,D2                 A0=00FFE3AE A1=00FFA6DA A2=00FFE3FC A3=00028210 A4=00027E16 A5=00000000 A6=00000000 A7=00FF7F9C D0=00000007 D1=00000007 D2=00000008 D3=00000000 D4=00000000 D5=00000000 D6=00000000 D7=00000000 xnZvc
02:8174  4E 75  RTS                              A0=00FFE3AE A1=00FFA6DA A2=00FFE3FC A3=00028210 A4=00027E16 A5=00000000 A6=00000000 A7=00FF7FA0 D0=00000007 D1=00000007 D2=00000000 D3=00000000 D4=00000000 D5=00000000 D6=00000000 D7=00000000 xnZvc

02:8176  48 E7  MOVEM.L {d0-a7}[38 20],-(SP)     A0=00FFA5DA A1=00032468 A2=00FFE3FC A3=00028210 A4=00027E16 A5=00000000 A6=00000000 A7=00FF7F88 D0=00000106 D1=00000380 D2=00000000 D3=00000000 D4=00000000 D5=00000000 D6=00000000 D7=00000000 xNzvc
02:817A  32 2F  MOVE.W  $0016(SP),D1             A0=00FFA5DA A1=00032468 A2=00FFE3FC A3=00028210 A4=00027E16 A5=00000000 A6=00000000 A7=00FF7F78 D0=00000106 D1=00000380 D2=00000000 D3=00000000 D4=00000000 D5=00000000 D6=00000000 D7=00000000 xNzvc
02:817E  36 2F  MOVE.W  $001A(SP),D3             A0=00FFA5DA A1=00032468 A2=00FFE3FC A3=00028210 A4=00027E16 A5=00000000 A6=00000000 A7=00FF7F78 D0=00000106 D1=00000003 D2=00000000 D3=00000000 D4=00000000 D5=00000000 D6=00000000 D7=00000000 xnzvc
02:8182  38 2F  MOVE.W  $001E(SP),D4             A0=00FFA5DA A1=00032468 A2=00FFE3FC A3=00028210 A4=00027E16 A5=00000000 A6=00000000 A7=00FF7F78 D0=00000106 D1=00000003 D2=00000000 D3=00000094 D4=00000000 D5=00000000 D6=00000000 D7=00000000 xnzvc
02:8186  0C 41  CMPI.W  #$0008,D1                A0=00FFA5DA A1=00032468 A2=00FFE3FC A3=00028210 A4=00027E16 A5=00000000 A6=00000000 A7=00FF7F78 D0=00000106 D1=00000003 D2=00000000 D3=00000094 D4=00000070 D5=00000000 D6=00000000 D7=00000000 xnzvc
02:818A  6D 04  BLT     #$04 [02:8190]           A0=00FFA5DA A1=00032468 A2=00FFE3FC A3=00028210 A4=00027E16 A5=00000000 A6=00000000 A7=00FF7F78 D0=00000106 D1=00000003 D2=00000000 D3=00000094 D4=00000070 D5=00000000 D6=00000000 D7=00000000 xNzvC
02:8190  30 01  MOVE.W  D1,D0                    A0=00FFA5DA A1=00032468 A2=00FFE3FC A3=00028210 A4=00027E16 A5=00000000 A6=00000000 A7=00FF7F78 D0=00000106 D1=00000003 D2=00000000 D3=00000094 D4=00000070 D5=00000000 D6=00000000 D7=00000000 xNzvC
02:8192  E5 40  ASL.W   #2,D0                    A0=00FFA5DA A1=00032468 A2=00FFE3FC A3=00028210 A4=00027E16 A5=00000000 A6=00000000 A7=00FF7F78 D0=00000003 D1=00000003 D2=00000000 D3=00000094 D4=00000070 D5=00000000 D6=00000000 D7=00000000 xnzvc
02:8194  20 7C  MOVE.L  #$0003268C,A0            A0=00FFA5DA A1=00032468 A2=00FFE3FC A3=00028210 A4=00027E16 A5=00000000 A6=00000000 A7=00FF7F78 D0=0000000C D1=00000003 D2=00000000 D3=00000094 D4=00000070 D5=00000000 D6=00000000 D7=00000000 xnzvc
02:819A  20 30  MOVE.L  $00(A0,D0),D0            A0=0003268C A1=00032468 A2=00FFE3FC A3=00028210 A4=00027E16 A5=00000000 A6=00000000 A7=00FF7F78 D0=0000000C D1=00000003 D2=00000000 D3=00000094 D4=00000070 D5=00000000 D6=00000000 D7=00000000 xnzvc
02:819E  30 01  MOVE.W  D1,D0                    A0=0003268C A1=00032468 A2=00FFE3FC A3=00028210 A4=00027E16 A5=00000000 A6=00000000 A7=00FF7F78 D0=000311C8 D1=00000003 D2=00000000 D3=00000094 D4=00000070 D5=00000000 D6=00000000 D7=00000000 xnzvc
02:81A0  20 7C  MOVE.L  #$00FFE3AE,A0            A0=0003268C A1=00032468 A2=00FFE3FC A3=00028210 A4=00027E16 A5=00000000 A6=00000000 A7=00FF7F78 D0=00030003 D1=00000003 D2=00000000 D3=00000094 D4=00000070 D5=00000000 D6=00000000 D7=00000000 xnzvc
02:81A6  74 00  MOVEQ   #$00,D2                  A0=00FFE3AE A1=00032468 A2=00FFE3FC A3=00028210 A4=00027E16 A5=00000000 A6=00000000 A7=00FF7F78 D0=00030003 D1=00000003 D2=00000000 D3=00000094 D4=00000070 D5=00000000 D6=00000000 D7=00000000 xnzvc
02:81A8  14 30  MOVE.B  $00(A0,D0),D2            A0=00FFE3AE A1=00032468 A2=00FFE3FC A3=00028210 A4=00027E16 A5=00000000 A6=00000000 A7=00FF7F78 D0=00030003 D1=00000003 D2=00000000 D3=00000094 D4=00000070 D5=00000000 D6=00000000 D7=00000000 xnZvc
02:81AC  30 02  MOVE.W  D2,D0                    A0=00FFE3AE A1=00032468 A2=00FFE3FC A3=00028210 A4=00027E16 A5=00000000 A6=00000000 A7=00FF7F78 D0=00030003 D1=00000003 D2=00000009 D3=00000094 D4=00000070 D5=00000000 D6=00000000 D7=00000000 xnzvc
02:81AE  EF 40  ASL.W   #7,D0                    A0=00FFE3AE A1=00032468 A2=00FFE3FC A3=00028210 A4=00027E16 A5=00000000 A6=00000000 A7=00FF7F78 D0=00030009 D1=00000003 D2=00000009 D3=00000094 D4=00000070 D5=00000000 D6=00000000 D7=00000000 xnzvc
02:81B0  20 7C  MOVE.L  #$00FFA25A,A0            A0=00FFE3AE A1=00032468 A2=00FFE3FC A3=00028210 A4=00027E16 A5=00000000 A6=00000000 A7=00FF7F78 D0=00030480 D1=00000003 D2=00000009 D3=00000094 D4=00000070 D5=00000000 D6=00000000 D7=00000000 xnzvc
02:81B6  D0 C0  ADDA.W  D0,A0                    A0=00FFA25A A1=00032468 A2=00FFE3FC A3=00028210 A4=00027E16 A5=00000000 A6=00000000 A7=00FF7F78 D0=00030480 D1=00000003 D2=00000009 D3=00000094 D4=00000070 D5=00000000 D6=00000000 D7=00000000 xnzvc
02:81B8  24 48  MOVE.L  A0,A2                    A0=00FFA6DA A1=00032468 A2=00FFE3FC A3=00028210 A4=00027E16 A5=00000000 A6=00000000 A7=00FF7F78 D0=00030480 D1=00000003 D2=00000009 D3=00000094 D4=00000070 D5=00000000 D6=00000000 D7=00000000 xnzvc
02:81BA  34 83  MOVE.W  D3,(A2)                  A0=00FFA6DA A1=00032468 A2=00FFA6DA A3=00028210 A4=00027E16 A5=00000000 A6=00000000 A7=00FF7F78 D0=00030480 D1=00000003 D2=00000009 D3=00000094 D4=00000070 D5=00000000 D6=00000000 D7=00000000 xnzvc
02:81BC  35 44  MOVE.W  D4,$0002(A2)             A0=00FFA6DA A1=00032468 A2=00FFA6DA A3=00028210 A4=00027E16 A5=00000000 A6=00000000 A7=00FF7F78 D0=00030480 D1=00000003 D2=00000009 D3=00000094 D4=00000070 D5=00000000 D6=00000000 D7=00000000 xnzvc
02:81C0  0C 41  CMPI.W  #$0003,D1                A0=00FFA6DA A1=00032468 A2=00FFA6DA A3=00028210 A4=00027E16 A5=00000000 A6=00000000 A7=00FF7F78 D0=00030480 D1=00000003 D2=00000009 D3=00000094 D4=00000070 D5=00000000 D6=00000000 D7=00000000 xnzvc
02:81C4  66 0A  BNE     #$0A [02:81D0]           A0=00FFA6DA A1=00032468 A2=00FFA6DA A3=00028210 A4=00027E16 A5=00000000 A6=00000000 A7=00FF7F78 D0=00030480 D1=00000003 D2=00000009 D3=00000094 D4=00000070 D5=00000000 D6=00000000 D7=00000000 xnZvc
02:81C6  5A 6A  ADDQ.W  #5,$0002(A2)             A0=00FFA6DA A1=00032468 A2=00FFA6DA A3=00028210 A4=00027E16 A5=00000000 A6=00000000 A7=00FF7F78 D0=00030480 D1=00000003 D2=00000009 D3=00000094 D4=00000070 D5=00000000 D6=00000000 D7=00000000 xnZvc
02:81CA  35 7C  MOVE.W  #$0005,$0004(A2)         A0=00FFA6DA A1=00032468 A2=00FFA6DA A3=00028210 A4=00027E16 A5=00000000 A6=00000000 A7=00FF7F78 D0=00030480 D1=00000003 D2=00000009 D3=00000094 D4=00000070 D5=00000000 D6=00000000 D7=00000000 xnzvc
02:81D0  30 01  MOVE.W  D1,D0                    A0=00FFA6DA A1=00032468 A2=00FFA6DA A3=00028210 A4=00027E16 A5=00000000 A6=00000000 A7=00FF7F78 D0=00030480 D1=00000003 D2=00000009 D3=00000094 D4=00000070 D5=00000000 D6=00000000 D7=00000000 xnzvc
02:81D2  D0 40  ADD.W   D0,D0                    A0=00FFA6DA A1=00032468 A2=00FFA6DA A3=00028210 A4=00027E16 A5=00000000 A6=00000000 A7=00FF7F78 D0=00030003 D1=00000003 D2=00000009 D3=00000094 D4=00000070 D5=00000000 D6=00000000 D7=00000000 xnzvc
02:81D4  20 7C  MOVE.L  #$00030740,A0            A0=00FFA6DA A1=00032468 A2=00FFA6DA A3=00028210 A4=00027E16 A5=00000000 A6=00000000 A7=00FF7F78 D0=00030006 D1=00000003 D2=00000009 D3=00000094 D4=00000070 D5=00000000 D6=00000000 D7=00000000 xnzvc
02:81DA  D0 C0  ADDA.W  D0,A0                    A0=00030740 A1=00032468 A2=00FFA6DA A3=00028210 A4=00027E16 A5=00000000 A6=00000000 A7=00FF7F78 D0=00030006 D1=00000003 D2=00000009 D3=00000094 D4=00000070 D5=00000000 D6=00000000 D7=00000000 xnzvc
02:81DC  25 48  MOVE.L  A0,$001A(A2)             A0=00030746 A1=00032468 A2=00FFA6DA A3=00028210 A4=00027E16 A5=00000000 A6=00000000 A7=00FF7F78 D0=00030006 D1=00000003 D2=00000009 D3=00000094 D4=00000070 D5=00000000 D6=00000000 D7=00000000 xnzvc
02:81E0  25 7C  MOVE.L  #$0003268C,$001E(A2)     A0=00030746 A1=00032468 A2=00FFA6DA A3=00028210 A4=00027E16 A5=00000000 A6=00000000 A7=00FF7F78 D0=00030006 D1=00000003 D2=00000009 D3=00000094 D4=00000070 D5=00000000 D6=00000000 D7=00000000 xnzvc
02:81E8  15 7C  MOVE.B  #$0A,$0027(A2)           A0=00030746 A1=00032468 A2=00FFA6DA A3=00028210 A4=00027E16 A5=00000000 A6=00000000 A7=00FF7F78 D0=00030006 D1=00000003 D2=00000009 D3=00000094 D4=00000070 D5=00000000 D6=00000000 D7=00000000 xnzvc
02:81EE  15 7C  MOVE.B  #$01,$0028(A2)           A0=00030746 A1=00032468 A2=00FFA6DA A3=00028210 A4=00027E16 A5=00000000 A6=00000000 A7=00FF7F78 D0=00030006 D1=00000003 D2=00000009 D3=00000094 D4=00000070 D5=00000000 D6=00000000 D7=00000000 xnzvc
02:81F4  15 7C  MOVE.B  #$FF,$0026(A2)           A0=00030746 A1=00032468 A2=00FFA6DA A3=00028210 A4=00027E16 A5=00000000 A6=00000000 A7=00FF7F78 D0=00030006 D1=00000003 D2=00000009 D3=00000094 D4=00000070 D5=00000000 D6=00000000 D7=00000000 xnzvc
02:81FA  42 A7  CLR.L   -(SP)                    A0=00030746 A1=00032468 A2=00FFA6DA A3=00028210 A4=00027E16 A5=00000000 A6=00000000 A7=00FF7F78 D0=00030006 D1=00000003 D2=00000009 D3=00000094 D4=00000070 D5=00000000 D6=00000000 D7=00000000 xNzvc
02:81FC  2F 0A  MOVE.L  A2,-(SP)                 A0=00030746 A1=00032468 A2=00FFA6DA A3=00028210 A4=00027E16 A5=00000000 A6=00000000 A7=00FF7F74 D0=00030006 D1=00000003 D2=00000009 D3=00000094 D4=00000070 D5=00000000 D6=00000000 D7=00000000 xnZvc
02:81FE  4E B9  JSR     ($0000D756)              A0=00030746 A1=00032468 A2=00FFA6DA A3=00028210 A4=00027E16 A5=00000000 A6=00000000 A7=00FF7F70 D0=00030006 D1=00000003 D2=00000009 D3=00000094 D4=00000070 D5=00000000 D6=00000000 D7=00000000 xnzvc
02:8204  50 8F  ADDQ.L  #8,SP                    A0=00FFA70A A1=00FFD940 A2=00FFA6DA A3=00028210 A4=00027E16 A5=00000000 A6=00000000 A7=00FF7F70 D0=00000002 D1=00000019 D2=00000009 D3=00000094 D4=00000070 D5=00000000 D6=00000000 D7=00000000 xnzvc
02:8206  42 2A  CLR.B   $004A(A2)                A0=00FFA70A A1=00FFD940 A2=00FFA6DA A3=00028210 A4=00027E16 A5=00000000 A6=00000000 A7=00FF7F78 D0=00000002 D1=00000019 D2=00000009 D3=00000094 D4=00000070 D5=00000000 D6=00000000 D7=00000000 xnzvc
02:820A  4C DF  MOVEM.L (SP)+,{a7-d0}[04 1c]     A0=00FFA70A A1=00FFD940 A2=00FFA6DA A3=00028210 A4=00027E16 A5=00000000 A6=00000000 A7=00FF7F78 D0=00000002 D1=00000019 D2=00000009 D3=00000094 D4=00000070 D5=00000000 D6=00000000 D7=00000000 xnZvc
02:820E  4E 75  RTS                              A0=00FFA70A A1=00FFD940 A2=00FFE3FC A3=00028210 A4=00027E16 A5=00000000 A6=00000000 A7=00FF7F88 D0=00000002 D1=00000019 D2=00000000 D3=00000000 D4=00000000 D5=00000000 D6=00000000 D7=00000000 xnZvc

02:8210  48 E7  MOVEM.L {d0-a7}[30 00],-(SP)     A0=00FF9364 A1=00032468 A2=00FFE39E A3=00FFE3A0 A4=00FFE3F8 A5=00000000 A6=00000000 A7=00FF7F78 D0=0000000A D1=00000018 D2=00000000 D3=00000001 D4=00000000 D5=00000000 D6=00000000 D7=00000000 xnzvc
02:8214  32 2F  MOVE.W  $000E(SP),D1             A0=00FF9364 A1=00032468 A2=00FFE39E A3=00FFE3A0 A4=00FFE3F8 A5=00000000 A6=00000000 A7=00FF7F70 D0=0000000A D1=00000018 D2=00000000 D3=00000001 D4=00000000 D5=00000000 D6=00000000 D7=00000000 xnzvc
02:8218  24 2F  MOVE.L  $0010(SP),D2             A0=00FF9364 A1=00032468 A2=00FFE39E A3=00FFE3A0 A4=00FFE3F8 A5=00000000 A6=00000000 A7=00FF7F70 D0=0000000A D1=00000002 D2=00000000 D3=00000001 D4=00000000 D5=00000000 D6=00000000 D7=00000000 xnzvc
02:821C  10 2F  MOVE.B  $0017(SP),D0             A0=00FF9364 A1=00032468 A2=00FFE39E A3=00FFE3A0 A4=00FFE3F8 A5=00000000 A6=00000000 A7=00FF7F70 D0=0000000A D1=00000002 D2=000306E1 D3=00000001 D4=00000000 D5=00000000 D6=00000000 D7=00000000 xnzvc
02:8220  36 01  MOVE.W  D1,D3                    A0=00FF9364 A1=00032468 A2=00FFE39E A3=00FFE3A0 A4=00FFE3F8 A5=00000000 A6=00000000 A7=00FF7F70 D0=00000006 D1=00000002 D2=000306E1 D3=00000001 D4=00000000 D5=00000000 D6=00000000 D7=00000000 xnzvc
02:8222  20 7C  MOVE.L  #$00FFE3AE,A0            A0=00FF9364 A1=00032468 A2=00FFE39E A3=00FFE3A0 A4=00FFE3F8 A5=00000000 A6=00000000 A7=00FF7F70 D0=00000006 D1=00000002 D2=000306E1 D3=00000002 D4=00000000 D5=00000000 D6=00000000 D7=00000000 xnzvc
02:8228  72 00  MOVEQ   #$00,D1                  A0=00FFE3AE A1=00032468 A2=00FFE39E A3=00FFE3A0 A4=00FFE3F8 A5=00000000 A6=00000000 A7=00FF7F70 D0=00000006 D1=00000002 D2=000306E1 D3=00000002 D4=00000000 D5=00000000 D6=00000000 D7=00000000 xnzvc
02:822A  12 30  MOVE.B  $00(A0,D3),D1            A0=00FFE3AE A1=00032468 A2=00FFE39E A3=00FFE3A0 A4=00FFE3F8 A5=00000000 A6=00000000 A7=00FF7F70 D0=00000006 D1=00000000 D2=000306E1 D3=00000002 D4=00000000 D5=00000000 D6=00000000 D7=00000000 xnZvc
02:822E  EF 41  ASL.W   #7,D1                    A0=00FFE3AE A1=00032468 A2=00FFE39E A3=00FFE3A0 A4=00FFE3F8 A5=00000000 A6=00000000 A7=00FF7F70 D0=00000006 D1=00000008 D2=000306E1 D3=00000002 D4=00000000 D5=00000000 D6=00000000 D7=00000000 xnzvc
02:8230  20 7C  MOVE.L  #$00FFA25A,A0            A0=00FFE3AE A1=00032468 A2=00FFE39E A3=00FFE3A0 A4=00FFE3F8 A5=00000000 A6=00000000 A7=00FF7F70 D0=00000006 D1=00000400 D2=000306E1 D3=00000002 D4=00000000 D5=00000000 D6=00000000 D7=00000000 xnzvc
02:8236  D0 C1  ADDA.W  D1,A0                    A0=00FFA25A A1=00032468 A2=00FFE39E A3=00FFE3A0 A4=00FFE3F8 A5=00000000 A6=00000000 A7=00FF7F70 D0=00000006 D1=00000400 D2=000306E1 D3=00000002 D4=00000000 D5=00000000 D6=00000000 D7=00000000 xnzvc
02:8238  21 42  MOVE.L  D2,$001A(A0)             A0=00FFA65A A1=00032468 A2=00FFE39E A3=00FFE3A0 A4=00FFE3F8 A5=00000000 A6=00000000 A7=00FF7F70 D0=00000006 D1=00000400 D2=000306E1 D3=00000002 D4=00000000 D5=00000000 D6=00000000 D7=00000000 xnzvc
02:823C  11 40  MOVE.B  D0,$0027(A0)             A0=00FFA65A A1=00032468 A2=00FFE39E A3=00FFE3A0 A4=00FFE3F8 A5=00000000 A6=00000000 A7=00FF7F70 D0=00000006 D1=00000400 D2=000306E1 D3=00000002 D4=00000000 D5=00000000 D6=00000000 D7=00000000 xnzvc
02:8240  11 7C  MOVE.B  #$01,$0028(A0)           A0=00FFA65A A1=00032468 A2=00FFE39E A3=00FFE3A0 A4=00FFE3F8 A5=00000000 A6=00000000 A7=00FF7F70 D0=00000006 D1=00000400 D2=000306E1 D3=00000002 D4=00000000 D5=00000000 D6=00000000 D7=00000000 xnzvc
02:8246  11 7C  MOVE.B  #$FF,$0026(A0)           A0=00FFA65A A1=00032468 A2=00FFE39E A3=00FFE3A0 A4=00FFE3F8 A5=00000000 A6=00000000 A7=00FF7F70 D0=00000006 D1=00000400 D2=000306E1 D3=00000002 D4=00000000 D5=00000000 D6=00000000 D7=00000000 xnzvc
02:824C  4C DF  MOVEM.L (SP)+,{a7-d0}[00 0c]     A0=00FFA65A A1=00032468 A2=00FFE39E A3=00FFE3A0 A4=00FFE3F8 A5=00000000 A6=00000000 A7=00FF7F70 D0=00000006 D1=00000400 D2=000306E1 D3=00000002 D4=00000000 D5=00000000 D6=00000000 D7=00000000 xNzvc
02:8250  4E 75  RTS                              A0=00FFA65A A1=00032468 A2=00FFE39E A3=00FFE3A0 A4=00FFE3F8 A5=00000000 A6=00000000 A7=00FF7F78 D0=00000006 D1=00000400 D2=00000000 D3=00000001 D4=00000000 D5=00000000 D6=00000000 D7=00000000 xNzvc

02:8252  30 2F  MOVE.W  $0006(SP),D0             A0=00FFD976 A1=00032468 A2=00028252 A3=00028210 A4=00027E16 A5=00000000 A6=00000000 A7=00FF7F7C D0=00000020 D1=0000001F D2=00000000 D3=00000000 D4=00000000 D5=00000000 D6=00000000 D7=00000000 xnZvc
02:8256  0C 40  CMPI.W  #$0008,D0                A0=00FFD976 A1=00032468 A2=00028252 A3=00028210 A4=00027E16 A5=00000000 A6=00000000 A7=00FF7F7C D0=00000007 D1=0000001F D2=00000000 D3=00000000 D4=00000000 D5=00000000 D6=00000000 D7=00000000 xnzvc
02:825A  6D 02  BLT     #$02 [02:825E]           A0=00FFD976 A1=00032468 A2=00028252 A3=00028210 A4=00027E16 A5=00000000 A6=00000000 A7=00FF7F7C D0=00000007 D1=0000001F D2=00000000 D3=00000000 D4=00000000 D5=00000000 D6=00000000 D7=00000000 xNzvC
02:825E  32 00  MOVE.W  D0,D1                    A0=00FFD976 A1=00032468 A2=00028252 A3=00028210 A4=00027E16 A5=00000000 A6=00000000 A7=00FF7F7C D0=00000007 D1=0000001F D2=00000000 D3=00000000 D4=00000000 D5=00000000 D6=00000000 D7=00000000 xNzvC
02:8260  20 7C  MOVE.L  #$00FFE3AE,A0            A0=00FFD976 A1=00032468 A2=00028252 A3=00028210 A4=00027E16 A5=00000000 A6=00000000 A7=00FF7F7C D0=00000007 D1=00000007 D2=00000000 D3=00000000 D4=00000000 D5=00000000 D6=00000000 D7=00000000 xnzvc
02:8266  70 00  MOVEQ   #$00,D0                  A0=00FFE3AE A1=00032468 A2=00028252 A3=00028210 A4=00027E16 A5=00000000 A6=00000000 A7=00FF7F7C D0=00000007 D1=00000007 D2=00000000 D3=00000000 D4=00000000 D5=00000000 D6=00000000 D7=00000000 xnzvc
02:8268  10 30  MOVE.B  $00(A0,D1),D0            A0=00FFE3AE A1=00032468 A2=00028252 A3=00028210 A4=00027E16 A5=00000000 A6=00000000 A7=00FF7F7C D0=00000000 D1=00000007 D2=00000000 D3=00000000 D4=00000000 D5=00000000 D6=00000000 D7=00000000 xnZvc
02:826C  EF 40  ASL.W   #7,D0                    A0=00FFE3AE A1=00032468 A2=00028252 A3=00028210 A4=00027E16 A5=00000000 A6=00000000 A7=00FF7F7C D0=0000000D D1=00000007 D2=00000000 D3=00000000 D4=00000000 D5=00000000 D6=00000000 D7=00000000 xnzvc
02:826E  20 7C  MOVE.L  #$00FFA25A,A0            A0=00FFE3AE A1=00032468 A2=00028252 A3=00028210 A4=00027E16 A5=00000000 A6=00000000 A7=00FF7F7C D0=00000680 D1=00000007 D2=00000000 D3=00000000 D4=00000000 D5=00000000 D6=00000000 D7=00000000 xnzvc
02:8274  D0 C0  ADDA.W  D0,A0                    A0=00FFA25A A1=00032468 A2=00028252 A3=00028210 A4=00027E16 A5=00000000 A6=00000000 A7=00FF7F7C D0=00000680 D1=00000007 D2=00000000 D3=00000000 D4=00000000 D5=00000000 D6=00000000 D7=00000000 xnzvc
02:8276  08 28  BTST    #0,$002F(A0)             A0=00FFA8DA A1=00032468 A2=00028252 A3=00028210 A4=00027E16 A5=00000000 A6=00000000 A7=00FF7F7C D0=00000680 D1=00000007 D2=00000000 D3=00000000 D4=00000000 D5=00000000 D6=00000000 D7=00000000 xnzvc
02:827C  66 02  BNE     #$02 [02:8280]           A0=00FFA8DA A1=00032468 A2=00028252 A3=00028210 A4=00027E16 A5=00000000 A6=00000000 A7=00FF7F7C D0=00000680 D1=00000007 D2=00000000 D3=00000000 D4=00000000 D5=00000000 D6=00000000 D7=00000000 xnzvc
02:8280  42 A7  CLR.L   -(SP)                    A0=00FFA8DA A1=00032468 A2=00028252 A3=00028210 A4=00027E16 A5=00000000 A6=00000000 A7=00FF7F7C D0=00000680 D1=00000007 D2=00000000 D3=00000000 D4=00000000 D5=00000000 D6=00000000 D7=00000000 xnzvc
02:8282  2F 08  MOVE.L  A0,-(SP)                 A0=00FFA8DA A1=00032468 A2=00028252 A3=00028210 A4=00027E16 A5=00000000 A6=00000000 A7=00FF7F78 D0=00000680 D1=00000007 D2=00000000 D3=00000000 D4=00000000 D5=00000000 D6=00000000 D7=00000000 xnZvc
02:8284  4E B9  JSR     ($0000D7FA)              A0=00FFA8DA A1=00032468 A2=00028252 A3=00028210 A4=00027E16 A5=00000000 A6=00000000 A7=00FF7F74 D0=00000680 D1=00000007 D2=00000000 D3=00000000 D4=00000000 D5=00000000 D6=00000000 D7=00000000 xnzvc
02:828A  50 8F  ADDQ.L  #8,SP                    A0=00FFD976 A1=00032468 A2=00028252 A3=00028210 A4=00027E16 A5=00000000 A6=00000000 A7=00FF7F74 D0=00000022 D1=00000021 D2=00000000 D3=00000000 D4=00000000 D5=00000000 D6=00000000 D7=00000000 xnZvc
02:828C  4E 75  RTS                              A0=00FFD976 A1=00032468 A2=00028252 A3=00028210 A4=00027E16 A5=00000000 A6=00000000 A7=00FF7F7C D0=00000022 D1=00000021 D2=00000000 D3=00000000 D4=00000000 D5=00000000 D6=00000000 D7=00000000 xnZvc

02:828E  2F 0A  MOVE.L  A2,-(SP)                 A0=017651C8 A1=33B5EC55 A2=00FFE3FC A3=00028210 A4=00027E16 A5=00000000 A6=00000000 A7=00FF7F9C D0=00009DAA D1=21CA9A8D D2=00000001 D3=00000000 D4=00000000 D5=00000000 D6=00000000 D7=00000000 xnZvc
02:8290  24 7C  MOVE.L  #$00028176,A2            A0=017651C8 A1=33B5EC55 A2=00FFE3FC A3=00028210 A4=00027E16 A5=00000000 A6=00000000 A7=00FF7F98 D0=00009DAA D1=21CA9A8D D2=00000001 D3=00000000 D4=00000000 D5=00000000 D6=00000000 D7=00000000 xnzvc
02:8296  48 78  PEA     ($0070)                  A0=017651C8 A1=33B5EC55 A2=00028176 A3=00028210 A4=00027E16 A5=00000000 A6=00000000 A7=00FF7F98 D0=00009DAA D1=21CA9A8D D2=00000001 D3=00000000 D4=00000000 D5=00000000 D6=00000000 D7=00000000 xnzvc
02:829A  48 78  PEA     ($0094)                  A0=017651C8 A1=33B5EC55 A2=00028176 A3=00028210 A4=00027E16 A5=00000000 A6=00000000 A7=00FF7F94 D0=00009DAA D1=21CA9A8D D2=00000001 D3=00000000 D4=00000000 D5=00000000 D6=00000000 D7=00000000 xnzvc
02:829E  42 A7  CLR.L   -(SP)                    A0=017651C8 A1=33B5EC55 A2=00028176 A3=00028210 A4=00027E16 A5=00000000 A6=00000000 A7=00FF7F90 D0=00009DAA D1=21CA9A8D D2=00000001 D3=00000000 D4=00000000 D5=00000000 D6=00000000 D7=00000000 xnzvc
02:82A0  4E 92  JSR     (A2)                     A0=017651C8 A1=33B5EC55 A2=00028176 A3=00028210 A4=00027E16 A5=00000000 A6=00000000 A7=00FF7F8C D0=00009DAA D1=21CA9A8D D2=00000001 D3=00000000 D4=00000000 D5=00000000 D6=00000000 D7=00000000 xnZvc
02:82A2  48 78  PEA     ($0070)                  A0=00FFA591 A1=00FFD940 A2=00028176 A3=00028210 A4=00027E16 A5=00000000 A6=00000000 A7=00FF7F8C D0=00000002 D1=00000019 D2=00000001 D3=00000000 D4=00000000 D5=00000000 D6=00000000 D7=00000000 xnZvc
02:82A6  48 78  PEA     ($0094)                  A0=00FFA591 A1=00FFD940 A2=00028176 A3=00028210 A4=00027E16 A5=00000000 A6=00000000 A7=00FF7F88 D0=00000002 D1=00000019 D2=00000001 D3=00000000 D4=00000000 D5=00000000 D6=00000000 D7=00000000 xnZvc
02:82AA  48 78  PEA     ($0004)                  A0=00FFA591 A1=00FFD940 A2=00028176 A3=00028210 A4=00027E16 A5=00000000 A6=00000000 A7=00FF7F84 D0=00000002 D1=00000019 D2=00000001 D3=00000000 D4=00000000 D5=00000000 D6=00000000 D7=00000000 xnZvc
02:82AE  4E 92  JSR     (A2)                     A0=00FFA591 A1=00FFD940 A2=00028176 A3=00028210 A4=00027E16 A5=00000000 A6=00000000 A7=00FF7F80 D0=00000002 D1=00000019 D2=00000001 D3=00000000 D4=00000000 D5=00000000 D6=00000000 D7=00000000 xnZvc
02:82B0  48 78  PEA     ($0070)                  A0=00FFA78F A1=00FFD940 A2=00028176 A3=00028210 A4=00027E16 A5=00000000 A6=00000000 A7=00FF7F80 D0=00000002 D1=00000019 D2=00000001 D3=00000000 D4=00000000 D5=00000000 D6=00000000 D7=00000000 xnZvc
02:82B4  48 78  PEA     ($0094)                  A0=00FFA78F A1=00FFD940 A2=00028176 A3=00028210 A4=00027E16 A5=00000000 A6=00000000 A7=00FF7F7C D0=00000002 D1=00000019 D2=00000001 D3=00000000 D4=00000000 D5=00000000 D6=00000000 D7=00000000 xnZvc
02:82B8  48 78  PEA     ($0001)                  A0=00FFA78F A1=00FFD940 A2=00028176 A3=00028210 A4=00027E16 A5=00000000 A6=00000000 A7=00FF7F78 D0=00000002 D1=00000019 D2=00000001 D3=00000000 D4=00000000 D5=00000000 D6=00000000 D7=00000000 xnZvc
02:82BC  4E 92  JSR     (A2)                     A0=00FFA78F A1=00FFD940 A2=00028176 A3=00028210 A4=00027E16 A5=00000000 A6=00000000 A7=00FF7F74 D0=00000002 D1=00000019 D2=00000001 D3=00000000 D4=00000000 D5=00000000 D6=00000000 D7=00000000 xnZvc
02:82BE  48 78  PEA     ($0070)                  A0=00FFA60B A1=00FFD940 A2=00028176 A3=00028210 A4=00027E16 A5=00000000 A6=00000000 A7=00FF7F74 D0=00000002 D1=00000019 D2=00000001 D3=00000000 D4=00000000 D5=00000000 D6=00000000 D7=00000000 xnZvc
02:82C2  48 78  PEA     ($0094)                  A0=00FFA60B A1=00FFD940 A2=00028176 A3=00028210 A4=00027E16 A5=00000000 A6=00000000 A7=00FF7F70 D0=00000002 D1=00000019 D2=00000001 D3=00000000 D4=00000000 D5=00000000 D6=00000000 D7=00000000 xnZvc
02:82C6  48 78  PEA     ($0002)                  A0=00FFA60B A1=00FFD940 A2=00028176 A3=00028210 A4=00027E16 A5=00000000 A6=00000000 A7=00FF7F6C D0=00000002 D1=00000019 D2=00000001 D3=00000000 D4=00000000 D5=00000000 D6=00000000 D7=00000000 xnZvc
02:82CA  4E 92  JSR     (A2)                     A0=00FFA60B A1=00FFD940 A2=00028176 A3=00028210 A4=00027E16 A5=00000000 A6=00000000 A7=00FF7F68 D0=00000002 D1=00000019 D2=00000001 D3=00000000 D4=00000000 D5=00000000 D6=00000000 D7=00000000 xnZvc
02:82CC  48 78  PEA     ($0070)                  A0=00FFA68B A1=00FFD940 A2=00028176 A3=00028210 A4=00027E16 A5=00000000 A6=00000000 A7=00FF7F68 D0=00000002 D1=00000019 D2=00000001 D3=00000000 D4=00000000 D5=00000000 D6=00000000 D7=00000000 xnZvc
02:82D0  48 78  PEA     ($0094)                  A0=00FFA68B A1=00FFD940 A2=00028176 A3=00028210 A4=00027E16 A5=00000000 A6=00000000 A7=00FF7F64 D0=00000002 D1=00000019 D2=00000001 D3=00000000 D4=00000000 D5=00000000 D6=00000000 D7=00000000 xnZvc
02:82D4  48 78  PEA     ($0005)                  A0=00FFA68B A1=00FFD940 A2=00028176 A3=00028210 A4=00027E16 A5=00000000 A6=00000000 A7=00FF7F60 D0=00000002 D1=00000019 D2=00000001 D3=00000000 D4=00000000 D5=00000000 D6=00000000 D7=00000000 xnZvc
02:82D8  4E 92  JSR     (A2)                     A0=00FFA68B A1=00FFD940 A2=00028176 A3=00028210 A4=00027E16 A5=00000000 A6=00000000 A7=00FF7F5C D0=00000002 D1=00000019 D2=00000001 D3=00000000 D4=00000000 D5=00000000 D6=00000000 D7=00000000 xnZvc
02:82DA  48 78  PEA     ($0070)                  A0=00FFA80A A1=00FFD940 A2=00028176 A3=00028210 A4=00027E16 A5=00000000 A6=00000000 A7=00FF7F5C D0=00000002 D1=00000019 D2=00000001 D3=00000000 D4=00000000 D5=00000000 D6=00000000 D7=00000000 xnZvc
02:82DE  48 78  PEA     ($0094)                  A0=00FFA80A A1=00FFD940 A2=00028176 A3=00028210 A4=00027E16 A5=00000000 A6=00000000 A7=00FF7F58 D0=00000002 D1=00000019 D2=00000001 D3=00000000 D4=00000000 D5=00000000 D6=00000000 D7=00000000 xnZvc
02:82E2  48 78  PEA     ($0006)                  A0=00FFA80A A1=00FFD940 A2=00028176 A3=00028210 A4=00027E16 A5=00000000 A6=00000000 A7=00FF7F54 D0=00000002 D1=00000019 D2=00000001 D3=00000000 D4=00000000 D5=00000000 D6=00000000 D7=00000000 xnZvc
02:82E6  4E 92  JSR     (A2)                     A0=00FFA80A A1=00FFD940 A2=00028176 A3=00028210 A4=00027E16 A5=00000000 A6=00000000 A7=00FF7F50 D0=00000002 D1=00000019 D2=00000001 D3=00000000 D4=00000000 D5=00000000 D6=00000000 D7=00000000 xnZvc
02:82E8  48 78  PEA     ($0070)                  A0=00FFA88A A1=00FFD940 A2=00028176 A3=00028210 A4=00027E16 A5=00000000 A6=00000000 A7=00FF7F50 D0=00000002 D1=00000019 D2=00000001 D3=00000000 D4=00000000 D5=00000000 D6=00000000 D7=00000000 xnZvc
02:82EC  48 78  PEA     ($0094)                  A0=00FFA88A A1=00FFD940 A2=00028176 A3=00028210 A4=00027E16 A5=00000000 A6=00000000 A7=00FF7F4C D0=00000002 D1=00000019 D2=00000001 D3=00000000 D4=00000000 D5=00000000 D6=00000000 D7=00000000 xnZvc
02:82F0  48 78  PEA     ($0007)                  A0=00FFA88A A1=00FFD940 A2=00028176 A3=00028210 A4=00027E16 A5=00000000 A6=00000000 A7=00FF7F48 D0=00000002 D1=00000019 D2=00000001 D3=00000000 D4=00000000 D5=00000000 D6=00000000 D7=00000000 xnZvc
02:82F4  4E 92  JSR     (A2)                     A0=00FFA88A A1=00FFD940 A2=00028176 A3=00028210 A4=00027E16 A5=00000000 A6=00000000 A7=00FF7F44 D0=00000002 D1=00000019 D2=00000001 D3=00000000 D4=00000000 D5=00000000 D6=00000000 D7=00000000 xnZvc
02:82F6  4F EF  LEA     $0054(SP),A7             A0=00FFA90A A1=00FFD940 A2=00028176 A3=00028210 A4=00027E16 A5=00000000 A6=00000000 A7=00FF7F44 D0=00000002 D1=00000019 D2=00000001 D3=00000000 D4=00000000 D5=00000000 D6=00000000 D7=00000000 xnZvc
02:82FA  24 5F  MOVE.L  (SP)+,A2                 A0=00FFA90A A1=00FFD940 A2=00028176 A3=00028210 A4=00027E16 A5=00000000 A6=00000000 A7=00FF7F98 D0=00000002 D1=00000019 D2=00000001 D3=00000000 D4=00000000 D5=00000000 D6=00000000 D7=00000000 xnZvc
02:82FC  4E 75  RTS                              A0=00FFA90A A1=00FFD940 A2=00FFE3FC A3=00028210 A4=00027E16 A5=00000000 A6=00000000 A7=00FF7F9C D0=00000002 D1=00000019 D2=00000001 D3=00000000 D4=00000000 D5=00000000 D6=00000000 D7=00000000 xnZvc

02:82FE  2F 0A  MOVE.L  A2,-(SP)                 A0=00FF9364 A1=00032468 A2=00FFE3FC A3=00028210 A4=00027E16 A5=00000000 A6=00000000 A7=00FF7FA0 D0=00000432 D1=0000FF3F D2=00000000 D3=00000000 D4=00000000 D5=00000000 D6=00000000 D7=00000000 xnZvc
02:8300  24 7C  MOVE.L  #$00028252,A2            A0=00FF9364 A1=00032468 A2=00FFE3FC A3=00028210 A4=00027E16 A5=00000000 A6=00000000 A7=00FF7F9C D0=00000432 D1=0000FF3F D2=00000000 D3=00000000 D4=00000000 D5=00000000 D6=00000000 D7=00000000 xnzvc
02:8306  42 A7  CLR.L   -(SP)                    A0=00FF9364 A1=00032468 A2=00028252 A3=00028210 A4=00027E16 A5=00000000 A6=00000000 A7=00FF7F9C D0=00000432 D1=0000FF3F D2=00000000 D3=00000000 D4=00000000 D5=00000000 D6=00000000 D7=00000000 xnzvc
02:8308  4E 92  JSR     (A2)                     A0=00FF9364 A1=00032468 A2=00028252 A3=00028210 A4=00027E16 A5=00000000 A6=00000000 A7=00FF7F98 D0=00000432 D1=0000FF3F D2=00000000 D3=00000000 D4=00000000 D5=00000000 D6=00000000 D7=00000000 xnZvc
02:830A  48 78  PEA     ($0004)                  A0=00FFD976 A1=00032468 A2=00028252 A3=00028210 A4=00027E16 A5=00000000 A6=00000000 A7=00FF7F98 D0=0000000C D1=00000000 D2=00000000 D3=00000000 D4=00000000 D5=00000000 D6=00000000 D7=00000000 xnZvc
02:830E  4E 92  JSR     (A2)                     A0=00FFD976 A1=00032468 A2=00028252 A3=00028210 A4=00027E16 A5=00000000 A6=00000000 A7=00FF7F94 D0=0000000C D1=00000000 D2=00000000 D3=00000000 D4=00000000 D5=00000000 D6=00000000 D7=00000000 xnZvc
02:8310  48 78  PEA     ($0001)                  A0=00FFD976 A1=00032468 A2=00028252 A3=00028210 A4=00027E16 A5=00000000 A6=00000000 A7=00FF7F94 D0=00000017 D1=0000000D D2=00000000 D3=00000000 D4=00000000 D5=00000000 D6=00000000 D7=00000000 xnZvc
02:8314  4E 92  JSR     (A2)                     A0=00FFD976 A1=00032468 A2=00028252 A3=00028210 A4=00027E16 A5=00000000 A6=00000000 A7=00FF7F90 D0=00000017 D1=0000000D D2=00000000 D3=00000000 D4=00000000 D5=00000000 D6=00000000 D7=00000000 xnZvc
02:8316  48 78  PEA     ($0002)                  A0=00FFD976 A1=00032468 A2=00028252 A3=00028210 A4=00027E16 A5=00000000 A6=00000000 A7=00FF7F90 D0=0000001A D1=00000018 D2=00000000 D3=00000000 D4=00000000 D5=00000000 D6=00000000 D7=00000000 xnZvc
02:831A  4E 92  JSR     (A2)                     A0=00FFD976 A1=00032468 A2=00028252 A3=00028210 A4=00027E16 A5=00000000 A6=00000000 A7=00FF7F8C D0=0000001A D1=00000018 D2=00000000 D3=00000000 D4=00000000 D5=00000000 D6=00000000 D7=00000000 xnZvc
02:831C  48 78  PEA     ($0005)                  A0=00FFD976 A1=00032468 A2=00028252 A3=00028210 A4=00027E16 A5=00000000 A6=00000000 A7=00FF7F8C D0=0000001D D1=0000001B D2=00000000 D3=00000000 D4=00000000 D5=00000000 D6=00000000 D7=00000000 xnZvc
02:8320  4E 92  JSR     (A2)                     A0=00FFD976 A1=00032468 A2=00028252 A3=00028210 A4=00027E16 A5=00000000 A6=00000000 A7=00FF7F88 D0=0000001D D1=0000001B D2=00000000 D3=00000000 D4=00000000 D5=00000000 D6=00000000 D7=00000000 xnZvc
02:8322  48 78  PEA     ($0006)                  A0=00FFD976 A1=00032468 A2=00028252 A3=00028210 A4=00027E16 A5=00000000 A6=00000000 A7=00FF7F88 D0=0000001E D1=0000001E D2=00000000 D3=00000000 D4=00000000 D5=00000000 D6=00000000 D7=00000000 xnZvc
02:8326  4E 92  JSR     (A2)                     A0=00FFD976 A1=00032468 A2=00028252 A3=00028210 A4=00027E16 A5=00000000 A6=00000000 A7=00FF7F84 D0=0000001E D1=0000001E D2=00000000 D3=00000000 D4=00000000 D5=00000000 D6=00000000 D7=00000000 xnZvc
02:8328  48 78  PEA     ($0007)                  A0=00FFD976 A1=00032468 A2=00028252 A3=00028210 A4=00027E16 A5=00000000 A6=00000000 A7=00FF7F84 D0=00000020 D1=0000001F D2=00000000 D3=00000000 D4=00000000 D5=00000000 D6=00000000 D7=00000000 xnZvc
02:832C  4E 92  JSR     (A2)                     A0=00FFD976 A1=00032468 A2=00028252 A3=00028210 A4=00027E16 A5=00000000 A6=00000000 A7=00FF7F80 D0=00000020 D1=0000001F D2=00000000 D3=00000000 D4=00000000 D5=00000000 D6=00000000 D7=00000000 xnZvc
02:832E  4F EF  LEA     $001C(SP),A7             A0=00FFD976 A1=00032468 A2=00028252 A3=00028210 A4=00027E16 A5=00000000 A6=00000000 A7=00FF7F80 D0=00000022 D1=00000021 D2=00000000 D3=00000000 D4=00000000 D5=00000000 D6=00000000 D7=00000000 xnZvc
02:8332  42 39  CLR.B   ($00FFD930)              A0=00FFD976 A1=00032468 A2=00028252 A3=00028210 A4=00027E16 A5=00000000 A6=00000000 A7=00FF7F9C D0=00000022 D1=00000021 D2=00000000 D3=00000000 D4=00000000 D5=00000000 D6=00000000 D7=00000000 xnZvc
02:8338  4E B9  JSR     ($0000CC62)              A0=00FFD976 A1=00032468 A2=00028252 A3=00028210 A4=00027E16 A5=00000000 A6=00000000 A7=00FF7F9C D0=00000022 D1=00000021 D2=00000000 D3=00000000 D4=00000000 D5=00000000 D6=00000000 D7=00000000 xnZvc
02:833E  48 78  PEA     ($0001)                  A0=00032464 A1=00FFA6DA A2=00028252 A3=00028210 A4=00027E16 A5=00000000 A6=00000000 A7=00FF7F9C D0=000000B8 D1=00FFA55A D2=00000000 D3=00000000 D4=00000000 D5=00000000 D6=00000000 D7=00000000 xnzvc
02:8342  4E B9  JSR     ($00000578)              A0=00032464 A1=00FFA6DA A2=00028252 A3=00028210 A4=00027E16 A5=00000000 A6=00000000 A7=00FF7F98 D0=000000B8 D1=00FFA55A D2=00000000 D3=00000000 D4=00000000 D5=00000000 D6=00000000 D7=00000000 xnzvc
02:8348  42 A7  CLR.L   -(SP)                    A0=00032464 A1=00FFA6DA A2=00028252 A3=00028210 A4=00027E16 A5=00000000 A6=00000000 A7=00FF7F98 D0=00000000 D1=00FF3D63 D2=00000000 D3=00000000 D4=00000000 D5=00000000 D6=00000000 D7=00000000 xnZvc
02:834A  42 A7  CLR.L   -(SP)                    A0=00032464 A1=00FFA6DA A2=00028252 A3=00028210 A4=00027E16 A5=00000000 A6=00000000 A7=00FF7F94 D0=00000000 D1=00FF3D63 D2=00000000 D3=00000000 D4=00000000 D5=00000000 D6=00000000 D7=00000000 xnZvc
02:834C  4E B9  JSR     ($0000CED0)              A0=00032464 A1=00FFA6DA A2=00028252 A3=00028210 A4=00027E16 A5=00000000 A6=00000000 A7=00FF7F90 D0=00000000 D1=00FF3D63 D2=00000000 D3=00000000 D4=00000000 D5=00000000 D6=00000000 D7=00000000 xnZvc
02:8352  4F EF  LEA     $000C(SP),A7             A0=00032464 A1=00FFA6DA A2=00028252 A3=00028210 A4=00027E16 A5=00000000 A6=00000000 A7=00FF7F90 D0=00000000 D1=00000000 D2=00000000 D3=00000000 D4=00000000 D5=00000000 D6=00000000 D7=00000000 xnZvc
02:8356  24 5F  MOVE.L  (SP)+,A2                 A0=00032464 A1=00FFA6DA A2=00028252 A3=00028210 A4=00027E16 A5=00000000 A6=00000000 A7=00FF7F9C D0=00000000 D1=00000000 D2=00000000 D3=00000000 D4=00000000 D5=00000000 D6=00000000 D7=00000000 xnZvc
02:8358  4E 75  RTS                              A0=00032464 A1=00FFA6DA A2=00FFE3FC A3=00028210 A4=00027E16 A5=00000000 A6=00000000 A7=00FF7FA0 D0=00000000 D1=00000000 D2=00000000 D3=00000000 D4=00000000 D5=00000000 D6=00000000 D7=00000000 xnZvc

02:835A  48 E7  MOVEM.L {d0-a7}[3c 20],-(SP)     A0=00FF9364 A1=00FF8036 A2=00FF8036 A3=00FFE3F8 A4=00FF8038 A5=00000000 A6=00000000 A7=00FF7F94 D0=00000000 D1=00000000 D2=00000001 D3=00000000 D4=00000000 D5=00000000 D6=00000000 D7=00000000 xnZvc
02:835E  42 45  CLR.W   D5                       A0=00FF9364 A1=00FF8036 A2=00FF8036 A3=00FFE3F8 A4=00FF8038 A5=00000000 A6=00000000 A7=00FF7F80 D0=00000000 D1=00000000 D2=00000001 D3=00000000 D4=00000000 D5=00000000 D6=00000000 D7=00000000 xnZvc
02:8360  30 05  MOVE.W  D5,D0                    A0=00FFE3C6 A1=00FFA5DA A2=00035EF8 A3=00FFE3F8 A4=00FF8038 A5=00000000 A6=00000000 A7=00FF7F80 D0=00000001 D1=00000004 D2=00000001 D3=00000007 D4=00000004 D5=00000002 D6=00000000 D7=00000000 xNzvC
02:8362  20 7C  MOVE.L  #$000306AF,A0            A0=00FFE3C6 A1=00FFA5DA A2=00035EF8 A3=00FFE3F8 A4=00FF8038 A5=00000000 A6=00000000 A7=00FF7F80 D0=00000002 D1=00000004 D2=00000001 D3=00000007 D4=00000004 D5=00000002 D6=00000000 D7=00000000 xnzvc
02:8368  72 00  MOVEQ   #$00,D1                  A0=000306AF A1=00FFA5DA A2=00035EF8 A3=00FFE3F8 A4=00FF8038 A5=00000000 A6=00000000 A7=00FF7F80 D0=00000002 D1=00000004 D2=00000001 D3=00000007 D4=00000004 D5=00000002 D6=00000000 D7=00000000 xnzvc
02:836A  12 30  MOVE.B  $00(A0,D0),D1            A0=000306AF A1=00FFA5DA A2=00035EF8 A3=00FFE3F8 A4=00FF8038 A5=00000000 A6=00000000 A7=00FF7F80 D0=00000002 D1=00000000 D2=00000001 D3=00000007 D4=00000004 D5=00000002 D6=00000000 D7=00000000 xnZvc
02:836E  30 01  MOVE.W  D1,D0                    A0=000306AF A1=00FFA5DA A2=00035EF8 A3=00FFE3F8 A4=00FF8038 A5=00000000 A6=00000000 A7=00FF7F80 D0=00000002 D1=00000003 D2=00000001 D3=00000007 D4=00000004 D5=00000002 D6=00000000 D7=00000000 xnzvc
02:8370  E5 40  ASL.W   #2,D0                    A0=000306AF A1=00FFA5DA A2=00035EF8 A3=00FFE3F8 A4=00FF8038 A5=00000000 A6=00000000 A7=00FF7F80 D0=00000003 D1=00000003 D2=00000001 D3=00000007 D4=00000004 D5=00000002 D6=00000000 D7=00000000 xnzvc
02:8372  20 7C  MOVE.L  #$000361F6,A0            A0=000306AF A1=00FFA5DA A2=00035EF8 A3=00FFE3F8 A4=00FF8038 A5=00000000 A6=00000000 A7=00FF7F80 D0=0000000C D1=00000003 D2=00000001 D3=00000007 D4=00000004 D5=00000002 D6=00000000 D7=00000000 xnzvc
02:8378  24 70  MOVE.L  $00(A0,D0),A2            A0=000361F6 A1=00FFA5DA A2=00035EF8 A3=00FFE3F8 A4=00FF8038 A5=00000000 A6=00000000 A7=00FF7F80 D0=0000000C D1=00000003 D2=00000001 D3=00000007 D4=00000004 D5=00000002 D6=00000000 D7=00000000 xnzvc
02:837C  4E B9  JSR     ($0000D8E4)              A0=000361F6 A1=00FFA5DA A2=00035F34 A3=00FFE3F8 A4=00FF8038 A5=00000000 A6=00000000 A7=00FF7F80 D0=0000000C D1=00000003 D2=00000001 D3=00000007 D4=00000004 D5=00000002 D6=00000000 D7=00000000 xnzvc
02:8382  36 00  MOVE.W  D0,D3                    A0=00FFA25A A1=00FFA5DA A2=00035F34 A3=00FFE3F8 A4=00FF8038 A5=00000000 A6=00000000 A7=00FF7F80 D0=00000008 D1=00000002 D2=00000001 D3=00000007 D4=00000004 D5=00000002 D6=00000000 D7=00000000 xnzvc
02:8384  67 5C  BEQ     #$5C [02:83E2]           A0=00FFA25A A1=00FFA5DA A2=00035F34 A3=00FFE3F8 A4=00FF8038 A5=00000000 A6=00000000 A7=00FF7F80 D0=00000008 D1=00000002 D2=00000001 D3=00000008 D4=00000004 D5=00000002 D6=00000000 D7=00000000 xnzvc
02:8386  30 03  MOVE.W  D3,D0                    A0=00FFA25A A1=00FFA5DA A2=00035F34 A3=00FFE3F8 A4=00FF8038 A5=00000000 A6=00000000 A7=00FF7F80 D0=00000008 D1=00000002 D2=00000001 D3=00000008 D4=00000004 D5=00000002 D6=00000000 D7=00000000 xnzvc
02:8388  EF 40  ASL.W   #7,D0                    A0=00FFA25A A1=00FFA5DA A2=00035F34 A3=00FFE3F8 A4=00FF8038 A5=00000000 A6=00000000 A7=00FF7F80 D0=00000008 D1=00000002 D2=00000001 D3=00000008 D4=00000004 D5=00000002 D6=00000000 D7=00000000 xnzvc
02:838A  20 7C  MOVE.L  #$00FFA25A,A0            A0=00FFA25A A1=00FFA5DA A2=00035F34 A3=00FFE3F8 A4=00FF8038 A5=00000000 A6=00000000 A7=00FF7F80 D0=00000400 D1=00000002 D2=00000001 D3=00000008 D4=00000004 D5=00000002 D6=00000000 D7=00000000 xnzvc
02:8390  D0 C0  ADDA.W  D0,A0                    A0=00FFA25A A1=00FFA5DA A2=00035F34 A3=00FFE3F8 A4=00FF8038 A5=00000000 A6=00000000 A7=00FF7F80 D0=00000400 D1=00000002 D2=00000001 D3=00000008 D4=00000004 D5=00000002 D6=00000000 D7=00000000 xnzvc
02:8392  22 48  MOVE.L  A0,A1                    A0=00FFA65A A1=00FFA5DA A2=00035F34 A3=00FFE3F8 A4=00FF8038 A5=00000000 A6=00000000 A7=00FF7F80 D0=00000400 D1=00000002 D2=00000001 D3=00000008 D4=00000004 D5=00000002 D6=00000000 D7=00000000 xnzvc
02:8394  13 52  MOVE.B  (A2),$002E(A1)           A0=00FFA65A A1=00FFA65A A2=00035F34 A3=00FFE3F8 A4=00FF8038 A5=00000000 A6=00000000 A7=00FF7F80 D0=00000400 D1=00000002 D2=00000001 D3=00000008 D4=00000004 D5=00000002 D6=00000000 D7=00000000 xnzvc
02:8398  42 29  CLR.B   $002B(A1)                A0=00FFA65A A1=00FFA65A A2=00035F34 A3=00FFE3F8 A4=00FF8038 A5=00000000 A6=00000000 A7=00FF7F80 D0=00000400 D1=00000002 D2=00000001 D3=00000008 D4=00000004 D5=00000002 D6=00000000 D7=00000000 xnzvc
02:839C  42 44  CLR.W   D4                       A0=00FFA65A A1=00FFA65A A2=00035F34 A3=00FFE3F8 A4=00FF8038 A5=00000000 A6=00000000 A7=00FF7F80 D0=00000400 D1=00000002 D2=00000001 D3=00000008 D4=00000004 D5=00000002 D6=00000000 D7=00000000 xnZvc
02:839E  60 2A  BRA     #$2A [02:83CA]           A0=00FFA65A A1=00FFA65A A2=00035F34 A3=00FFE3F8 A4=00FF8038 A5=00000000 A6=00000000 A7=00FF7F80 D0=00000400 D1=00000002 D2=00000001 D3=00000008 D4=00000000 D5=00000002 D6=00000000 D7=00000000 xnZvc
02:83A0  30 04  MOVE.W  D4,D0                    A0=00FFA65A A1=00FFA65A A2=00035F34 A3=00FFE3F8 A4=00FF8038 A5=00000000 A6=00000000 A7=00FF7F80 D0=00000000 D1=00000001 D2=00000001 D3=00000008 D4=00000000 D5=00000002 D6=00000000 D7=00000000 xnzvc
02:83A2  D0 40  ADD.W   D0,D0                    A0=00FFA65A A1=00FFA65A A2=00035F34 A3=00FFE3F8 A4=00FF8038 A5=00000000 A6=00000000 A7=00FF7F80 D0=00000000 D1=00000001 D2=00000001 D3=00000008 D4=00000000 D5=00000002 D6=00000000 D7=00000000 xnZvc
02:83A4  32 00  MOVE.W  D0,D1                    A0=00FFA65A A1=00FFA65A A2=00035F34 A3=00FFE3F8 A4=00FF8038 A5=00000000 A6=00000000 A7=00FF7F80 D0=00000000 D1=00000001 D2=00000001 D3=00000008 D4=00000000 D5=00000002 D6=00000000 D7=00000000 xnZvc
02:83A6  E5 40  ASL.W   #2,D0                    A0=00FFA65A A1=00FFA65A A2=00035F34 A3=00FFE3F8 A4=00FF8038 A5=00000000 A6=00000000 A7=00FF7F80 D0=00000000 D1=00000000 D2=00000001 D3=00000008 D4=00000000 D5=00000002 D6=00000000 D7=00000000 xnZvc
02:83A8  D0 41  ADD.W   D1,D0                    A0=00FFA65A A1=00FFA65A A2=00035F34 A3=00FFE3F8 A4=00FF8038 A5=00000000 A6=00000000 A7=00FF7F80 D0=00000000 D1=00000000 D2=00000001 D3=00000008 D4=00000000 D5=00000002 D6=00000000 D7=00000000 xnZvc
02:83AA  10 32  MOVE.B  $05(A2,D0),D0            A0=00FFA65A A1=00FFA65A A2=00035F34 A3=00FFE3F8 A4=00FF8038 A5=00000000 A6=00000000 A7=00FF7F80 D0=00000000 D1=00000000 D2=00000001 D3=00000008 D4=00000000 D5=00000002 D6=00000000 D7=00000000 xnZvc
02:83AE  02 40  ANDI.W  #$00FF,D0                A0=00FFA65A A1=00FFA65A A2=00035F34 A3=00FFE3F8 A4=00FF8038 A5=00000000 A6=00000000 A7=00FF7F80 D0=00000001 D1=00000000 D2=00000001 D3=00000008 D4=00000000 D5=00000002 D6=00000000 D7=00000000 xnzvc
02:83B2  32 04  MOVE.W  D4,D1                    A0=00FFA65A A1=00FFA65A A2=00035F34 A3=00FFE3F8 A4=00FF8038 A5=00000000 A6=00000000 A7=00FF7F80 D0=00000001 D1=00000000 D2=00000001 D3=00000008 D4=00000000 D5=00000002 D6=00000000 D7=00000000 xnzvc
02:83B4  D2 41  ADD.W   D1,D1                    A0=00FFA65A A1=00FFA65A A2=00035F34 A3=00FFE3F8 A4=00FF8038 A5=00000000 A6=00000000 A7=00FF7F80 D0=00000001 D1=00000000 D2=00000001 D3=00000008 D4=00000000 D5=00000002 D6=00000000 D7=00000000 xnZvc
02:83B6  34 01  MOVE.W  D1,D2                    A0=00FFA65A A1=00FFA65A A2=00035F34 A3=00FFE3F8 A4=00FF8038 A5=00000000 A6=00000000 A7=00FF7F80 D0=00000001 D1=00000000 D2=00000001 D3=00000008 D4=00000000 D5=00000002 D6=00000000 D7=00000000 xnZvc
02:83B8  E5 41  ASL.W   #2,D1                    A0=00FFA65A A1=00FFA65A A2=00035F34 A3=00FFE3F8 A4=00FF8038 A5=00000000 A6=00000000 A7=00FF7F80 D0=00000001 D1=00000000 D2=00000000 D3=00000008 D4=00000000 D5=00000002 D6=00000000 D7=00000000 xnZvc
02:83BA  D2 42  ADD.W   D2,D1                    A0=00FFA65A A1=00FFA65A A2=00035F34 A3=00FFE3F8 A4=00FF8038 A5=00000000 A6=00000000 A7=00FF7F80 D0=00000001 D1=00000000 D2=00000000 D3=00000008 D4=00000000 D5=00000002 D6=00000000 D7=00000000 xnZvc
02:83BC  74 00  MOVEQ   #$00,D2                  A0=00FFA65A A1=00FFA65A A2=00035F34 A3=00FFE3F8 A4=00FF8038 A5=00000000 A6=00000000 A7=00FF7F80 D0=00000001 D1=00000000 D2=00000000 D3=00000008 D4=00000000 D5=00000002 D6=00000000 D7=00000000 xnZvc
02:83BE  14 32  MOVE.B  $04(A2,D1),D2            A0=00FFA65A A1=00FFA65A A2=00035F34 A3=00FFE3F8 A4=00FF8038 A5=00000000 A6=00000000 A7=00FF7F80 D0=00000001 D1=00000000 D2=00000000 D3=00000008 D4=00000000 D5=00000002 D6=00000000 D7=00000000 xnZvc
02:83C2  C0 C2  MULU.W  D2,D0                    A0=00FFA65A A1=00FFA65A A2=00035F34 A3=00FFE3F8 A4=00FF8038 A5=00000000 A6=00000000 A7=00FF7F80 D0=00000001 D1=00000000 D2=00000002 D3=00000008 D4=00000000 D5=00000002 D6=00000000 D7=00000000 xnzvc
02:83C4  D1 29  ADD.B   D0,$002B(A1)             A0=00FFA65A A1=00FFA65A A2=00035F34 A3=00FFE3F8 A4=00FF8038 A5=00000000 A6=00000000 A7=00FF7F80 D0=00000002 D1=00000000 D2=00000002 D3=00000008 D4=00000000 D5=00000002 D6=00000000 D7=00000000 xnzvc
02:83C8  52 44  ADDQ.W  #1,D4                    A0=00FFA65A A1=00FFA65A A2=00035F34 A3=00FFE3F8 A4=00FF8038 A5=00000000 A6=00000000 A7=00FF7F80 D0=00000002 D1=00000000 D2=00000002 D3=00000008 D4=00000000 D5=00000002 D6=00000000 D7=00000000 xnzvc
02:83CA  70 00  MOVEQ   #$00,D0                  A0=00FFA65A A1=00FFA65A A2=00035F34 A3=00FFE3F8 A4=00FF8038 A5=00000000 A6=00000000 A7=00FF7F80 D0=00000002 D1=00000000 D2=00000002 D3=00000008 D4=00000001 D5=00000002 D6=00000000 D7=00000000 xnzvc
02:83CC  10 12  MOVE.B  (A2),D0                  A0=00FFA65A A1=00FFA65A A2=00035F34 A3=00FFE3F8 A4=00FF8038 A5=00000000 A6=00000000 A7=00FF7F80 D0=00000000 D1=00000000 D2=00000002 D3=00000008 D4=00000001 D5=00000002 D6=00000000 D7=00000000 xnZvc
02:83CE  22 00  MOVE.L  D0,D1                    A0=00FFA65A A1=00FFA65A A2=00035F34 A3=00FFE3F8 A4=00FF8038 A5=00000000 A6=00000000 A7=00FF7F80 D0=00000001 D1=00000000 D2=00000002 D3=00000008 D4=00000001 D5=00000002 D6=00000000 D7=00000000 xnzvc
02:83D0  30 04  MOVE.W  D4,D0                    A0=00FFA65A A1=00FFA65A A2=00035F34 A3=00FFE3F8 A4=00FF8038 A5=00000000 A6=00000000 A7=00FF7F80 D0=00000001 D1=00000001 D2=00000002 D3=00000008 D4=00000001 D5=00000002 D6=00000000 D7=00000000 xnzvc
02:83D2  48 C0  EXT.L   D0                       A0=00FFA65A A1=00FFA65A A2=00035F34 A3=00FFE3F8 A4=00FF8038 A5=00000000 A6=00000000 A7=00FF7F80 D0=00000001 D1=00000001 D2=00000002 D3=00000008 D4=00000001 D5=00000002 D6=00000000 D7=00000000 xnzvc
02:83D4  B2 80  CMP.L   D0,D1                    A0=00FFA65A A1=00FFA65A A2=00035F34 A3=00FFE3F8 A4=00FF8038 A5=00000000 A6=00000000 A7=00FF7F80 D0=00000001 D1=00000001 D2=00000002 D3=00000008 D4=00000001 D5=00000002 D6=00000000 D7=00000000 xnzvc
02:83D6  62 C8  BHI     #$C8 [02:83A0]           A0=00FFA65A A1=00FFA65A A2=00035F34 A3=00FFE3F8 A4=00FF8038 A5=00000000 A6=00000000 A7=00FF7F80 D0=00000001 D1=00000001 D2=00000002 D3=00000008 D4=00000001 D5=00000002 D6=00000000 D7=00000000 xnZvc
02:83D8  33 7C  MOVE.W  #$8000,$002C(A1)         A0=00FFA65A A1=00FFA65A A2=00035F34 A3=00FFE3F8 A4=00FF8038 A5=00000000 A6=00000000 A7=00FF7F80 D0=00000001 D1=00000001 D2=00000002 D3=00000008 D4=00000001 D5=00000002 D6=00000000 D7=00000000 xnZvc
02:83DE  23 4A  MOVE.L  A2,$0022(A1)             A0=00FFA65A A1=00FFA65A A2=00035F34 A3=00FFE3F8 A4=00FF8038 A5=00000000 A6=00000000 A7=00FF7F80 D0=00000001 D1=00000001 D2=00000002 D3=00000008 D4=00000001 D5=00000002 D6=00000000 D7=00000000 xNzvc
02:83E2  30 05  MOVE.W  D5,D0                    A0=00FFA65A A1=00FFA65A A2=00035F34 A3=00FFE3F8 A4=00FF8038 A5=00000000 A6=00000000 A7=00FF7F80 D0=00000001 D1=00000001 D2=00000002 D3=00000008 D4=00000001 D5=00000002 D6=00000000 D7=00000000 xnzvc
02:83E4  20 7C  MOVE.L  #$00FFE3C6,A0            A0=00FFA65A A1=00FFA65A A2=00035F34 A3=00FFE3F8 A4=00FF8038 A5=00000000 A6=00000000 A7=00FF7F80 D0=00000002 D1=00000001 D2=00000002 D3=00000008 D4=00000001 D5=00000002 D6=00000000 D7=00000000 xnzvc
02:83EA  11 83  MOVE.B  D3,$00(A0,D0)            A0=00FFE3C6 A1=00FFA65A A2=00035F34 A3=00FFE3F8 A4=00FF8038 A5=00000000 A6=00000000 A7=00FF7F80 D0=00000002 D1=00000001 D2=00000002 D3=00000008 D4=00000001 D5=00000002 D6=00000000 D7=00000000 xnzvc
02:83EE  52 45  ADDQ.W  #1,D5                    A0=00FFE3C6 A1=00FFA65A A2=00035F34 A3=00FFE3F8 A4=00FF8038 A5=00000000 A6=00000000 A7=00FF7F80 D0=00000002 D1=00000001 D2=00000002 D3=00000008 D4=00000001 D5=00000002 D6=00000000 D7=00000000 xnzvc
02:83F0  0C 45  CMPI.W  #$0003,D5                A0=00FFE3C6 A1=00FFA65A A2=00035F34 A3=00FFE3F8 A4=00FF8038 A5=00000000 A6=00000000 A7=00FF7F80 D0=00000002 D1=00000001 D2=00000002 D3=00000008 D4=00000001 D5=00000003 D6=00000000 D7=00000000 xnzvc
02:83F4  6D 00  BLT     #$FF6A [02:8360]         A0=00FFE3C6 A1=00FFA65A A2=00035F34 A3=00FFE3F8 A4=00FF8038 A5=00000000 A6=00000000 A7=00FF7F80 D0=00000002 D1=00000001 D2=00000002 D3=00000008 D4=00000001 D5=00000003 D6=00000000 D7=00000000 xnZvc
02:83F8  4C DF  MOVEM.L (SP)+,{a7-d0}[04 3c]     A0=00FFE3C6 A1=00FFA65A A2=00035F34 A3=00FFE3F8 A4=00FF8038 A5=00000000 A6=00000000 A7=00FF7F80 D0=00000002 D1=00000001 D2=00000002 D3=00000008 D4=00000001 D5=00000003 D6=00000000 D7=00000000 xnZvc
02:83FC  4E 75  RTS                              A0=00FFE3C6 A1=00FFA65A A2=00FF8036 A3=00FFE3F8 A4=00FF8038 A5=00000000 A6=00000000 A7=00FF7F94 D0=00000002 D1=00000001 D2=00000001 D3=00000000 D4=00000000 D5=00000000 D6=00000000 D7=00000000 xnZvc

02:83FE  2F 02  MOVE.L  D2,-(SP)                 A0=00FFE3EE A1=000331BC A2=00FF8036 A3=00FFE3F8 A4=00FF8038 A5=00000000 A6=00000000 A7=00FF7F94 D0=00000006 D1=00000003 D2=00000000 D3=00000000 D4=00000004 D5=0000FEF0 D6=00000000 D7=00000000 xnZvc
02:8400  42 42  CLR.W   D2                       A0=00FFE3EE A1=000331BC A2=00FF8036 A3=00FFE3F8 A4=00FF8038 A5=00000000 A6=00000000 A7=00FF7F90 D0=00000006 D1=00000003 D2=00000000 D3=00000000 D4=00000004 D5=0000FEF0 D6=00000000 D7=00000000 xnZvc
02:8402  32 02  MOVE.W  D2,D1                    A0=00FFE3C6 A1=000331BC A2=00FF8036 A3=00FFE3F8 A4=00FF8038 A5=00000000 A6=00000000 A7=00FF7F90 D0=00000001 D1=00000001 D2=00000002 D3=00000000 D4=00000004 D5=0000FEF0 D6=00000000 D7=00000000 xNzvC
02:8404  20 7C  MOVE.L  #$00FFE3C6,A0            A0=00FFE3C6 A1=000331BC A2=00FF8036 A3=00FFE3F8 A4=00FF8038 A5=00000000 A6=00000000 A7=00FF7F90 D0=00000001 D1=00000002 D2=00000002 D3=00000000 D4=00000004 D5=0000FEF0 D6=00000000 D7=00000000 xnzvc
02:840A  70 00  MOVEQ   #$00,D0                  A0=00FFE3C6 A1=000331BC A2=00FF8036 A3=00FFE3F8 A4=00FF8038 A5=00000000 A6=00000000 A7=00FF7F90 D0=00000001 D1=00000002 D2=00000002 D3=00000000 D4=00000004 D5=0000FEF0 D6=00000000 D7=00000000 xnzvc
02:840C  10 30  MOVE.B  $00(A0,D1),D0            A0=00FFE3C6 A1=000331BC A2=00FF8036 A3=00FFE3F8 A4=00FF8038 A5=00000000 A6=00000000 A7=00FF7F90 D0=00000000 D1=00000002 D2=00000002 D3=00000000 D4=00000004 D5=0000FEF0 D6=00000000 D7=00000000 xnZvc
02:8410  30 00  MOVE.W  D0,D0                    A0=00FFE3C6 A1=000331BC A2=00FF8036 A3=00FFE3F8 A4=00FF8038 A5=00000000 A6=00000000 A7=00FF7F90 D0=00000008 D1=00000002 D2=00000002 D3=00000000 D4=00000004 D5=0000FEF0 D6=00000000 D7=00000000 xnzvc
02:8412  67 0E  BEQ     #$0E [02:8422]           A0=00FFE3C6 A1=000331BC A2=00FF8036 A3=00FFE3F8 A4=00FF8038 A5=00000000 A6=00000000 A7=00FF7F90 D0=00000008 D1=00000002 D2=00000002 D3=00000000 D4=00000004 D5=0000FEF0 D6=00000000 D7=00000000 xnzvc
02:8414  30 00  MOVE.W  D0,D0                    A0=00FFE3C6 A1=000331BC A2=00FF8036 A3=00FFE3F8 A4=00FF8038 A5=00000000 A6=00000000 A7=00FF7F90 D0=00000008 D1=00000002 D2=00000002 D3=00000000 D4=00000004 D5=0000FEF0 D6=00000000 D7=00000000 xnzvc
02:8416  48 C0  EXT.L   D0                       A0=00FFE3C6 A1=000331BC A2=00FF8036 A3=00FFE3F8 A4=00FF8038 A5=00000000 A6=00000000 A7=00FF7F90 D0=00000008 D1=00000002 D2=00000002 D3=00000000 D4=00000004 D5=0000FEF0 D6=00000000 D7=00000000 xnzvc
02:8418  2F 00  MOVE.L  D0,-(SP)                 A0=00FFE3C6 A1=000331BC A2=00FF8036 A3=00FFE3F8 A4=00FF8038 A5=00000000 A6=00000000 A7=00FF7F90 D0=00000008 D1=00000002 D2=00000002 D3=00000000 D4=00000004 D5=0000FEF0 D6=00000000 D7=00000000 xnzvc
02:841A  4E B9  JSR     ($0000D950)              A0=00FFE3C6 A1=000331BC A2=00FF8036 A3=00FFE3F8 A4=00FF8038 A5=00000000 A6=00000000 A7=00FF7F8C D0=00000008 D1=00000002 D2=00000002 D3=00000000 D4=00000004 D5=0000FEF0 D6=00000000 D7=00000000 xnzvc
02:8420  58 8F  ADDQ.L  #4,SP                    A0=00FFD9C6 A1=000331BC A2=00FF8036 A3=00FFE3F8 A4=00FF8038 A5=00000000 A6=00000000 A7=00FF7F8C D0=00000002 D1=00000002 D2=00000002 D3=00000000 D4=00000004 D5=0000FEF0 D6=00000000 D7=00000000 xnZvc
02:8422  32 02  MOVE.W  D2,D1                    A0=00FFD9C6 A1=000331BC A2=00FF8036 A3=00FFE3F8 A4=00FF8038 A5=00000000 A6=00000000 A7=00FF7F90 D0=00000002 D1=00000002 D2=00000002 D3=00000000 D4=00000004 D5=0000FEF0 D6=00000000 D7=00000000 xnZvc
02:8424  20 7C  MOVE.L  #$00FFE3C6,A0            A0=00FFD9C6 A1=000331BC A2=00FF8036 A3=00FFE3F8 A4=00FF8038 A5=00000000 A6=00000000 A7=00FF7F90 D0=00000002 D1=00000002 D2=00000002 D3=00000000 D4=00000004 D5=0000FEF0 D6=00000000 D7=00000000 xnzvc
02:842A  42 30  CLR.B   $00(A0,D1)               A0=00FFE3C6 A1=000331BC A2=00FF8036 A3=00FFE3F8 A4=00FF8038 A5=00000000 A6=00000000 A7=00FF7F90 D0=00000002 D1=00000002 D2=00000002 D3=00000000 D4=00000004 D5=0000FEF0 D6=00000000 D7=00000000 xnzvc
02:842E  52 42  ADDQ.W  #1,D2                    A0=00FFE3C6 A1=000331BC A2=00FF8036 A3=00FFE3F8 A4=00FF8038 A5=00000000 A6=00000000 A7=00FF7F90 D0=00000002 D1=00000002 D2=00000002 D3=00000000 D4=00000004 D5=0000FEF0 D6=00000000 D7=00000000 xnZvc
02:8430  0C 42  CMPI.W  #$0003,D2                A0=00FFE3C6 A1=000331BC A2=00FF8036 A3=00FFE3F8 A4=00FF8038 A5=00000000 A6=00000000 A7=00FF7F90 D0=00000002 D1=00000002 D2=00000003 D3=00000000 D4=00000004 D5=0000FEF0 D6=00000000 D7=00000000 xnzvc
02:8434  6D CC  BLT     #$CC [02:8402]           A0=00FFE3C6 A1=000331BC A2=00FF8036 A3=00FFE3F8 A4=00FF8038 A5=00000000 A6=00000000 A7=00FF7F90 D0=00000002 D1=00000002 D2=00000003 D3=00000000 D4=00000004 D5=0000FEF0 D6=00000000 D7=00000000 xnZvc
02:8436  24 1F  MOVE.L  (SP)+,D2                 A0=00FFE3C6 A1=000331BC A2=00FF8036 A3=00FFE3F8 A4=00FF8038 A5=00000000 A6=00000000 A7=00FF7F90 D0=00000002 D1=00000002 D2=00000003 D3=00000000 D4=00000004 D5=0000FEF0 D6=00000000 D7=00000000 xnZvc
02:8438  4E 75  RTS                              A0=00FFE3C6 A1=000331BC A2=00FF8036 A3=00FFE3F8 A4=00FF8038 A5=00000000 A6=00000000 A7=00FF7F94 D0=00000002 D1=00000002 D2=00000000 D3=00000000 D4=00000004 D5=0000FEF0 D6=00000000 D7=00000000 xnZvc

02:843A  48 E7  MOVEM.L {d0-a7}[38 20],-(SP)     A0=00FFA595 A1=00FFD940 A2=00FF8036 A3=00FFE3F8 A4=00FF8038 A5=00000000 A6=00000000 A7=00FF7F78 D0=00000002 D1=00000019 D2=00000000 D3=00000000 D4=00000001 D5=00000000 D6=00000000 D7=00000000 xnZvc
02:843E  32 2F  MOVE.W  $0016(SP),D1             A0=00FFA595 A1=00FFD940 A2=00FF8036 A3=00FFE3F8 A4=00FF8038 A5=00000000 A6=00000000 A7=00FF7F68 D0=00000002 D1=00000019 D2=00000000 D3=00000000 D4=00000001 D5=00000000 D6=00000000 D7=00000000 xnZvc
02:8442  36 2F  MOVE.W  $001A(SP),D3             A0=00FFA595 A1=00FFD940 A2=00FF8036 A3=00FFE3F8 A4=00FF8038 A5=00000000 A6=00000000 A7=00FF7F68 D0=00000002 D1=00000001 D2=00000000 D3=00000000 D4=00000001 D5=00000000 D6=00000000 D7=00000000 xnzvc
02:8446  38 2F  MOVE.W  $001E(SP),D4             A0=00FFA595 A1=00FFD940 A2=00FF8036 A3=00FFE3F8 A4=00FF8038 A5=00000000 A6=00000000 A7=00FF7F68 D0=00000002 D1=00000001 D2=00000000 D3=00000068 D4=00000001 D5=00000000 D6=00000000 D7=00000000 xnzvc
02:844A  0C 41  CMPI.W  #$0003,D1                A0=00FFA595 A1=00FFD940 A2=00FF8036 A3=00FFE3F8 A4=00FF8038 A5=00000000 A6=00000000 A7=00FF7F68 D0=00000002 D1=00000001 D2=00000000 D3=00000068 D4=00000097 D5=00000000 D6=00000000 D7=00000000 xnzvc
02:844E  6D 04  BLT     #$04 [02:8454]           A0=00FFA595 A1=00FFD940 A2=00FF8036 A3=00FFE3F8 A4=00FF8038 A5=00000000 A6=00000000 A7=00FF7F68 D0=00000002 D1=00000001 D2=00000000 D3=00000068 D4=00000097 D5=00000000 D6=00000000 D7=00000000 xNzvC
02:8454  30 01  MOVE.W  D1,D0                    A0=00FFA595 A1=00FFD940 A2=00FF8036 A3=00FFE3F8 A4=00FF8038 A5=00000000 A6=00000000 A7=00FF7F68 D0=00000002 D1=00000001 D2=00000000 D3=00000068 D4=00000097 D5=00000000 D6=00000000 D7=00000000 xNzvC
02:8456  E5 40  ASL.W   #2,D0                    A0=00FFA595 A1=00FFD940 A2=00FF8036 A3=00FFE3F8 A4=00FF8038 A5=00000000 A6=00000000 A7=00FF7F68 D0=00000001 D1=00000001 D2=00000000 D3=00000068 D4=00000097 D5=00000000 D6=00000000 D7=00000000 xnzvc
02:8458  20 7C  MOVE.L  #$000361F6,A0            A0=00FFA595 A1=00FFD940 A2=00FF8036 A3=00FFE3F8 A4=00FF8038 A5=00000000 A6=00000000 A7=00FF7F68 D0=00000004 D1=00000001 D2=00000000 D3=00000068 D4=00000097 D5=00000000 D6=00000000 D7=00000000 xnzvc
02:845E  20 30  MOVE.L  $00(A0,D0),D0            A0=000361F6 A1=00FFD940 A2=00FF8036 A3=00FFE3F8 A4=00FF8038 A5=00000000 A6=00000000 A7=00FF7F68 D0=00000004 D1=00000001 D2=00000000 D3=00000068 D4=00000097 D5=00000000 D6=00000000 D7=00000000 xnzvc
02:8462  30 01  MOVE.W  D1,D0                    A0=000361F6 A1=00FFD940 A2=00FF8036 A3=00FFE3F8 A4=00FF8038 A5=00000000 A6=00000000 A7=00FF7F68 D0=00035D42 D1=00000001 D2=00000000 D3=00000068 D4=00000097 D5=00000000 D6=00000000 D7=00000000 xnzvc
02:8464  20 7C  MOVE.L  #$00FFE3C6,A0            A0=000361F6 A1=00FFD940 A2=00FF8036 A3=00FFE3F8 A4=00FF8038 A5=00000000 A6=00000000 A7=00FF7F68 D0=00030001 D1=00000001 D2=00000000 D3=00000068 D4=00000097 D5=00000000 D6=00000000 D7=00000000 xnzvc
02:846A  74 00  MOVEQ   #$00,D2                  A0=00FFE3C6 A1=00FFD940 A2=00FF8036 A3=00FFE3F8 A4=00FF8038 A5=00000000 A6=00000000 A7=00FF7F68 D0=00030001 D1=00000001 D2=00000000 D3=00000068 D4=00000097 D5=00000000 D6=00000000 D7=00000000 xnzvc
02:846C  14 30  MOVE.B  $00(A0,D0),D2            A0=00FFE3C6 A1=00FFD940 A2=00FF8036 A3=00FFE3F8 A4=00FF8038 A5=00000000 A6=00000000 A7=00FF7F68 D0=00030001 D1=00000001 D2=00000000 D3=00000068 D4=00000097 D5=00000000 D6=00000000 D7=00000000 xnZvc
02:8470  30 02  MOVE.W  D2,D0                    A0=00FFE3C6 A1=00FFD940 A2=00FF8036 A3=00FFE3F8 A4=00FF8038 A5=00000000 A6=00000000 A7=00FF7F68 D0=00030001 D1=00000001 D2=00000007 D3=00000068 D4=00000097 D5=00000000 D6=00000000 D7=00000000 xnzvc
02:8472  EF 40  ASL.W   #7,D0                    A0=00FFE3C6 A1=00FFD940 A2=00FF8036 A3=00FFE3F8 A4=00FF8038 A5=00000000 A6=00000000 A7=00FF7F68 D0=00030007 D1=00000001 D2=00000007 D3=00000068 D4=00000097 D5=00000000 D6=00000000 D7=00000000 xnzvc
02:8474  20 7C  MOVE.L  #$00FFA25A,A0            A0=00FFE3C6 A1=00FFD940 A2=00FF8036 A3=00FFE3F8 A4=00FF8038 A5=00000000 A6=00000000 A7=00FF7F68 D0=00030380 D1=00000001 D2=00000007 D3=00000068 D4=00000097 D5=00000000 D6=00000000 D7=00000000 xnzvc
02:847A  D0 C0  ADDA.W  D0,A0                    A0=00FFA25A A1=00FFD940 A2=00FF8036 A3=00FFE3F8 A4=00FF8038 A5=00000000 A6=00000000 A7=00FF7F68 D0=00030380 D1=00000001 D2=00000007 D3=00000068 D4=00000097 D5=00000000 D6=00000000 D7=00000000 xnzvc
02:847C  24 48  MOVE.L  A0,A2                    A0=00FFA5DA A1=00FFD940 A2=00FF8036 A3=00FFE3F8 A4=00FF8038 A5=00000000 A6=00000000 A7=00FF7F68 D0=00030380 D1=00000001 D2=00000007 D3=00000068 D4=00000097 D5=00000000 D6=00000000 D7=00000000 xnzvc
02:847E  34 83  MOVE.W  D3,(A2)                  A0=00FFA5DA A1=00FFD940 A2=00FFA5DA A3=00FFE3F8 A4=00FF8038 A5=00000000 A6=00000000 A7=00FF7F68 D0=00030380 D1=00000001 D2=00000007 D3=00000068 D4=00000097 D5=00000000 D6=00000000 D7=00000000 xnzvc
02:8480  35 44  MOVE.W  D4,$0002(A2)             A0=00FFA5DA A1=00FFD940 A2=00FFA5DA A3=00FFE3F8 A4=00FF8038 A5=00000000 A6=00000000 A7=00FF7F68 D0=00030380 D1=00000001 D2=00000007 D3=00000068 D4=00000097 D5=00000000 D6=00000000 D7=00000000 xnzvc
02:8484  0C 41  CMPI.W  #$0001,D1                A0=00FFA5DA A1=00FFD940 A2=00FFA5DA A3=00FFE3F8 A4=00FF8038 A5=00000000 A6=00000000 A7=00FF7F68 D0=00030380 D1=00000001 D2=00000007 D3=00000068 D4=00000097 D5=00000000 D6=00000000 D7=00000000 xnzvc
02:8488  66 0E  BNE     #$0E [02:8498]           A0=00FFA5DA A1=00FFD940 A2=00FFA5DA A3=00FFE3F8 A4=00FF8038 A5=00000000 A6=00000000 A7=00FF7F68 D0=00030380 D1=00000001 D2=00000007 D3=00000068 D4=00000097 D5=00000000 D6=00000000 D7=00000000 xnZvc
02:848A  06 6A  ADDI.W  #$0064,$0002(A2)         A0=00FFA5DA A1=00FFD940 A2=00FFA5DA A3=00FFE3F8 A4=00FF8038 A5=00000000 A6=00000000 A7=00FF7F68 D0=00030380 D1=00000001 D2=00000007 D3=00000068 D4=00000097 D5=00000000 D6=00000000 D7=00000000 xnZvc
02:8490  06 6A  ADDI.W  #$0064,$0004(A2)         A0=00FFA5DA A1=00FFD940 A2=00FFA5DA A3=00FFE3F8 A4=00FF8038 A5=00000000 A6=00000000 A7=00FF7F68 D0=00030380 D1=00000001 D2=00000007 D3=00000068 D4=00000097 D5=00000000 D6=00000000 D7=00000000 xnzvc
02:8496  60 12  BRA     #$12 [02:84AA]           A0=00FFA5DA A1=00FFD940 A2=00FFA5DA A3=00FFE3F8 A4=00FF8038 A5=00000000 A6=00000000 A7=00FF7F68 D0=00030380 D1=00000001 D2=00000007 D3=00000068 D4=00000097 D5=00000000 D6=00000000 D7=00000000 xnzvc
02:8498  0C 41  CMPI.W  #$0002,D1                A0=00FFA55A A1=0008F0CB A2=00FFA55A A3=00FFE3F8 A4=00FF8038 A5=00000000 A6=00000000 A7=00FF7F74 D0=00030300 D1=00000000 D2=00000006 D3=00000068 D4=00000097 D5=00000000 D6=00000000 D7=00000000 xNzvC
02:849C  66 0C  BNE     #$0C [02:84AA]           A0=00FFA55A A1=0008F0CB A2=00FFA55A A3=00FFE3F8 A4=00FF8038 A5=00000000 A6=00000000 A7=00FF7F74 D0=00030300 D1=00000000 D2=00000006 D3=00000068 D4=00000097 D5=00000000 D6=00000000 D7=00000000 xNzvC
02:849E  06 6A  ADDI.W  #$0065,$0002(A2)         A0=00FFA65A A1=0003344C A2=00FFA65A A3=0003072A A4=00FFE3FC A5=00000000 A6=00000000 A7=00FF7F70 D0=00030400 D1=00000002 D2=00000008 D3=00000068 D4=00000097 D5=00000000 D6=00000000 D7=00000000 xnZvc
02:84A4  06 6A  ADDI.W  #$0065,$0004(A2)         A0=00FFA65A A1=0003344C A2=00FFA65A A3=0003072A A4=00FFE3FC A5=00000000 A6=00000000 A7=00FF7F70 D0=00030400 D1=00000002 D2=00000008 D3=00000068 D4=00000097 D5=00000000 D6=00000000 D7=00000000 xnzvc
02:84AA  30 01  MOVE.W  D1,D0                    A0=00FFA5DA A1=00FFD940 A2=00FFA5DA A3=00FFE3F8 A4=00FF8038 A5=00000000 A6=00000000 A7=00FF7F68 D0=00030380 D1=00000001 D2=00000007 D3=00000068 D4=00000097 D5=00000000 D6=00000000 D7=00000000 xnzvc
02:84AC  D0 40  ADD.W   D0,D0                    A0=00FFA5DA A1=00FFD940 A2=00FFA5DA A3=00FFE3F8 A4=00FF8038 A5=00000000 A6=00000000 A7=00FF7F68 D0=00030001 D1=00000001 D2=00000007 D3=00000068 D4=00000097 D5=00000000 D6=00000000 D7=00000000 xnzvc
02:84AE  20 7C  MOVE.L  #$00030750,A0            A0=00FFA5DA A1=00FFD940 A2=00FFA5DA A3=00FFE3F8 A4=00FF8038 A5=00000000 A6=00000000 A7=00FF7F68 D0=00030002 D1=00000001 D2=00000007 D3=00000068 D4=00000097 D5=00000000 D6=00000000 D7=00000000 xnzvc
02:84B4  D0 C0  ADDA.W  D0,A0                    A0=00030750 A1=00FFD940 A2=00FFA5DA A3=00FFE3F8 A4=00FF8038 A5=00000000 A6=00000000 A7=00FF7F68 D0=00030002 D1=00000001 D2=00000007 D3=00000068 D4=00000097 D5=00000000 D6=00000000 D7=00000000 xnzvc
02:84B6  25 48  MOVE.L  A0,$001A(A2)             A0=00030752 A1=00FFD940 A2=00FFA5DA A3=00FFE3F8 A4=00FF8038 A5=00000000 A6=00000000 A7=00FF7F68 D0=00030002 D1=00000001 D2=00000007 D3=00000068 D4=00000097 D5=00000000 D6=00000000 D7=00000000 xnzvc
02:84BA  25 7C  MOVE.L  #$000361F6,$001E(A2)     A0=00030752 A1=00FFD940 A2=00FFA5DA A3=00FFE3F8 A4=00FF8038 A5=00000000 A6=00000000 A7=00FF7F68 D0=00030002 D1=00000001 D2=00000007 D3=00000068 D4=00000097 D5=00000000 D6=00000000 D7=00000000 xnzvc
02:84C2  15 7C  MOVE.B  #$0A,$0027(A2)           A0=00030752 A1=00FFD940 A2=00FFA5DA A3=00FFE3F8 A4=00FF8038 A5=00000000 A6=00000000 A7=00FF7F68 D0=00030002 D1=00000001 D2=00000007 D3=00000068 D4=00000097 D5=00000000 D6=00000000 D7=00000000 xnzvc
02:84C8  15 7C  MOVE.B  #$01,$0028(A2)           A0=00030752 A1=00FFD940 A2=00FFA5DA A3=00FFE3F8 A4=00FF8038 A5=00000000 A6=00000000 A7=00FF7F68 D0=00030002 D1=00000001 D2=00000007 D3=00000068 D4=00000097 D5=00000000 D6=00000000 D7=00000000 xnzvc
02:84CE  15 7C  MOVE.B  #$FF,$0026(A2)           A0=00030752 A1=00FFD940 A2=00FFA5DA A3=00FFE3F8 A4=00FF8038 A5=00000000 A6=00000000 A7=00FF7F68 D0=00030002 D1=00000001 D2=00000007 D3=00000068 D4=00000097 D5=00000000 D6=00000000 D7=00000000 xnzvc
02:84D4  42 A7  CLR.L   -(SP)                    A0=00030752 A1=00FFD940 A2=00FFA5DA A3=00FFE3F8 A4=00FF8038 A5=00000000 A6=00000000 A7=00FF7F68 D0=00030002 D1=00000001 D2=00000007 D3=00000068 D4=00000097 D5=00000000 D6=00000000 D7=00000000 xNzvc
02:84D6  2F 0A  MOVE.L  A2,-(SP)                 A0=00030752 A1=00FFD940 A2=00FFA5DA A3=00FFE3F8 A4=00FF8038 A5=00000000 A6=00000000 A7=00FF7F64 D0=00030002 D1=00000001 D2=00000007 D3=00000068 D4=00000097 D5=00000000 D6=00000000 D7=00000000 xnZvc
02:84D8  4E B9  JSR     ($0000D756)              A0=00030752 A1=00FFD940 A2=00FFA5DA A3=00FFE3F8 A4=00FF8038 A5=00000000 A6=00000000 A7=00FF7F60 D0=00030002 D1=00000001 D2=00000007 D3=00000068 D4=00000097 D5=00000000 D6=00000000 D7=00000000 xnzvc
02:84DE  50 8F  ADDQ.L  #8,SP                    A0=00FFA60D A1=00FFD940 A2=00FFA5DA A3=00FFE3F8 A4=00FF8038 A5=00000000 A6=00000000 A7=00FF7F60 D0=00000002 D1=00000019 D2=00000007 D3=00000068 D4=00000097 D5=00000000 D6=00000000 D7=00000000 xnzvc
02:84E0  42 2A  CLR.B   $004A(A2)                A0=00FFA60D A1=00FFD940 A2=00FFA5DA A3=00FFE3F8 A4=00FF8038 A5=00000000 A6=00000000 A7=00FF7F68 D0=00000002 D1=00000019 D2=00000007 D3=00000068 D4=00000097 D5=00000000 D6=00000000 D7=00000000 xnzvc
02:84E4  4C DF  MOVEM.L (SP)+,{a7-d0}[04 1c]     A0=00FFA60D A1=00FFD940 A2=00FFA5DA A3=00FFE3F8 A4=00FF8038 A5=00000000 A6=00000000 A7=00FF7F68 D0=00000002 D1=00000019 D2=00000007 D3=00000068 D4=00000097 D5=00000000 D6=00000000 D7=00000000 xnZvc
02:84E8  4E 75  RTS                              A0=00FFA60D A1=00FFD940 A2=00FF8036 A3=00FFE3F8 A4=00FF8038 A5=00000000 A6=00000000 A7=00FF7F78 D0=00000002 D1=00000019 D2=00000000 D3=00000000 D4=00000001 D5=00000000 D6=00000000 D7=00000000 xnZvc

02:84EA  48 E7  MOVEM.L {d0-a7}[30 00],-(SP)     A0=00FFA85A A1=0003344C A2=00FF8036 A3=00FFE3F8 A4=00FF8038 A5=00000000 A6=00000000 A7=00FF7F88 D0=0000008C D1=00000600 D2=00000000 D3=00000001 D4=00000003 D5=0000FEF0 D6=00000000 D7=00000000 xnzvc
02:84EE  32 2F  MOVE.W  $000E(SP),D1             A0=00FFA85A A1=0003344C A2=00FF8036 A3=00FFE3F8 A4=00FF8038 A5=00000000 A6=00000000 A7=00FF7F80 D0=0000008C D1=00000600 D2=00000000 D3=00000001 D4=00000003 D5=0000FEF0 D6=00000000 D7=00000000 xnzvc
02:84F2  24 2F  MOVE.L  $0010(SP),D2             A0=00FFA85A A1=0003344C A2=00FF8036 A3=00FFE3F8 A4=00FF8038 A5=00000000 A6=00000000 A7=00FF7F80 D0=0000008C D1=00000001 D2=00000000 D3=00000001 D4=00000003 D5=0000FEF0 D6=00000000 D7=00000000 xnzvc
02:84F6  10 2F  MOVE.B  $0017(SP),D0             A0=00FFA85A A1=0003344C A2=00FF8036 A3=00FFE3F8 A4=00FF8038 A5=00000000 A6=00000000 A7=00FF7F80 D0=0000008C D1=00000001 D2=0003072C D3=00000001 D4=00000003 D5=0000FEF0 D6=00000000 D7=00000000 xnzvc
02:84FA  36 01  MOVE.W  D1,D3                    A0=00FFA85A A1=0003344C A2=00FF8036 A3=00FFE3F8 A4=00FF8038 A5=00000000 A6=00000000 A7=00FF7F80 D0=00000006 D1=00000001 D2=0003072C D3=00000001 D4=00000003 D5=0000FEF0 D6=00000000 D7=00000000 xnzvc
02:84FC  20 7C  MOVE.L  #$00FFE3C6,A0            A0=00FFA85A A1=0003344C A2=00FF8036 A3=00FFE3F8 A4=00FF8038 A5=00000000 A6=00000000 A7=00FF7F80 D0=00000006 D1=00000001 D2=0003072C D3=00000001 D4=00000003 D5=0000FEF0 D6=00000000 D7=00000000 xnzvc
02:8502  72 00  MOVEQ   #$00,D1                  A0=00FFE3C6 A1=0003344C A2=00FF8036 A3=00FFE3F8 A4=00FF8038 A5=00000000 A6=00000000 A7=00FF7F80 D0=00000006 D1=00000001 D2=0003072C D3=00000001 D4=00000003 D5=0000FEF0 D6=00000000 D7=00000000 xnzvc
02:8504  12 30  MOVE.B  $00(A0,D3),D1            A0=00FFE3C6 A1=0003344C A2=00FF8036 A3=00FFE3F8 A4=00FF8038 A5=00000000 A6=00000000 A7=00FF7F80 D0=00000006 D1=00000000 D2=0003072C D3=00000001 D4=00000003 D5=0000FEF0 D6=00000000 D7=00000000 xnZvc
02:8508  EF 41  ASL.W   #7,D1                    A0=00FFE3C6 A1=0003344C A2=00FF8036 A3=00FFE3F8 A4=00FF8038 A5=00000000 A6=00000000 A7=00FF7F80 D0=00000006 D1=00000007 D2=0003072C D3=00000001 D4=00000003 D5=0000FEF0 D6=00000000 D7=00000000 xnzvc
02:850A  20 7C  MOVE.L  #$00FFA25A,A0            A0=00FFE3C6 A1=0003344C A2=00FF8036 A3=00FFE3F8 A4=00FF8038 A5=00000000 A6=00000000 A7=00FF7F80 D0=00000006 D1=00000380 D2=0003072C D3=00000001 D4=00000003 D5=0000FEF0 D6=00000000 D7=00000000 xnzvc
02:8510  D0 C1  ADDA.W  D1,A0                    A0=00FFA25A A1=0003344C A2=00FF8036 A3=00FFE3F8 A4=00FF8038 A5=00000000 A6=00000000 A7=00FF7F80 D0=00000006 D1=00000380 D2=0003072C D3=00000001 D4=00000003 D5=0000FEF0 D6=00000000 D7=00000000 xnzvc
02:8512  21 42  MOVE.L  D2,$001A(A0)             A0=00FFA5DA A1=0003344C A2=00FF8036 A3=00FFE3F8 A4=00FF8038 A5=00000000 A6=00000000 A7=00FF7F80 D0=00000006 D1=00000380 D2=0003072C D3=00000001 D4=00000003 D5=0000FEF0 D6=00000000 D7=00000000 xnzvc
02:8516  11 40  MOVE.B  D0,$0027(A0)             A0=00FFA5DA A1=0003344C A2=00FF8036 A3=00FFE3F8 A4=00FF8038 A5=00000000 A6=00000000 A7=00FF7F80 D0=00000006 D1=00000380 D2=0003072C D3=00000001 D4=00000003 D5=0000FEF0 D6=00000000 D7=00000000 xnzvc
02:851A  11 7C  MOVE.B  #$01,$0028(A0)           A0=00FFA5DA A1=0003344C A2=00FF8036 A3=00FFE3F8 A4=00FF8038 A5=00000000 A6=00000000 A7=00FF7F80 D0=00000006 D1=00000380 D2=0003072C D3=00000001 D4=00000003 D5=0000FEF0 D6=00000000 D7=00000000 xnzvc
02:8520  11 7C  MOVE.B  #$FF,$0026(A0)           A0=00FFA5DA A1=0003344C A2=00FF8036 A3=00FFE3F8 A4=00FF8038 A5=00000000 A6=00000000 A7=00FF7F80 D0=00000006 D1=00000380 D2=0003072C D3=00000001 D4=00000003 D5=0000FEF0 D6=00000000 D7=00000000 xnzvc
02:8526  4C DF  MOVEM.L (SP)+,{a7-d0}[00 0c]     A0=00FFA5DA A1=0003344C A2=00FF8036 A3=00FFE3F8 A4=00FF8038 A5=00000000 A6=00000000 A7=00FF7F80 D0=00000006 D1=00000380 D2=0003072C D3=00000001 D4=00000003 D5=0000FEF0 D6=00000000 D7=00000000 xNzvc
02:852A  4E 75  RTS                              A0=00FFA5DA A1=0003344C A2=00FF8036 A3=00FFE3F8 A4=00FF8038 A5=00000000 A6=00000000 A7=00FF7F88 D0=00000006 D1=00000380 D2=00000000 D3=00000001 D4=00000003 D5=0000FEF0 D6=00000000 D7=00000000 xNzvc

02:852C  30 2F  MOVE.W  $0006(SP),D0             A0=00FFA85A A1=0003332A A2=000284EA A3=0003072A A4=00FFE3FC A5=00000000 A6=00000000 A7=00FF7F94 D0=00000074 D1=00000600 D2=00000000 D3=00000001 D4=00000000 D5=00000000 D6=00000000 D7=00000000 xnzvc
02:8530  0C 40  CMPI.W  #$0003,D0                A0=00FFA85A A1=0003332A A2=000284EA A3=0003072A A4=00FFE3FC A5=00000000 A6=00000000 A7=00FF7F94 D0=00000002 D1=00000600 D2=00000000 D3=00000001 D4=00000000 D5=00000000 D6=00000000 D7=00000000 xnzvc
02:8534  6D 02  BLT     #$02 [02:8538]           A0=00FFA85A A1=0003332A A2=000284EA A3=0003072A A4=00FFE3FC A5=00000000 A6=00000000 A7=00FF7F94 D0=00000002 D1=00000600 D2=00000000 D3=00000001 D4=00000000 D5=00000000 D6=00000000 D7=00000000 xNzvC
02:8538  32 00  MOVE.W  D0,D1                    A0=00FFA85A A1=0003332A A2=000284EA A3=0003072A A4=00FFE3FC A5=00000000 A6=00000000 A7=00FF7F94 D0=00000002 D1=00000600 D2=00000000 D3=00000001 D4=00000000 D5=00000000 D6=00000000 D7=00000000 xNzvC
02:853A  20 7C  MOVE.L  #$00FFE3C6,A0            A0=00FFA85A A1=0003332A A2=000284EA A3=0003072A A4=00FFE3FC A5=00000000 A6=00000000 A7=00FF7F94 D0=00000002 D1=00000002 D2=00000000 D3=00000001 D4=00000000 D5=00000000 D6=00000000 D7=00000000 xnzvc
02:8540  70 00  MOVEQ   #$00,D0                  A0=00FFE3C6 A1=0003332A A2=000284EA A3=0003072A A4=00FFE3FC A5=00000000 A6=00000000 A7=00FF7F94 D0=00000002 D1=00000002 D2=00000000 D3=00000001 D4=00000000 D5=00000000 D6=00000000 D7=00000000 xnzvc
02:8542  10 30  MOVE.B  $00(A0,D1),D0            A0=00FFE3C6 A1=0003332A A2=000284EA A3=0003072A A4=00FFE3FC A5=00000000 A6=00000000 A7=00FF7F94 D0=00000000 D1=00000002 D2=00000000 D3=00000001 D4=00000000 D5=00000000 D6=00000000 D7=00000000 xnZvc
02:8546  EF 40  ASL.W   #7,D0                    A0=00FFE3C6 A1=0003332A A2=000284EA A3=0003072A A4=00FFE3FC A5=00000000 A6=00000000 A7=00FF7F94 D0=00000008 D1=00000002 D2=00000000 D3=00000001 D4=00000000 D5=00000000 D6=00000000 D7=00000000 xnzvc
02:8548  20 7C  MOVE.L  #$00FFA25A,A0            A0=00FFE3C6 A1=0003332A A2=000284EA A3=0003072A A4=00FFE3FC A5=00000000 A6=00000000 A7=00FF7F94 D0=00000400 D1=00000002 D2=00000000 D3=00000001 D4=00000000 D5=00000000 D6=00000000 D7=00000000 xnzvc
02:854E  D0 C0  ADDA.W  D0,A0                    A0=00FFA25A A1=0003332A A2=000284EA A3=0003072A A4=00FFE3FC A5=00000000 A6=00000000 A7=00FF7F94 D0=00000400 D1=00000002 D2=00000000 D3=00000001 D4=00000000 D5=00000000 D6=00000000 D7=00000000 xnzvc
02:8550  70 00  MOVEQ   #$00,D0                  A0=00FFA65A A1=0003332A A2=000284EA A3=0003072A A4=00FFE3FC A5=00000000 A6=00000000 A7=00FF7F94 D0=00000400 D1=00000002 D2=00000000 D3=00000001 D4=00000000 D5=00000000 D6=00000000 D7=00000000 xnzvc
02:8552  10 28  MOVE.B  $002F(A0),D0             A0=00FFA65A A1=0003332A A2=000284EA A3=0003072A A4=00FFE3FC A5=00000000 A6=00000000 A7=00FF7F94 D0=00000000 D1=00000002 D2=00000000 D3=00000001 D4=00000000 D5=00000000 D6=00000000 D7=00000000 xnZvc
02:8556  72 03  MOVEQ   #$03,D1                  A0=00FFA65A A1=0003332A A2=000284EA A3=0003072A A4=00FFE3FC A5=00000000 A6=00000000 A7=00FF7F94 D0=00000003 D1=00000002 D2=00000000 D3=00000001 D4=00000000 D5=00000000 D6=00000000 D7=00000000 xnzvc
02:8558  C0 81  AND.L   D1,D0                    A0=00FFA65A A1=0003332A A2=000284EA A3=0003072A A4=00FFE3FC A5=00000000 A6=00000000 A7=00FF7F94 D0=00000003 D1=00000003 D2=00000000 D3=00000001 D4=00000000 D5=00000000 D6=00000000 D7=00000000 xnzvc
02:855A  66 02  BNE     #$02 [02:855E]           A0=00FFA65A A1=0003332A A2=000284EA A3=0003072A A4=00FFE3FC A5=00000000 A6=00000000 A7=00FF7F94 D0=00000003 D1=00000003 D2=00000000 D3=00000001 D4=00000000 D5=00000000 D6=00000000 D7=00000000 xnzvc
02:855E  42 A7  CLR.L   -(SP)                    A0=00FFA65A A1=0003332A A2=000284EA A3=0003072A A4=00FFE3FC A5=00000000 A6=00000000 A7=00FF7F94 D0=00000003 D1=00000003 D2=00000000 D3=00000001 D4=00000000 D5=00000000 D6=00000000 D7=00000000 xnzvc
02:8560  2F 08  MOVE.L  A0,-(SP)                 A0=00FFA65A A1=0003332A A2=000284EA A3=0003072A A4=00FFE3FC A5=00000000 A6=00000000 A7=00FF7F90 D0=00000003 D1=00000003 D2=00000000 D3=00000001 D4=00000000 D5=00000000 D6=00000000 D7=00000000 xnZvc
02:8562  4E B9  JSR     ($0000D7FA)              A0=00FFA65A A1=0003332A A2=000284EA A3=0003072A A4=00FFE3FC A5=00000000 A6=00000000 A7=00FF7F8C D0=00000003 D1=00000003 D2=00000000 D3=00000001 D4=00000000 D5=00000000 D6=00000000 D7=00000000 xnzvc
02:8568  50 8F  ADDQ.L  #8,SP                    A0=00FFD976 A1=0003332A A2=000284EA A3=0003072A A4=00FFE3FC A5=00000000 A6=00000000 A7=00FF7F8C D0=00000018 D1=00000018 D2=00000000 D3=00000001 D4=00000000 D5=00000000 D6=00000000 D7=00000000 xnZvc
02:856A  4E 75  RTS                              A0=00FFD976 A1=0003332A A2=000284EA A3=0003072A A4=00FFE3FC A5=00000000 A6=00000000 A7=00FF7F94 D0=00000018 D1=00000018 D2=00000000 D3=00000001 D4=00000000 D5=00000000 D6=00000000 D7=00000000 xnZvc

02:856C  4E B9  JSR     ($0000D8E4)              A0=00FFA85A A1=000333B6 A2=00FF8036 A3=00FFE3F8 A4=00FF8038 A5=00000000 A6=00000000 A7=00FF7F94 D0=000000AA D1=00000600 D2=00000001 D3=00000000 D4=00000004 D5=0000FEF0 D6=00000000 D7=00000000 xnzvc
02:8572  13 C0  MOVE.B  D0,($00FFE3C4)           A0=00FFA25A A1=000333B6 A2=00FF8036 A3=00FFE3F8 A4=00FF8038 A5=00000000 A6=00000000 A7=00FF7F94 D0=0000000D D1=00000007 D2=00000001 D3=00000000 D4=00000004 D5=0000FEF0 D6=00000000 D7=00000000 xnzvc
02:8578  67 66  BEQ     #$66 [02:85E0]           A0=00FFA25A A1=000333B6 A2=00FF8036 A3=00FFE3F8 A4=00FF8038 A5=00000000 A6=00000000 A7=00FF7F94 D0=0000000D D1=00000007 D2=00000001 D3=00000000 D4=00000004 D5=0000FEF0 D6=00000000 D7=00000000 xnzvc
02:857A  70 00  MOVEQ   #$00,D0                  A0=00FFA25A A1=000333B6 A2=00FF8036 A3=00FFE3F8 A4=00FF8038 A5=00000000 A6=00000000 A7=00FF7F94 D0=0000000D D1=00000007 D2=00000001 D3=00000000 D4=00000004 D5=0000FEF0 D6=00000000 D7=00000000 xnzvc
02:857C  10 39  MOVE.B  ($00FFE3C4),D0           A0=00FFA25A A1=000333B6 A2=00FF8036 A3=00FFE3F8 A4=00FF8038 A5=00000000 A6=00000000 A7=00FF7F94 D0=00000000 D1=00000007 D2=00000001 D3=00000000 D4=00000004 D5=0000FEF0 D6=00000000 D7=00000000 xnZvc
02:8582  EF 40  ASL.W   #7,D0                    A0=00FFA25A A1=000333B6 A2=00FF8036 A3=00FFE3F8 A4=00FF8038 A5=00000000 A6=00000000 A7=00FF7F94 D0=0000000D D1=00000007 D2=00000001 D3=00000000 D4=00000004 D5=0000FEF0 D6=00000000 D7=00000000 xnzvc
02:8584  20 7C  MOVE.L  #$00FFA25A,A0            A0=00FFA25A A1=000333B6 A2=00FF8036 A3=00FFE3F8 A4=00FF8038 A5=00000000 A6=00000000 A7=00FF7F94 D0=00000680 D1=00000007 D2=00000001 D3=00000000 D4=00000004 D5=0000FEF0 D6=00000000 D7=00000000 xnzvc
02:858A  D0 C0  ADDA.W  D0,A0                    A0=00FFA25A A1=000333B6 A2=00FF8036 A3=00FFE3F8 A4=00FF8038 A5=00000000 A6=00000000 A7=00FF7F94 D0=00000680 D1=00000007 D2=00000001 D3=00000000 D4=00000004 D5=0000FEF0 D6=00000000 D7=00000000 xnzvc
02:858C  42 68  CLR.W   $002C(A0)                A0=00FFA8DA A1=000333B6 A2=00FF8036 A3=00FFE3F8 A4=00FF8038 A5=00000000 A6=00000000 A7=00FF7F94 D0=00000680 D1=00000007 D2=00000001 D3=00000000 D4=00000004 D5=0000FEF0 D6=00000000 D7=00000000 xnzvc
02:8590  21 79  MOVE.L  ($0003562C),$0022(A0)    A0=00FFA8DA A1=000333B6 A2=00FF8036 A3=00FFE3F8 A4=00FF8038 A5=00000000 A6=00000000 A7=00FF7F94 D0=00000680 D1=00000007 D2=00000001 D3=00000000 D4=00000004 D5=0000FEF0 D6=00000000 D7=00000000 xnZvc
02:8598  21 7C  MOVE.L  #$0003562C,$001E(A0)     A0=00FFA8DA A1=000333B6 A2=00FF8036 A3=00FFE3F8 A4=00FF8038 A5=00000000 A6=00000000 A7=00FF7F94 D0=00000680 D1=00000007 D2=00000001 D3=00000000 D4=00000004 D5=0000FEF0 D6=00000000 D7=00000000 xnzvc
02:85A0  11 7C  MOVE.B  #$A0,$002B(A0)           A0=00FFA8DA A1=000333B6 A2=00FF8036 A3=00FFE3F8 A4=00FF8038 A5=00000000 A6=00000000 A7=00FF7F94 D0=00000680 D1=00000007 D2=00000001 D3=00000000 D4=00000004 D5=0000FEF0 D6=00000000 D7=00000000 xnzvc
02:85A6  11 7C  MOVE.B  #$0C,$002E(A0)           A0=00FFA8DA A1=000333B6 A2=00FF8036 A3=00FFE3F8 A4=00FF8038 A5=00000000 A6=00000000 A7=00FF7F94 D0=00000680 D1=00000007 D2=00000001 D3=00000000 D4=00000004 D5=0000FEF0 D6=00000000 D7=00000000 xNzvc
02:85AC  30 BC  MOVE.W  #$0068,(A0)              A0=00FFA8DA A1=000333B6 A2=00FF8036 A3=00FFE3F8 A4=00FF8038 A5=00000000 A6=00000000 A7=00FF7F94 D0=00000680 D1=00000007 D2=00000001 D3=00000000 D4=00000004 D5=0000FEF0 D6=00000000 D7=00000000 xnzvc
02:85B0  31 7C  MOVE.W  #$0097,$0002(A0)         A0=00FFA8DA A1=000333B6 A2=00FF8036 A3=00FFE3F8 A4=00FF8038 A5=00000000 A6=00000000 A7=00FF7F94 D0=00000680 D1=00000007 D2=00000001 D3=00000000 D4=00000004 D5=0000FEF0 D6=00000000 D7=00000000 xnzvc
02:85B6  42 28  CLR.B   $004A(A0)                A0=00FFA8DA A1=000333B6 A2=00FF8036 A3=00FFE3F8 A4=00FF8038 A5=00000000 A6=00000000 A7=00FF7F94 D0=00000680 D1=00000007 D2=00000001 D3=00000000 D4=00000004 D5=0000FEF0 D6=00000000 D7=00000000 xnzvc
02:85BA  21 7C  MOVE.L  #$000306B5,$001A(A0)     A0=00FFA8DA A1=000333B6 A2=00FF8036 A3=00FFE3F8 A4=00FF8038 A5=00000000 A6=00000000 A7=00FF7F94 D0=00000680 D1=00000007 D2=00000001 D3=00000000 D4=00000004 D5=0000FEF0 D6=00000000 D7=00000000 xnZvc
02:85C2  11 7C  MOVE.B  #$01,$0028(A0)           A0=00FFA8DA A1=000333B6 A2=00FF8036 A3=00FFE3F8 A4=00FF8038 A5=00000000 A6=00000000 A7=00FF7F94 D0=00000680 D1=00000007 D2=00000001 D3=00000000 D4=00000004 D5=0000FEF0 D6=00000000 D7=00000000 xnzvc
02:85C8  11 7C  MOVE.B  #$FF,$0026(A0)           A0=00FFA8DA A1=000333B6 A2=00FF8036 A3=00FFE3F8 A4=00FF8038 A5=00000000 A6=00000000 A7=00FF7F94 D0=00000680 D1=00000007 D2=00000001 D3=00000000 D4=00000004 D5=0000FEF0 D6=00000000 D7=00000000 xnzvc
02:85CE  11 7C  MOVE.B  #$06,$0027(A0)           A0=00FFA8DA A1=000333B6 A2=00FF8036 A3=00FFE3F8 A4=00FF8038 A5=00000000 A6=00000000 A7=00FF7F94 D0=00000680 D1=00000007 D2=00000001 D3=00000000 D4=00000004 D5=0000FEF0 D6=00000000 D7=00000000 xNzvc
02:85D4  42 A7  CLR.L   -(SP)                    A0=00FFA8DA A1=000333B6 A2=00FF8036 A3=00FFE3F8 A4=00FF8038 A5=00000000 A6=00000000 A7=00FF7F94 D0=00000680 D1=00000007 D2=00000001 D3=00000000 D4=00000004 D5=0000FEF0 D6=00000000 D7=00000000 xnzvc
02:85D6  2F 08  MOVE.L  A0,-(SP)                 A0=00FFA8DA A1=000333B6 A2=00FF8036 A3=00FFE3F8 A4=00FF8038 A5=00000000 A6=00000000 A7=00FF7F90 D0=00000680 D1=00000007 D2=00000001 D3=00000000 D4=00000004 D5=0000FEF0 D6=00000000 D7=00000000 xnZvc
02:85D8  4E B9  JSR     ($0000D756)              A0=00FFA8DA A1=000333B6 A2=00FF8036 A3=00FFE3F8 A4=00FF8038 A5=00000000 A6=00000000 A7=00FF7F8C D0=00000680 D1=00000007 D2=00000001 D3=00000000 D4=00000004 D5=0000FEF0 D6=00000000 D7=00000000 xnzvc
02:85DE  50 8F  ADDQ.L  #8,SP                    A0=00FFA915 A1=00FFD940 A2=00FF8036 A3=00FFE3F8 A4=00FF8038 A5=00000000 A6=00000000 A7=00FF7F8C D0=00000002 D1=00000019 D2=00000001 D3=00000000 D4=00000004 D5=0000FEF0 D6=00000000 D7=00000000 xnzvc
02:85E0  4E 75  RTS                              A0=00FFA915 A1=00FFD940 A2=00FF8036 A3=00FFE3F8 A4=00FF8038 A5=00000000 A6=00000000 A7=00FF7F94 D0=00000002 D1=00000019 D2=00000001 D3=00000000 D4=00000004 D5=0000FEF0 D6=00000000 D7=00000000 xnzvc

02:85E2  2F 0A  MOVE.L  A2,-(SP)                 A0=00FFA85A A1=000331BC A2=00FF8036 A3=00FFE3F8 A4=00FF8038 A5=00000000 A6=00000000 A7=00FF7F94 D0=00008124 D1=00000600 D2=00000000 D3=00000000 D4=00000004 D5=0000FEF0 D6=00000000 D7=00000000 xNzvc
02:85E4  24 7C  MOVE.L  #$00FFE3C4,A2            A0=00FFA85A A1=000331BC A2=00FF8036 A3=00FFE3F8 A4=00FF8038 A5=00000000 A6=00000000 A7=00FF7F90 D0=00008124 D1=00000600 D2=00000000 D3=00000000 D4=00000004 D5=0000FEF0 D6=00000000 D7=00000000 xnzvc
02:85EA  4A 12  TST.B   (A2)                     A0=00FFA85A A1=000331BC A2=00FFE3C4 A3=00FFE3F8 A4=00FF8038 A5=00000000 A6=00000000 A7=00FF7F90 D0=00008124 D1=00000600 D2=00000000 D3=00000000 D4=00000004 D5=0000FEF0 D6=00000000 D7=00000000 xnzvc
02:85EC  67 0E  BEQ     #$0E [02:85FC]           A0=00FFA85A A1=000331BC A2=00FFE3C4 A3=00FFE3F8 A4=00FF8038 A5=00000000 A6=00000000 A7=00FF7F90 D0=00008124 D1=00000600 D2=00000000 D3=00000000 D4=00000004 D5=0000FEF0 D6=00000000 D7=00000000 xnzvc
02:85EE  70 00  MOVEQ   #$00,D0                  A0=00FFA85A A1=000331BC A2=00FFE3C4 A3=00FFE3F8 A4=00FF8038 A5=00000000 A6=00000000 A7=00FF7F90 D0=00008124 D1=00000600 D2=00000000 D3=00000000 D4=00000004 D5=0000FEF0 D6=00000000 D7=00000000 xnzvc
02:85F0  10 12  MOVE.B  (A2),D0                  A0=00FFA85A A1=000331BC A2=00FFE3C4 A3=00FFE3F8 A4=00FF8038 A5=00000000 A6=00000000 A7=00FF7F90 D0=00000000 D1=00000600 D2=00000000 D3=00000000 D4=00000004 D5=0000FEF0 D6=00000000 D7=00000000 xnZvc
02:85F2  2F 00  MOVE.L  D0,-(SP)                 A0=00FFA85A A1=000331BC A2=00FFE3C4 A3=00FFE3F8 A4=00FF8038 A5=00000000 A6=00000000 A7=00FF7F90 D0=0000000D D1=00000600 D2=00000000 D3=00000000 D4=00000004 D5=0000FEF0 D6=00000000 D7=00000000 xnzvc
02:85F4  4E B9  JSR     ($0000D950)              A0=00FFA85A A1=000331BC A2=00FFE3C4 A3=00FFE3F8 A4=00FF8038 A5=00000000 A6=00000000 A7=00FF7F8C D0=0000000D D1=00000600 D2=00000000 D3=00000000 D4=00000004 D5=0000FEF0 D6=00000000 D7=00000000 xnzvc
02:85FA  58 8F  ADDQ.L  #4,SP                    A0=00FFD9C6 A1=000331BC A2=00FFE3C4 A3=00FFE3F8 A4=00FF8038 A5=00000000 A6=00000000 A7=00FF7F8C D0=00000007 D1=0000002C D2=00000000 D3=00000000 D4=00000004 D5=0000FEF0 D6=00000000 D7=00000000 xnZvc
02:85FC  42 12  CLR.B   (A2)                     A0=00FFD9C6 A1=000331BC A2=00FFE3C4 A3=00FFE3F8 A4=00FF8038 A5=00000000 A6=00000000 A7=00FF7F90 D0=00000007 D1=0000002C D2=00000000 D3=00000000 D4=00000004 D5=0000FEF0 D6=00000000 D7=00000000 xnZvc
02:85FE  24 5F  MOVE.L  (SP)+,A2                 A0=00FFD9C6 A1=000331BC A2=00FFE3C4 A3=00FFE3F8 A4=00FF8038 A5=00000000 A6=00000000 A7=00FF7F90 D0=00000007 D1=0000002C D2=00000000 D3=00000000 D4=00000004 D5=0000FEF0 D6=00000000 D7=00000000 xnZvc
02:8600  4E 75  RTS                              A0=00FFD9C6 A1=000331BC A2=00FF8036 A3=00FFE3F8 A4=00FF8038 A5=00000000 A6=00000000 A7=00FF7F94 D0=00000007 D1=0000002C D2=00000000 D3=00000000 D4=00000004 D5=0000FEF0 D6=00000000 D7=00000000 xnZvc

02:8602  48 E7  MOVEM.L {d0-a7}[38 3c],-(SP)     A0=00FF9364 A1=00FFB65A A2=00FFE3F8 A3=0003B918 A4=00FF8000 A5=00000000 A6=00000000 A7=00FF7FA4 D0=00000001 D1=00000000 D2=00000000 D3=00000000 D4=00000000 D5=00000000 D6=00000000 D7=00000000 xnZvc
02:8606  28 7C  MOVE.L  #$00036DC6,A4            A0=00FF9364 A1=00FFB65A A2=00FFE3F8 A3=0003B918 A4=00FF8000 A5=00000000 A6=00000000 A7=00FF7F88 D0=00000001 D1=00000000 D2=00000000 D3=00000000 D4=00000000 D5=00000000 D6=00000000 D7=00000000 xnZvc
02:860C  28 3C  MOVE.L  #$00FFE3BA,D4            A0=00FF9364 A1=00FFB65A A2=00FFE3F8 A3=0003B918 A4=00036DC6 A5=00000000 A6=00000000 A7=00FF7F88 D0=00000001 D1=00000000 D2=00000000 D3=00000000 D4=00000000 D5=00000000 D6=00000000 D7=00000000 xnZvc
02:8612  4E B9  JSR     ($0000D8E4)              A0=00FF9364 A1=00FFB65A A2=00FFE3F8 A3=0003B918 A4=00036DC6 A5=00000000 A6=00000000 A7=00FF7F88 D0=00000001 D1=00000000 D2=00000000 D3=00000000 D4=00FFE3BA D5=00000000 D6=00000000 D7=00000000 xnzvc
02:8618  24 44  MOVE.L  D4,A2                    A0=00FFA25A A1=00FFB65A A2=00FFE3F8 A3=0003B918 A4=00036DC6 A5=00000000 A6=00000000 A7=00FF7F88 D0=00000006 D1=00000000 D2=00000000 D3=00000000 D4=00FFE3BA D5=00000000 D6=00000000 D7=00000000 xnZvc
02:861A  14 80  MOVE.B  D0,(A2)                  A0=00FFA25A A1=00FFB65A A2=00FFE3BA A3=0003B918 A4=00036DC6 A5=00000000 A6=00000000 A7=00FF7F88 D0=00000006 D1=00000000 D2=00000000 D3=00000000 D4=00FFE3BA D5=00000000 D6=00000000 D7=00000000 xnZvc
02:861C  67 68  BEQ     #$68 [02:8686]           A0=00FFA25A A1=00FFB65A A2=00FFE3BA A3=0003B918 A4=00036DC6 A5=00000000 A6=00000000 A7=00FF7F88 D0=00000006 D1=00000000 D2=00000000 D3=00000000 D4=00FFE3BA D5=00000000 D6=00000000 D7=00000000 xnzvc
02:861E  70 00  MOVEQ   #$00,D0                  A0=00FFA25A A1=00FFB65A A2=00FFE3BA A3=0003B918 A4=00036DC6 A5=00000000 A6=00000000 A7=00FF7F88 D0=00000006 D1=00000000 D2=00000000 D3=00000000 D4=00FFE3BA D5=00000000 D6=00000000 D7=00000000 xnzvc
02:8620  24 44  MOVE.L  D4,A2                    A0=00FFA25A A1=00FFB65A A2=00FFE3BA A3=0003B918 A4=00036DC6 A5=00000000 A6=00000000 A7=00FF7F88 D0=00000000 D1=00000000 D2=00000000 D3=00000000 D4=00FFE3BA D5=00000000 D6=00000000 D7=00000000 xnZvc
02:8622  10 12  MOVE.B  (A2),D0                  A0=00FFA25A A1=00FFB65A A2=00FFE3BA A3=0003B918 A4=00036DC6 A5=00000000 A6=00000000 A7=00FF7F88 D0=00000000 D1=00000000 D2=00000000 D3=00000000 D4=00FFE3BA D5=00000000 D6=00000000 D7=00000000 xnZvc
02:8624  EF 40  ASL.W   #7,D0                    A0=00FFA25A A1=00FFB65A A2=00FFE3BA A3=0003B918 A4=00036DC6 A5=00000000 A6=00000000 A7=00FF7F88 D0=00000006 D1=00000000 D2=00000000 D3=00000000 D4=00FFE3BA D5=00000000 D6=00000000 D7=00000000 xnzvc
02:8626  20 7C  MOVE.L  #$00FFA25A,A0            A0=00FFA25A A1=00FFB65A A2=00FFE3BA A3=0003B918 A4=00036DC6 A5=00000000 A6=00000000 A7=00FF7F88 D0=00000300 D1=00000000 D2=00000000 D3=00000000 D4=00FFE3BA D5=00000000 D6=00000000 D7=00000000 xnzvc
02:862C  D0 C0  ADDA.W  D0,A0                    A0=00FFA25A A1=00FFB65A A2=00FFE3BA A3=0003B918 A4=00036DC6 A5=00000000 A6=00000000 A7=00FF7F88 D0=00000300 D1=00000000 D2=00000000 D3=00000000 D4=00FFE3BA D5=00000000 D6=00000000 D7=00000000 xnzvc
02:862E  26 48  MOVE.L  A0,A3                    A0=00FFA55A A1=00FFB65A A2=00FFE3BA A3=0003B918 A4=00036DC6 A5=00000000 A6=00000000 A7=00FF7F88 D0=00000300 D1=00000000 D2=00000000 D3=00000000 D4=00FFE3BA D5=00000000 D6=00000000 D7=00000000 xnzvc
02:8630  00 6B  ORI.W   #$8000,$002C(A3)         A0=00FFA55A A1=00FFB65A A2=00FFE3BA A3=00FFA55A A4=00036DC6 A5=00000000 A6=00000000 A7=00FF7F88 D0=00000300 D1=00000000 D2=00000000 D3=00000000 D4=00FFE3BA D5=00000000 D6=00000000 D7=00000000 xnzvc
02:8636  27 54  MOVE.L  (A4),$0022(A3)           A0=00FFA55A A1=00FFB65A A2=00FFE3BA A3=00FFA55A A4=00036DC6 A5=00000000 A6=00000000 A7=00FF7F88 D0=00000300 D1=00000000 D2=00000000 D3=00000000 D4=00FFE3BA D5=00000000 D6=00000000 D7=00000000 xNzvc
02:863A  20 4C  MOVE.L  A4,A0                    A0=00FFA55A A1=00FFB65A A2=00FFE3BA A3=00FFA55A A4=00036DC6 A5=00000000 A6=00000000 A7=00FF7F88 D0=00000300 D1=00000000 D2=00000000 D3=00000000 D4=00FFE3BA D5=00000000 D6=00000000 D7=00000000 xnzvc
02:863C  27 48  MOVE.L  A0,$001E(A3)             A0=00036DC6 A1=00FFB65A A2=00FFE3BA A3=00FFA55A A4=00036DC6 A5=00000000 A6=00000000 A7=00FF7F88 D0=00000300 D1=00000000 D2=00000000 D3=00000000 D4=00FFE3BA D5=00000000 D6=00000000 D7=00000000 xnzvc
02:8640  17 7C  MOVE.B  #$A0,$002B(A3)           A0=00036DC6 A1=00FFB65A A2=00FFE3BA A3=00FFA55A A4=00036DC6 A5=00000000 A6=00000000 A7=00FF7F88 D0=00000300 D1=00000000 D2=00000000 D3=00000000 D4=00FFE3BA D5=00000000 D6=00000000 D7=00000000 xnzvc
02:8646  17 7C  MOVE.B  #$0C,$002E(A3)           A0=00036DC6 A1=00FFB65A A2=00FFE3BA A3=00FFA55A A4=00036DC6 A5=00000000 A6=00000000 A7=00FF7F88 D0=00000300 D1=00000000 D2=00000000 D3=00000000 D4=00FFE3BA D5=00000000 D6=00000000 D7=00000000 xNzvc
02:864C  36 BC  MOVE.W  #$0010,(A3)              A0=00036DC6 A1=00FFB65A A2=00FFE3BA A3=00FFA55A A4=00036DC6 A5=00000000 A6=00000000 A7=00FF7F88 D0=00000300 D1=00000000 D2=00000000 D3=00000000 D4=00FFE3BA D5=00000000 D6=00000000 D7=00000000 xnzvc
02:8650  37 7C  MOVE.W  #$0061,$0002(A3)         A0=00036DC6 A1=00FFB65A A2=00FFE3BA A3=00FFA55A A4=00036DC6 A5=00000000 A6=00000000 A7=00FF7F88 D0=00000300 D1=00000000 D2=00000000 D3=00000000 D4=00FFE3BA D5=00000000 D6=00000000 D7=00000000 xnzvc
02:8656  37 7C  MOVE.W  #$0001,$0004(A3)         A0=00036DC6 A1=00FFB65A A2=00FFE3BA A3=00FFA55A A4=00036DC6 A5=00000000 A6=00000000 A7=00FF7F88 D0=00000300 D1=00000000 D2=00000000 D3=00000000 D4=00FFE3BA D5=00000000 D6=00000000 D7=00000000 xnzvc
02:865C  27 7C  MOVE.L  #$0003072C,$001A(A3)     A0=00036DC6 A1=00FFB65A A2=00FFE3BA A3=00FFA55A A4=00036DC6 A5=00000000 A6=00000000 A7=00FF7F88 D0=00000300 D1=00000000 D2=00000000 D3=00000000 D4=00FFE3BA D5=00000000 D6=00000000 D7=00000000 xnzvc
02:8664  17 7C  MOVE.B  #$01,$0028(A3)           A0=00036DC6 A1=00FFB65A A2=00FFE3BA A3=00FFA55A A4=00036DC6 A5=00000000 A6=00000000 A7=00FF7F88 D0=00000300 D1=00000000 D2=00000000 D3=00000000 D4=00FFE3BA D5=00000000 D6=00000000 D7=00000000 xnzvc
02:866A  17 7C  MOVE.B  #$FF,$0026(A3)           A0=00036DC6 A1=00FFB65A A2=00FFE3BA A3=00FFA55A A4=00036DC6 A5=00000000 A6=00000000 A7=00FF7F88 D0=00000300 D1=00000000 D2=00000000 D3=00000000 D4=00FFE3BA D5=00000000 D6=00000000 D7=00000000 xnzvc
02:8670  17 7C  MOVE.B  #$06,$0027(A3)           A0=00036DC6 A1=00FFB65A A2=00FFE3BA A3=00FFA55A A4=00036DC6 A5=00000000 A6=00000000 A7=00FF7F88 D0=00000300 D1=00000000 D2=00000000 D3=00000000 D4=00FFE3BA D5=00000000 D6=00000000 D7=00000000 xNzvc
02:8676  42 2B  CLR.B   $004A(A3)                A0=00036DC6 A1=00FFB65A A2=00FFE3BA A3=00FFA55A A4=00036DC6 A5=00000000 A6=00000000 A7=00FF7F88 D0=00000300 D1=00000000 D2=00000000 D3=00000000 D4=00FFE3BA D5=00000000 D6=00000000 D7=00000000 xnzvc
02:867A  42 A7  CLR.L   -(SP)                    A0=00036DC6 A1=00FFB65A A2=00FFE3BA A3=00FFA55A A4=00036DC6 A5=00000000 A6=00000000 A7=00FF7F88 D0=00000300 D1=00000000 D2=00000000 D3=00000000 D4=00FFE3BA D5=00000000 D6=00000000 D7=00000000 xnZvc
02:867C  2F 0B  MOVE.L  A3,-(SP)                 A0=00036DC6 A1=00FFB65A A2=00FFE3BA A3=00FFA55A A4=00036DC6 A5=00000000 A6=00000000 A7=00FF7F84 D0=00000300 D1=00000000 D2=00000000 D3=00000000 D4=00FFE3BA D5=00000000 D6=00000000 D7=00000000 xnZvc
02:867E  4E B9  JSR     ($0000D756)              A0=00036DC6 A1=00FFB65A A2=00FFE3BA A3=00FFA55A A4=00036DC6 A5=00000000 A6=00000000 A7=00FF7F80 D0=00000300 D1=00000000 D2=00000000 D3=00000000 D4=00FFE3BA D5=00000000 D6=00000000 D7=00000000 xnzvc
02:8684  50 8F  ADDQ.L  #8,SP                    A0=00FFA595 A1=00FFD940 A2=00FFE3BA A3=00FFA55A A4=00036DC6 A5=00000000 A6=00000000 A7=00FF7F80 D0=00000002 D1=00000019 D2=00000000 D3=00000000 D4=00FFE3BA D5=00000000 D6=00000000 D7=00000000 xnzvc
02:8686  42 43  CLR.W   D3                       A0=00FFA595 A1=00FFD940 A2=00FFE3BA A3=00FFA55A A4=00036DC6 A5=00000000 A6=00000000 A7=00FF7F88 D0=00000002 D1=00000019 D2=00000000 D3=00000000 D4=00FFE3BA D5=00000000 D6=00000000 D7=00000000 xnzvc
02:8688  34 03  MOVE.W  D3,D2                    A0=00FFA695 A1=00FFD940 A2=00FFA65A A3=00FFA55A A4=00036DC6 A5=00FFE3BA A6=00000000 A7=00FF7F88 D0=00000002 D1=00000019 D2=00000008 D3=00000002 D4=00FFE3BA D5=00000000 D6=00000000 D7=00000000 xNzvC
02:868A  24 7C  MOVE.L  #$00FFE3C0,A2            A0=00FFA695 A1=00FFD940 A2=00FFA65A A3=00FFA55A A4=00036DC6 A5=00FFE3BA A6=00000000 A7=00FF7F88 D0=00000002 D1=00000019 D2=00000002 D3=00000002 D4=00FFE3BA D5=00000000 D6=00000000 D7=00000000 xnzvc
02:8690  4E B9  JSR     ($0000D8E4)              A0=00FFA695 A1=00FFD940 A2=00FFE3C0 A3=00FFA55A A4=00036DC6 A5=00FFE3BA A6=00000000 A7=00FF7F88 D0=00000002 D1=00000019 D2=00000002 D3=00000002 D4=00FFE3BA D5=00000000 D6=00000000 D7=00000000 xnzvc
02:8696  15 80  MOVE.B  D0,$00(A2,D2)            A0=00FFA25A A1=00FFD940 A2=00FFE3C0 A3=00FFA55A A4=00036DC6 A5=00FFE3BA A6=00000000 A7=00FF7F88 D0=00000009 D1=00000003 D2=00000002 D3=00000002 D4=00FFE3BA D5=00000000 D6=00000000 D7=00000000 xnzvc
02:869A  67 00  BEQ     #$00A6 [02:8742]         A0=00FFA25A A1=00FFD940 A2=00FFE3C0 A3=00FFA55A A4=00036DC6 A5=00FFE3BA A6=00000000 A7=00FF7F88 D0=00000009 D1=00000003 D2=00000002 D3=00000002 D4=00FFE3BA D5=00000000 D6=00000000 D7=00000000 xnzvc
02:869E  30 03  MOVE.W  D3,D0                    A0=00FFA25A A1=00FFD940 A2=00FFE3C0 A3=00FFA55A A4=00036DC6 A5=00FFE3BA A6=00000000 A7=00FF7F88 D0=00000009 D1=00000003 D2=00000002 D3=00000002 D4=00FFE3BA D5=00000000 D6=00000000 D7=00000000 xnzvc
02:86A0  20 7C  MOVE.L  #$00FFE3C0,A0            A0=00FFA25A A1=00FFD940 A2=00FFE3C0 A3=00FFA55A A4=00036DC6 A5=00FFE3BA A6=00000000 A7=00FF7F88 D0=00000002 D1=00000003 D2=00000002 D3=00000002 D4=00FFE3BA D5=00000000 D6=00000000 D7=00000000 xnzvc
02:86A6  74 00  MOVEQ   #$00,D2                  A0=00FFE3C0 A1=00FFD940 A2=00FFE3C0 A3=00FFA55A A4=00036DC6 A5=00FFE3BA A6=00000000 A7=00FF7F88 D0=00000002 D1=00000003 D2=00000002 D3=00000002 D4=00FFE3BA D5=00000000 D6=00000000 D7=00000000 xnzvc
02:86A8  14 30  MOVE.B  $00(A0,D0),D2            A0=00FFE3C0 A1=00FFD940 A2=00FFE3C0 A3=00FFA55A A4=00036DC6 A5=00FFE3BA A6=00000000 A7=00FF7F88 D0=00000002 D1=00000003 D2=00000000 D3=00000002 D4=00FFE3BA D5=00000000 D6=00000000 D7=00000000 xnZvc
02:86AC  30 02  MOVE.W  D2,D0                    A0=00FFE3C0 A1=00FFD940 A2=00FFE3C0 A3=00FFA55A A4=00036DC6 A5=00FFE3BA A6=00000000 A7=00FF7F88 D0=00000002 D1=00000003 D2=00000009 D3=00000002 D4=00FFE3BA D5=00000000 D6=00000000 D7=00000000 xnzvc
02:86AE  EF 40  ASL.W   #7,D0                    A0=00FFE3C0 A1=00FFD940 A2=00FFE3C0 A3=00FFA55A A4=00036DC6 A5=00FFE3BA A6=00000000 A7=00FF7F88 D0=00000009 D1=00000003 D2=00000009 D3=00000002 D4=00FFE3BA D5=00000000 D6=00000000 D7=00000000 xnzvc
02:86B0  20 7C  MOVE.L  #$00FFA25A,A0            A0=00FFE3C0 A1=00FFD940 A2=00FFE3C0 A3=00FFA55A A4=00036DC6 A5=00FFE3BA A6=00000000 A7=00FF7F88 D0=00000480 D1=00000003 D2=00000009 D3=00000002 D4=00FFE3BA D5=00000000 D6=00000000 D7=00000000 xnzvc
02:86B6  24 48  MOVE.L  A0,A2                    A0=00FFA25A A1=00FFD940 A2=00FFE3C0 A3=00FFA55A A4=00036DC6 A5=00FFE3BA A6=00000000 A7=00FF7F88 D0=00000480 D1=00000003 D2=00000009 D3=00000002 D4=00FFE3BA D5=00000000 D6=00000000 D7=00000000 xnzvc
02:86B8  D4 C0  ADDA.W  D0,A2                    A0=00FFA25A A1=00FFD940 A2=00FFA25A A3=00FFA55A A4=00036DC6 A5=00FFE3BA A6=00000000 A7=00FF7F88 D0=00000480 D1=00000003 D2=00000009 D3=00000002 D4=00FFE3BA D5=00000000 D6=00000000 D7=00000000 xnzvc
02:86BA  00 6A  ORI.W   #$8000,$002C(A2)         A0=00FFA25A A1=00FFD940 A2=00FFA6DA A3=00FFA55A A4=00036DC6 A5=00FFE3BA A6=00000000 A7=00FF7F88 D0=00000480 D1=00000003 D2=00000009 D3=00000002 D4=00FFE3BA D5=00000000 D6=00000000 D7=00000000 xnzvc
02:86C0  25 54  MOVE.L  (A4),$0022(A2)           A0=00FFA25A A1=00FFD940 A2=00FFA6DA A3=00FFA55A A4=00036DC6 A5=00FFE3BA A6=00000000 A7=00FF7F88 D0=00000480 D1=00000003 D2=00000009 D3=00000002 D4=00FFE3BA D5=00000000 D6=00000000 D7=00000000 xNzvc
02:86C4  20 4C  MOVE.L  A4,A0                    A0=00FFA25A A1=00FFD940 A2=00FFA6DA A3=00FFA55A A4=00036DC6 A5=00FFE3BA A6=00000000 A7=00FF7F88 D0=00000480 D1=00000003 D2=00000009 D3=00000002 D4=00FFE3BA D5=00000000 D6=00000000 D7=00000000 xnzvc
02:86C6  25 48  MOVE.L  A0,$001E(A2)             A0=00036DC6 A1=00FFD940 A2=00FFA6DA A3=00FFA55A A4=00036DC6 A5=00FFE3BA A6=00000000 A7=00FF7F88 D0=00000480 D1=00000003 D2=00000009 D3=00000002 D4=00FFE3BA D5=00000000 D6=00000000 D7=00000000 xnzvc
02:86CA  15 7C  MOVE.B  #$A0,$002B(A2)           A0=00036DC6 A1=00FFD940 A2=00FFA6DA A3=00FFA55A A4=00036DC6 A5=00FFE3BA A6=00000000 A7=00FF7F88 D0=00000480 D1=00000003 D2=00000009 D3=00000002 D4=00FFE3BA D5=00000000 D6=00000000 D7=00000000 xnzvc
02:86D0  15 7C  MOVE.B  #$0C,$002E(A2)           A0=00036DC6 A1=00FFD940 A2=00FFA6DA A3=00FFA55A A4=00036DC6 A5=00FFE3BA A6=00000000 A7=00FF7F88 D0=00000480 D1=00000003 D2=00000009 D3=00000002 D4=00FFE3BA D5=00000000 D6=00000000 D7=00000000 xNzvc
02:86D6  4A 43  TST.W   D3                       A0=00036DC6 A1=00FFD940 A2=00FFA6DA A3=00FFA55A A4=00036DC6 A5=00FFE3BA A6=00000000 A7=00FF7F88 D0=00000480 D1=00000003 D2=00000009 D3=00000002 D4=00FFE3BA D5=00000000 D6=00000000 D7=00000000 xnzvc
02:86D8  66 06  BNE     #$06 [02:86E0]           A0=00036DC6 A1=00FFD940 A2=00FFA6DA A3=00FFA55A A4=00036DC6 A5=00FFE3BA A6=00000000 A7=00FF7F88 D0=00000480 D1=00000003 D2=00000009 D3=00000002 D4=00FFE3BA D5=00000000 D6=00000000 D7=00000000 xnzvc
02:86DA  34 BC  MOVE.W  #$0010,(A2)              A0=00036DC6 A1=00FFD940 A2=00FFA5DA A3=00FFA55A A4=00036DC6 A5=00000000 A6=00000000 A7=00FF7F88 D0=00000380 D1=00000001 D2=00000007 D3=00000000 D4=00FFE3BA D5=00000000 D6=00000000 D7=00000000 xnZvc
02:86DE  60 16  BRA     #$16 [02:86F6]           A0=00036DC6 A1=00FFD940 A2=00FFA5DA A3=00FFA55A A4=00036DC6 A5=00000000 A6=00000000 A7=00FF7F88 D0=00000380 D1=00000001 D2=00000007 D3=00000000 D4=00FFE3BA D5=00000000 D6=00000000 D7=00000000 xnzvc
02:86E0  0C 43  CMPI.W  #$0001,D3                A0=00036DC6 A1=00FFD940 A2=00FFA6DA A3=00FFA55A A4=00036DC6 A5=00FFE3BA A6=00000000 A7=00FF7F88 D0=00000480 D1=00000003 D2=00000009 D3=00000002 D4=00FFE3BA D5=00000000 D6=00000000 D7=00000000 xnzvc
02:86E4  66 0C  BNE     #$0C [02:86F2]           A0=00036DC6 A1=00FFD940 A2=00FFA6DA A3=00FFA55A A4=00036DC6 A5=00FFE3BA A6=00000000 A7=00FF7F88 D0=00000480 D1=00000003 D2=00000009 D3=00000002 D4=00FFE3BA D5=00000000 D6=00000000 D7=00000000 xnzvc
02:86E6  34 BC  MOVE.W  #$00B0,(A2)              A0=00036DC6 A1=00FFD940 A2=00FFA65A A3=00FFA55A A4=00036DC6 A5=00FFE3BA A6=00000000 A7=00FF7F88 D0=00000400 D1=00000002 D2=00000008 D3=00000001 D4=00FFE3BA D5=00000000 D6=00000000 D7=00000000 xnZvc
02:86EA  35 7C  MOVE.W  #$0060,$0002(A2)         A0=00036DC6 A1=00FFD940 A2=00FFA65A A3=00FFA55A A4=00036DC6 A5=00FFE3BA A6=00000000 A7=00FF7F88 D0=00000400 D1=00000002 D2=00000008 D3=00000001 D4=00FFE3BA D5=00000000 D6=00000000 D7=00000000 xnzvc
02:86F0  60 0A  BRA     #$0A [02:86FC]           A0=00036DC6 A1=00FFD940 A2=00FFA65A A3=00FFA55A A4=00036DC6 A5=00FFE3BA A6=00000000 A7=00FF7F88 D0=00000400 D1=00000002 D2=00000008 D3=00000001 D4=00FFE3BA D5=00000000 D6=00000000 D7=00000000 xnzvc
02:86F2  34 BC  MOVE.W  #$00B0,(A2)              A0=00036DC6 A1=00FFD940 A2=00FFA6DA A3=00FFA55A A4=00036DC6 A5=00FFE3BA A6=00000000 A7=00FF7F88 D0=00000480 D1=00000003 D2=00000009 D3=00000002 D4=00FFE3BA D5=00000000 D6=00000000 D7=00000000 xnzvc
02:86F6  35 7C  MOVE.W  #$00D0,$0002(A2)         A0=00036DC6 A1=00FFD940 A2=00FFA6DA A3=00FFA55A A4=00036DC6 A5=00FFE3BA A6=00000000 A7=00FF7F88 D0=00000480 D1=00000003 D2=00000009 D3=00000002 D4=00FFE3BA D5=00000000 D6=00000000 D7=00000000 xnzvc
02:86FC  52 6A  ADDQ.W  #1,$0002(A2)             A0=00036DC6 A1=00FFD940 A2=00FFA6DA A3=00FFA55A A4=00036DC6 A5=00FFE3BA A6=00000000 A7=00FF7F88 D0=00000480 D1=00000003 D2=00000009 D3=00000002 D4=00FFE3BA D5=00000000 D6=00000000 D7=00000000 xnzvc
02:8700  35 7C  MOVE.W  #$0001,$0004(A2)         A0=00036DC6 A1=00FFD940 A2=00FFA6DA A3=00FFA55A A4=00036DC6 A5=00FFE3BA A6=00000000 A7=00FF7F88 D0=00000480 D1=00000003 D2=00000009 D3=00000002 D4=00FFE3BA D5=00000000 D6=00000000 D7=00000000 xnzvc
02:8706  25 7C  MOVE.L  #$0003072C,$001A(A2)     A0=00036DC6 A1=00FFD940 A2=00FFA6DA A3=00FFA55A A4=00036DC6 A5=00FFE3BA A6=00000000 A7=00FF7F88 D0=00000480 D1=00000003 D2=00000009 D3=00000002 D4=00FFE3BA D5=00000000 D6=00000000 D7=00000000 xnzvc
02:870E  15 7C  MOVE.B  #$01,$0028(A2)           A0=00036DC6 A1=00FFD940 A2=00FFA6DA A3=00FFA55A A4=00036DC6 A5=00FFE3BA A6=00000000 A7=00FF7F88 D0=00000480 D1=00000003 D2=00000009 D3=00000002 D4=00FFE3BA D5=00000000 D6=00000000 D7=00000000 xnzvc
02:8714  15 7C  MOVE.B  #$FF,$0026(A2)           A0=00036DC6 A1=00FFD940 A2=00FFA6DA A3=00FFA55A A4=00036DC6 A5=00FFE3BA A6=00000000 A7=00FF7F88 D0=00000480 D1=00000003 D2=00000009 D3=00000002 D4=00FFE3BA D5=00000000 D6=00000000 D7=00000000 xnzvc
02:871A  15 7C  MOVE.B  #$06,$0027(A2)           A0=00036DC6 A1=00FFD940 A2=00FFA6DA A3=00FFA55A A4=00036DC6 A5=00FFE3BA A6=00000000 A7=00FF7F88 D0=00000480 D1=00000003 D2=00000009 D3=00000002 D4=00FFE3BA D5=00000000 D6=00000000 D7=00000000 xNzvc
02:8720  00 2A  ORI.B   #$04,$004D(A2)           A0=00036DC6 A1=00FFD940 A2=00FFA6DA A3=00FFA55A A4=00036DC6 A5=00FFE3BA A6=00000000 A7=00FF7F88 D0=00000480 D1=00000003 D2=00000009 D3=00000002 D4=00FFE3BA D5=00000000 D6=00000000 D7=00000000 xnzvc
02:8726  35 6B  MOVE.W  $002C(A3),$002C(A2)      A0=00036DC6 A1=00FFD940 A2=00FFA6DA A3=00FFA55A A4=00036DC6 A5=00FFE3BA A6=00000000 A7=00FF7F88 D0=00000480 D1=00000003 D2=00000009 D3=00000002 D4=00FFE3BA D5=00000000 D6=00000000 D7=00000000 xnzvc
02:872C  2A 44  MOVE.L  D4,A5                    A0=00036DC6 A1=00FFD940 A2=00FFA6DA A3=00FFA55A A4=00036DC6 A5=00FFE3BA A6=00000000 A7=00FF7F88 D0=00000480 D1=00000003 D2=00000009 D3=00000002 D4=00FFE3BA D5=00000000 D6=00000000 D7=00000000 xNzvc
02:872E  15 55  MOVE.B  (A5),$0056(A2)           A0=00036DC6 A1=00FFD940 A2=00FFA6DA A3=00FFA55A A4=00036DC6 A5=00FFE3BA A6=00000000 A7=00FF7F88 D0=00000480 D1=00000003 D2=00000009 D3=00000002 D4=00FFE3BA D5=00000000 D6=00000000 D7=00000000 xNzvc
02:8732  42 2A  CLR.B   $004A(A2)                A0=00036DC6 A1=00FFD940 A2=00FFA6DA A3=00FFA55A A4=00036DC6 A5=00FFE3BA A6=00000000 A7=00FF7F88 D0=00000480 D1=00000003 D2=00000009 D3=00000002 D4=00FFE3BA D5=00000000 D6=00000000 D7=00000000 xnzvc
02:8736  42 A7  CLR.L   -(SP)                    A0=00036DC6 A1=00FFD940 A2=00FFA6DA A3=00FFA55A A4=00036DC6 A5=00FFE3BA A6=00000000 A7=00FF7F88 D0=00000480 D1=00000003 D2=00000009 D3=00000002 D4=00FFE3BA D5=00000000 D6=00000000 D7=00000000 xnZvc
02:8738  2F 0A  MOVE.L  A2,-(SP)                 A0=00036DC6 A1=00FFD940 A2=00FFA6DA A3=00FFA55A A4=00036DC6 A5=00FFE3BA A6=00000000 A7=00FF7F84 D0=00000480 D1=00000003 D2=00000009 D3=00000002 D4=00FFE3BA D5=00000000 D6=00000000 D7=00000000 xnZvc
02:873A  4E B9  JSR     ($0000D756)              A0=00036DC6 A1=00FFD940 A2=00FFA6DA A3=00FFA55A A4=00036DC6 A5=00FFE3BA A6=00000000 A7=00FF7F80 D0=00000480 D1=00000003 D2=00000009 D3=00000002 D4=00FFE3BA D5=00000000 D6=00000000 D7=00000000 xnzvc
02:8740  50 8F  ADDQ.L  #8,SP                    A0=00FFA715 A1=00FFD940 A2=00FFA6DA A3=00FFA55A A4=00036DC6 A5=00FFE3BA A6=00000000 A7=00FF7F80 D0=00000002 D1=00000019 D2=00000009 D3=00000002 D4=00FFE3BA D5=00000000 D6=00000000 D7=00000000 xnzvc
02:8742  52 43  ADDQ.W  #1,D3                    A0=00FFA715 A1=00FFD940 A2=00FFA6DA A3=00FFA55A A4=00036DC6 A5=00FFE3BA A6=00000000 A7=00FF7F88 D0=00000002 D1=00000019 D2=00000009 D3=00000002 D4=00FFE3BA D5=00000000 D6=00000000 D7=00000000 xnzvc
02:8744  0C 43  CMPI.W  #$0003,D3                A0=00FFA715 A1=00FFD940 A2=00FFA6DA A3=00FFA55A A4=00036DC6 A5=00FFE3BA A6=00000000 A7=00FF7F88 D0=00000002 D1=00000019 D2=00000009 D3=00000003 D4=00FFE3BA D5=00000000 D6=00000000 D7=00000000 xnzvc
02:8748  65 00  BCS     #$FF3E [02:8688]         A0=00FFA715 A1=00FFD940 A2=00FFA6DA A3=00FFA55A A4=00036DC6 A5=00FFE3BA A6=00000000 A7=00FF7F88 D0=00000002 D1=00000019 D2=00000009 D3=00000003 D4=00FFE3BA D5=00000000 D6=00000000 D7=00000000 xnZvc
02:874C  4C DF  MOVEM.L (SP)+,{a7-d0}[3c 1c]     A0=00FFA715 A1=00FFD940 A2=00FFA6DA A3=00FFA55A A4=00036DC6 A5=00FFE3BA A6=00000000 A7=00FF7F88 D0=00000002 D1=00000019 D2=00000009 D3=00000003 D4=00FFE3BA D5=00000000 D6=00000000 D7=00000000 xnZvc
02:8750  4E 75  RTS                              A0=00FFA715 A1=00FFD940 A2=00FFE3F8 A3=0003B918 A4=00FF8000 A5=00000000 A6=00000000 A7=00FF7FA4 D0=00000002 D1=00000019 D2=00000000 D3=00000000 D4=00000000 D5=00000000 D6=00000000 D7=00000000 xnZvc

02:8752  48 E7  MOVEM.L {d0-a7}[20 30],-(SP)     A0=00FF9364 A1=00036DBC A2=00FFE3F8 A3=0003B918 A4=00FF8000 A5=00000000 A6=00000000 A7=00FF7FA4 D0=00000002 D1=00000000 D2=00000000 D3=00000000 D4=00000000 D5=00000000 D6=00000000 D7=00000000 xnZvc
02:8756  26 7C  MOVE.L  #$00FFE3BA,A3            A0=00FF9364 A1=00036DBC A2=00FFE3F8 A3=0003B918 A4=00FF8000 A5=00000000 A6=00000000 A7=00FF7F98 D0=00000002 D1=00000000 D2=00000000 D3=00000000 D4=00000000 D5=00000000 D6=00000000 D7=00000000 xnZvc
02:875C  24 7C  MOVE.L  #$00FFE3BC,A2            A0=00FF9364 A1=00036DBC A2=00FFE3F8 A3=00FFE3BA A4=00FF8000 A5=00000000 A6=00000000 A7=00FF7F98 D0=00000002 D1=00000000 D2=00000000 D3=00000000 D4=00000000 D5=00000000 D6=00000000 D7=00000000 xnZvc
02:8762  4A 13  TST.B   (A3)                     A0=00FF9364 A1=00036DBC A2=00FFE3BC A3=00FFE3BA A4=00FF8000 A5=00000000 A6=00000000 A7=00FF7F98 D0=00000002 D1=00000000 D2=00000000 D3=00000000 D4=00000000 D5=00000000 D6=00000000 D7=00000000 xnZvc
02:8764  67 0E  BEQ     #$0E [02:8774]           A0=00FF9364 A1=00036DBC A2=00FFE3BC A3=00FFE3BA A4=00FF8000 A5=00000000 A6=00000000 A7=00FF7F98 D0=00000002 D1=00000000 D2=00000000 D3=00000000 D4=00000000 D5=00000000 D6=00000000 D7=00000000 xnzvc
02:8766  70 00  MOVEQ   #$00,D0                  A0=00FF9364 A1=00036DBC A2=00FFE3BC A3=00FFE3BA A4=00FF8000 A5=00000000 A6=00000000 A7=00FF7F98 D0=00000002 D1=00000000 D2=00000000 D3=00000000 D4=00000000 D5=00000000 D6=00000000 D7=00000000 xnzvc
02:8768  10 13  MOVE.B  (A3),D0                  A0=00FF9364 A1=00036DBC A2=00FFE3BC A3=00FFE3BA A4=00FF8000 A5=00000000 A6=00000000 A7=00FF7F98 D0=00000000 D1=00000000 D2=00000000 D3=00000000 D4=00000000 D5=00000000 D6=00000000 D7=00000000 xnZvc
02:876A  2F 00  MOVE.L  D0,-(SP)                 A0=00FF9364 A1=00036DBC A2=00FFE3BC A3=00FFE3BA A4=00FF8000 A5=00000000 A6=00000000 A7=00FF7F98 D0=00000006 D1=00000000 D2=00000000 D3=00000000 D4=00000000 D5=00000000 D6=00000000 D7=00000000 xnzvc
02:876C  4E B9  JSR     ($0000D950)              A0=00FF9364 A1=00036DBC A2=00FFE3BC A3=00FFE3BA A4=00FF8000 A5=00000000 A6=00000000 A7=00FF7F94 D0=00000006 D1=00000000 D2=00000000 D3=00000000 D4=00000000 D5=00000000 D6=00000000 D7=00000000 xnzvc
02:8772  58 8F  ADDQ.L  #4,SP                    A0=00FFD9C6 A1=00036DBC A2=00FFE3BC A3=00FFE3BA A4=00FF8000 A5=00000000 A6=00000000 A7=00FF7F94 D0=00000000 D1=00000000 D2=00000000 D3=00000000 D4=00000000 D5=00000000 D6=00000000 D7=00000000 xnZvc
02:8774  42 13  CLR.B   (A3)                     A0=00FFD9C6 A1=00036DBC A2=00FFE3BC A3=00FFE3BA A4=00FF8000 A5=00000000 A6=00000000 A7=00FF7F98 D0=00000000 D1=00000000 D2=00000000 D3=00000000 D4=00000000 D5=00000000 D6=00000000 D7=00000000 xnZvc
02:8776  42 42  CLR.W   D2                       A0=00FFD9C6 A1=00036DBC A2=00FFE3BC A3=00FFE3BA A4=00FF8000 A5=00000000 A6=00000000 A7=00FF7F98 D0=00000000 D1=00000000 D2=00000000 D3=00000000 D4=00000000 D5=00000000 D6=00000000 D7=00000000 xnZvc
02:8778  30 02  MOVE.W  D2,D0                    A0=00FFE3C0 A1=00036DBC A2=00FFE3BC A3=00FFE3BA A4=00FF8000 A5=00000000 A6=00000000 A7=00FF7F98 D0=00000001 D1=00000000 D2=00000002 D3=00000000 D4=00000000 D5=00000000 D6=00000000 D7=00000000 xNzvC
02:877A  4A 32  TST.B   $00(A2,D0)               A0=00FFE3C0 A1=00036DBC A2=00FFE3BC A3=00FFE3BA A4=00FF8000 A5=00000000 A6=00000000 A7=00FF7F98 D0=00000002 D1=00000000 D2=00000002 D3=00000000 D4=00000000 D5=00000000 D6=00000000 D7=00000000 xnzvc
02:877E  67 12  BEQ     #$12 [02:8792]           A0=00FFE3C0 A1=00036DBC A2=00FFE3BC A3=00FFE3BA A4=00FF8000 A5=00000000 A6=00000000 A7=00FF7F98 D0=00000002 D1=00000000 D2=00000002 D3=00000000 D4=00000000 D5=00000000 D6=00000000 D7=00000000 xnZvc
02:8792  30 02  MOVE.W  D2,D0                    A0=00FFE3C0 A1=00036DBC A2=00FFE3BC A3=00FFE3BA A4=00FF8000 A5=00000000 A6=00000000 A7=00FF7F98 D0=00000002 D1=00000000 D2=00000002 D3=00000000 D4=00000000 D5=00000000 D6=00000000 D7=00000000 xnZvc
02:8794  42 32  CLR.B   $00(A2,D0)               A0=00FFE3C0 A1=00036DBC A2=00FFE3BC A3=00FFE3BA A4=00FF8000 A5=00000000 A6=00000000 A7=00FF7F98 D0=00000002 D1=00000000 D2=00000002 D3=00000000 D4=00000000 D5=00000000 D6=00000000 D7=00000000 xnzvc
02:8798  20 7C  MOVE.L  #$00FFE3C0,A0            A0=00FFE3C0 A1=00036DBC A2=00FFE3BC A3=00FFE3BA A4=00FF8000 A5=00000000 A6=00000000 A7=00FF7F98 D0=00000002 D1=00000000 D2=00000002 D3=00000000 D4=00000000 D5=00000000 D6=00000000 D7=00000000 xnZvc
02:879E  4A 30  TST.B   $00(A0,D0)               A0=00FFE3C0 A1=00036DBC A2=00FFE3BC A3=00FFE3BA A4=00FF8000 A5=00000000 A6=00000000 A7=00FF7F98 D0=00000002 D1=00000000 D2=00000002 D3=00000000 D4=00000000 D5=00000000 D6=00000000 D7=00000000 xnZvc
02:87A2  67 18  BEQ     #$18 [02:87BC]           A0=00FFE3C0 A1=00036DBC A2=00FFE3BC A3=00FFE3BA A4=00FF8000 A5=00000000 A6=00000000 A7=00FF7F98 D0=00000002 D1=00000000 D2=00000002 D3=00000000 D4=00000000 D5=00000000 D6=00000000 D7=00000000 xnzvc
02:87A4  32 02  MOVE.W  D2,D1                    A0=00FFE3C0 A1=00036DBC A2=00FFE3BC A3=00FFE3BA A4=00FF8000 A5=00000000 A6=00000000 A7=00FF7F98 D0=00000002 D1=00000000 D2=00000002 D3=00000000 D4=00000000 D5=00000000 D6=00000000 D7=00000000 xnzvc
02:87A6  20 7C  MOVE.L  #$00FFE3C0,A0            A0=00FFE3C0 A1=00036DBC A2=00FFE3BC A3=00FFE3BA A4=00FF8000 A5=00000000 A6=00000000 A7=00FF7F98 D0=00000002 D1=00000002 D2=00000002 D3=00000000 D4=00000000 D5=00000000 D6=00000000 D7=00000000 xnzvc
02:87AC  70 00  MOVEQ   #$00,D0                  A0=00FFE3C0 A1=00036DBC A2=00FFE3BC A3=00FFE3BA A4=00FF8000 A5=00000000 A6=00000000 A7=00FF7F98 D0=00000002 D1=00000002 D2=00000002 D3=00000000 D4=00000000 D5=00000000 D6=00000000 D7=00000000 xnzvc
02:87AE  10 30  MOVE.B  $00(A0,D1),D0            A0=00FFE3C0 A1=00036DBC A2=00FFE3BC A3=00FFE3BA A4=00FF8000 A5=00000000 A6=00000000 A7=00FF7F98 D0=00000000 D1=00000002 D2=00000002 D3=00000000 D4=00000000 D5=00000000 D6=00000000 D7=00000000 xnZvc
02:87B2  2F 00  MOVE.L  D0,-(SP)                 A0=00FFE3C0 A1=00036DBC A2=00FFE3BC A3=00FFE3BA A4=00FF8000 A5=00000000 A6=00000000 A7=00FF7F98 D0=00000009 D1=00000002 D2=00000002 D3=00000000 D4=00000000 D5=00000000 D6=00000000 D7=00000000 xnzvc
02:87B4  4E B9  JSR     ($0000D950)              A0=00FFE3C0 A1=00036DBC A2=00FFE3BC A3=00FFE3BA A4=00FF8000 A5=00000000 A6=00000000 A7=00FF7F94 D0=00000009 D1=00000002 D2=00000002 D3=00000000 D4=00000000 D5=00000000 D6=00000000 D7=00000000 xnzvc
02:87BA  58 8F  ADDQ.L  #4,SP                    A0=00FFD9C6 A1=00036DBC A2=00FFE3BC A3=00FFE3BA A4=00FF8000 A5=00000000 A6=00000000 A7=00FF7F94 D0=00000003 D1=00000000 D2=00000002 D3=00000000 D4=00000000 D5=00000000 D6=00000000 D7=00000000 xnZvc
02:87BC  30 02  MOVE.W  D2,D0                    A0=00FFD9C6 A1=00036DBC A2=00FFE3BC A3=00FFE3BA A4=00FF8000 A5=00000000 A6=00000000 A7=00FF7F98 D0=00000003 D1=00000000 D2=00000002 D3=00000000 D4=00000000 D5=00000000 D6=00000000 D7=00000000 xnZvc
02:87BE  20 7C  MOVE.L  #$00FFE3C0,A0            A0=00FFD9C6 A1=00036DBC A2=00FFE3BC A3=00FFE3BA A4=00FF8000 A5=00000000 A6=00000000 A7=00FF7F98 D0=00000002 D1=00000000 D2=00000002 D3=00000000 D4=00000000 D5=00000000 D6=00000000 D7=00000000 xnzvc
02:87C4  42 30  CLR.B   $00(A0,D0)               A0=00FFE3C0 A1=00036DBC A2=00FFE3BC A3=00FFE3BA A4=00FF8000 A5=00000000 A6=00000000 A7=00FF7F98 D0=00000002 D1=00000000 D2=00000002 D3=00000000 D4=00000000 D5=00000000 D6=00000000 D7=00000000 xnzvc
02:87C8  52 42  ADDQ.W  #1,D2                    A0=00FFE3C0 A1=00036DBC A2=00FFE3BC A3=00FFE3BA A4=00FF8000 A5=00000000 A6=00000000 A7=00FF7F98 D0=00000002 D1=00000000 D2=00000002 D3=00000000 D4=00000000 D5=00000000 D6=00000000 D7=00000000 xnZvc
02:87CA  0C 42  CMPI.W  #$0003,D2                A0=00FFE3C0 A1=00036DBC A2=00FFE3BC A3=00FFE3BA A4=00FF8000 A5=00000000 A6=00000000 A7=00FF7F98 D0=00000002 D1=00000000 D2=00000003 D3=00000000 D4=00000000 D5=00000000 D6=00000000 D7=00000000 xnzvc
02:87CE  65 A8  BCS     #$A8 [02:8778]           A0=00FFE3C0 A1=00036DBC A2=00FFE3BC A3=00FFE3BA A4=00FF8000 A5=00000000 A6=00000000 A7=00FF7F98 D0=00000002 D1=00000000 D2=00000003 D3=00000000 D4=00000000 D5=00000000 D6=00000000 D7=00000000 xnZvc
02:87D0  4C DF  MOVEM.L (SP)+,{a7-d0}[0c 04]     A0=00FFE3C0 A1=00036DBC A2=00FFE3BC A3=00FFE3BA A4=00FF8000 A5=00000000 A6=00000000 A7=00FF7F98 D0=00000002 D1=00000000 D2=00000003 D3=00000000 D4=00000000 D5=00000000 D6=00000000 D7=00000000 xnZvc
02:87D4  4E 75  RTS                              A0=00FFE3C0 A1=00036DBC A2=00FFE3F8 A3=0003B918 A4=00FF8000 A5=00000000 A6=00000000 A7=00FF7FA4 D0=00000002 D1=00000000 D2=00000000 D3=00000000 D4=00000000 D5=00000000 D6=00000000 D7=00000000 xnZvc

02:899E  48 E7  MOVEM.L {d0-a7}[3e 30],-(SP)     A0=00098248 A1=00FF8036 A2=00FFE3FC A3=00027E16 A4=00FFE3F8 A5=00000000 A6=00000000 A7=00FF7F98 D0=C040FFFF D1=00000000 D2=00000001 D3=00000000 D4=00000000 D5=00000000 D6=00000000 D7=00000000 xnZvc
02:89A2  2C 39  MOVE.L  ($000AEFD4),D6           A0=00098248 A1=00FF8036 A2=00FFE3FC A3=00027E16 A4=00FFE3F8 A5=00000000 A6=00000000 A7=00FF7F7C D0=C040FFFF D1=00000000 D2=00000001 D3=00000000 D4=00000000 D5=00000000 D6=00000000 D7=00000000 xnZvc
02:89A8  42 45  CLR.W   D5                       A0=00098248 A1=00FF8036 A2=00FFE3FC A3=00027E16 A4=00FFE3F8 A5=00000000 A6=00000000 A7=00FF7F7C D0=C040FFFF D1=00000000 D2=00000001 D3=00000000 D4=00000000 D5=00000000 D6=000E09F0 D7=00000000 xnzvc
02:89AA  30 45  MOVE.W  D5,A0                    A0=00FFE3CE A1=00FFD940 A2=00FFA95A A3=000E01B6 A4=00FFE3F8 A5=00000000 A6=00000000 A7=00FF7F7C D0=00000008 D1=00000019 D2=00000001 D3=0000000E D4=00000006 D5=00000009 D6=000E09F0 D7=00000000 xNzvC
02:89AC  24 08  MOVE.L  A0,D2                    A0=00000009 A1=00FFD940 A2=00FFA95A A3=000E01B6 A4=00FFE3F8 A5=00000000 A6=00000000 A7=00FF7F7C D0=00000008 D1=00000019 D2=00000001 D3=0000000E D4=00000006 D5=00000009 D6=000E09F0 D7=00000000 xNzvC
02:89AE  48 C2  EXT.L   D2                       A0=00000009 A1=00FFD940 A2=00FFA95A A3=000E01B6 A4=00FFE3F8 A5=00000000 A6=00000000 A7=00FF7F7C D0=00000008 D1=00000019 D2=00000009 D3=0000000E D4=00000006 D5=00000009 D6=000E09F0 D7=00000000 xnzvc
02:89B0  E5 82  ASL.L   #2,D2                    A0=00000009 A1=00FFD940 A2=00FFA95A A3=000E01B6 A4=00FFE3F8 A5=00000000 A6=00000000 A7=00FF7F7C D0=00000008 D1=00000019 D2=00000009 D3=0000000E D4=00000006 D5=00000009 D6=000E09F0 D7=00000000 xnzvc
02:89B2  20 42  MOVE.L  D2,A0                    A0=00000009 A1=00FFD940 A2=00FFA95A A3=000E01B6 A4=00FFE3F8 A5=00000000 A6=00000000 A7=00FF7F7C D0=00000008 D1=00000019 D2=00000024 D3=0000000E D4=00000006 D5=00000009 D6=000E09F0 D7=00000000 xnzvc
02:89B4  26 70  MOVE.L  $00(A0,D6),A3            A0=00000024 A1=00FFD940 A2=00FFA95A A3=000E01B6 A4=00FFE3F8 A5=00000000 A6=00000000 A7=00FF7F7C D0=00000008 D1=00000019 D2=00000024 D3=0000000E D4=00000006 D5=00000009 D6=000E09F0 D7=00000000 xnzvc
02:89B8  4E B9  JSR     ($0000D8E4)              A0=00000024 A1=00FFD940 A2=00FFA95A A3=000DF034 A4=00FFE3F8 A5=00000000 A6=00000000 A7=00FF7F7C D0=00000008 D1=00000019 D2=00000024 D3=0000000E D4=00000006 D5=00000009 D6=000E09F0 D7=00000000 xnzvc
02:89BE  36 00  MOVE.W  D0,D3                    A0=00FFA25A A1=00FFD940 A2=00FFA95A A3=000DF034 A4=00FFE3F8 A5=00000000 A6=00000000 A7=00FF7F7C D0=0000000F D1=00000009 D2=00000024 D3=0000000E D4=00000006 D5=00000009 D6=000E09F0 D7=00000000 xnzvc
02:89C0  67 00  BEQ     #$00A4 [02:8A66]         A0=00FFA25A A1=00FFD940 A2=00FFA95A A3=000DF034 A4=00FFE3F8 A5=00000000 A6=00000000 A7=00FF7F7C D0=0000000F D1=00000009 D2=00000024 D3=0000000F D4=00000006 D5=00000009 D6=000E09F0 D7=00000000 xnzvc
02:89C4  30 03  MOVE.W  D3,D0                    A0=00FFA25A A1=00FFD940 A2=00FFA95A A3=000DF034 A4=00FFE3F8 A5=00000000 A6=00000000 A7=00FF7F7C D0=0000000F D1=00000009 D2=00000024 D3=0000000F D4=00000006 D5=00000009 D6=000E09F0 D7=00000000 xnzvc
02:89C6  EF 40  ASL.W   #7,D0                    A0=00FFA25A A1=00FFD940 A2=00FFA95A A3=000DF034 A4=00FFE3F8 A5=00000000 A6=00000000 A7=00FF7F7C D0=0000000F D1=00000009 D2=00000024 D3=0000000F D4=00000006 D5=00000009 D6=000E09F0 D7=00000000 xnzvc
02:89C8  20 7C  MOVE.L  #$00FFA25A,A0            A0=00FFA25A A1=00FFD940 A2=00FFA95A A3=000DF034 A4=00FFE3F8 A5=00000000 A6=00000000 A7=00FF7F7C D0=00000780 D1=00000009 D2=00000024 D3=0000000F D4=00000006 D5=00000009 D6=000E09F0 D7=00000000 xnzvc
02:89CE  D0 C0  ADDA.W  D0,A0                    A0=00FFA25A A1=00FFD940 A2=00FFA95A A3=000DF034 A4=00FFE3F8 A5=00000000 A6=00000000 A7=00FF7F7C D0=00000780 D1=00000009 D2=00000024 D3=0000000F D4=00000006 D5=00000009 D6=000E09F0 D7=00000000 xnzvc
02:89D0  24 48  MOVE.L  A0,A2                    A0=00FFA9DA A1=00FFD940 A2=00FFA95A A3=000DF034 A4=00FFE3F8 A5=00000000 A6=00000000 A7=00FF7F7C D0=00000780 D1=00000009 D2=00000024 D3=0000000F D4=00000006 D5=00000009 D6=000E09F0 D7=00000000 xnzvc
02:89D2  15 53  MOVE.B  (A3),$002E(A2)           A0=00FFA9DA A1=00FFD940 A2=00FFA9DA A3=000DF034 A4=00FFE3F8 A5=00000000 A6=00000000 A7=00FF7F7C D0=00000780 D1=00000009 D2=00000024 D3=0000000F D4=00000006 D5=00000009 D6=000E09F0 D7=00000000 xnzvc
02:89D6  42 2A  CLR.B   $002B(A2)                A0=00FFA9DA A1=00FFD940 A2=00FFA9DA A3=000DF034 A4=00FFE3F8 A5=00000000 A6=00000000 A7=00FF7F7C D0=00000780 D1=00000009 D2=00000024 D3=0000000F D4=00000006 D5=00000009 D6=000E09F0 D7=00000000 xnzvc
02:89DA  42 44  CLR.W   D4                       A0=00FFA9DA A1=00FFD940 A2=00FFA9DA A3=000DF034 A4=00FFE3F8 A5=00000000 A6=00000000 A7=00FF7F7C D0=00000780 D1=00000009 D2=00000024 D3=0000000F D4=00000006 D5=00000009 D6=000E09F0 D7=00000000 xnZvc
02:89DC  60 2A  BRA     #$2A [02:8A08]           A0=00FFA9DA A1=00FFD940 A2=00FFA9DA A3=000DF034 A4=00FFE3F8 A5=00000000 A6=00000000 A7=00FF7F7C D0=00000780 D1=00000009 D2=00000024 D3=0000000F D4=00000000 D5=00000009 D6=000E09F0 D7=00000000 xnZvc
02:89DE  30 04  MOVE.W  D4,D0                    A0=00FFA9DA A1=00FFD940 A2=00FFA9DA A3=000DF034 A4=00FFE3F8 A5=00000000 A6=00000000 A7=00FF7F7C D0=00000002 D1=00000003 D2=00000004 D3=0000000F D4=00000002 D5=00000009 D6=000E09F0 D7=00000000 xnzvc
02:89E0  D0 40  ADD.W   D0,D0                    A0=00FFA9DA A1=00FFD940 A2=00FFA9DA A3=000DF034 A4=00FFE3F8 A5=00000000 A6=00000000 A7=00FF7F7C D0=00000002 D1=00000003 D2=00000004 D3=0000000F D4=00000002 D5=00000009 D6=000E09F0 D7=00000000 xnzvc
02:89E2  32 00  MOVE.W  D0,D1                    A0=00FFA9DA A1=00FFD940 A2=00FFA9DA A3=000DF034 A4=00FFE3F8 A5=00000000 A6=00000000 A7=00FF7F7C D0=00000004 D1=00000003 D2=00000004 D3=0000000F D4=00000002 D5=00000009 D6=000E09F0 D7=00000000 xnzvc
02:89E4  E5 40  ASL.W   #2,D0                    A0=00FFA9DA A1=00FFD940 A2=00FFA9DA A3=000DF034 A4=00FFE3F8 A5=00000000 A6=00000000 A7=00FF7F7C D0=00000004 D1=00000004 D2=00000004 D3=0000000F D4=00000002 D5=00000009 D6=000E09F0 D7=00000000 xnzvc
02:89E6  D0 41  ADD.W   D1,D0                    A0=00FFA9DA A1=00FFD940 A2=00FFA9DA A3=000DF034 A4=00FFE3F8 A5=00000000 A6=00000000 A7=00FF7F7C D0=00000010 D1=00000004 D2=00000004 D3=0000000F D4=00000002 D5=00000009 D6=000E09F0 D7=00000000 xnzvc
02:89E8  10 33  MOVE.B  $05(A3,D0),D0            A0=00FFA9DA A1=00FFD940 A2=00FFA9DA A3=000DF034 A4=00FFE3F8 A5=00000000 A6=00000000 A7=00FF7F7C D0=00000014 D1=00000004 D2=00000004 D3=0000000F D4=00000002 D5=00000009 D6=000E09F0 D7=00000000 xnzvc
02:89EC  02 40  ANDI.W  #$00FF,D0                A0=00FFA9DA A1=00FFD940 A2=00FFA9DA A3=000DF034 A4=00FFE3F8 A5=00000000 A6=00000000 A7=00FF7F7C D0=00000004 D1=00000004 D2=00000004 D3=0000000F D4=00000002 D5=00000009 D6=000E09F0 D7=00000000 xnzvc
02:89F0  32 04  MOVE.W  D4,D1                    A0=00FFA9DA A1=00FFD940 A2=00FFA9DA A3=000DF034 A4=00FFE3F8 A5=00000000 A6=00000000 A7=00FF7F7C D0=00000004 D1=00000004 D2=00000004 D3=0000000F D4=00000002 D5=00000009 D6=000E09F0 D7=00000000 xnzvc
02:89F2  D2 41  ADD.W   D1,D1                    A0=00FFA9DA A1=00FFD940 A2=00FFA9DA A3=000DF034 A4=00FFE3F8 A5=00000000 A6=00000000 A7=00FF7F7C D0=00000004 D1=00000002 D2=00000004 D3=0000000F D4=00000002 D5=00000009 D6=000E09F0 D7=00000000 xnzvc
02:89F4  34 01  MOVE.W  D1,D2                    A0=00FFA9DA A1=00FFD940 A2=00FFA9DA A3=000DF034 A4=00FFE3F8 A5=00000000 A6=00000000 A7=00FF7F7C D0=00000004 D1=00000004 D2=00000004 D3=0000000F D4=00000002 D5=00000009 D6=000E09F0 D7=00000000 xnzvc
02:89F6  E5 41  ASL.W   #2,D1                    A0=00FFA9DA A1=00FFD940 A2=00FFA9DA A3=000DF034 A4=00FFE3F8 A5=00000000 A6=00000000 A7=00FF7F7C D0=00000004 D1=00000004 D2=00000004 D3=0000000F D4=00000002 D5=00000009 D6=000E09F0 D7=00000000 xnzvc
02:89F8  D2 42  ADD.W   D2,D1                    A0=00FFA9DA A1=00FFD940 A2=00FFA9DA A3=000DF034 A4=00FFE3F8 A5=00000000 A6=00000000 A7=00FF7F7C D0=00000004 D1=00000010 D2=00000004 D3=0000000F D4=00000002 D5=00000009 D6=000E09F0 D7=00000000 xnzvc
02:89FA  74 00  MOVEQ   #$00,D2                  A0=00FFA9DA A1=00FFD940 A2=00FFA9DA A3=000DF034 A4=00FFE3F8 A5=00000000 A6=00000000 A7=00FF7F7C D0=00000004 D1=00000014 D2=00000004 D3=0000000F D4=00000002 D5=00000009 D6=000E09F0 D7=00000000 xnzvc
02:89FC  14 33  MOVE.B  $04(A3,D1),D2            A0=00FFA9DA A1=00FFD940 A2=00FFA9DA A3=000DF034 A4=00FFE3F8 A5=00000000 A6=00000000 A7=00FF7F7C D0=00000004 D1=00000014 D2=00000000 D3=0000000F D4=00000002 D5=00000009 D6=000E09F0 D7=00000000 xnZvc
02:8A00  C0 C2  MULU.W  D2,D0                    A0=00FFA9DA A1=00FFD940 A2=00FFA9DA A3=000DF034 A4=00FFE3F8 A5=00000000 A6=00000000 A7=00FF7F7C D0=00000004 D1=00000014 D2=00000001 D3=0000000F D4=00000002 D5=00000009 D6=000E09F0 D7=00000000 xnzvc
02:8A02  D1 2A  ADD.B   D0,$002B(A2)             A0=00FFA9DA A1=00FFD940 A2=00FFA9DA A3=000DF034 A4=00FFE3F8 A5=00000000 A6=00000000 A7=00FF7F7C D0=00000004 D1=00000014 D2=00000001 D3=0000000F D4=00000002 D5=00000009 D6=000E09F0 D7=00000000 xnzvc
02:8A06  52 44  ADDQ.W  #1,D4                    A0=00FFA9DA A1=00FFD940 A2=00FFA9DA A3=000DF034 A4=00FFE3F8 A5=00000000 A6=00000000 A7=00FF7F7C D0=00000004 D1=00000014 D2=00000001 D3=0000000F D4=00000002 D5=00000009 D6=000E09F0 D7=00000000 xnzvc
02:8A08  70 00  MOVEQ   #$00,D0                  A0=00FFA9DA A1=00FFD940 A2=00FFA9DA A3=000DF034 A4=00FFE3F8 A5=00000000 A6=00000000 A7=00FF7F7C D0=00000004 D1=00000014 D2=00000001 D3=0000000F D4=00000003 D5=00000009 D6=000E09F0 D7=00000000 xnzvc
02:8A0A  10 13  MOVE.B  (A3),D0                  A0=00FFA9DA A1=00FFD940 A2=00FFA9DA A3=000DF034 A4=00FFE3F8 A5=00000000 A6=00000000 A7=00FF7F7C D0=00000000 D1=00000014 D2=00000001 D3=0000000F D4=00000003 D5=00000009 D6=000E09F0 D7=00000000 xnZvc
02:8A0C  22 00  MOVE.L  D0,D1                    A0=00FFA9DA A1=00FFD940 A2=00FFA9DA A3=000DF034 A4=00FFE3F8 A5=00000000 A6=00000000 A7=00FF7F7C D0=00000003 D1=00000014 D2=00000001 D3=0000000F D4=00000003 D5=00000009 D6=000E09F0 D7=00000000 xnzvc
02:8A0E  30 04  MOVE.W  D4,D0                    A0=00FFA9DA A1=00FFD940 A2=00FFA9DA A3=000DF034 A4=00FFE3F8 A5=00000000 A6=00000000 A7=00FF7F7C D0=00000003 D1=00000003 D2=00000001 D3=0000000F D4=00000003 D5=00000009 D6=000E09F0 D7=00000000 xnzvc
02:8A10  48 C0  EXT.L   D0                       A0=00FFA9DA A1=00FFD940 A2=00FFA9DA A3=000DF034 A4=00FFE3F8 A5=00000000 A6=00000000 A7=00FF7F7C D0=00000003 D1=00000003 D2=00000001 D3=0000000F D4=00000003 D5=00000009 D6=000E09F0 D7=00000000 xnzvc
02:8A12  B2 80  CMP.L   D0,D1                    A0=00FFA9DA A1=00FFD940 A2=00FFA9DA A3=000DF034 A4=00FFE3F8 A5=00000000 A6=00000000 A7=00FF7F7C D0=00000003 D1=00000003 D2=00000001 D3=0000000F D4=00000003 D5=00000009 D6=000E09F0 D7=00000000 xnzvc
02:8A14  62 C8  BHI     #$C8 [02:89DE]           A0=00FFA9DA A1=00FFD940 A2=00FFA9DA A3=000DF034 A4=00FFE3F8 A5=00000000 A6=00000000 A7=00FF7F7C D0=00000003 D1=00000003 D2=00000001 D3=0000000F D4=00000003 D5=00000009 D6=000E09F0 D7=00000000 xnZvc
02:8A16  25 4B  MOVE.L  A3,$0022(A2)             A0=00FFA9DA A1=00FFD940 A2=00FFA9DA A3=000DF034 A4=00FFE3F8 A5=00000000 A6=00000000 A7=00FF7F7C D0=00000003 D1=00000003 D2=00000001 D3=0000000F D4=00000003 D5=00000009 D6=000E09F0 D7=00000000 xnZvc
02:8A1A  34 BC  MOVE.W  #$00AA,(A2)              A0=00FFA9DA A1=00FFD940 A2=00FFA9DA A3=000DF034 A4=00FFE3F8 A5=00000000 A6=00000000 A7=00FF7F7C D0=00000003 D1=00000003 D2=00000001 D3=0000000F D4=00000003 D5=00000009 D6=000E09F0 D7=00000000 xnzvc
02:8A1E  35 7C  MOVE.W  #$00A0,$0002(A2)         A0=00FFA9DA A1=00FFD940 A2=00FFA9DA A3=000DF034 A4=00FFE3F8 A5=00000000 A6=00000000 A7=00FF7F7C D0=00000003 D1=00000003 D2=00000001 D3=0000000F D4=00000003 D5=00000009 D6=000E09F0 D7=00000000 xnzvc
02:8A24  00 6A  ORI.W   #$8000,$002C(A2)         A0=00FFA9DA A1=00FFD940 A2=00FFA9DA A3=000DF034 A4=00FFE3F8 A5=00000000 A6=00000000 A7=00FF7F7C D0=00000003 D1=00000003 D2=00000001 D3=0000000F D4=00000003 D5=00000009 D6=000E09F0 D7=00000000 xnzvc
02:8A2A  00 2A  ORI.B   #$40,$004D(A2)           A0=00FFA9DA A1=00FFD940 A2=00FFA9DA A3=000DF034 A4=00FFE3F8 A5=00000000 A6=00000000 A7=00FF7F7C D0=00000003 D1=00000003 D2=00000001 D3=0000000F D4=00000003 D5=00000009 D6=000E09F0 D7=00000000 xNzvc
02:8A30  42 A7  CLR.L   -(SP)                    A0=00FFA9DA A1=00FFD940 A2=00FFA9DA A3=000DF034 A4=00FFE3F8 A5=00000000 A6=00000000 A7=00FF7F7C D0=00000003 D1=00000003 D2=00000001 D3=0000000F D4=00000003 D5=00000009 D6=000E09F0 D7=00000000 xnzvc
02:8A32  2F 0A  MOVE.L  A2,-(SP)                 A0=00FFA9DA A1=00FFD940 A2=00FFA9DA A3=000DF034 A4=00FFE3F8 A5=00000000 A6=00000000 A7=00FF7F78 D0=00000003 D1=00000003 D2=00000001 D3=0000000F D4=00000003 D5=00000009 D6=000E09F0 D7=00000000 xnZvc
02:8A34  4E B9  JSR     ($0000D756)              A0=00FFA9DA A1=00FFD940 A2=00FFA9DA A3=000DF034 A4=00FFE3F8 A5=00000000 A6=00000000 A7=00FF7F74 D0=00000003 D1=00000003 D2=00000001 D3=0000000F D4=00000003 D5=00000009 D6=000E09F0 D7=00000000 xnzvc
02:8A3A  50 8F  ADDQ.L  #8,SP                    A0=00FFAA0C A1=00FFD940 A2=00FFA9DA A3=000DF034 A4=00FFE3F8 A5=00000000 A6=00000000 A7=00FF7F74 D0=00000002 D1=00000019 D2=00000001 D3=0000000F D4=00000003 D5=00000009 D6=000E09F0 D7=00000000 xnzvc
02:8A3C  42 2A  CLR.B   $004A(A2)                A0=00FFAA0C A1=00FFD940 A2=00FFA9DA A3=000DF034 A4=00FFE3F8 A5=00000000 A6=00000000 A7=00FF7F7C D0=00000002 D1=00000019 D2=00000001 D3=0000000F D4=00000003 D5=00000009 D6=000E09F0 D7=00000000 xnzvc
02:8A40  30 05  MOVE.W  D5,D0                    A0=00FFAA0C A1=00FFD940 A2=00FFA9DA A3=000DF034 A4=00FFE3F8 A5=00000000 A6=00000000 A7=00FF7F7C D0=00000002 D1=00000019 D2=00000001 D3=0000000F D4=00000003 D5=00000009 D6=000E09F0 D7=00000000 xnZvc
02:8A42  D0 40  ADD.W   D0,D0                    A0=00FFAA0C A1=00FFD940 A2=00FFA9DA A3=000DF034 A4=00FFE3F8 A5=00000000 A6=00000000 A7=00FF7F7C D0=00000009 D1=00000019 D2=00000001 D3=0000000F D4=00000003 D5=00000009 D6=000E09F0 D7=00000000 xnzvc
02:8A44  20 7C  MOVE.L  #$0003072A,A0            A0=00FFAA0C A1=00FFD940 A2=00FFA9DA A3=000DF034 A4=00FFE3F8 A5=00000000 A6=00000000 A7=00FF7F7C D0=00000012 D1=00000019 D2=00000001 D3=0000000F D4=00000003 D5=00000009 D6=000E09F0 D7=00000000 xnzvc
02:8A4A  D0 C0  ADDA.W  D0,A0                    A0=0003072A A1=00FFD940 A2=00FFA9DA A3=000DF034 A4=00FFE3F8 A5=00000000 A6=00000000 A7=00FF7F7C D0=00000012 D1=00000019 D2=00000001 D3=0000000F D4=00000003 D5=00000009 D6=000E09F0 D7=00000000 xnzvc
02:8A4C  25 48  MOVE.L  A0,$001A(A2)             A0=0003073C A1=00FFD940 A2=00FFA9DA A3=000DF034 A4=00FFE3F8 A5=00000000 A6=00000000 A7=00FF7F7C D0=00000012 D1=00000019 D2=00000001 D3=0000000F D4=00000003 D5=00000009 D6=000E09F0 D7=00000000 xnzvc
02:8A50  25 46  MOVE.L  D6,$001E(A2)             A0=0003073C A1=00FFD940 A2=00FFA9DA A3=000DF034 A4=00FFE3F8 A5=00000000 A6=00000000 A7=00FF7F7C D0=00000012 D1=00000019 D2=00000001 D3=0000000F D4=00000003 D5=00000009 D6=000E09F0 D7=00000000 xnzvc
02:8A54  15 7C  MOVE.B  #$01,$0027(A2)           A0=0003073C A1=00FFD940 A2=00FFA9DA A3=000DF034 A4=00FFE3F8 A5=00000000 A6=00000000 A7=00FF7F7C D0=00000012 D1=00000019 D2=00000001 D3=0000000F D4=00000003 D5=00000009 D6=000E09F0 D7=00000000 xnzvc
02:8A5A  15 7C  MOVE.B  #$01,$0028(A2)           A0=0003073C A1=00FFD940 A2=00FFA9DA A3=000DF034 A4=00FFE3F8 A5=00000000 A6=00000000 A7=00FF7F7C D0=00000012 D1=00000019 D2=00000001 D3=0000000F D4=00000003 D5=00000009 D6=000E09F0 D7=00000000 xnzvc
02:8A60  15 7C  MOVE.B  #$FF,$0026(A2)           A0=0003073C A1=00FFD940 A2=00FFA9DA A3=000DF034 A4=00FFE3F8 A5=00000000 A6=00000000 A7=00FF7F7C D0=00000012 D1=00000019 D2=00000001 D3=0000000F D4=00000003 D5=00000009 D6=000E09F0 D7=00000000 xnzvc
02:8A66  30 05  MOVE.W  D5,D0                    A0=0003073C A1=00FFD940 A2=00FFA9DA A3=000DF034 A4=00FFE3F8 A5=00000000 A6=00000000 A7=00FF7F7C D0=00000012 D1=00000019 D2=00000001 D3=0000000F D4=00000003 D5=00000009 D6=000E09F0 D7=00000000 xNzvc
02:8A68  20 7C  MOVE.L  #$00FFE3CE,A0            A0=0003073C A1=00FFD940 A2=00FFA9DA A3=000DF034 A4=00FFE3F8 A5=00000000 A6=00000000 A7=00FF7F7C D0=00000009 D1=00000019 D2=00000001 D3=0000000F D4=00000003 D5=00000009 D6=000E09F0 D7=00000000 xnzvc
02:8A6E  11 83  MOVE.B  D3,$00(A0,D0)            A0=00FFE3CE A1=00FFD940 A2=00FFA9DA A3=000DF034 A4=00FFE3F8 A5=00000000 A6=00000000 A7=00FF7F7C D0=00000009 D1=00000019 D2=00000001 D3=0000000F D4=00000003 D5=00000009 D6=000E09F0 D7=00000000 xnzvc
02:8A72  52 45  ADDQ.W  #1,D5                    A0=00FFE3CE A1=00FFD940 A2=00FFA9DA A3=000DF034 A4=00FFE3F8 A5=00000000 A6=00000000 A7=00FF7F7C D0=00000009 D1=00000019 D2=00000001 D3=0000000F D4=00000003 D5=00000009 D6=000E09F0 D7=00000000 xnzvc
02:8A74  0C 45  CMPI.W  #$000A,D5                A0=00FFE3CE A1=00FFD940 A2=00FFA9DA A3=000DF034 A4=00FFE3F8 A5=00000000 A6=00000000 A7=00FF7F7C D0=00000009 D1=00000019 D2=00000001 D3=0000000F D4=00000003 D5=0000000A D6=000E09F0 D7=00000000 xnzvc
02:8A78  6D 00  BLT     #$FF30 [02:89AA]         A0=00FFE3CE A1=00FFD940 A2=00FFA9DA A3=000DF034 A4=00FFE3F8 A5=00000000 A6=00000000 A7=00FF7F7C D0=00000009 D1=00000019 D2=00000001 D3=0000000F D4=00000003 D5=0000000A D6=000E09F0 D7=00000000 xnZvc
02:8A7C  4C DF  MOVEM.L (SP)+,{a7-d0}[0c 7c]     A0=00FFE3CE A1=00FFD940 A2=00FFA9DA A3=000DF034 A4=00FFE3F8 A5=00000000 A6=00000000 A7=00FF7F7C D0=00000009 D1=00000019 D2=00000001 D3=0000000F D4=00000003 D5=0000000A D6=000E09F0 D7=00000000 xnZvc
02:8A80  4E 75  RTS                              A0=00FFE3CE A1=00FFD940 A2=00FFE3FC A3=00027E16 A4=00FFE3F8 A5=00000000 A6=00000000 A7=00FF7F98 D0=00000009 D1=00000019 D2=00000001 D3=00000000 D4=00000000 D5=00000000 D6=00000000 D7=00000000 xnZvc

02:8A82  2F 02  MOVE.L  D2,-(SP)                 A0=00FFB65A A1=00FFB65A A2=00FFE3FC A3=00027E16 A4=00FFE3F8 A5=00000000 A6=00000000 A7=00FF7F94 D0=00000008 D1=00000008 D2=00000000 D3=00000000 D4=00000000 D5=00000000 D6=00000000 D7=00000000 xnzvc
02:8A84  42 42  CLR.W   D2                       A0=00FFB65A A1=00FFB65A A2=00FFE3FC A3=00027E16 A4=00FFE3F8 A5=00000000 A6=00000000 A7=00FF7F90 D0=00000008 D1=00000008 D2=00000000 D3=00000000 D4=00000000 D5=00000000 D6=00000000 D7=00000000 xnZvc
02:8A86  30 02  MOVE.W  D2,D0                    A0=00FFA95A A1=00FFB65A A2=00FFE3FC A3=00027E16 A4=00FFE3F8 A5=00000000 A6=00000000 A7=00FF7F90 D0=00000700 D1=0000000E D2=00000009 D3=00000000 D4=00000000 D5=00000000 D6=00000000 D7=00000000 xNzvC
02:8A88  20 7C  MOVE.L  #$00FFE3CE,A0            A0=00FFA95A A1=00FFB65A A2=00FFE3FC A3=00027E16 A4=00FFE3F8 A5=00000000 A6=00000000 A7=00FF7F90 D0=00000009 D1=0000000E D2=00000009 D3=00000000 D4=00000000 D5=00000000 D6=00000000 D7=00000000 xnzvc
02:8A8E  72 00  MOVEQ   #$00,D1                  A0=00FFE3CE A1=00FFB65A A2=00FFE3FC A3=00027E16 A4=00FFE3F8 A5=00000000 A6=00000000 A7=00FF7F90 D0=00000009 D1=0000000E D2=00000009 D3=00000000 D4=00000000 D5=00000000 D6=00000000 D7=00000000 xnzvc
02:8A90  12 30  MOVE.B  $00(A0,D0),D1            A0=00FFE3CE A1=00FFB65A A2=00FFE3FC A3=00027E16 A4=00FFE3F8 A5=00000000 A6=00000000 A7=00FF7F90 D0=00000009 D1=00000000 D2=00000009 D3=00000000 D4=00000000 D5=00000000 D6=00000000 D7=00000000 xnZvc
02:8A94  30 01  MOVE.W  D1,D0                    A0=00FFE3CE A1=00FFB65A A2=00FFE3FC A3=00027E16 A4=00FFE3F8 A5=00000000 A6=00000000 A7=00FF7F90 D0=00000009 D1=0000000F D2=00000009 D3=00000000 D4=00000000 D5=00000000 D6=00000000 D7=00000000 xnzvc
02:8A96  EF 40  ASL.W   #7,D0                    A0=00FFE3CE A1=00FFB65A A2=00FFE3FC A3=00027E16 A4=00FFE3F8 A5=00000000 A6=00000000 A7=00FF7F90 D0=0000000F D1=0000000F D2=00000009 D3=00000000 D4=00000000 D5=00000000 D6=00000000 D7=00000000 xnzvc
02:8A98  20 7C  MOVE.L  #$00FFA25A,A0            A0=00FFE3CE A1=00FFB65A A2=00FFE3FC A3=00027E16 A4=00FFE3F8 A5=00000000 A6=00000000 A7=00FF7F90 D0=00000780 D1=0000000F D2=00000009 D3=00000000 D4=00000000 D5=00000000 D6=00000000 D7=00000000 xnzvc
02:8A9E  D0 C0  ADDA.W  D0,A0                    A0=00FFA25A A1=00FFB65A A2=00FFE3FC A3=00027E16 A4=00FFE3F8 A5=00000000 A6=00000000 A7=00FF7F90 D0=00000780 D1=0000000F D2=00000009 D3=00000000 D4=00000000 D5=00000000 D6=00000000 D7=00000000 xnzvc
02:8AA0  02 28  ANDI.B  #$BF,$004D(A0)           A0=00FFA9DA A1=00FFB65A A2=00FFE3FC A3=00027E16 A4=00FFE3F8 A5=00000000 A6=00000000 A7=00FF7F90 D0=00000780 D1=0000000F D2=00000009 D3=00000000 D4=00000000 D5=00000000 D6=00000000 D7=00000000 xnzvc
02:8AA6  52 42  ADDQ.W  #1,D2                    A0=00FFA9DA A1=00FFB65A A2=00FFE3FC A3=00027E16 A4=00FFE3F8 A5=00000000 A6=00000000 A7=00FF7F90 D0=00000780 D1=0000000F D2=00000009 D3=00000000 D4=00000000 D5=00000000 D6=00000000 D7=00000000 xnZvc
02:8AA8  0C 42  CMPI.W  #$000A,D2                A0=00FFA9DA A1=00FFB65A A2=00FFE3FC A3=00027E16 A4=00FFE3F8 A5=00000000 A6=00000000 A7=00FF7F90 D0=00000780 D1=0000000F D2=0000000A D3=00000000 D4=00000000 D5=00000000 D6=00000000 D7=00000000 xnzvc
02:8AAC  6D D8  BLT     #$D8 [02:8A86]           A0=00FFA9DA A1=00FFB65A A2=00FFE3FC A3=00027E16 A4=00FFE3F8 A5=00000000 A6=00000000 A7=00FF7F90 D0=00000780 D1=0000000F D2=0000000A D3=00000000 D4=00000000 D5=00000000 D6=00000000 D7=00000000 xnZvc
02:8AAE  24 1F  MOVE.L  (SP)+,D2                 A0=00FFA9DA A1=00FFB65A A2=00FFE3FC A3=00027E16 A4=00FFE3F8 A5=00000000 A6=00000000 A7=00FF7F90 D0=00000780 D1=0000000F D2=0000000A D3=00000000 D4=00000000 D5=00000000 D6=00000000 D7=00000000 xnZvc
02:8AB0  4E 75  RTS                              A0=00FFA9DA A1=00FFB65A A2=00FFE3FC A3=00027E16 A4=00FFE3F8 A5=00000000 A6=00000000 A7=00FF7F94 D0=00000780 D1=0000000F D2=00000000 D3=00000000 D4=00000000 D5=00000000 D6=00000000 D7=00000000 xnZvc

02:8AB2  2F 02  MOVE.L  D2,-(SP)                 A0=00FF9364 A1=000DF04C A2=00FFE3FC A3=00027E16 A4=00FFE3F8 A5=00000000 A6=00000000 A7=00FF7FA0 D0=000000D0 D1=0000FF3F D2=00000000 D3=00000000 D4=00000000 D5=00000000 D6=00000000 D7=00000000 xnZvc
02:8AB4  42 42  CLR.W   D2                       A0=00FF9364 A1=000DF04C A2=00FFE3FC A3=00027E16 A4=00FFE3F8 A5=00000000 A6=00000000 A7=00FF7F9C D0=000000D0 D1=0000FF3F D2=00000000 D3=00000000 D4=00000000 D5=00000000 D6=00000000 D7=00000000 xnZvc
02:8AB6  32 02  MOVE.W  D2,D1                    A0=00FFE3CE A1=000DF04C A2=00FFE3FC A3=00027E16 A4=00FFE3F8 A5=00000000 A6=00000000 A7=00FF7F9C D0=00000008 D1=00000008 D2=00000009 D3=00000000 D4=00000000 D5=00000000 D6=00000000 D7=00000000 xNzvC
02:8AB8  20 7C  MOVE.L  #$00FFE3CE,A0            A0=00FFE3CE A1=000DF04C A2=00FFE3FC A3=00027E16 A4=00FFE3F8 A5=00000000 A6=00000000 A7=00FF7F9C D0=00000008 D1=00000009 D2=00000009 D3=00000000 D4=00000000 D5=00000000 D6=00000000 D7=00000000 xnzvc
02:8ABE  70 00  MOVEQ   #$00,D0                  A0=00FFE3CE A1=000DF04C A2=00FFE3FC A3=00027E16 A4=00FFE3F8 A5=00000000 A6=00000000 A7=00FF7F9C D0=00000008 D1=00000009 D2=00000009 D3=00000000 D4=00000000 D5=00000000 D6=00000000 D7=00000000 xnzvc
02:8AC0  10 30  MOVE.B  $00(A0,D1),D0            A0=00FFE3CE A1=000DF04C A2=00FFE3FC A3=00027E16 A4=00FFE3F8 A5=00000000 A6=00000000 A7=00FF7F9C D0=00000000 D1=00000009 D2=00000009 D3=00000000 D4=00000000 D5=00000000 D6=00000000 D7=00000000 xnZvc
02:8AC4  30 00  MOVE.W  D0,D0                    A0=00FFE3CE A1=000DF04C A2=00FFE3FC A3=00027E16 A4=00FFE3F8 A5=00000000 A6=00000000 A7=00FF7F9C D0=0000000F D1=00000009 D2=00000009 D3=00000000 D4=00000000 D5=00000000 D6=00000000 D7=00000000 xnzvc
02:8AC6  67 0E  BEQ     #$0E [02:8AD6]           A0=00FFE3CE A1=000DF04C A2=00FFE3FC A3=00027E16 A4=00FFE3F8 A5=00000000 A6=00000000 A7=00FF7F9C D0=0000000F D1=00000009 D2=00000009 D3=00000000 D4=00000000 D5=00000000 D6=00000000 D7=00000000 xnzvc
02:8AC8  30 00  MOVE.W  D0,D0                    A0=00FFE3CE A1=000DF04C A2=00FFE3FC A3=00027E16 A4=00FFE3F8 A5=00000000 A6=00000000 A7=00FF7F9C D0=0000000F D1=00000009 D2=00000009 D3=00000000 D4=00000000 D5=00000000 D6=00000000 D7=00000000 xnzvc
02:8ACA  48 C0  EXT.L   D0                       A0=00FFE3CE A1=000DF04C A2=00FFE3FC A3=00027E16 A4=00FFE3F8 A5=00000000 A6=00000000 A7=00FF7F9C D0=0000000F D1=00000009 D2=00000009 D3=00000000 D4=00000000 D5=00000000 D6=00000000 D7=00000000 xnzvc
02:8ACC  2F 00  MOVE.L  D0,-(SP)                 A0=00FFE3CE A1=000DF04C A2=00FFE3FC A3=00027E16 A4=00FFE3F8 A5=00000000 A6=00000000 A7=00FF7F9C D0=0000000F D1=00000009 D2=00000009 D3=00000000 D4=00000000 D5=00000000 D6=00000000 D7=00000000 xnzvc
02:8ACE  4E B9  JSR     ($0000D950)              A0=00FFE3CE A1=000DF04C A2=00FFE3FC A3=00027E16 A4=00FFE3F8 A5=00000000 A6=00000000 A7=00FF7F98 D0=0000000F D1=00000009 D2=00000009 D3=00000000 D4=00000000 D5=00000000 D6=00000000 D7=00000000 xnzvc
02:8AD4  58 8F  ADDQ.L  #4,SP                    A0=00FFD9C6 A1=000DF04C A2=00FFE3FC A3=00027E16 A4=00FFE3F8 A5=00000000 A6=00000000 A7=00FF7F98 D0=00000009 D1=0000003C D2=00000009 D3=00000000 D4=00000000 D5=00000000 D6=00000000 D7=00000000 xnZvc
02:8AD6  32 02  MOVE.W  D2,D1                    A0=00FFD9C6 A1=000DF04C A2=00FFE3FC A3=00027E16 A4=00FFE3F8 A5=00000000 A6=00000000 A7=00FF7F9C D0=00000009 D1=0000003C D2=00000009 D3=00000000 D4=00000000 D5=00000000 D6=00000000 D7=00000000 xnZvc
02:8AD8  20 7C  MOVE.L  #$00FFE3CE,A0            A0=00FFD9C6 A1=000DF04C A2=00FFE3FC A3=00027E16 A4=00FFE3F8 A5=00000000 A6=00000000 A7=00FF7F9C D0=00000009 D1=00000009 D2=00000009 D3=00000000 D4=00000000 D5=00000000 D6=00000000 D7=00000000 xnzvc
02:8ADE  42 30  CLR.B   $00(A0,D1)               A0=00FFE3CE A1=000DF04C A2=00FFE3FC A3=00027E16 A4=00FFE3F8 A5=00000000 A6=00000000 A7=00FF7F9C D0=00000009 D1=00000009 D2=00000009 D3=00000000 D4=00000000 D5=00000000 D6=00000000 D7=00000000 xnzvc
02:8AE2  52 42  ADDQ.W  #1,D2                    A0=00FFE3CE A1=000DF04C A2=00FFE3FC A3=00027E16 A4=00FFE3F8 A5=00000000 A6=00000000 A7=00FF7F9C D0=00000009 D1=00000009 D2=00000009 D3=00000000 D4=00000000 D5=00000000 D6=00000000 D7=00000000 xnZvc
02:8AE4  0C 42  CMPI.W  #$000A,D2                A0=00FFE3CE A1=000DF04C A2=00FFE3FC A3=00027E16 A4=00FFE3F8 A5=00000000 A6=00000000 A7=00FF7F9C D0=00000009 D1=00000009 D2=0000000A D3=00000000 D4=00000000 D5=00000000 D6=00000000 D7=00000000 xnzvc
02:8AE8  6D CC  BLT     #$CC [02:8AB6]           A0=00FFE3CE A1=000DF04C A2=00FFE3FC A3=00027E16 A4=00FFE3F8 A5=00000000 A6=00000000 A7=00FF7F9C D0=00000009 D1=00000009 D2=0000000A D3=00000000 D4=00000000 D5=00000000 D6=00000000 D7=00000000 xnZvc
02:8AEA  42 39  CLR.B   ($00FFD930)              A0=00FFE3CE A1=000DF04C A2=00FFE3FC A3=00027E16 A4=00FFE3F8 A5=00000000 A6=00000000 A7=00FF7F9C D0=00000009 D1=00000009 D2=0000000A D3=00000000 D4=00000000 D5=00000000 D6=00000000 D7=00000000 xnZvc
02:8AF0  4E B9  JSR     ($0000CC62)              A0=00FFE3CE A1=000DF04C A2=00FFE3FC A3=00027E16 A4=00FFE3F8 A5=00000000 A6=00000000 A7=00FF7F9C D0=00000009 D1=00000009 D2=0000000A D3=00000000 D4=00000000 D5=00000000 D6=00000000 D7=00000000 xnZvc
02:8AF6  48 78  PEA     ($0001)                  A0=00000000 A1=00FF8036 A2=00FFE3FC A3=00027E16 A4=00FFE3F8 A5=00000000 A6=00000000 A7=00FF7F9C D0=000000B8 D1=00000000 D2=0000000A D3=00000000 D4=00000000 D5=00000000 D6=00000000 D7=00000000 xnzvc
02:8AFA  4E B9  JSR     ($00000578)              A0=00000000 A1=00FF8036 A2=00FFE3FC A3=00027E16 A4=00FFE3F8 A5=00000000 A6=00000000 A7=00FF7F98 D0=000000B8 D1=00000000 D2=0000000A D3=00000000 D4=00000000 D5=00000000 D6=00000000 D7=00000000 xnzvc
02:8B00  42 A7  CLR.L   -(SP)                    A0=00000000 A1=00FF8036 A2=00FFE3FC A3=00027E16 A4=00FFE3F8 A5=00000000 A6=00000000 A7=00FF7F98 D0=00000000 D1=0000169E D2=0000000A D3=00000000 D4=00000000 D5=00000000 D6=00000000 D7=00000000 xnZvc
02:8B02  42 A7  CLR.L   -(SP)                    A0=00000000 A1=00FF8036 A2=00FFE3FC A3=00027E16 A4=00FFE3F8 A5=00000000 A6=00000000 A7=00FF7F94 D0=00000000 D1=0000169E D2=0000000A D3=00000000 D4=00000000 D5=00000000 D6=00000000 D7=00000000 xnZvc
02:8B04  4E B9  JSR     ($0000CED0)              A0=00000000 A1=00FF8036 A2=00FFE3FC A3=00027E16 A4=00FFE3F8 A5=00000000 A6=00000000 A7=00FF7F90 D0=00000000 D1=0000169E D2=0000000A D3=00000000 D4=00000000 D5=00000000 D6=00000000 D7=00000000 xnZvc
02:8B0A  4F EF  LEA     $000C(SP),A7             A0=00000000 A1=00FF8036 A2=00FFE3FC A3=00027E16 A4=00FFE3F8 A5=00000000 A6=00000000 A7=00FF7F90 D0=00000000 D1=00000000 D2=0000000A D3=00000000 D4=00000000 D5=00000000 D6=00000000 D7=00000000 xnZvc
02:8B0E  24 1F  MOVE.L  (SP)+,D2                 A0=00000000 A1=00FF8036 A2=00FFE3FC A3=00027E16 A4=00FFE3F8 A5=00000000 A6=00000000 A7=00FF7F9C D0=00000000 D1=00000000 D2=0000000A D3=00000000 D4=00000000 D5=00000000 D6=00000000 D7=00000000 xnZvc
02:8B10  4E 75  RTS                              A0=00000000 A1=00FF8036 A2=00FFE3FC A3=00027E16 A4=00FFE3F8 A5=00000000 A6=00000000 A7=00FF7FA0 D0=00000000 D1=00000000 D2=00000000 D3=00000000 D4=00000000 D5=00000000 D6=00000000 D7=00000000 xnZvc

02:8B12  4E B9  JSR     ($0000D8E4)              A0=00FF9364 A1=00FF8036 A2=00028C1C A3=00FFE3FC A4=00FFE3F8 A5=00000000 A6=00000000 A7=00FF7F98 D0=00000000 D1=00000014 D2=00000001 D3=00000000 D4=00000000 D5=00000000 D6=00000000 D7=00000000 xnZvc
02:8B18  13 C0  MOVE.B  D0,($00FFE3DE)           A0=00FFA25A A1=00FF8036 A2=00028C1C A3=00FFE3FC A4=00FFE3F8 A5=00000000 A6=00000000 A7=00FF7F98 D0=00000006 D1=00000000 D2=00000001 D3=00000000 D4=00000000 D5=00000000 D6=00000000 D7=00000000 xnzvc
02:8B1E  70 00  MOVEQ   #$00,D0                  A0=00FFA25A A1=00FF8036 A2=00028C1C A3=00FFE3FC A4=00FFE3F8 A5=00000000 A6=00000000 A7=00FF7F98 D0=00000006 D1=00000000 D2=00000001 D3=00000000 D4=00000000 D5=00000000 D6=00000000 D7=00000000 xnzvc
02:8B20  10 39  MOVE.B  ($00FFE3DE),D0           A0=00FFA25A A1=00FF8036 A2=00028C1C A3=00FFE3FC A4=00FFE3F8 A5=00000000 A6=00000000 A7=00FF7F98 D0=00000000 D1=00000000 D2=00000001 D3=00000000 D4=00000000 D5=00000000 D6=00000000 D7=00000000 xnZvc
02:8B26  EF 40  ASL.W   #7,D0                    A0=00FFA25A A1=00FF8036 A2=00028C1C A3=00FFE3FC A4=00FFE3F8 A5=00000000 A6=00000000 A7=00FF7F98 D0=00000006 D1=00000000 D2=00000001 D3=00000000 D4=00000000 D5=00000000 D6=00000000 D7=00000000 xnzvc
02:8B28  20 7C  MOVE.L  #$00FFA25A,A0            A0=00FFA25A A1=00FF8036 A2=00028C1C A3=00FFE3FC A4=00FFE3F8 A5=00000000 A6=00000000 A7=00FF7F98 D0=00000300 D1=00000000 D2=00000001 D3=00000000 D4=00000000 D5=00000000 D6=00000000 D7=00000000 xnzvc
02:8B2E  D0 C0  ADDA.W  D0,A0                    A0=00FFA25A A1=00FF8036 A2=00028C1C A3=00FFE3FC A4=00FFE3F8 A5=00000000 A6=00000000 A7=00FF7F98 D0=00000300 D1=00000000 D2=00000001 D3=00000000 D4=00000000 D5=00000000 D6=00000000 D7=00000000 xnzvc
02:8B30  22 48  MOVE.L  A0,A1                    A0=00FFA55A A1=00FF8036 A2=00028C1C A3=00FFE3FC A4=00FFE3F8 A5=00000000 A6=00000000 A7=00FF7F98 D0=00000300 D1=00000000 D2=00000001 D3=00000000 D4=00000000 D5=00000000 D6=00000000 D7=00000000 xnzvc
02:8B32  13 7C  MOVE.B  #$65,$002B(A1)           A0=00FFA55A A1=00FFA55A A2=00028C1C A3=00FFE3FC A4=00FFE3F8 A5=00000000 A6=00000000 A7=00FF7F98 D0=00000300 D1=00000000 D2=00000001 D3=00000000 D4=00000000 D5=00000000 D6=00000000 D7=00000000 xnzvc
02:8B38  13 7C  MOVE.B  #$08,$002E(A1)           A0=00FFA55A A1=00FFA55A A2=00028C1C A3=00FFE3FC A4=00FFE3F8 A5=00000000 A6=00000000 A7=00FF7F98 D0=00000300 D1=00000000 D2=00000001 D3=00000000 D4=00000000 D5=00000000 D6=00000000 D7=00000000 xnzvc
02:8B3E  42 69  CLR.W   $002C(A1)                A0=00FFA55A A1=00FFA55A A2=00028C1C A3=00FFE3FC A4=00FFE3F8 A5=00000000 A6=00000000 A7=00FF7F98 D0=00000300 D1=00000000 D2=00000001 D3=00000000 D4=00000000 D5=00000000 D6=00000000 D7=00000000 xnzvc
02:8B42  23 79  MOVE.L  ($00034492),$0022(A1)    A0=00FFA55A A1=00FFA55A A2=00028C1C A3=00FFE3FC A4=00FFE3F8 A5=00000000 A6=00000000 A7=00FF7F98 D0=00000300 D1=00000000 D2=00000001 D3=00000000 D4=00000000 D5=00000000 D6=00000000 D7=00000000 xnZvc
02:8B4A  42 29  CLR.B   $004A(A1)                A0=00FFA55A A1=00FFA55A A2=00028C1C A3=00FFE3FC A4=00FFE3F8 A5=00000000 A6=00000000 A7=00FF7F98 D0=00000300 D1=00000000 D2=00000001 D3=00000000 D4=00000000 D5=00000000 D6=00000000 D7=00000000 xnzvc
02:8B4E  23 7C  MOVE.L  #$0003072A,$001A(A1)     A0=00FFA55A A1=00FFA55A A2=00028C1C A3=00FFE3FC A4=00FFE3F8 A5=00000000 A6=00000000 A7=00FF7F98 D0=00000300 D1=00000000 D2=00000001 D3=00000000 D4=00000000 D5=00000000 D6=00000000 D7=00000000 xnZvc
02:8B56  23 7C  MOVE.L  #$00034492,$001E(A1)     A0=00FFA55A A1=00FFA55A A2=00028C1C A3=00FFE3FC A4=00FFE3F8 A5=00000000 A6=00000000 A7=00FF7F98 D0=00000300 D1=00000000 D2=00000001 D3=00000000 D4=00000000 D5=00000000 D6=00000000 D7=00000000 xnzvc
02:8B5E  13 7C  MOVE.B  #$01,$0027(A1)           A0=00FFA55A A1=00FFA55A A2=00028C1C A3=00FFE3FC A4=00FFE3F8 A5=00000000 A6=00000000 A7=00FF7F98 D0=00000300 D1=00000000 D2=00000001 D3=00000000 D4=00000000 D5=00000000 D6=00000000 D7=00000000 xnzvc
02:8B64  13 7C  MOVE.B  #$01,$0028(A1)           A0=00FFA55A A1=00FFA55A A2=00028C1C A3=00FFE3FC A4=00FFE3F8 A5=00000000 A6=00000000 A7=00FF7F98 D0=00000300 D1=00000000 D2=00000001 D3=00000000 D4=00000000 D5=00000000 D6=00000000 D7=00000000 xnzvc
02:8B6A  13 7C  MOVE.B  #$FF,$0026(A1)           A0=00FFA55A A1=00FFA55A A2=00028C1C A3=00FFE3FC A4=00FFE3F8 A5=00000000 A6=00000000 A7=00FF7F98 D0=00000300 D1=00000000 D2=00000001 D3=00000000 D4=00000000 D5=00000000 D6=00000000 D7=00000000 xnzvc
02:8B70  4E B9  JSR     ($0000D8E4)              A0=00FFA55A A1=00FFA55A A2=00028C1C A3=00FFE3FC A4=00FFE3F8 A5=00000000 A6=00000000 A7=00FF7F98 D0=00000300 D1=00000000 D2=00000001 D3=00000000 D4=00000000 D5=00000000 D6=00000000 D7=00000000 xNzvc
02:8B76  13 C0  MOVE.B  D0,($00FFE3E0)           A0=00FFA25A A1=00FFA55A A2=00028C1C A3=00FFE3FC A4=00FFE3F8 A5=00000000 A6=00000000 A7=00FF7F98 D0=00000007 D1=00000001 D2=00000001 D3=00000000 D4=00000000 D5=00000000 D6=00000000 D7=00000000 xnzvc
02:8B7C  70 00  MOVEQ   #$00,D0                  A0=00FFA25A A1=00FFA55A A2=00028C1C A3=00FFE3FC A4=00FFE3F8 A5=00000000 A6=00000000 A7=00FF7F98 D0=00000007 D1=00000001 D2=00000001 D3=00000000 D4=00000000 D5=00000000 D6=00000000 D7=00000000 xnzvc
02:8B7E  10 39  MOVE.B  ($00FFE3E0),D0           A0=00FFA25A A1=00FFA55A A2=00028C1C A3=00FFE3FC A4=00FFE3F8 A5=00000000 A6=00000000 A7=00FF7F98 D0=00000000 D1=00000001 D2=00000001 D3=00000000 D4=00000000 D5=00000000 D6=00000000 D7=00000000 xnZvc
02:8B84  EF 40  ASL.W   #7,D0                    A0=00FFA25A A1=00FFA55A A2=00028C1C A3=00FFE3FC A4=00FFE3F8 A5=00000000 A6=00000000 A7=00FF7F98 D0=00000007 D1=00000001 D2=00000001 D3=00000000 D4=00000000 D5=00000000 D6=00000000 D7=00000000 xnzvc
02:8B86  20 7C  MOVE.L  #$00FFA25A,A0            A0=00FFA25A A1=00FFA55A A2=00028C1C A3=00FFE3FC A4=00FFE3F8 A5=00000000 A6=00000000 A7=00FF7F98 D0=00000380 D1=00000001 D2=00000001 D3=00000000 D4=00000000 D5=00000000 D6=00000000 D7=00000000 xnzvc
02:8B8C  D0 C0  ADDA.W  D0,A0                    A0=00FFA25A A1=00FFA55A A2=00028C1C A3=00FFE3FC A4=00FFE3F8 A5=00000000 A6=00000000 A7=00FF7F98 D0=00000380 D1=00000001 D2=00000001 D3=00000000 D4=00000000 D5=00000000 D6=00000000 D7=00000000 xnzvc
02:8B8E  22 48  MOVE.L  A0,A1                    A0=00FFA5DA A1=00FFA55A A2=00028C1C A3=00FFE3FC A4=00FFE3F8 A5=00000000 A6=00000000 A7=00FF7F98 D0=00000380 D1=00000001 D2=00000001 D3=00000000 D4=00000000 D5=00000000 D6=00000000 D7=00000000 xnzvc
02:8B90  13 7C  MOVE.B  #$0F,$002B(A1)           A0=00FFA5DA A1=00FFA5DA A2=00028C1C A3=00FFE3FC A4=00FFE3F8 A5=00000000 A6=00000000 A7=00FF7F98 D0=00000380 D1=00000001 D2=00000001 D3=00000000 D4=00000000 D5=00000000 D6=00000000 D7=00000000 xnzvc
02:8B96  13 7C  MOVE.B  #$02,$002E(A1)           A0=00FFA5DA A1=00FFA5DA A2=00028C1C A3=00FFE3FC A4=00FFE3F8 A5=00000000 A6=00000000 A7=00FF7F98 D0=00000380 D1=00000001 D2=00000001 D3=00000000 D4=00000000 D5=00000000 D6=00000000 D7=00000000 xnzvc
02:8B9C  42 69  CLR.W   $002C(A1)                A0=00FFA5DA A1=00FFA5DA A2=00028C1C A3=00FFE3FC A4=00FFE3F8 A5=00000000 A6=00000000 A7=00FF7F98 D0=00000380 D1=00000001 D2=00000001 D3=00000000 D4=00000000 D5=00000000 D6=00000000 D7=00000000 xnzvc
02:8BA0  70 00  MOVEQ   #$00,D0                  A0=00FFA5DA A1=00FFA5DA A2=00028C1C A3=00FFE3FC A4=00FFE3F8 A5=00000000 A6=00000000 A7=00FF7F98 D0=00000380 D1=00000001 D2=00000001 D3=00000000 D4=00000000 D5=00000000 D6=00000000 D7=00000000 xnZvc
02:8BA2  10 39  MOVE.B  ($00030715),D0           A0=00FFA5DA A1=00FFA5DA A2=00028C1C A3=00FFE3FC A4=00FFE3F8 A5=00000000 A6=00000000 A7=00FF7F98 D0=00000000 D1=00000001 D2=00000001 D3=00000000 D4=00000000 D5=00000000 D6=00000000 D7=00000000 xnZvc
02:8BA8  E5 40  ASL.W   #2,D0                    A0=00FFA5DA A1=00FFA5DA A2=00028C1C A3=00FFE3FC A4=00FFE3F8 A5=00000000 A6=00000000 A7=00FF7F98 D0=00000000 D1=00000001 D2=00000001 D3=00000000 D4=00000000 D5=00000000 D6=00000000 D7=00000000 xnZvc
02:8BAA  20 7C  MOVE.L  #$00034ADC,A0            A0=00FFA5DA A1=00FFA5DA A2=00028C1C A3=00FFE3FC A4=00FFE3F8 A5=00000000 A6=00000000 A7=00FF7F98 D0=00000000 D1=00000001 D2=00000001 D3=00000000 D4=00000000 D5=00000000 D6=00000000 D7=00000000 xnZvc
02:8BB0  23 70  MOVE.L  $00(A0,D0),$0022(A1)     A0=00034ADC A1=00FFA5DA A2=00028C1C A3=00FFE3FC A4=00FFE3F8 A5=00000000 A6=00000000 A7=00FF7F98 D0=00000000 D1=00000001 D2=00000001 D3=00000000 D4=00000000 D5=00000000 D6=00000000 D7=00000000 xnZvc
02:8BB6  42 29  CLR.B   $004A(A1)                A0=00034ADC A1=00FFA5DA A2=00028C1C A3=00FFE3FC A4=00FFE3F8 A5=00000000 A6=00000000 A7=00FF7F98 D0=00000000 D1=00000001 D2=00000001 D3=00000000 D4=00000000 D5=00000000 D6=00000000 D7=00000000 xnzvc
02:8BBA  23 79  MOVE.L  ($0003071A),$001A(A1)    A0=00034ADC A1=00FFA5DA A2=00028C1C A3=00FFE3FC A4=00FFE3F8 A5=00000000 A6=00000000 A7=00FF7F98 D0=00000000 D1=00000001 D2=00000001 D3=00000000 D4=00000000 D5=00000000 D6=00000000 D7=00000000 xnZvc
02:8BC2  23 7C  MOVE.L  #$00034ADC,$001E(A1)     A0=00034ADC A1=00FFA5DA A2=00028C1C A3=00FFE3FC A4=00FFE3F8 A5=00000000 A6=00000000 A7=00FF7F98 D0=00000000 D1=00000001 D2=00000001 D3=00000000 D4=00000000 D5=00000000 D6=00000000 D7=00000000 xnzvc
02:8BCA  13 7C  MOVE.B  #$06,$0027(A1)           A0=00034ADC A1=00FFA5DA A2=00028C1C A3=00FFE3FC A4=00FFE3F8 A5=00000000 A6=00000000 A7=00FF7F98 D0=00000000 D1=00000001 D2=00000001 D3=00000000 D4=00000000 D5=00000000 D6=00000000 D7=00000000 xnzvc
02:8BD0  13 7C  MOVE.B  #$01,$0028(A1)           A0=00034ADC A1=00FFA5DA A2=00028C1C A3=00FFE3FC A4=00FFE3F8 A5=00000000 A6=00000000 A7=00FF7F98 D0=00000000 D1=00000001 D2=00000001 D3=00000000 D4=00000000 D5=00000000 D6=00000000 D7=00000000 xnzvc
02:8BD6  13 7C  MOVE.B  #$FF,$0026(A1)           A0=00034ADC A1=00FFA5DA A2=00028C1C A3=00FFE3FC A4=00FFE3F8 A5=00000000 A6=00000000 A7=00FF7F98 D0=00000000 D1=00000001 D2=00000001 D3=00000000 D4=00000000 D5=00000000 D6=00000000 D7=00000000 xnzvc
02:8BDC  4E 75  RTS                              A0=00034ADC A1=00FFA5DA A2=00028C1C A3=00FFE3FC A4=00FFE3F8 A5=00000000 A6=00000000 A7=00FF7F98 D0=00000000 D1=00000001 D2=00000001 D3=00000000 D4=00000000 D5=00000000 D6=00000000 D7=00000000 xNzvc

02:8BDE  48 E7  MOVEM.L {d0-a7}[00 30],-(SP)     A0=00FF9364 A1=000349E6 A2=00028C1C A3=00FFE3FC A4=00FFE3F8 A5=00000000 A6=00000000 A7=00FF7F98 D0=000000E8 D1=00000000 D2=00000000 D3=00000001 D4=000000DB D5=00000000 D6=00000000 D7=00000000 xnZvc
02:8BE2  24 7C  MOVE.L  #$00FFE3E0,A2            A0=00FF9364 A1=000349E6 A2=00028C1C A3=00FFE3FC A4=00FFE3F8 A5=00000000 A6=00000000 A7=00FF7F90 D0=000000E8 D1=00000000 D2=00000000 D3=00000001 D4=000000DB D5=00000000 D6=00000000 D7=00000000 xnZvc
02:8BE8  26 7C  MOVE.L  #$00FFE3DE,A3            A0=00FF9364 A1=000349E6 A2=00FFE3E0 A3=00FFE3FC A4=00FFE3F8 A5=00000000 A6=00000000 A7=00FF7F90 D0=000000E8 D1=00000000 D2=00000000 D3=00000001 D4=000000DB D5=00000000 D6=00000000 D7=00000000 xnZvc
02:8BEE  4A 12  TST.B   (A2)                     A0=00FF9364 A1=000349E6 A2=00FFE3E0 A3=00FFE3DE A4=00FFE3F8 A5=00000000 A6=00000000 A7=00FF7F90 D0=000000E8 D1=00000000 D2=00000000 D3=00000001 D4=000000DB D5=00000000 D6=00000000 D7=00000000 xnZvc
02:8BF0  67 0E  BEQ     #$0E [02:8C00]           A0=00FF9364 A1=000349E6 A2=00FFE3E0 A3=00FFE3DE A4=00FFE3F8 A5=00000000 A6=00000000 A7=00FF7F90 D0=000000E8 D1=00000000 D2=00000000 D3=00000001 D4=000000DB D5=00000000 D6=00000000 D7=00000000 xnzvc
02:8BF2  70 00  MOVEQ   #$00,D0                  A0=00FF9364 A1=000349E6 A2=00FFE3E0 A3=00FFE3DE A4=00FFE3F8 A5=00000000 A6=00000000 A7=00FF7F90 D0=000000E8 D1=00000000 D2=00000000 D3=00000001 D4=000000DB D5=00000000 D6=00000000 D7=00000000 xnzvc
02:8BF4  10 12  MOVE.B  (A2),D0                  A0=00FF9364 A1=000349E6 A2=00FFE3E0 A3=00FFE3DE A4=00FFE3F8 A5=00000000 A6=00000000 A7=00FF7F90 D0=00000000 D1=00000000 D2=00000000 D3=00000001 D4=000000DB D5=00000000 D6=00000000 D7=00000000 xnZvc
02:8BF6  2F 00  MOVE.L  D0,-(SP)                 A0=00FF9364 A1=000349E6 A2=00FFE3E0 A3=00FFE3DE A4=00FFE3F8 A5=00000000 A6=00000000 A7=00FF7F90 D0=00000007 D1=00000000 D2=00000000 D3=00000001 D4=000000DB D5=00000000 D6=00000000 D7=00000000 xnzvc
02:8BF8  4E B9  JSR     ($0000D950)              A0=00FF9364 A1=000349E6 A2=00FFE3E0 A3=00FFE3DE A4=00FFE3F8 A5=00000000 A6=00000000 A7=00FF7F8C D0=00000007 D1=00000000 D2=00000000 D3=00000001 D4=000000DB D5=00000000 D6=00000000 D7=00000000 xnzvc
02:8BFE  58 8F  ADDQ.L  #4,SP                    A0=00FFD9C6 A1=000349E6 A2=00FFE3E0 A3=00FFE3DE A4=00FFE3F8 A5=00000000 A6=00000000 A7=00FF7F8C D0=00000001 D1=0000000D D2=00000000 D3=00000001 D4=000000DB D5=00000000 D6=00000000 D7=00000000 xnZvc
02:8C00  42 12  CLR.B   (A2)                     A0=00FFD9C6 A1=000349E6 A2=00FFE3E0 A3=00FFE3DE A4=00FFE3F8 A5=00000000 A6=00000000 A7=00FF7F90 D0=00000001 D1=0000000D D2=00000000 D3=00000001 D4=000000DB D5=00000000 D6=00000000 D7=00000000 xnZvc
02:8C02  4A 13  TST.B   (A3)                     A0=00FFD9C6 A1=000349E6 A2=00FFE3E0 A3=00FFE3DE A4=00FFE3F8 A5=00000000 A6=00000000 A7=00FF7F90 D0=00000001 D1=0000000D D2=00000000 D3=00000001 D4=000000DB D5=00000000 D6=00000000 D7=00000000 xnZvc
02:8C04  67 0E  BEQ     #$0E [02:8C14]           A0=00FFD9C6 A1=000349E6 A2=00FFE3E0 A3=00FFE3DE A4=00FFE3F8 A5=00000000 A6=00000000 A7=00FF7F90 D0=00000001 D1=0000000D D2=00000000 D3=00000001 D4=000000DB D5=00000000 D6=00000000 D7=00000000 xnzvc
02:8C06  70 00  MOVEQ   #$00,D0                  A0=00FFD9C6 A1=000349E6 A2=00FFE3E0 A3=00FFE3DE A4=00FFE3F8 A5=00000000 A6=00000000 A7=00FF7F90 D0=00000001 D1=0000000D D2=00000000 D3=00000001 D4=000000DB D5=00000000 D6=00000000 D7=00000000 xnzvc
02:8C08  10 13  MOVE.B  (A3),D0                  A0=00FFD9C6 A1=000349E6 A2=00FFE3E0 A3=00FFE3DE A4=00FFE3F8 A5=00000000 A6=00000000 A7=00FF7F90 D0=00000000 D1=0000000D D2=00000000 D3=00000001 D4=000000DB D5=00000000 D6=00000000 D7=00000000 xnZvc
02:8C0A  2F 00  MOVE.L  D0,-(SP)                 A0=00FFD9C6 A1=000349E6 A2=00FFE3E0 A3=00FFE3DE A4=00FFE3F8 A5=00000000 A6=00000000 A7=00FF7F90 D0=00000006 D1=0000000D D2=00000000 D3=00000001 D4=000000DB D5=00000000 D6=00000000 D7=00000000 xnzvc
02:8C0C  4E B9  JSR     ($0000D950)              A0=00FFD9C6 A1=000349E6 A2=00FFE3E0 A3=00FFE3DE A4=00FFE3F8 A5=00000000 A6=00000000 A7=00FF7F8C D0=00000006 D1=0000000D D2=00000000 D3=00000001 D4=000000DB D5=00000000 D6=00000000 D7=00000000 xnzvc
02:8C12  58 8F  ADDQ.L  #4,SP                    A0=00FFD9C6 A1=000349E6 A2=00FFE3E0 A3=00FFE3DE A4=00FFE3F8 A5=00000000 A6=00000000 A7=00FF7F8C D0=00000000 D1=00000000 D2=00000000 D3=00000001 D4=000000DB D5=00000000 D6=00000000 D7=00000000 xnZvc
02:8C14  42 13  CLR.B   (A3)                     A0=00FFD9C6 A1=000349E6 A2=00FFE3E0 A3=00FFE3DE A4=00FFE3F8 A5=00000000 A6=00000000 A7=00FF7F90 D0=00000000 D1=00000000 D2=00000000 D3=00000001 D4=000000DB D5=00000000 D6=00000000 D7=00000000 xnZvc
02:8C16  4C DF  MOVEM.L (SP)+,{a7-d0}[0c 00]     A0=00FFD9C6 A1=000349E6 A2=00FFE3E0 A3=00FFE3DE A4=00FFE3F8 A5=00000000 A6=00000000 A7=00FF7F90 D0=00000000 D1=00000000 D2=00000000 D3=00000001 D4=000000DB D5=00000000 D6=00000000 D7=00000000 xnZvc
02:8C1A  4E 75  RTS                              A0=00FFD9C6 A1=000349E6 A2=00028C1C A3=00FFE3FC A4=00FFE3F8 A5=00000000 A6=00000000 A7=00FF7F98 D0=00000000 D1=00000000 D2=00000000 D3=00000001 D4=000000DB D5=00000000 D6=00000000 D7=00000000 xnZvc

02:8C1C  48 E7  MOVEM.L {d0-a7}[38 20],-(SP)     A0=00FF9364 A1=000333B6 A2=00028C1C A3=00FFE3FC A4=00FFE3F8 A5=00000000 A6=00000000 A7=00FF7F8C D0=000000D0 D1=00000000 D2=00000000 D3=00000001 D4=000000A8 D5=00000000 D6=00000000 D7=00000000 xnzvc
02:8C20  34 2F  MOVE.W  $0016(SP),D2             A0=00FF9364 A1=000333B6 A2=00028C1C A3=00FFE3FC A4=00FFE3F8 A5=00000000 A6=00000000 A7=00FF7F7C D0=000000D0 D1=00000000 D2=00000000 D3=00000001 D4=000000A8 D5=00000000 D6=00000000 D7=00000000 xnzvc
02:8C24  36 2F  MOVE.W  $001A(SP),D3             A0=00FF9364 A1=000333B6 A2=00028C1C A3=00FFE3FC A4=00FFE3F8 A5=00000000 A6=00000000 A7=00FF7F7C D0=000000D0 D1=00000000 D2=00000003 D3=00000001 D4=000000A8 D5=00000000 D6=00000000 D7=00000000 xnzvc
02:8C28  38 2F  MOVE.W  $001E(SP),D4             A0=00FF9364 A1=000333B6 A2=00028C1C A3=00FFE3FC A4=00FFE3F8 A5=00000000 A6=00000000 A7=00FF7F7C D0=000000D0 D1=00000000 D2=00000003 D3=00000068 D4=000000A8 D5=00000000 D6=00000000 D7=00000000 xnzvc
02:8C2C  70 00  MOVEQ   #$00,D0                  A0=00FF9364 A1=000333B6 A2=00028C1C A3=00FFE3FC A4=00FFE3F8 A5=00000000 A6=00000000 A7=00FF7F7C D0=000000D0 D1=00000000 D2=00000003 D3=00000068 D4=00000097 D5=00000000 D6=00000000 D7=00000000 xnzvc
02:8C2E  10 39  MOVE.B  ($00FFE3DE),D0           A0=00FF9364 A1=000333B6 A2=00028C1C A3=00FFE3FC A4=00FFE3F8 A5=00000000 A6=00000000 A7=00FF7F7C D0=00000000 D1=00000000 D2=00000003 D3=00000068 D4=00000097 D5=00000000 D6=00000000 D7=00000000 xnZvc
02:8C34  EF 40  ASL.W   #7,D0                    A0=00FF9364 A1=000333B6 A2=00028C1C A3=00FFE3FC A4=00FFE3F8 A5=00000000 A6=00000000 A7=00FF7F7C D0=00000006 D1=00000000 D2=00000003 D3=00000068 D4=00000097 D5=00000000 D6=00000000 D7=00000000 xnzvc
02:8C36  20 7C  MOVE.L  #$00FFA25A,A0            A0=00FF9364 A1=000333B6 A2=00028C1C A3=00FFE3FC A4=00FFE3F8 A5=00000000 A6=00000000 A7=00FF7F7C D0=00000300 D1=00000000 D2=00000003 D3=00000068 D4=00000097 D5=00000000 D6=00000000 D7=00000000 xnzvc
02:8C3C  D0 C0  ADDA.W  D0,A0                    A0=00FFA25A A1=000333B6 A2=00028C1C A3=00FFE3FC A4=00FFE3F8 A5=00000000 A6=00000000 A7=00FF7F7C D0=00000300 D1=00000000 D2=00000003 D3=00000068 D4=00000097 D5=00000000 D6=00000000 D7=00000000 xnzvc
02:8C3E  24 48  MOVE.L  A0,A2                    A0=00FFA55A A1=000333B6 A2=00028C1C A3=00FFE3FC A4=00FFE3F8 A5=00000000 A6=00000000 A7=00FF7F7C D0=00000300 D1=00000000 D2=00000003 D3=00000068 D4=00000097 D5=00000000 D6=00000000 D7=00000000 xnzvc
02:8C40  08 2A  BTST    #1,$002F(A2)             A0=00FFA55A A1=000333B6 A2=00FFA55A A3=00FFE3FC A4=00FFE3F8 A5=00000000 A6=00000000 A7=00FF7F7C D0=00000300 D1=00000000 D2=00000003 D3=00000068 D4=00000097 D5=00000000 D6=00000000 D7=00000000 xnzvc
02:8C46  67 0C  BEQ     #$0C [02:8C54]           A0=00FFA55A A1=000333B6 A2=00FFA55A A3=00FFE3FC A4=00FFE3F8 A5=00000000 A6=00000000 A7=00FF7F7C D0=00000300 D1=00000000 D2=00000003 D3=00000068 D4=00000097 D5=00000000 D6=00000000 D7=00000000 xnzvc
02:8C48  42 A7  CLR.L   -(SP)                    A0=00FFA55A A1=000333B6 A2=00FFA55A A3=00FFE3FC A4=00FFE3F8 A5=00000000 A6=00000000 A7=00FF7F7C D0=00000300 D1=00000000 D2=00000003 D3=00000068 D4=00000097 D5=00000000 D6=00000000 D7=00000000 xnzvc
02:8C4A  2F 0A  MOVE.L  A2,-(SP)                 A0=00FFA55A A1=000333B6 A2=00FFA55A A3=00FFE3FC A4=00FFE3F8 A5=00000000 A6=00000000 A7=00FF7F78 D0=00000300 D1=00000000 D2=00000003 D3=00000068 D4=00000097 D5=00000000 D6=00000000 D7=00000000 xnZvc
02:8C4C  4E B9  JSR     ($0000D7FA)              A0=00FFA55A A1=000333B6 A2=00FFA55A A3=00FFE3FC A4=00FFE3F8 A5=00000000 A6=00000000 A7=00FF7F74 D0=00000300 D1=00000000 D2=00000003 D3=00000068 D4=00000097 D5=00000000 D6=00000000 D7=00000000 xnzvc
02:8C52  50 8F  ADDQ.L  #8,SP                    A0=00FFD976 A1=000333B6 A2=00FFA55A A3=00FFE3FC A4=00FFE3F8 A5=00000000 A6=00000000 A7=00FF7F74 D0=0000000C D1=00000000 D2=00000003 D3=00000068 D4=00000097 D5=00000000 D6=00000000 D7=00000000 xnZvc
02:8C54  34 83  MOVE.W  D3,(A2)                  A0=00FFD976 A1=000333B6 A2=00FFA55A A3=00FFE3FC A4=00FFE3F8 A5=00000000 A6=00000000 A7=00FF7F7C D0=0000000C D1=00000000 D2=00000003 D3=00000068 D4=00000097 D5=00000000 D6=00000000 D7=00000000 xnZvc
02:8C56  35 44  MOVE.W  D4,$0002(A2)             A0=00FFD976 A1=000333B6 A2=00FFA55A A3=00FFE3FC A4=00FFE3F8 A5=00000000 A6=00000000 A7=00FF7F7C D0=0000000C D1=00000000 D2=00000003 D3=00000068 D4=00000097 D5=00000000 D6=00000000 D7=00000000 xnzvc
02:8C5A  42 2A  CLR.B   $004A(A2)                A0=00FFD976 A1=000333B6 A2=00FFA55A A3=00FFE3FC A4=00FFE3F8 A5=00000000 A6=00000000 A7=00FF7F7C D0=0000000C D1=00000000 D2=00000003 D3=00000068 D4=00000097 D5=00000000 D6=00000000 D7=00000000 xnzvc
02:8C5E  30 02  MOVE.W  D2,D0                    A0=00FFD976 A1=000333B6 A2=00FFA55A A3=00FFE3FC A4=00FFE3F8 A5=00000000 A6=00000000 A7=00FF7F7C D0=0000000C D1=00000000 D2=00000003 D3=00000068 D4=00000097 D5=00000000 D6=00000000 D7=00000000 xnZvc
02:8C60  D0 40  ADD.W   D0,D0                    A0=00FFD976 A1=000333B6 A2=00FFA55A A3=00FFE3FC A4=00FFE3F8 A5=00000000 A6=00000000 A7=00FF7F7C D0=00000003 D1=00000000 D2=00000003 D3=00000068 D4=00000097 D5=00000000 D6=00000000 D7=00000000 xnzvc
02:8C62  20 7C  MOVE.L  #$0003072A,A0            A0=00FFD976 A1=000333B6 A2=00FFA55A A3=00FFE3FC A4=00FFE3F8 A5=00000000 A6=00000000 A7=00FF7F7C D0=00000006 D1=00000000 D2=00000003 D3=00000068 D4=00000097 D5=00000000 D6=00000000 D7=00000000 xnzvc
02:8C68  D0 C0  ADDA.W  D0,A0                    A0=0003072A A1=000333B6 A2=00FFA55A A3=00FFE3FC A4=00FFE3F8 A5=00000000 A6=00000000 A7=00FF7F7C D0=00000006 D1=00000000 D2=00000003 D3=00000068 D4=00000097 D5=00000000 D6=00000000 D7=00000000 xnzvc
02:8C6A  25 48  MOVE.L  A0,$001A(A2)             A0=00030730 A1=000333B6 A2=00FFA55A A3=00FFE3FC A4=00FFE3F8 A5=00000000 A6=00000000 A7=00FF7F7C D0=00000006 D1=00000000 D2=00000003 D3=00000068 D4=00000097 D5=00000000 D6=00000000 D7=00000000 xnzvc
02:8C6E  15 7C  MOVE.B  #$01,$0028(A2)           A0=00030730 A1=000333B6 A2=00FFA55A A3=00FFE3FC A4=00FFE3F8 A5=00000000 A6=00000000 A7=00FF7F7C D0=00000006 D1=00000000 D2=00000003 D3=00000068 D4=00000097 D5=00000000 D6=00000000 D7=00000000 xnzvc
02:8C74  15 7C  MOVE.B  #$FF,$0026(A2)           A0=00030730 A1=000333B6 A2=00FFA55A A3=00FFE3FC A4=00FFE3F8 A5=00000000 A6=00000000 A7=00FF7F7C D0=00000006 D1=00000000 D2=00000003 D3=00000068 D4=00000097 D5=00000000 D6=00000000 D7=00000000 xnzvc
02:8C7A  42 A7  CLR.L   -(SP)                    A0=00030730 A1=000333B6 A2=00FFA55A A3=00FFE3FC A4=00FFE3F8 A5=00000000 A6=00000000 A7=00FF7F7C D0=00000006 D1=00000000 D2=00000003 D3=00000068 D4=00000097 D5=00000000 D6=00000000 D7=00000000 xNzvc
02:8C7C  2F 0A  MOVE.L  A2,-(SP)                 A0=00030730 A1=000333B6 A2=00FFA55A A3=00FFE3FC A4=00FFE3F8 A5=00000000 A6=00000000 A7=00FF7F78 D0=00000006 D1=00000000 D2=00000003 D3=00000068 D4=00000097 D5=00000000 D6=00000000 D7=00000000 xnZvc
02:8C7E  4E B9  JSR     ($0000D756)              A0=00030730 A1=000333B6 A2=00FFA55A A3=00FFE3FC A4=00FFE3F8 A5=00000000 A6=00000000 A7=00FF7F74 D0=00000006 D1=00000000 D2=00000003 D3=00000068 D4=00000097 D5=00000000 D6=00000000 D7=00000000 xnzvc
02:8C84  70 00  MOVEQ   #$00,D0                  A0=00FFA591 A1=00FFD940 A2=00FFA55A A3=00FFE3FC A4=00FFE3F8 A5=00000000 A6=00000000 A7=00FF7F74 D0=00000002 D1=00000019 D2=00000003 D3=00000068 D4=00000097 D5=00000000 D6=00000000 D7=00000000 xnzvc
02:8C86  10 39  MOVE.B  ($00FFE3E0),D0           A0=00FFA591 A1=00FFD940 A2=00FFA55A A3=00FFE3FC A4=00FFE3F8 A5=00000000 A6=00000000 A7=00FF7F74 D0=00000000 D1=00000019 D2=00000003 D3=00000068 D4=00000097 D5=00000000 D6=00000000 D7=00000000 xnZvc
02:8C8C  EF 40  ASL.W   #7,D0                    A0=00FFA591 A1=00FFD940 A2=00FFA55A A3=00FFE3FC A4=00FFE3F8 A5=00000000 A6=00000000 A7=00FF7F74 D0=00000007 D1=00000019 D2=00000003 D3=00000068 D4=00000097 D5=00000000 D6=00000000 D7=00000000 xnzvc
02:8C8E  20 7C  MOVE.L  #$00FFA25A,A0            A0=00FFA591 A1=00FFD940 A2=00FFA55A A3=00FFE3FC A4=00FFE3F8 A5=00000000 A6=00000000 A7=00FF7F74 D0=00000380 D1=00000019 D2=00000003 D3=00000068 D4=00000097 D5=00000000 D6=00000000 D7=00000000 xnzvc
02:8C94  D0 C0  ADDA.W  D0,A0                    A0=00FFA25A A1=00FFD940 A2=00FFA55A A3=00FFE3FC A4=00FFE3F8 A5=00000000 A6=00000000 A7=00FF7F74 D0=00000380 D1=00000019 D2=00000003 D3=00000068 D4=00000097 D5=00000000 D6=00000000 D7=00000000 xnzvc
02:8C96  24 48  MOVE.L  A0,A2                    A0=00FFA5DA A1=00FFD940 A2=00FFA55A A3=00FFE3FC A4=00FFE3F8 A5=00000000 A6=00000000 A7=00FF7F74 D0=00000380 D1=00000019 D2=00000003 D3=00000068 D4=00000097 D5=00000000 D6=00000000 D7=00000000 xnzvc
02:8C98  08 2A  BTST    #1,$002F(A2)             A0=00FFA5DA A1=00FFD940 A2=00FFA5DA A3=00FFE3FC A4=00FFE3F8 A5=00000000 A6=00000000 A7=00FF7F74 D0=00000380 D1=00000019 D2=00000003 D3=00000068 D4=00000097 D5=00000000 D6=00000000 D7=00000000 xnzvc
02:8C9E  50 8F  ADDQ.L  #8,SP                    A0=00FFA5DA A1=00FFD940 A2=00FFA5DA A3=00FFE3FC A4=00FFE3F8 A5=00000000 A6=00000000 A7=00FF7F74 D0=00000380 D1=00000019 D2=00000003 D3=00000068 D4=00000097 D5=00000000 D6=00000000 D7=00000000 xnzvc
02:8CA0  67 0C  BEQ     #$0C [02:8CAE]           A0=00FFA5DA A1=00FFD940 A2=00FFA5DA A3=00FFE3FC A4=00FFE3F8 A5=00000000 A6=00000000 A7=00FF7F7C D0=00000380 D1=00000019 D2=00000003 D3=00000068 D4=00000097 D5=00000000 D6=00000000 D7=00000000 xnzvc
02:8CA2  42 A7  CLR.L   -(SP)                    A0=00FFA5DA A1=00FFD940 A2=00FFA5DA A3=00FFE3FC A4=00FFE3F8 A5=00000000 A6=00000000 A7=00FF7F7C D0=00000380 D1=00000019 D2=00000003 D3=00000068 D4=00000097 D5=00000000 D6=00000000 D7=00000000 xnzvc
02:8CA4  2F 0A  MOVE.L  A2,-(SP)                 A0=00FFA5DA A1=00FFD940 A2=00FFA5DA A3=00FFE3FC A4=00FFE3F8 A5=00000000 A6=00000000 A7=00FF7F78 D0=00000380 D1=00000019 D2=00000003 D3=00000068 D4=00000097 D5=00000000 D6=00000000 D7=00000000 xnZvc
02:8CA6  4E B9  JSR     ($0000D7FA)              A0=00FFA5DA A1=00FFD940 A2=00FFA5DA A3=00FFE3FC A4=00FFE3F8 A5=00000000 A6=00000000 A7=00FF7F74 D0=00000380 D1=00000019 D2=00000003 D3=00000068 D4=00000097 D5=00000000 D6=00000000 D7=00000000 xnzvc
02:8CAC  50 8F  ADDQ.L  #8,SP                    A0=00FFD976 A1=00FFD940 A2=00FFA5DA A3=00FFE3FC A4=00FFE3F8 A5=00000000 A6=00000000 A7=00FF7F74 D0=0000000E D1=0000000D D2=00000003 D3=00000068 D4=00000097 D5=00000000 D6=00000000 D7=00000000 xnZvc
02:8CAE  34 83  MOVE.W  D3,(A2)                  A0=00FFD976 A1=00FFD940 A2=00FFA5DA A3=00FFE3FC A4=00FFE3F8 A5=00000000 A6=00000000 A7=00FF7F7C D0=0000000E D1=0000000D D2=00000003 D3=00000068 D4=00000097 D5=00000000 D6=00000000 D7=00000000 xnZvc
02:8CB0  35 44  MOVE.W  D4,$0002(A2)             A0=00FFD976 A1=00FFD940 A2=00FFA5DA A3=00FFE3FC A4=00FFE3F8 A5=00000000 A6=00000000 A7=00FF7F7C D0=0000000E D1=0000000D D2=00000003 D3=00000068 D4=00000097 D5=00000000 D6=00000000 D7=00000000 xnzvc
02:8CB4  42 2A  CLR.B   $004A(A2)                A0=00FFD976 A1=00FFD940 A2=00FFA5DA A3=00FFE3FC A4=00FFE3F8 A5=00000000 A6=00000000 A7=00FF7F7C D0=0000000E D1=0000000D D2=00000003 D3=00000068 D4=00000097 D5=00000000 D6=00000000 D7=00000000 xnzvc
02:8CB8  30 02  MOVE.W  D2,D0                    A0=00FFD976 A1=00FFD940 A2=00FFA5DA A3=00FFE3FC A4=00FFE3F8 A5=00000000 A6=00000000 A7=00FF7F7C D0=0000000E D1=0000000D D2=00000003 D3=00000068 D4=00000097 D5=00000000 D6=00000000 D7=00000000 xnZvc
02:8CBA  E5 40  ASL.W   #2,D0                    A0=00FFD976 A1=00FFD940 A2=00FFA5DA A3=00FFE3FC A4=00FFE3F8 A5=00000000 A6=00000000 A7=00FF7F7C D0=00000003 D1=0000000D D2=00000003 D3=00000068 D4=00000097 D5=00000000 D6=00000000 D7=00000000 xnzvc
02:8CBC  20 7C  MOVE.L  #$0003071A,A0            A0=00FFD976 A1=00FFD940 A2=00FFA5DA A3=00FFE3FC A4=00FFE3F8 A5=00000000 A6=00000000 A7=00FF7F7C D0=0000000C D1=0000000D D2=00000003 D3=00000068 D4=00000097 D5=00000000 D6=00000000 D7=00000000 xnzvc
02:8CC2  25 70  MOVE.L  $00(A0,D0),$001A(A2)     A0=0003071A A1=00FFD940 A2=00FFA5DA A3=00FFE3FC A4=00FFE3F8 A5=00000000 A6=00000000 A7=00FF7F7C D0=0000000C D1=0000000D D2=00000003 D3=00000068 D4=00000097 D5=00000000 D6=00000000 D7=00000000 xnzvc
02:8CC8  15 7C  MOVE.B  #$01,$0028(A2)           A0=0003071A A1=00FFD940 A2=00FFA5DA A3=00FFE3FC A4=00FFE3F8 A5=00000000 A6=00000000 A7=00FF7F7C D0=0000000C D1=0000000D D2=00000003 D3=00000068 D4=00000097 D5=00000000 D6=00000000 D7=00000000 xnzvc
02:8CCE  15 7C  MOVE.B  #$FF,$0026(A2)           A0=0003071A A1=00FFD940 A2=00FFA5DA A3=00FFE3FC A4=00FFE3F8 A5=00000000 A6=00000000 A7=00FF7F7C D0=0000000C D1=0000000D D2=00000003 D3=00000068 D4=00000097 D5=00000000 D6=00000000 D7=00000000 xnzvc
02:8CD4  42 A7  CLR.L   -(SP)                    A0=0003071A A1=00FFD940 A2=00FFA5DA A3=00FFE3FC A4=00FFE3F8 A5=00000000 A6=00000000 A7=00FF7F7C D0=0000000C D1=0000000D D2=00000003 D3=00000068 D4=00000097 D5=00000000 D6=00000000 D7=00000000 xNzvc
02:8CD6  2F 0A  MOVE.L  A2,-(SP)                 A0=0003071A A1=00FFD940 A2=00FFA5DA A3=00FFE3FC A4=00FFE3F8 A5=00000000 A6=00000000 A7=00FF7F78 D0=0000000C D1=0000000D D2=00000003 D3=00000068 D4=00000097 D5=00000000 D6=00000000 D7=00000000 xnZvc
02:8CD8  4E B9  JSR     ($0000D756)              A0=0003071A A1=00FFD940 A2=00FFA5DA A3=00FFE3FC A4=00FFE3F8 A5=00000000 A6=00000000 A7=00FF7F74 D0=0000000C D1=0000000D D2=00000003 D3=00000068 D4=00000097 D5=00000000 D6=00000000 D7=00000000 xnzvc
02:8CDE  50 8F  ADDQ.L  #8,SP                    A0=00FFA60B A1=00FFD940 A2=00FFA5DA A3=00FFE3FC A4=00FFE3F8 A5=00000000 A6=00000000 A7=00FF7F74 D0=00000002 D1=00000019 D2=00000003 D3=00000068 D4=00000097 D5=00000000 D6=00000000 D7=00000000 xnzvc
02:8CE0  4C DF  MOVEM.L (SP)+,{a7-d0}[04 1c]     A0=00FFA60B A1=00FFD940 A2=00FFA5DA A3=00FFE3FC A4=00FFE3F8 A5=00000000 A6=00000000 A7=00FF7F7C D0
02:8CE4  4E 75  RTS                              A0=00FFA60B A1=00FFD940 A2=00028C1C A3=00FFE3FC A4=00FFE3F8 A5=00000000 A6=00000000 A7=00FF7F8C D0=00000002 D1=00000019 D2=00000000 D3=00000001 D4=000000A8 D5=00000000 D6=00000000 D7=00000000 xnzvc

02:8D84  22 2F  MOVE.L  $0004(SP),D1             A0=00FFA8DA A1=0003343E A2=00FFE3FC A3=00FFE3F8 A4=00FF8000 A5=00000000 A6=00000000 A7=00FF7F98 D0=00000001 D1=00000001 D2=00000001 D3=00000001 D4=0000007E D5=00000000 D6=00000000 D7=00000000 xnzvc
02:8D88  70 00  MOVEQ   #$00,D0                  A0=00FFA8DA A1=0003343E A2=00FFE3FC A3=00FFE3F8 A4=00FF8000 A5=00000000 A6=00000000 A7=00FF7F98 D0=00000001 D1=00000001 D2=00000001 D3=00000001 D4=0000007E D5=00000000 D6=00000000 D7=00000000 xnzvc
02:8D8A  10 39  MOVE.B  ($00FFE3DE),D0           A0=00FFA8DA A1=0003343E A2=00FFE3FC A3=00FFE3F8 A4=00FF8000 A5=00000000 A6=00000000 A7=00FF7F98 D0=00000000 D1=00000001 D2=00000001 D3=00000001 D4=0000007E D5=00000000 D6=00000000 D7=00000000 xnZvc
02:8D90  EF 40  ASL.W   #7,D0                    A0=00FFA8DA A1=0003343E A2=00FFE3FC A3=00FFE3F8 A4=00FF8000 A5=00000000 A6=00000000 A7=00FF7F98 D0=0000000E D1=00000001 D2=00000001 D3=00000001 D4=0000007E D5=00000000 D6=00000000 D7=00000000 xnzvc
02:8D92  20 7C  MOVE.L  #$00FFA25A,A0            A0=00FFA8DA A1=0003343E A2=00FFE3FC A3=00FFE3F8 A4=00FF8000 A5=00000000 A6=00000000 A7=00FF7F98 D0=00000700 D1=00000001 D2=00000001 D3=00000001 D4=0000007E D5=00000000 D6=00000000 D7=00000000 xnzvc
02:8D98  D0 C0  ADDA.W  D0,A0                    A0=00FFA25A A1=0003343E A2=00FFE3FC A3=00FFE3F8 A4=00FF8000 A5=00000000 A6=00000000 A7=00FF7F98 D0=00000700 D1=00000001 D2=00000001 D3=00000001 D4=0000007E D5=00000000 D6=00000000 D7=00000000 xnzvc
02:8D9A  30 01  MOVE.W  D1,D0                    A0=00FFA95A A1=0003343E A2=00FFE3FC A3=00FFE3F8 A4=00FF8000 A5=00000000 A6=00000000 A7=00FF7F98 D0=00000700 D1=00000001 D2=00000001 D3=00000001 D4=0000007E D5=00000000 D6=00000000 D7=00000000 xnzvc
02:8D9C  91 50  SUB.W   D0,(A0)                  A0=00FFA95A A1=0003343E A2=00FFE3FC A3=00FFE3F8 A4=00FF8000 A5=00000000 A6=00000000 A7=00FF7F98 D0=00000001 D1=00000001 D2=00000001 D3=00000001 D4=0000007E D5=00000000 D6=00000000 D7=00000000 xnzvc
02:8D9E  0C 50  CMPI.W  #$FFC4,(A0)              A0=00FFA95A A1=0003343E A2=00FFE3FC A3=00FFE3F8 A4=00FF8000 A5=00000000 A6=00000000 A7=00FF7F98 D0=00000001 D1=00000001 D2=00000001 D3=00000001 D4=0000007E D5=00000000 D6=00000000 D7=00000000 xnzvc
02:8DA2  6C 04  BGE     #$04 [02:8DA8]           A0=00FFA95A A1=0003343E A2=00FFE3FC A3=00FFE3F8 A4=00FF8000 A5=00000000 A6=00000000 A7=00FF7F98 D0=00000001 D1=00000001 D2=00000001 D3=00000001 D4=0000007E D5=00000000 D6=00000000 D7=00000000 xnzvC
02:8DA8  70 00  MOVEQ   #$00,D0                  A0=00FFA95A A1=0003343E A2=00FFE3FC A3=00FFE3F8 A4=00FF8000 A5=00000000 A6=00000000 A7=00FF7F98 D0=00000001 D1=00000001 D2=00000001 D3=00000001 D4=0000007E D5=00000000 D6=00000000 D7=00000000 xnzvC
02:8DAA  10 39  MOVE.B  ($00FFE3E0),D0           A0=00FFA95A A1=0003343E A2=00FFE3FC A3=00FFE3F8 A4=00FF8000 A5=00000000 A6=00000000 A7=00FF7F98 D0=00000000 D1=00000001 D2=00000001 D3=00000001 D4=0000007E D5=00000000 D6=00000000 D7=00000000 xnZvc
02:8DB0  EF 40  ASL.W   #7,D0                    A0=00FFA95A A1=0003343E A2=00FFE3FC A3=00FFE3F8 A4=00FF8000 A5=00000000 A6=00000000 A7=00FF7F98 D0=0000000F D1=00000001 D2=00000001 D3=00000001 D4=0000007E D5=00000000 D6=00000000 D7=00000000 xnzvc
02:8DB2  20 7C  MOVE.L  #$00FFA25A,A0            A0=00FFA95A A1=0003343E A2=00FFE3FC A3=00FFE3F8 A4=00FF8000 A5=00000000 A6=00000000 A7=00FF7F98 D0=00000780 D1=00000001 D2=00000001 D3=00000001 D4=0000007E D5=00000000 D6=00000000 D7=00000000 xnzvc
02:8DB8  D0 C0  ADDA.W  D0,A0                    A0=00FFA25A A1=0003343E A2=00FFE3FC A3=00FFE3F8 A4=00FF8000 A5=00000000 A6=00000000 A7=00FF7F98 D0=00000780 D1=00000001 D2=00000001 D3=00000001 D4=0000007E D5=00000000 D6=00000000 D7=00000000 xnzvc
02:8DBA  53 50  SUBQ.W  #1,(A0)                  A0=00FFA9DA A1
02:8DBC  0C 50  CMPI.W  #$FFC4,(A0)              A0=00FFA9DA A1=0003343E A2=00FFE3FC A3=00FFE3F8 A4=00FF8000 A5=00000000 A6=00000000 A7=00FF7F98 D0=00000780 D1=00000001 D2=00000001 D3=00000001 D4=0000007E D5=00000000 D6=00000000 D7=00000000 xnzvc
02:8DC0  6C 04  BGE     #$04 [02:8DC6]           A0=00FFA9DA A1=0003343E A2=00FFE3FC A3=00FFE3F8 A4=00FF8000 A5=00000000 A6=00000000 A7=00FF7F98 D0=00000780 D1=00000001 D2=00000001 D3=00000001 D4=0000007E D5=00000000 D6=00000000 D7=00000000 xnzvC
02:8DC6  4E 75  RTS                              A0=00FFA9DA A1=0003343E A2=00FFE3FC A3=00FFE3F8 A4=00FF8000 A5=00000000 A6=00000000 A7=00FF7F98 D0=00000780 D1=00000001 D2=00000001 D3=00000001 D4=0000007E D5=00000000 D6=00000000 D7=00000000 xnzvC

02:8DC8  2F 02  MOVE.L  D2,-(SP)                 A0=00034590 A1=0003459E A2=00FF800E A3=00FFE406 A4=00FFE40A A5=00000000 A6=00000000 A7=00FF7FA4 D0=000000D8 D1=0000002C D2=000000D8 D3=00000001 D4=00000096 D5=000000C8 D6=00000000 D7=00000000 xnzvc
02:8DCA  22 2F  MOVE.L  $0008(SP),D1             A0=00034590 A1=0003459E A2=00FF800E A3=00FFE406 A4=00FFE40A A5=00000000 A6=00000000 A7=00FF7FA0 D0=000000D8 D1=0000002C D2=000000D8 D3=00000001 D4=00000096 D5=000000C8 D6=00000000 D7=00000000 xnzvc
02:8DCE  24 2F  MOVE.L  $000C(SP),D2             A0=00034590 A1=0003459E A2=00FF800E A3=00FFE406 A4=00FFE40A A5=00000000 A6=00000000 A7=00FF7FA0 D0=000000D8 D1=000000D8 D2=000000D8 D3=00000001 D4=00000096 D5=000000C8 D6=00000000 D7=00000000 xnzvc
02:8DD2  70 00  MOVEQ   #$00,D0                  A0=00034590 A1=0003459E A2=00FF800E A3=00FFE406 A4=00FFE40A A5=00000000 A6=00000000 A7=00FF7FA0 D0=000000D8 D1=000000D8 D2=00000096 D3=00000001 D4=00000096 D5=000000C8 D6=00000000 D7=00000000 xnzvc
02:8DD4  10 39  MOVE.B  ($00FFE3DE),D0           A0=00034590 A1=0003459E A2=00FF800E A3=00FFE406 A4=00FFE40A A5=00000000 A6=00000000 A7=00FF7FA0 D0=00000000 D1=000000D8 D2=00000096 D3=00000001 D4=00000096 D5=000000C8 D6=00000000 D7=00000000 xnZvc
02:8DDA  EF 40  ASL.W   #7,D0                    A0=00034590 A1=0003459E A2=00FF800E A3=00FFE406 A4=00FFE40A A5=00000000 A6=00000000 A7=00FF7FA0 D0=00000007 D1=000000D8 D2=00000096 D3=00000001 D4=00000096 D5=000000C8 D6=00000000 D7=00000000 xnzvc
02:8DDC  20 7C  MOVE.L  #$00FFA25A,A0            A0=00034590 A1=0003459E A2=00FF800E A3=00FFE406 A4=00FFE40A A5=00000000 A6=00000000 A7=00FF7FA0 D0=00000380 D1=000000D8 D2=00000096 D3=00000001 D4=00000096 D5=000000C8 D6=00000000 D7=00000000 xnzvc
02:8DE2  D0 C0  ADDA.W  D0,A0                    A0=00FFA25A A1=0003459E A2=00FF800E A3=00FFE406 A4=00FFE40A A5=00000000 A6=00000000 A7=00FF7FA0 D0=00000380 D1=000000D8 D2=00000096 D3=00000001 D4=00000096 D5=000000C8 D6=00000000 D7=00000000 xnzvc
02:8DE4  30 81  MOVE.W  D1,(A0)                  A0=00FFA5DA A1=0003459E A2=00FF800E A3=00FFE406 A4=00FFE40A A5=00000000 A6=00000000 A7=00FF7FA0 D0=00000380 D1=000000D8 D2=00000096 D3=00000001 D4=00000096 D5=000000C8 D6=00000000 D7=00000000 xnzvc
02:8DE6  31 42  MOVE.W  D2,$0002(A0)             A0=00FFA5DA A1=0003459E A2=00FF800E A3=00FFE406 A4=00FFE40A A5=00000000 A6=00000000 A7=00FF7FA0 D0=00000380 D1=000000D8 D2=00000096 D3=00000001 D4=00000096 D5=000000C8 D6=00000000 D7=00000000 xnzvc
02:8DEA  70 00  MOVEQ   #$00,D0                  A0=00FFA5DA A1=0003459E A2=00FF800E A3=00FFE406 A4=00FFE40A A5=00000000 A6=00000000 A7=00FF7FA0 D0=00000380 D1=000000D8 D2=00000096 D3=00000001 D4=00000096 D5=000000C8 D6=00000000 D7=00000000 xnzvc
02:8DEC  10 39  MOVE.B  ($00FFE3E0),D0           A0=00FFA5DA A1=0003459E A2=00FF800E A3=00FFE406 A4=00FFE40A A5=00000000 A6=00000000 A7=00FF7FA0 D0=00000000 D1=000000D8 D2=00000096 D3=00000001 D4=00000096 D5=000000C8 D6=00000000 D7=00000000 xnZvc
02:8DF2  EF 40  ASL.W   #7,D0                    A0=00FFA5DA A1=0003459E A2=00FF800E A3=00FFE406 A4=00FFE40A A5=00000000 A6=00000000 A7=00FF7FA0 D0=00000008 D1=000000D8 D2=00000096 D3=00000001 D4=00000096 D5=000000C8 D6=00000000 D7=00000000 xnzvc
02:8DF4  20 7C  MOVE.L  #$00FFA25A,A0            A0=00FFA5DA A1=0003459E A2=00FF800E A3=00FFE406 A4=00FFE40A A5=00000000 A6=00000000 A7=00FF7FA0 D0=00000400 D1=000000D8 D2=00000096 D3=00000001 D4=00000096 D5=000000C8 D6=00000000 D7=00000000 xnzvc
02:8DFA  D0 C0  ADDA.W  D0,A0                    A0=00FFA25A A1=0003459E A2=00FF800E A3=00FFE406 A4=00FFE40A A5=00000000 A6=00000000 A7=00FF7FA0 D0=00000400 D1=000000D8 D2=00000096 D3=00000001 D4=00000096 D5=000000C8 D6=00000000 D7=00000000 xnzvc
02:8DFC  30 81  MOVE.W  D1,(A0)                  A0=00FFA65A A1=0003459E A2=00FF800E A3=00FFE406 A4=00FFE40A A5=00000000 A6=00000000 A7=00FF7FA0 D0=00000400 D1=000000D8 D2=00000096 D3=00000001 D4=00000096 D5=000000C8 D6=00000000 D7=00000000 xnzvc
02:8DFE  31 42  MOVE.W  D2,$0002(A0)             A0=00FFA65A A1=0003459E A2=00FF800E A3=00FFE406 A4=00FFE40A A5=00000000 A6=00000000 A7=00FF7FA0 D0=00000400 D1=000000D8 D2=00000096 D3=00000001 D4=00000096 D5=000000C8 D6=00000000 D7=00000000 xnzvc
02:8E02  24 1F  MOVE.L  (SP)+,D2                 A0=00FFA65A A1=0003459E A2=00FF800E A3=00FFE406 A4=00FFE40A A5=00000000 A6=00000000 A7=00FF7FA0 D0=00000400 D1=000000D8 D2=00000096 D3=00000001 D4=00000096 D5=000000C8 D6=00000000 D7=00000000 xnzvc
02:8E04  4E 75  RTS                              A0=00FFA65A A1=0003459E A2=00FF800E A3=00FFE406 A4=00FFE40A A5=00000000 A6=00000000 A7=00FF7FA4 D0=00000400 D1=000000D8 D2=000000D8 D3=00000001 D4=00000096 D5=000000C8 D6=00000000 D7=00000000 xnzvc

02:90BA  4E B9  JSR     ($0000D8E4)              A0=023FEEC4 A1=0C760981 A2=00FFE3F8 A3=00FFE3FC A4=00FF8000 A5=00000000 A6=00000000 A7=00FF7F9C D0=00009DA9 D1=33FD1ABD D2=00000001 D3=00000000 D4=00000000 D5=00000000 D6=00000000 D7=00000000 xnZvc
02:90C0  13 C0  MOVE.B  D0,($00FFE3D8)           A0=00FFA25A A1=0C760981 A2=00FFE3F8 A3=00FFE3FC A4=00FF8000 A5=00000000 A6=00000000 A7=00FF7F9C D0=00000006 D1=33FD0000 D2=00000001 D3=00000000 D4=00000000 D5=00000000 D6=00000000 D7=00000000 xnzvc
02:90C6  67 66  BEQ     #$66 [02:912E]           A0=00FFA25A A1=0C760981 A2=00FFE3F8 A3=00FFE3FC A4=00FF8000 A5=00000000 A6=00000000 A7=00FF7F9C D0=00000006 D1=33FD0000 D2=00000001 D3=00000000 D4=00000000 D5=00000000 D6=00000000 D7=00000000 xnzvc
02:90C8  70 00  MOVEQ   #$00,D0                  A0=00FFA25A A1=0C760981 A2=00FFE3F8 A3=00FFE3FC A4=00FF8000 A5=00000000 A6=00000000 A7=00FF7F9C D0=00000006 D1=33FD0000 D2=00000001 D3=00000000 D4=00000000 D5=00000000 D6=00000000 D7=00000000 xnzvc
02:90CA  10 39  MOVE.B  ($00FFE3D8),D0           A0=00FFA25A A1=0C760981 A2=00FFE3F8 A3=00FFE3FC A4=00FF8000 A5=00000000 A6=00000000 A7=00FF7F9C D0=00000000 D1=33FD0000 D2=00000001 D3=00000000 D4=00000000 D5=00000000 D6=00000000 D7=00000000 xnZvc
02:90D0  EF 40  ASL.W   #7,D0                    A0=00FFA25A A1=0C760981 A2=00FFE3F8 A3=00FFE3FC A4=00FF8000 A5=00000000 A6=00000000 A7=00FF7F9C D0=00000006 D1=33FD0000 D2=00000001 D3=00000000 D4=00000000 D5=00000000 D6=00000000 D7=00000000 xnzvc
02:90D2  20 7C  MOVE.L  #$00FFA25A,A0            A0=00FFA25A A1=0C760981 A2=00FFE3F8 A3=00FFE3FC A4=00FF8000 A5=00000000 A6=00000000 A7=00FF7F9C D0=00000300 D1=33FD0000 D2=00000001 D3=00000000 D4=00000000 D5=00000000 D6=00000000 D7=00000000 xnzvc
02:90D8  D0 C0  ADDA.W  D0,A0                    A0=00FFA25A A1=0C760981 A2=00FFE3F8 A3=00FFE3FC A4=00FF8000 A5=00000000 A6=00000000 A7=00FF7F9C D0=00000300 D1=33FD0000 D2=00000001 D3=00000000 D4=00000000 D5=00000000 D6=00000000 D7=00000000 xnzvc
02:90DA  42 68  CLR.W   $002C(A0)                A0=00FFA55A A1=0C760981 A2=00FFE3F8 A3=00FFE3FC A4=00FF8000 A5=00000000 A6=00000000 A7=00FF7F9C D0=00000300 D1=33FD0000 D2=00000001 D3=00000000 D4=00000000 D5=00000000 D6=00000000 D7=00000000 xnzvc
02:90DE  21 79  MOVE.L  ($000373EE),$0022(A0)    A0=00FFA55A A1=0C760981 A2=00FFE3F8 A3=00FFE3FC A4=00FF8000 A5=00000000 A6=00000000 A7=00FF7F9C D0=00000300 D1=33FD0000 D2=00000001 D3=00000000 D4=00000000 D5=00000000 D6=00000000 D7=00000000 xnZvc
02:90E6  21 7C  MOVE.L  #$000373EE,$001E(A0)     A0=00FFA55A A1=0C760981 A2=00FFE3F8 A3=00FFE3FC A4=00FF8000 A5=00000000 A6=00000000 A7=00FF7F9C D0=00000300 D1=33FD0000 D2=00000001 D3=00000000 D4=00000000 D5=00000000 D6=00000000 D7=00000000 xnzvc
02:90EE  11 7C  MOVE.B  #$0C,$002B(A0)           A0=00FFA55A A1=0C760981 A2=00FFE3F8 A3=00FFE3FC A4=00FF8000 A5=00000000 A6=00000000 A7=00FF7F9C D0=00000300 D1=33FD0000 D2=00000001 D3=00000000 D4=00000000 D5=00000000 D6=00000000 D7=00000000 xnzvc
02:90F4  11 7C  MOVE.B  #$02,$002E(A0)           A0=00FFA55A A1=0C760981 A2=00FFE3F8 A3=00FFE3FC A4=00FF8000 A5=00000000 A6=00000000 A7=00FF7F9C D0=00000300 D1=33FD0000 D2=00000001 D3=00000000 D4=00000000 D5=00000000 D6=00000000 D7=00000000 xnzvc
02:90FA  30 BC  MOVE.W  #$0068,(A0)              A0=00FFA55A A1=0C760981 A2=00FFE3F8 A3=00FFE3FC A4=00FF8000 A5=00000000 A6=00000000 A7=00FF7F9C D0=00000300 D1=33FD0000 D2=00000001 D3=00000000 D4=00000000 D5=00000000 D6=00000000 D7=00000000 xnzvc
02:90FE  31 7C  MOVE.W  #$FFCE,$0002(A0)         A0=00FFA55A A1=0C760981 A2=00FFE3F8 A3=00FFE3FC A4=00FF8000 A5=00000000 A6=00000000 A7=00FF7F9C D0=00000300 D1=33FD0000 D2=00000001 D3=00000000 D4=00000000 D5=00000000 D6=00000000 D7=00000000 xnzvc
02:9104  42 28  CLR.B   $004A(A0)                A0=00FFA55A A1=0C760981 A2=00FFE3F8 A3=00FFE3FC A4=00FF8000 A5=00000000 A6=00000000 A7=00FF7F9C D0=00000300 D1=33FD0000 D2=00000001 D3=00000000 D4=00000000 D5=00000000 D6=00000000 D7=00000000 xNzvc
02:9108  21 7C  MOVE.L  #$000306A5,$001A(A0)     A0=00FFA55A A1=0C760981 A2=00FFE3F8 A3=00FFE3FC A4=00FF8000 A5=00000000 A6=00000000 A7=00FF7F9C D0=00000300 D1=33FD0000 D2=00000001 D3=00000000 D4=00000000 D5=00000000 D6=00000000 D7=00000000 xnZvc
02:9110  11 7C  MOVE.B  #$01,$0028(A0)           A0=00FFA55A A1=0C760981 A2=00FFE3F8 A3=00FFE3FC A4=00FF8000 A5=00000000 A6=00000000 A7=00FF7F9C D0=00000300 D1=33FD0000 D2=00000001 D3=00000000 D4=00000000 D5=00000000 D6=00000000 D7=00000000 xnzvc
02:9116  11 7C  MOVE.B  #$FF,$0026(A0)           A0=00FFA55A A1=0C760981 A2=00FFE3F8 A3=00FFE3FC A4=00FF8000 A5=00000000 A6=00000000 A7=00FF7F9C D0=00000300 D1=33FD0000 D2=00000001 D3=00000000 D4=00000000 D5=00000000 D6=00000000 D7=00000000 xnzvc
02:911C  11 7C  MOVE.B  #$06,$0027(A0)           A0=00FFA55A A1=0C760981 A2=00FFE3F8 A3=00FFE3FC A4=00FF8000 A5=00000000 A6=00000000 A7=00FF7F9C D0=00000300 D1=33FD0000 D2=00000001 D3=00000000 D4=00000000 D5=00000000 D6=00000000 D7=00000000 xNzvc
02:9122  42 A7  CLR.L   -(SP)                    A0=00FFA55A A1=0C760981 A2=00FFE3F8 A3=00FFE3FC A4=00FF8000 A5=00000000 A6=00000000 A7=00FF7F9C D0=00000300 D1=33FD0000 D2=00000001 D3=00000000 D4=00000000 D5=00000000 D6=00000000 D7=00000000 xnzvc
02:9124  2F 08  MOVE.L  A0,-(SP)                 A0=00FFA55A A1=0C760981 A2=00FFE3F8 A3=00FFE3FC A4=00FF8000 A5=00000000 A6=00000000 A7=00FF7F98 D0=00000300 D1=33FD0000 D2=00000001 D3=00000000 D4=00000000 D5=00000000 D6=00000000 D7=00000000 xnZvc
02:9126  4E B9  JSR     ($0000D756)              A0=00FFA55A A1=0C760981 A2=00FFE3F8 A3=00FFE3FC A4=00FF8000 A5=00000000 A6=00000000 A7=00FF7F94 D0=00000300 D1=33FD0000 D2=00000001 D3=00000000 D4=00000000 D5=00000000 D6=00000000 D7=00000000 xnzvc
02:912C  50 8F  ADDQ.L  #8,SP                    A0=00FFA58B A1=00FFD940 A2=00FFE3F8 A3=00FFE3FC A4=00FF8000 A5=00000000 A6=00000000 A7=00FF7F94 D0=00000002 D1=00000019 D2=00000001 D3=00000000 D4=00000000 D5=00000000 D6=00000000 D7=00000000 xnzvc
02:912E  4E 75  RTS                              A0=00FFA58B A1=00FFD940 A2=00FFE3F8 A3=00FFE3FC A4=00FF8000 A5=00000000 A6=00000000 A7=00FF7F9C D0=00000002 D1=00000019 D2=00000001 D3=00000000 D4=00000000 D5=00000000 D6=00000000 D7=00000000 xnzvc

02:9130  2F 0A  MOVE.L  A2,-(SP)                 A0=00FF9364 A1=000371A2 A2=00FFE3F8 A3=00FF8000 A4=00FFE3FC A5=00000000 A6=00000000 A7=00FF7FA0 D0=00008124 D1=00000002 D2=0000007F D3=00000000 D4=00000000 D5=00000000 D6=00000000 D7=00000000 xNzvc
02:9132  24 7C  MOVE.L  #$00FFE3D8,A2            A0=00FF9364 A1=000371A2 A2=00FFE3F8 A3=00FF8000 A4=00FFE3FC A5=00000000 A6=00000000 A7=00FF7F9C D0=00008124 D1=00000002 D2=0000007F D3=00000000 D4=00000000 D5=00000000 D6=00000000 D7=00000000 xnzvc
02:9138  4A 12  TST.B   (A2)                     A0=00FF9364 A1=000371A2 A2=00FFE3D8 A3=00FF8000 A4=00FFE3FC A5=00000000 A6=00000000 A7=00FF7F9C D0=00008124 D1=00000002 D2=0000007F D3=00000000 D4=00000000 D5=00000000 D6=00000000 D7=00000000 xnzvc
02:913A  67 0E  BEQ     #$0E [02:914A]           A0=00FF9364 A1=000371A2 A2=00FFE3D8 A3=00FF8000 A4=00FFE3FC A5=00000000 A6=00000000 A7=00FF7F9C D0=00008124 D1=00000002 D2=0000007F D3=00000000 D4=00000000 D5=00000000 D6=00000000 D7=00000000 xnzvc
02:913C  70 00  MOVEQ   #$00,D0                  A0=00FF9364 A1=000371A2 A2=00FFE3D8 A3=00FF8000 A4=00FFE3FC A5=00000000 A6=00000000 A7=00FF7F9C D0=00008124 D1=00000002 D2=0000007F D3=00000000 D4=00000000 D5=00000000 D6=00000000 D7=00000000 xnzvc
02:913E  10 12  MOVE.B  (A2),D0                  A0=00FF9364 A1=000371A2 A2=00FFE3D8 A3=00FF8000 A4=00FFE3FC A5=00000000 A6=00000000 A7=00FF7F9C D0=00000000 D1=00000002 D2=0000007F D3=00000000 D4=00000000 D5=00000000 D6=00000000 D7=00000000 xnZvc
02:9140  2F 00  MOVE.L  D0,-(SP)                 A0=00FF9364 A1=000371A2 A2=00FFE3D8 A3=00FF8000 A4=00FFE3FC A5=00000000 A6=00000000 A7=00FF7F9C D0=00000006 D1=00000002 D2=0000007F D3=00000000 D4=00000000 D5=00000000 D6=00000000 D7=00000000 xnzvc
02:9142  4E B9  JSR     ($0000D950)              A0=00FF9364 A1=000371A2 A2=00FFE3D8 A3=00FF8000 A4=00FFE3FC A5=00000000 A6=00000000 A7=00FF7F98 D0=00000006 D1=00000002 D2=0000007F D3=00000000 D4=00000000 D5=00000000 D6=00000000 D7=00000000 xnzvc
02:9148  58 8F  ADDQ.L  #4,SP                    A0=00FFD9C6 A1=000371A2 A2=00FFE3D8 A3=00FF8000 A4=00FFE3FC A5=00000000 A6=00000000 A7=00FF7F98 D0=00000000 D1=00000000 D2=0000007F D3=00000000 D4=00000000 D5=00000000 D6=00000000 D7=00000000 xnZvc
02:914A  42 12  CLR.B   (A2)                     A0=00FFD9C6 A1=000371A2 A2=00FFE3D8 A3=00FF8000 A4=00FFE3FC A5=00000000 A6=00000000 A7=00FF7F9C D0=00000000 D1=00000000 D2=0000007F D3=00000000 D4=00000000 D5=00000000 D6=00000000 D7=00000000 xnZvc
02:914C  24 5F  MOVE.L  (SP)+,A2                 A0=00FFD9C6 A1=000371A2 A2=00FFE3D8 A3=00FF8000 A4=00FFE3FC A5=00000000 A6=00000000 A7=00FF7F9C D0=00000000 D1=00000000 D2=0000007F D3=00000000 D4=00000000 D5=00000000 D6=00000000 D7=00000000 xnZvc
02:914E  4E 75  RTS                              A0=00FFD9C6 A1=000371A2 A2=00FFE3F8 A3=00FF8000 A4=00FFE3FC A5=00000000 A6=00000000 A7=00FF7FA0 D0=00000000 D1=00000000 D2=0000007F D3=00000000 D4=00000000 D5=00000000 D6=00000000 D7=00000000 xnZvc

02:9150  2F 02  MOVE.L  D2,-(SP)                 A0=00FF9364 A1=000370E0 A2=00FFE3F8 A3=00FFE3FC A4=00FF8000 A5=00000000 A6=00000000 A7=00FF7F98 D0=00000053 D1=00000000 D2=00000000 D3=00000053 D4=00000000 D5=00000000 D6=00000000 D7=00000000 xnzvc
02:9152  32 2F  MOVE.W  $000A(SP),D1             A0=00FF9364 A1=000370E0 A2=00FFE3F8 A3=00FFE3FC A4=00FF8000 A5=00000000 A6=00000000 A7=00FF7F94 D0=00000053 D1=00000000 D2=00000000 D3=00000053 D4=00000000 D5=00000000 D6=00000000 D7=00000000 xnZvc
02:9156  34 2F  MOVE.W  $000E(SP),D2             A0=00FF9364 A1=000370E0 A2=00FFE3F8 A3=00FFE3FC A4=00FF8000 A5=00000000 A6=00000000 A7=00FF7F94 D0=00000053 D1=000000A0 D2=00000000 D3=00000053 D4=00000000 D5=00000000 D6=00000000 D7=00000000 xnzvc
02:915A  4A 39  TST.B   ($00FFE3D8)              A0=00FF9364 A1=000370E0 A2=00FFE3F8 A3=00FFE3FC A4=00FF8000 A5=00000000 A6=00000000 A7=00FF7F94 D0=00000053 D1=000000A0 D2=00000053 D3=00000053 D4=00000000 D5=00000000 D6=00000000 D7=00000000 xnzvc
02:9160  67 18  BEQ     #$18 [02:917A]           A0=00FF9364 A1=000370E0 A2=00FFE3F8 A3=00FFE3FC A4=00FF8000 A5=00000000 A6=00000000 A7=00FF7F94 D0=00000053 D1=000000A0 D2=00000053 D3=00000053 D4=00000000 D5=00000000 D6=00000000 D7=00000000 xnzvc
02:9162  70 00  MOVEQ   #$00,D0                  A0=00FF9364 A1=000370E0 A2=00FFE3F8 A3=00FFE3FC A4=00FF8000 A5=00000000 A6=00000000 A7=00FF7F94 D0=00000053 D1=000000A0 D2=00000053 D3=00000053 D4=00000000 D5=00000000 D6=00000000 D7=00000000 xnzvc
02:9164  10 39  MOVE.B  ($00FFE3D8),D0           A0=00FF9364 A1=000370E0 A2=00FFE3F8 A3=00FFE3FC A4=00FF8000 A5=00000000 A6=00000000 A7=00FF7F94 D0=00000000 D1=000000A0 D2=00000053 D3=00000053 D4=00000000 D5=00000000 D6=00000000 D7=00000000 xnZvc
02:916A  EF 40  ASL.W   #7,D0                    A0=00FF9364 A1=000370E0 A2=00FFE3F8 A3=00FFE3FC A4=00FF8000 A5=00000000 A6=00000000 A7=00FF7F94 D0=00000006 D1=000000A0 D2=00000053 D3=00000053 D4=00000000 D5=00000000 D6=00000000 D7=00000000 xnzvc
02:916C  20 7C  MOVE.L  #$00FFA25A,A0            A0=00FF9364 A1=000370E0 A2=00FFE3F8 A3=00FFE3FC A4=00FF8000 A5=00000000 A6=00000000 A7=00FF7F94 D0=00000300 D1=000000A0 D2=00000053 D3=00000053 D4=00000000 D5=00000000 D6=00000000 D7=00000000 xnzvc
02:9172  D0 C0  ADDA.W  D0,A0                    A0=00FFA25A A1=000370E0 A2=00FFE3F8 A3=00FFE3FC A4=00FF8000 A5=00000000 A6=00000000 A7=00FF7F94 D0=00000300 D1=000000A0 D2=00000053 D3=00000053 D4=00000000 D5=00000000 D6=00000000 D7=00000000 xnzvc
02:9174  30 81  MOVE.W  D1,(A0)                  A0=00FFA55A A1=000370E0 A2=00FFE3F8 A3=00FFE3FC A4=00FF8000 A5=00000000 A6=00000000 A7=00FF7F94 D0=00000300 D1=000000A0 D2=00000053 D3=00000053 D4=00000000 D5=00000000 D6=00000000 D7=00000000 xnzvc
02:9176  31 42  MOVE.W  D2,$0002(A0)             A0=00FFA55A A1=000370E0 A2=00FFE3F8 A3=00FFE3FC A4=00FF8000 A5=00000000 A6=00000000 A7=00FF7F94 D0=00000300 D1=000000A0 D2=00000053 D3=00000053 D4=00000000 D5=00000000 D6=00000000 D7=00000000 xnzvc
02:917A  24 1F  MOVE.L  (SP)+,D2                 A0=00FFA55A A1=000370E0 A2=00FFE3F8 A3=00FFE3FC A4=00FF8000 A5=00000000 A6=00000000 A7=00FF7F94 D0=00000300 D1=000000A0 D2=00000053 D3=00000053 D4=00000000 D5=00000000 D6=00000000 D7=00000000 xnzvc
02:917C  4E 75  RTS                              A0=00FFA55A A1=000370E0 A2=00FFE3F8 A3=00FFE3FC A4=00FF8000 A5=00000000 A6=00000000 A7=00FF7F98 D0=00000300 D1=000000A0 D2=00000000 D3=00000053 D4=00000000 D5=00000000 D6=00000000 D7=00000000 xnZvc

02:9270  48 E7  MOVEM.L {d0-a7}[3c 30],-(SP)     A0=00FF9364 A1=00FF8036 A2=00FFE3FC A3=00FFE3F8 A4=00FF8000 A5=00000000 A6=00000000 A7=00FF7F9C D0=00000000 D1=00000000 D2=00000001 D3=00000000 D4=00000000 D5=00000000 D6=00000000 D7=00000000 xnZvc
02:9274  42 45  CLR.W   D5                       A0=00FF9364 A1=00FF8036 A2=00FFE3FC A3=00FFE3F8 A4=00FF8000 A5=00000000 A6=00000000 A7=00FF7F84 D0=00000000 D1=00000000 D2=00000001 D3=00000000 D4=00000000 D5=00000000 D6=00000000 D7=00000000 xnZvc
02:9276  30 05  MOVE.W  D5,D0                    A0=00FFE3E6 A1=00FFD940 A2=00FFA85A A3=0003343A A4=00FF8000 A5=00000000 A6=00000000 A7=00FF7F84 D0=00000006 D1=00000019 D2=00000002 D3=0000000C D4=00000001 D5=00000007 D6=00000000 D7=00000000 xNzvC
02:9278  E5 40  ASL.W   #2,D0                    A0=00FFE3E6 A1=00FFD940 A2=00FFA85A A3=0003343A A4=00FF8000 A5=00000000 A6=00000000 A7=00FF7F84 D0=00000007 D1=00000019 D2=00000002 D3=0000000C D4=00000001 D5=00000007 D6=00000000 D7=00000000 xnzvc
02:927A  20 7C  MOVE.L  #$000334A0,A0            A0=00FFE3E6 A1=00FFD940 A2=00FFA85A A3=0003343A A4=00FF8000 A5=00000000 A6=00000000 A7=00FF7F84 D0=0000001C D1=00000019 D2=00000002 D3=0000000C D4=00000001 D5=00000007 D6=00000000 D7=00000000 xnzvc
02:9280  26 70  MOVE.L  $00(A0,D0),A3            A0=000334A0 A1=00FFD940 A2=00FFA85A A3=0003343A A4=00FF8000 A5=00000000 A6=00000000 A7=00FF7F84 D0=0000001C D1=00000019 D2=00000002 D3=0000000C D4=00000001 D5=00000007 D6=00000000 D7=00000000 xnzvc
02:9284  4E B9  JSR     ($0000D8E4)              A0=000334A0 A1=00FFD940 A2=00FFA85A A3=00033448 A4=00FF8000 A5=00000000 A6=00000000 A7=00FF7F84 D0=0000001C D1=00000019 D2=00000002 D3=0000000C D4=00000001 D5=00000007 D6=00000000 D7=00000000 xnzvc
02:928A  36 00  MOVE.W  D0,D3                    A0=00FFA25A A1=00FFD940 A2=00FFA85A A3=00033448 A4=00FF8000 A5=00000000 A6=00000000 A7=00FF7F84 D0=0000000D D1=00000007 D2=00000002 D3=0000000C D4=00000001 D5=00000007 D6=00000000 D7=00000000 xnzvc
02:928C  67 00  BEQ     #$00FC [02:938A]         A0=00FFA25A A1=00FFD940 A2=00FFA85A A3=00033448 A4=00FF8000 A5=00000000 A6=00000000 A7=00FF7F84 D0=0000000D D1=00000007 D2=00000002 D3=0000000D D4=00000001 D5=00000007 D6=00000000 D7=00000000 xnzvc
02:9290  30 03  MOVE.W  D3,D0                    A0=00FFA25A A1=00FFD940 A2=00FFA85A A3=00033448 A4=00FF8000 A5=00000000 A6=00000000 A7=00FF7F84 D0=0000000D D1=00000007 D2=00000002 D3=0000000D D4=00000001 D5=00000007 D6=00000000 D7=00000000 xnzvc
02:9292  EF 40  ASL.W   #7,D0                    A0=00FFA25A A1=00FFD940 A2=00FFA85A A3=00033448 A4=00FF8000 A5=00000000 A6=00000000 A7=00FF7F84 D0=0000000D D1=00000007 D2=00000002 D3=0000000D D4=00000001 D5=00000007 D6=00000000 D7=00000000 xnzvc
02:9294  20 7C  MOVE.L  #$00FFA25A,A0            A0=00FFA25A A1=00FFD940 A2=00FFA85A A3=00033448 A4=00FF8000 A5=00000000 A6=00000000 A7=00FF7F84 D0=00000680 D1=00000007 D2=00000002 D3=0000000D D4=00000001 D5=00000007 D6=00000000 D7=00000000 xnzvc
02:929A  D0 C0  ADDA.W  D0,A0                    A0=00FFA25A A1=00FFD940 A2=00FFA85A A3=00033448 A4=00FF8000 A5=00000000 A6=00000000 A7=00FF7F84 D0=00000680 D1=00000007 D2=00000002 D3=0000000D D4=00000001 D5=00000007 D6=00000000 D7=00000000 xnzvc
02:929C  24 48  MOVE.L  A0,A2                    A0=00FFA8DA A1=00FFD940 A2=00FFA85A A3=00033448 A4=00FF8000 A5=00000000 A6=00000000 A7=00FF7F84 D0=00000680 D1=00000007 D2=00000002 D3=0000000D D4=00000001 D5=00000007 D6=00000000 D7=00000000 xnzvc
02:929E  15 53  MOVE.B  (A3),$002E(A2)           A0=00FFA8DA A1=00FFD940 A2=00FFA8DA A3=00033448 A4=00FF8000 A5=00000000 A6=00000000 A7=00FF7F84 D0=00000680 D1=00000007 D2=00000002 D3=0000000D D4=00000001 D5=00000007 D6=00000000 D7=00000000 xnzvc
02:92A2  42 2A  CLR.B   $002B(A2)                A0=00FFA8DA A1=00FFD940 A2=00FFA8DA A3=00033448 A4=00FF8000 A5=00000000 A6=00000000 A7=00FF7F84 D0=00000680 D1=00000007 D2=00000002 D3=0000000D D4=00000001 D5=00000007 D6=00000000 D7=00000000 xnzvc
02:92A6  42 44  CLR.W   D4                       A0=00FFA8DA A1=00FFD940 A2=00FFA8DA A3=00033448 A4=00FF8000 A5=00000000 A6=00000000 A7=00FF7F84 D0=00000680 D1=00000007 D2=00000002 D3=0000000D D4=00000001 D5=00000007 D6=00000000 D7=00000000 xnZvc
02:92A8  60 2A  BRA     #$2A [02:92D4]           A0=00FFA8DA A1=00FFD940 A2=00FFA8DA A3=00033448 A4=00FF8000 A5=00000000 A6=00000000 A7=00FF7F84 D0=00000680 D1=00000007 D2=00000002 D3=0000000D D4=00000000 D5=00000007 D6=00000000 D7=00000000 xnZvc
02:92AA  30 04  MOVE.W  D4,D0                    A0=00FFA8DA A1=00FFD940 A2=00FFA8DA A3=00033448 A4=00FF8000 A5=00000000 A6=00000000 A7=00FF7F84 D0=00000000 D1=00000001 D2=00000002 D3=0000000D D4=00000000 D5=00000007 D6=00000000 D7=00000000 xnzvc
02:92AC  D0 40  ADD.W   D0,D0                    A0=00FFA8DA A1=00FFD940 A2=00FFA8DA A3=00033448 A4=00FF8000 A5=00000000 A6=00000000 A7=00FF7F84 D0=00000000 D1=00000001 D2=00000002 D3=0000000D D4=00000000 D5=00000007 D6=00000000 D7=00000000 xnZvc
02:92AE  32 00  MOVE.W  D0,D1                    A0=00FFA8DA A1=00FFD940 A2=00FFA8DA A3=00033448 A4=00FF8000 A5=00000000 A6=00000000 A7=00FF7F84 D0=00000000 D1=00000001 D2=00000002 D3=0000000D D4=00000000 D5=00000007 D6=00000000 D7=00000000 xnZvc
02:92B0  E5 40  ASL.W   #2,D0                    A0=00FFA8DA A1=00FFD940 A2=00FFA8DA A3=00033448 A4=00FF8000 A5=00000000 A6=00000000 A7=00FF7F84 D0=00000000 D1=00000000 D2=00000002 D3=0000000D D4=00000000 D5=00000007 D6=00000000 D7=00000000 xnZvc
02:92B2  D0 41  ADD.W   D1,D0                    A0=00FFA8DA A1=00FFD940 A2=00FFA8DA A3=00033448 A4=00FF8000 A5=00000000 A6=00000000 A7=00FF7F84 D0=00000000 D1=00000000 D2=00000002 D3=0000000D D4=00000000 D5=00000007 D6=00000000 D7=00000000 xnZvc
02:92B4  10 33  MOVE.B  $05(A3,D0),D0            A0=00FFA8DA A1=00FFD940 A2=00FFA8DA A3=00033448 A4=00FF8000 A5=00000000 A6=00000000 A7=00FF7F84 D0=00000000 D1=00000000 D2=00000002 D3=0000000D D4=00000000 D5=00000007 D6=00000000 D7=00000000 xnZvc
02:92B8  02 40  ANDI.W  #$00FF,D0                A0=00FFA8DA A1=00FFD940 A2=00FFA8DA A3=00033448 A4=00FF8000 A5=00000000 A6=00000000 A7=00FF7F84 D0=00000002 D1=00000000 D2=00000002 D3=0000000D D4=00000000 D5=00000007 D6=00000000 D7=00000000 xnzvc
02:92BC  32 04  MOVE.W  D4,D1                    A0=00FFA8DA A1=00FFD940 A2=00FFA8DA A3=00033448 A4=00FF8000 A5=00000000 A6=00000000 A7=00FF7F84 D0=00000002 D1=00000000 D2=00000002 D3=0000000D D4=00000000 D5=00000007 D6=00000000 D7=00000000 xnzvc
02:92BE  D2 41  ADD.W   D1,D1                    A0=00FFA8DA A1=00FFD940 A2=00FFA8DA A3=00033448 A4=00FF8000 A5=00000000 A6=00000000 A7=00FF7F84 D0=00000002 D1=00000000 D2=00000002 D3=0000000D D4=00000000 D5=00000007 D6=00000000 D7=00000000 xnZvc
02:92C0  34 01  MOVE.W  D1,D2                    A0=00FFA8DA A1=00FFD940 A2=00FFA8DA A3=00033448 A4=00FF8000 A5=00000000 A6=00000000 A7=00FF7F84 D0=00000002 D1=00000000 D2=00000002 D3=0000000D D4=00000000 D5=00000007 D6=00000000 D7=00000000 xnZvc
02:92C2  E5 41  ASL.W   #2,D1                    A0=00FFA8DA A1=00FFD940 A2=00FFA8DA A3=00033448 A4=00FF8000 A5=00000000 A6=00000000 A7=00FF7F84 D0=00000002 D1=00000000 D2=00000000 D3=0000000D D4=00000000 D5=00000007 D6=00000000 D7=00000000 xnZvc
02:92C4  D2 42  ADD.W   D2,D1                    A0=00FFA8DA A1=00FFD940 A2=00FFA8DA A3=00033448 A4=00FF8000 A5=00000000 A6=00000000 A7=00FF7F84 D0=00000002 D1=00000000 D2=00000000 D3=0000000D D4=00000000 D5=00000007 D6=00000000 D7=00000000 xnZvc
02:92C6  74 00  MOVEQ   #$00,D2                  A0=00FFA8DA A1=00FFD940 A2=00FFA8DA A3=00033448 A4=00FF8000 A5=00000000 A6=00000000 A7=00FF7F84 D0=00000002 D1=00000000 D2=00000000 D3=0000000D D4=00000000 D5=00000007 D6=00000000 D7=00000000 xnZvc
02:92C8  14 33  MOVE.B  $04(A3,D1),D2            A0=00FFA8DA A1=00FFD940 A2=00FFA8DA A3=00033448 A4=00FF8000 A5=00000000 A6=00000000 A7=00FF7F84 D0=00000002 D1=00000000 D2=00000000 D3=0000000D D4=00000000 D5=00000007 D6=00000000 D7=00000000 xnZvc
02:92CC  C0 C2  MULU.W  D2,D0                    A0=00FFA8DA A1=00FFD940 A2=00FFA8DA A3=00033448 A4=00FF8000 A5=00000000 A6=00000000 A7=00FF7F84 D0=00000002 D1=00000000 D2=00000002 D3=0000000D D4=00000000 D5=00000007 D6=00000000 D7=00000000 xnzvc
02:92CE  D1 2A  ADD.B   D0,$002B(A2)             A0=00FFA8DA A1=00FFD940 A2=00FFA8DA A3=00033448 A4=00FF8000 A5=00000000 A6=00000000 A7=00FF7F84 D0=00000004 D1=00000000 D2=00000002 D3=0000000D D4=00000000 D5=00000007 D6=00000000 D7=00000000 xnzvc
02:92D2  52 44  ADDQ.W  #1,D4                    A0=00FFA8DA A1=00FFD940 A2=00FFA8DA A3=00033448 A4=00FF8000 A5=00000000 A6=00000000 A7=00FF7F84 D0=00000004 D1=00000000 D2=00000002 D3=0000000D D4=00000000 D5=00000007 D6=00000000 D7=00000000 xnzvc
02:92D4  70 00  MOVEQ   #$00,D0                  A0=00FFA8DA A1=00FFD940 A2=00FFA8DA A3=00033448 A4=00FF8000 A5=00000000 A6=00000000 A7=00FF7F84 D0=00000004 D1=00000000 D2=00000002 D3=0000000D D4=00000001 D5=00000007 D6=00000000 D7=00000000 xnzvc
02:92D6  10 13  MOVE.B  (A3),D0                  A0=00FFA8DA A1=00FFD940 A2=00FFA8DA A3=00033448 A4=00FF8000 A5=00000000 A6=00000000 A7=00FF7F84 D0=00000000 D1=00000000 D2=00000002 D3=0000000D D4=00000001 D5=00000007 D6=00000000 D7=00000000 xnZvc
02:92D8  22 00  MOVE.L  D0,D1                    A0=00FFA8DA A1=00FFD940 A2=00FFA8DA A3=00033448 A4=00FF8000 A5=00000000 A6=00000000 A7=00FF7F84 D0=00000001 D1=00000000 D2=00000002 D3=0000000D D4=00000001 D5=00000007 D6=00000000 D7=00000000 xnzvc
02:92DA  30 04  MOVE.W  D4,D0                    A0=00FFA8DA A1=00FFD940 A2=00FFA8DA A3=00033448 A4=00FF8000 A5=00000000 A6=00000000 A7=00FF7F84 D0=00000001 D1=00000001 D2=00000002 D3=0000000D D4=00000001 D5=00000007 D6=00000000 D7=00000000 xnzvc
02:92DC  48 C0  EXT.L   D0                       A0=00FFA8DA A1=00FFD940 A2=00FFA8DA A3=00033448 A4=00FF8000 A5=00000000 A6=00000000 A7=00FF7F84 D0=00000001 D1=00000001 D2=00000002 D3=0000000D D4=00000001 D5=00000007 D6=00000000 D7=00000000 xnzvc
02:92DE  B2 80  CMP.L   D0,D1                    A0=00FFA8DA A1=00FFD940 A2=00FFA8DA A3=00033448 A4=00FF8000 A5=00000000 A6=00000000 A7=00FF7F84 D0=00000001 D1=00000001 D2=00000002 D3=0000000D D4=00000001 D5=00000007 D6=00000000 D7=00000000 xnzvc
02:92E0  62 C8  BHI     #$C8 [02:92AA]           A0=00FFA8DA A1=00FFD940 A2=00FFA8DA A3=00033448 A4=00FF8000 A5=00000000 A6=00000000 A7=00FF7F84 D0=00000001 D1=00000001 D2=00000002 D3=0000000D D4=00000001 D5=00000007 D6=00000000 D7=00000000 xnZvc
02:92E2  42 6A  CLR.W   $002C(A2)                A0=00FFA8DA A1=00FFD940 A2=00FFA8DA A3=00033448 A4=00FF8000 A5=00000000 A6=00000000 A7=00FF7F84 D0=00000001 D1=00000001 D2=00000002 D3=0000000D D4=00000001 D5=00000007 D6=00000000 D7=00000000 xnZvc
02:92E6  25 4B  MOVE.L  A3,$0022(A2)             A0=00FFA8DA A1=00FFD940 A2=00FFA8DA A3=00033448 A4=00FF8000 A5=00000000 A6=00000000 A7=00FF7F84 D0=00000001 D1=00000001 D2=00000002 D3=0000000D D4=00000001 D5=00000007 D6=00000000 D7=00000000 xnZvc
02:92EA  4E B9  JSR     ($00004E7E)              A0=00FFA8DA A1=00FFD940 A2=00FFA8DA A3=00033448 A4=00FF8000 A5=00000000 A6=00000000 A7=00FF7F84 D0=00000001 D1=00000001 D2=00000002 D3=0000000D D4=00000001 D5=00000007 D6=00000000 D7=00000000 xnzvc
02:92F0  22 3C  MOVE.L  #$00000140,D1            A0=00AC5118 A1=26AA1DDC A2=00FFA8DA A3=00033448 A4=00FF8000 A5=00000000 A6=00000000 A7=00FF7F84 D0=0000CCC4 D1=0F8ECCC4 D2=00000002 D3=0000000D D4=00000001 D5=00000007 D6=00000000 D7=00000000 xNzvc
02:92F6  81 C1  DIVS.W  D1,D0                    A0=00AC5118 A1=26AA1DDC A2=00FFA8DA A3=00033448 A4=00FF8000 A5=00000000 A6=00000000 A7=00FF7F84 D0=0000CCC4 D1=00000140 D2=00000002 D3=0000000D D4=00000001 D5=00000007 D6=00000000 D7=00000000 xnzvc
02:92F8  68 08  BVC     #$08 [02:9302]           A0=00AC5118 A1=26AA1DDC A2=00FFA8DA A3=00033448 A4=00FF8000 A5=00000000 A6=00000000 A7=00FF7F84 D0=010400A3 D1=00000140 D2=00000002 D3=0000000D D4=00000001 D5=00000007 D6=00000000 D7=00000000 xnzvc
02:9302  48 40  SWAP.W  D0                       A0=00AC5118 A1=26AA1DDC A2=00FFA8DA A3=00033448 A4=00FF8000 A5=00000000 A6=00000000 A7=00FF7F84 D0=010400A3 D1=00000140 D2=00000002 D3=0000000D D4=00000001 D5=00000007 D6=00000000 D7=00000000 xnzvc
02:9304  48 C0  EXT.L   D0                       A0=00AC5118 A1=26AA1DDC A2=00FFA8DA A3=00033448 A4=00FF8000 A5=00000000 A6=00000000 A7=00FF7F84 D0=00A30104 D1=00000140 D2=00000002 D3=0000000D D4=00000001 D5=00000007 D6=00000000 D7=00000000 xnzvc
02:9306  72 BA  MOVEQ   #$BA,D1                  A0=00AC5118 A1=26AA1DDC A2=00FFA8DA A3=00033448 A4=00FF8000 A5=00000000 A6=00000000 A7=00FF7F84 D0=00000104 D1=00000140 D2=00000002 D3=0000000D D4=00000001 D5=00000007 D6=00000000 D7=00000000 xnzvc
02:9308  D0 81  ADD.L   D1,D0                    A0=00AC5118 A1=26AA1DDC A2=00FFA8DA A3=00033448 A4=00FF8000 A5=00000000 A6=00000000 A7=00FF7F84 D0=00000104 D1=FFFFFFBA D2=00000002 D3=0000000D D4=00000001 D5=00000007 D6=00000000 D7=00000000 xNzvc
02:930A  34 80  MOVE.W  D0,(A2)                  A0=00AC5118 A1=26AA1DDC A2=00FFA8DA A3=00033448 A4=00FF8000 A5=00000000 A6=00000000 A7=00FF7F84 D0=000000BE D1=FFFFFFBA D2=00000002 D3=0000000D D4=00000001 D5=00000007 D6=00000000 D7=00000000 XnzvC
02:930C  4E B9  JSR     ($00004E7E)              A0=00AC5118 A1=26AA1DDC A2=00FFA8DA A3=00033448 A4=00FF8000 A5=00000000 A6=00000000 A7=00FF7F84 D0=000000BE D1=FFFFFFBA D2=00000002 D3=0000000D D4=00000001 D5=00000007 D6=00000000 D7=00000000 Xnzvc
02:9312  72 01  MOVEQ   #$01,D1                  A0=00D7D9B0 A1=3A664508 A2=00FFA8DA A3=00033448 A4=00FF8000 A5=00000000 A6=00000000 A7=00FF7F84 D0=00006B58 D1=137C6B58 D2=00000002 D3=0000000D D4=00000001 D5=00000007 D6=00000000 D7=00000000 xnzvc
02:9314  C0 81  AND.L   D1,D0                    A0=00D7D9B0 A1=3A664508 A2=00FFA8DA A3=00033448 A4=00FF8000 A5=00000000 A6=00000000 A7=00FF7F84 D0=00006B58 D1=00000001 D2=00000002 D3=0000000D D4=00000001 D5=00000007 D6=00000000 D7=00000000 xnzvc
02:9316  52 80  ADDQ.L  #1,D0                    A0=00D7D9B0 A1=3A664508 A2=00FFA8DA A3=00033448 A4=00FF8000 A5=00000000 A6=00000000 A7=00FF7F84 D0=00000000 D1=00000001 D2=00000002 D3=0000000D D4=00000001 D5=00000007 D6=00000000 D7=00000000 xnZvc
02:9318  35 40  MOVE.W  D0,$0006(A2)             A0=00D7D9B0 A1=3A664508 A2=00FFA8DA A3=00033448 A4=00FF8000 A5=00000000 A6=00000000 A7=00FF7F84 D0=00000001 D1=00000001 D2=00000002 D3=0000000D D4=00000001 D5=00000007 D6=00000000 D7=00000000 xnzvc
02:931C  4E B9  JSR     ($00004E7E)              A0=00D7D9B0 A1=3A664508 A2=00FFA8DA A3=00033448 A4=00FF8000 A5=00000000 A6=00000000 A7=00FF7F84 D0=00000001 D1=00000001 D2=00000002 D3=0000000D D4=00000001 D5=00000007 D6=00000000 D7=00000000 xnzvc
02:9322  22 3C  MOVE.L  #$00000094,D1            A0=01470564 A1=36708151 A2=00FFA8DA A3=00033448 A4=00FF8000 A5=00000000 A6=00000000 A7=00FF7F84 D0=00007BED D1=1D857BED D2=00000002 D3=0000000D D4=00000001 D5=00000007 D6=00000000 D7=00000000 xnzvc
02:9328  81 C1  DIVS.W  D1,D0                    A0=01470564 A1=36708151 A2=00FFA8DA A3=00033448 A4=00FF8000 A5=00000000 A6=00000000 A7=00FF7F84 D0=00007BED D1=00000094 D2=00000002 D3=0000000D D4=00000001 D5=00000007 D6=00000000 D7=00000000 xnzvc
02:932A  68 08  BVC     #$08 [02:9334]           A0=01470564 A1=36708151 A2=00FFA8DA A3=00033448 A4=00FF8000 A5=00000000 A6=00000000 A7=00FF7F84 D0=003500D6 D1=00000094 D2=00000002 D3=0000000D D4=00000001 D5=00000007 D6=00000000 D7=00000000 xnzvc
02:9334  48 40  SWAP.W  D0                       A0=01470564 A1=36708151 A2=00FFA8DA A3=00033448 A4=00FF8000 A5=00000000 A6=00000000 A7=00FF7F84 D0=003500D6 D1=00000094 D2=00000002 D3=0000000D D4=00000001 D5=00000007 D6=00000000 D7=00000000 xnzvc
02:9336  48 C0  EXT.L   D0                       A0=01470564 A1=36708151 A2=00FFA8DA A3=00033448 A4=00FF8000 A5=00000000 A6=00000000 A7=00FF7F84 D0=00D60035 D1=00000094 D2=00000002 D3=0000000D D4=00000001 D5=00000007 D6=00000000 D7=00000000 xnzvc
02:9338  72 3C  MOVEQ   #$3C,D1                  A0=01470564 A1=36708151 A2=00FFA8DA A3=00033448 A4=00FF8000 A5=00000000 A6=00000000 A7=00FF7F84 D0=00000035 D1=00000094 D2=00000002 D3=0000000D D4=00000001 D5=00000007 D6=00000000 D7=00000000 xnzvc
02:933A  D0 81  ADD.L   D1,D0                    A0=01470564 A1=36708151 A2=00FFA8DA A3=00033448 A4=00FF8000 A5=00000000 A6=00000000 A7=00FF7F84 D0=00000035 D1=0000003C D2=00000002 D3=0000000D D4=00000001 D5=00000007 D6=00000000 D7=00000000 xnzvc
02:933C  35 40  MOVE.W  D0,$0002(A2)             A0=01470564 A1=36708151 A2=00FFA8DA A3=00033448 A4=00FF8000 A5=00000000 A6=00000000 A7=00FF7F84 D0=00000071 D1=0000003C D2=00000002 D3=0000000D D4=00000001 D5=00000007 D6=00000000 D7=00000000 xnzvc
02:9340  0C 6A  CMPI.W  #$0096,$0002(A2)         A0=01470564 A1=36708151 A2=00FFA8DA A3=00033448 A4=00FF8000 A5=00000000 A6=00000000 A7=00FF7F84 D0=00000071 D1=0000003C D2=00000002 D3=0000000D D4=00000001 D5=00000007 D6=00000000 D7=00000000 xnzvc
02:9346  6F 08  BLE     #$08 [02:9350]           A0=01470564 A1=36708151 A2=00FFA8DA A3=00033448 A4=00FF8000 A5=00000000 A6=00000000 A7=00FF7F84 D0=00000071 D1=0000003C D2=00000002 D3=0000000D D4=00000001 D5=00000007 D6=00000000 D7=00000000 xNzvC
02:9348  0C 6A  CMPI.W  #$00AA,$0002(A2)         A0=01E52FF0 A1=7BD34F9A A2=00FFA6DA A3=00033326 A4=00FF8000 A5=00000000 A6=00000000 A7=00FF7F84 D0=000000AE D1=0000003C D2=00000004 D3=00000009 D4=00000001 D5=00000003 D6=00000000 D7=00000000 xnzvc
02:934E  6D CC  BLT     #$CC [02:931C]           A0=01E52FF0 A1=7BD34F9A A2=00FFA6DA A3=00033326 A4=00FF8000 A5=00000000 A6=00000000 A7=00FF7F84 D0=000000AE D1=0000003C D2=00000004 D3=00000009 D4=00000001 D5=00000003 D6=00000000 D7=00000000 xnzvc
02:9350  30 05  MOVE.W  D5,D0                    A0=01470564 A1=36708151 A2=00FFA8DA A3=00033448 A4=00FF8000 A5=00000000 A6=00000000 A7=00FF7F84 D0=00000071 D1=0000003C D2=00000002 D3=0000000D D4=00000001 D5=00000007 D6=00000000 D7=00000000 xNzvC
02:9352  D0 40  ADD.W   D0,D0                    A0=01470564 A1=36708151 A2=00FFA8DA A3=00033448 A4=00FF8000 A5=00000000 A6=00000000 A7=00FF7F84 D0=00000007 D1=0000003C D2=00000002 D3=0000000D D4=00000001 D5=00000007 D6=00000000 D7=00000000 xnzvc
02:9354  20 7C  MOVE.L  #$0003072A,A0            A0=01470564 A1=36708151 A2=00FFA8DA A3=00033448 A4=00FF8000 A5=00000000 A6=00000000 A7=00FF7F84 D0=0000000E D1=0000003C D2=00000002 D3=0000000D D4=00000001 D5=00000007 D6=00000000 D7=00000000 xnzvc
02:935A  D0 C0  ADDA.W  D0,A0                    A0=0003072A A1=36708151 A2=00FFA8DA A3=00033448 A4=00FF8000 A5=00000000 A6=00000000 A7=00FF7F84 D0=0000000E D1=0000003C D2=00000002 D3=0000000D D4=00000001 D5=00000007 D6=00000000 D7=00000000 xnzvc
02:935C  25 48  MOVE.L  A0,$001A(A2)             A0=00030738 A1=36708151 A2=00FFA8DA A3=00033448 A4=00FF8000 A5=00000000 A6=00000000 A7=00FF7F84 D0=0000000E D1=0000003C D2=00000002 D3=0000000D D4=00000001 D5=00000007 D6=00000000 D7=00000000 xnzvc
02:9360  25 7C  MOVE.L  #$000334A0,$001E(A2)     A0=00030738 A1=36708151 A2=00FFA8DA A3=00033448 A4=00FF8000 A5=00000000 A6=00000000 A7=00FF7F84 D0=0000000E D1=0000003C D2=00000002 D3=0000000D D4=00000001 D5=00000007 D6=00000000 D7=00000000 xnzvc
02:9368  15 7C  MOVE.B  #$01,$0027(A2)           A0=00030738 A1=36708151 A2=00FFA8DA A3=00033448 A4=00FF8000 A5=00000000 A6=00000000 A7=00FF7F84 D0=0000000E D1=0000003C D2=00000002 D3=0000000D D4=00000001 D5=00000007 D6=00000000 D7=00000000 xnzvc
02:936E  15 7C  MOVE.B  #$01,$0028(A2)           A0=00030738 A1=36708151 A2=00FFA8DA A3=00033448 A4=00FF8000 A5=00000000 A6=00000000 A7=00FF7F84 D0=0000000E D1=0000003C D2=00000002 D3=0000000D D4=00000001 D5=00000007 D6=00000000 D7=00000000 xnzvc
02:9374  15 7C  MOVE.B  #$FF,$0026(A2)           A0=00030738 A1=36708151 A2=00FFA8DA A3=00033448 A4=00FF8000 A5=00000000 A6=00000000 A7=00FF7F84 D0=0000000E D1=0000003C D2=00000002 D3=0000000D D4=00000001 D5=00000007 D6=00000000 D7=00000000 xnzvc
02:937A  42 A7  CLR.L   -(SP)                    A0=00030738 A1=36708151 A2=00FFA8DA A3=00033448 A4=00FF8000 A5=00000000 A6=00000000 A7=00FF7F84 D0=0000000E D1=0000003C D2=00000002 D3=0000000D D4=00000001 D5=00000007 D6=00000000 D7=00000000 xNzvc
02:937C  2F 0A  MOVE.L  A2,-(SP)                 A0=00030738 A1=36708151 A2=00FFA8DA A3=00033448 A4=00FF8000 A5=00000000 A6=00000000 A7=00FF7F80 D0=0000000E D1=0000003C D2=00000002 D3=0000000D D4=00000001 D5=00000007 D6=00000000 D7=00000000 xnZvc
02:937E  4E B9  JSR     ($0000D756)              A0=00030738 A1=36708151 A2=00FFA8DA A3=00033448 A4=00FF8000 A5=00000000 A6=00000000 A7=00FF7F7C D0=0000000E D1=0000003C D2=00000002 D3=0000000D D4=00000001 D5=00000007 D6=00000000 D7=00000000 xnzvc
02:9384  50 8F  ADDQ.L  #8,SP                    A0=00FFA90A A1=00FFD940 A2=00FFA8DA A3=00033448 A4=00FF8000 A5=00000000 A6=00000000 A7=00FF7F7C D0=00000002 D1=00000019 D2=00000002 D3=0000000D D4=00000001 D5=00000007 D6=00000000 D7=00000000 xnzvc
02:9386  42 2A  CLR.B   $004A(A2)                A0=00FFA90A A1=00FFD940 A2=00FFA8DA A3=00033448 A4=00FF8000 A5=00000000 A6=00000000 A7=00FF7F84 D0=00000002 D1=00000019 D2=00000002 D3=0000000D D4=00000001 D5=00000007 D6=00000000 D7=00000000 xnzvc
02:938A  30 05  MOVE.W  D5,D0                    A0=00FFA90A A1=00FFD940 A2=00FFA8DA A3=00033448 A4=00FF8000 A5=00000000 A6=00000000 A7=00FF7F84 D0=00000002 D1=00000019 D2=00000002 D3=0000000D D4=00000001 D5=00000007 D6=00000000 D7=00000000 xnZvc
02:938C  20 7C  MOVE.L  #$00FFE3E6,A0            A0=00FFA90A A1=00FFD940 A2=00FFA8DA A3=00033448 A4=00FF8000 A5=00000000 A6=00000000 A7=00FF7F84 D0=00000007 D1=00000019 D2=00000002 D3=0000000D D4=00000001 D5=00000007 D6=00000000 D7=00000000 xnzvc
02:9392  11 83  MOVE.B  D3,$00(A0,D0)            A0=00FFE3E6 A1=00FFD940 A2=00FFA8DA A3=00033448 A4=00FF8000 A5=00000000 A6=00000000 A7=00FF7F84 D0=00000007 D1=00000019 D2=00000002 D3=0000000D D4=00000001 D5=00000007 D6=00000000 D7=00000000 xnzvc
02:9396  52 45  ADDQ.W  #1,D5                    A0=00FFE3E6 A1=00FFD940 A2=00FFA8DA A3=00033448 A4=00FF8000 A5=00000000 A6=00000000 A7=00FF7F84 D0=00000007 D1=00000019 D2=00000002 D3=0000000D D4=00000001 D5=00000007 D6=00000000 D7=00000000 xnzvc
02:9398  0C 45  CMPI.W  #$0008,D5                A0=00FFE3E6 A1=00FFD940 A2=00FFA8DA A3=00033448 A4=00FF8000 A5=00000000 A6=00000000 A7=00FF7F84 D0=00000007 D1=00000019 D2=00000002 D3=0000000D D4=00000001 D5=00000008 D6=00000000 D7=00000000 xnzvc
02:939C  6D 00  BLT     #$FED8 [02:9276]         A0=00FFE3E6 A1=00FFD940 A2=00FFA8DA A3=00033448 A4=00FF8000 A5=00000000 A6=00000000 A7=00FF7F84 D0=00000007 D1=00000019 D2=00000002 D3=0000000D D4=00000001 D5=00000008 D6=00000000 D7=00000000 xnZvc
02:93A0  4C DF  MOVEM.L (SP)+,{a7-d0}[0c 3c]     A0=00FFE3E6 A1=00FFD940 A2=00FFA8DA A3=00033448 A4=00FF8000 A5=00000000 A6=00000000 A7=00FF7F84 D0=00000007 D1=00000019 D2=00000002 D3=0000000D D4=00000001 D5=00000008 D6=00000000 D7=00000000 xnZvc
02:93A4  4E 75  RTS                              A0=00FFE3E6 A1=00FFD940 A2=00FFE3FC A3=00FFE3F8 A4=00FF8000 A5=00000000 A6=00000000 A7=00FF7F9C D0=00000007 D1=00000019 D2=00000001 D3=00000000 D4=00000000 D5=00000000 D6=00000000 D7=00000000 xnZvc

02:93A6  2F 02  MOVE.L  D2,-(SP)                 A0=00FFD9C6 A1=0003343E A2=00FFE3FC A3=00FFE3F8 A4=00FF8000 A5=00000000 A6=00000000 A7=00FF7F9C D0=0000000A D1=00000020 D2=00000000 D3=00000001 D4=000001CB D5=00000000 D6=00000000 D7=00000000 xnZvc
02:93A8  42 42  CLR.W   D2                       A0=00FFD9C6 A1=0003343E A2=00FFE3FC A3=00FFE3F8 A4=00FF8000 A5=00000000 A6=00000000 A7=00FF7F98 D0=0000000A D1=00000020 D2=00000000 D3=00000001 D4=000001CB D5=00000000 D6=00000000 D7=00000000 xnZvc
02:93AA  32 02  MOVE.W  D2,D1                    A0=00FFE3E6 A1=0003343E A2=00FFE3FC A3=00FFE3F8 A4=00FF8000 A5=00000000 A6=00000000 A7=00FF7F98 D0=00000006 D1=00000006 D2=00000007 D3=00000001 D4=000001CB D5=00000000 D6=00000000 D7=00000000 xNzvC
02:93AC  20 7C  MOVE.L  #$00FFE3E6,A0            A0=00FFE3E6 A1=0003343E A2=00FFE3FC A3=00FFE3F8 A4=00FF8000 A5=00000000 A6=00000000 A7=00FF7F98 D0=00000006 D1=00000007 D2=00000007 D3=00000001 D4=000001CB D5=00000000 D6=00000000 D7=00000000 xnzvc
02:93B2  70 00  MOVEQ   #$00,D0                  A0=00FFE3E6 A1=0003343E A2=00FFE3FC A3=00FFE3F8 A4=00FF8000 A5=00000000 A6=00000000 A7=00FF7F98 D0=00000006 D1=00000007 D2=00000007 D3=00000001 D4=000001CB D5=00000000 D6=00000000 D7=00000000 xnzvc
02:93B4  10 30  MOVE.B  $00(A0,D1),D0            A0=00FFE3E6 A1=0003343E A2=00FFE3FC A3=00FFE3F8 A4=00FF8000 A5=00000000 A6=00000000 A7=00FF7F98 D0=00000000 D1=00000007 D2=00000007 D3=00000001 D4=000001CB D5=00000000 D6=00000000 D7=00000000 xnZvc
02:93B8  30 00  MOVE.W  D0,D0                    A0=00FFE3E6 A1=0003343E A2=00FFE3FC A3=00FFE3F8 A4=00FF8000 A5=00000000 A6=00000000 A7=00FF7F98 D0=0000000D D1=00000007 D2=00000007 D3=00000001 D4=000001CB D5=00000000 D6=00000000 D7=00000000 xnzvc
02:93BA  67 0E  BEQ     #$0E [02:93CA]           A0=00FFE3E6 A1=0003343E A2=00FFE3FC A3=00FFE3F8 A4=00FF8000 A5=00000000 A6=00000000 A7=00FF7F98 D0=0000000D D1=00000007 D2=00000007 D3=00000001 D4=000001CB D5=00000000 D6=00000000 D7=00000000 xnzvc
02:93BC  30 00  MOVE.W  D0,D0                    A0=00FFE3E6 A1=0003343E A2=00FFE3FC A3=00FFE3F8 A4=00FF8000 A5=00000000 A6=00000000 A7=00FF7F98 D0=0000000D D1=00000007 D2=00000007 D3=00000001 D4=000001CB D5=00000000 D6=00000000 D7=00000000 xnzvc
02:93BE  48 C0  EXT.L   D0                       A0=00FFE3E6 A1=0003343E A2=00FFE3FC A3=00FFE3F8 A4=00FF8000 A5=00000000 A6=00000000 A7=00FF7F98 D0=0000000D D1=00000007 D2=00000007 D3=00000001 D4=000001CB D5=00000000 D6=00000000 D7=00000000 xnzvc
02:93C0  2F 00  MOVE.L  D0,-(SP)                 A0=00FFE3E6 A1=0003343E A2=00FFE3FC A3=00FFE3F8 A4=00FF8000 A5=00000000 A6=00000000 A7=00FF7F98 D0=0000000D D1=00000007 D2=00000007 D3=00000001 D4=000001CB D5=00000000 D6=00000000 D7=00000000 xnzvc
02:93C2  4E B9  JSR     ($0000D950)              A0=00FFE3E6 A1=0003343E A2=00FFE3FC A3=00FFE3F8 A4=00FF8000 A5=00000000 A6=00000000 A7=00FF7F94 D0=0000000D D1=00000007 D2=00000007 D3=00000001 D4=000001CB D5=00000000 D6=00000000 D7=00000000 xnzvc
02:93C8  58 8F  ADDQ.L  #4,SP                    A0=00FFD9C6 A1=0003343E A2=00FFE3FC A3=00FFE3F8 A4=00FF8000 A5=00000000 A6=00000000 A7=00FF7F94 D0=00000007 D1=00000010 D2=00000007 D3=00000001 D4=000001CB D5=00000000 D6=00000000 D7=00000000 xnZvc
02:93CA  32 02  MOVE.W  D2,D1                    A0=00FFD9C6 A1=0003343E A2=00FFE3FC A3=00FFE3F8 A4=00FF8000 A5=00000000 A6=00000000 A7=00FF7F98 D0=00000007 D1=00000010 D2=00000007 D3=00000001 D4=000001CB D5=00000000 D6=00000000 D7=00000000 xnZvc
02:93CC  20 7C  MOVE.L  #$00FFE3E6,A0            A0=00FFD9C6 A1=0003343E A2=00FFE3FC A3=00FFE3F8 A4=00FF8000 A5=00000000 A6=00000000 A7=00FF7F98 D0=00000007 D1=00000007 D2=00000007 D3=00000001 D4=000001CB D5=00000000 D6=00000000 D7=00000000 xnzvc
02:93D2  42 30  CLR.B   $00(A0,D1)               A0=00FFE3E6 A1=0003343E A2=00FFE3FC A3=00FFE3F8 A4=00FF8000 A5=00000000 A6=00000000 A7=00FF7F98 D0=00000007 D1=00000007 D2=00000007 D3=00000001 D4=000001CB D5=00000000 D6=00000000 D7=00000000 xnzvc
02:93D6  52 42  ADDQ.W  #1,D2                    A0=00FFE3E6 A1=0003343E A2=00FFE3FC A3=00FFE3F8 A4=00FF8000 A5=00000000 A6=00000000 A7=00FF7F98 D0=00000007 D1=00000007 D2=00000007 D3=00000001 D4=000001CB D5=00000000 D6=00000000 D7=00000000 xnZvc
02:93D8  0C 42  CMPI.W  #$0008,D2                A0=00FFE3E6 A1=0003343E A2=00FFE3FC A3=00FFE3F8 A4=00FF8000 A5=00000000 A6=00000000 A7=00FF7F98 D0=00000007 D1=00000007 D2=00000008 D3=00000001 D4=000001CB D5=00000000 D6=00000000 D7=00000000 xnzvc
02:93DC  6D CC  BLT     #$CC [02:93AA]           A0=00FFE3E6 A1=0003343E A2=00FFE3FC A3=00FFE3F8 A4=00FF8000 A5=00000000 A6=00000000 A7=00FF7F98 D0=00000007 D1=00000007 D2=00000008 D3=00000001 D4=000001CB D5=00000000 D6=00000000 D7=00000000 xnZvc
02:93DE  24 1F  MOVE.L  (SP)+,D2                 A0=00FFE3E6 A1=0003343E A2=00FFE3FC A3=00FFE3F8 A4=00FF8000 A5=00000000 A6=00000000 A7=00FF7F98 D0=00000007 D1=00000007 D2=00000008 D3=00000001 D4=000001CB D5=00000000 D6=00000000 D7=00000000 xnZvc
02:93E0  4E 75  RTS                              A0=00FFE3E6 A1=0003343E A2=00FFE3FC A3=00FFE3F8 A4=00FF8000 A5=00000000 A6=00000000 A7=00FF7F9C D0=00000007 D1=00000007 D2=00000000 D3=00000001 D4=000001CB D5=00000000 D6=00000000 D7=00000000 xnZvc

02:93E2  48 E7  MOVEM.L {d0-a7}[20 20],-(SP)     A0=00FF9364 A1=0003343E A2=00FFE3FC A3=00FFE3F8 A4=00FF8000 A5=00000000 A6=00000000 A7=00FF7F88 D0=00000000 D1=0000192D D2=0000003F D3=00000001 D4=0000003F D5=00000000 D6=00000000 D7=00000000 xnzvc
02:93E6  30 2F  MOVE.W  $000E(SP),D0             A0=00FF9364 A1=0003343E A2=00FFE3FC A3=00FFE3F8 A4=00FF8000 A5=00000000 A6=00000000 A7=00FF7F80 D0=00000000 D1=0000192D D2=0000003F D3=00000001 D4=0000003F D5=00000000 D6=00000000 D7=00000000 xnzvc
02:93EA  42 42  CLR.W   D2                       A0=00FF9364 A1=0003343E A2=00FFE3FC A3=00FFE3F8 A4=00FF8000 A5=00000000 A6=00000000 A7=00FF7F80 D0=0000003F D1=0000192D D2=0000003F D3=00000001 D4=0000003F D5=00000000 D6=00000000 D7=00000000 xnzvc
02:93EC  30 02  MOVE.W  D2,D0                    A0=00FFA85A A1=0003343E A2=00FFA85A A3=00FFE3F8 A4=00FF8000 A5=00000000 A6=00000000 A7=00FF7F80 D0=00000001 D1=00000002 D2=00000007 D3=00000001 D4=00000007 D5=00000000 D6=00000000 D7=00000000 xNzvC
02:93EE  20 7C  MOVE.L  #$00FFE3E6,A0            A0=00FFA85A A1=0003343E A2=00FFA85A A3=00FFE3F8 A4=00FF8000 A5=00000000 A6=00000000 A7=00FF7F80 D0=00000007 D1=00000002 D2=00000007 D3=00000001 D4=00000007 D5=00000000 D6=00000000 D7=00000000 xnzvc
02:93F4  72 00  MOVEQ   #$00,D1                  A0=00FFE3E6 A1=0003343E A2=00FFA85A A3=00FFE3F8 A4=00FF8000 A5=00000000 A6=00000000 A7=00FF7F80 D0=00000007 D1=00000002 D2=00000007 D3=00000001 D4=00000007 D5=00000000 D6=00000000 D7=00000000 xnzvc
02:93F6  12 30  MOVE.B  $00(A0,D0),D1            A0=00FFE3E6 A1=0003343E A2=00FFA85A A3=00FFE3F8 A4=00FF8000 A5=00000000 A6=00000000 A7=00FF7F80 D0=00000007 D1=00000000 D2=00000007 D3=00000001 D4=00000007 D5=00000000 D6=00000000 D7=00000000 xnZvc
02:93FA  30 01  MOVE.W  D1,D0                    A0=00FFE3E6 A1=0003343E A2=00FFA85A A3=00FFE3F8 A4=00FF8000 A5=00000000 A6=00000000 A7=00FF7F80 D0=00000007 D1=0000000D D2=00000007 D3=00000001 D4=00000007 D5=00000000 D6=00000000 D7=00000000 xnzvc
02:93FC  67 00  BEQ     #$0094 [02:9492]         A0=00FFE3E6 A1=0003343E A2=00FFA85A A3=00FFE3F8 A4=00FF8000 A5=00000000 A6=00000000 A7=00FF7F80 D0=0000000D D1=0000000D D2=00000007 D3=00000001 D4=00000007 D5=00000000 D6=00000000 D7=00000000 xnzvc
02:9400  EF 40  ASL.W   #7,D0                    A0=00FFE3E6 A1=0003343E A2=00FFA85A A3=00FFE3F8 A4=00FF8000 A5=00000000 A6=00000000 A7=00FF7F80 D0=0000000D D1=0000000D D2=00000007 D3=00000001 D4=00000007 D5=00000000 D6=00000000 D7=00000000 xnzvc
02:9402  20 7C  MOVE.L  #$00FFA25A,A0            A0=00FFE3E6 A1=0003343E A2=00FFA85A A3=00FFE3F8 A4=00FF8000 A5=00000000 A6=00000000 A7=00FF7F80 D0=00000680 D1=0000000D D2=00000007 D3=00000001 D4=00000007 D5=00000000 D6=00000000 D7=00000000 xnzvc
02:9408  D0 C0  ADDA.W  D0,A0                    A0=00FFA25A A1=0003343E A2=00FFA85A A3=00FFE3F8 A4=00FF8000 A5=00000000 A6=00000000 A7=00FF7F80 D0=00000680 D1=0000000D D2=00000007 D3=00000001 D4=00000007 D5=00000000 D6=00000000 D7=00000000 xnzvc
02:940A  24 48  MOVE.L  A0,A2                    A0=00FFA8DA A1=0003343E A2=00FFA85A A3=00FFE3F8 A4=00FF8000 A5=00000000 A6=00000000 A7=00FF7F80 D0=00000680 D1=0000000D D2=00000007 D3=00000001 D4=00000007 D5=00000000 D6=00000000 D7=00000000 xnzvc
02:940C  52 2A  ADDQ.B  #1,$0012(A2)             A0=00FFA8DA A1=0003343E A2=00FFA8DA A3=00FFE3F8 A4=00FF8000 A5=00000000 A6=00000000 A7=00FF7F80 D0=00000680 D1=0000000D D2=00000007 D3=00000001 D4=00000007 D5=00000000 D6=00000000 D7=00000000 xnzvc
02:9410  70 00  MOVEQ   #$00,D0                  A0=00FFA8DA A1=0003343E A2=00FFA8DA A3=00FFE3F8 A4=00FF8000 A5=00000000 A6=00000000 A7=00FF7F80 D0=00000680 D1=0000000D D2=00000007 D3=00000001 D4=00000007 D5=00000000 D6=00000000 D7=00000000 xnzvc
02:9412  10 2A  MOVE.B  $0012(A2),D0             A0=00FFA8DA A1=0003343E A2=00FFA8DA A3=00FFE3F8 A4=00FF8000 A5=00000000 A6=00000000 A7=00FF7F80 D0=00000000 D1=0000000D D2=00000007 D3=00000001 D4=00000007 D5=00000000 D6=00000000 D7=00000000 xnZvc
02:9416  22 00  MOVE.L  D0,D1                    A0=00FFA8DA A1=0003343E A2=00FFA8DA A3=00FFE3F8 A4=00FF8000 A5=00000000 A6=00000000 A7=00FF7F80 D0=00000002 D1=0000000D D2=00000007 D3=00000001 D4=00000007 D5=00000000 D6=00000000 D7=00000000 xnzvc
02:9418  30 2A  MOVE.W  $0006(A2),D0             A0=00FFA8DA A1=0003343E A2=00FFA8DA A3=00FFE3F8 A4=00FF8000 A5=00000000 A6=00000000 A7=00FF7F80 D0=00000002 D1=00000002 D2=00000007 D3=00000001 D4=00000007 D5=00000000 D6=00000000 D7=00000000 xnzvc
02:941C  48 C0  EXT.L   D0                       A0=00FFA8DA A1=0003343E A2=00FFA8DA A3=00FFE3F8 A4=00FF8000 A5=00000000 A6=00000000 A7=00FF7F80 D0=00000001 D1=00000002 D2=00000007 D3=00000001 D4=00000007 D5=00000000 D6=00000000 D7=00000000 xnzvc
02:941E  B2 80  CMP.L   D0,D1                    A0=00FFA8DA A1=0003343E A2=00FFA8DA A3=00FFE3F8 A4=00FF8000 A5=00000000 A6=00000000 A7=00FF7F80 D0=00000001 D1=00000002 D2=00000007 D3=00000001 D4=00000007 D5=00000000 D6=00000000 D7=00000000 xnzvc
02:9420  63 00  BLS     #$0070 [02:9492]         A0=00FFA8DA A1=0003343E A2=00FFA8DA A3=00FFE3F8 A4=00FF8000 A5=00000000 A6=00000000 A7=00FF7F80 D0=00000001 D1=00000002 D2=00000007 D3=00000001 D4=00000007 D5=00000000 D6=00000000 D7=00000000 xnzvc
02:9424  52 52  ADDQ.W  #1,(A2)                  A0=00FFA75A A1=0003343E A2=00FFA75A A3=00FFE3F8 A4=00FF8000 A5=00000000 A6=00000000 A7=00FF7F80 D0=00000002 D1=00000003 D2=00000004 D3=00000000 D4=00000014 D5=00000000 D6=00000000 D7=00000000 xnzvc
02:9426  42 2A  CLR.B   $0012(A2)                A0=00FFA75A A1=0003343E A2=00FFA75A A3=00FFE3F8 A4=00FF8000 A5=00000000 A6=00000000 A7=00FF7F80 D0=00000002 D1=00000003 D2=00000004 D3=00000000 D4=00000014 D5=00000000 D6=00000000 D7=00000000 xNzvc
02:942A  0C 52  CMPI.W  #$0172,(A2)              A0=00FFA75A A1=0003343E A2=00FFA75A A3=00FFE3F8 A4=00FF8000 A5=00000000 A6=00000000 A7=00FF7F80 D0=00000002 D1=00000003 D2=00000004 D3=00000000 D4=00000014 D5=00000000 D6=00000000 D7=00000000 xnZvc
02:942E  6F 62  BLE     #$62 [02:9492]           A0=00FFA75A A1=0003343E A2=00FFA75A A3=00FFE3F8 A4=00FF8000 A5=00000000 A6=00000000 A7=00FF7F80 D0=00000002 D1=00000003 D2=00000004 D3=00000000 D4=00000014 D5=00000000 D6=00000000 D7=00000000 xNzvc
02:9430  4E B9  JSR     ($00004E7E)              A0=00FFA8DA A1=0003343E A2=00FFA8DA A3=00FFE3F8 A4=00FF8000 A5=00000000 A6=00000000 A7=00FF7F80 D0=00000001 D1=00000002 D2=00000007 D3=00000001 D4=00000169 D5=00000000 D6=00000000 D7=00000000 xnzvc
02:9436  72 1E  MOVEQ   #$1E,D1                  A0=011D4E14 A1=03852E56 A2=00FFA8DA A3=00FFE3F8 A4=00FF8000 A5=00000000 A6=00000000 A7=00FF7F80 D0=0000E042 D1=19C1E042 D2=00000007 D3=00000001 D4=00000169 D5=00000000 D6=00000000 D7=00000000 xNzvc
02:9438  81 C1  DIVS.W  D1,D0                    A0=011D4E14 A1=03852E56 A2=00FFA8DA A3=00FFE3F8 A4=00FF8000 A5=00000000 A6=00000000 A7=00FF7F80 D0=0000E042 D1=0000001E D2=00000007 D3=00000001 D4=00000169 D5=00000000 D6=00000000 D7=00000000 xnzvc
02:943A  68 08  BVC     #$08 [02:9444]           A0=011D4E14 A1=03852E56 A2=00FFA8DA A3=00FFE3F8 A4=00FF8000 A5=00000000 A6=00000000 A7=00FF7F80 D0=00140779 D1=0000001E D2=00000007 D3=00000001 D4=00000169 D5=00000000 D6=00000000 D7=00000000 xnzvc
02:9444  48 40  SWAP.W  D0                       A0=011D4E14 A1=03852E56 A2=00FFA8DA A3=00FFE3F8 A4=00FF8000 A5=00000000 A6=00000000 A7=00FF7F80 D0=00140779 D1=0000001E D2=00000007 D3=00000001 D4=00000169 D5=00000000 D6=00000000 D7=00000000 xnzvc
02:9446  48 C0  EXT.L   D0                       A0=011D4E14 A1=03852E56 A2=00FFA8DA A3=00FFE3F8 A4=00FF8000 A5=00000000 A6=00000000 A7=00FF7F80 D0=07790014 D1=0000001E D2=00000007 D3=00000001 D4=00000169 D5=00000000 D6=00000000 D7=00000000 xnzvc
02:9448  72 BA  MOVEQ   #$BA,D1                  A0=011D4E14 A1=03852E56 A2=00FFA8DA A3=00FFE3F8 A4=00FF8000 A5=00000000 A6=00000000 A7=00FF7F80 D0=00000014 D1=0000001E D2=00000007 D3=00000001 D4=00000169 D5=00000000 D6=00000000 D7=00000000 xnzvc
02:944A  D0 81  ADD.L   D1,D0                    A0=011D4E14 A1=03852E56 A2=00FFA8DA A3=00FFE3F8 A4=00FF8000 A5=00000000 A6=00000000 A7=00FF7F80 D0=00000014 D1=FFFFFFBA D2=00000007 D3=00000001 D4=00000169 D5=00000000 D6=00000000 D7=00000000 xNzvc
02:944C  34 80  MOVE.W  D0,(A2)                  A0=011D4E14 A1=03852E56 A2=00FFA8DA A3=00FFE3F8 A4=00FF8000 A5=00000000 A6=00000000 A7=00FF7F80 D0=FFFFFFCE D1=FFFFFFBA D2=00000007 D3=00000001 D4=00000169 D5=00000000 D6=00000000 D7=00000000 xNzvc
02:944E  4E B9  JSR     ($00004E7E)              A0=011D4E14 A1=03852E56 A2=00FFA8DA A3=00FFE3F8 A4=00FF8000 A5=00000000 A6=00000000 A7=00FF7F80 D0=FFFFFFCE D1=FFFFFFBA D2=00000007 D3=00000001 D4=00000169 D5=00000000 D6=00000000 D7=00000000 xNzvc
02:9454  72 01  MOVEQ   #$01,D1                  A0=000DA19C A1=71C1AFE5 A2=00FFA8DA A3=00FFE3F8 A4=00FF8000 A5=00000000 A6=00000000 A7=00FF7F80 D0=00000E49 D1=013B0E49 D2=00000007 D3=00000001 D4=00000169 D5=00000000 D6=00000000 D7=00000000 xnzvc
02:9456  C0 81  AND.L   D1,D0                    A0=000DA19C A1=71C1AFE5 A2=00FFA8DA A3=00FFE3F8 A4=00FF8000 A5=00000000 A6=00000000 A7=00FF7F80 D0=00000E49 D1=00000001 D2=00000007 D3=00000001 D4=00000169 D5=00000000 D6=00000000 D7=00000000 xnzvc
02:9458  52 80  ADDQ.L  #1,D0                    A0=000DA19C A1=71C1AFE5 A2=00FFA8DA A3=00FFE3F8 A4=00FF8000 A5=00000000 A6=00000000 A7=00FF7F80 D0=00000001 D1=00000001 D2=00000007 D3=00000001 D4=00000169 D5=00000000 D6=00000000 D7=00000000 xnzvc
02:945A  35 40  MOVE.W  D0,$0006(A2)             A0=000DA19C A1=71C1AFE5 A2=00FFA8DA A3=00FFE3F8 A4=00FF8000 A5=00000000 A6=00000000 A7=00FF7F
02:945E  4E B9  JSR     ($00004E7E)              A0=000DA19C A1=71C1AFE5 A2=00FFA8DA A3=00FFE3F8 A4=00FF8000 A5=00000000 A6=00000000 A7=00FF7F80 D0=00000002 D1=00000001 D2=00000007 D3=00000001 D4=00000169 D5=00000000 D6=00000000 D7=00000000 xnzvc
02:9464  22 3C  MOVE.L  #$00000094,D1            A0=02860954 A1=669C1E44 A2=00FFA8DA A3=00FFE3F8 A4=00FF8000 A5=00000000 A6=00000000 A7=00FF7F80 D0=000014F0 D1=3A5114F0 D2=00000007 D3=00000001 D4=00000169 D5=00000000 D6=00000000 D7=00000000 xnzvc
02:946A  81 C1  DIVS.W  D1,D0                    A0=02860954 A1=669C1E44 A2=00FFA8DA A3=00FFE3F8 A4=00FF8000 A5=00000000 A6=00000000 A7=00FF7F80 D0=000014F0 D1=00000094 D2=00000007 D3=00000001 D4=00000169 D5=00000000 D6=00000000 D7=00000000 xnzvc
02:946C  68 08  BVC     #$08 [02:9476]           A0=02860954 A1=669C1E44 A2=00FFA8DA A3=00FFE3F8 A4=00FF8000 A5=00000000 A6=00000000 A7=00FF7F80 D0=00200024 D1=00000094 D2=00000007 D3=00000001 D4=00000169 D5=00000000 D6=00000000 D7=00000000 xnzvc
02:9476  48 40  SWAP.W  D0                       A0=02860954 A1=669C1E44 A2=00FFA8DA A3=00FFE3F8 A4=00FF8000 A5=00000000 A6=00000000 A7=00FF7F80 D0=00200024 D1=00000094 D2=00000007 D3=00000001 D4=00000169 D5=00000000 D6=00000000 D7=00000000 xnzvc
02:9478  48 C0  EXT.L   D0                       A0=02860954 A1=669C1E44 A2=00FFA8DA A3=00FFE3F8 A4=00FF8000 A5=00000000 A6=00000000 A7=00FF7F80 D0=00240020 D1=00000094 D2=00000007 D3=00000001 D4=00000169 D5=00000000 D6=00000000 D7=00000000 xnzvc
02:947A  72 3C  MOVEQ   #$3C,D1                  A0=02860954 A1=669C1E44 A2=00FFA8DA A3=00FFE3F8 A4=00FF8000 A5=00000000 A6=00000000 A7=00FF7F80 D0=00000020 D1=00000094 D2=00000007 D3=00000001 D4=00000169 D5=00000000 D6=00000000 D7=00000000 xnzvc
02:947C  D0 81  ADD.L   D1,D0                    A0=02860954 A1=669C1E44 A2=00FFA8DA A3=00FFE3F8 A4=00FF8000 A5=00000000 A6=00000000 A7=00FF7F80 D0=00000020 D1=0000003C D2=00000007 D3=00000001 D4=00000169 D5=00000000 D6=00000000 D7=00000000 xnzvc
02:947E  35 40  MOVE.W  D0,$0002(A2)             A0=02860954 A1=669C1E44 A2=00FFA8DA A3=00FFE3F8 A4=00FF8000 A5=00000000 A6=00000000 A7=00FF7F80 D0=0000005C D1=0000003C D2=00000007 D3=00000001 D4=00000169 D5=00000000 D6=00000000 D7=00000000 xnzvc
02:9482  0C 6A  CMPI.W  #$0096,$0002(A2)         A0=02860954 A1=669C1E44 A2=00FFA8DA A3=00FFE3F8 A4=00FF8000 A5=00000000 A6=00000000 A7=00FF7F80 D0=0000005C D1=0000003C D2=00000007 D3=00000001 D4=00000169 D5=00000000 D6=00000000 D7=00000000 xnzvc
02:9488  6F 08  BLE     #$08 [02:9492]           A0=02860954 A1=669C1E44 A2=00FFA8DA A3=00FFE3F8 A4=00FF8000 A5=00000000 A6=00000000 A7=00FF7F80 D0=0000005C D1=0000003C D2=00000007 D3=00000001 D4=00000169 D5=00000000 D6=00000000 D7=00000000 xNzvC
02:948A  0C 6A  CMPI.W  #$00AA,$0002(A2)         A0=027512B4 A1=2C457E07 A2=00FFA6DA A3=00FFE3F8 A4=00FF8000 A5=00000000 A6=00000000 A7=00FF7F80 D0=0000009B D1=0000003C D2=00000003 D3=00000001 D4=000000FB D5=00000000 D6=00000000 D7=00000000 xnzvc
02:9490  6D CC  BLT     #$CC [02:945E]           A0=027512B4 A1=2C457E07 A2=00FFA6DA A3=00FFE3F8 A4=00FF8000 A5=00000000 A6=00000000 A7=00FF7F80 D0=0000009B D1=0000003C D2=00000003 D3=00000001 D4=000000FB D5=00000000 D6=00000000 D7=00000000 xNzvC
02:9492  52 42  ADDQ.W  #1,D2                    A0=00FFA8DA A1=0003343E A2=00FFA8DA A3=00FFE3F8 A4=00FF8000 A5=00000000 A6=00000000 A7=00FF7F80 D0=00000001 D1=00000002 D2=00000007 D3=00000001 D4=00000007 D5=00000000 D6=00000000 D7=00000000 xNzvC
02:9494  0C 42  CMPI.W  #$0008,D2                A0=00FFA8DA A1=0003343E A2=00FFA8DA A3=00FFE3F8 A4=00FF8000 A5=00000000 A6=00000000 A7=00FF7F80 D0=00000001 D1=00000002 D2=00000008 D3=00000001 D4=00000007 D5=00000000 D6=00000000 D7=00000000 xnzvc
02:9498  6D 00  BLT     #$FF52 [02:93EC]         A0=00FFA8DA A1=0003343E A2=00FFA8DA A3=00FFE3F8 A4=00FF8000 A5=00000000 A6=00000000 A7=00FF7F80 D0=00000001 D1=00000002 D2=00000008 D3=00000001 D4=00000007 D5=00000000 D6=00000000 D7=00000000 xnZvc
02:949C  4C DF  MOVEM.L (SP)+,{a7-d0}[04 04]     A0=00FFA8DA A1=0003343E A2=00FFA8DA A3=00FFE3F8 A4=00FF8000 A5=00000000 A6=00000000 A7=00FF7F80 D0=00000001 D1=00000002 D2=00000008 D3=00000001 D4=0000003F D5=00000000 D6=00000000 D7=00000000 xnZvc
02:94A0  4E 75  RTS                              A0=00FFA8DA A1=0003343E A2=00FFE3FC A3=00FFE3F8 A4=00FF8000 A5=00000000 A6=00000000 A7=00FF7F88 D0=00000001 D1=00000002 D2=0000003F D3=00000001 D4=0000003F D5=00000000 D6=00000000 D7=00000000 xnZvc

02:94A2  2F 02  MOVE.L  D2,-(SP)                 A0=00FFE3C6 A1=00FFA65A A2=00FF8036 A3=00FFE3F8 A4=00FF8038 A5=00000000 A6=00000000 A7=00FF7F94 D0=00000002 D1=00000001 D2=00000001 D3=00000000 D4=00000000 D5=00000000 D6=00000000 D7=00000000 xnZvc
02:94A4  42 42  CLR.W   D2                       A0=00FFE3C6 A1=00FFA65A A2=00FF8036 A3=00FFE3F8 A4=00FF8038 A5=00000000 A6=00000000 A7=00FF7F90 D0=00000002 D1=00000001 D2=00000001 D3=00000000 D4=00000000 D5=00000000 D6=00000000 D7=00000000 xnzvc
02:94A6  4E B9  JSR     ($0000D8E4)              A0=00FFE3EE A1=00FFA65A A2=00FF8036 A3=00FFE3F8 A4=00FF8038 A5=00000000 A6=00000000 A7=00FF7F90 D0=00000002 D1=0000000B D2=00000003 D3=00000000 D4=00000000 D5=00000000 D6=00000000 D7=00000000 xNzvC
02:94AC  32 00  MOVE.W  D0,D1                    A0=00FFA25A A1=00FFA65A A2=00FF8036 A3=00FFE3F8 A4=00FF8038 A5=00000000 A6=00000000 A7=00FF7F90 D0=0000000C D1=00000006 D2=00000003 D3=00000000 D4=00000000 D5=00000000 D6=00000000 D7=00000000 xnzvc
02:94AE  67 1C  BEQ     #$1C [02:94CC]           A0=00FFA25A A1=00FFA65A A2=00FF8036 A3=00FFE3F8 A4=00FF8038 A5=00000000 A6=00000000 A7=00FF7F90 D0=0000000C D1=0000000C D2=00000003 D3=00000000 D4=00000000 D5=00000000 D6=00000000 D7=00000000 xnzvc
02:94B0  30 01  MOVE.W  D1,D0                    A0=00FFA25A A1=00FFA65A A2=00FF8036 A3=00FFE3F8 A4=00FF8038 A5=00000000 A6=00000000 A7=00FF7F90 D0=0000000C D1=0000000C D2=00000003 D3=00000000 D4=00000000 D5=00000000 D6=00000000 D7=00000000 xnzvc
02:94B2  EF 40  ASL.W   #7,D0                    A0=00FFA25A A1=00FFA65A A2=00FF8036 A3=00FFE3F8 A4=00FF8038 A5=00000000 A6=00000000 A7=00FF7F90 D0=0000000C D1=0000000C D2=00000003 D3=00000000 D4=00000000 D5=00000000 D6=00000000 D7=00000000 xnzvc
02:94B4  20 7C  MOVE.L  #$00FFA25A,A0            A0=00FFA25A A1=00FFA65A A2=00FF8036 A3=00FFE3F8 A4=00FF8038 A5=00000000 A6=00000000 A7=00FF7F90 D0=00000600 D1=0000000C D2=00000003 D3=00000000 D4=00000000 D5=00000000 D6=00000000 D7=00000000 xnzvc
02:94BA  D0 C0  ADDA.W  D0,A0                    A0=00FFA25A A1=00FFA65A A2=00FF8036 A3=00FFE3F8 A4=00FF8038 A5=00000000 A6=00000000 A7=00FF7F90 D0=00000600 D1=0000000C D2=00000003 D3=00000000 D4=00000000 D5=00000000 D6=00000000 D7=00000000 xnzvc
02:94BC  11 7C  MOVE.B  #$04,$002E(A0)           A0=00FFA85A A1=00FFA65A A2=00FF8036 A3=00FFE3F8 A4=00FF8038 A5=00000000 A6=00000000 A7=00FF7F90 D0=00000600 D1=0000000C D2=00000003 D3=00000000 D4=00000000 D5=00000000 D6=00000000 D7=00000000 xnzvc
02:94C2  11 7C  MOVE.B  #$28,$002B(A0)           A0=00FFA85A A1=00FFA65A A2=00FF8036 A3=00FFE3F8 A4=00FF8038 A5=00000000 A6=00000000 A7=00FF7F90 D0=00000600 D1=0000000C D2=00000003 D3=00000000 D4=00000000 D5=00000000 D6=00000000 D7=00000000 xnzvc
02:94C8  42 68  CLR.W   $002C(A0)                A0=00FFA85A A1=00FFA65A A2=00FF8036 A3=00FFE3F8 A4=00FF8038 A5=00000000 A6=00000000 A7=00FF7F90 D0=00000600 D1=0000000C D2=00000003 D3=00000000 D4=00000000 D5=00000000 D6=00000000 D7=00000000 xnzvc
02:94CC  30 02  MOVE.W  D2,D0                    A0=00FFA85A A1=00FFA65A A2=00FF8036 A3=00FFE3F8 A4=00FF8038 A5=00000000 A6=00000000 A7=00FF7F90 D0=00000600 D1=0000000C D2=00000003 D3=00000000 D4=00000000 D5=00000000 D6=00000000 D7=00000000 xnZvc
02:94CE  20 7C  MOVE.L  #$00FFE3EE,A0            A0=00FFA85A A1=00FFA65A A2=00FF8036 A3=00FFE3F8 A4=00FF8038 A5=00000000 A6=00000000 A7=00FF7F90 D0=00000003 D1=0000000C D2=00000003 D3=00000000 D4=00000000 D5=00000000 D6=00000000 D7=00000000 xnzvc
02:94D4  11 81  MOVE.B  D1,$00(A0,D0)            A0=00FFE3EE A1=00FFA65A A2=00FF8036 A3=00FFE3F8 A4=00FF8038 A5=00000000 A6=00000000 A7=00FF7F90 D0=00000003 D1=0000000C D2=00000003 D3=00000000 D4=00000000 D5=00000000 D6=00000000 D7=00000000 xnzvc
02:94D8  52 42  ADDQ.W  #1,D2                    A0=00FFE3EE A1=00FFA65A A2=00FF8036 A3=00FFE3F8 A4=00FF8038 A5=00000000 A6=00000000 A7=00FF7F90 D0=00000003 D1=0000000C D2=00000003 D3=00000000 D4=00000000 D5=00000000 D6=00000000 D7=00000000 xnzvc
02:94DA  0C 42  CMPI.W  #$0004,D2                A0=00FFE3EE A1=00FFA65A A2=00FF8036 A3=00FFE3F8 A4=00FF8038 A5=00000000 A6=00000000 A7=00FF7F90 D0=00000003 D1=0000000C D2=00000004 D3=00000000 D4=00000000 D5=00000000 D6=00000000 D7=00000000 xnzvc
02:94DE  6D C6  BLT     #$C6 [02:94A6]           A0=00FFE3EE A1=00FFA65A A2=00FF8036 A3=00FFE3F8 A4=00FF8038 A5=00000000 A6=00000000 A7=00FF7F90 D0=00000003 D1=0000000C D2=00000004 D3=00000000 D4=00000000 D5=00000000 D6=00000000 D7=00000000 xnZvc
02:94E0  24 1F  MOVE.L  (SP)+,D2                 A0=00FFE3EE A1=00FFA65A A2=00FF8036 A3=00FFE3F8 A4=00FF8038 A5=00000000 A6=00000000 A7=00FF7F90 D0=00000003 D1=0000000C D2=00000004 D3=00000000 D4=00000000 D5=00000000 D6=00000000 D7=00000000 xnZvc
02:94E2  4E 75  RTS                              A0=00FFE3EE A1=00FFA65A A2=00FF8036 A3=00FFE3F8 A4=00FF8038 A5=00000000 A6=00000000 A7=00FF7F94 D0=00000003 D1=0000000C D2=00000001 D3=00000000 D4=00000000 D5=00000000 D6=00000000 D7=00000000 xnzvc

02:94E4  2F 02  MOVE.L  D2,-(SP)                 A0=00FFD9C6 A1=000331BC A2=00FF8036 A3=00FFE3F8 A4=00FF8038 A5=00000000 A6=00000000 A7=00FF7F94 D0=00000007 D1=0000002C D2=00000000 D3=00000000 D4=00000004 D5=0000FEF0 D6=00000000 D7=00000000 xnZvc
02:94E6  42 42  CLR.W   D2                       A0=00FFD9C6 A1=000331BC A2=00FF8036 A3=00FFE3F8 A4=00FF8038 A5=00000000 A6=00000000 A7=00FF7F90 D0=00000007 D1=0000002C D2=00000000 D3=00000000 D4=00000004 D5=0000FEF0 D6=00000000 D7=00000000 xnZvc
02:94E8  32 02  MOVE.W  D2,D1                    A0=00FFE3EE A1=000331BC A2=00FF8036 A3=00FFE3F8 A4=00FF8038 A5=00000000 A6=00000000 A7=00FF7F90 D0=00000005 D1=00000002 D2=00000003 D3=00000000 D4=00000004 D5=0000FEF0 D6=00000000 D7=00000000 xNzvC
02:94EA  20 7C  MOVE.L  #$00FFE3EE,A0            A0=00FFE3EE A1=000331BC A2=00FF8036 A3=00FFE3F8 A4=00FF8038 A5=00000000 A6=00000000 A7=00FF7F90 D0=00000005 D1=00000003 D2=00000003 D3=00000000 D4=00000004 D5=0000FEF0 D6=00000000 D7=00000000 xnzvc
02:94F0  70 00  MOVEQ   #$00,D0                  A0=00FFE3EE A1=000331BC A2=00FF8036 A3=00FFE3F8 A4=00FF8038 A5=00000000 A6=00000000 A7=00FF7F90 D0=00000005 D1=00000003 D2=00000003 D3=00000000 D4=00000004 D5=0000FEF0 D6=00000000 D7=00000000 xnzvc
02:94F2  10 30  MOVE.B  $00(A0,D1),D0            A0=00FFE3EE A1=000331BC A2=00FF8036 A3=00FFE3F8 A4=00FF8038 A5=00000000 A6=00000000 A7=00FF7F90 D0=00000000 D1=00000003 D2=00000003 D3=00000000 D4=00000004 D5=0000FEF0 D6=00000000 D7=00000000 xnZvc
02:94F6  30 00  MOVE.W  D0,D0                    A0=00FFE3EE A1=000331BC A2=00FF8036 A3=00FFE3F8 A4=00FF8038 A5=00000000 A6=00000000 A7=00FF7F90 D0=0000000C D1=00000003 D2=00000003 D3=00000000 D4=00000004 D5=0000FEF0 D6=00000000 D7=00000000 xnzvc
02:94F8  67 0E  BEQ     #$0E [02:9508]           A0=00FFE3EE A1=000331BC A2=00FF8036 A3=00FFE3F8 A4=00FF8038 A5=00000000 A6=00000000 A7=00FF7F90 D0=0000000C D1=00000003 D2=00000003 D3=00000000 D4=00000004 D5=0000FEF0 D6=00000000 D7=00000000 xnzvc
02:94FA  30 00  MOVE.W  D0,D0                    A0=00FFE3EE A1=000331BC A2=00FF8036 A3=00FFE3F8 A4=00FF8038 A5=00000000 A6=00000000 A7=00FF7F90 D0=0000000C D1=00000003 D2=00000003 D3=00000000 D4=00000004 D5=0000FEF0 D6=00000000 D7=00000000 xnzvc
02:94FC  48 C0  EXT.L   D0                       A0=00FFE3EE A1=000331BC A2=00FF8036 A3=00FFE3F8 A4=00FF8038 A5=00000000 A6=00000000 A7=00FF7F90 D0=0000000C D1=00000003 D2=00000003 D3=00000000 D4=00000004 D5=0000FEF0 D6=00000000 D7=00000000 xnzvc
02:94FE  2F 00  MOVE.L  D0,-(SP)                 A0=00FFE3EE A1=000331BC A2=00FF8036 A3=00FFE3F8 A4=00FF8038 A5=00000000 A6=00000000 A7=00FF7F90 D0=0000000C D1=00000003 D2=00000003 D3=00000000 D4=00000004 D5=0000FEF0 D6=00000000 D7=00000000 xnzvc
02:9500  4E B9  JSR     ($0000D950)              A0=00FFE3EE A1=000331BC A2=00FF8036 A3=00FFE3F8 A4=00FF8038 A5=00000000 A6=00000000 A7=00FF7F8C D0=0000000C D1=00000003 D2=00000003 D3=00000000 D4=00000004 D5=0000FEF0 D6=00000000 D7=00000000 xnzvc
02:9506  58 8F  ADDQ.L  #4,SP                    A0=00FFD9C6 A1=000331BC A2=00FF8036 A3=00FFE3F8 A4=00FF8038 A5=00000000 A6=00000000 A7=00FF7F8C D0=00000006 D1=0000001D D2=00000003 D3=00000000 D4=00000004 D5=0000FEF0 D6=00000000 D7=00000000 xnZvc
02:9508  32 02  MOVE.W  D2,D1                    A0=00FFD9C6 A1=000331BC A2=00FF8036 A3=00FFE3F8 A4=00FF8038 A5=00000000 A6=00000000 A7=00FF7F90 D0=00000006 D1=0000001D D2=00000003 D3=00000000 D4=00000004 D5=0000FEF0 D6=00000000 D7=00000000 xnZvc
02:950A  20 7C  MOVE.L  #$00FFE3EE,A0            A0=00FFD9C6 A1=000331BC A2=00FF8036 A3=00FFE3F8 A4=00FF8038 A5=00000000 A6=00000000 A7=00FF7F90 D0=00000006 D1=00000003 D2=00000003 D3=00000000 D4=00000004 D5=0000FEF0 D6=00000000 D7=00000000 xnzvc
02:9510  42 30  CLR.B   $00(A0,D1)               A0=00FFE3EE A1=000331BC A2=00FF8036 A3=00FFE3F8 A4=00FF8038 A5=00000000 A6=00000000 A7=00FF7F90 D0=00000006 D1=00000003 D2=00000003 D3=00000000 D4=00000004 D5=0000FEF0 D6=00000000 D7=00000000 xnzvc
02:9514  52 42  ADDQ.W  #1,D2                    A0=00FFE3EE A1=000331BC A2=00FF8036 A3=00FFE3F8 A4=00FF8038 A5=00000000 A6=00000000 A7=00FF7F90 D0=00000006 D1=00000003 D2=00000003 D3=00000000 D4=00000004 D5=0000FEF0 D6=00000000 D7=00000000 xnZvc
02:9516  0C 42  CMPI.W  #$0004,D2                A0=00FFE3EE A1=000331BC A2=00FF8036 A3=00FFE3F8 A4=00FF8038 A5=00000000 A6=00000000 A7=00FF7F90 D0=00000006 D1=00000003 D2=00000004 D3=00000000 D4=00000004 D5=0000FEF0 D6=00000000 D7=00000000 xnzvc
02:951A  6D CC  BLT     #$CC [02:94E8]           A0=00FFE3EE A1=000331BC A2=00FF8036 A3=00FFE3F8 A4=00FF8038 A5=00000000 A6=00000000 A7=00FF7F90 D0=00000006 D1=00000003 D2=00000004 D3=00000000 D4=00000004 D5=0000FEF0 D6=00000000 D7=00000000 xnZvc
02:951C  24 1F  MOVE.L  (SP)+,D2                 A0=00FFE3EE A1=000331BC A2=00FF8036 A3=00FFE3F8 A4=00FF8038 A5=00000000 A6=00000000 A7=00FF7F90 D0=00000006 D1=00000003 D2=00000004 D3=00000000 D4=00000004 D5=0000FEF0 D6=00000000 D7=00000000 xnZvc
02:951E  4E 75  RTS                              A0=00FFE3EE A1=000331BC A2=00FF8036 A3=00FFE3F8 A4=00FF8038 A5=00000000 A6=00000000 A7=00FF7F94 D0=00000006 D1=00000003 D2=00000000 D3=00000000 D4=00000004 D5=0000FEF0 D6=00000000 D7=00000000 xnZvc

02:9520  48 E7  MOVEM.L {d0-a7}[20 20],-(SP)     A0=00FF9364 A1=00033492 A2=00028C1C A3=00FFE3FC A4=00FFE3F8 A5=00000000 A6=00000000 A7=00FF7F90 D0=00000001 D1=0000FF3F D2=00000000 D3=00000001 D4=0000003F D5=00000000 D6=00000000 D7=00000000 xnZvc
02:9524  32 2F  MOVE.W  $000E(SP),D1             A0=00FF9364 A1=00033492 A2=00028C1C A3=00FFE3FC A4=00FFE3F8 A5=00000000 A6=00000000 A7=00FF7F88 D0=00000001 D1=0000FF3F D2=00000000 D3=00000001 D4=0000003F D5=00000000 D6=00000000 D7=00000000 xnZvc
02:9528  34 2F  MOVE.W  $0012(SP),D2             A0=00FF9364 A1=00033492 A2=00028C1C A3=00FFE3FC A4=00FFE3F8 A5=00000000 A6=00000000 A7=00FF7F88 D0=00000001 D1=00000000 D2=00000000 D3=00000001 D4=0000003F D5=00000000 D6=00000000 D7=00000000 xnZvc
02:952C  4A 42  TST.W   D2                       A0=00FF9364 A1=00033492 A2=00028C1C A3=00FFE3FC A4=00FFE3F8 A5=00000000 A6=00000000 A7=00FF7F88 D0=00000001 D1=00000000 D2=00000001 D3=00000001 D4=0000003F D5=00000000 D6=00000000 D7=00000000 xnzvc
02:952E  66 04  BNE     #$04 [02:9534]           A0=00FF9364 A1=00033492 A2=00028C1C A3=00FFE3FC A4=00FFE3F8 A5=00000000 A6=00000000 A7=00FF7F88 D0=00000001 D1=00000000 D2=00000001 D3=00000001 D4=0000003F D5=00000000 D6=00000000 D7=00000000 xnzvc
02:9530  60 00  BRA     #$00EC [02:961E]         A0=00FF9364 A1=000348DE A2=00028C1C A3=00FFE3FC A4=00FFE3F8 A5=00000000 A6=00000000 A7=00FF7F88 D0=00000000 D1=00000000 D2=00000000 D3=00000000 D4=00000031 D5=00000000 D6=00000000 D7=00000000 xnZvc
02:9534  70 00  MOVEQ   #$00,D0                  A0=00FF9364 A1=0003451C A2=00028C1C A3=00FFE3FC A4=00FFE3F8 A5=00000000 A6=00000000 A7=00FF7F88 D0=00000002 D1=00000000 D2=00000002 D3=00000002 D4=00000071 D5=00000000 D6=00000000 D7=00000000 xnzvc
02:9536  10 39  MOVE.B  ($00FFE3EE),D0           A0=00FF9364 A1=0003451C A2=00028C1C A3=00FFE3FC A4=00FFE3F8 A5=00000000 A6=00000000 A7=00FF7F88 D0=00000000 D1=00000000 D2=00000002 D3=00000002 D4=00000071 D5=00000000 D6=00000000 D7=00000000 xnZvc
02:953C  EF 40  ASL.W   #7,D0                    A0=00FF9364 A1=0003451C A2=00028C1C A3=00FFE3FC A4=00FFE3F8 A5=00000000 A6=00000000 A7=00FF7F88 D0=00000008 D1=00000000 D2=00000002 D3=00000002 D4=00000071 D5=00000000 D6=00000000 D7=00000000 xnzvc
02:953E  20 7C  MOVE.L  #$00FFA25A,A0            A0=00FF9364 A1=0003451C A2=00028C1C A3=00FFE3FC A4=00FFE3F8 A5=00000000 A6=00000000 A7=00FF7F88 D0=00000400 D1=00000000 D2=00000002 D3=00000002 D4=00000071 D5=00000000 D6=00000000 D7=00000000 xnzvc
02:9544  D0 C0  ADDA.W  D0,A0                    A0=00FFA25A A1=0003451C A2=00028C1C A3=00FFE3FC A4=00FFE3F8 A5=00000000 A6=00000000 A7=00FF7F88 D0=00000400 D1=00000000 D2=00000002 D3=00000002 D4=00000071 D5=00000000 D6=00000000 D7=00000000 xnzvc
02:9546  24 48  MOVE.L  A0,A2                    A0=00FFA65A A1=0003451C A2=00028C1C A3=00FFE3FC A4=00FFE3F8 A5=00000000 A6=00000000 A7=00FF7F88 D0=00000400 D1=00000000 D2=00000002 D3=00000002 D4=00000071 D5=00000000 D6=00000000 D7=00000000 xnzvc
02:9548  4A 41  TST.W   D1
02:954A  67 00  BEQ     #$00B0 [02:95FC]         A0=00FFA65A A1=0003451C A2=00FFA65A A3=00FFE3FC A4=00FFE3F8 A5=00000000 A6=00000000 A7=00FF7F88 D0=00000400 D1=00000000 D2=00000002 D3=00000002 D4=00000071 D5=00000000 D6=00000000 D7=00000000 xnZvc
02:954E  72 00  MOVEQ   #$00,D1                  A0=00FFA65A A1=00FFD940 A2=00FFA65A A3=00FFE3FC A4=00FFE3F8 A5=00000000 A6=00000000 A7=00FF7F88 D0=00000400 D1=00000001 D2=00000001 D3=00000001 D4=000000A4 D5=00000000 D6=00000000 D7=00000000 xnzvc
02:9550  12 2A  MOVE.B  $002F(A2),D1             A0=00FFA65A A1=00FFD940 A2=00FFA65A A3=00FFE3FC A4=00FFE3F8 A5=00000000 A6=00000000 A7=00FF7F88 D0=00000400 D1=00000000 D2=00000001 D3=00000001 D4=000000A4 D5=00000000 D6=00000000 D7=00000000 xnZvc
02:9554  70 03  MOVEQ   #$03,D0                  A0=00FFA65A A1=00FFD940 A2=00FFA65A A3=00FFE3FC A4=00FFE3F8 A5=00000000 A6=00000000 A7=00FF7F88 D0=00000400 D1=00000001 D2=00000001 D3=00000001 D4=000000A4 D5=00000000 D6=00000000 D7=00000000 xnzvc
02:9556  C2 80  AND.L   D0,D1                    A0=00FFA65A A1=00FFD940 A2=00FFA65A A3=00FFE3FC A4=00FFE3F8 A5=00000000 A6=00000000 A7=00FF7F88 D0=00000003 D1=00000001 D2=00000001 D3=00000001 D4=000000A4 D5=00000000 D6=00000000 D7=00000000 xnzvc
02:9558  67 0C  BEQ     #$0C [02:9566]           A0=00FFA65A A1=00FFD940 A2=00FFA65A A3=00FFE3FC A4=00FFE3F8 A5=00000000 A6=00000000 A7=00FF7F88 D0=00000003 D1=00000001 D2=00000001 D3=00000001 D4=000000A4 D5=00000000 D6=00000000 D7=00000000 xnzvc
02:955A  42 A7  CLR.L   -(SP)                    A0=00FFA65A A1=00FFD940 A2=00FFA65A A3=00FFE3FC A4=00FFE3F8 A5=00000000 A6=00000000 A7=00FF7F88 D0=00000003 D1=00000001 D2=00000001 D3=00000001 D4=000000A4 D5=00000000 D6=00000000 D7=00000000 xnzvc
02:955C  2F 0A  MOVE.L  A2,-(SP)                 A0=00FFA65A A1=00FFD940 A2=00FFA65A A3=00FFE3FC A4=00FFE3F8 A5=00000000 A6=00000000 A7=00FF7F84 D0=00000003 D1=00000001 D2=00000001 D3=00000001 D4=000000A4 D5=00000000 D6=00000000 D7=00000000 xnZvc
02:955E  4E B9  JSR     ($0000D7FA)              A0=00FFA65A A1=00FFD940 A2=00FFA65A A3=00FFE3FC A4=00FFE3F8 A5=00000000 A6=00000000 A7=00FF7F80 D0=00000003 D1=00000001 D2=00000001 D3=00000001 D4=000000A4 D5=00000000 D6=00000000 D7=00000000 xnzvc
02:9564  50 8F  ADDQ.L  #8,SP                    A0=00FFD976 A1=00FFD940 A2=00FFA65A A3=00FFE3FC A4=00FFE3F8 A5=00000000 A6=00000000 A7=00FF7F80 D0=00000013 D1=0000000F D2=00000001 D3=00000001 D4=000000A4 D5=00000000 D6=00000000 D7=00000000 xnZvc
02:9566  0C 42  CMPI.W  #$0001,D2                A0=00FFD976 A1=00FFD940 A2=00FFA65A A3=00FFE3FC A4=00FFE3F8 A5=00000000 A6=00000000 A7=00FF7F88 D0=00000013 D1=0000000F D2=00000001 D3=00000001 D4=000000A4 D5=00000000 D6=00000000 D7=00000000 xnZvc
02:956A  66 36  BNE     #$36 [02:95A2]           A0=00FFD976 A1=00FFD940 A2=00FFA65A A3=00FFE3FC A4=00FFE3F8 A5=00000000 A6=00000000 A7=00FF7F88 D0=00000013 D1=0000000F D2=00000001 D3=00000001 D4=000000A4 D5=00000000 D6=00000000 D7=00000000 xnZvc
02:956C  35 7C  MOVE.W  #$005E,$0002(A2)         A0=00FFD976 A1=00FFD940 A2=00FFA65A A3=00FFE3FC A4=00FFE3F8 A5=00000000 A6=00000000 A7=00FF7F88 D0=00000013 D1=0000000F D2=00000001 D3=00000001 D4=000000A4 D5=00000000 D6=00000000 D7=00000000 xnZvc
02:9572  42 A7  CLR.L   -(SP)                    A0=00FFD976 A1=00FFD940 A2=00FFA65A A3=00FFE3FC A4=00FFE3F8 A5=00000000 A6=00000000 A7=00FF7F88 D0=00000013 D1=0000000F D2=00000001 D3=00000001 D4=000000A4 D5=00000000 D6=00000000 D7=00000000 xnzvc
02:9574  4E B9  JSR     ($00004E7E)              A0=00FFD976 A1=00FFD940 A2=00FFA65A A3=00FFE3FC A4=00FFE3F8 A5=00000000 A6=00000000 A7=00FF7F84 D0=00000013 D1=0000000F D2=00000001 D3=00000001 D4=000000A4 D5=00000000 D6=00000000 D7=00000000 xnZvc
02:957A  58 8F  ADDQ.L  #4,SP                    A0=0075CAA8 A1=1BAF602C A2=00FFA65A A3=00FFE3FC A4=00FFE3F8 A5=00000000 A6=00000000 A7=00FF7F84 D0=00009584 D1=0AA29584 D2=00000001 D3=00000001 D4=000000A4 D5=00000000 D6=00000000 D7=00000000 xNzvc
02:957C  72 03  MOVEQ   #$03,D1                  A0=0075CAA8 A1=1BAF602C A2=00FFA65A A3=00FFE3FC A4=00FFE3F8 A5=00000000 A6=00000000 A7=00FF7F88 D0=00009584 D1=0AA29584 D2=00000001 D3=00000001 D4=000000A4 D5=00000000 D6=00000000 D7=00000000 xNzvc
02:957E  81 C1  DIVS.W  D1,D0                    A0=0075CAA8 A1=1BAF602C A2=00FFA65A A3=00FFE3FC A4=00FFE3F8 A5=00000000 A6=00000000 A7=00FF7F88 D0=00009584 D1=00000003 D2=00000001 D3=00000001 D4=000000A4 D5=00000000 D6=00000000 D7=00000000 xnzvc
02:9580  68 08  BVC     #$08 [02:958A]           A0=0075CAA8 A1=1BAF602C A2=00FFA65A A3=00FFE3FC A4=00FFE3F8 A5=00000000 A6=00000000 A7=00FF7F88 D0=000231D6 D1=00000003 D2=00000001 D3=00000001 D4=000000A4 D5=00000000 D6=00000000 D7=00000000 xnzvc
02:958A  48 40  SWAP.W  D0                       A0=0075CAA8 A1=1BAF602C A2=00FFA65A A3=00FFE3FC A4=00FFE3F8 A5=00000000 A6=00000000 A7=00FF7F88 D0=000231D6 D1=00000003 D2=00000001 D3=00000001 D4=000000A4 D5=00000000 D6=00000000 D7=00000000 xnzvc
02:958C  48 C0  EXT.L   D0                       A0=0075CAA8 A1=1BAF602C A2=00FFA65A A3=00FFE3FC A4=00FFE3F8 A5=00000000 A6=00000000 A7=00FF7F88 D0=31D60002 D1=00000003 D2=00000001 D3=00000001 D4=000000A4 D5=00000000 D6=00000000 D7=00000000 xnzvc
02:958E  D0 80  ADD.L   D0,D0                    A0=0075CAA8 A1=1BAF602C A2=00FFA65A A3=00FFE3FC A4=00FFE3F8 A5=00000000 A6=00000000 A7=00FF7F88 D0=00000002 D1=00000003 D2=00000001 D3=00000001 D4=000000A4 D5=00000000 D6=00000000 D7=00000000 xnzvc
02:9590  20 7C  MOVE.L  #$0003072A,A0            A0=0075CAA8 A1=1BAF602C A2=00FFA65A A3=00FFE3FC A4=00FFE3F8 A5=00000000 A6=00000000 A7=00FF7F88 D0=00000004 D1=00000003 D2=00000001 D3=00000001 D4=000000A4 D5=00000000 D6=00000000 D7=00000000 xnzvc
02:9596  D1 C0  ADDA.L  D0,A0                    A0=0003072A A1=1BAF602C A2=00FFA65A A3=00FFE3FC A4=00FFE3F8 A5=00000000 A6=00000000 A7=00FF7F88 D0=00000004 D1=00000003 D2=00000001 D3=00000001 D4=000000A4 D5=00000000 D6=00000000 D7=00000000 xnzvc
02:9598  25 48  MOVE.L  A0,$001A(A2)             A0=0003072E A1=1BAF602C A2=00FFA65A A3=00FFE3FC A4=00FFE3F8 A5=00000000 A6=00000000 A7=00FF7F88 D0=00000004 D1=00000003 D2=00000001 D3=00000001 D4=000000A4 D5=00000000 D6=00000000 D7=00000000 xnzvc
02:959C  42 6A  CLR.W   $0004(A2)                A0=0003072E A1=1BAF602C A2=00FFA65A A3=00FFE3FC A4=00FFE3F8 A5=00000000 A6=00000000 A7=00FF7F88 D0=00000004 D1=00000003 D2=00000001 D3=00000001 D4=000000A4 D5=00000000 D6=00000000 D7=00000000 xnzvc
02:95A0  60 2C  BRA     #$2C [02:95CE]           A0=0003072E A1=1BAF602C A2=00FFA65A A3=00FFE3FC A4=00FFE3F8 A5=00000000 A6=00000000 A7=00FF7F88 D0=00000004 D1=00000003 D2=00000001 D3=00000001 D4=000000A4 D5=00000000 D6=00000000 D7=00000000 xnZvc
02:95A2  0C 42  CMPI.W  #$0002,D2                A0=00FFD976 A1=00FFD940 A2=00FFA65A A3=00FFE3FC A4=00FFE3F8 A5=00000000 A6=00000000 A7=00FF7F88 D0=00000013 D1=0000000F D2=00000002 D3=00000002 D4=00000069 D5=00000000 D6=00000000 D7=00000000 xnzvc
02:95A6  66 26  BNE     #$26 [02:95CE]           A0=00FFD976 A1=00FFD940 A2=00FFA65A A3=00FFE3FC A4=00FFE3F8 A5=00000000 A6=00000000 A7=00FF7F88 D0=00000013 D1=0000000F D2=00000002 D3=00000002 D4=00000069 D5=00000000 D6=00000000 D7=00000000 xnZvc
02:95A8  35 7C  MOVE.W  #$00C0,$0002(A2)         A0=00FFD976 A1=00FFD940 A2=00FFA65A A3=00FFE3FC A4=00FFE3F8 A5=00000000 A6=00000000 A7=00FF7F88 D0=00000013 D1=0000000F D2=00000002 D3=00000002 D4=00000069 D5=00000000 D6=00000000 D7=00000000 xnZvc
02:95AE  35 7C  MOVE.W  #$0050,$0004(A2)         A0=00FFD976 A1=00FFD940 A2=00FFA65A A3=00FFE3FC A4=00FFE3F8 A5=00000000 A6=00000000 A7=00FF7F88 D0=00000013 D1=0000000F D2=00000002 D3=00000002 D4=00000069 D5=00000000 D6=00000000 D7=00000000 xnzvc
02:95B4  4E B9  JSR     ($00004E7E)              A0=00FFD976 A1=00FFD940 A2=00FFA65A A3=00FFE3FC A4=00FFE3F8 A5=00000000 A6=00000000 A7=00FF7F88 D0=00000013 D1=0000000F D2=00000002 D3=00000002 D4=00000069 D5=00000000 D6=00000000 D7=00000000 xnzvc
02:95BA  72 01  MOVEQ   #$01,D1                  A0=027DBA54 A1=173920A2 A2=00FFA65A A3=00FFE3FC A4=00FFE3F8 A5=00000000 A6=00000000 A7=00FF7F88 D0=0000664E D1=3991664E D2=00000002 D3=00000002 D4=00000069 D5=00000000 D6=00000000 D7=00000000 xnzvc
02:95BC  C0 81  AND.L   D1,D0                    A0=027DBA54 A1=173920A2 A2=00FFA65A A3=00FFE3FC A4=00FFE3F8 A5=00000000 A6=00000000 A7=00FF7F88 D0=0000664E D1=00000001 D2=00000002 D3=00000002 D4=00000069 D5=00000000 D6=00000000 D7=00000000 xnzvc
02:95BE  56 80  ADDQ.L  #3,D0                    A0=027DBA54 A1=173920A2 A2=00FFA65A A3=00FFE3FC A4=00FFE3F8 A5=00000000 A6=00000000 A7=00FF7F88 D0=00000000 D1=00000001 D2=00000002 D3=00000002 D4=00000069 D5=00000000 D6=00000000 D7=00000000 xnZvc
02:95C0  D0 80  ADD.L   D0,D0                    A0=027DBA54 A1=173920A2 A2=00FFA65A A3=00FFE3FC A4=00FFE3F8 A5=00000000 A6=00000000 A7=00FF7F88 D0=00000003 D1=00000001 D2=00000002 D3=00000002 D4=00000069 D5=00000000 D6=00000000 D7=00000000 xnzvc
02:95C2  20 7C  MOVE.L  #$0003072A,A0            A0=027DBA54 A1=173920A2 A2=00FFA65A A3=00FFE3FC A4=00FFE3F8 A5=00000000 A6=00000000 A7=00FF7F88 D0=00000006 D1=00000001 D2=00000002 D3=00000002 D4=00000069 D5=00000000 D6=00000000 D7=00000000 xnzvc
02:95C8  D1 C0  ADDA.L  D0,A0                    A0=0003072A A1=173920A2 A2=00FFA65A A3=00FFE3FC A4=00FFE3F8 A5=00000000 A6=00000000 A7=00FF7F88 D0=00000006 D1=00000001 D2=00000002 D3=00000002 D4=00000069 D5=00000000 D6=00000000 D7=00000000 xnzvc
02:95CA  25 48  MOVE.L  A0,$001A(A2)             A0=00030730 A1=173920A2 A2=00FFA65A A3=00FFE3FC A4=00FFE3F8 A5=00000000 A6=00000000 A7=00FF7F88 D0=00000006 D1=00000001 D2=00000002 D3=00000002 D4=00000069 D5=00000000 D6=00000000 D7=00000000 xnzvc
02:95CE  25 7C  MOVE.L  #$000334D4,$001E(A2)     A0=0003072E A1=1BAF602C A2=00FFA65A A3=00FFE3FC A4=00FFE3F8 A5=00000000 A6=00000000 A7=00FF7F88 D0=00000004 D1=00000003 D2=00000001 D3=00000001 D4=000000A4 D5=00000000 D6=00000000 D7=00000000 xnZvc
02:95D6  15 7C  MOVE.B  #$06,$0027(A2)           A0=0003072E A1=1BAF602C A2=00FFA65A A3=00FFE3FC A4=00FFE3F8 A5=00000000 A6=00000000 A7=00FF7F88 D0=00000004 D1=00000003 D2=00000001 D3=00000001 D4=000000A4 D5=00000000 D6=00000000 D7=00000000 xnzvc
02:95DC  15 7C  MOVE.B  #$01,$0028(A2)           A0=0003072E A1=1BAF602C A2=00FFA65A A3=00FFE3FC A4=00FFE3F8 A5=00000000 A6=00000000 A7=00FF7F88 D0=00000004 D1=00000003 D2=00000001 D3=00000001 D4=000000A4 D5=00000000 D6=00000000 D7=00000000 xnzvc
02:95E2  15 7C  MOVE.B  #$FF,$0026(A2)           A0=0003072E A1=1BAF602C A2=00FFA65A A3=00FFE3FC A4=00FFE3F8 A5=00000000 A6=00000000 A7=00FF7F88 D0=00000004 D1=00000003 D2=00000001 D3=00000001 D4=000000A4 D5=00000000 D6=00000000 D7=00000000 xnzvc
02:95E8  42 2A  CLR.B   $004A(A2)                A0=0003072E A1=1BAF602C A2=00FFA65A A3=00FFE3FC A4=00FFE3F8 A5=00000000 A6=00000000 A7=00FF7F88 D0=00000004 D1=00000003 D2=00000001 D3=00000001 D4=000000A4 D5=00000000 D6=00000000 D7=00000000 xNzvc
02:95EC  34 BC  MOVE.W  #$0060,(A2)              A0=0003072E A1=1BAF602C A2=00FFA65A A3=00FFE3FC A4=00FFE3F8 A5=00000000 A6=00000000 A7=00FF7F88 D0=00000004 D1=00000003 D2=00000001 D3=00000001 D4=000000A4 D5=00000000 D6=00000000 D7=00000000 xnZvc
02:95F0  42 A7  CLR.L   -(SP)                    A0=0003072E A1=1BAF602C A2=00FFA65A A3=00FFE3FC A4=00FFE3F8 A5=00000000 A6=00000000 A7=00FF7F88 D0=00000004 D1=00000003 D2=00000001 D3=00000001 D4=000000A4 D5=00000000 D6=00000000 D7=00000000 xnzvc
02:95F2  2F 0A  MOVE.L  A2,-(SP)                 A0=0003072E A1=1BAF602C A2=00FFA65A A3=00FFE3FC A4=00FFE3F8 A5=00000000 A6=00000000 A7=00FF7F84 D0=00000004 D1=00000003 D2=00000001 D3=00000001 D4=000000A4 D5=00000000 D6=00000000 D7=00000000 xnZvc
02:95F4  4E B9  JSR     ($0000D756)              A0=0003072E A1=1BAF602C A2=00FFA65A A3=00FFE3FC A4=00FFE3F8 A5=00000000 A6=00000000 A7=00FF7F80 D0=00000004 D1=00000003 D2=00000001 D3=00000001 D4=000000A4 D5=00000000 D6=00000000 D7=00000000 xnzvc
02:95FA  50 8F  ADDQ.L  #8,SP                    A0=00FFA68D A1=00FFD940 A2=00FFA65A A3=00FFE3FC A4=00FFE3F8 A5=00000000 A6=00000000 A7=00FF7F80 D0=00000002 D1=00000019 D2=00000001 D3=00000001 D4=000000A4 D5=00000000 D6=00000000 D7=00000000 xnzvc
02:95FC  06 52  ADDI.W  #$000A,(A2)              A0=00FFA65A A1=0003451C A2=00FFA65A A3=00FFE3FC A4=00FFE3F8 A5=00000000 A6=00000000 A7=00FF7F88 D0=00000400 D1=00000000 D2=00000002 D3=00000002 D4=00000071 D5=00000000 D6=00000000 D7=00000000 xnZvc
02:9600  0C 52  CMPI.W  #$00E8,(A2)              A0=00FFA65A A1=0003451C A2=00FFA65A A3=00FFE3FC A4=00FFE3F8 A5=00000000 A6=00000000 A7=00FF7F88 D0=00000400 D1=00000000 D2=00000002 D3=00000002 D4=00000071 D5=00000000 D6=00000000 D7=00000000 xnzvc
02:9604  6F 18  BLE     #$18 [02:961E]           A0=00FFA65A A1=0003451C A2=00FFA65A A3=00FFE3FC A4=00FFE3F8 A5=00000000 A6=00000000 A7=00FF7F88 D0=00000400 D1=00000000 D2=00000002 D3=00000002 D4=00000071 D5=00000000 D6=00000000 D7=00000000 xNzvC
02:9606  72 00  MOVEQ   #$00,D1                  A0=00FFA65A A1=0003459E A2=00FFA65A A3=00FFE3FC A4=00FFE3F8 A5=00000000 A6=00000000 A7=00FF7F88 D0=00000400 D1=00000000 D2=00000002 D3=00000002 D4=0000008B D5=00000000 D6=00000000 D7=00000000 xnzvc
02:9608  12 2A  MOVE.B  $002F(A2),D1             A0=00FFA65A A1=0003459E A2=00FFA65A A3=00FFE3FC A4=00FFE3F8 A5=00000000 A6=00000000 A7=00FF7F88 D0=00000400 D1=00000000 D2=00000002 D3=00000002 D4=0000008B D5=00000000 D6=00000000 D7=00000000 xnZvc
02:960C  70 03  MOVEQ   #$03,D0                  A0=00FFA65A A1=0003459E A2=00FFA65A A3=00FFE3FC A4=00FFE3F8 A5=00000000 A6=00000000 A7=00FF7F88 D0=00000400 D1=00000001 D2=00000002 D3=00000002 D4=0000008B D5=00000000 D6=00000000 D7=00000000 xnzvc
02:960E  C2 80  AND.L   D0,D1                    A0=00FFA65A A1=0003459E A2=00FFA65A A3=00FFE3FC A4=00FFE3F8 A5=00000000 A6=00000000 A7=00FF7F88 D0=00000003 D1=00000001 D2=00000002 D3=00000002 D4=0000008B D5=00000000 D6=00000000 D7=00000000 xnzvc
02:9610  67 0C  BEQ     #$0C [02:961E]           A0=00FFA65A A1=0003459E A2=00FFA65A A3=00FFE3FC A4=00FFE3F8 A5=00000000 A6=00000000 A7=00FF7F88 D0=00000003 D1=00000001 D2=00000002 D3=00000002 D4=0000008B D5=00000000 D6=00000000 D7=00000000 xnzvc
02:9612  42 A7  CLR.L   -(SP)                    A0=00FFA65A A1=0003459E A2=00FFA65A A3=00FFE3FC A4=00FFE3F8 A5=00000000 A6=00000000 A7=00FF7F88 D0=00000003 D1=00000001 D2=00000002 D3=00000002 D4=0000008B D5=00000000 D6=00000000 D7=00000000 xnzvc
02:9614  2F 0A  MOVE.L  A2,-(SP)                 A0=00FFA65A A1=0003459E A2=00FFA65A A3=00FFE3FC A4=00FFE3F8 A5=00000000 A6=00000000 A7=00FF7F84 D0=00000003 D1=00000001 D2=00000002 D3=00000002 D4=0000008B D5=00000000 D6=00000000 D7=00000000 xnZvc
02:9616  4E B9  JSR     ($0000D7FA)              A0=00FFA65A A1=0003459E A2=00FFA65A A3=00FFE3FC A4=00FFE3F8 A5=00000000 A6=00000000 A7=00FF7F80 D0=00000003 D1=00000001 D2=00000002 D3=00000002 D4=0000008B D5=00000000 D6=00000000 D7=00000000 xnzvc
02:961C  50 8F  ADDQ.L  #8,SP                    A0=00FFD976 A1=0003459E A2=00FFA65A A3=00FFE3FC A4=00FFE3F8 A5=00000000 A6=00000000 A7=00FF7F80 D0=00000013 D1=0000000F D2=00000002 D3=00000002 D4=0000008B D5=00000000 D6=00000000 D7=00000000 xnZvc
02:961E  4C DF  MOVEM.L (SP)+,{a7-d0}[04 04]     A0=00FFD976 A1=00033492 A2=00FFA65A A3=00FFE3FC A4=00FFE3F8 A5=00000000 A6=00000000 A7=00FF7F88 D0=00000013 D1=0000000F D2=00000001 D3=00000001 D4=0000003F D5=00000000 D6=00000000 D7=00000000 xnZvc
02:9622  4E 75  RTS                              A0=00FFD976 A1=00033492 A2=00028C1C A3=00FFE3FC A4=00FFE3F8 A5=00000000 A6=00000000 A7=00FF7F90 D0=00000013 D1=0000000F D2=00000000 D3=00000001 D4=0000003F D5=00000000 D6=00000000 D7=00000000 xnZvc

02:9624  48 E7  MOVEM.L {d0-a7}[3e 38],-(SP)     A0=00FF9364 A1=000333B6 A2=000284EA A3=0003072A A4=00FFE3FC A5=00000000 A6=00000000 A7=00FF7F8C D0=00000001 D1=00000002 D2=00000000 D3=00000001 D4=00000000 D5=00000000 D6=00000000 D7=00000000 xnzvc
02:9628  34 2F  MOVE.W  $0026(SP),D2             A0=00FF9364 A1=000333B6 A2=000284EA A3=0003072A A4=00FFE3FC A5=00000000 A6=00000000 A7=00FF7F6C D0=00000001 D1=00000002 D2=00000000 D3=00000001 D4=00000000 D5=00000000 D6=00000000 D7=00000000 xnzvc
02:962C  26 7C  MOVE.L  #$00004E7E,A3            A0=00FF9364 A1=000333B6 A2=000284EA A3=0003072A A4=00FFE3FC A5=00000000 A6=00000000 A7=00FF7F6C D0=00000001 D1=00000002 D2=00000001 D3=00000001 D4=00000000 D5=00000000 D6=00000000 D7=00000000 xnzvc
02:9632  28 7C  MOVE.L  #$000334D4,A4            A0=00FF9364 A1=000333B6 A2=000284EA A3=00004E7E A4=00FFE3FC A5=00000000 A6=00000000 A7=00FF7F6C D0=00000001 D1=00000002 D2=00000001 D3=00000001 D4=00000000 D5=00000000 D6=00000000 D7=00000000 xnzvc
02:9638  30 02  MOVE.W  D2,D0                    A0=00FF9364 A1=000333B6 A2=000284EA A3=00004E7E A4=000334D4 A5=00000000 A6=00000000 A7=00FF7F6C D0=00000001 D1=00000002 D2=00000001 D3=00000001 D4=00000000 D5=00000000 D6=00000000 D7=00000000 xnzvc
02:963A  6D 5E  BLT     #$5E [02:969A]           A0=00FF9364 A1=000333B6 A2=000284EA A3=00004E7E A4=000334D4 A5=00000000 A6=00000000 A7=00FF7F6C D0=00000001 D1=00000002 D2=00000001 D3=00000001 D4=00000000 D5=00000000 D6=00000000 D7=00000000 xnzvc
02:963C  0C 40  CMPI.W  #$0004,D0                A0=00FF9364 A1=000333B6 A2=000284EA A3=00004E7E A4=000334D4 A5=00000000 A6=00000000 A7=00FF7F6C D0=00000001 D1=00000002 D2=00000001 D3=00000001 D4=00000000 D5=00000000 D6=00000000 D7=00000000 xnzvc
02:9640  6E 58  BGT     #$58 [02:969A]           A0=00FF9364 A1=000333B6 A2=000284EA A3=00004E7E A4=000334D4 A5=00000000 A6=00000000 A7=00FF7F6C D0=00000001 D1=00000002 D2=00000001 D3=00000001 D4=00000000 D5=00000000 D6=00000000 D7=00000000 xNzvC
02:9642  D0 40  ADD.W   D0,D0                    A0=00FF9364 A1=000333B6 A2=000284EA A3=00004E7E A4=000334D4 A5=00000000 A6=00000000 A7=00FF7F6C D0=00000001 D1=00000002 D2=00000001 D3=00000001 D4=00000000 D5=00000000 D6=00000000 D7=00000000 xNzvC
02:9644  30 3B  MOVE.W  $06(PC,D0),D0            A0=00FF9364 A1=000333B6 A2=000284EA A3=00004E7E A4=000334D4 A5=00000000 A6=00000000 A7=00FF7F6C D0=00000002 D1=00000002 D2=00000001 D3=00000001 D4=00000000 D5=00000000 D6=00000000 D7=00000000 xnzvc
02:9648  4E FB  JMP     $02(PC,D0)               A0=00FF9364 A1=000333B6 A2=000284EA A3=00004E7E A4=000334D4 A5=00000000 A6=00000000 A7=00FF7F6C D0=0000004E D1=00000002 D2=00000001 D3=00000001 D4=00000000 D5=00000000 D6=00000000 D7=00000000 xnzvc
02:9656  42 43  CLR.W   D3                       A0=00FFA85A A1=000333B6 A2=000284EA A3=00004E7E A4=000334D4 A5=00000000 A6=00000000 A7=00FF7F74 D0=0000000A D1=00000600 D2=FFFF0000 D3=00000001 D4=0000FF58 D5=00000000 D6=00000000 D7=00000000 xnzvc
02:9658  32 03  MOVE.W  D3,D1                    A0=00FFD976 A1=000333B6 A2=000284EA A3=00004E7E A4=000334D4 A5=00000000 A6=00000000 A7=00FF7F74 D0=00000026 D1=00000022 D2=FFFF0000 D3=00000003 D4=0000FF58 D5=00000000 D6=00000000 D7=00000000 xNzvC
02:965A  20 7C  MOVE.L  #$00FFE3EE,A0            A0=00FFD976 A1=000333B6 A2=000284EA A3=00004E7E A4=000334D4 A5=00000000 A6=00000000 A7=00FF7F74 D0=00000026 D1=00000003 D2=FFFF0000 D3=00000003 D4=0000FF58 D5=00000000 D6=00000000 D7=00000000 xnzvc
02:9660  70 00  MOVEQ   #$00,D0                  A0=00FFE3EE A1=000333B6 A2=000284EA A3=00004E7E A4=000334D4 A5=00000000 A6=00000000 A7=00FF7F74 D0=00000026 D1=00000003 D2=FFFF0000 D3=00000003 D4=0000FF58 D5=00000000 D6=00000000 D7=00000000 xnzvc
02:9662  10 30  MOVE.B  $00(A0,D1),D0            A0=00FFE3EE A1=000333B6 A2=000284EA A3=00004E7E A4=000334D4 A5=00000000 A6=00000000 A7=00FF7F74 D0=00000000 D1=00000003 D2=FFFF0000 D3=00000003 D4=0000FF58 D5=00000000 D6=00000000 D7=00000000 xnZvc
02:9666  30 00  MOVE.W  D0,D0                    A0=00FFE3EE A1=000333B6 A2=000284EA A3=00004E7E A4=000334D4 A5=00000000 A6=00000000 A7=00FF7F74 D0=0000000C D1=00000003 D2=FFFF0000 D3=00000003 D4=0000FF58 D5=00000000 D6=00000000 D7=00000000 xnzvc
02:9668  67 16  BEQ     #$16 [02:9680]           A0=00FFE3EE A1=000333B6 A2=000284EA A3=00004E7E A4=000334D4 A5=00000000 A6=00000000 A7=00FF7F74 D0=0000000C D1=00000003 D2=FFFF0000 D3=00000003 D4=0000FF58 D5=00000000 D6=00000000 D7=00000000 xnzvc
02:966A  42 A7  CLR.L   -(SP)                    A0=00FFE3EE A1=000333B6 A2=000284EA A3=00004E7E A4=000334D4 A5=00000000 A6=00000000 A7=00FF7F74 D0=0000000C D1=00000003 D2=FFFF0000 D3=00000003 D4=0000FF58 D5=00000000 D6=00000000 D7=00000000 xnzvc
02:966C  EF 40  ASL.W   #7,D0                    A0=00FFE3EE A1=000333B6 A2=000284EA A3=00004E7E A4=000334D4 A5=00000000 A6=00000000 A7=00FF7F70 D0=0000000C D1=00000003 D2=FFFF0000 D3=00000003 D4=0000FF58 D5=00000000 D6=00000000 D7=00000000 xnZvc
02:966E  20 7C  MOVE.L  #$00FFA25A,A0            A0=00FFE3EE A1=000333B6 A2=000284EA A3=00004E7E A4=000334D4 A5=00000000 A6=00000000 A7=00FF7F70 D0=00000600 D1=00000003 D2=FFFF0000 D3=00000003 D4=0000FF58 D5=00000000 D6=00000000 D7=00000000 xnzvc
02:9674  48 70  PEA     $00(A0,D0)               A0=00FFA25A A1=000333B6 A2=000284EA A3=00004E7E A4=000334D4 A5=00000000 A6=00000000 A7=00FF7F70 D0=00000600 D1=00000003 D2=FFFF0000 D3=00000003 D4=0000FF58 D5=00000000 D6=00000000 D7=00000000 xnzvc
02:9678  4E B9  JSR     ($0000D7FA)              A0=00FFA25A A1=000333B6 A2=000284EA A3=00004E7E A4=000334D4 A5=00000000 A6=00000000 A7=00FF7F6C D0=00000600 D1=00000003 D2=FFFF0000 D3=00000003 D4=0000FF58 D5=00000000 D6=00000000 D7=00000000 xnzvc
02:967E  50 8F  ADDQ.L  #8,SP                    A0=00FFD976 A1=000333B6 A2=000284EA A3=00004E7E A4=000334D4 A5=00000000 A6=00000000 A7=00FF7F6C D0=0000001C D1=00000018 D2=FFFF0000 D3=00000003 D4=0000FF58 D5=00000000 D6=00000000 D7=00000000 xnZvc
02:9680  52 43  ADDQ.W  #1,D3                    A0=00FFD976 A1=000333B6 A2=000284EA A3=00004E7E A4=000334D4 A5=00000000 A6=00000000 A7=00FF7F74 D0=0000001C D1=00000018 D2=FFFF0000 D3=00000003 D4=0000FF58 D5=00000000 D6=00000000 D7=00000000 xnZvc
02:9682  0C 43  CMPI.W  #$0004,D3                A0=00FFD976 A1=000333B6 A2=000284EA A3=00004E7E A4=000334D4 A5=00000000 A6=00000000 A7=00FF7F74 D0=0000001C D1=00000018 D2=FFFF0000 D3=00000004 D4=0000FF58 D5=00000000 D6=00000000 D7=00000000 xnzvc
02:9686  6D D0  BLT     #$D0 [02:9658]           A0=00FFD976 A1=000333B6 A2=000284EA A3=00004E7E A4=000334D4 A5=00000000 A6=00000000 A7=00FF7F74 D0=0000001C D1=00000018 D2=FFFF0000 D3=00000004 D4=0000FF58 D5=00000000 D6=00000000 D7=00000000 xnZvc
02:9688  60 00  BRA     #$01B2 [02:983C]         A0=00FFD976 A1=000333B6 A2=000284EA A3=00004E7E A4=000334D4 A5=00000000 A6=00000000 A7=00FF7F74 D0=0000001C D1=00000018 D2=FFFF0000 D3=00000004 D4=0000FF58 D5=00000000 D6=00000000 D7=00000000 xnZvc
02:968C  3A 3C  MOVE.W  #$00F8,D5                A0=00FF9364 A1=00033492 A2=000284EA A3=00004E7E A4=000334D4 A5=00000000 A6=00000000 A7=00FF7F6C D0=00000040 D1=00000002 D2=FFFF0002 D3=00000002 D4=0000FFAC D5=00000000 D6=00000000 D7=00000000 xnzvc
02:9690  78 F4  MOVEQ   #$F4,D4                  A0=00FF9364 A1=00033492 A2=000284EA A3=00004E7E A4=000334D4 A5=00000000 A6=00000000 A7=00FF7F6C D0=00000040 D1=00000002 D2=FFFF0002 D3=00000002 D4=0000FFAC D5=000000F8 D6=00000000 D7=00000000 xnzvc
02:9692  60 0C  BRA     #$0C [02:96A0]           A0=00FF9364 A1=00033492 A2=000284EA A3=00004E7E A4=000334D4 A5=00000000 A6=00000000 A7=00FF7F6C D0=00000040 D1=00000002 D2=FFFF0002 D3=00000002 D4=FFFFFFF4 D5=000000F8 D6=00000000 D7=00000000 xNzvc
02:9694  7A 58  MOVEQ   #$58,D5                  A0=00FF9364 A1=0003344C A2=00FF8036 A3=00004E7E A4=000334D4 A5=00000000 A6=00000000 A7=00FF7F64 D0=00000048 D1=00000000 D2=00000003 D3=00000001 D4=00000003 D5=0000FE88 D6=00000000 D7=00000000 xnzvc
02:9696  78 0C  MOVEQ   #$0C,D4                  A0=00FF9364 A1=0003344C A2=00FF8036 A3=00004E7E A4=000334D4 A5=00000000 A6=00000000 A7=00FF7F64 D0=00000048 D1=00000000 D2=00000003 D3=00000001 D4=00000003 D5=00000058 D6=00000000 D7=00000000 xnzvc
02:9698  60 06  BRA     #$06 [02:96A0]           A0=00FF9364 A1=0003344C A2=00FF8036 A3=00004E7E A4=000334D4 A5=00000000 A6=00000000 A7=00FF7F64 D0=00000048 D1=00000000 D2=00000003 D3=00000001 D4=0000000C D5=00000058 D6=00000000 D7=00000000 xnzvc
02:969A  3A 3C  MOVE.W  #$00A8,D5                A0=00FF9364 A1=000333B6 A2=000284EA A3=00004E7E A4=000334D4 A5=00000000 A6=00000000 A7=00FF7F6C D0=0000004E D1=00000002 D2=00000001 D3=00000001 D4=00000000 D5=00000000 D6=00000000 D7=00000000 xnzvc
02:969E  42 44  CLR.W   D4                       A0=00FF9364 A1=000333B6 A2=000284EA A3=00004E7E A4=000334D4 A5=00000000 A6=00000000 A7=00FF7F6C D0=0000004E D1=00000002 D2=00000001 D3=00000001 D4=00000000 D5=000000A8 D6=00000000 D7=00000000 xnzvc
02:96A0  42 43  CLR.W   D3                       A0=00FF9364 A1=000333B6 A2=000284EA A3=00004E7E A4=000334D4 A5=00000000 A6=00000000 A7=00FF7F6C D0=0000004E D1=00000002 D2=00000001 D3=00000001 D4=00000000 D5=000000A8 D6=00000000 D7=00000000 xnZvc
02:96A2  32 03  MOVE.W  D3,D1                    A0=00FFA7DA A1=000333B6 A2=00FFA7DA A3=00004E7E A4=000334D4 A5=00000000 A6=00000000 A7=00FF7F6C D0=0000FFFC D1=00000580 D2=00000001 D3=00000003 D4=00000000 D5=000000A8 D6=00000000 D7=00000000 xNzvC
02:96A4  20 7C  MOVE.L  #$00FFE3EE,A0            A0=00FFA7DA A1=000333B6 A2=00FFA7DA A3=00004E7E A4=000334D4 A5=00000000 A6=00000000 A7=00FF7F6C D0=0000FFFC D1=00000003 D2=00000001 D3=00000003 D4=00000000 D5=000000A8 D6=00000000 D7=00000000 xnzvc
02:96AA  70 00  MOVEQ   #$00,D0                  A0=00FFE3EE A1=000333B6 A2=00FFA7DA A3=00004E7E A4=000334D4 A5=00000000 A6=00000000 A7=00FF7F6C D0=0000FFFC D1=00000003 D2=00000001 D3=00000003 D4=00000000 D5=000000A8 D6=00000000 D7=00000000 xnzvc
02:96AC  10 30  MOVE.B  $00(A0,D1),D0            A0=00FFE3EE A1=000333B6 A2=00FFA7DA A3=00004E7E A4=000334D4 A5=00000000 A6=00000000 A7=00FF7F6C D0=00000000 D1=00000003 D2=00000001 D3=00000003 D4=00000000 D5=000000A8 D6=00000000 D7=00000000 xnZvc
02:96B0  30 00  MOVE.W  D0,D0                    A0=00FFE3EE A1=000333B6 A2=00FFA7DA A3=00004E7E A4=000334D4 A5=00000000 A6=00000000 A7=00FF7F6C D0=0000000C D1=00000003 D2=00000001 D3=00000003 D4=00000000 D5=000000A8 D6=00000000 D7=00000000 xnzvc
02:96B2  67 00  BEQ     #$017E [02:9832]         A0=00FFE3EE A1=000333B6 A2=00FFA7DA A3=00004E7E A4=000334D4 A5=00000000 A6=00000000 A7=00FF7F6C D0=0000000C D1=00000003 D2=00000001 D3=00000003 D4=00000000 D5=000000A8 D6=00000000 D7=00000000 xnzvc
02:96B6  32 00  MOVE.W  D0,D1                    A0=00FFE3EE A1=000333B6 A2=00FFA7DA A3=00004E7E A4=000334D4 A5=00000000 A6=00000000 A7=00FF7F6C D0=0000000C D1=00000003 D2=00000001 D3=00000003 D4=00000000 D5=000000A8 D6=00000000 D7=00000000 xnzvc
02:96B8  EF 41  ASL.W   #7,D1                    A0=00FFE3EE A1=000333B6 A2=00FFA7DA A3=00004E7E A4=000334D4 A5=00000000 A6=00000000 A7=00FF7F6C D0=0000000C D1=0000000C D2=00000001 D3=00000003 D4=00000000 D5=000000A8 D6=00000000 D7=00000000 xnzvc
02:96BA  20 7C  MOVE.L  #$00FFA25A,A0            A0=00FFE3EE A1=000333B6 A2=00FFA7DA A3=00004E7E A4=000334D4 A5=00000000 A6=00000000 A7=00FF7F6C D0=0000000C D1=00000600 D2=00000001 D3=00000003 D4=00000000 D5=000000A8 D6=00000000 D7=00000000 xnzvc
02:96C0  D0 C1  ADDA.W  D1,A0                    A0=00FFA25A A1=000333B6 A2=00FFA7DA A3=00004E7E A4=000334D4 A5=00000000 A6=00000000 A7=00FF7F6C D0=0000000C D1=00000600 D2=00000001 D3=00000003 D4=00000000 D5=000000A8 D6=00000000 D7=00000000 xnzvc
02:96C2  24 48  MOVE.L  A0,A2                    A0=00FFA85A A1=000333B6 A2=00FFA7DA A3=00004E7E A4=000334D4 A5=00000000 A6=00000000 A7=00FF7F6C D0=0000000C D1=00000600 D2=00000001 D3=00000003 D4=00000000 D5=000000A8 D6=00000000 D7=00000000 xnzvc
02:96C4  0C 52  CMPI.W  #$0032,(A2)              A0=00FFA85A A1=000333B6 A2=00FFA85A A3=00004E7E A4=000334D4 A5=00000000 A6=00000000 A7=00FF7F6C D0=0000000C D1=00000600 D2=00000001 D3=00000003 D4=00000000 D5=000000A8 D6=00000000 D7=00000000 xnzvc
02:96C8  6D 18  BLT     #$18 [02:96E2]           A0=00FFA85A A1=000333B6 A2=00FFA85A A3=00004E7E A4=000334D4 A5=00000000 A6=00000000 A7=00FF7F6C D0=0000000C D1=00000600 D2=00000001 D3=00000003 D4=00000000 D5=000000A8 D6=00000000 D7=00000000 xnzvc
02:96CA  0C 52  CMPI.W  #$010E,(A2)              A0=00FFA85A A1=000333B6 A2=00FFA85A A3=00004E7E A4=000334D4 A5=00000000 A6=00000000 A7=00FF7F6C D0=0000000C D1=00000600 D2=00000001 D3=00000003 D4=00000000 D5=000000A8 D6=00000000 D7=00000000 xnzvc
02:96CE  6E 12  BGT     #$12 [02:96E2]           A0=00FFA85A A1=000333B6 A2=00FFA85A A3=00004E7E A4=000334D4 A5=00000000 A6=00000000 A7=00FF7F6C D0=0000000C D1=00000600 D2=00000001 D3=00000003 D4=00000000 D5=000000A8 D6=00000000 D7=00000000 xNzvC
02:96D0  0C 6A  CMPI.W  #$FFEE,$0004(A2)         A0=00FFA85A A1=000333B6 A2=00FFA85A A3=00004E7E A4=000334D4 A5=00000000 A6=00000000 A7=00FF7F6C D0=0000000C D1=00000600 D2=00000001 D3=00000003 D4=00000000 D5=000000A8 D6=00000000 D7=00000000 xNzvC
02:96D6  6E 0A  BGT     #$0A [02:96E2]           A0=00FFA85A A1=000333B6 A2=00FFA85A A3=00004E7E A4=000334D4 A5=00000000 A6=00000000 A7=00FF7F6C D0=0000000C D1=00000600 D2=00000001 D3=00000003 D4=00000000 D5=000000A8 D6=00000000 D7=00000000 xNzvC
02:96D8  0C 6A  CMPI.W  #$FF3A,$0004(A2)         A0=00FFA85A A1=000333B6 A2=00FFA85A A3=00004E7E A4=000334D4 A5=00000000 A6=00000000 A7=00FF7F6C D0=0000000C D1=00000600 D2=00000001 D3=00000003 D4=00000000 D5=000000A8 D6=00000000 D7=00000000 xNzvC
02:96DE  6C 00  BGE     #$0120 [02:9800]         A0=00FFA85A A1=000333B6 A2=00FFA85A A3=00004E7E A4=000334D4 A5=00000000 A6=00000000 A7=00FF7F6C D0=0000000C D1=00000600 D2=00000001 D3=00000003 D4=00000000 D5=000000A8 D6=00000000 D7=00000000 xnzvc
02:96E2  08 2A  BTST    #1,$002F(A2)             A0=00FFA6DA A1=0003332A A2=00FFA6DA A3=00004E7E A4=000334D4 A5=00000000 A6=00000000 A7=00FF7F6C D0=00000009 D1=00000480 D2=FFFF0001 D3=00000000 D4=00000000 D5=000000A8 D6=00000000 D7=00000000 xnzvc
02:96E8  67 0C  BEQ     #$0C [02:96F6]           A0=00FFA6DA A1=0003332A A2=00FFA6DA A3=00004E7E A4=000334D4 A5=00000000 A6=00000000 A7=00FF7F6C D0=00000009 D1=00000480 D2=FFFF0001 D3=00000000 D4=00000000 D5=000000A8 D6=00000000 D7=00000000 xnzvc
02:96EA  42 A7  CLR.L   -(SP)                    A0=00FFA85A A1=00033492 A2=00FFA85A A3=00004E7E A4=000334D4 A5=00000000 A6=00000000 A7=00FF7F64 D0=0000000C D1=00000600 D2=00000002 D3=FFFF0003 D4=FFFFFFF4 D5=000000F8 D6=00000000 D7=00000000 xNzvC
02:96EC  2F 0A  MOVE.L  A2,-(SP)                 A0=00FFA85A A1=00033492 A2=00FFA85A A3=00004E7E A4=000334D4 A5=00000000 A6=00000000 A7=00FF7F60 D0=0000000C D1=00000600 D2=00000002 D3=FFFF0003 D4=FFFFFFF4 D5=000000F8 D6=00000000 D7=00000000 xnZvc
02:96EE  4E B9  JSR     ($0000D7FA)              A0=00FFA85A A1=00033492 A2=00FFA85A A3=00004E7E A4=000334D4 A5=00000000 A6=00000000 A7=00FF7F5C D0=0000000C D1=00000600 D2=00000002 D3=FFFF0003 D4=FFFFFFF4 D5=000000F8 D6=00000000 D7=00000000 xnzvc
02:96F4  50 8F  ADDQ.L  #8,SP                    A0=00FFD976 A1=00033492 A2=00FFA85A A3=00004E7E A4=000334D4 A5=00000000 A6=00000000 A7=00FF7F5C D0=00000021 D1=0000001D D2=00000002 D3=FFFF0003 D4=FFFFFFF4 D5=000000F8 D6=00000000 D7=00000000 xnZvc
02:96F6  34 85  MOVE.W  D5,(A2)                  A0=00FFD976 A1=0003332A A2=00FFA6DA A3=00004E7E A4=000334D4 A5=00000000 A6=00000000 A7=00FF7F6C D0=00000026 D1=00000022 D2=FFFF0001 D3=00000000 D4=00000000 D5=000000A8 D6=00000000 D7=00000000 xnZvc
02:96F8  42 6A  CLR.W   $0002(A2)                A0=00FFD976 A1=0003332A A2=00FFA6DA A3=00004E7E A4=000334D4 A5=00000000 A6=00000000 A7=00FF7F6C D0=00000026 D1=00000022 D2=FFFF0001 D3=00000000 D4=00000000 D5=000000A8 D6=00000000 D7=00000000 xnzvc
02:96FC  35 7C  MOVE.W  #$FF9C,$0004(A2)         A0=00FFD976 A1=0003332A A2=00FFA6DA A3=00004E7E A4=000334D4 A5=00000000 A6=00000000 A7=00FF7F6C D0=00000026 D1=00000022 D2=FFFF0001 D3=00000000 D4=00000000 D5=000000A8 D6=00000000 D7=00000000 xnZvc
02:9702  0C 42  CMPI.W  #$0004,D2                A0=00FFD976 A1=0003332A A2=00FFA6DA A3=00004E7E A4=000334D4 A5=00000000 A6=00000000 A7=00FF7F6C D0=00000026 D1=00000022 D2=FFFF0001 D3=00000000 D4=00000000 D5=000000A8 D6=00000000 D7=00000000 xNzvc
02:9706  66 20  BNE     #$20 [02:9728]           A0=00FFD976 A1=0003332A A2=00FFA6DA A3=00004E7E A4=000334D4 A5=00000000 A6=00000000 A7=00FF7F6C D0=00000026 D1=00000022 D2=FFFF0001 D3=00000000 D4=00000000 D5=000000A8 D6=00000000 D7=00000000 xNzvC
02:9708  25 7C  MOVE.L  #$000306C2,$001A(A2)     A0=00FFD976 A1=0003344C A2=00FFA85A A3=00004E7E A4=000334D4 A5=00000000 A6=00000000 A7=00FF7F64 D0=00000021 D1=0000001D D2=00000004 D3=00000003 D4=00000000 D5=000000A8 D6=00000000 D7=00000000 xnZvc
02:9710  20 4C  MOVE.L  A4,A0                    A0=00FFD976 A1=0003344C A2=00FFA85A A3=00004E7E A4=000334D4 A5=00000000 A6=00000000 A7=00FF7F64 D0=00000021 D1=0000001D D2=00000004 D3=00000003 D4=00000000 D5=000000A8 D6=00000000 D7=00000000 xnzvc
02:9712  25 48  MOVE.L  A0,$001E(A2)             A0=000334D4 A1=0003344C A2=00FFA85A A3=00004E7E A4=000334D4 A5=00000000 A6=00000000 A7=00FF7F64 D0=00000021 D1=0000001D D2=00000004 D3=00000003 D4=00000000 D5=000000A8 D6=00000000 D7=00000000 xnzvc
02:9716  42 6A  CLR.W   $0006(A2)                A0=000334D4 A1=0003344C A2=00FFA85A A3=00004E7E A4=000334D4 A5=00000000 A6=00000000 A7=00FF7F64 D0=00000021 D1=0000001D D2=00000004 D3=00000003 D4=00000000 D5=000000A8 D6=00000000 D7=00000000 xnzvc
02:971A  42 6A  CLR.W   $0008(A2)                A0=000334D4 A1=0003344C A2=00FFA85A A3=00004E7E A4=000334D4 A5=00000000 A6=00000000 A7=00FF7F64 D0=00000021 D1=0000001D D2=00000004 D3=00000003 D4=00000000 D5=000000A8 D6=00000000 D7=00000000 xnZvc
02:971E  35 7C  MOVE.W  #$FFFF,$000A(A2)         A0=000334D4 A1=0003344C A2=00FFA85A A3=00004E7E A4=000334D4 A5=00000000 A6=00000000 A7=00FF7F64 D0=00000021 D1=0000001D D2=00000004 D3=00000003 D4=00000000 D5=000000A8 D6=00000000 D7=00000000 xnZvc
02:9724  60 00  BRA     #$00BA [02:97E0]         A0=000334D4 A1=0003344C A2=00FFA85A A3=00004E7E A4=000334D4 A5=00000000 A6=00000000 A7=00FF7F64 D0=00000021 D1=0000001D D2=00000004 D3=00000003 D4=00000000 D5=000000A8 D6=00000000 D7=00000000 xNzvc
02:9728  4E 93  JSR     (A3)                     A0=00FFD976 A1=0003332A A2=00FFA6DA A3=00004E7E A4=000334D4 A5=00000000 A6=00000000 A7=00FF7F6C D0=00000026 D1=00000022 D2=FFFF0001 D3=00000000 D4=00000000 D5=000000A8 D6=00000000 D7=00000000 xNzvC
02:972A  20 00  MOVE.L  D0,D0                    A0=01E4ED78 A1=53B3CBEE A2=00FFA6DA A3=00004E7E A4=000334D4 A5=00000000 A6=00000000 A7=00FF7F6C D0=0000DE76 D1=2BC6DE76 D2=FFFF0001 D3=00000000 D4=00000000 D5=000000A8 D6=00000000 D7=00000000 xNzvc
02:972C  6C 0A  BGE     #$0A [02:9738]           A0=01E4ED78 A1=53B3CBEE A2=00FFA6DA A3=00004E7E A4=000334D4 A5=00000000 A6=00000000 A7=00FF7F6C D0=0000DE76 D1=2BC6DE76 D2=FFFF0001 D3=00000000 D4=00000000 D5=000000A8 D6=00000000 D7=00000000 xnzvc
02:9738  7C 03  MOVEQ   #$03,D6                  A0=01E4ED78 A1=53B3CBEE A2=00FFA6DA A3=00004E7E A4=000334D4 A5=00000000 A6=00000000 A7=00FF7F6C D0=0000DE76 D1=2BC6DE76 D2=FFFF0001 D3=00000000 D4=00000000 D5=000000A8 D6=00000000 D7=00000000 xnzvc
02:973A  C0 86  AND.L   D6,D0                    A0=01E4ED78 A1=53B3CBEE A2=00FFA6DA A3=00004E7E A4=000334D4 A5=00000000 A6=00000000 A7=00FF7F6C D0=0000DE76 D1=2BC6DE76 D2=FFFF0001 D3=00000000 D4=00000000 D5=000000A8 D6=00000003 D7=00000000 xnzvc
02:973C  35 40  MOVE.W  D0,$0006(A2)             A0=01E4ED78 A1=53B3CBEE A2=00FFA6DA A3=00004E7E A4=000334D4 A5=00000000 A6=00000000 A7=00FF7F6C D0=00000002 D1=2BC6DE76 D2=FFFF0001 D3=00000000 D4=00000000 D5=000000A8 D6=00000003 D7=00000000 xnzvc
02:9740  70 04  MOVEQ   #$04,D0                  A0=01E4ED78 A1=53B3CBEE A2=00FFA6DA A3=00004E7E A4=000334D4 A5=00000000 A6=00000000 A7=00FF7F6C D0=00000002 D1=2BC6DE76 D2=FFFF0001 D3=00000000 D4=00000000 D5=000000A8 D6=00000003 D7=00000000 xnzvc
02:9742  32 2A  MOVE.W  $0006(A2),D1             A0=01E4ED78 A1=53B3CBEE A2=00FFA6DA A3=00004E7E A4=000334D4 A5=00000000 A6=00000000 A7=00FF7F6C D0=00000004 D1=2BC6DE76 D2=FFFF0001 D3=00000000 D4=00000000 D5=000000A8 D6=00000003 D7=00000000 xnzvc
02:9746  48 C1  EXT.L   D1                       A0=01E4ED78 A1=53B3CBEE A2=00FFA6DA A3=00004E7E A4=000334D4 A5=00000000 A6=00000000 A7=00FF7F6C D0=00000004 D1=2BC60002 D2=FFFF0001 D3=00000000 D4=00000000 D5=000000A8 D6=00000003 D7=00000000 xnzvc
02:9748  90 81  SUB.L   D1,D0                    A0=01E4ED78 A1=53B3CBEE A2=00FFA6DA A3=00004E7E A4=000334D4 A5=00000000 A6=00000000 A7=00FF7F6C D0=00000004 D1=00000002 D2=FFFF0001 D3=00000000 D4=00000000 D5=000000A8 D6=00000003 D7=00000000 xnzvc
02:974A  35 40  MOVE.W  D0,$0008(A2)             A0=01E4ED78 A1=53B3CBEE A2=00FFA6DA A3=00004E7E A4=000334D4 A5=00000000 A6=00000000 A7=00FF7F6C D0=00000002 D1=00000002 D2=FFFF0001 D3=00000000 D4=00000000 D5=000000A8 D6=00000003 D7=00000000 xnzvc
02:974E  4E 93  JSR     (A3)                     A0=01E4ED78 A1=53B3CBEE A2=00FFA6DA A3=00004E7E A4=000334D4 A5=00000000 A6=00000000 A7=00FF7F6C D0=00000002 D1=00000002 D2=FFFF0001 D3=00000000 D4=00000000 D5=000000A8 D6=00000003 D7=00000000 xnzvc
02:9750  08 00  BTST    #0,D0                    A0=01D0CE24 A1=66400D13 A2=00FFA6DA A3=00004E7E A4=000334D4 A5=00000000 A6=00000000 A7=00FF7F6C D0=00003EEF D1=29F53EEF D2=FFFF0001 D3=00000000 D4=00000000 D5=000000A8 D6=00000003 D7=00000000 xnzvc
02:9754  67 0C  BEQ     #$0C [02:9762]           A0=01D0CE24 A1=66400D13 A2=00FFA6DA A3=00004E7E A4=000334D4 A5=00000000 A6=00000000 A7=00FF7F6C D0=00003EEF D1=29F53EEF D2=FFFF0001 D3=00000000 D4=00000000 D5=000000A8 D6=00000003 D7=00000000 xnzvc
02:9756  30 2A  MOVE.W  $0006(A2),D0             A0=012D8860 A1=7AE409F7 A2=00FFA75A A3=00004E7E A4=000334D4 A5=00000000 A6=00000000 A7=00FF7F64 D0=00008197 D1=1B388197 D2=00000003 D3=00000001 D4=0000000C D5=00000058 D6=00000003 D7=00000000 xNzvc
02:975A  48 C0  EXT.L   D0                       A0=012D8860 A1=7AE409F7 A2=00FFA75A A3=00004E7E A4=000334D4 A5=00000000 A6=00000000 A7=00FF7F64 D0=00000001 D1=1B388197 D2=00000003 D3=00000001 D4=0000000C D5=00000058 D6=00000003 D7=00000000 xnzvc
02:975C  44 80  NEG.L   D0                       A0=012D8860 A1=7AE409F7 A2=00FFA75A A3=00004E7E A4=000334D4 A5=00000000 A6=00000000 A7=00FF7F64 D0=00000001 D1=1B388197 D2=00000003 D3=00000001 D4=0000000C D5=00000058 D6=00000003 D7=00000000 xnzvc
02:975E  35 40  MOVE.W  D0,$0006(A2)             A0=012D8860 A1=7AE409F7 A2=00FFA75A A3=00004E7E A4=000334D4 A5=00000000 A6=00000000 A7=00FF7F64 D0=FFFFFFFF D1=1B388197 D2=00000003 D3=00000001 D4=0000000C D5=00000058 D6=00000003 D7=00000000 XNzvC
02:9762  4E 93  JSR     (A3)                     A0=01D0CE24 A1=66400D13 A2=00FFA6DA A3=00004E7E A4=000334D4 A5=00000000 A6=00000000 A7=00FF7F6C D0=FFFFFFFE D1=29F53EEF D2=FFFF0001 D3=00000000 D4=00000000 D5=000000A8 D6=00000003 D7=00000000 XNzvc
02:9764  08 00  BTST    #0,D0                    A0=023AA73C A1=45C797A8 A2=00FFA6DA A3=00004E7E A4=000334D4 A5=00000000 A6=00000000 A7=00FF7F6C D0=0000F06C D1=3383F06C D2=FFFF0001 D3=00000000 D4=00000000 D5=000000A8 D6=00000003 D7=00000000 xNzvc
02:9768  67 0C  BEQ     #$0C [02:9776]           A0=023AA73C A1=45C797A8 A2=00FFA6DA A3=00004E7E A4=000334D4 A5=00000000 A6=00000000 A7=00FF7F6C D0=0000F06C D1=3383F06C D2=FFFF0001 D3=00000000 D4=00000000 D5=000000A8 D6=00000003 D7=00000000 xNZvc
02:976A  30 2A  MOVE.W  $0008(A2),D0             A0=00E9ADE0 A1=0548CC1D A2=00FFA85A A3=00004E7E A4=000334D4 A5=00000000 A6=00000000 A7=00FF7F64 D0=00001E3D D1=15181E3D D2=00000003 D3=00000003 D4=0000000C D5=00000058 D6=00000003 D7=00000000 xnzvc
02:976E  48 C0  EXT.L   D0                       A0=00E9ADE0 A1=0548CC1D A2=00FFA85A A3=00004E7E A4=000334D4 A5=00000000 A6=00000000 A7=00FF7F64 D0=00000003 D1=15181E3D D2=00000003 D3=00000003 D4=0000000C D5=00000058 D6=00000003 D7=00000000 xnzvc
02:9770  44 80  NEG.L   D0                       A0=00E9ADE0 A1=0548CC1D A2=00FFA85A A3=00004E7E A4=000334D4 A5=00000000 A6=00000000 A7=00FF7F64 D0=00000003 D1=15181E3D D2=00000003 D3=00000003 D4=0000000C D5=00000058 D6=00000003 D7=00000000 xnzvc
02:9772  35 40  MOVE.W  D0,$0008(A2)             A0=00E9ADE0 A1=0548CC1D A2=00FFA85A A3=00004E7E A4=000334D4 A5=00000000 A6=00000000 A7=00FF7F64 D0=FFFFFFFD D1=15181E3D D2=00000003 D3=00000003 D4=0000000C D5=00000058 D6=00000003 D7=00000000 XNzvC
02:9776  4E 93  JSR     (A3)                     A0=023AA73C A1=45C797A8 A2=00FFA6DA A3=00004E7E A4=000334D4 A5=00000000 A6=00000000 A7=00FF7F6C D0=0000F06C D1=3383F06C D2=FFFF0001 D3=00000000 D4=00000000 D5=000000A8 D6=00000003 D7=00000000 xNZvc
02:9778  44 80  NEG.L   D0                       A0=017FCBE4 A1=5B7C30FD A2=00FFA6DA A3=00004E7E A4=000334D4 A5=00000000 A6=00000000 A7=00FF7F6C D0=00006519 D1=22A56519 D2=FFFF0001 D3=00000000 D4=00000000 D5=000000A8 D6=00000003 D7=00000000 xnzvc
02:977A  72 0C  MOVEQ   #$0C,D1                  A0=017FCBE4 A1=5B7C30FD A2=00FFA6DA A3=00004E7E A4=000334D4 A5=00000000 A6=00000000 A7=00FF7F6C D0=FFFF9AE7 D1=22A56519 D2=FFFF0001 D3=00000000 D4=00000000 D5=000000A8 D6=00000003 D7=00000000 XNzvC
02:977C  81 C1  DIVS.W  D1,D0                    A0=017FCBE4 A1=5B7C30FD A2=00FFA6DA A3=00004E7E A4=000334D4 A5=00000000 A6=00000000 A7=00FF7F6C D0=FFFF9AE7 D1=0000000C D2=FFFF0001 D3=00000000 D4=00000000 D5=000000A8 D6=00000003 D7=00000000 Xnzvc
02:977E  68 08  BVC     #$08 [02:9788]           A0=017FCBE4 A1=5B7C30FD A2=00FFA6DA A3=00004E7E A4=000334D4 A5=00000000 A6=00000000 A7=00FF7F6C D0=FFF7F794 D1=0000000C D2=FFFF0001 D3=00000000 D4=00000000 D5=000000A8 D6=00000003 D7=00000000 XNzvc
02:9788  48 40  SWAP.W  D0                       A0=017FCBE4 A1=5B7C30FD A2=00FFA6DA A3=00004E7E A4=000334D4 A5=00000000 A6=00000000 A7=00FF7F6C D0=FFF7F794 D1=0000000C D2=FFFF0001 D3=00000000 D4=00000000 D5=000000A8 D6=00000003 D7=00000000 XNzvc
02:978A  48 C0  EXT.L   D0                       A0=017FCBE4 A1=5B7C30FD A2=00FFA6DA A3=00004E7E A4=000334D4 A5=00000000 A6=00000000 A7=00FF7F6C D0=F794FFF7 D1=0000000C D2=FFFF0001 D3=00000000 D4=00000000 D5=000000A8 D6=00000003 D7=00000000 XNzvc
02:978C  35 40  MOVE.W  D0,$000A(A2)             A0=017FCBE4 A1=5B7C30FD A2=00FFA6DA A3=00004E7E A4=000334D4 A5=00000000 A6=00000000 A7=00FF7F6C D0=FFFFFFF7 D1=0000000C D2=FFFF0001 D3=00000000 D4=00000000 D5=000000A8 D6=00000003 D7=00000000 XNzvc
02:9790  4E 93  JSR     (A3)                     A0=017FCBE4 A1=5B7C30FD A2=00FFA6DA A3=00004E7E A4=000334D4 A5=00000000 A6=00000000 A7=00FF7F6C D0=FFFFFFF7 D1=0000000C D2=FFFF0001 D3=00000000 D4=00000000 D5=000000A8 D6=00000003 D7=00000000 XNzvc
02:9792  30 00  MOVE.W  D0,D0                    A0=01FF480C A1=4B50C282 A2=00FFA6DA A3=00004E7E A4=000334D4 A5=00000000 A6=00000000 A7=00FF7F6C D0=00007A76 D1=2E277A76 D2=FFFF0001 D3=00000000 D4=00000000 D5=000000A8 D6=00000003 D7=00000000 xnzvc
02:9794  02 40  ANDI.W  #$0001,D0                A0=01FF480C A1=4B50C282 A2=00FFA6DA A3=00004E7E A4=000334D4 A5=00000000 A6=00000000 A7=00FF7F6C D0=00007A76 D1=2E277A76 D2=FFFF0001 D3=00000000 D4=00000000 D5=000000A8 D6=00000003 D7=00000000 xnzvc
02:9798  66 0A  BNE     #$0A [02:97A4]           A0=01FF480C A1=4B50C282 A2=00FFA6DA A3=00004E7E A4=000334D4 A5=00000000 A6=00000000 A7=00FF7F6C D0=00000000 D1=2E277A76 D2=FFFF0001 D3=00000000 D4=00000000 D5=000000A8 D6=00000003 D7=00000000 xnZvc
02:979A  25 7C  MOVE.L  #$000306B8,$001A(A2)     A0=001F80E0 A1=2675CCC8 A2=00FFA85A A3=00004E7E A4=000334D4 A5=00000000 A6=00000000 A7=00FF7F64 D0=00000000 D1=02D84BE8 D2=00000003 D3=00000003 D4=0000000C D5=00000058 D6=00000003 D7=00000000 xnZvc
02:97A2  60 0E  BRA     #$0E [02:97B2]           A0=001F80E0 A1=2675CCC8 A2=00FFA85A A3=00004E7E A4=000334D4 A5=00000000 A6=00000000 A7=00FF7F64 D0=00000000 D1=02D84BE8 D2=00000003 D3=00000003 D4=0000000C D5=00000058 D6=00000003 D7=00000000 xnzvc
02:97A4  0C 40  CMPI.W  #$0001,D0                A0=01794E2C A1=6B2723A5 A2=00FFA75A A3=00004E7E A4=000334D4 A5=00000000 A6=00000000 A7=00FF7F64 D0=00000001 D1=220FD579 D2=00000003 D3=00000001 D4=0000000C D5=00000058 D6=00000003 D7=00000000 xnzvc
02:97A8  66 10  BNE     #$10 [02:97BA]           A0=01794E2C A1=6B2723A5 A2=00FFA75A A3=00004E7E A4=000334D4 A5=00000000 A6=00000000 A7=00FF7F64 D0=00000001 D1=220FD579 D2=00000003 D3=00000001 D4=0000000C D5=00000058 D6=00000003 D7=00000000 xnZvc
02:97AA  25 7C  MOVE.L  #$000306BD,$001A(A2)     A0=01794E2C A1=6B2723A5 A2=00FFA75A A3=00004E7E A4=000334D4 A5=00000000 A6=00000000 A7=00FF7F64 D0=00000001 D1=220FD579 D2=00000003 D3=00000001 D4=0000000C D5=00000058 D6=00000003 D7=00000000 xnZvc
02:97B2  20 4C  MOVE.L  A4,A0                    A0=01FF480C A1=4B50C282 A2=00FFA6DA A3=00004E7E A4=000334D4 A5=00000000 A6=00000000 A7=00FF7F6C D0=00000000 D1=2E277A76 D2=FFFF0001 D3=00000000 D4=00000000 D5=000000A8 D6=00000003 D7=00000000 xnzvc
02:97B4  25 48  MOVE.L  A0,$001E(A2)             A0=000334D4 A1=4B50C282 A2=00FFA6DA A3=00004E7E A4=000334D4 A5=00000000 A6=00000000 A7=00FF7F6C D0=00000000 D1=2E277A76 D2=FFFF0001 D3=00000000 D4=00000000 D5=000000A8 D6=00000003 D7=00000000 xnzvc
02:97B8  60 26  BRA     #$26 [02:97E0]           A0=000334D4 A1=4B50C282 A2=00FFA6DA A3=00004E7E A4=000334D4 A5=00000000 A6=00000000 A7=00FF7F6C D0=00000000 D1=2E277A76 D2=FFFF0001 D3=00000000 D4=00000000 D5=000000A8 D6=00000003 D7=00000000 xnzvc
02:97E0  20 6A  MOVE.L  $001E(A2),A0             A0=000334D4 A1=4B50C282 A2=00FFA6DA A3=00004E7E A4=000334D4 A5=00000000 A6=00000000 A7=00FF7F6C D0=00000000 D1=2E277A76 D2=FFFF0001 D3=00000000 D4=00000000 D5=000000A8 D6=00000003 D7=00000000 xnzvc
02:97E4  25 50  MOVE.L  (A0),$0022(A2)           A0=000334D4 A1=4B50C282 A2=00FFA6DA A3=00004E7E A4=000334D4 A5=00000000 A6=00000000 A7=00FF7F6C D0=00000000 D1=2E277A76 D2=FFFF0001 D3=00000000 D4=00000000 D5=000000A8 D6=00000003 D7=00000000 xnzvc
02:97E8  15 7C  MOVE.B  #$05,$0027(A2)           A0=000334D4 A1=4B50C282 A2=00FFA6DA A3=00004E7E A4=000334D4 A5=00000000 A6=00000000 A7=00FF7F6C D0=00000000 D1=2E277A76 D2=FFFF0001 D3=00000000 D4=00000000 D5=000000A8 D6=00000003 D7=00000000 xnzvc
02:97EE  15 7C  MOVE.B  #$01,$0028(A2)           A0=000334D4 A1=4B50C282 A2=00FFA6DA A3=00004E7E A4=000334D4 A5=00000000 A6=00000000 A7=00FF7F6C D0=00000000 D1=2E277A76 D2=FFFF0001 D3=00000000 D4=00000000 D5=000000A8 D6=00000003 D7=00000000 xnzvc
02:97F4  15 7C  MOVE.B  #$FF,$0026(A2)           A0=000334D4 A1=4B50C282 A2=00FFA6DA A3=00004E7E A4=000334D4 A5=00000000 A6=00000000 A7=00FF7F6C D0=00000000 D1=2E277A76 D2=FFFF0001 D3=00000000 D4=00000000 D5=000000A8 D6=00000003 D7=00000000 xnzvc
02:97FA  42 2A  CLR.B   $004A(A2)                A0=000334D4 A1=4B50C282 A2=00FFA6DA A3=00004E7E A4=000334D4 A5=00000000 A6=00000000 A7=00FF7F6C D0=00000000 D1=2E277A76 D2=FFFF0001 D3=00000000 D4=00000000 D5=000000A8 D6=00000003 D7=00000000 xNzvc
02:97FE  60 08  BRA     #$08 [02:9808]           A0=000334D4 A1=4B50C282 A2=00FFA6DA A3=00004E7E A4=000334D4 A5=00000000 A6=00000000 A7=00FF7F6C D0=00000000 D1=2E277A76 D2=FFFF0001 D3=00000000 D4=00000000 D5=000000A8 D6=00000003 D7=00000000 xnZvc
02:9800  52 6A  ADDQ.W  #1,$0002(A2)             A0=00FFA85A A1=000333B6 A2=00FFA85A A3=00004E7E A4=000334D4 A5=00000000 A6=00000000 A7=00FF7F6C D0=0000000C D1=00000600 D2=00000001 D3=00000003 D4=00000000 D5=000000A8 D6=00000000 D7=00000000 xnzvc
02:9804  52 6A  ADDQ.W  #1,$0004(A2)             A0=00FFA85A A1=000333B6 A2=00FFA85A A3=00004E7E A4=000334D4 A5=00000000 A6=00000000 A7=00FF7F6C D0=0000000C D1=00000600 D2=00000001 D3=00000003 D4=00000000 D5=000000A8 D6=00000000 D7=00000000 xnzvc
02:9808  30 2A  MOVE.W  $0006(A2),D0             A0=00FFA85A A1=000333B6 A2=00FFA85A A3=00004E7E A4=000334D4 A5=00000000 A6=00000000 A7=00FF7F6C D0=0000000C D1=00000600 D2=00000001 D3=00000003 D4=00000000 D5=000000A8 D6=00000000 D7=00000000 xNzvc
02:980C  D0 44  ADD.W   D4,D0                    A0=00FFA85A A1=000333B6 A2=00FFA85A A3=00004E7E A4=000334D4 A5=00000000 A6=00000000 A7=00FF7F6C D0=00000002 D1=00000600 D2=00000001 D3=00000003 D4=00000000 D5=000000A8 D6=00000000 D7=00000000 xnzvc
02:980E  D1 52  ADD.W   D0,(A2)                  A0=00FFA85A A1=000333B6 A2=00FFA85A A3=00004E7E A4=000334D4 A5=00000000 A6=00000000 A7=00FF7F6C D0=00000002 D1=00000600 D2=00000001 D3=00000003 D4=00000000 D5=000000A8 D6=00000000 D7=00000000 xnzvc
02:9810  30 2A  MOVE.W  $0008(A2),D0             A0=00FFA85A A1=000333B6 A2=00FFA85A A3=00004E7E A4=000334D4 A5=00000000 A6=00000000 A7=00FF7F6C D0=00000002 D1=00000600 D2=00000001 D3=00000003 D4=00000000 D5=000000A8 D6=00000000 D7=00000000 xnzvc
02:9814  D1 6A  ADD.W   D0,$0004(A2)             A0=00FFA85A A1=000333B6 A2=00FFA85A A3=00004E7E A4=000334D4 A5=00000000 A6=00000000 A7=00FF7F6C D0=0000FFFE D1=00000600 D2=00000001 D3=00000003 D4=00000000 D5=000000A8 D6=00000000 D7=00000000 xNzvc
02:9818  52 6A  ADDQ.W  #1,$000A(A2)             A0=00FFA85A A1=000333B6 A2=00FFA85A A3=00004E7E A4=000334D4 A5=00000000 A6=00000000 A7=00FF7F6C D0=0000FFFE D1=00000600 D2=00000001 D3=00000003 D4=00000000 D5=000000A8 D6=00000000 D7=00000000 XNzvC
02:981C  4A 6A  TST.W   $000A(A2)                A0=00FFA85A A1=000333B6 A2=00FFA85A A3=00004E7E A4=000334D4 A5=00000000 A6=00000000 A7=00FF7F6C D0=0000FFFE D1=00000600 D2=00000001 D3=00000003 D4=00000000 D5=000000A8 D6=00000000 D7=00000000 xnzvc
02:9820  66 10  BNE     #$10 [02:9832]           A0=00FFA85A A1=000333B6 A2=00FFA85A A3=00004E7E A4=000334D4 A5=00000000 A6=00000000 A7=00FF7F6C D0=0000FFFE D1=00000600 D2=00000001 D3=00000003 D4=00000000 D5=000000A8 D6=00000000 D7=00000000 xnzvc
02:9822  42 A7  CLR.L   -(SP)                    A0=00FFA75A A1=00035BE6 A2=00FFA75A A3=00004E7E A4=000334D4 A5=00000000 A6=00000000 A7=00FF7F64 D0=00000004 D1=00000500 D2=00000001 D3=00000001 D4=00000000 D5=000000A8 D6=00000000 D7=00000000 XnZvc
02:9824  2F 0A  MOVE.L  A2,-(SP)                 A0=00FFA75A A1=00035BE6 A2=00FFA75A A3=00004E7E A4=000334D4 A5=00000000 A6=00000000 A7=00FF7F60 D0=00000004 D1=00000500 D2=00000001 D3=00000001 D4=00000000 D5=000000A8 D6=00000000 D7=00000000 XnZvc
02:9826  4E B9  JSR     ($0000D756)              A0=00FFA75A A1=00035BE6 A2=00FFA75A A3=00004E7E A4=000334D4 A5=00000000 A6=00000000 A7=00FF7F5C D0=00000004 D1=00000500 D2=00000001 D3=00000001 D4=00000000 D5=000000A8 D6=00000000 D7=00000000 Xnzvc
02:982C  50 8F  ADDQ.L  #8,SP                    A0=00FFA78D A1=00FFD940 A2=00FFA75A A3=00004E7E A4=000334D4 A5=00000000 A6=00000000 A7=00FF7F5C D0=00000002 D1=00000019 D2=00000001 D3=00000001 D4=00000000 D5=000000A8 D6=00000000 D7=00000000 xnzvc
02:982E  42 2A  CLR.B   $004A(A2)                A0=00FFA78D A1=00FFD940 A2=00FFA75A A3=00004E7E A4=000334D4 A5=00000000 A6=00000000 A7=00FF7F64 D0=00000002 D1=00000019 D2=00000001 D3=00000001 D4=00000000 D5=000000A8 D6=00000000 D7=00000000 xnzvc
02:9832  52 43  ADDQ.W  #1,D3                    A0=00FFA85A A1=000333B6 A2=00FFA85A A3=00004E7E A4=000334D4 A5=00000000 A6=00000000 A7=00FF7F6C D0=0000FFFE D1=00000600 D2=00000001 D3=00000003 D4=00000000 D5=000000A8 D6=00000000 D7=00000000 xnzvc
02:9834  0C 43  CMPI.W  #$0004,D3                A0=00FFA85A A1=000333B6 A2=00FFA85A A3=00004E7E A4=000334D4 A5=00000000 A6=00000000 A7=00FF7F6C D0=0000FFFE D1=00000600 D2=00000001 D3=00000004 D4=00000000 D5=000000A8 D6=00000000 D7=00000000 xnzvc
02:9838  6D 00  BLT     #$FE68 [02:96A2]         A0=00FFA85A A1=000333B6 A2=00FFA85A A3=00004E7E A4=000334D4 A5=00000000 A6=00000000 A7=00FF7F6C D0=0000FFFE D1=00000600 D2=00000001 D3=00000004 D4=00000000 D5=000000A8 D6=00000000 D7=00000000 xnZvc
02:983C  4C DF  MOVEM.L (SP)+,{a7-d0}[1c 7c]     A0=00FFA85A A1=3B0B2B7D A2=00FFA85A A3=00004E7E A4=000334D4 A5=00000000 A6=00000000 A7=00FF7F6C D0=0000FFFE D1=3D030600 D2=00000001 D3=00000004 D4=00000000 D5=000000A8 D6=00000003 D7=00000000 xnZvc
02:9840  4E 75  RTS                              A0=00FFA85A A1=3B0B2B7D A2=000284EA A3=0003072A A4=00FFE3FC A5=00000000 A6=00000000 A7=00FF7F8C D0=0000FFFE D1=3D030600 D2=00000000 D3=00000001 D4=00000000 D5=00000000 D6=00000000 D7=00000000 xnZvc

02:9842  48 E7  MOVEM.L {d0-a7}[30 00],-(SP)     A0=00FF9364 A1=00032A84 A2=00FFE3F8 A3=00FFE3FC A4=00FF8000 A5=00000000 A6=00000000 A7=00FF7F98 D0=00000032 D1=00000000 D2=00000000 D3=000000A0 D4=00000000 D5=00000000 D6=00000000 D7=00000000 xnzvc
02:9846  34 2F  MOVE.W  $000E(SP),D2             A0=00FF9364 A1=00032A84 A2=00FFE3F8 A3=00FFE3FC A4=00FF8000 A5=00000000 A6=00000000 A7=00FF7F90 D0=00000032 D1=00000000 D2=00000000 D3=000000A0 D4=00000000 D5=00000000 D6=00000000 D7=00000000 xnzvc
02:984A  36 2F  MOVE.W  $0012(SP),D3             A0=00FF9364 A1=00032A84 A2=00FFE3F8 A3=00FFE3FC A4=00FF8000 A5=00000000 A6=00000000 A7=00FF7F90 D0=00000032 D1=00000000 D2=000000A0 D3=000000A0 D4=00000000 D5=00000000 D6=00000000 D7=00000000 xnzvc
02:984E  4E B9  JSR     ($0000D8E4)              A0=00FF9364 A1=00032A84 A2=00FFE3F8 A3=00FFE3FC A4=00FF8000 A5=00000000 A6=00000000 A7=00FF7F90 D0=00000032 D1=00000000 D2=000000A0 D3=000000B4 D4=00000000 D5=00000000 D6=00000000 D7=00000000 xnzvc
02:9854  33 C0  MOVE.W  D0,($00FFE3F2)           A0=00FFA25A A1=00032A84 A2=00FFE3F8 A3=00FFE3FC A4=00FF8000 A5=00000000 A6=00000000 A7=00FF7F90 D0=00000006 D1=00000000 D2=000000A0 D3=000000B4 D4=00000000 D5=00000000 D6=00000000 D7=00000000 xnzvc
02:985A  67 60  BEQ     #$60 [02:98BC]           A0=00FFA25A A1=00032A84 A2=00FFE3F8 A3=00FFE3FC A4=00FF8000 A5=00000000 A6=00000000 A7=00FF7F90 D0=00000006 D1=00000000 D2=000000A0 D3=000000B4 D4=00000000 D5=00000000 D6=00000000 D7=00000000 xnzvc
02:985C  30 39  MOVE.W  ($00FFE3F2),D0           A0=00FFA25A A1=00032A84 A2=00FFE3F8 A3=00FFE3FC A4=00FF8000 A5=00000000 A6=00000000 A7=00FF7F90 D0=00000006 D1=00000000 D2=000000A0 D3=000000B4 D4=00000000 D5=00000000 D6=00000000 D7=00000000 xnzvc
02:9862  EF 40  ASL.W   #7,D0                    A0=00FFA25A A1=00032A84 A2=00FFE3F8 A3=00FFE3FC A4=00FF8000 A5=00000000 A6=00000000 A7=00FF7F90 D0=00000006 D1=00000000 D2=000000A0 D3=000000B4 D4=00000000 D5=00000000 D6=00000000 D7=00000000 xnzvc
02:9864  20 7C  MOVE.L  #$00FFA25A,A0            A0=00FFA25A A1=00032A84 A2=00FFE3F8 A3=00FFE3FC A4=00FF8000 A5=00000000 A6=00000000 A7=00FF7F90 D0=00000300 D1=00000000 D2=000000A0 D3=000000B4 D4=00000000 D5=00000000 D6=00000000 D7=00000000 xnzvc
02:986A  D0 C0  ADDA.W  D0,A0                    A0=00FFA25A A1=00032A84 A2=00FFE3F8 A3=00FFE3FC A4=00FF8000 A5=00000000 A6=00000000 A7=00FF7F90 D0=00000300 D1=00000000 D2=000000A0 D3=000000B4 D4=00000000 D5=00000000 D6=00000000 D7=00000000 xnzvc
02:986C  42 68  CLR.W   $002C(A0)                A0=00FFA55A A1=00032A84 A2=00FFE3F8 A3=00FFE3FC A4=00FF8000 A5=00000000 A6=00000000 A7=00FF7F90 D0=00000300 D1=00000000 D2=000000A0 D3=000000B4 D4=00000000 D5=00000000 D6=00000000 D7=00000000 xnzvc
02:9870  21 79  MOVE.L  ($00037016),$0022(A0)    A0=00FFA55A A1=00032A84 A2=00FFE3F8 A3=00FFE3FC A4=00FF8000 A5=00000000 A6=00000000 A7=00FF7F90 D0=00000300 D1=00000000 D2=000000A0 D3=000000B4 D4=00000000 D5=00000000 D6=00000000 D7=00000000 xnZvc
02:9878  21 7C  MOVE.L  #$00037016,$001E(A0)     A0=00FFA55A A1=00032A84 A2=00FFE3F8 A3=00FFE3FC A4=00FF8000 A5=00000000 A6=00000000 A7=00FF7F90 D0=00000300 D1=00000000 D2=000000A0 D3=000000B4 D4=00000000 D5=00000000 D6=00000000 D7=00000000 xnzvc
02:9880  11 7C  MOVE.B  #$08,$002B(A0)           A0=00FFA55A A1=00032A84 A2=00FFE3F8 A3=00FFE3FC A4=00FF8000 A5=00000000 A6=00000000 A7=00FF7F90 D0=00000300 D1=00000000 D2=000000A0 D3=000000B4 D4=00000000 D5=00000000 D6=00000000 D7=00000000 xnzvc
02:9886  11 7C  MOVE.B  #$01,$002E(A0)           A0=00FFA55A A1=00032A84 A2=00FFE3F8 A3=00FFE3FC A4=00FF8000 A5=00000000 A6=00000000 A7=00FF7F90 D0=00000300 D1=00000000 D2=000000A0 D3=000000B4 D4=00000000 D5=00000000 D6=00000000 D7=00000000 xnzvc
02:988C  30 82  MOVE.W  D2,(A0)                  A0=00FFA55A A1=00032A84 A2=00FFE3F8 A3=00FFE3FC A4=00FF8000 A5=00000000 A6=00000000 A7=00FF7F90 D0=00000300 D1=00000000 D2=000000A0 D3=000000B4 D4=00000000 D5=00000000 D6=00000000 D7=00000000 xnzvc
02:988E  31 43  MOVE.W  D3,$0002(A0)             A0=00FFA55A A1=00032A84 A2=00FFE3F8 A3=00FFE3FC A4=00FF8000 A5=00000000 A6=00000000 A7=00FF7F90 D0=00000300 D1=00000000 D2=000000A0 D3=000000B4 D4=00000000 D5=00000000 D6=00000000 D7=00000000 xnzvc
02:9892  42 28  CLR.B   $004A(A0)                A0=00FFA55A A1=00032A84 A2=00FFE3F8 A3=00FFE3FC A4=00FF8000 A5=00000000 A6=00000000 A7=00FF7F90 D0=00000300 D1=00000000 D2=000000A0 D3=000000B4 D4=00000000 D5=00000000 D6=00000000 D7=00000000 xnzvc
02:9896  21 7C  MOVE.L  #$0003069E,$001A(A0)     A0=00FFA55A A1=00032A84 A2=00FFE3F8 A3=00FFE3FC A4=00FF8000 A5=00000000 A6=00000000 A7=00FF7F90 D0=00000300 D1=00000000 D2=000000A0 D3=000000B4 D4=00000000 D5=00000000 D6=00000000 D7=00000000 xnZvc
02:989E  11 7C  MOVE.B  #$01,$0028(A0)           A0=00FFA55A A1=00032A84 A2=00FFE3F8 A3=00FFE3FC A4=00FF8000 A5=00000000 A6=00000000 A7=00FF7F90 D0=00000300 D1=00000000 D2=000000A0 D3=000000B4 D4=00000000 D5=00000000 D6=00000000 D7=00000000 xnzvc
02:98A4  11 7C  MOVE.B  #$FF,$0026(A0)           A0=00FFA55A A1=00032A84 A2=00FFE3F8 A3=00FFE3FC A4=00FF8000 A5=00000000 A6=00000000 A7=00FF7F90 D0=00000300 D1=00000000 D2=000000A0 D3=000000B4 D4=00000000 D5=00000000 D6=00000000 D7=00000000 xnzvc
02:98AA  11 7C  MOVE.B  #$06,$0027(A0)           A0=00FFA55A A1=00032A84 A2=00FFE3F8 A3=00FFE3FC A4=00FF8000 A5=00000000 A6=00000000 A7=00FF7F90 D0=00000300 D1=00000000 D2=000000A0 D3=000000B4 D4=00000000 D5=00000000 D6=00000000 D7=00000000 xNzvc
02:98B0  42 A7  CLR.L   -(SP)                    A0=00FFA55A A1=00032A84 A2=00FFE3F8 A3=00FFE3FC A4=00FF8000 A5=00000000 A6=00000000 A7=00FF7F90 D0=00000300 D1=00000000 D2=000000A0 D3=000000B4 D4=00000000 D5=00000000 D6=00000000 D7=00000000 xnzvc
02:98B2  2F 08  MOVE.L  A0,-(SP)                 A0=00FFA55A A1=00032A84 A2=00FFE3F8 A3=00FFE3FC A4=00FF8000 A5=00000000 A6=00000000 A7=00FF7F8C D0=00000300 D1=00000000 D2=000000A0 D3=000000B4 D4=00000000 D5=00000000 D6=00000000 D7=00000000 xnZvc
02:98B4  4E B9  JSR     ($0000D756)              A0=00FFA55A A1=00032A84 A2=00FFE3F8 A3=00FFE3FC A4=00FF8000 A5=00000000 A6=00000000 A7=00FF7F88 D0=00000300 D1=00000000 D2=000000A0 D3=000000B4 D4=00000000 D5=00000000 D6=00000000 D7=00000000 xnzvc
02:98BA  50 8F  ADDQ.L  #8,SP                    A0=00FFA58A A1=00FFD940 A2=00FFE3F8 A3=00FFE3FC A4=00FF8000 A5=00000000 A6=00000000 A7=00FF7F88 D0=00000002 D1=00000019 D2=000000A0 D3=000000B4 D4=00000000 D5=00000000 D6=00000000 D7=00000000 xnzvc
02:98BC  4C DF  MOVEM.L (SP)+,{a7-d0}[00 0c]     A0=00FFA58A A1=00FFD940 A2=00FFE3F8 A3=00FFE3FC A4=00FF8000 A5=00000000 A6=00000000 A7=00FF7F90 D0=00000002 D1=00000019 D2=000000A0 D3=000000B4 D4=00000000 D5=00000000 D6=00000000 D7=00000000 xnzvc
02:98C0  4E 75  RTS                              A0=00FFA58A A1=00FFD940 A2=00FFE3F8 A3=00FFE3FC A4=00FF8000 A5=00000000 A6=00000000 A7=00FF7F98 D0=00000002 D1=00000019 D2=00000000 D3=000000A0 D4=00000000 D5=00000000 D6=00000000 D7=00000000 xnzvc

02:98C2  4A 79  TST.W   ($00FFE3F2)              A0=00FF9364 A1=00032A84 A2=00FFE3F8 A3=00FFE3FC A4=00FF8000 A5=00000000 A6=00000000 A7=00FF7FA0 D0=00000060 D1=00000000 D2=00000000 D3=000000A0 D4=00000000 D5=00000000 D6=00000000 D7=00000000 xnzvc
02:98C8  67 12  BEQ     #$12 [02:98DC]           A0=00FF9364 A1=00032A84 A2=00FFE3F8 A3=00FFE3FC A4=00FF8000 A5=00000000 A6=00000000 A7=00FF7FA0 D0=00000060 D1=00000000 D2=00000000 D3=000000A0 D4=00000000 D5=00000000 D6=00000000 D7=00000000 xnzvc
02:98CA  70 00  MOVEQ   #$00,D0                  A0=00FF9364 A1=00032A84 A2=00FFE3F8 A3=00FFE3FC A4=00FF8000 A5=00000000 A6=00000000 A7=00FF7FA0 D0=00000060 D1=00000000 D2=00000000 D3=000000A0 D4=00000000 D5=00000000 D6=00000000 D7=00000000 xnzvc
02:98CC  30 39  MOVE.W  ($00FFE3F2),D0           A0=00FF9364 A1=00032A84 A2=00FFE3F8 A3=00FFE3FC A4=00FF8000 A5=00000000 A6=00000000 A7=00FF7FA0 D0=00000000 D1=00000000 D2=00000000 D3=000000A0 D4=00000000 D5=00000000 D6=00000000 D7=00000000 xnZvc
02:98D2  2F 00  MOVE.L  D0,-(SP)                 A0=00FF9364 A1=00032A84 A2=00FFE3F8 A3=00FFE3FC A4=00FF8000 A5=00000000 A6=00000000 A7=00FF7FA0 D0=00000006 D1=00000000 D2=00000000 D3=000000A0 D4=00000000 D5=00000000 D6=00000000 D7=00000000 xnzvc
02:98D4  4E B9  JSR     ($0000D950)              A0=00FF9364 A1=00032A84 A2=00FFE3F8 A3=00FFE3FC A4=00FF8000 A5=00000000 A6=00000000 A7=00FF7F9C D0=00000006 D1=00000000 D2=00000000 D3=000000A0 D4=00000000 D5=00000000 D6=00000000 D7=00000000 xnzvc
02:98DA  58 8F  ADDQ.L  #4,SP                    A0=00FFD9C6 A1=00032A84 A2=00FFE3F8 A3=00FFE3FC A4=00FF8000 A5=00000000 A6=00000000 A7=00FF7F9C D0=00000000 D1=00000000 D2=00000000 D3=000000A0 D4=00000000 D5=00000000 D6=00000000 D7=00000000 xnZvc
02:98DC  4E 75  RTS                              A0=00FFD9C6 A1=00032A84 A2=00FFE3F8 A3=00FFE3FC A4=00FF8000 A5=00000000 A6=00000000 A7=00FF7FA0 D0=00000000 D1=00000000 D2=00000000 D3=000000A0 D4=00000000 D5=00000000 D6=00000000 D7=00000000 xnZvc

02:98DE  48 E7  MOVEM.L {d0-a7}[30 00],-(SP)     A0=00FFA58B A1=00FFD940 A2=00FFE3F8 A3=00FFE3FC A4=00FF8000 A5=00000000 A6=00000000 A7=00FF7F98 D0=00000002 D1=00000019 D2=00000001 D3=00000014 D4=00000000 D5=00000000 D6=00000000 D7=00000000 xnzvc
02:98E2  34 2F  MOVE.W  $000E(SP),D2             A0=00FFA58B A1=00FFD940 A2=00FFE3F8 A3=00FFE3FC A4=00FF8000 A5=00000000 A6=00000000 A7=00FF7F90 D0=00000002 D1=00000019 D2=00000001 D3=00000014 D4=00000000 D5=00000000 D6=00000000 D7=00000000 xnzvc
02:98E6  36 2F  MOVE.W  $0012(SP),D3             A0=00FFA58B A1=00FFD940 A2=00FFE3F8 A3=00FFE3FC A4=00FF8000 A5=00000000 A6=00000000 A7=00FF7F90 D0=00000002 D1=00000019 D2=000000A0 D3=00000014 D4=00000000 D5=00000000 D6=00000000 D7=00000000 xnzvc
02:98EA  4E B9  JSR     ($0000D8E4)              A0=00FFA58B A1=00FFD940 A2=00FFE3F8 A3=00FFE3FC A4=00FF8000 A5=00000000 A6=00000000 A7=00FF7F90 D0=00000002 D1=00000019 D2=000000A0 D3=000000B4 D4=00000000 D5=00000000 D6=00000000 D7=00000000 xnzvc
02:98F0  33 C0  MOVE.W  D0,($00FFE3F4)           A0=00FFA25A A1=00FFD940 A2=00FFE3F8 A3=00FFE3FC A4=00FF8000 A5=00000000 A6=00000000 A7=00FF7F90 D0=00000007 D1=00000001 D2=000000A0 D3=000000B4 D4=00000000 D5=00000000 D6=00000000 D7=00000000 xnzvc
02:98F6  67 60  BEQ     #$60 [02:9958]           A0=00FFA25A A1=00FFD940 A2=00FFE3F8 A3=00FFE3FC A4=00FF8000 A5=00000000 A6=00000000 A7=00FF7F90 D0=00000007 D1=00000001 D2=000000A0 D3=000000B4 D4=00000000 D5=00000000 D6=00000000 D7=00000000 xnzvc
02:98F8  30 39  MOVE.W  ($00FFE3F4),D0           A0=00FFA25A A1=00FFD940 A2=00FFE3F8 A3=00FFE3FC A4=00FF8000 A5=00000000 A6=00000000 A7=00FF7F90 D0=00000007 D1=00000001 D2=000000A0 D3=000000B4 D4=00000000 D5=00000000 D6=00000000 D7=00000000 xnzvc
02:98FE  EF 40  ASL.W   #7,D0                    A0=00FFA25A A1=00FFD940 A2=00FFE3F8 A3=00FFE3FC A4=00FF8000 A5=00000000 A6=00000000 A7=00FF7F90 D0=00000007 D1=00000001 D2=000000A0 D3=000000B4 D4=00000000 D5=00000000 D6=00000000 D7=00000000 xnzvc
02:9900  20 7C  MOVE.L  #$00FFA25A,A0            A0=00FFA25A A1=00FFD940 A2=00FFE3F8 A3=00FFE3FC A4=00FF8000 A5=00000000 A6=00000000 A7=00FF7F90 D0=00000380 D1=00000001 D2=000000A0 D3=000000B4 D4=00000000 D5=00000000 D6=00000000 D7=00000000 xnzvc
02:9906  D0 C0  ADDA.W  D0,A0                    A0=00FFA25A A1=00FFD940 A2=00FFE3F8 A3=00FFE3FC A4=00FF8000 A5=00000000 A6=00000000 A7=00FF7F90 D0=00000380 D1=00000001 D2=000000A0 D3=000000B4 D4=00000000 D5=00000000 D6=00000000 D7=00000000 xnzvc
02:9908  42 68  CLR.W   $002C(A0)                A0=00FFA5DA A1=00FFD940 A2=00FFE3F8 A3=00FFE3FC A4=00FF8000 A5=00000000 A6=00000000 A7=00FF7F90 D0=00000380 D1=00000001 D2=000000A0 D3=000000B4 D4=00000000 D5=00000000 D6=00000000 D7=00000000 xnzvc
02:990C  21 7C  MOVE.L  #$00032A4E,$0022(A0)     A0=00FFA5DA A1=00FFD940 A2=00FFE3F8 A3=00FFE3FC A4=00FF8000 A5=00000000 A6=00000000 A7=00FF7F90 D0=00000380 D1=00000001 D2=000000A0 D3=000000B4 D4=00000000 D5=00000000 D6=00000000 D7=00000000 xnZvc
02:9914  21 7C  MOVE.L  #$0003349C,$001E(A0)     A0=00FFA5DA A1=00FFD940 A2=00FFE3F8 A3=00FFE3FC A4=00FF8000 A5=00000000 A6=00000000 A7=00FF7F90 D0=00000380 D1=00000001 D2=000000A0 D3=000000B4 D4=00000000 D5=00000000 D6=00000000 D7=00000000 xnzvc
02:991C  11 7C  MOVE.B  #$48,$002B(A0)           A0=00FFA5DA A1=00FFD940 A2=00FFE3F8 A3=00FFE3FC A4=00FF8000 A5=00000000 A6=00000000 A7=00FF7F90 D0=00000380 D1=00000001 D2=000000A0 D3=000000B4 D4=00000000 D5=00000000 D6=00000000 D7=00000000 xnzvc
02:9922  11 7C  MOVE.B  #$06,$002E(A0)           A0=00FFA5DA A1=00FFD940 A2=00FFE3F8 A3=00FFE3FC A4=00FF8000 A5=00000000 A6=00000000 A7=00FF7F90 D0=00000380 D1=00000001 D2=000000A0 D3=000000B4 D4=00000000 D5=00000000 D6=00000000 D7=00000000 xnzvc
02:9928  30 82  MOVE.W  D2,(A0)                  A0=00FFA5DA A1=00FFD940 A2=00FFE3F8 A3=00FFE3FC A4=00FF8000 A5=00000000 A6=00000000 A7=00FF7F90 D0=00000380 D1=00000001 D2=000000A0 D3=000000B4 D4=00000000 D5=00000000 D6=00000000 D7=00000000 xnzvc
02:992A  31 43  MOVE.W  D3,$0002(A0)             A0=00FFA5DA A1=00FFD940 A2=00FFE3F8 A3=00FFE3FC A4=00FF8000 A5=00000000 A6=00000000 A7=00FF7F90 D0=00000380 D1=00000001 D2=000000A0 D3=000000B4 D4=00000000 D5=00000000 D6=00000000 D7=00000000 xnzvc
02:992E  42 28  CLR.B   $004A(A0)                A0=00FFA5DA A1=00FFD940 A2=00FFE3F8 A3=00FFE3FC A4=00FF8000 A5=00000000 A6=00000000 A7=00FF7F90 D0=00000380 D1=00000001 D2=000000A0 D3=000000B4 D4=00000000 D5=00000000 D6=00000000 D7=00000000 xnzvc
02:9932  21 7C  MOVE.L  #$0003072A,$001A(A0)     A0=00FFA5DA A1=00FFD940 A2=00FFE3F8 A3=00FFE3FC A4=00FF8000 A5=00000000 A6=00000000 A7=00FF7F90 D0=00000380 D1=00000001 D2=000000A0 D3=000000B4 D4=00000000 D5=00000000 D6=00000000 D7=00000000 xnZvc
02:993A  11 7C  MOVE.B  #$01,$0028(A0)           A0=00FFA5DA A1=00FFD940 A2=00FFE3F8 A3=00FFE3FC A4=00FF8000 A5=00000000 A6=00000000 A7=00FF7F90 D0=00000380 D1=00000001 D2=000000A0 D3=000000B4 D4=00000000 D5=00000000 D6=00000000 D7=00000000 xnzvc
02:9940  11 7C  MOVE.B  #$FF,$0026(A0)           A0=00FFA5DA A1=00FFD940 A2=00FFE3F8 A3=00FFE3FC A4=00FF8000 A5=00000000 A6=00000000 A7=00FF7F90 D0=00000380 D1=00000001 D2=000000A0 D3=000000B4 D4=00000000 D5=00000000 D6=00000000 D7=00000000 xnzvc
02:9946  11 7C  MOVE.B  #$06,$0027(A0)           A0=00FFA5DA A1=00FFD940 A2=00FFE3F8 A3=00FFE3FC A4=00FF8000 A5=00000000 A6=00000000 A7=00FF7F90 D0=00000380 D1=00000001 D2=000000A0 D3=000000B4 D4=00000000 D5=00000000 D6=00000000 D7=00000000 xNzvc
02:994C  42 A7  CLR.L   -(SP)                    A0=00FFA5DA A1=00FFD940 A2=00FFE3F8 A3=00FFE3FC A4=00FF8000 A5=00000000 A6=00000000 A7=00FF7F90 D0=00000380 D1=00000001 D2=000000A0 D3=000000B4 D4=00000000 D5=00000000 D6=00000000 D7=00000000 xnzvc
02:994E  2F 08  MOVE.L  A0,-(SP)                 A0=00FFA5DA A1=00FFD940 A2=00FFE3F8 A3=00FFE3FC A4=00FF8000 A5=00000000 A6=00000000 A7=00FF7F8C D0=00000380 D1=00000001 D2=000000A0 D3=000000B4 D4=00000000 D5=00000000 D6=00000000 D7=00000000 xnZvc
02:9950  4E B9  JSR     ($0000D756)              A0=00FFA5DA A1=00FFD940 A2=00FFE3F8 A3=00FFE3FC A4=00FF8000 A5=00000000 A6=00000000 A7=00FF7F88 D0=00000380 D1=00000001 D2=000000A0 D3=000000B4 D4=00000000 D5=00000000 D6=00000000 D7=00000000 xnzvc
02:9956  50 8F  ADDQ.L  #8,SP                    A0=00FFA60F A1=00FFD940 A2=00FFE3F8 A3=00FFE3FC A4=00FF8000 A5=00000000 A6=00000000 A7=00FF7F88 D0=00000002 D1=00000019 D2=000000A0 D3=000000B4 D4=00000000 D5=00000000 D6=00000000 D7=00000000 xnzvc
02:9958  4C DF  MOVEM.L (SP)+,{a7-d0}[00 0c]     A0=00FFA60F A1=00FFD940 A2=00FFE3F8 A3=00FFE3FC A4=00FF8000 A5=00000000 A6=00000000 A7=00FF7F90 D0=00000002 D1=00000019 D2=000000A0 D3=000000B4 D4=00000000 D5=00000000 D6=00000000 D7=00000000 xnzvc
02:995C  4E 75  RTS                              A0=00FFA60F A1=00FFD940 A2=00FFE3F8 A3=00FFE3FC A4=00FF8000 A5=00000000 A6=00000000 A7=00FF7F98 D0=00000002 D1=00000019 D2=00000001 D3=00000014 D4=00000000 D5=00000000 D6=00000000 D7=00000000 xnzvc

02:995E  4A 79  TST.W   ($00FFE3F4)              A0=00FFD9C6 A1=000AFAE2 A2=00FFE3F8 A3=00FFE3FC A4=00FF8000 A5=00000000 A6=00000000 A7=00FF7FA0 D0=00000000 D1=0000000B D2=00000000 D3=000000A0 D4=00000000 D5=00000000 D6=00000000 D7=00000000 xnZvc
02:9964  67 12  BEQ     #$12 [02:9978]           A0=00FFD9C6 A1=000AFAE2 A2=00FFE3F8 A3=00FFE3FC A4=00FF8000 A5=00000000 A6=00000000 A7=00FF7FA0 D0=00000000 D1=0000000B D2=00000000 D3=000000A0 D4=00000000 D5=00000000 D6=00000000 D7=00000000 xnzvc
02:9966  70 00  MOVEQ   #$00,D0                  A0=00FFD9C6 A1=000AFAE2 A2=00FFE3F8 A3=00FFE3FC A4=00FF8000 A5=00000000 A6=00000000 A7=00FF7FA0 D0=00000000 D1=0000000B D2=00000000 D3=000000A0 D4=00000000 D5=00000000 D6=00000000 D7=00000000 xnzvc
02:9968  30 39  MOVE.W  ($00FFE3F4),D0           A0=00FFD9C6 A1=000AFAE2 A2=00FFE3F8 A3=00FFE3FC A4=00FF8000 A5=00000000 A6=00000000 A7=00FF7FA0 D0=00000000 D1=0000000B D2=00000000 D3=000000A0 D4=00000000 D5=00000000 D6=00000000 D7=00000000 xnZvc
02:996E  2F 00  MOVE.L  D0,-(SP)                 A0=00FFD9C6 A1=000AFAE2 A2=00FFE3F8 A3=00FFE3FC A4=00FF8000 A5=00000000 A6=00000000 A7=00FF7FA0 D0=00000007 D1=0000000B D2=00000000 D3=000000A0 D4=00000000 D5=00000000 D6=00000000 D7=00000000 xnzvc
02:9970  4E B9  JSR     ($0000D950)              A0=00FFD9C6 A1=000AFAE2 A2=00FFE3F8 A3=00FFE3FC A4=00FF8000 A5=00000000 A6=00000000 A7=00FF7F9C D0=00000007 D1=0000000B D2=00000000 D3=000000A0 D4=00000000 D5=00000000 D6=00000000 D7=00000000 xnzvc
02:9976  58 8F  ADDQ.L  #4,SP                    A0=00FFD9C6 A1=000AFAE2 A2=00FFE3F8 A3=00FFE3FC A4=00FF8000 A5=00000000 A6=00000000 A7=00FF7F9C D0=00000001 D1=00000002 D2=00000000 D3=000000A0 D4=00000000 D5=00000000 D6=00000000 D7=00000000 xnZvc
02:9978  4E 75  RTS                              A0=00FFD9C6 A1=000AFAE2 A2=00FFE3F8 A3=00FFE3FC A4=00FF8000 A5=00000000 A6=00000000 A7=00FF7FA0 D0=00000001 D1=00000002 D2=00000000 D3=000000A0 D4=00000000 D5=00000000 D6=00000000 D7=00000000 xnZvc

02:9A16  48 E7  MOVEM.L {d0-a7}[20 38],-(SP)     A0=00FF9364 A1=00FF8036 A2=00026FDA A3=00FF8000 A4=00026FDA A5=00000000 A6=00000000 A7=00FF7FCC D0=00000000 D1=000001DC D2=00000001 D3=00000000 D4=00000000 D5=00000000 D6=00000000 D7=00000000 xnZvc
02:9A1A  24 7C  MOVE.L  #$00FF8038,A2            A0=00FF9364 A1=00FF8036 A2=00026FDA A3=00FF8000 A4=00026FDA A5=00000000 A6=00000000 A7=00FF7FBC D0=00000000 D1=000001DC D2=00000001 D3=00000000 D4=00000000 D5=00000000 D6=00000000 D7=00000000 xnZvc
02:9A20  26 7C  MOVE.L  #$00FF8036,A3            A0=00FF9364 A1=00FF8036 A2=00FF8038 A3=00FF8000 A4=00026FDA A5=00000000 A6=00000000 A7=00FF7FBC D0=00000000 D1=000001DC D2=00000001 D3=00000000 D4=00000000 D5=00000000 D6=00000000 D7=00000000 xnZvc
02:9A26  28 7C  MOVE.L  #$00FF8000,A4            A0=00FF9364 A1=00FF8036 A2=00FF8038 A3=00FF8036 A4=00026FDA A5=00000000 A6=00000000 A7=00FF7FBC D0=00000000 D1=000001DC D2=00000001 D3=00000000 D4=00000000 D5=00000000 D6=00000000 D7=00000000 xnZvc
02:9A2C  42 39  CLR.B   ($00FF802C)              A0=00FF9364 A1=00FF8036 A2=00FF8038 A3=00FF8036 A4=00FF8000 A5=00000000 A6=00000000 A7=00FF7FBC D0=00000000 D1=000001DC D2=00000001 D3=00000000 D4=00000000 D5=00000000 D6=00000000 D7=00000000 xnZvc
02:9A32  48 78  PEA     ($0001)                  A0=00FF9364 A1=00FF8036 A2=00FF8038 A3=00FF8036 A4=00FF8000 A5=00000000 A6=00000000 A7=00FF7FBC D0=00000000 D1=000001DC D2=00000001 D3=00000000 D4=00000000 D5=00000000 D6=00000000 D7=00000000 xnZvc
02:9A36  4E B9  JSR     ($00000578)              A0=00FF9364 A1=00FF8036 A2=00FF8038 A3=00FF8036 A4=00FF8000 A5=00000000 A6=00000000 A7=00FF7FB8 D0=00000000 D1=000001DC D2=00000001 D3=00000000 D4=00000000 D5=00000000 D6=00000000 D7=00000000 xnZvc
02:9A3C  02 14  ANDI.B  #$3C,(A4)                A0=00FF9364 A1=00FF8036 A2=00FF8038 A3=00FF8036 A4=00FF8000 A5=00000000 A6=00000000 A7=00FF7FB8 D0=00000001 D1=000001DC D2=00000001 D3=00000000 D4=00000000 D5=00000000 D6=00000000 D7=00000000 xnZvc
02:9A40  70 00  MOVEQ   #$00,D0                  A0=00FF9364 A1=00FF8036 A2=00FF8038 A3=00FF8036 A4=00FF8000 A5=00000000 A6=00000000 A7=00FF7FB8 D0=00000001 D1=000001DC D2=00000001 D3=00000000 D4=00000000 D5=00000000 D6=00000000 D7=00000000 xnzvc
02:9A42  10 14  MOVE.B  (A4),D0                  A0=00FF9364 A1=00FF8036 A2=00FF8038 A3=00FF8036 A4=00FF8000 A5=00000000 A6=00000000 A7=00FF7FB8 D0=00000000 D1=000001DC D2=00000001 D3=00000000 D4=00000000 D5=00000000 D6=00000000 D7=00000000 xnZvc
02:9A44  00 80  ORI.L   #$00008104,D0            A0=00FF9364 A1=00FF8036 A2=00FF8038 A3=00FF8036 A4=00FF8000 A5=00000000 A6=00000000 A7=00FF7FB8 D0=00000020 D1=000001DC D2=00000001 D3=00000000 D4=00000000 D5=00000000 D6=00000000 D7=00000000 xnzvc
02:9A4A  58 8F  ADDQ.L  #4,SP                    A0=00FF9364 A1=00FF8036 A2=00FF8038 A3=00FF8036 A4=00FF8000 A5=00000000 A6=00000000 A7=00FF7FB8 D0=00008124 D1=000001DC D2=00000001 D3=00000000 D4=00000000 D5=00000000 D6=00000000 D7=00000000 xnzvc
02:9A4C  33 C0  MOVE.W  D0,($00C00004)           A0=00FF9364 A1=00FF8036 A2=00FF8038 A3=00FF8036 A4=00FF8000 A5=00000000 A6=00000000 A7=00FF7FBC D0=00008124 D1=000001DC D2=00000001 D3=00000000 D4=00000000 D5=00000000 D6=00000000 D7=00000000 xnzvc
02:9A52  42 39  CLR.B   ($00FFE489)              A0=00FF9364 A1=00FF8036 A2=00FF8038 A3=00FF8036 A4=00FF8000 A5=00000000 A6=00000000 A7=00FF7FBC D0=00008124 D1=000001DC D2=00000001 D3=00000000 D4=00000000 D5=00000000 D6=00000000 D7=00000000 xNzvc
02:9A58  42 53  CLR.W   (A3)                     A0=00FF9364 A1=00FF8036 A2=00FF8038 A3=00FF8036 A4=00FF8000 A5=00000000 A6=00000000 A7=00FF7FBC D0=00008124 D1=000001DC D2=00000001 D3=00000000 D4=00000000 D5=00000000 D6=00000000 D7=00000000 xnZvc
02:9A5A  42 52  CLR.W   (A2)                     A0=00FF9364 A1=00FF8036 A2=00FF8038 A3=00FF8036 A4=00FF8000 A5=00000000 A6=00000000 A7=00FF7FBC D0=00008124 D1=000001DC D2=00000001 D3=00000000 D4=00000000 D5=00000000 D6=00000000 D7=00000000 xnZvc
02:9A5C  23 FC  MOVE.L  #$40000010,($00C00004)   A0=00FF9364 A1=00FF8036 A2=00FF8038 A3=00FF8036 A4=00FF8000 A5=00000000 A6=00000000 A7=00FF7FBC D0=00008124 D1=000001DC D2=00000001 D3=00000000 D4=00000000 D5=00000000 D6=00000000 D7=00000000 xnZvc
02:9A66  33 D2  MOVE.W  (A2),($00C00000)         A0=00FF9364 A1=00FF8036 A2=00FF8038 A3=00FF8036 A4=00FF8000 A5=00000000 A6=00000000 A7=00FF7FBC D0=00008124 D1=000001DC D2=00000001 D3=00000000 D4=00000000 D5=00000000 D6=00000000 D7=00000000 xnzvc
02:9A6C  23 FC  MOVE.L  #$7C000003,($00C00004)   A0=00FF9364 A1=00FF8036 A2=00FF8038 A3=00FF8036 A4=00FF8000 A5=00000000 A6=00000000 A7=00FF7FBC D0=00008124 D1=000001DC D2=00000001 D3=00000000 D4=00000000 D5=00000000 D6=00000000 D7=00000000 xnZvc
02:9A76  33 D3  MOVE.W  (A3),($00C00000)         A0=00FF9364 A1=00FF8036 A2=00FF8038 A3=00FF8036 A4=00FF8000 A5=00000000 A6=00000000 A7=00FF7FBC D0=00008124 D1=000001DC D2=00000001 D3=00000000 D4=00000000 D5=00000000 D6=00000000 D7=00000000 xnzvc
02:9A7C  23 FC  MOVE.L  #$40020010,($00C00004)   A0=00FF9364 A1=00FF8036 A2=00FF8038 A3=00FF8036 A4=00FF8000 A5=00000000 A6=00000000 A7=00FF7FBC D0=00008124 D1=000001DC D2=00000001 D3=00000000 D4=00000000 D5=00000000 D6=00000000 D7=00000000 xnZvc
02:9A86  33 D2  MOVE.W  (A2),($00C00000)         A0=00FF9364 A1=00FF8036 A2=00FF8038 A3=00FF8036 A4=00FF8000 A5=00000000 A6=00000000 A7=00FF7FBC D0=00008124 D1=000001DC D2=00000001 D3=00000000 D4=00000000 D5=00000000 D6=00000000 D7=00000000 xnzvc
02:9A8C  23 FC  MOVE.L  #$7C020003,($00C00004)   A0=00FF9364 A1=00FF8036 A2=00FF8038 A3=00FF8036 A4=00FF8000 A5=00000000 A6=00000000 A7=00FF7FBC D0=00008124 D1=000001DC D2=00000001 D3=00000000 D4=00000000 D5=00000000 D6=00000000 D7=00000000 xnZvc
02:9A96  33 D3  MOVE.W  (A3),($00C00000)         A0=00FF9364 A1=00FF8036 A2=00FF8038 A3=00FF8036 A4=00FF8000 A5=00000000 A6=00000000 A7=00FF7FBC D0=00008124 D1=000001DC D2=00000001 D3=00000000 D4=00000000 D5=00000000 D6=00000000 D7=00000000 xnzvc
02:9A9C  4E B9  JSR     ($000273C2)              A0=00FF9364 A1=00FF8036 A2=00FF8038 A3=00FF8036 A4=00FF8000 A5=00000000 A6=00000000 A7=00FF7FBC D0=00008124 D1=000001DC D2=00000001 D3=00000000 D4=00000000 D5=00000000 D6=00000000 D7=00000000 xnZvc
02:9AA2  33 FC  MOVE.W  #$8000,($00FF8196)       A0=00FF9364 A1=00FF8036 A2=00FF8038 A3=00FF8036 A4=00FF8000 A5=00000000 A6=00000000 A7=00FF7FBC D0=6F800040 D1=00000017 D2=00000001 D3=00000000 D4=00000000 D5=00000000 D6=00000000 D7=00000000 xnzvc
02:9AAA  23 FC  MOVE.L  #$70000002,($00C00004)   A0=00FF9364 A1=00FF8036 A2=00FF8038 A3=00FF8036 A4=00FF8000 A5=00000000 A6=00000000 A7=00FF7FBC D0=6F800040 D1=00000017 D2=00000001 D3=00000000 D4=00000000 D5=00000000 D6=00000000 D7=00000000 xNzvc
02:9AB4  30 39  MOVE.W  ($000A839C),D0           A0=00FF9364 A1=00FF8036 A2=00FF8038 A3=00FF8036 A4=00FF8000 A5=00000000 A6=00000000 A7=00FF7FBC D0=6F800040 D1=00000017 D2=00000001 D3=00000000 D4=00000000 D5=00000000 D6=00000000 D7=00000000 xnzvc
02:9ABA  48 C0  EXT.L   D0                       A0=00FF9364 A1=00FF8036 A2=00FF8038 A3=00FF8036 A4=00FF8000 A5=00000000 A6=00000000 A7=00FF7FBC D0=6F80006F D1=00000017 D2=00000001 D3=00000000 D4=00000000 D5=00000000 D6=00000000 D7=00000000 xnzvc
02:9ABC  E9 80  ASL.L   #4,D0                    A0=00FF9364 A1=00FF8036 A2=00FF8038 A3=00FF8036 A4=00FF8000 A5=00000000 A6=00000000 A7=00FF7FBC D0=0000006F D1=00000017 D2=00000001 D3=00000000 D4=00000000 D5=00000000 D6=00000000 D7=00000000 xnzvc
02:9ABE  2F 00  MOVE.L  D0,-(SP)                 A0=00FF9364 A1=00FF8036 A2=00FF8038 A3=00FF8036 A4=00FF8000 A5=00000000 A6=00000000 A7=00FF7FBC D0=000006F0 D1=00000017 D2=00000001 D3=00000000 D4=00000000 D5=00000000 D6=00000000 D7=00000000 xnzvc
02:9AC0  48 79  PEA     ($000A839E)              A0=00FF9364 A1=00FF8036 A2=00FF8038 A3=00FF8036 A4=00FF8000 A5=00000000 A6=00000000 A7=00FF7FB8 D0=000006F0 D1=00000017 D2=00000001 D3=00000000 D4=00000000 D5=00000000 D6=00000000 D7=00000000 xnzvc
02:9AC6  4E B9  JSR     ($00026F76)              A0=00FF9364 A1=00FF8036 A2=00FF8038 A3=00FF8036 A4=00FF8000 A5=00000000 A6=00000000 A7=00FF7FB4 D0=000006F0 D1=00000017 D2=00000001 D3=00000000 D4=00000000 D5=00000000 D6=00000000 D7=00000000 xnzvc
02:9ACC  42 A7  CLR.L   -(SP)                    A0=000A917E A1=00FF8036 A2=00FF8038 A3=00FF8036 A4=00FF8000 A5=00000000 A6=00000000 A7=00FF7FB4 D0=0000FFFF D1=00000017 D2=00000001 D3=00000000 D4=00000000 D5=00000000 D6=00000000 D7=00000000 xNzvc
02:9ACE  48 79  PEA     ($000982A8)              A0=000A917E A1=00FF8036 A2=00FF8038 A3=00FF8036 A4=00FF8000 A5=00000000 A6=00000000 A7=00FF7FB0 D0=0000FFFF D1=00000017 D2=00000001 D3=00000000 D4=00000000 D5=00000000 D6=00000000 D7=00000000 xnZvc
02:9AD4  4E B9  JSR     ($00026FDA)              A0=000A917E A1=00FF8036 A2=00FF8038 A3=00FF8036 A4=00FF8000 A5=00000000 A6=00000000 A7=00FF7FAC D0=0000FFFF D1=00000017 D2=00000001 D3=00000000 D4=00000000 D5=00000000 D6=00000000 D7=00000000 xnZvc
02:9ADA  48 78  PEA     ($0001)                  A0=000982C8 A1=00FF8036 A2=00FF8038 A3=00FF8036 A4=00FF8000 A5=00000000 A6=00000000 A7=00FF7FAC D0=C000FFFF D1=00000017 D2=00000001 D3=00000000 D4=00000000 D5=00000000 D6=00000000 D7=00000000 xnzvc
02:9ADE  48 79  PEA     ($000982E8)              A0=000982C8 A1=00FF8036 A2=00FF8038 A3=00FF8036 A4=00FF8000 A5=00000000 A6=00000000 A7=00FF7FA8 D0=C000FFFF D1=00000017 D2=00000001 D3=00000000 D4=00000000 D5=00000000 D6=00000000 D7=00000000 xnzvc
02:9AE4  4E B9  JSR     ($00026FDA)              A0=000982C8 A1=00FF8036 A2=00FF8038 A3=00FF8036 A4=00FF8000 A5=00000000 A6=00000000 A7=00FF7FA4 D0=C000FFFF D1=00000017 D2=00000001 D3=00000000 D4=00000000 D5=00000000 D6=00000000 D7=00000000 xnzvc
02:9AEA  48 78  PEA     ($0002)                  A0=00098308 A1=00FF8036 A2=00FF8038 A3=00FF8036 A4=00FF8000 A5=00000000 A6=00000000 A7=00FF7FA4 D0=C020FFFF D1=00000017 D2=00000001 D3=00000000 D4=00000000 D5=00000000 D6=00000000 D7=00000000 xnZvc
02:9AEE  48 79  PEA     ($00098308)              A0=00098308 A1=00FF8036 A2=00FF8038 A3=00FF8036 A4=00FF8000 A5=00000000 A6=00000000 A7=00FF7FA0 D0=C020FFFF D1=00000017 D2=00000001 D3=00000000 D4=00000000 D5=00000000 D6=00000000 D7=00000000 xnZvc
02:9AF4  4E B9  JSR     ($00026FDA)              A0=00098308 A1=00FF8036 A2=00FF8038 A3=00FF8036 A4=00FF8000 A5=00000000 A6=00000000 A7=00FF7F9C D0=C020FFFF D1=00000017 D2=00000001 D3=00000000 D4=00000000 D5=00000000 D6=00000000 D7=00000000 xnZvc
02:9AFA  48 78  PEA     ($0003)                  A0=00098328 A1=00FF8036 A2=00FF8038 A3=00FF8036 A4=00FF8000 A5=00000000 A6=00000000 A7=00FF7F9C D0=C040FFFF D1=00000017 D2=00000001 D3=00000000 D4=00000000 D5=00000000 D6=00000000 D7=00000000 xnzvc
02:9AFE  48 79  PEA     ($00098368)              A0=00098328 A1=00FF8036 A2=00FF8038 A3=00FF8036 A4=00FF8000 A5=00000000 A6=00000000 A7=00FF7F98 D0=C040FFFF D1=00000017 D2=00000001 D3=00000000 D4=00000000 D5=00000000 D6=00000000 D7=00000000 xnzvc
02:9B04  4E B9  JSR     ($00026FDA)              A0=00098328 A1=00FF8036 A2=00FF8038 A3=00FF8036 A4=00FF8000 A5=00000000 A6=00000000 A7=00FF7F94 D0=C040FFFF D1=00000017 D2=00000001 D3=00000000 D4=00000000 D5=00000000 D6=00000000 D7=00000000 xnzvc
02:9B0A  4E B9  JSR     ($00027336)              A0=00098388 A1=00FF8036 A2=00FF8038 A3=00FF8036 A4=00FF8000 A5=00000000 A6=00000000 A7=00FF7F94 D0=C060FFFF D1=00000017 D2=00000001 D3=00000000 D4=00000000 D5=00000000 D6=00000000 D7=00000000 xnzvc
02:9B10  42 A7  CLR.L   -(SP)                    A0=00FFD8DC A1=0008D35B A2=00FF8038 A3=00FF8036 A4=00FF8000 A5=00000000 A6=00000000 A7=00FF7F94 D0=00000002 D1=00000002 D2=00000001 D3=00000000 D4=00000000 D5=00000000 D6=00000000 D7=00000000 xNzvc
02:9B12  4E B9  JSR     ($0002756E)              A0=00FFD8DC A1=0008D35B A2=00FF8038 A3=00FF8036 A4=00FF8000 A5=00000000 A6=00000000 A7=00FF7F90 D0=00000002 D1=00000002 D2=00000001 D3=00000000 D4=00000000 D5=00000000 D6=00000000 D7=00000000 xnZvc
02:9B18  48 78  PEA     ($0001)                  A0=005A7148 A1=337E041F A2=00FF8038 A3=00FF8036 A4=00FF8000 A5=00000000 A6=00000000 A7=00FF7F90 D0=00009DAC D1=082A92D7 D2=00000001 D3=00000000 D4=00000000 D5=00000000 D6=00000000 D7=00000000 xnZvc
02:9B1C  4E B9  JSR     ($00000578)              A0=005A7148 A1=337E041F A2=00FF8038 A3=00FF8036 A4=00FF8000 A5=00000000 A6=00000000 A7=00FF7F8C D0=00009DAC D1=082A92D7 D2=00000001 D3=00000000 D4=00000000 D5=00000000 D6=00000000 D7=00000000 xnZvc
02:9B22  00 14  ORI.B   #$40,(A4)                A0=005A7148 A1=337E041F A2=00FF8038 A3=00FF8036 A4=00FF8000 A5=00000000 A6=00000000 A7=00FF7F8C D0=00000001 D1=082A92D7 D2=00000001 D3=00000000 D4=00000000 D5=00000000 D6=00000000 D7=00000000 xnZvc
02:9B26  70 00  MOVEQ   #$00,D0                  A0=005A7148 A1=337E041F A2=00FF8038 A3=00FF8036 A4=00FF8000 A5=00000000 A6=00000000 A7=00FF7F8C D0=00000001 D1=082A92D7 D2=00000001 D3=00000000 D4=00000000 D5=00000000 D6=00000000 D7=00000000 xnzvc
02:9B28  10 14  MOVE.B  (A4),D0                  A0=005A7148 A1=337E041F A2=00FF8038 A3=00FF8036 A4=00FF8000 A5=00000000 A6=00000000 A7=00FF7F8C D0=00000000 D1=082A92D7 D2=00000001 D3=00000000 D4=00000000 D5=00000000 D6=00000000 D7=00000000 xnZvc
02:9B2A  00 80  ORI.L   #$00008104,D0            A0=005A7148 A1=337E041F A2=00FF8038 A3=00FF8036 A4=00FF8000 A5=00000000 A6=00000000 A7=00FF7F8C D0=00000060 D1=082A92D7 D2=00000001 D3=00000000 D4=00000000 D5=00000000 D6=00000000 D7=00000000 xnzvc
02:9B30  4F EF  LEA     $0030(SP),A7             A0=005A7148 A1=337E041F A2=00FF8038 A3=00FF8036 A4=00FF8000 A5=00000000 A6=00000000 A7=00FF7F8C D0=00008164 D1=082A92D7 D2=00000001 D3=00000000 D4=00000000 D5=00000000 D6=00000000 D7=00000000 xnzvc
02:9B34  33 C0  MOVE.W  D0,($00C00004)           A0=005A7148 A1=337E041F A2=00FF8038 A3=00FF8036 A4=00FF8000 A5=00000000 A6=00000000 A7=00FF7FBC D0=00008164 D1=082A92D7 D2=00000001 D3=00000000 D4=00000000 D5=00000000 D6=00000000 D7=00000000 xnzvc
02:9B3A  4E BA  JSR     $013E(PC)                A0=005A7148 A1=337E041F A2=00FF8038 A3=00FF8036 A4=00FF8000 A5=00000000 A6=00000000 A7=00FF7FBC D0=00008164 D1=082A92D7 D2=00000001 D3=00000000 D4=00000000 D5=00000000 D6=00000000 D7=00000000 xNzvc
02:9B3E  4E 71  NOP                              A0=00FF9364 A1=00FF8036 A2=00FF8038 A3=00FF8036 A4=00FF8000 A5=00000000 A6=00000000 A7=00FF7FBC D0=00000000 D1=00000000 D2=00000001 D3=00000000 D4=00000000 D5=00000000 D6=00000000 D7=00000000 xnZvc
02:9B40  30 00  MOVE.W  D0,D0                    A0=00FF9364 A1=00FF8036 A2=00FF8038 A3=00FF8036 A4=00FF8000 A5=00000000 A6=00000000 A7=00FF7FBC D0=00000000 D1=00000000 D2=00000001 D3=00000000 D4=00000000 D5=00000000 D6=00000000 D7=00000000 xnZvc
02:9B42  66 00  BNE     #$0066 [02:9BAA]         A0=00FF9364 A1=00FF8036 A2=00FF8038 A3=00FF8036 A4=00FF8000 A5=00000000 A6=00000000 A7=00FF7FBC D0=00000000 D1=00000000 D2=00000001 D3=00000000 D4=00000000 D5=00000000 D6=00000000 D7=00000000 xnZvc
02:9B46  4E BA  JSR     $07A2(PC)                A0=00FF9364 A1=00FF8036 A2=00FF8038 A3=00FF8036 A4=00FF8000 A5=00000000 A6=00000000 A7=00FF7FBC D0=00000000 D1=00000000 D2=00000001 D3=00000000 D4=00000000 D5=00000000 D6=00000000 D7=00000000 xnZvc
02:9B4A  4E 71  NOP                              A0=00098328 A1=00FF8036 A2=00FF8038 A3=00FF8036 A4=00FF8000 A5=00000000 A6=00000000 A7=00FF7FBC D0=00000000 D1=00000000 D2=00000001 D3=00000000 D4=00000000 D5=00000000 D6=00000000 D7=00000000 xnZvc
02:9B4C  30 00  MOVE.W  D0,D0                    A0=00098328 A1=00FF8036 A2=00FF8038 A3=00FF8036 A4=00FF8000 A5=00000000 A6=00000000 A7=00FF7FBC D0=00000000 D1=00000000 D2=00000001 D3=00000000 D4=00000000 D5=00000000 D6=00000000 D7=00000000 xnZvc
02:9B4E  66 5A  BNE     #$5A [02:9BAA]           A0=00098328 A1=00FF8036 A2=00FF8038 A3=00FF8036 A4=00FF8000 A5=00000000 A6=00000000 A7=00FF7FBC D0=00000000 D1=00000000 D2=00000001 D3=00000000 D4=00000000 D5=00000000 D6=00000000 D7=00000000 xnZvc
02:9B50  4E BA  JSR     $0A28(PC)                A0=00098328 A1=00FF8036 A2=00FF8038 A3=00FF8036 A4=00FF8000 A5=00000000 A6=00000000 A7=00FF7FBC D0=00000000 D1=00000000 D2=00000001 D3=00000000 D4=00000000 D5=00000000 D6=00000000 D7=00000000 xnZvc
02:9B54  4E 71  NOP                              A0=00FF9364 A1=00FF8036 A2=00FF8038 A3=00FF8036 A4=00FF8000 A5=00000000 A6=00000000 A7=00FF7FBC D0=00000000 D1=00000000 D2=00000001 D3=00000000 D4=00000000 D5=00000000 D6=00000000 D7=00000000 xnZvc
02:9B56  30 00  MOVE.W  D0,D0                    A0=00FF9364 A1=00FF8036 A2=00FF8038 A3=00FF8036 A4=00FF8000 A5=00000000 A6=00000000 A7=00FF7FBC D0=00000000 D1=00000000 D2=00000001 D3=00000000 D4=00000000 D5=00000000 D6=00000000 D7=00000000 xnZvc
02:9B58  66 50  BNE     #$50 [02:9BAA]           A0=00FF9364 A1=00FF8036 A2=00FF8038 A3=00FF8036 A4=00FF8000 A5=00000000 A6=00000000 A7=00FF7FBC D0=00000000 D1=00000000 D2=00000001 D3=00000000 D4=00000000 D5=00000000 D6=00000000 D7=00000000 xnZvc
02:9B5A  4E BA  JSR     $0C80(PC)                A0=00FF9364 A1=00FF8036 A2=00FF8038 A3=00FF8036 A4=00FF8000 A5=00000000 A6=00000000 A7=00FF7FBC D0=00000000 D1=00000000 D2=00000001 D3=00000000 D4=00000000 D5=00000000 D6=00000000 D7=00000000 xnZvc
02:9B5E  4E 71  NOP                              A0=00FF9364 A1=00FF8036 A2=00FF8038 A3=00FF8036 A4=00FF8000 A5=00000000 A6=00000000 A7=00FF7FBC D0=00000000 D1=000003EB D2=00000001 D3=00000000 D4=00000000 D5=00000000 D6=00000000 D7=00000000 xnZvc
02:9B60  30 00  MOVE.W  D0,D0                    A0=00FF9364 A1=00FF8036 A2=00FF8038 A3=00FF8036 A4=00FF8000 A5=00000000 A6=00000000 A7=00FF7FBC D0=00000000 D1=000003EB D2=00000001 D3=00000000 D4=00000000 D5=00000000 D6=00000000 D7=00000000 xnZvc
02:9B62  66 46  BNE     #$46 [02:9BAA]           A0=00FF9364 A1=00FF8036 A2=00FF8038 A3=00FF8036 A4=00FF8000 A5=00000000 A6=00000000 A7=00FF7FBC D0=00000000 D1=000003EB D2=00000001 D3=00000000 D4=00000000 D5=00000000 D6=00000000 D7=00000000 xnZvc
02:9B64  4E BA  JSR     $0F2A(PC)                A0=00FF9364 A1=00FF8036 A2=00FF8038 A3=00FF8036 A4=00FF8000 A5=00000000 A6=00000000 A7=00FF7FBC D0=00000000 D1=000003EB D2=00000001 D3=00000000 D4=00000000 D5=00000000 D6=00000000 D7=00000000 xnZvc
02:9B68  4E 71  NOP                              A0=00FF9364 A1=00FF8036 A2=00FF8038 A3=00FF8036 A4=00FF8000 A5=00000000 A6=00000000 A7=00FF7FBC D0=00000000 D1=00000014 D2=00000001 D3=00000000 D4=00000000 D5=00000000 D6=00000000 D7=00000000 xnZvc
02:9B6A  30 00  MOVE.W  D0,D0                    A0=00FF9364 A1=00FF8036 A2=00FF8038 A3=00FF8036 A4=00FF8000 A5=00000000 A6=00000000 A7=00FF7FBC D0=00000000 D1=00000014 D2=00000001 D3=00000000 D4=00000000 D5=00000000 D6=00000000 D7=00000000 xnZvc
02:9B6C  66 3C  BNE     #$3C [02:9BAA]           A0=00FF9364 A1=00FF8036 A2=00FF8038 A3=00FF8036 A4=00FF8000 A5=00000000 A6=00000000 A7=00FF7FBC D0=00000000 D1=00000014 D2=00000001 D3=00000000 D4=00000000 D5=00000000 D6=00000000 D7=00000000 xnZvc
02:9B6E  4E BA  JSR     $11F6(PC)                A0=00FF9364 A1=00FF8036 A2=00FF8038 A3=00FF8036 A4=00FF8000 A5=00000000 A6=00000000 A7=00FF7FBC D0=00000000 D1=00000014 D2=00000001 D3=00000000 D4=00000000 D5=00000000 D6=00000000 D7=00000000 xnZvc
02:9B72  4E 71  NOP                              A0=00FF9364 A1=00FF8036 A2=00FF8038 A3=00FF8036 A4=00FF8000 A5=00000000 A6=00000000 A7=00FF7FBC D0=00000000 D1=00000000 D2=00000001 D3=00000000 D4=00000000 D5=00000000 D6=00000000 D7=00000000 xnZvc
02:9B74  30 00  MOVE.W  D0,D0                    A0=00FF9364 A1=00FF8036 A2=00FF8038 A3=00FF8036 A4=00FF8000 A5=00000000 A6=00000000 A7=00FF7FBC D0=00000000 D1=00000000 D2=00000001 D3=00000000 D4=00000000 D5=00000000 D6=00000000 D7=00000000 xnZvc
02:9B76  66 32  BNE     #$32 [02:9BAA]           A0=00FF9364 A1=00FF8036 A2=00FF8038 A3=00FF8036 A4=00FF8000 A5=00000000 A6=00000000 A7=00FF7FBC D0=00000000 D1=00000000 D2=00000001 D3=00000000 D4=00000000 D5=00000000 D6=00000000 D7=00000000 xnZvc
02:9B78  4E BA  JSR     $1418(PC)                A0=00FF9364 A1=00FF8036 A2=00FF8038 A3=00FF8036 A4=00FF8000 A5=00000000 A6=00000000 A7=00FF7FBC D0=00000000 D1=00000000 D2=00000001 D3=00000000 D4=00000000 D5=00000000 D6=00000000 D7=00000000 xnZvc
02:9B7C  4E 71  NOP                              A0=00FF9364 A1=00FF8036 A2=00FF8038 A3=00FF8036 A4=00FF8000 A5=00000000 A6=00000000 A7=00FF7FBC D0=00000000 D1=000001F5 D2=00000001 D3=00000000 D4=00000000 D5=00000000 D6=00000000 D7=00000000 xnZvc
02:9B7E  30 00  MOVE.W  D0,D0                    A0=00FF9364 A1=00FF8036 A2=00FF8038 A3=00FF8036 A4=00FF8000 A5=00000000 A6=00000000 A7=00FF7FBC D0=00000000 D1=000001F5 D2=00000001 D3=00000000 D4=00000000 D5=00000000 D6=00000000 D7=00000000 xnZvc
02:9B80  66 28  BNE     #$28 [02:9BAA]           A0=00FF9364 A1=00FF8036 A2=00FF8038 A3=00FF8036 A4=00FF8000 A5=00000000 A6=00000000 A7=00FF7FBC D0=00000000 D1=000001F5 D2=00000001 D3=00000000 D4=00000000 D5=00000000 D6=00000000 D7=00000000 xnZvc
02:9B82  4E BA  JSR     $1706(PC)                A0=00FF9364 A1=00FF8036 A2=00FF8038 A3=00FF8036 A4=00FF8000 A5=00000000 A6=00000000 A7=00FF7FBC D0=00000000 D1=000001F5 D2=00000001 D3=00000000 D4=00000000 D5=00000000 D6=00000000 D7=00000000 xnZvc
02:9B86  4E 71  NOP                              A0=00FFD8DC A1=0008F0CB A2=00FF8038 A3=00FF8036 A4=00FF8000 A5=00000000 A6=00000000 A7=00FF7FBC D0=00000000 D1=00000002 D2=00000001 D3=00000000 D4=00000000 D5=00000000 D6=00000000 D7=00000000 xnZvc
02:9B88  30 00  MOVE.W  D0,D0                    A0=00FFD8DC A1=0008F0CB A2=00FF8038 A3=00FF8036 A4=00FF8000 A5=00000000 A6=00000000 A7=00FF7FBC D0=00000000 D1=00000002 D2=00000001 D3=00000000 D4=00000000 D5=00000000 D6=00000000 D7=00000000 xnZvc
02:9B8A  66 1E  BNE     #$1E [02:9BAA]           A0=00FFD8DC A1=0008F0CB A2=00FF8038 A3=00FF8036 A4=00FF8000 A5=00000000 A6=00000000 A7=00FF7FBC D0=00000000 D1=00000002 D2=00000001 D3=00000000 D4=00000000 D5=00000000 D6=00000000 D7=00000000 xnZvc
02:9B8C  4E BA  JSR     $1888(PC)                A0=00FFD8DC A1=0008F0CB A2=00FF8038 A3=00FF8036 A4=00FF8000 A5=00000000 A6=00000000 A7=00FF7FBC D0=00000000 D1=00000002 D2=00000001 D3=00000000 D4=00000000 D5=00000000 D6=00000000 D7=00000000 xnZvc
02:9B90  4E 71  NOP                              A0=00FF9364 A1=00FF8036 A2=00FF8038 A3=00FF8036 A4=00FF8000 A5=00000000 A6=00000000 A7=00FF7FBC D0=00000000 D1=00000000 D2=00000001 D3=00000000 D4=00000000 D5=00000000 D6=00000000 D7=00000000 xnZvc
02:9B92  30 00  MOVE.W  D0,D0                    A0=00FF9364 A1=00FF8036 A2=00FF8038 A3=00FF8036 A4=00FF8000 A5=00000000 A6=00000000 A7=00FF7FBC D0=00000000 D1=00000000 D2=00000001 D3=00000000 D4=00000000 D5=00000000 D6=00000000 D7=00000000 xnZvc
02:9B94  66 14  BNE     #$14 [02:9BAA]           A0=00FF9364 A1=00FF8036 A2=00FF8038 A3=00FF8036 A4=00FF8000 A5=00000000 A6=00000000 A7=00FF7FBC D0=00000000 D1=00000000 D2=00000001 D3=00000000 D4=00000000 D5=00000000 D6=00000000 D7=00000000 xnZvc
02:9B96  4E BA  JSR     $19D2(PC)                A0=00FF9364 A1=00FF8036 A2=00FF8038 A3=00FF8036 A4=00FF8000 A5=00000000 A6=00000000 A7=00FF7FBC D0=00000000 D1=00000000 D2=00000001 D3=00000000 D4=00000000 D5=00000000 D6=00000000 D7=00000000 xnZvc
02:9B9A  4E 71  NOP                              A0=00FF9364 A1=00FF8036 A2=00FF8038 A3=00FF8036 A4=00FF8000 A5=00000000 A6=00000000 A7=00FF7FBC D0=00000000 D1=00000000 D2=00000001 D3=00000000 D4=00000000 D5=00000000 D6=00000000 D7=00000000 xnZvc
02:9B9C  30 00  MOVE.W  D0,D0                    A0=00FF9364 A1=00FF8036 A2=00FF8038 A3=00FF8036 A4=00FF8000 A5=00000000 A6=00000000 A7=00FF7FBC D0=00000000 D1=00000000 D2=00000001 D3=00000000 D4=00000000 D5=00000000 D6=00000000 D7=00000000 xnZvc
02:9B9E  66 0A  BNE     #$0A [02:9BAA]           A0=00FF9364 A1=00FF8036 A2=00FF8038 A3=00FF8036 A4=00FF8000 A5=00000000 A6=00000000 A7=00FF7FBC D0=00000000 D1=00000000 D2=00000001 D3=00000000 D4=00000000 D5=00000000 D6=00000000 D7=00000000 xnZvc
02:9BA0  4E B9  JSR     ($0002B71E)              A0=00FF9364 A1=00FF8036 A2=00FF8038 A3=00FF8036 A4=00FF8000 A5=00000000 A6=00000000 A7=00FF7FBC D0=00000000 D1=00000000 D2=00000001 D3=00000000 D4=00000000 D5=00000000 D6=00000000 D7=00000000 xnZvc
02:9BA6  30 00  MOVE.W  D0,D0                    A0=00FF9364 A1=00FF8036 A2=00FF8038 A3=00FF8036 A4=00FF8000 A5=00000000 A6=00000000 A7=00FF7FBC D0=00000000 D1=00000000 D2=00000001 D3=00000000 D4=00000000 D5=00000000 D6=00000000 D7=00000000 xnZvc
02:9BA8  67 04  BEQ     #$04 [02:9BAE]           A0=00FF9364 A1=00FF8036 A2=00FF8038 A3=00FF8036 A4=00FF8000 A5=00000000 A6=00000000 A7=00FF7FBC D0=00000000 D1=00000000 D2=00000001 D3=00000000 D4=00000000 D5=00000000 D6=00000000 D7=00000000 xnZvc
02:9BAE  42 42  CLR.W   D2                       A0=00FF9364 A1=00FF8036 A2=00FF8038 A3=00FF8036 A4=00FF8000 A5=00000000 A6=00000000 A7=00FF7FBC D0=00000000 D1=00000000 D2=00000001 D3=00000000 D4=00000000 D5=00000000 D6=00000000 D7=00000000 xnZvc
02:9BB0  48 78  PEA     ($0001)                  A0=00FF9364 A1=00FF8036 A2=00FF8038 A3=00FF8036 A4=00FF8000 A5=00000000 A6=00000000 A7=00FF7FBC D0=00000000 D1=00000000 D2=00000000 D3=00000000 D4=00000000 D5=00000000 D6=00000000 D7=00000000 xnZvc
02:9BB4  4E B9  JSR     ($00000578)              A0=00FF9364 A1=00FF8036 A2=00FF8038 A3=00FF8036 A4=00FF8000 A5=00000000 A6=00000000 A7=00FF7FB8 D0=00000000 D1=00000000 D2=00000000 D3=00000000 D4=00000000 D5=00000000 D6=00000000 D7=00000000 xnZvc
02:9BBA  02 14  ANDI.B  #$3C,(A4)                A0=00FF9364 A1=00FF8036 A2=00FF8038 A3=00FF8036 A4=00FF8000 A5=00000000 A6=00000000 A7=00FF7FB8 D0=00000001 D1=00000000 D2=00000000 D3=00000000 D4=00000000 D5=00000000 D6=00000000 D7=00000000 xnZvc
02:9BBE  70 00  MOVEQ   #$00,D0                  A0=00FF9364 A1=00FF8036 A2=00FF8038 A3=00FF8036 A4=00FF8000 A5=00000000 A6=00000000 A7=00FF7FB8 D0=00000001 D1=00000000 D2=00000000 D3=00000000 D4=00000000 D5=00000000 D6=00000000 D7=00000000 xnzvc
02:9BC0  10 14  MOVE.B  (A4),D0                  A0=00FF9364 A1=00FF8036 A2=00FF8038 A3=00FF8036 A4=00FF8000 A5=00000000 A6=00000000 A7=00FF7FB8 D0=00000000 D1=00000000 D2=00000000 D3=00000000 D4=00000000 D5=00000000 D6=00000000 D7=00000000 xnZvc
02:9BC2  00 80  ORI.L   #$00008104,D0            A0=00FF9364 A1=00FF8036 A2=00FF8038 A3=00FF8036 A4=00FF8000 A5=00000000 A6=00000000 A7=00FF7FB8 D0=00000020 D1=00000000 D2=00000000 D3=00000000 D4=00000000 D5=00000000 D6=00000000 D7=00000000 xnzvc
02:9BC8  58 8F  ADDQ.L  #4,SP                    A0=00FF9364 A1=00FF8036 A2=00FF8038 A3=00FF8036 A4=00FF8000 A5=00000000 A6=00000000 A7=00FF7FB8 D0=00008124 D1=00000000 D2=00000000 D3=00000000 D4=00000000 D5=00000000 D6=00000000 D7=00000000 xnzvc
02:9BCA  33 C0  MOVE.W  D0,($00C00004)           A0=00FF9364 A1=00FF8036 A2=00FF8038 A3=00FF8036 A4=00FF8000 A5=00000000 A6=00000000 A7=00FF7FBC D0=00008124 D1=00000000 D2=00000000 D3=00000000 D4=00000000 D5=00000000 D6=00000000 D7=00000000 xnzvc
02:9BD0  4E B9  JSR     ($00027DD4)              A0=00FF9364 A1=00FF8036 A2=00FF8038 A3=00FF8036 A4=00FF8000 A5=00000000 A6=00000000 A7=00FF7FBC D0=00008124 D1=00000000 D2=00000000 D3=00000000 D4=00000000 D5=00000000 D6=00000000 D7=00000000 xNzvc
02:9BD6  4E B9  JSR     ($000273C2)              A0=00FF9364 A1=00FF8036 A2=00FF8038 A3=00FF8036 A4=00FF8000 A5=00000000 A6=00000000 A7=00FF7FBC D0=00008124 D1=00000000 D2=00000000 D3=00000000 D4=00000000 D5=00000000 D6=00000000 D7=00000000 xnZvc
02:9BDC  4E B9  JSR     ($00027404)              A0=00FF9364 A1=00FF8036 A2=00FF8038 A3=00FF8036 A4=00FF8000 A5=00000000 A6=00000000 A7=00FF7FBC D0=6F800040 D1=00000017 D2=00000000 D3=00000000 D4=00000000 D5=00000000 D6=00000000 D7=00000000 xnZvc
02:9BE2  4E B9  JSR     ($00027870)              A0=00FF9364 A1=00FF8036 A2=00FF8038 A3=00FF8036 A4=00FF8000 A5=00000000 A6=00000000 A7=00FF7FBC D0=6F800040 D1=00000017 D2=00000000 D3=00000000 D4=00000000 D5=00000000 D6=00000000 D7=00000000 xnZvc
02:9BE8  42 53  CLR.W   (A3)                     A0=00FF9364 A1=00FF8036 A2=00FF8038 A3=00FF8036 A4=00FF8000 A5=00000000 A6=00000000 A7=00FF7FBC D0=6F800040 D1=00000017 D2=00000000 D3=00000000 D4=00000000 D5=00000000 D6=00000000 D7=00000000 xnZvc
02:9BEA  42 52  CLR.W   (A2)                     A0=00FF9364 A1=00FF8036 A2=00FF8038 A3=00FF8036 A4=00FF8000 A5=00000000 A6=00000000 A7=00FF7FBC D0=6F800040 D1=00000017 D2=00000000 D3=00000000 D4=00000000 D5=00000000 D6=00000000 D7=00000000 xnZvc
02:9BEC  23 FC  MOVE.L  #$40000010,($00C00004)   A0=00FF9364 A1=00FF8036 A2=00FF8038 A3=00FF8036 A4=00FF8000 A5=00000000 A6=00000000 A7=00FF7FBC D0=6F800040 D1=00000017 D2=00000000 D3=00000000 D4=00000000 D5=00000000 D6=00000000 D7=00000000 xnZvc
02:9BF6  33 D2  MOVE.W  (A2),($00C00000)         A0=00FF9364 A1=00FF8036 A2=00FF8038 A3=00FF8036 A4=00FF8000 A5=00000000 A6=00000000 A7=00FF7FBC D0=6F800040 D1=00000017 D2=00000000 D3=00000000 D4=00000000 D5=00000000 D6=00000000 D7=00000000 xnzvc
02:9BFC  23 FC  MOVE.L  #$7C000003,($00C00004)   A0=00FF9364 A1=00FF8036 A2=00FF8038 A3=00FF8036 A4=00FF8000 A5=00000000 A6=00000000 A7=00FF7FBC D0=6F800040 D1=00000017 D2=00000000 D3=00000000 D4=00000000 D5=00000000 D6=00000000 D7=00000000 xnZvc
02:9C06  33 D3  MOVE.W  (A3),($00C00000)         A0=00FF9364 A1=00FF8036 A2=00FF8038 A3=00FF8036 A4=00FF8000 A5=00000000 A6=00000000 A7=00FF7FBC D0=6F800040 D1=00000017 D2=00000000 D3=00000000 D4=00000000 D5=00000000 D6=00000000 D7=00000000 xnzvc
02:9C0C  23 FC  MOVE.L  #$40020010,($00C00004)   A0=00FF9364 A1=00FF8036 A2=00FF8038 A3=00FF8036 A4=00FF8000 A5=00000000 A6=00000000 A7=00FF7FBC D0=6F800040 D1=00000017 D2=00000000 D3=00000000 D4=00000000 D5=00000000 D6=00000000 D7=00000000 xnZvc
02:9C16  33 D2  MOVE.W  (A2),($00C00000)         A0=00FF9364 A1=00FF8036 A2=00FF8038 A3=00FF8036 A4=00FF8000 A5=00000000 A6=00000000 A7=00FF7FBC D0=6F800040 D1=00000017 D2=00000000 D3=00000000 D4=00000000 D5=00000000 D6=00000000 D7=00000000 xnzvc
02:9C1C  23 FC  MOVE.L  #$7C020003,($00C00004)   A0=00FF9364 A1=00FF8036 A2=00FF8038 A3=00FF8036 A4=00FF8000 A5=00000000 A6=00000000 A7=00FF7FBC D0=6F800040 D1=00000017 D2=00000000 D3=00000000 D4=00000000 D5=00000000 D6=00000000 D7=00000000 xnZvc
02:9C26  33 D3  MOVE.W  (A3),($00C00000)         A0=00FF9364 A1=00FF8036 A2=00FF8038 A3=00FF8036 A4=00FF8000 A5=00000000 A6=00000000 A7=00FF7FBC D0=6F800040 D1=00000017 D2=00000000 D3=00000000 D4=00000000 D5=00000000 D6=00000000 D7=00000000 xnzvc
02:9C2C  30 02  MOVE.W  D2,D0                    A0=00FF9364 A1=00FF8036 A2=00FF8038 A3=00FF8036 A4=00FF8000 A5=00000000 A6=00000000 A7=00FF7FBC D0=6F800040 D1=00000017 D2=00000000 D3=00000000 D4=00000000 D5=00000000 D6=00000000 D7=00000000 xnZvc
02:9C2E  48 C0  EXT.L   D0                       A0=00FF9364 A1=00FF8036 A2=00FF8038 A3=00FF8036 A4=00FF8000 A5=00000000 A6=00000000 A7=00FF7FBC D0=6F800000 D1=00000017 D2=00000000 D3=00000000 D4=00000000 D5=00000000 D6=00000000 D7=00000000 xnZvc
02:9C30  4C DF  MOVEM.L (SP)+,{a7-d0}[1c 04]     A0=00FF9364 A1=00FF8036 A2=00FF8038 A3=00FF8036 A4=00FF8000 A5=00000000 A6=00000000 A7=00FF7FBC D0=00000000 D1=00000017 D2=00000000 D3=00000000 D4=00000000 D5=00000000 D6=00000000 D7=00000000 xnZvc
02:9C34  4E 75  RTS                              A0=00FF9364 A1=00FF8036 A2=00026FDA A3=00FF8000 A4=00026FDA A5=00000000 A6=00000000 A7=00FF7FCC D0=00000000 D1=00000017 D2=00000001 D3=00000000 D4=00000000 D5=00000000 D6=00000000 D7=00000000 xnZvc

02:9C36  2F 02  MOVE.L  D2,-(SP)                 A0=00098328 A1=00FF8036 A2=00FFE3FC A3=00028210 A4=00FFE3F8 A5=00000000 A6=00000000 A7=00FF7F9C D0=00000000 D1=00000000 D2=00000001 D3=00000000 D4=00000000 D5=00000000 D6=00000000 D7=00000000 xnZvc
02:9C38  34 2F  MOVE.W  $000A(SP),D2             A0=00098328 A1=00FF8036 A2=00FFE3FC A3=00028210 A4=00FFE3F8 A5=00000000 A6=00000000 A7=00FF7F98 D0=00000000 D1=00000000 D2=00000001 D3=00000000 D4=00000000 D5=00000000 D6=00000000 D7=00000000 xnzvc
02:9C3C  4E B9  JSR     ($00028096)              A0=00098328 A1=00FF8036 A2=00FFE3FC A3=00028210 A4=00FFE3F8 A5=00000000 A6=00000000 A7=00FF7F98 D0=00000000 D1=00000000 D2=00000007 D3=00000000 D4=00000000 D5=00000000 D6=00000000 D7=00000000 xnzvc
02:9C42  13 C2  MOVE.B  D2,($00FFE3A6)           A0=00FFE3AE A1=00FFA8DA A2=00FFE3FC A3=00028210 A4=00FFE3F8 A5=00000000 A6=00000000 A7=00FF7F98 D0=00000007 D1=00000001 D2=00000007 D3=00000000 D4=00000000 D5=00000000 D6=00000000 D7=00000000 xnZvc
02:9C48  4E B9  JSR     ($0002828E)              A0=00FFE3AE A1=00FFA8DA A2=00FFE3FC A3=00028210 A4=00FFE3F8 A5=00000000 A6=00000000 A7=00FF7F98 D0=00000007 D1=00000001 D2=00000007 D3=00000000 D4=00000000 D5=00000000 D6=00000000 D7=00000000 xnzvc
02:9C4E  48 78  PEA     ($0001)                  A0=00FFA90A A1=00FFD940 A2=00FFE3FC A3=00028210 A4=00FFE3F8 A5=00000000 A6=00000000 A7=00FF7F98 D0=00000002 D1=00000019 D2=00000007 D3=00000000 D4=00000000 D5=00000000 D6=00000000 D7=00000000 xnZvc
02:9C52  4E B9  JSR     ($00027228)              A0=00FFA90A A1=00FFD940 A2=00FFE3FC A3=00028210 A4=00FFE3F8 A5=00000000 A6=00000000 A7=00FF7F94 D0=00000002 D1=00000019 D2=00000007 D3=00000000 D4=00000000 D5=00000000 D6=00000000 D7=00000000 xnZvc
02:9C58  00 39  ORI.B   #$40,($00FF8000)         A0=00FFD8DC A1=0008E5BE A2=00FFE3FC A3=00028210 A4=00FFE3F8 A5=00000000 A6=00000000 A7=00FF7F94 D0=00000002 D1=00000002 D2=00000007 D3=00000000 D4=00000000 D5=00000000 D6=00000000 D7=00000000 xNzvc
02:9C60  70 00  MOVEQ   #$00,D0                  A0=00FFD8DC A1=0008E5BE A2=00FFE3FC A3=00028210 A4=00FFE3F8 A5=00000000 A6=00000000 A7=00FF7F94 D0=00000002 D1=00000002 D2=00000007 D3=00000000 D4=00000000 D5=00000000 D6=00000000 D7=00000000 xnzvc
02:9C62  10 39  MOVE.B  ($00FF8000),D0           A0=00FFD8DC A1=0008E5BE A2=00FFE3FC A3=00028210 A4=00FFE3F8 A5=00000000 A6=00000000 A7=00FF7F94 D0=00000000 D1=00000002 D2=00000007 D3=00000000 D4=00000000 D5=00000000 D6=00000000 D7=00000000 xnZvc
02:9C68  00 80  ORI.L   #$00008104,D0            A0=00FFD8DC A1=0008E5BE A2=00FFE3FC A3=00028210 A4=00FFE3F8 A5=00000000 A6=00000000 A7=00FF7F94 D0=00000060 D1=00000002 D2=00000007 D3=00000000 D4=00000000 D5=00000000 D6=00000000 D7=00000000 xnzvc
02:9C6E  58 8F  ADDQ.L  #4,SP                    A0=00FFD8DC A1=0008E5BE A2=00FFE3FC A3=00028210 A4=00FFE3F8 A5=00000000 A6=00000000 A7=00FF7F94 D0=00008164 D1=00000002 D2=00000007 D3=00000000 D4=00000000 D5=00000000 D6=00000000 D7=00000000 xnzvc
02:9C70  33 C0  MOVE.W  D0,($00C00004)           A0=00FFD8DC A1=0008E5BE A2=00FFE3FC A3=00028210 A4=00FFE3F8 A5=00000000 A6=00000000 A7=00FF7F98 D0=00008164 D1=00000002 D2=00000007 D3=00000000 D4=00000000 D5=00000000 D6=00000000 D7=00000000 xnzvc
02:9C76  24 1F  MOVE.L  (SP)+,D2                 A0=00FFD8DC A1=0008E5BE A2=00FFE3FC A3=00028210 A4=00FFE3F8 A5=00000000 A6=00000000 A7=00FF7F98 D0=00008164 D1=00000002 D2=00000007 D3=00000000 D4=00000000 D5=00000000 D6=00000000 D7=00000000 xNzvc
02:9C78  4E 75  RTS                              A0=00FFD8DC A1=0008E5BE A2=00FFE3FC A3=00028210 A4=00FFE3F8 A5=00000000 A6=00000000 A7=00FF7F9C D0=00008164 D1=00000002 D2=00000001 D3=00000000 D4=00000000 D5=00000000 D6=00000000 D7=00000000 xnzvc

02:9C7A  48 E7  MOVEM.L {d0-a7}[30 38],-(SP)     A0=005A7148 A1=337E041F A2=00FF8038 A3=00FF8036 A4=00FF8000 A5=00000000 A6=00000000 A7=00FF7FB8 D0=00008164 D1=082A92D7 D2=00000001 D3=00000000 D4=00000000 D5=00000000 D6=00000000 D7=00000000 xNzvc
02:9C7E  24 7C  MOVE.L  #$00FFE3FC,A2            A0=005A7148 A1=337E041F A2=00FF8038 A3=00FF8036 A4=00FF8000 A5=00000000 A6=00000000 A7=00FF7FA4 D0=00008164 D1=082A92D7 D2=00000001 D3=00000000 D4=00000000 D5=00000000 D6=00000000 D7=00000000 xNzvc
02:9C84  26 7C  MOVE.L  #$00028210,A3            A0=005A7148 A1=337E041F A2=00FFE3FC A3=00FF8036 A4=00FF8000 A5=00000000 A6=00000000 A7=00FF7FA4 D0=00008164 D1=082A92D7 D2=00000001 D3=00000000 D4=00000000 D5=00000000 D6=00000000 D7=00000000 xNzvc
02:9C8A  28 7C  MOVE.L  #$00027E16,A4            A0=005A7148 A1=337E041F A2=00FFE3FC A3=00028210 A4=00FF8000 A5=00000000 A6=00000000 A7=00FF7FA4 D0=00008164 D1=082A92D7 D2=00000001 D3=00000000 D4=00000000 D5=00000000 D6=00000000 D7=00000000 xNzvc
02:9C90  48 78  PEA     ($0007)                  A0=005A7148 A1=337E041F A2=00FFE3FC A3=00028210 A4=00027E16 A5=00000000 A6=00000000 A7=00FF7FA4 D0=00008164 D1=082A92D7 D2=00000001 D3=00000000 D4=00000000 D5=00000000 D6=00000000 D7=00000000 xNzvc
02:9C94  4E BA  JSR     $FFA0(PC)                A0=005A7148 A1=337E041F A2=00FFE3FC A3=00028210 A4=00027E16 A5=00000000 A6=00000000 A7=00FF7FA0 D0=00008164 D1=082A92D7 D2=00000001 D3=00000000 D4=00000000 D5=00000000 D6=00000000 D7=00000000 xNzvc
02:9C98  58 8F  ADDQ.L  #4,SP                    A0=00FFD8DC A1=0008E5BE A2=00FFE3FC A3=00028210 A4=00027E16 A5=00000000 A6=00000000 A7=00FF7FA0 D0=00008164 D1=00000002 D2=00000001 D3=00000000 D4=00000000 D5=00000000 D6=00000000 D7=00000000 xnzvc
02:9C9A  42 43  CLR.W   D3                       A0=00FFD8DC A1=0008E5BE A2=00FFE3FC A3=00028210 A4=00027E16 A5=00000000 A6=00000000 A7=00FF7FA4 D0=00008164 D1=00000002 D2=00000001 D3=00000000 D4=00000000 D5=00000000 D6=00000000 D7=00000000 xnzvc
02:9C9C  42 79  CLR.W   ($00FFE3F8)              A0=00FFD8DC A1=0008E5BE A2=00FFE3FC A3=00028210 A4=00027E16 A5=00000000 A6=00000000 A7=00FF7FA4 D0=00008164 D1=00000002 D2=00000001 D3=00000000 D4=00000000 D5=00000000 D6=00000000 D7=00000000 xnZvc
02:9CA2  34 BC  MOVE.W  #$0033,(A2)              A0=00FFD8DC A1=0008E5BE A2=00FFE3FC A3=00028210 A4=00027E16 A5=00000000 A6=00000000 A7=00FF7FA4 D0=00008164 D1=00000002 D2=00000001 D3=00000000 D4=00000000 D5=00000000 D6=00000000 D7=00000000 xnZvc
02:9CA6  33 FC  MOVE.W  #$0001,($00FFE3FA)       A0=00FFD8DC A1=0008E5BE A2=00FFE3FC A3=00028210 A4=00027E16 A5=00000000 A6=00000000 A7=00FF7FA4 D0=00008164 D1=00000002 D2=00000001 D3=00000000 D4=00000000 D5=00000000 D6=00000000 D7=00000000 xnzvc
02:9CAE  60 14  BRA     #$14 [02:9CC4]           A0=00FFD8DC A1=0008E5BE A2=00FFE3FC A3=00028210 A4=00027E16 A5=00000000 A6=00000000 A7=00FF7FA4 D0=00008164 D1=00000002 D2=00000001 D3=00000000 D4=00000000 D5=00000000 D6=00000000 D7=00000000 xnzvc
02:9CC4  4E B9  JSR     ($0002706C)              A0=00FFD8DC A1=0008E5BE A2=00FFE3FC A3=00028210 A4=00027E16 A5=00000000 A6=00000000 A7=00FF7FA4 D0=00008164 D1=00000002 D2=00000001 D3=00000000 D4=00000000 D5=00000000 D6=00000000 D7=00000000 xnzvc
02:9CCA  24 00  MOVE.L  D0,D2                    A0=00FFD8DC A1=0008E5BE A2=00FFE3FC A3=00028210 A4=00027E16 A5=00000000 A6=00000000 A7=00FF7FA4 D0=00000000 D1=0000FF3F D2=00000001 D3=00000000 D4=00000000 D5=00000000 D6=00000000 D7=00000000 xnZvc
02:9CCC  4E B9  JSR     ($00027006)              A0=00FFD8DC A1=0008E5BE A2=00FFE3FC A3=00028210 A4=00027E16 A5=00000000 A6=00000000 A7=00FF7FA4 D0=00000000 D1=0000FF3F D2=00000000 D3=00000000 D4=00000000 D5=00000000 D6=00000000 D7=00000000 xnZvc
02:9CD2  84 80  OR.L    D0,D2                    A0=00FFD8DC A1=0008E5BE A2=00FFE3FC A3=00028210 A4=00027E16 A5=00000000 A6=00000000 A7=00FF7FA4 D0=00000000 D1=0000FF3F D2=00000000 D3=00000000 D4=00000000 D5=00000000 D6=00000000 D7=00000000 xnZvc
02:9CD4  08 02  BTST    #7,D2                    A0=00FFD8DC A1=0008E5BE A2=00FFE3FC A3=00028210 A4=00027E16 A5=00000000 A6=00000000 A7=00FF7FA4 D0=00000000 D1=0000FF3F D2=00000000 D3=00000000 D4=00000000 D5=00000000 D6=00000000 D7=00000000 xnZvc
02:9CD8  67 00  BEQ     #$04B0 [02:A18A]         A0=00FFD8DC A1=0008E5BE A2=00FFE3FC A3=00028210 A4=00027E16 A5=00000000 A6=00000000 A7=00FF7FA4 D0=00000000 D1=0000FF3F D2=00000000 D3=00000000 D4=00000000 D5=00000000 D6=00000000 D7=00000000 xnZvc
02:9CDE  34 39  MOVE.W  ($00FFE3FA),D2           A0=00FF9364 A1=000323B0 A2=00FFE3FC A3=00028210 A4=00027E16 A5=00000000 A6=00000000 A7=00FF7FA4 D0=00000000 D1=0000FF3F D2=00000000 D3=00000000 D4=00000000 D5=00000000 D6=00000000 D7=00000000 xnZvc
02:9CE4  48 C2  EXT.L   D2                       A0=00FF9364 A1=000323B0 A2=00FFE3FC A3=00028210 A4=00027E16 A5=00000000 A6=00000000 A7=00FF7FA4 D0=00000000 D1=0000FF3F D2=00000001 D3=00000000 D4=00000000 D5=00000000 D6=00000000 D7=00000000 xnzvc
02:9CE6  2F 02  MOVE.L  D2,-(SP)                 A0=00FF9364 A1=000323B0 A2=00FFE3FC A3=00028210 A4=00027E16 A5=00000000 A6=00000000 A7=00FF7FA4 D0=00000000 D1=0000FF3F D2=00000001 D3=00000000 D4=00000000 D5=00000000 D6=00000000 D7=00000000 xnzvc
02:9CE8  42 A7  CLR.L   -(SP)                    A0=00FF9364 A1=000323B0 A2=00FFE3FC A3=00028210 A4=00027E16 A5=00000000 A6=00000000 A7=00FF7FA0 D0=00000000 D1=0000FF3F D2=00000001 D3=00000000 D4=00000000 D5=00000000 D6=00000000 D7=00000000 xnzvc
02:9CEA  4E B9  JSR     ($000278A6)              A0=00FF9364 A1=000323B0 A2=00FFE3FC A3=00028210 A4=00027E16 A5=00000000 A6=00000000 A7=00FF7F9C D0=00000000 D1=0000FF3F D2=00000001 D3=00000000 D4=00000000 D5=00000000 D6=00000000 D7=00000000 xnZvc
02:9CF0  4E B9  JSR     ($0002706C)              A0=00FF9364 A1=000323B0 A2=00FFE3FC A3=00028210 A4=00027E16 A5=00000000 A6=00000000 A7=00FF7F9C D0=00000001 D1=00000000 D2=00000001 D3=00000000 D4=00000000 D5=00000000 D6=00000000 D7=00000000 xnzvc
02:9CF6  24 00  MOVE.L  D0,D2                    A0=00FF9364 A1=000323B0 A2=00FFE3FC A3=00028210 A4=00027E16 A5=00000000 A6=00000000 A7=00FF7F9C D0=00000000 D1=0000FF3F D2=00000001 D3=00000000 D4=00000000 D5=00000000 D6=00000000 D7=00000000 xnZvc
02:9CF8  4E B9  JSR     ($00027006)              A0=00FF9364 A1=000323B0 A2=00FFE3FC A3=00028210 A4=00027E16 A5=00000000 A6=00000000 A7=00FF7F9C D0=00000000 D1=0000FF3F D2=00000000 D3=00000000 D4=00000000 D5=00000000 D6=00000000 D7=00000000 xnZvc
02:9CFE  84 80  OR.L    D0,D2                    A0=00FF9364 A1=000323B0 A2=00FFE3FC A3=00028210 A4=00027E16 A5=00000000 A6=00000000 A7=00FF7F9C D0=00000000 D1=0000FF3F D2=00000000 D3=00000000 D4=00000000 D5=00000000 D6=00000000 D7=00000000 xnZvc
02:9D00  70 70  MOVEQ   #$70,D0                  A0=00FF9364 A1=000323B0 A2=00FFE3FC A3=00028210 A4=00027E16 A5=00000000 A6=00000000 A7=00FF7F9C D0=00000000 D1=0000FF3F D2=00000000 D3=00000000 D4=00000000 D5=00000000 D6=00000000 D7=00000000 xnZvc
02:9D02  C4 80  AND.L   D0,D2                    A0=00FF9364 A1=000323B0 A2=00FFE3FC A3=00028210 A4=00027E16 A5=00000000 A6=00000000 A7=00FF7F9C D0=00000070 D1=0000FF3F D2=00000000 D3=00000000 D4=00000000 D5=00000000 D6=00000000 D7=00000000 xnzvc
02:9D04  50 8F  ADDQ.L  #8,SP                    A0=00FF9364 A1=000323B0 A2=00FFE3FC A3=00028210 A4=00027E16 A5=00000000 A6=00000000 A7=00FF7F9C D0=00000070 D1=0000FF3F D2=00000000 D3=00000000 D4=00000000 D5=00000000 D6=00000000 D7=00000000 xnZvc
02:9D06  33 C2  MOVE.W  D2,($00FFE3FE)           A0=00FF9364 A1=000323B0 A2=00FFE3FC A3=00028210 A4=00027E16 A5=00000000 A6=00000000 A7=00FF7FA4 D0=00000070 D1=0000FF3F D2=00000000 D3=00000000 D4=00000000 D5=00000000 D6=00000000 D7=00000000 xnZvc
02:9D0C  67 02  BEQ     #$02 [02:9D10]           A0=00FF9364 A1=000323B0 A2=00FFE3FC A3=00028210 A4=00027E16 A5=00000000 A6=00000000 A7=00FF7FA4 D0=00000070 D1=0000FF3F D2=00000000 D3=00000000 D4=00000000 D5=00000000 D6=00000000 D7=00000000 xnZvc
02:9D10  4A 79  TST.W   ($00FFE3FE)              A0=00FF9364 A1=000323B0 A2=00FFE3FC A3=00028210 A4=00027E16 A5=00000000 A6=00000000 A7=00FF7FA4 D0=00000070 D1=0000FF3F D2=00000000 D3=00000000 D4=00000000 D5=00000000 D6=00000000 D7=00000000 xnZvc
02:9D16  66 C6  BNE     #$C6 [02:9CDE]           A0=00FF9364 A1=000323B0 A2=00FFE3FC A3=00028210 A4=00027E16 A5=00000000 A6=00000000 A7=00FF7FA4 D0=00000070 D1=0000FF3F D2=00000000 D3=00000000 D4=00000000 D5=00000000 D6=00000000 D7=00000000 xnZvc
02:9D18  4A 43  TST.W   D3                       A0=00FF9364 A1=000323B0 A2=00FFE3FC A3=00028210 A4=00027E16 A5=00000000 A6=00000000 A7=00FF7FA4 D0=00000070 D1=0000FF3F D2=00000000 D3=00000000 D4=00000000 D5=00000000 D6=00000000 D7=00000000 xnZvc
02:9D1A  66 06  BNE     #$06 [02:9D22]           A0=00FF9364 A1=000323B0 A2=00FFE3FC A3=00028210 A4=00027E16 A5=00000000 A6=00000000 A7=00FF7FA4 D0=00000070 D1=0000FF3F D2=00000000 D3=00000000 D4=00000000 D5=00000000 D6=00000000 D7=00000000 xnZvc
02:9D1C  53 52  SUBQ.W  #1,(A2)                  A0=00FF9364 A1=000323B0 A2=00FFE3FC A3=00028210 A4=00027E16 A5=00000000 A6=00000000 A7=00FF7FA4 D0=00000070 D1=0000FF3F D2=00000000 D3=00000000 D4=00000000 D5=00000000 D6=00000000 D7=00000000 xnZvc
02:9D1E  6E 00  BGT     #$046A [02:A18A]         A0=00FF9364 A1=000323B0 A2=00FFE3FC A3=00028210 A4=00027E16 A5=00000000 A6=00000000 A7=00FF7FA4 D0=00000070 D1=0000FF3F D2=00000000 D3=00000000 D4=00000000 D5=00000000 D6=00000000 D7=00000000 xnzvc
02:9D22  52 79  ADDQ.W  #1,($00FFE3F8)           A0=00FF9364 A1=00032468 A2=00FFE3FC A3=00028210 A4=00027E16 A5=00000000 A6=00000000 A7=00FF7FA4 D0=00000070 D1=0000FF3F D2=00000000 D3=00000000 D4=00000000 D5=00000000 D6=00000000 D7=00000000 xnZvc
02:9D28  33 FC  MOVE.W  #$0001,($00FFE3FA)       A0=00FF9364 A1=00032468 A2=00FFE3FC A3=00028210 A4=00027E16 A5=00000000 A6=00000000 A7=00FF7FA4 D0=00000070 D1=0000FF3F D2=00000000 D3=00000000 D4=00000000 D5=00000000 D6=00000000 D7=00000000 xnzvc
02:9D30  30 39  MOVE.W  ($00FFE3F8),D0           A0=00FF9364 A1=00032468 A2=00FFE3FC A3=00028210 A4=00027E16 A5=00000000 A6=00000000 A7=00FF7FA4 D0=00000070 D1=0000FF3F D2=00000000 D3=00000000 D4=00000000 D5=00000000 D6=00000000 D7=00000000 xnzvc
02:9D36  0C 40  CMPI.W  #$0001,D0                A0=00FF9364 A1=00032468 A2=00FFE3FC A3=00028210 A4=00027E16 A5=00000000 A6=00000000 A7=00FF7FA4 D0=00000027 D1=0000FF3F D2=00000000 D3=00000000 D4=00000000 D5=00000000 D6=00000000 D7=00000000 xnzvc
02:9D3A  6D 00  BLT     #$044E [02:A18A]         A0=00FF9364 A1=00032468 A2=00FFE3FC A3=00028210 A4=00027E16 A5=00000000 A6=00000000 A7=00FF7FA4 D0=00000027 D1=0000FF3F D2=00000000 D3=00000000 D4=00000000 D5=00000000 D6=00000000 D7=00000000 xnzvc
02:9D3E  0C 40  CMPI.W  #$0027,D0                A0=00FF9364 A1=00032468 A2=00FFE3FC A3=00028210 A4=00027E16 A5=00000000 A6=00000000 A7=00FF7FA4 D0=00000027 D1=0000FF3F D2=00000000 D3=00000000 D4=00000000 D5=00000000 D6=00000000 D7=00000000 xnzvc
02:9D42  6E 00  BGT     #$0446 [02:A18A]         A0=00FF9364 A1=00032468 A2=00FFE3FC A3=00028210 A4=00027E16 A5=00000000 A6=00000000 A7=00FF7FA4 D0=00000027 D1=0000FF3F D2=00000000 D3=00000000 D4=00000000 D5=00000000 D6=00000000 D7=00000000 xnZvc
02:9D46  D0 40  ADD.W   D0,D0                    A0=00FF9364 A1=00032468 A2=00FFE3FC A3=00028210 A4=00027E16 A5=00000000 A6=00000000 A7=00FF7FA4 D0=00000027 D1=0000FF3F D2=00000000 D3=00000000 D4=00000000 D5=00000000 D6=00000000 D7=00000000 xnZvc
02:9D48  30 3B  MOVE.W  $04(PC,D0),D0            A0=00FF9364 A1=00032468 A2=00FFE3FC A3=00028210 A4=00027E16 A5=00000000 A6=00000000 A7=00FF7FA4 D0=0000004E D1=0000FF3F D2=00000000 D3=00000000 D4=00000000 D5=00000000 D6=00000000 D7=00000000 xnzvc
02:9D4C  4E FB  JMP     $02(PC,D0)               A0=00FF9364 A1=00032468 A2=00FFE3FC A3=00028210 A4=00027E16 A5=00000000 A6=00000000 A7=00FF7FA4 D0=00000432 D1=0000FF3F D2=00000000 D3=00000000 D4=00000000 D5=00000000 D6=00000000 D7=00000000 xnzvc
02:9D9E  48 78  PEA     ($0003)                  A0=00FF9364 A1=000323B0 A2=00FFE3FC A3=00028210 A4=00027E16 A5=00000000 A6=00000000 A7=00FF7FA4 D0=0000004E D1=0000FF3F D2=00000000 D3=00000000 D4=00000000 D5=00000000 D6=00000000 D7=00000000 xnzvc
02:9DA2  48 79  PEA     ($000306C8)              A0=00FF9364 A1=000323B0 A2=00FFE3FC A3=00028210 A4=00027E16 A5=00000000 A6=00000000 A7=00FF7FA0 D0=0000004E D1=0000FF3F D2=00000000 D3=00000000 D4=00000000 D5=00000000 D6=00000000 D7=00000000 xnzvc
02:9DA8  48 78  PEA     ($0005)                  A0=00FF9364 A1=000323B0 A2=00FFE3FC A3=00028210 A4=00027E16 A5=00000000 A6=00000000 A7=00FF7F9C D0=0000004E D1=0000FF3F D2=00000000 D3=00000000 D4=00000000 D5=00000000 D6=00000000 D7=00000000 xnzvc
02:9DAC  4E 93  JSR     (A3)                     A0=00FF9364 A1=000323B0 A2=00FFE3FC A3=00028210 A4=00027E16 A5=00000000 A6=00000000 A7=00FF7F98 D0=0000004E D1=0000FF3F D2=00000000 D3=00000000 D4=00000000 D5=00000000 D6=00000000 D7=00000000 xnzvc
02:9DAE  4F EF  LEA     $000C(SP),A7             A0=00FFA7DA A1=000323B0 A2=00FFE3FC A3=00028210 A4=00027E16 A5=00000000 A6=00000000 A7=00FF7F98 D0=00000003 D1=00000580 D2=00000000 D3=00000000 D4=00000000 D5=00000000 D6=00000000 D7=00000000 xNzvc
02:9DB2  34 BC  MOVE.W  #$0019,(A2)              A0=00FFA7DA A1=000323B0 A2=00FFE3FC A3=00028210 A4=00027E16 A5=00000000 A6=00000000 A7=00FF7FA4 D0=00000003 D1=00000580 D2=00000000 D3=00000000 D4=00000000 D5=00000000 D6=00000000 D7=00000000 xNzvc
02:9DB6  60 00  BRA     #$03D2 [02:A18A]         A0=00FFA7DA A1=000323B0 A2=00FFE3FC A3=00028210 A4=00027E16 A5=00000000 A6=00000000 A7=00FF7FA4 D0=00000003 D1=00000580 D2=00000000 D3=00000000 D4=00000000 D5=00000000 D6=00000000 D7=00000000 xnzvc
02:9DBA  42 43  CLR.W   D3                       A0=00FF9364 A1=000323B0 A2=00FFE3FC A3=00028210 A4=00027E16 A5=00000000 A6=00000000 A7=00FF7FA4 D0=0000006A D1=0000FF3F D2=00000000 D3=00000000 D4=00000000 D5=00000000 D6=00000000 D7=00000000 xnzvc
02:9DBC  48 78  PEA     ($0050)                  A0=00FF9364 A1=000323B0 A2=00FFE3FC A3=00028210 A4=00027E16 A5=00000000 A6=00000000 A7=00FF7FA4 D0=0000006A D1=0000FF3F D2=00000000 D3=00000000 D4=00000000 D5=00000000 D6=00000000 D7=00000000 xnZvc
02:9DC0  48 78  PEA     ($00DC)                  A0=00FF9364 A1=000323B0 A2=00FFE3FC A3=00028210 A4=00027E16 A5=00000000 A6=00000000 A7=00FF7FA0 D0=0000006A D1=0000FF3F D2=00000000 D3=00000000 D4=00000000 D5=00000000 D6=00000000 D7=00000000 xnZvc
02:9DC4  48 7A  PEA     $0420(PC)                A0=00FF9364 A1=000323B0 A2=00FFE3FC A3=00028210 A4=00027E16 A5=00000000 A6=00000000 A7=00FF7F9C D0=0000006A D1=0000FF3F D2=00000000 D3=00000000 D4=00000000 D5=00000000 D6=00000000 D7=00000000 xnZvc
02:9DC8  4E 71  NOP                              A0=00FF9364 A1=000323B0 A2=00FFE3FC A3=00028210 A4=00027E16 A5=00000000 A6=00000000 A7=00FF7F98 D0=0000006A D1=0000FF3F D2=00000000 D3=00000000 D4=00000000 D5=00000000 D6=00000000 D7=00000000 xnZvc
02:9DCA  4E 94  JSR     (A4)                     A0=00FF9364 A1=000323B0 A2=00FFE3FC A3=00028210 A4=00027E16 A5=00000000 A6=00000000 A7=00FF7F98 D0=000003F0 D1=0000FF3F D2=00000000 D3=00000000 D4=00000000 D5=00000000 D6=00000000 D7=00000000 xnZvc
02:9DCC  60 58  BRA     #$58 [02:9E26]           A0=00FFB65A A1=00FFB65A A2=00FFE3FC A3=00028210 A4=00027E16 A5=00000000 A6=00000000 A7=00FF7F98 D0=00000008 D1=00000008 D2=00000000 D3=00000000 D4=00000000 D5=00000000 D6=00000000 D7=00000000 xnzvc
02:9DCE  48 78  PEA     ($0003)                  A0=00FF9364 A1=000323B0 A2=00FFE3FC A3=00028210 A4=00027E16 A5=00000000 A6=00000000 A7=00FF7FA4 D0=0000007E D1=0000FF3F D2=00000000 D3=00000000 D4=00000000 D5=00000000 D6=00000000 D7=00000000 xnzvc
02:9DD2  48 79  PEA     ($000306C8)              A0=00FF9364 A1=000323B0 A2=00FFE3FC A3=00028210 A4=00027E16 A5=00000000 A6=00000000 A7=00FF7FA0 D0=0000007E D1=0000FF3F D2=00000000 D3=00000000 D4=00000000 D5=00000000 D6=00000000 D7=00000000 xnzvc
02:9DD8  60 00  BRA     #$02F8 [02:A0D2]         A0=00FF9364 A1=000323B0 A2=00FFE3FC A3=00028210 A4=00027E16 A5=00000000 A6=00000000 A7=00FF7F9C D0=0000007E D1=0000FF3F D2=00000000 D3=00000000 D4=00000000 D5=00000000 D6=00000000 D7=00000000 xnzvc
02:9DDC  42 43  CLR.W   D3                       A0=00FF9364 A1=000323B0 A2=00FFE3FC A3=00028210 A4=00027E16 A5=00000000 A6=00000000 A7=00FF7FA4 D0=0000008C D1=0000FF3F D2=00000000 D3=00000000 D4=00000000 D5=00000000 D6=00000000 D7=00000000 xnzvc
02:9DDE  48 78  PEA     ($0050)                  A0=00FF9364 A1=000323B0 A2=00FFE3FC A3=00028210 A4=00027E16 A5=00000000 A6=00000000 A7=00FF7FA4 D0=0000008C D1=0000FF3F D2=00000000 D3=00000000 D4=00000000 D5=00000000 D6=00000000 D7=00000000 xnZvc
02:9DE2  48 78  PEA     ($00DC)                  A0=00FF9364 A1=000323B0 A2=00FFE3FC A3=00028210 A4=00027E16 A5=00000000 A6=00000000 A7=00FF7FA0 D0=0000008C D1=0000FF3F D2=00000000 D3=00000000 D4=00000000 D5=00000000 D6=00000000 D7=00000000 xnZvc
02:9DE6  48 7A  PEA     $040A(PC)                A0=00FF9364 A1=000323B0 A2=00FFE3FC A3=00028210 A4=00027E16 A5=00000000 A6=00000000 A7=00FF7F9C D0=0000008C D1=0000FF3F D2=00000000 D3=00000000 D4=00000000 D5=00000000 D6=00000000 D7=00000000 xnZvc
02:9DEA  4E 71  NOP                              A0=00FF9364 A1=000323B0 A2=00FFE3FC A3=00028210 A4=00027E16 A5=00000000 A6=00000000 A7=00FF7F98 D0=0000008C D1=0000FF3F D2=00000000 D3=00000000 D4=00000000 D5=00000000 D6=00000000 D7=00000000 xnZvc
02:9DEC  4E 94  JSR     (A4)                     A0=00FF9364 A1=000323B0 A2=00FFE3FC A3=00028210 A4=00027E16 A5=00000000 A6=00000000 A7=00FF7F98 D0=0000008C D1=0000FF3F D2=00000000 D3=00000000 D4=00000000 D5=00000000 D6=00000000 D7=00000000 xnZvc
02:9DEE  48 78  PEA     ($0006)                  A0=00FFB65A A1=00FFB65A A2=00FFE3FC A3=00028210 A4=00027E16 A5=00000000 A6=00000000 A7=00FF7F98 D0=00000008 D1=00000008 D2=00000000 D3=00000000 D4=00000000 D5=00000000 D6=00000000 D7=00000000 xnzvc
02:9DF2  48 79  PEA     ($000306F6)              A0=00FFB65A A1=00FFB65A A2=00FFE3FC A3=00028210 A4=00027E16 A5=00000000 A6=00000000 A7=00FF7F94 D0=00000008 D1=00000008 D2=00000000 D3=00000000 D4=00000000 D5=00000000 D6=00000000 D7=00000000 xnzvc
02:9DF8  48 78  PEA     ($0006)                  A0=00FFB65A A1=00FFB65A A2=00FFE3FC A3=00028210 A4=00027E16 A5=00000000 A6=00000000 A7=00FF7F90 D0=00000008 D1=00000008 D2=00000000 D3=00000000 D4=00000000 D5=00000000 D6=00000000 D7=00000000 xnzvc
02:9DFC  4E 93  JSR     (A3)                     A0=00FFB65A A1=00FFB65A A2=00FFE3FC A3=00028210 A4=00027E16 A5=00000000 A6=00000000 A7=00FF7F8C D0=00000008 D1=00000008 D2=00000000 D3=00000000 D4=00000000 D5=00000000 D6=00000000 D7=00000000 xnzvc
02:9DFE  48 78  PEA     ($0006)                  A0=00FFA85A A1=00FFB65A A2=00FFE3FC A3=00028210 A4=00027E16 A5=00000000 A6=00000000 A7=00FF7F8C D0=00000006 D1=00000600 D2=00000000 D3=00000000 D4=00000000 D5=00000000 D6=00000000 D7=00000000 xNzvc
02:9E02  48 79  PEA     ($000306FA)              A0=00FFA85A A1=00FFB65A A2=00FFE3FC A3=00028210 A4=00027E16 A5=00000000 A6=00000000 A7=00FF7F88 D0=00000006 D1=00000600 D2=00000000 D3=00000000 D4=00000000 D5=00000000 D6=00000000 D7=00000000 xNzvc
02:9E08  48 78  PEA     ($0007)                  A0=00FFA85A A1=00FFB65A A2=00FFE3FC A3=00028210 A4=00027E16 A5=00000000 A6=00000000 A7=00FF7F84 D0=00000006 D1=00000600 D2=00000000 D3=00000000 D4=00000000 D5=00000000 D6=00000000 D7=00000000 xNzvc
02:9E0C  4E 93  JSR     (A3)                     A0=00FFA85A A1=00FFB65A A2=00FFE3FC A3=00028210 A4=00027E16 A5=00000000 A6=00000000 A7=00FF7F80 D0=00000006 D1=00000600 D2=00000000 D3=00000000 D4=00000000 D5=00000000 D6=00000000 D7=00000000 xNzvc
02:9E0E  4F EF  LEA     $0024(SP),A7             A0=00FFA8DA A1=00FFB65A A2=00FFE3FC A3=00028210 A4=00027E16 A5=00000000 A6=00000000 A7=00FF7F80 D0=00000006 D1=00000680 D2=00000000 D3=00000000 D4=00000000 D5=00000000 D6=00000000 D7=00000000 xNzvc
02:9E12  60 00  BRA     #$01B0 [02:9FC4]         A0=00FFA8DA A1=00FFB65A A2=00FFE3FC A3=00028210 A4=00027E16 A5=00000000 A6=00000000 A7=00FF7FA4 D0=00000006 D1=00000680 D2=00000000 D3=00000000 D4=00000000 D5=00000000 D6=00000000 D7=00000000 xNzvc
02:9E16  48 78  PEA     ($0006)                  A0=00FF9364 A1=00032468 A2=00FFE3FC A3=00028210 A4=00027E16 A5=00000000 A6=00000000 A7=00FF7FA4 D0=000000C6 D1=0000FF3F D2=00000000 D3=00000000 D4=00000000 D5=00000000 D6=00000000 D7=00000000 xnzvc
02:9E1A  48 79  PEA     ($000306F4)              A0=00FF9364 A1=00032468 A2=00FFE3FC A3=00028210 A4=00027E16 A5=00000000 A6=00000000 A7=00FF7FA0 D0=000000C6 D1=0000FF3F D2=00000000 D3=00000000 D4=00000000 D5=00000000 D6=00000000 D7=00000000 xnzvc
02:9E20  48 78  PEA     ($0006)                  A0=00FF9364 A1=00032468 A2=00FFE3FC A3=00028210 A4=00027E16 A5=00000000 A6=00000000 A7=00FF7F9C D0=000000C6 D1=0000FF3F D2=00000000 D3=00000000 D4=00000000 D5=00000000 D6=00000000 D7=00000000 xnzvc
02:9E24  4E 93  JSR     (A3)                     A0=00FF9364 A1=000323B0 A2=00FFE3FC A3=00028210 A4=00027E16 A5=00000000 A6=00000000 A7=00FF7F98 D0=00000378 D1=0000FF3F D2=00000000 D3=00000000 D4=00000000 D5=00000000 D6=00000000 D7=00000000 xnzvc
02:9E26  4F EF  LEA     $000C(SP),A7             A0=00FFB65A A1=00FFB65A A2=00FFE3FC A3=00028210 A4=00027E16 A5=00000000 A6=00000000 A7=00FF7F98 D0=00000008 D1=00000008 D2=00000000 D3=00000000 D4=00000000 D5=00000000 D6=00000000 D7=00000000 xnzvc
02:9E2A  60 00  BRA     #$0236 [02:A062]         A0=00FFB65A A1=00FFB65A A2=00FFE3FC A3=00028210 A4=00027E16 A5=00000000 A6=00000000 A7=00FF7FA4 D0=00000008 D1=00000008 D2=00000000 D3=00000000 D4=00000000 D5=00000000 D6=00000000 D7=00000000 xnzvc
02:9E2E  42 43  CLR.W   D3                       A0=00FF9364 A1=00032468 A2=00FFE3FC A3=00028210 A4=00027E16 A5=00000000 A6=00000000 A7=00FF7FA4 D0=000000DE D1=0000FF3F D2=00000000 D3=00000000 D4=00000000 D5=00000000 D6=00000000 D7=00000000 xnzvc
02:9E30  48 78  PEA     ($0048)                  A0=00FF9364 A1=00032468 A2=00FFE3FC A3=00028210 A4=00027E16 A5=00000000 A6=00000000 A7=00FF7FA4 D0=000000DE D1=0000FF3F D2=00000000 D3=00000000 D4=00000000 D5=00000000 D6=00000000 D7=00000000 xnZvc
02:9E34  48 78  PEA     ($00DC)                  A0=00FF9364 A1=00032468 A2=00FFE3FC A3=00028210 A4=00027E16 A5=00000000 A6=00000000 A7=00FF7FA0 D0=000000DE D1=0000FF3F D2=00000000 D3=00000000 D4=00000000 D5=00000000 D6=00000000 D7=00000000 xnZvc
02:9E38  48 7A  PEA     $03CC(PC)                A0=00FF9364 A1=00032468 A2=00FFE3FC A3=00028210 A4=00027E16 A5=00000000 A6=00000000 A7=00FF7F9C D0=000000DE D1=0000FF3F D2=00000000 D3=00000000 D4=00000000 D5=00000000 D6=00000000 D7=00000000 xnZvc
02:9E3C  4E 71  NOP                              A0=00FF9364 A1=00032468 A2=00FFE3FC A3=00028210 A4=00027E16 A5=00000000 A6=00000000 A7=00FF7F98 D0=000000DE D1=0000FF3F D2=00000000 D3=00000000 D4=00000000 D5=00000000 D6=00000000 D7=00000000 xnZvc
02:9E3E  4E 94  JSR     (A4)                     A0=00FF9364 A1=00032468 A2=00FFE3FC A3=00028210 A4=00027E16 A5=00000000 A6=00000000 A7=00FF7F98 D0=000000DE D1=0000FF3F D2=00000000 D3=00000000 D4=00000000 D5=00000000 D6=00000000 D7=00000000 xnZvc
02:9E40  48 78  PEA     ($0054)                  A0=00FFB65A A1=00FFB65A A2=00FFE3FC A3=00028210 A4=00027E16 A5=00000000 A6=00000000 A7=00FF7F98 D0=00000008 D1=00000008 D2=00000000 D3=00000000 D4=00000000 D5=00000000 D6=00000000 D7=00000000 xnzvc
02:9E44  48 78  PEA     ($00DC)                  A0=00FFB65A A1=00FFB65A A2=00FFE3FC A3=00028210 A4=00027E16 A5=00000000 A6=00000000 A7=00FF7F94 D0=00000008 D1=00000008 D2=00000000 D3=00000000 D4=00000000 D5=00000000 D6=00000000 D7=00000000 xnzvc
02:9E48  48 7A  PEA     $03D4(PC)                A0=00FFB65A A1=00FFB65A A2=00FFE3FC A3=00028210 A4=00027E16 A5=00000000 A6=00000000 A7=00FF7F90 D0=00000008 D1=00000008 D2=00000000 D3=00000000 D4=00000000 D5=00000000 D6=00000000 D7=00000000 xnzvc
02:9E4C  4E 71  NOP                              A0=00FFB65A A1=00FFB65A A2=00FFE3FC A3=00028210 A4=00027E16 A5=00000000 A6=00000000 A7=00FF7F8C D0=00000008 D1=00000008 D2=00000000 D3=00000000 D4=00000000 D5=00000000 D6=00000000 D7=00000000 xnzvc
02:9E4E  4E B9  JSR     ($00027EF0)              A0=00FFB65A A1=00FFB65A A2=00FFE3FC A3=00028210 A4=00027E16 A5=00000000 A6=00000000 A7=00FF7F8C D0=00000008 D1=00000008 D2=00000000 D3=00000000 D4=00000000 D5=00000000 D6=00000000 D7=00000000 xnzvc
02:9E54  48 78  PEA     ($0006)                  A0=00FFB65A A1=00FFB65A A2=00FFE3FC A3=00028210 A4=00027E16 A5=00000000 A6=00000000 A7=00FF7F8C D0=00000008 D1=00000008 D2=00000000 D3=00000000 D4=00000000 D5=00000000 D6=00000000 D7=00000000 xnzvc
02:9E58  48 79  PEA     ($000306F8)              A0=00FFB65A A1=00FFB65A A2=00FFE3FC A3=00028210 A4=00027E16 A5=00000000 A6=00000000 A7=00FF7F88 D0=00000008 D1=00000008 D2=00000000 D3=00000000 D4=00000000 D5=00000000 D6=00000000 D7=00000000 xnzvc
02:9E5E  48 78  PEA     ($0007)                  A0=00FFB65A A1=00FFB65A A2=00FFE3FC A3=00028210 A4=00027E16 A5=00000000 A6=00000000 A7=00FF7F84 D0=00000008 D1=00000008 D2=00000000 D3=00000000 D4=00000000 D5=00000000 D6=00000000 D7=00000000 xnzvc
02:9E62  4E 93  JSR     (A3)                     A0=00FFB65A A1=00FFB65A A2=00FFE3FC A3=00028210 A4=00027E16 A5=00000000 A6=00000000 A7=00FF7F80 D0=00000008 D1=00000008 D2=00000000 D3=00000000 D4=00000000 D5=00000000 D6=00000000 D7=00000000 xnzvc
02:9E64  48 78  PEA     ($0003)                  A0=00FFA8DA A1=00FFB65A A2=00FFE3FC A3=00028210 A4=00027E16 A5=00000000 A6=00000000 A7=00FF7F80 D0=00000006 D1=00000680 D2=00000000 D3=00000000 D4=00000000 D5=00000000 D6=00000000 D7=00000000 xNzvc
02:9E68  48 79  PEA     ($000306D6)              A0=00FFA8DA A1=00FFB65A A2=00FFE3FC A3=00028210 A4=00027E16 A5=00000000 A6=00000000 A7=00FF7F7C D0=00000006 D1=00000680 D2=00000000 D3=00000000 D4=00000000 D5=00000000 D6=00000000 D7=00000000 xNzvc
02:9E6E  48 78  PEA     ($0005)                  A0=00FFA8DA A1=00FFB65A A2=00FFE3FC A3=00028210 A4=00027E16 A5=00000000 A6=00000000 A7=00FF7F78 D0=00000006 D1=00000680 D2=00000000 D3=00000000 D4=00000000 D5=00000000 D6=00000000 D7=00000000 xNzvc
02:9E72  4E 93  JSR     (A3)                     A0=00FFA8DA A1=00FFB65A A2=00FFE3FC A3=00028210 A4=00027E16 A5=00000000 A6=00000000 A7=00FF7F74 D0=00000006 D1=00000680 D2=00000000 D3=00000000 D4=00000000 D5=00000000 D6=00000000 D7=00000000 xNzvc
02:9E74  4F EF  LEA     $0030(SP),A7             A0=00FFA7DA A1=00FFB65A A2=00FFE3FC A3=00028210 A4=00027E16 A5=00000000 A6=00000000 A7=00FF7F74 D0=00000003 D1=00000580 D2=00000000 D3=00000000 D4=00000000 D5=00000000 D6=00000000 D7=00000000 xNzvc
02:9E78  34 BC  MOVE.W  #$0033,(A2)              A0=00FFA85A A1=0003250E A2=00FFE3FC A3=00028210 A4=00027E16 A5=00000000 A6=00000000 A7=00FF7FA4 D0=00000206 D1=00000600 D2=00000000 D3=00000000 D4=00000000 D5=00000000 D6=00000000 D7=00000000 xNzvc
02:9E7C  60 00  BRA     #$030C [02:A18A]         A0=00FFA85A A1=0003250E A2=00FFE3FC A3=00028210 A4=00027E16 A5=00000000 A6=00000000 A7=00FF7FA4 D0=00000206 D1=00000600 D2=00000000 D3=00000000 D4=00000000 D5=00000000 D6=00000000 D7=00000000 xnzvc
02:9E80  48 78  PEA     ($0006)                  A0=00FF9364 A1=000323B0 A2=00FFE3FC A3=00028210 A4=00027E16 A5=00000000 A6=00000000 A7=00FF7FA4 D0=00000130 D1=0000FF3F D2=00000000 D3=00000000 D4=00000000 D5=00000000 D6=00000000 D7=00000000 xnzvc
02:9E84  48 79  PEA     ($00030700)              A0=00FF9364 A1=000323B0 A2=00FFE3FC A3=00028210 A4=00027E16 A5=00000000 A6=00000000 A7=00FF7FA0 D0=00000130 D1=0000FF3F D2=00000000 D3=00000000 D4=00000000 D5=00000000 D6=00000000 D7=00000000 xnzvc
02:9E8A  48 78  PEA     ($0001)                  A0=00FF9364 A1=000323B0 A2=00FFE3FC A3=00028210 A4=00027E16 A5=00000000 A6=00000000 A7=00FF7F9C D0=00000130 D1=0000FF3F D2=00000000 D3=00000000 D4=00000000 D5=00000000 D6=00000000 D7=00000000 xnzvc
02:9E8E  4E 93  JSR     (A3)                     A0=00FF9364 A1=000323B0 A2=00FFE3FC A3=00028210 A4=00027E16 A5=00000000 A6=00000000 A7=00FF7F98 D0=00000130 D1=0000FF3F D2=00000000 D3=00000000 D4=00000000 D5=00000000 D6=00000000 D7=00000000 xnzvc
02:9E90  4F EF  LEA     $000C(SP),A7             A0=00FFA5DA A1=000323B0 A2=00FFE3FC A3=00028210 A4=00027E16 A5=00000000 A6=00000000 A7=00FF7F98 D0=00000106 D1=00000380 D2=00000000 D3=00000000 D4=00000000 D5=00000000 D6=00000000 D7=00000000 xNzvc
02:9E94  42 79  CLR.W   ($00FFE3FA)              A0=00FFA5DA A1=000323B0 A2=00FFE3FC A3=00028210 A4=00027E16 A5=00000000 A6=00000000 A7=00FF7FA4 D0=00000106 D1=00000380 D2=00000000 D3=00000000 D4=00000000 D5=00000000 D6=00000000 D7=00000000 xNzvc
02:9E9A  60 DC  BRA     #$DC [02:9E78]           A0=00FFA5DA A1=000323B0 A2=00FFE3FC A3=00028210 A4=00027E16 A5=00000000 A6=00000000 A7=00FF7FA4 D0=00000106 D1=00000380 D2=00000000 D3=00000000 D4=00000000 D5=00000000 D6=00000000 D7=00000000 xnZvc
02:9E9C  60 00  BRA     #$023C [02:A0DA]         A0=00FF9364 A1=000323B0 A2=00FFE3FC A3=00028210 A4=00027E16 A5=00000000 A6=00000000 A7=00FF7FA4 D0=0000014C D1=0000FF3F D2=00000000 D3=00000000 D4=00000000 D5=00000000 D6=00000000 D7=00000000 xnzvc
02:9EA0  42 43  CLR.W   D3                       A0=00FF9364 A1=000323B0 A2=00FFE3FC A3=00028210 A4=00027E16 A5=00000000 A6=00000000 A7=00FF7FA4 D0=00000150 D1=0000FF3F D2=00000000 D3=00000000 D4=00000000 D5=00000000 D6=00000000 D7=00000000 xnzvc
02:9EA2  48 78  PEA     ($0006)                  A0=00FF9364 A1=000323B0 A2=00FFE3FC A3=00028210 A4=00027E16 A5=00000000 A6=00000000 A7=00FF7FA4 D0=00000150 D1=0000FF3F D2=00000000 D3=00000000 D4=00000000 D5=00000000 D6=00000000 D7=00000000 xnZvc
02:9EA6  48 79  PEA     ($000306E5)              A0=00FF9364 A1=000323B0 A2=00FFE3FC A3=00028210 A4=00027E16 A5=00000000 A6=00000000 A7=00FF7FA0 D0=00000150 D1=0000FF3F D2=00000000 D3=00000000 D4=00000000 D5=00000000 D6=00000000 D7=00000000 xnZvc
02:9EAC  48 78  PEA     ($0001)                  A0=00FF9364 A1=000323B0 A2=00FFE3FC A3=00028210 A4=00027E16 A5=00000000 A6=00000000 A7=00FF7F9C D0=00000150 D1=0000FF3F D2=00000000 D3=00000000 D4=00000000 D5=00000000 D6=00000000 D7=00000000 xnZvc
02:9EB0  4E 93  JSR     (A3)                     A0=00FF9364 A1=000323B0 A2=00FFE3FC A3=00028210 A4=00027E16 A5=00000000 A6=00000000 A7=00FF7F98 D0=00000150 D1=0000FF3F D2=00000000 D3=00000000 D4=00000000 D5=00000000 D6=00000000 D7=00000000 xnZvc
02:9EB2  48 78  PEA     ($0036)                  A0=00FFA5DA A1=000323B0 A2=00FFE3FC A3=00028210 A4=00027E16 A5=00000000 A6=00000000 A7=00FF7F98 D0=00000106 D1=00000380 D2=00000000 D3=00000000 D4=00000000 D5=00000000 D6=00000000 D7=00000000 xNzvc
02:9EB6  48 78  PEA     ($004E)                  A0=00FFA5DA A1=000323B0 A2=00FFE3FC A3=00028210 A4=00027E16 A5=00000000 A6=00000000 A7=00FF7F94 D0=00000106 D1=00000380 D2=00000000 D3=00000000 D4=00000000 D5=00000000 D6=00000000 D7=00000000 xNzvc
02:9EBA  48 7A  PEA     $0374(PC)                A0=00FFA5DA A1=000323B0 A2=00FFE3FC A3=00028210 A4=00027E16 A5=00000000 A6=00000000 A7=00FF7F90 D0=00000106 D1=00000380 D2=00000000 D3=00000000 D4=00000000 D5=00000000 D6=00000000 D7=00000000 xNzvc
02:9EBE  4E 71  NOP                              A0=00FFA5DA A1=000323B0 A2=00FFE3FC A3=00028210 A4=00027E16 A5=00000000 A6=00000000 A7=00FF7F8C D0=00000106 D1=00000380 D2=00000000 D3=00000000 D4=00000000 D5=00000000 D6=00000000 D7=00000000 xNzvc
02:9EC0  4E 94  JSR     (A4)                     A0=00FFA5DA A1=000323B0 A2=00FFE3FC A3=00028210 A4=00027E16 A5=00000000 A6=00000000 A7=00FF7F8C D0=00000106 D1=00000380 D2=00000000 D3=00000000 D4=00000000 D5=00000000 D6=00000000 D7=00000000 xNzvc
02:9EC2  4F EF  LEA     $0018(SP),A7             A0=00FFB65A A1=00FFB65A A2=00FFE3FC A3=00028210 A4=00027E16 A5=00000000 A6=00000000 A7=00FF7F8C D0=00000008 D1=00000008 D2=00000000 D3=00000000 D4=00000000 D5=00000000 D6=00000000 D7=00000000 xnzvc
02:9EC6  60 00  BRA     #$0244 [02:A10C]         A0=00FFB65A A1=00FFB65A A2=00FFE3FC A3=00028210 A4=00027E16 A5=00000000 A6=00000000 A7=00FF7FA4 D0=00000008 D1=00000008 D2=00000000 D3=00000000 D4=00000000 D5=00000000 D6=00000000 D7=00000000 xnzvc
02:9ECA  48 78  PEA     ($0006)                  A0=00FF9364 A1=000323B0 A2=00FFE3FC A3=00028210 A4=00027E16 A5=00000000 A6=00000000 A7=00FF7FA4 D0=0000017A D1=0000FF3F D2=00000000 D3=00000000 D4=00000000 D5=00000000 D6=00000000 D7=00000000 xnzvc
02:9ECE  48 79  PEA     ($000306FE)              A0=00FF9364 A1=000323B0 A2=00FFE3FC A3=00028210 A4=00027E16 A5=00000000 A6=00000000 A7=00FF7FA0 D0=0000017A D1=0000FF3F D2=00000000 D3=00000000 D4=00000000 D5=00000000 D6=00000000 D7=00000000 xnzvc
02:9ED4  60 00  BRA     #$01D4 [02:A0AA]         A0=00FF9364 A1=000323B0 A2=00FFE3FC A3=00028210 A4=00027E16 A5=00000000 A6=00000000 A7=00FF7F9C D0=0000017A D1=0000FF3F D2=00000000 D3=00000000 D4=00000000 D5=00000000 D6=00000000 D7=00000000 xnzvc
02:9ED8  48 78  PEA     ($0006)                  A0=00FF9364 A1=000323B0 A2=00FFE3FC A3=00028210 A4=00027E16 A5=00000000 A6=00000000 A7=00FF7FA4 D0=00000188 D1=0000FF3F D2=00000000 D3=00000000 D4=00000000 D5=00000000 D6=00000000 D7=00000000 xnzvc
02:9EDC  48 79  PEA     ($000306DA)              A0=00FF9364 A1=000323B0 A2=00FFE3FC A3=00028210 A4=00027E16 A5=00000000 A6=00000000 A7=00FF7FA0 D0=00000188 D1=0000FF3F D2=00000000 D3=00000000 D4=00000000 D5=00000000 D6=00000000 D7=00000000 xnzvc
02:9EE2  48 78  PEA     ($0005)                  A0=00FF9364 A1=000323B0 A2=00FFE3FC A3=00028210 A4=00027E16 A5=00000000 A6=00000000 A7=00FF7F9C D0=00000188 D1=0000FF3F D2=00000000 D3=00000000 D4=00000000 D5=00000000 D6=00000000 D7=00000000 xnzvc
02:9EE6  4E 93  JSR     (A3)                     A0=00FF9364 A1=000323B0 A2=00FFE3FC A3=00028210 A4=00027E16 A5=00000000 A6=00000000 A7=00FF7F98 D0=00000188 D1=0000FF3F D2=00000000 D3=00000000 D4=00000000 D5=00000000 D6=00000000 D7=00000000 xnzvc
02:9EE8  4F EF  LEA     $000C(SP),A7             A0=00FFA7DA A1=000323B0 A2=00FFE3FC A3=00028210 A4=00027E16 A5=00000000 A6=00000000 A7=00FF7F98 D0=00000106 D1=00000580 D2=00000000 D3=00000000 D4=00000000 D5=00000000 D6=00000000 D7=00000000 xNzvc
02:9EEC  60 00  BRA     #$0112 [02:A000]         A0=00FFA7DA A1=000323B0 A2=00FFE3FC A3=00028210 A4=00027E16 A5=00000000 A6=00000000 A7=00FF7FA4 D0=00000106 D1=00000580 D2=00000000 D3=00000000 D4=00000000 D5=00000000 D6=00000000 D7=00000000 xNzvc
02:9EF0  60 00  BRA     #$00A6 [02:9F98]         A0=00FF9364 A1=000323B0 A2=00FFE3FC A3=00028210 A4=00027E16 A5=00000000 A6=00000000 A7=00FF7FA4 D0=000001A0 D1=0000FF3F D2=00000000 D3=00000000 D4=00000000 D5=00000000 D6=00000000 D7=00000000 xnzvc
02:9EF4  42 43  CLR.W   D3                       A0=00FF9364 A1=000323B0 A2=00FFE3FC A3=00028210 A4=00027E16 A5=00000000 A6=00000000 A7=00FF7FA4 D0=000001A4 D1=0000FF3F D2=00000000 D3=00000000 D4=00000000 D5=00000000 D6=00000000 D7=00000000 xnzvc
02:9EF6  48 78  PEA     ($0048)                  A0=00FF9364 A1=000323B0 A2=00FFE3FC A3=00028210 A4=00027E16 A5=00000000 A6=00000000 A7=00FF7FA4 D0=000001A4 D1=0000FF3F D2=00000000 D3=00000000 D4=00000000 D5=00000000 D6=00000000 D7=00000000 xnZvc
02:9EFA  48 78  PEA     ($00DC)                  A0=00FF9364 A1=000323B0 A2=00FFE3FC A3=00028210 A4=00027E16 A5=00000000 A6=00000000 A7=00FF7FA0 D0=000001A4 D1=0000FF3F D2=00000000 D3=00000000 D4=00000000 D5=00000000 D6=00000000 D7=00000000 xnZvc
02:9EFE  48 7A  PEA     $033E(PC)                A0=00FF9364 A1=000323B0 A2=00FFE3FC A3=00028210 A4=00027E16 A5=00000000 A6=00000000 A7=00FF7F9C D0=000001A4 D1=0000FF3F D2=00000000 D3=00000000 D4=00000000 D5=00000000 D6=00000000 D7=00000000 xnZvc
02:9F02  4E 71  NOP                              A0=00FF9364 A1=000323B0 A2=00FFE3FC A3=00028210 A4=00027E16 A5=00000000 A6=00000000 A7=00FF7F98 D0=000001A4 D1=0000FF3F D2=00000000 D3=00000000 D4=00000000 D5=00000000 D6=00000000 D7=00000000 xnZvc
02:9F04  4E 94  JSR     (A4)                     A0=00FF9364 A1=000323B0 A2=00FFE3FC A3=00028210 A4=00027E16 A5=00000000 A6=00000000 A7=00FF7F98 D0=000001A4 D1=0000FF3F D2=00000000 D3=00000000 D4=00000000 D5=00000000 D6=00000000 D7=00000000 xnZvc
02:9F06  48 78  PEA     ($0054)                  A0=00FFB65A A1=00FFB65A A2=00FFE3FC A3=00028210 A4=00027E16 A5=00000000 A6=00000000 A7=00FF7F98 D0=00000008 D1=00000008 D2=00000000 D3=00000000 D4=00000000 D5=00000000 D6=00000000 D7=00000000 xnzvc
02:9F0A  48 78  PEA     ($00DC)                  A0=00FFB65A A1=00FFB65A A2=00FFE3FC A3=00028210 A4=00027E16 A5=00000000 A6=00000000 A7=00FF7F94 D0=00000008 D1=00000008 D2=00000000 D3=00000000 D4=00000000 D5=00000000 D6=00000000 D7=00000000 xnzvc
02:9F0E  48 7A  PEA     $0342(PC)                A0=00FFB65A A1=00FFB65A A2=00FFE3FC A3=00028210 A4=00027E16 A5=00000000 A6=00000000 A7=00FF7F90 D0=00000008 D1=00000008 D2=00000000 D3=00000000 D4=00000000 D5=00000000 D6=00000000 D7=00000000 xnzvc
02:9F12  4E 71  NOP                              A0=00FFB65A A1=00FFB65A A2=00FFE3FC A3=00028210 A4=00027E16 A5=00000000 A6=00000000 A7=00FF7F8C D0=00000008 D1=00000008 D2=00000000 D3=00000000 D4=00000000 D5=00000000 D6=00000000 D7=00000000 xnzvc
02:9F14  4E B9  JSR     ($00027EF0)              A0=00FFB65A A1=00FFB65A A2=00FFE3FC A3=00028210 A4=00027E16 A5=00000000 A6=00000000 A7=00FF7F8C D0=00000008 D1=00000008 D2=00000000 D3=00000000 D4=00000000 D5=00000000 D6=00000000 D7=00000000 xnzvc
02:9F1A  48 78  PEA     ($0006)                  A0=00FFB65A A1=00FFB65A A2=00FFE3FC A3=00028210 A4=00027E16 A5=00000000 A6=00000000 A7=00FF7F8C D0=00000008 D1=00000008 D2=00000000 D3=00000000 D4=00000000 D5=00000000 D6=00000000 D7=00000000 xnzvc
02:9F1E  48 79  PEA     ($000306F6)              A0=00FFB65A A1=00FFB65A A2=00FFE3FC A3=00028210 A4=00027E16 A5=00000000 A6=00000000 A7=00FF7F88 D0=00000008 D1=00000008 D2=00000000 D3=00000000 D4=00000000 D5=00000000 D6=00000000 D7=00000000 xnzvc
02:9F24  48 78  PEA     ($0006)                  A0=00FFB65A A1=00FFB65A A2=00FFE3FC A3=00028210 A4=00027E16 A5=00000000 A6=00000000 A7=00FF7F84 D0=00000008 D1=00000008 D2=00000000 D3=00000000 D4=00000000 D5=00000000 D6=00000000 D7=00000000 xnzvc
02:9F28  4E 93  JSR     (A3)                     A0=00FFB65A A1=00FFB65A A2=00FFE3FC A3=00028210 A4=00027E16 A5=00000000 A6=00000000 A7=00FF7F80 D0=00000008 D1=00000008 D2=00000000 D3=00000000 D4=00000000 D5=00000000 D6=00000000 D7=00000000 xnzvc
02:9F2A  4F EF  LEA     $0024(SP),A7             A0=00FFA85A A1=00FFB65A A2=00FFE3FC A3=00028210 A4=00027E16 A5=00000000 A6=00000000 A7=00FF7F80 D0=00000006 D1=00000600 D2=00000000 D3=00000000 D4=00000000 D5=00000000 D6=00000000 D7=00000000 xNzvc
02:9F2E  34 BC  MOVE.W  #$0008,(A2)              A0=00FFD9C6 A1=000323B0 A2=00FFE3FC A3=00028210 A4=00027E16 A5=00000000 A6=00000000 A7=00FF7FA4 D0=00000008 D1=00000023 D2=00000000 D3=00000000 D4=00000000 D5=00000000 D6=00000000 D7=00000000 xnZvc
02:9F32  60 00  BRA     #$0256 [02:A18A]         A0=00FFD9C6 A1=000323B0 A2=00FFE3FC A3=00028210 A4=00027E16 A5=00000000 A6=00000000 A7=00FF7FA4 D0=00000008 D1=00000023 D2=00000000 D3=00000000 D4=00000000 D5=00000000 D6=00000000 D7=00000000 xnzvc
02:9F36  48 78  PEA     ($0006)                  A0=00FF9364 A1=000323B0 A2=00FFE3FC A3=00028210 A4=00027E16 A5=00000000 A6=00000000 A7=00FF7FA4 D0=000001E6 D1=0000FF3F D2=00000000 D3=00000000 D4=00000000 D5=00000000 D6=00000000 D7=00000000 xnzvc
02:9F3A  48 79  PEA     ($000306FA)              A0=00FF9364 A1=000323B0 A2=00FFE3FC A3=00028210 A4=00027E16 A5=00000000 A6=00000000 A7=00FF7FA0 D0=000001E6 D1=0000FF3F D2=00000000 D3=00000000 D4=00000000 D5=00000000 D6=00000000 D7=00000000 xnzvc
02:9F40  48 78  PEA     ($0007)                  A0=00FF9364 A1=000323B0 A2=00FFE3FC A3=00028210 A4=00027E16 A5=00000000 A6=00000000 A7=00FF7F9C D0=000001E6 D1=0000FF3F D2=00000000 D3=00000000 D4=00000000 D5=00000000 D6=00000000 D7=00000000 xnzvc
02:9F44  4E 93  JSR     (A3)                     A0=00FF9364 A1=000323B0 A2=00FFE3FC A3=00028210 A4=00027E16 A5=00000000 A6=00000000 A7=00FF7F98 D0=000001E6 D1=0000FF3F D2=00000000 D3=00000000 D4=00000000 D5=00000000 D6=00000000 D7=00000000 xnzvc
02:9F46  4F EF  LEA     $000C(SP),A7             A0=00FFA8DA A1=000323B0 A2=00FFE3FC A3=00028210 A4=00027E16 A5=00000000 A6=00000000 A7=00FF7F98 D0=00000106 D1=00000680 D2=00000000 D3=00000000 D4=00000000 D5=00000000 D6=00000000 D7=00000000 xNzvc
02:9F4A  34 BC  MOVE.W  #$0004,(A2)              A0=00FFA8DA A1=000323B0 A2=00FFE3FC A3=00028210 A4=00027E16 A5=00000000 A6=00000000 A7=00FF7FA4 D0=00000106 D1=00000680 D2=00000000 D3=00000000 D4=00000000 D5=00000000 D6=00000000 D7=00000000 xNzvc
02:9F4E  60 00  BRA     #$023A [02:A18A]         A0=00FFA8DA A1=000323B0 A2=00FFE3FC A3=00028210 A4=00027E16 A5=00000000 A6=00000000 A7=00FF7FA4 D0=00000106 D1=00000680 D2=00000000 D3=00000000 D4=00000000 D5=00000000 D6=00000000 D7=00000000 xnzvc
02:9F52  48 78  PEA     ($0006)                  A0=00FF9364 A1=00032468 A2=00FFE3FC A3=00028210 A4=00027E16 A5=00000000 A6=00000000 A7=00FF7FA4 D0=00000202 D1=0000FF3F D2=00000000 D3=00000000 D4=00000000 D5=00000000 D6=00000000 D7=00000000 xnzvc
02:9F56  48 79  PEA     ($000306FC)              A0=00FF9364 A1=00032468 A2=00FFE3FC A3=00028210 A4=00027E16 A5=00000000 A6=00000000 A7=00FF7FA0 D0=00000202 D1=0000FF3F D2=00000000 D3=00000000 D4=00000000 D5=00000000 D6=00000000 D7=00000000 xnzvc
02:9F5C  48 78  PEA     ($0007)                  A0=00FF9364 A1=000323B0 A2=00FFE3FC A3=00028210 A4=00027E16 A5=00000000 A6=00000000 A7=00FF7F9C D0=00000404 D1=0000FF3F D2=00000000 D3=00000000 D4=00000000 D5=00000000 D6=00000000 D7=00000000 xnzvc
02:9F60  60 00  BRA     #$0214 [02:A176]         A0=00FF9364 A1=000323B0 A2=00FFE3FC A3=00028210 A4=00027E16 A5=00000000 A6=00000000 A7=00FF7F98 D0=00000404 D1=0000FF3F D2=00000000 D3=00000000 D4=00000000 D5=00000000 D6=00000000 D7=00000000 xnzvc
02:9F64  48 78  PEA     ($0006)                  A0=00FFA65A A1=0003250E A2=00FFE3FC A3=00028210 A4=00027E16 A5=00000000 A6=00000000 A7=00FF7FA4 D0=00000214 D1=0000FF3F D2=00000000 D3=00000000 D4=00000000 D5=00000000 D6=00000000 D7=00000000 xnzvc
02:9F68  48 79  PEA     ($000306FA)              A0=00FFA65A A1=0003250E A2=00FFE3FC A3=00028210 A4=00027E16 A5=00000000 A6=00000000 A7=00FF7FA0 D0=00000214 D1=0000FF3F D2=00000000 D3=00000000 D4=00000000 D5=00000000 D6=00000000 D7=00000000 xnzvc
02:9F6E  48 78  PEA     ($0007)                  A0=00FFA65A A1=0003250E A2=00FFE3FC A3=00028210 A4=00027E16 A5=00000000 A6=00000000 A7=00FF7F9C D0=00000214 D1=0000FF3F D2=00000000 D3=00000000 D4=00000000 D5=00000000 D6=00000000 D7=00000000 xnzvc
02:9F72  4E 93  JSR     (A3)                     A0=00FFA65A A1=0003250E A2=00FFE3FC A3=00028210 A4=00027E16 A5=00000000 A6=00000000 A7=00FF7F98 D0=00000214 D1=0000FF3F D2=00000000 D3=00000000 D4=00000000 D5=00000000 D6=00000000 D7=00000000 xnzvc
02:9F74  48 78  PEA     ($0006)                  A0=00FFA8DA A1=0003250E A2=00FFE3FC A3=00028210 A4=00027E16 A5=00000000 A6=00000000 A7=00FF7F98 D0=00000206 D1=00000680 D2=00000000 D3=00000000 D4=00000000 D5=00000000 D6=00000000 D7=00000000 xNzvc
02:9F78  48 79  PEA     ($000306F4)              A0=00FFA8DA A1=0003250E A2=00FFE3FC A3=00028210 A4=00027E16 A5=00000000 A6=00000000 A7=00FF7F94 D0=00000206 D1=00000680 D2=00000000 D3=00000000 D4=00000000 D5=00000000 D6=00000000 D7=00000000 xNzvc
02:9F7E  48 78  PEA     ($0006)                  A0=00FFA8DA A1=0003250E A2=00FFE3FC A3=00028210 A4=00027E16 A5=00000000 A6=00000000 A7=00FF7F90 D0=00000206 D1=00000680 D2=00000000 D3=00000000 D4=00000000 D5=00000000 D6=00000000 D7=00000000 xNzvc
02:9F82  4E 93  JSR     (A3)                     A0=00FFA8DA A1=0003250E A2=00FFE3FC A3=00028210 A4=00027E16 A5=00000000 A6=00000000 A7=00FF7F8C D0=00000206 D1=00000680 D2=00000000 D3=00000000 D4=00000000 D5=00000000 D6=00000000 D7=00000000 xNzvc
02:9F84  4F EF  LEA     $0018(SP),A7             A0=00FFA85A A1=0003250E A2=00FFE3FC A3=00028210 A4=00027E16 A5=00000000 A6=00000000 A7=00FF7F8C D0=00000206 D1=00000600 D2=00000000 D3=00000000 D4=00000000 D5=00000000 D6=00000000 D7=00000000 xNzvc
02:9F88  60 00  BRA     #$FEEE [02:9E78]         A0=00FFA85A A1=0003250E A2=00FFE3FC A3=00028210 A4=00027E16 A5=00000000 A6=00000000 A7=00FF7FA4 D0=00000206 D1=00000600 D2=00000000 D3=00000000 D4=00000000 D5=00000000 D6=00000000 D7=00000000 xNzvc
02:9F8C  48 78  PEA     ($0006)                  A0=00FF9364 A1=00032468 A2=00FFE3FC A3=00028210 A4=00027E16 A5=00000000 A6=00000000 A7=00FF7FA4 D0=0000023C D1=0000FF3F D2=00000000 D3=00000000 D4=00000000 D5=00000000 D6=00000000 D7=00000000 xnzvc
02:9F90  48 79  PEA     ($000306F8)              A0=00FF9364 A1=00032468 A2=00FFE3FC A3=00028210 A4=00027E16 A5=00000000 A6=00000000 A7=00FF7FA0 D0=0000023C D1=0000FF3F D2=00000000 D3=00000000 D4=00000000 D5=00000000 D6=00000000 D7=00000000 xnzvc
02:9F96  60 C4  BRA     #$C4 [02:9F5C]           A0=00FF9364 A1=00032468 A2=00FFE3FC A3=00028210 A4=00027E16 A5=00000000 A6=00000000 A7=00FF7F9C D0=0000023C D1=0000FF3F D2=00000000 D3=00000000 D4=00000000 D5=00000000 D6=00000000 D7=00000000 xnzvc
02:9F98  48 78  PEA     ($0003)                  A0=00FF9364 A1=000323B0 A2=00FFE3FC A3=00028210 A4=00027E16 A5=00000000 A6=00000000 A7=00FF7FA4 D0=00000248 D1=0000FF3F D2=00000000 D3=00000000 D4=00000000 D5=00000000 D6=00000000 D7=00000000 xnzvc
02:9F9C  48 79  PEA     ($000306C8)              A0=00FF9364 A1=000323B0 A2=00FFE3FC A3=00028210 A4=00027E16 A5=00000000 A6=00000000 A7=00FF7FA0 D0=00000248 D1=0000FF3F D2=00000000 D3=00000000 D4=00000000 D5=00000000 D6=00000000 D7=00000000 xnzvc
02:9FA2  48 78  PEA     ($0005)                  A0=00FF9364 A1=000323B0 A2=00FFE3FC A3=00028210 A4=00027E16 A5=00000000 A6=00000000 A7=00FF7F9C D0=00000248 D1=0000FF3F D2=00000000 D3=00000000 D4=00000000 D5=00000000 D6=00000000 D7=00000000 xnzvc
02:9FA6  4E 93  JSR     (A3)                     A0=00FF9364 A1=000323B0 A2=00FFE3FC A3=00028210 A4=00027E16 A5=00000000 A6=00000000 A7=00FF7F98 D0=00000350 D1=0000FF3F D2=00000000 D3=00000000 D4=00000000 D5=00000000 D6=00000000 D7=00000000 xnzvc
02:9FA8  4F EF  LEA     $000C(SP),A7             A0=00FFA5DA A1=000323B0 A2=00FFE3FC A3=00028210 A4=00027E16 A5=00000000 A6=00000000 A7=00FF7F98 D0=00000306 D1=00000380 D2=00000000 D3=00000000 D4=00000000 D5=00000000 D6=00000000 D7=00000000 xNzvc
02:9FAC  60 80  BRA     #$80 [02:9F2E]           A0=00FFA5DA A1=000323B0 A2=00FFE3FC A3=00028210 A4=00027E16 A5=00000000 A6=00000000 A7=00FF7FA4 D0=00000306 D1=00000380 D2=00000000 D3=00000000 D4=00000000 D5=00000000 D6=00000000 D7=00000000 xNzvc
02:9FAE  42 43  CLR.W   D3                       A0=00FF9364 A1=000323B0 A2=00FFE3FC A3=00028210 A4=00027E16 A5=00000000 A6=00000000 A7=00FF7FA4 D0=0000025E D1=0000FF3F D2=00000000 D3=00000000 D4=00000000 D5=00000000 D6=00000000 D7=00000000 xnzvc
02:9FB0  48 78  PEA     ($0050)                  A0=00FF9364 A1=000323B0 A2=00FFE3FC A3=00028210 A4=00027E16 A5=00000000 A6=00000000 A7=00FF7FA4 D0=0000025E D1=0000FF3F D2=00000000 D3=00000000 D4=00000000 D5=00000000 D6=00000000 D7=00000000 xnZvc
02:9FB4  48 78  PEA     ($00DC)                  A0=00FF9364 A1=000323B0 A2=00FFE3FC A3=00028210 A4=00027E16 A5=00000000 A6=00000000 A7=00FF7FA0 D0=0000025E D1=0000FF3F D2=00000000 D3=00000000 D4=00000000 D5=00000000 D6=00000000 D7=00000000 xnZvc
02:9FB8  48 7A  PEA     $02AC(PC)                A0=00FF9364 A1=000323B0 A2=00FFE3FC A3=00028210 A4=00027E16 A5=00000000 A6=00000000 A7=00FF7F9C D0=0000025E D1=0000FF3F D2=00000000 D3=00000000 D4=00000000 D5=00000000 D6=00000000 D7=00000000 xnZvc
02:9FBC  4E 71  NOP                              A0=00FF9364 A1=000323B0 A2=00FFE3FC A3=00028210 A4=00027E16 A5=00000000 A6=00000000 A7=00FF7F98 D0=0000025E D1=0000FF3F D2=00000000 D3=00000000 D4=00000000 D5=00000000 D6=00000000 D7=00000000 xnZvc
02:9FBE  4E 94  JSR     (A4)                     A0=00FF9364 A1=000323B0 A2=00FFE3FC A3=00028210 A4=00027E16 A5=00000000 A6=00000000 A7=00FF7F98 D0=0000025E D1=0000FF3F D2=00000000 D3=00000000 D4=00000000 D5=00000000 D6=00000000 D7=00000000 xnZvc
02:9FC0  4F EF  LEA     $000C(SP),A7             A0=00FFB65A A1=00FFB65A A2=00FFE3FC A3=00028210 A4=00027E16 A5=00000000 A6=00000000 A7=00FF7F98 D0=00000008 D1=00000008 D2=00000000 D3=00000000 D4=00000000 D5=00000000 D6=00000000 D7=00000000 xnzvc
02:9FC4  34 BC  MOVE.W  #$003B,(A2)              A0=00FFB65A A1=00FFB65A A2=00FFE3FC A3=00028210 A4=00027E16 A5=00000000 A6=00000000 A7=00FF7FA4 D0=00000008 D1=00000008 D2=00000000 D3=00000000 D4=00000000 D5=00000000 D6=00000000 D7=00000000 xnzvc
02:9FC8  60 00  BRA     #$01C0 [02:A18A]         A0=00FFB65A A1=00FFB65A A2=00FFE3FC A3=00028210 A4=00027E16 A5=00000000 A6=00000000 A7=00FF7FA4 D0=00000008 D1=00000008 D2=00000000 D3=00000000 D4=00000000 D5=00000000 D6=00000000 D7=00000000 xnzvc
02:9FCC  60 00  BRA     #$00D2 [02:A0A0]         A0=00FF9364 A1=000323B0 A2=00FFE3FC A3=00028210 A4=00027E16 A5=00000000 A6=00000000 A7=00FF7FA4 D0=0000027C D1=0000FF3F D2=00000000 D3=00000000 D4=00000000 D5=00000000 D6=00000000 D7=00000000 xnzvc
02:9FD0  42 43  CLR.W   D3                       A0=00FF9364 A1=000323B0 A2=00FFE3FC A3=00028210 A4=00027E16 A5=00000000 A6=00000000 A7=00FF7FA4 D0=00000280 D1=0000FF3F D2=00000000 D3=00000000 D4=00000000 D5=00000000 D6=00000000 D7=00000000 xnzvc
02:9FD2  48 78  PEA     ($0036)                  A0=00FF9364 A1=000323B0 A2=00FFE3FC A3=00028210 A4=00027E16 A5=00000000 A6=00000000 A7=00FF7FA4 D0=00000280 D1=0000FF3F D2=00000000 D3=00000000 D4=00000000 D5=00000000 D6=00000000 D7=00000000 xnZvc
02:9FD6  48 78  PEA     ($004E)                  A0=00FF9364 A1=000323B0 A2=00FFE3FC A3=00028210 A4=00027E16 A5=00000000 A6=00000000 A7=00FF7FA0 D0=00000280 D1=0000FF3F D2=00000000 D3=00000000 D4=00000000 D5=00000000 D6=00000000 D7=00000000 xnZvc
02:9FDA  48 7A  PEA     $029C(PC)                A0=00FF9364 A1=000323B0 A2=00FFE3FC A3=00028210 A4=00027E16 A5=00000000 A6=00000000 A7=00FF7F9C D0=00000280 D1=0000FF3F D2=00000000 D3=00000000 D4=00000000 D5=00000000 D6=00000000 D7=00000000 xnZvc
02:9FDE  4E 71  NOP                              A0=00FF9364 A1=000323B0 A2=00FFE3FC A3=00028210 A4=00027E16 A5=00000000 A6=00000000 A7=00FF7F98 D0=00000280 D1=0000FF3F D2=00000000 D3=00000000 D4=00000000 D5=00000000 D6=00000000 D7=00000000 xnZvc
02:9FE0  4E 94  JSR     (A4)                     A0=00FF9364 A1=000323B0 A2=00FFE3FC A3=00028210 A4=00027E16 A5=00000000 A6=00000000 A7=00FF7F98 D0=00000280 D1=0000FF3F D2=00000000 D3=00000000 D4=00000000 D5=00000000 D6=00000000 D7=00000000 xnZvc
02:9FE2  4F EF  LEA     $000C(SP),A7             A0=00FFB65A A1=00FFB65A A2=00FFE3FC A3=00028210 A4=00027E16 A5=00000000 A6=00000000 A7=00FF7F98 D0=00000008 D1=00000008 D2=00000000 D3=00000000 D4=00000000 D5=00000000 D6=00000000 D7=00000000 xnzvc
02:9FE6  34 BC  MOVE.W  #$002A,(A2)              A0=00FFB65A A1=00FFB65A A2=00FFE3FC A3=00028210 A4=00027E16 A5=00000000 A6=00000000 A7=00FF7FA4 D0=00000008 D1=00000008 D2=00000000 D3=00000000 D4=00000000 D5=00000000 D6=00000000 D7=00000000 xnzvc
02:9FEA  60 00  BRA     #$019E [02:A18A]         A0=00FFB65A A1=00FFB65A A2=00FFE3FC A3=00028210 A4=00027E16 A5=00000000 A6=00000000 A7=00FF7FA4 D0=00000008 D1=00000008 D2=00000000 D3=00000000 D4=00000000 D5=00000000 D6=00000000 D7=00000000 xnzvc
02:9FEE  48 78  PEA     ($0006)                  A0=00FF9364 A1=000323B0 A2=00FFE3FC A3=00028210 A4=00027E16 A5=00000000 A6=00000000 A7=00FF7FA4 D0=0000029E D1=0000FF3F D2=00000000 D3=00000000 D4=00000000 D5=00000000 D6=00000000 D7=00000000 xnzvc
02:9FF2  48 79  PEA     ($000306FE)              A0=00FF9364 A1=000323B0 A2=00FFE3FC A3=00028210 A4=00027E16 A5=00000000 A6=00000000 A7=00FF7FA0 D0=0000029E D1=0000FF3F D2=00000000 D3=00000000 D4=00000000 D5=00000000 D6=00000000 D7=00000000 xnzvc
02:9FF8  48 78  PEA     ($0001)                  A0=00FF9364 A1=000323B0 A2=00FFE3FC A3=00028210 A4=00027E16 A5=00000000 A6=00000000 A7=00FF7F9C D0=0000029E D1=0000FF3F D2=00000000 D3=00000000 D4=00000000 D5=00000000 D6=00000000 D7=00000000 xnzvc
02:9FFC  60 00  BRA     #$FE26 [02:9E24]         A0=00FF9364 A1=000323B0 A2=00FFE3FC A3=00028210 A4=00027E16 A5=00000000 A6=00000000 A7=00FF7F98 D0=0000029E D1=0000FF3F D2=00000000 D3=00000000 D4=00000000 D5=00000000 D6=00000000 D7=00000000 xnzvc
02:A000  34 BC  MOVE.W  #$0008,(A2)              A0=00FF9364 A1=000323B0 A2=00FFE3FC A3=00028210 A4=00027E16 A5=00000000 A6=00000000 A7=00FF7FA4 D0=000002B0 D1=0000FF3F D2=00000000 D3=00000000 D4=00000000 D5=00000000 D6=00000000 D7=00000000 xnzvc
02:A004  4E B9  JSR     ($00027DD4)              A0=00FF9364 A1=000323B0 A2=00FFE3FC A3=00028210 A4=00027E16 A5=00000000 A6=00000000 A7=00FF7FA4 D0=000002B0 D1=0000FF3F D2=00000000 D3=00000000 D4=00000000 D5=00000000 D6=00000000 D7=00000000 xnzvc
02:A00A  60 00  BRA     #$017E [02:A18A]         A0=00FFD9C6 A1=000323B0 A2=00FFE3FC A3=00028210 A4=00027E16 A5=00000000 A6=00000000 A7=00FF7FA4 D0=00000008 D1=00000023 D2=00000000 D3=00000000 D4=00000000 D5=00000000 D6=00000000 D7=00000000 xnZvc
02:A00E  42 43  CLR.W   D3                       A0=00FF9364 A1=000323B0 A2=00FFE3FC A3=00028210 A4=00027E16 A5=00000000 A6=00000000 A7=00FF7FA4 D0=000002BE D1=0000FF3F D2=00000000 D3=00000000 D4=00000000 D5=00000000 D6=00000000 D7=00000000 xnzvc
02:A010  48 78  PEA     ($0050)                  A0=00FF9364 A1=000323B0 A2=00FFE3FC A3=00028210 A4=00027E16 A5=00000000 A6=00000000 A7=00FF7FA4 D0=000002BE D1=0000FF3F D2=00000000 D3=00000000 D4=00000000 D5=00000000 D6=00000000 D7=00000000 xnZvc
02:A014  48 78  PEA     ($00DC)                  A0=00FF9364 A1=000323B0 A2=00FFE3FC A3=00028210 A4=00027E16 A5=00000000 A6=00000000 A7=00FF7FA0 D0=000002BE D1=0000FF3F D2=00000000 D3=00000000 D4=00000000 D5=00000000 D6=00000000 D7=00000000 xnZvc
02:A018  48 7A  PEA     $026C(PC)                A0=00FF9364 A1=000323B0 A2=00FFE3FC A3=00028210 A4=00027E16 A5=00000000 A6=00000000 A7=00FF7F9C D0=000002BE D1=0000FF3F D2=00000000 D3=00000000 D4=00000000 D5=00000000 D6=00000000 D7=00000000 xnZvc
02:A01C  4E 71  NOP                              A0=00FF9364 A1=000323B0 A2=00FFE3FC A3=00028210 A4=00027E16 A5=00000000 A6=00000000 A7=00FF7F98 D0=000002BE D1=0000FF3F D2=00000000 D3=00000000 D4=00000000 D5=00000000 D6=00000000 D7=00000000 xnZvc
02:A01E  4E 94  JSR     (A4)                     A0=00FF9364 A1=000323B0 A2=00FFE3FC A3=00028210 A4=00027E16 A5=00000000 A6=00000000 A7=00FF7F98 D0=000002BE D1=0000FF3F D2=00000000 D3=00000000 D4=00000000 D5=00000000 D6=00000000 D7=00000000 xnZvc
02:A020  48 78  PEA     ($0006)                  A0=00FFB65A A1=00FFB65A A2=00FFE3FC A3=00028210 A4=00027E16 A5=00000000 A6=00000000 A7=00FF7F98 D0=00000008 D1=00000008 D2=00000000 D3=00000000 D4=00000000 D5=00000000 D6=00000000 D7=00000000 xnzvc
02:A024  48 79  PEA     ($000306FA)              A0=00FFB65A A1=00FFB65A A2=00FFE3FC A3=00028210 A4=00027E16 A5=00000000 A6=00000000 A7=00FF7F94 D0=00000008 D1=00000008 D2=00000000 D3=00000000 D4=00000000 D5=00000000 D6=00000000 D7=00000000 xnzvc
02:A02A  60 2C  BRA     #$2C [02:A058]           A0=00FFB65A A1=00FFB65A A2=00FFE3FC A3=00028210 A4=00027E16 A5=00000000 A6=00000000 A7=00FF7F90 D0=00000008 D1=00000008 D2=00000000 D3=00000000 D4=00000000 D5=00000000 D6=00000000 D7=00000000 xnzvc
02:A02C  48 78  PEA     ($0006)                  A0=00FF9364 A1=00032468 A2=00FFE3FC A3=00028210 A4=00027E16 A5=00000000 A6=00000000 A7=00FF7FA4 D0=000002DC D1=0000FF3F D2=00000000 D3=00000000 D4=00000000 D5=00000000 D6=00000000 D7=00000000 xnzvc
02:A030  48 79  PEA     ($000306F6)              A0=00FF9364 A1=00032468 A2=00FFE3FC A3=00028210 A4=00027E16 A5=00000000 A6=00000000 A7=00FF7FA0 D0=000002DC D1=0000FF3F D2=00000000 D3=00000000 D4=00000000 D5=00000000 D6=00000000 D7=00000000 xnzvc
02:A036  48 78  PEA     ($0006)                  A0=00FF9364 A1=00032468 A2=00FFE3FC A3=00028210 A4=00027E16 A5=00000000 A6=00000000 A7=00FF7F9C D0=000002DC D1=0000FF3F D2=00000000 D3=00000000 D4=00000000 D5=00000000 D6=00000000 D7=00000000 xnzvc
02:A03A  60 00  BRA     #$FF6A [02:9FA6]         A0=00FF9364 A1=00032468 A2=00FFE3FC A3=00028210 A4=00027E16 A5=00000000 A6=00000000 A7=00FF7F98 D0=000002DC D1=0000FF3F D2=00000000 D3=00000000 D4=00000000 D5=00000000 D6=00000000 D7=00000000 xnzvc
02:A03E  48 78  PEA     ($0006)                  A0=00FF9364 A1=00032468 A2=00FFE3FC A3=00028210 A4=00027E16 A5=00000000 A6=00000000 A7=00FF7FA4 D0=000002EE D1=0000FF3F D2=00000000 D3=00000000 D4=00000000 D5=00000000 D6=00000000 D7=00000000 xnzvc
02:A042  48 79  PEA     ($000306F4)              A0=00FF9364 A1=00032468 A2=00FFE3FC A3=00028210 A4=00027E16 A5=00000000 A6=00000000 A7=00FF7FA0 D0=000002EE D1=0000FF3F D2=00000000 D3=00000000 D4=00000000 D5=00000000 D6=00000000 D7=00000000 xnzvc
02:A048  48 78  PEA     ($0006)                  A0=00FF9364 A1=00032468 A2=00FFE3FC A3=00028210 A4=00027E16 A5=00000000 A6=00000000 A7=00FF7F9C D0=000002EE D1=0000FF3F D2=00000000 D3=00000000 D4=00000000 D5=00000000 D6=00000000 D7=00000000 xnzvc
02:A04C  4E 93  JSR     (A3)                     A0=00FF9364 A1=00032468 A2=00FFE3FC A3=00028210 A4=00027E16 A5=00000000 A6=00000000 A7=00FF7F98 D0=000002EE D1=0000FF3F D2=00000000 D3=00000000 D4=00000000 D5=00000000 D6=00000000 D7=00000000 xnzvc
02:A04E  48 78  PEA     ($0006)                  A0=00FFA85A A1=00032468 A2=00FFE3FC A3=00028210 A4=00027E16 A5=00000000 A6=00000000 A7=00FF7F98 D0=00000206 D1=00000600 D2=00000000 D3=00000000 D4=00000000 D5=00000000 D6=00000000 D7=00000000 xNzvc
02:A052  48 79  PEA     ($000306F8)              A0=00FFA85A A1=00032468 A2=00FFE3FC A3=00028210 A4=00027E16 A5=00000000 A6=00000000 A7=00FF7F94 D0=00000206 D1=00000600 D2=00000000 D3=00000000 D4=00000000 D5=00000000 D6=00000000 D7=00000000 xNzvc
02:A058  48 78  PEA     ($0007)                  A0=00FFA85A A1=00032468 A2=00FFE3FC A3=00028210 A4=00027E16 A5=00000000 A6=00000000 A7=00FF7F90 D0=00000206 D1=00000600 D2=00000000 D3=00000000 D4=00000000 D5=00000000 D6=00000000 D7=00000000 xNzvc
02:A05C  4E 93  JSR     (A3)                     A0=00FFA85A A1=00032468 A2=00FFE3FC A3=00028210 A4=00027E16 A5=00000000 A6=00000000 A7=00FF7F8C D0=00000206 D1=00000600 D2=00000000 D3=00000000 D4=00000000 D5=00000000 D6=00000000 D7=00000000 xNzvc
02:A05E  4F EF  LEA     $0018(SP),A7             A0=00FFA8DA A1=00032468 A2=00FFE3FC A3=00028210 A4=00027E16 A5=00000000 A6=00000000 A7=00FF7F8C D0=00000206 D1=00000680 D2=00000000 D3=00000000 D4=00000000 D5=00000000 D6=00000000 D7=00000000 xNzvc
02:A062  34 BC  MOVE.W  #$0022,(A2)              A0=00FFB65A A1=00FFB65A A2=00FFE3FC A3=00028210 A4=00027E16 A5=00000000 A6=00000000 A7=00FF7FA4 D0=00000008 D1=00000008 D2=00000000 D3=00000000 D4=00000000 D5=00000000 D6=00000000 D7=00000000 xnzvc
02:A066  60 00  BRA     #$0122 [02:A18A]         A0=00FFB65A A1=00FFB65A A2=00FFE3FC A3=00028210 A4=00027E16 A5=00000000 A6=00000000 A7=00FF7FA4 D0=00000008 D1=00000008 D2=00000000 D3=00000000 D4=00000000 D5=00000000 D6=00000000 D7=00000000 xnzvc
02:A06A  42 43  CLR.W   D3                       A0=00FF9364 A1=000323B0 A2=00FFE3FC A3=00028210 A4=00027E16 A5=00000000 A6=00000000 A7=00FF7FA4 D0=0000031A D1=0000FF3F D2=00000000 D3=00000000 D4=00000000 D5=00000000 D6=00000000 D7=00000000 xnzvc
02:A06C  48 78  PEA     ($0048)                  A0=00FF9364 A1=000323B0 A2=00FFE3FC A3=00028210 A4=00027E16 A5=00000000 A6=00000000 A7=00FF7FA4 D0=0000031A D1=0000FF3F D2=00000000 D3=00000000 D4=00000000 D5=00000000 D6=00000000 D7=00000000 xnZvc
02:A070  48 78  PEA     ($00DC)                  A0=00FF9364 A1=000323B0 A2=00FFE3FC A3=00028210 A4=00027E16 A5=00000000 A6=00000000 A7=00FF7FA0 D0=0000031A D1=0000FF3F D2=00000000 D3=00000000 D4=00000000 D5=00000000 D6=00000000 D7=00000000 xnZvc
02:A074  48 7A  PEA     $0224(PC)                A0=00FF9364 A1=000323B0 A2=00FFE3FC A3=00028210 A4=00027E16 A5=00000000 A6=00000000 A7=00FF7F9C D0=0000031A D1=0000FF3F D2=00000000 D3=00000000 D4=00000000 D5=00000000 D6=00000000 D7=00000000 xnZvc
02:A078  4E 71  NOP                              A0=00FF9364 A1=000323B0 A2=00FFE3FC A3=00028210 A4=00027E16 A5=00000000 A6=00000000 A7=00FF7F98 D0=0000031A D1=0000FF3F D2=00000000 D3=00000000 D4=00000000 D5=00000000 D6=00000000 D7=00000000 xnZvc
02:A07A  4E 94  JSR     (A4)                     A0=00FF9364 A1=000323B0 A2=00FFE3FC A3=00028210 A4=00027E16 A5=00000000 A6=00000000 A7=00FF7F98 D0=0000031A D1=0000FF3F D2=00000000 D3=00000000 D4=00000000 D5=00000000 D6=00000000 D7=00000000 xnZvc
02:A07C  48 78  PEA     ($0054)                  A0=00FFB65A A1=00FFB65A A2=00FFE3FC A3=00028210 A4=00027E16 A5=00000000 A6=00000000 A7=00FF7F98 D0=00000008 D1=00000008 D2=00000000 D3=00000000 D4=00000000 D5=00000000 D6=00000000 D7=00000000 xnzvc
02:A080  48 78  PEA     ($00DC)                  A0=00FFB65A A1=00FFB65A A2=00FFE3FC A3=00028210 A4=00027E16 A5=00000000 A6=00000000 A7=00FF7F94 D0=00000008 D1=00000008 D2=00000000 D3=00000000 D4=00000000 D5=00000000 D6=00000000 D7=00000000 xnzvc
02:A084  48 7A  PEA     $0220(PC)                A0=00FFB65A A1=00FFB65A A2=00FFE3FC A3=00028210 A4=00027E16 A5=00000000 A6=00000000 A7=00FF7F90 D0=00000008 D1=00000008 D2=00000000 D3=00000000 D4=00000000 D5=00000000 D6=00000000 D7=00000000 xnzvc
02:A088  4E 71  NOP                              A0=00FFB65A A1=00FFB65A A2=00FFE3FC A3=00028210 A4=00027E16 A5=00000000 A6=00000000 A7=00FF7F8C D0=00000008 D1=00000008 D2=00000000 D3=00000000 D4=00000000 D5=00000000 D6=00000000 D7=00000000 xnzvc
02:A08A  4E B9  JSR     ($00027EF0)              A0=00FFB65A A1=00FFB65A A2=00FFE3FC A3=00028210 A4=00027E16 A5=00000000 A6=00000000 A7=00FF7F8C D0=00000008 D1=00000008 D2=00000000 D3=00000000 D4=00000000 D5=00000000 D6=00000000 D7=00000000 xnzvc
02:A090  4F EF  LEA     $0018(SP),A7             A0=00FFB65A A1=00FFB65A A2=00FFE3FC A3=00028210 A4=00027E16 A5=00000000 A6=00000000 A7=00FF7F8C D0=00000008 D1=00000008 D2=00000000 D3=00000000 D4=00000000 D5=00000000 D6=00000000 D7=00000000 xnzvc
02:A094  34 BC  MOVE.W  #$0055,(A2)              A0=00FFB65A A1=00FFB65A A2=00FFE3FC A3=00028210 A4=00027E16 A5=00000000 A6=00000000 A7=00FF7FA4 D0=00000008 D1=00000008 D2=00000000 D3=00000000 D4=00000000 D5=00000000 D6=00000000 D7=00000000 xnzvc
02:A098  60 00  BRA     #$00F0 [02:A18A]         A0=00FFB65A A1=00FFB65A A2=00FFE3FC A3=00028210 A4=00027E16 A5=00000000 A6=00000000 A7=00FF7FA4 D0=00000008 D1=00000008 D2=00000000 D3=00000000 D4=00000000 D5=00000000 D6=00000000 D7=00000000 xnzvc
02:A09C  60 00  BRA     #$00CA [02:A168]         A0=00FF9364 A1=000323B0 A2=00FFE3FC A3=00028210 A4=00027E16 A5=00000000 A6=00000000 A7=00FF7FA4 D0=0000034C D1=0000FF3F D2=00000000 D3=00000000 D4=00000000 D5=00000000 D6=00000000 D7=00000000 xnzvc
02:A0A0  48 78  PEA     ($0006)                  A0=00FF9364 A1=000323B0 A2=00FFE3FC A3=00028210 A4=00027E16 A5=00000000 A6=00000000 A7=00FF7FA4 D0=00000350 D1=0000FF3F D2=00000000 D3=00000000 D4=00000000 D5=00000000 D6=00000000 D7=00000000 xnzvc
02:A0A4  48 79  PEA     ($00030700)              A0=00FF9364 A1=000323B0 A2=00FFE3FC A3=00028210 A4=00027E16 A5=00000000 A6=00000000 A7=00FF7FA0 D0=00000350 D1=0000FF3F D2=00000000 D3=00000000 D4=00000000 D5=00000000 D6=00000000 D7=00000000 xnzvc
02:A0AA  48 78  PEA     ($0001)                  A0=00FF9364 A1=000323B0 A2=00FFE3FC A3=00028210 A4=00027E16 A5=00000000 A6=00000000 A7=00FF7F9C D0=00000350 D1=0000FF3F D2=00000000 D3=00000000 D4=00000000 D5=00000000 D6=00000000 D7=00000000 xnzvc
02:A0AE  60 00  BRA     #$FEF6 [02:9FA6]         A0=00FF9364 A1=000323B0 A2=00FFE3FC A3=00028210 A4=00027E16 A5=00000000 A6=00000000 A7=00FF7F98 D0=00000350 D1=0000FF3F D2=00000000 D3=00000000 D4=00000000 D5=00000000 D6=00000000 D7=00000000 xnzvc
02:A0B2  42 43  CLR.W   D3                       A0=00FF9364 A1=000323B0 A2=00FFE3FC A3=00028210 A4=00027E16 A5=00000000 A6=00000000 A7=00FF7FA4 D0=00000362 D1=0000FF3F D2=00000000 D3=00000000 D4=00000000 D5=00000000 D6=00000000 D7=00000000 xnzvc
02:A0B4  48 78  PEA     ($0036)                  A0=00FF9364 A1=000323B0 A2=00FFE3FC A3=00028210 A4=00027E16 A5=00000000 A6=00000000 A7=00FF7FA4 D0=00000362 D1=0000FF3F D2=00000000 D3=00000000 D4=00000000 D5=00000000 D6=00000000 D7=00000000 xnZvc
02:A0B8  48 78  PEA     ($004E)                  A0=00FF9364 A1=000323B0 A2=00FFE3FC A3=00028210 A4=00027E16 A5=00000000 A6=00000000 A7=00FF7FA0 D0=00000362 D1=0000FF3F D2=00000000 D3=00000000 D4=00000000 D5=00000000 D6=00000000 D7=00000000 xnZvc
02:A0BC  48 7A  PEA     $01FE(PC)                A0=00FF9364 A1=000323B0 A2=00FFE3FC A3=00028210 A4=00027E16 A5=00000000 A6=00000000 A7=00FF7F9C D0=00000362 D1=0000FF3F D2=00000000 D3=00000000 D4=00000000 D5=00000000 D6=00000000 D7=00000000 xnZvc
02:A0C0  4E 71  NOP                              A0=00FF9364 A1=000323B0 A2=00FFE3FC A3=00028210 A4=00027E16 A5=00000000 A6=00000000 A7=00FF7F98 D0=00000362 D1=0000FF3F D2=00000000 D3=00000000 D4=00000000 D5=00000000 D6=00000000 D7=00000000 xnZvc
02:A0C2  4E 94  JSR     (A4)                     A0=00FF9364 A1=000323B0 A2=00FFE3FC A3=00028210 A4=00027E16 A5=00000000 A6=00000000 A7=00FF7F98 D0=00000362 D1=0000FF3F D2=00000000 D3=00000000 D4=00000000 D5=00000000 D6=00000000 D7=00000000 xnZvc
02:A0C4  60 00  BRA     #$00B2 [02:A178]         A0=00FFB65A A1=00FFB65A A2=00FFE3FC A3=00028210 A4=00027E16 A5=00000000 A6=00000000 A7=00FF7F98 D0=00000008 D1=00000008 D2=00000000 D3=00000000 D4=00000000 D5=00000000 D6=00000000 D7=00000000 xnzvc
02:A0C8  48 78  PEA     ($0003)                  A0=00FF9364 A1=000323B0 A2=00FFE3FC A3=00028210 A4=00027E16 A5=00000000 A6=00000000 A7=00FF7FA4 D0=00000378 D1=0000FF3F D2=00000000 D3=00000000 D4=00000000 D5=00000000 D6=00000000 D7=00000000 xnzvc
02:A0CC  48 79  PEA     ($000306D6)              A0=00FF9364 A1=000323B0 A2=00FFE3FC A3=00028210 A4=00027E16 A5=00000000 A6=00000000 A7=00FF7FA0 D0=00000378 D1=0000FF3F D2=00000000 D3=00000000 D4=00000000 D5=00000000 D6=00000000 D7=00000000 xnzvc
02:A0D2  48 78  PEA     ($0005)                  A0=00FF9364 A1=000323B0 A2=00FFE3FC A3=00028210 A4=00027E16 A5=00000000 A6=00000000 A7=00FF7F9C D0=00000378 D1=0000FF3F D2=00000000 D3=00000000 D4=00000000 D5=00000000 D6=00000000 D7=00000000 xnzvc
02:A0D6  60 00  BRA     #$FD4C [02:9E24]         A0=00FF9364 A1=000323B0 A2=00FFE3FC A3=00028210 A4=00027E16 A5=00000000 A6=00000000 A7=00FF7F98 D0=00000378 D1=0000FF3F D2=00000000 D3=00000000 D4=00000000 D5=00000000 D6=00000000 D7=00000000 xnzvc
02:A0DA  4E B9  JSR     ($00027DD4)              A0=00FF9364 A1=000323B0 A2=00FFE3FC A3=00028210 A4=00027E16 A5=00000000 A6=00000000 A7=00FF7FA4 D0=0000038A D1=0000FF3F D2=00000000 D3=00000000 D4=00000000 D5=00000000 D6=00000000 D7=00000000 xnzvc
02:A0E0  60 00  BRA     #$FE4C [02:9F2E]         A0=00FFD9C6 A1=000323B0 A2=00FFE3FC A3=00028210 A4=00027E16 A5=00000000 A6=00000000 A7=00FF7FA4 D0=00000008 D1=00000023 D2=00000000 D3=00000000 D4=00000000 D5=00000000 D6=00000000 D7=00000000 xnZvc
02:A0E4  42 43  CLR.W   D3                       A0=00FF9364 A1=000323B0 A2=00FFE3FC A3=00028210 A4=00027E16 A5=00000000 A6=00000000 A7=00FF7FA4 D0=00000394 D1=0000FF3F D2=00000000 D3=00000000 D4=00000000 D5=00000000 D6=00000000 D7=00000000 xnzvc
02:A0E6  48 78  PEA     ($0050)                  A0=00FF9364 A1=000323B0 A2=00FFE3FC A3=00028210 A4=00027E16 A5=00000000 A6=00000000 A7=00FF7FA4 D0=00000394 D1=0000FF3F D2=00000000 D3=00000000 D4=00000000 D5=00000000 D6=00000000 D7=00000000 xnZvc
02:A0EA  48 78  PEA     ($00DC)                  A0=00FF9364 A1=000323B0 A2=00FFE3FC A3=00028210 A4=00027E16 A5=00000000 A6=00000000 A7=00FF7FA0 D0=00000394 D1=0000FF3F D2=00000000 D3=00000000 D4=00000000 D5=00000000 D6=00000000 D7=00000000 xnZvc
02:A0EE  48 7A  PEA     $01D8(PC)                A0=00FF9364 A1=000323B0 A2=00FFE3FC A3=00028210 A4=00027E16 A5=00000000 A6=00000000 A7=00FF7F9C D0=00000394 D1=0000FF3F D2=00000000 D3=00000000 D4=00000000 D5=00000000 D6=00000000 D7=00000000 xnZvc
02:A0F2  4E 71  NOP                              A0=00FF9364 A1=000323B0 A2=00FFE3FC A3=00028210 A4=00027E16 A5=00000000 A6=00000000 A7=00FF7F98 D0=00000394 D1=0000FF3F D2=00000000 D3=00000000 D4=00000000 D5=00000000 D6=00000000 D7=00000000 xnZvc
02:A0F4  60 00  BRA     #$FCD4 [02:9DCA]         A0=00FF9364 A1=000323B0 A2=00FFE3FC A3=00028210 A4=00027E16 A5=00000000 A6=00000000 A7=00FF7F98 D0=00000394 D1=0000FF3F D2=00000000 D3=00000000 D4=00000000 D5=00000000 D6=00000000 D7=00000000 xnZvc
02:A0F8  48 78  PEA     ($0006)                  A0=00FF9364 A1=000323B0 A2=00FFE3FC A3=00028210 A4=00027E16 A5=00000000 A6=00000000 A7=00FF7FA4 D0=000003A8 D1=0000FF3F D2=00000000 D3=00000000 D4=00000000 D5=00000000 D6=00000000 D7=00000000 xnzvc
02:A0FC  48 79  PEA     ($000306E5)              A0=00FF9364 A1=000323B0 A2=00FFE3FC A3=00028210 A4=00027E16 A5=00000000 A6=00000000 A7=00FF7FA0 D0=000003A8 D1=0000FF3F D2=00000000 D3=00000000 D4=00000000 D5=00000000 D6=00000000 D7=00000000 xnzvc
02:A102  48 78  PEA     ($0001)                  A0=00FF9364 A1=000323B0 A2=00FFE3FC A3=00028210 A4=00027E16 A5=00000000 A6=00000000 A7=00FF7F9C D0=000003A8 D1=0000FF3F D2=00000000 D3=00000000 D4=00000000 D5=00000000 D6=00000000 D7=00000000 xnzvc
02:A106  4E 93  JSR     (A3)                     A0=00FF9364 A1=000323B0 A2=00FFE3FC A3=00028210 A4=00027E16 A5=00000000 A6=00000000 A7=00FF7F98 D0=000003A8 D1=0000FF3F D2=00000000 D3=00000000 D4=00000000 D5=00000000 D6=00000000 D7=00000000 xnzvc
02:A108  4F EF  LEA     $000C(SP),A7             A0=00FFA5DA A1=000323B0 A2=00FFE3FC A3=00028210 A4=00027E16 A5=00000000 A6=00000000 A7=00FF7F98 D0=00000306 D1=00000380 D2=00000000 D3=00000000 D4=00000000 D5=00000000 D6=00000000 D7=00000000 xNzvc
02:A10C  34 BC  MOVE.W  #$0022,(A2)              A0=00FFA5DA A1=000323B0 A2=00FFE3FC A3=00028210 A4=00027E16 A5=00000000 A6=00000000 A7=00FF7FA4 D0=00000306 D1=00000380 D2=00000000 D3=00000000 D4=00000000 D5=00000000 D6=00000000 D7=00000000 xNzvc
02:A110  42 79  CLR.W   ($00FFE3FA)              A0=00FFA5DA A1=000323B0 A2=00FFE3FC A3=00028210 A4=00027E16 A5=00000000 A6=00000000 A7=00FF7FA4 D0=00000306 D1=00000380 D2=00000000 D3=00000000 D4=00000000 D5=00000000 D6=00000000 D7=00000000 xnzvc
02:A116  60 00  BRA     #$0072 [02:A18A]         A0=00FFA5DA A1=000323B0 A2=00FFE3FC A3=00028210 A4=00027E16 A5=00000000 A6=00000000 A7=00FF7FA4 D0=00000306 D1=00000380 D2=00000000 D3=00000000 D4=00000000 D5=00000000 D6=00000000 D7=00000000 xnZvc
02:A11A  48 78  PEA     ($0006)                  A0=00FF9364 A1=000323B0 A2=00FFE3FC A3=00028210 A4=00027E16 A5=00000000 A6=00000000 A7=00FF7FA4 D0=000003CA D1=0000FF3F D2=00000000 D3=00000000 D4=00000000 D5=00000000 D6=00000000 D7=00000000 xnzvc
02:A11E  48 79  PEA     ($000306DA)              A0=00FF9364 A1=000323B0 A2=00FFE3FC A3=00028210 A4=00027E16 A5=00000000 A6=00000000 A7=00FF7FA0 D0=000003CA D1=0000FF3F D2=00000000 D3=00000000 D4=00000000 D5=00000000 D6=00000000 D7=00000000 xnzvc
02:A124  48 78  PEA     ($0005)                  A0=00FF9364 A1=000323B0 A2=00FFE3FC A3=00028210 A4=00027E16 A5=00000000 A6=00000000 A7=00FF7F9C D0=000003CA D1=0000FF3F D2=00000000 D3=00000000 D4=00000000 D5=00000000 D6=00000000 D7=00000000 xnzvc
02:A128  4E 93  JSR     (A3)                     A0=00FF9364 A1=000323B0 A2=00FFE3FC A3=00028210 A4=00027E16 A5=00000000 A6=00000000 A7=00FF7F98 D0=000003CA D1=0000FF3F D2=00000000 D3=00000000 D4=00000000 D5=00000000 D6=00000000 D7=00000000 xnzvc
02:A12A  48 78  PEA     ($0006)                  A0=00FFA7DA A1=000323B0 A2=00FFE3FC A3=00028210 A4=00027E16 A5=00000000 A6=00000000 A7=00FF7F98 D0=00000306 D1=00000580 D2=00000000 D3=00000000 D4=00000000 D5=00000000 D6=00000000 D7=00000000 xNzvc
02:A12E  48 79  PEA     ($00030700)              A0=00FFA7DA A1=000323B0 A2=00FFE3FC A3=00028210 A4=00027E16 A5=00000000 A6=00000000 A7=00FF7F94 D0=00000306 D1=00000580 D2=00000000 D3=00000000 D4=00000000 D5=00000000 D6=00000000 D7=00000000 xNzvc
02:A134  48 78  PEA     ($0001)                  A0=00FFA7DA A1=000323B0 A2=00FFE3FC A3=00028210 A4=00027E16 A5=00000000 A6=00000000 A7=00FF7F90 D0=00000306 D1=00000580 D2=00000000 D3=00000000 D4=00000000 D5=00000000 D6=00000000 D7=00000000 xNzvc
02:A138  4E 93  JSR     (A3)                     A0=00FFA7DA A1=000323B0 A2=00FFE3FC A3=00028210 A4=00027E16 A5=00000000 A6=00000000 A7=00FF7F8C D0=00000306 D1=00000580 D2=00000000 D3=00000000 D4=00000000 D5=00000000 D6=00000000 D7=00000000 xNzvc
02:A13A  4F EF  LEA     $0018(SP),A7             A0=00FFA5DA A1=000323B0 A2=00FFE3FC A3=00028210 A4=00027E16 A5=00000000 A6=00000000 A7=00FF7F8C D0=00000306 D1=00000380 D2=00000000 D3=00000000 D4=00000000 D5=00000000 D6=00000000 D7=00000000 xNzvc
02:A13E  60 3C  BRA     #$3C [02:A17C]           A0=00FFA5DA A1=000323B0 A2=00FFE3FC A3=00028210 A4=00027E16 A5=00000000 A6=00000000 A7=00FF7FA4 D0=00000306 D1=00000380 D2=00000000 D3=00000000 D4=00000000 D5=00000000 D6=00000000 D7=00000000 xNzvc
02:A140  42 43  CLR.W   D3                       A0=00FF9364 A1=000323B0 A2=00FFE3FC A3=00028210 A4=00027E16 A5=00000000 A6=00000000 A7=00FF7FA4 D0=000003F0 D1=0000FF3F D2=00000000 D3=00000000 D4=00000000 D5=00000000 D6=00000000 D7=00000000 xnzvc
02:A142  48 78  PEA     ($0048)                  A0=00FF9364 A1=000323B0 A2=00FFE3FC A3=00028210 A4=00027E16 A5=00000000 A6=00000000 A7=00FF7FA4 D0=000003F0 D1=0000FF3F D2=00000000 D3=00000000 D4=00000000 D5=00000000 D6=00000000 D7=00000000 xnZvc
02:A146  48 78  PEA     ($00DC)                  A0=00FF9364 A1=000323B0 A2=00FFE3FC A3=00028210 A4=00027E16 A5=00000000 A6=00000000 A7=00FF7FA0 D0=000003F0 D1=0000FF3F D2=00000000 D3=00000000 D4=00000000 D5=00000000 D6=00000000 D7=00000000 xnZvc
02:A14A  48 7A  PEA     $018C(PC)                A0=00FF9364 A1=000323B0 A2=00FFE3FC A3=00028210 A4=00027E16 A5=00000000 A6=00000000 A7=00FF7F9C D0=000003F0 D1=0000FF3F D2=00000000 D3=00000000 D4=00000000 D5=00000000 D6=00000000 D7=00000000 xnZvc
02:A14E  4E 71  NOP                              A0=00FF9364 A1=000323B0 A2=00FFE3FC A3=00028210 A4=00027E16 A5=00000000 A6=00000000 A7=00FF7F98 D0=000003F0 D1=0000FF3F D2=00000000 D3=00000000 D4=00000000 D5=00000000 D6=00000000 D7=00000000 xnZvc
02:A150  60 00  BRA     #$FC78 [02:9DCA]         A0=00FF9364 A1=000323B0 A2=00FFE3FC A3=00028210 A4=00027E16 A5=00000000 A6=00000000 A7=00FF7F98 D0=000003F0 D1=0000FF3F D2=00000000 D3=00000000 D4=00000000 D5=00000000 D6=00000000 D7=00000000 xnZvc
02:A154  48 78  PEA     ($0006)                  A0=00FF9364 A1=000323B0 A2=00FFE3FC A3=00028210 A4=00027E16 A5=00000000 A6=00000000 A7=00FF7FA4 D0=00000404 D1=0000FF3F D2=00000000 D3=00000000 D4=00000000 D5=00000000 D6=00000000 D7=00000000 xnzvc
02:A158  48 79  PEA     ($000306FA)              A0=00FF9364 A1=000323B0 A2=00FFE3FC A3=00028210 A4=00027E16 A5=00000000 A6=00000000 A7=00FF7FA0 D0=00000404 D1=0000FF3F D2=00000000 D3=00000000 D4=00000000 D5=00000000 D6=00000000 D7=00000000 xnzvc
02:A15E  60 00  BRA     #$FDFC [02:9F5C]         A0=00FF9364 A1=000323B0 A2=00FFE3FC A3=00028210 A4=00027E16 A5=00000000 A6=00000000 A7=00FF7F9C D0=00000404 D1=0000FF3F D2=00000000 D3=00000000 D4=00000000 D5=00000000 D6=00000000 D7=00000000 xnzvc
02:A162  4E B9  JSR     ($00027DD4)              A0=00FF9364 A1=00032468 A2=00FFE3FC A3=00028210 A4=00027E16 A5=00000000 A6=00000000 A7=00FF7FA4 D0=00000412 D1=0000FF3F D2=00000000 D3=00000000 D4=00000000 D5=00000000 D6=00000000 D7=00000000 xnzvc
02:A168  48 78  PEA     ($0003)                  A0=00FFD9C6 A1=00032468 A2=00FFE3FC A3=00028210 A4=00027E16 A5=00000000 A6=00000000 A7=00FF7FA4 D0=00000008 D1=00000023 D2=00000000 D3=00000000 D4=00000000 D5=00000000 D6=00000000 D7=00000000 xnZvc
02:A16C  48 79  PEA     ($000306C8)              A0=00FFD9C6 A1=00032468 A2=00FFE3FC A3=00028210 A4=00027E16 A5=00000000 A6=00000000 A7=00FF7FA0 D0=00000008 D1=00000023 D2=00000000 D3=00000000 D4=00000000 D5=00000000 D6=00000000 D7=00000000 xnZvc
02:A172  48 78  PEA     ($0005)                  A0=00FFD9C6 A1=00032468 A2=00FFE3FC A3=00028210 A4=00027E16 A5=00000000 A6=00000000 A7=00FF7F9C D0=00000008 D1=00000023 D2=00000000 D3=00000000 D4=00000000 D5=00000000 D6=00000000 D7=00000000 xnZvc
02:A176  4E 93  JSR     (A3)                     A0=00FFD9C6 A1=00032468 A2=00FFE3FC A3=00028210 A4=00027E16 A5=00000000 A6=00000000 A7=00FF7F98 D0=00000008 D1=00000023 D2=00000000 D3=00000000 D4=00000000 D5=00000000 D6=00000000 D7=00000000 xnZvc
02:A178  4F EF  LEA     $000C(SP),A7             A0=00FFA7DA A1=00032468 A2=00FFE3FC A3=00028210 A4=00027E16 A5=00000000 A6=00000000 A7=00FF7F98 D0=00000003 D1=00000580 D2=00000000 D3=00000000 D4=00000000 D5=00000000 D6=00000000 D7=00000000 xNzvc
02:A17C  34 BC  MOVE.W  #$0011,(A2)              A0=00FFA7DA A1=00032468 A2=00FFE3FC A3=00028210 A4=00027E16 A5=00000000 A6=00000000 A7=00FF7FA4 D0=00000003 D1=00000580 D2=00000000 D3=00000000 D4=00000000 D5=00000000 D6=00000000 D7=00000000 xNzvc
02:A180  60 08  BRA     #$08 [02:A18A]           A0=00FFA7DA A1=00032468 A2=00FFE3FC A3=00028210 A4=00027E16 A5=00000000 A6=00000000 A7=00FF7FA4 D0=00000003 D1=00000580 D2=00000000 D3=00000000 D4=00000000 D5=00000000 D6=00000000 D7=00000000 xnzvc
02:A182  33 FC  MOVE.W  #$FFFF,($00FFE3F8)       A0=00FF9364 A1=00032468 A2=00FFE3FC A3=00028210 A4=00027E16 A5=00000000 A6=00000000 A7=00FF7FA4 D0=00000432 D1=0000FF3F D2=00000000 D3=00000000 D4=00000000 D5=00000000 D6=00000000 D7=00000000 xnzvc
02:A18A  0C 79  CMPI.W  #$FFFF,($00FFE3F8)       A0=00FF9364 A1=000323B0 A2=00FFE3FC A3=00028210 A4=00027E16 A5=00000000 A6=00000000 A7=00FF7FA4 D0=00000070 D1=0000FF3F D2=00000000 D3=00000000 D4=00000000 D5=00000000 D6=00000000 D7=00000000 xnzvc
02:A192  67 18  BEQ     #$18 [02:A1AC]           A0=00FF9364 A1=000323B0 A2=00FFE3FC A3=00028210 A4=00027E16 A5=00000000 A6=00000000 A7=00FF7FA4 D0=00000070 D1=0000FF3F D2=00000000 D3=00000000 D4=00000000 D5=00000000 D6=00000000 D7=00000000 xnzvC
02:A194  4E B9  JSR     ($0002706C)              A0=00FF9364 A1=000323B0 A2=00FFE3FC A3=00028210 A4=00027E16 A5=00000000 A6=00000000 A7=00FF7FA4 D0=00000070 D1=0000FF3F D2=00000000 D3=00000000 D4=00000000 D5=00000000 D6=00000000 D7=00000000 xnzvC
02:A19A  24 00  MOVE.L  D0,D2                    A0=00FF9364 A1=000323B0 A2=00FFE3FC A3=00028210 A4=00027E16 A5=00000000 A6=00000000 A7=00FF7FA4 D0=00000000 D1=0000FF3F D2=00000000 D3=00000000 D4=00000000 D5=00000000 D6=00000000 D7=00000000 xnZvc
02:A19C  4E B9  JSR     ($00027006)              A0=00FF9364 A1=000323B0 A2=00FFE3FC A3=00028210 A4=00027E16 A5=00000000 A6=00000000 A7=00FF7FA4 D0=00000000 D1=0000FF3F D2=00000000 D3=00000000 D4=00000000 D5=00000000 D6=00000000 D7=00000000 xnZvc
02:A1A2  84 80  OR.L    D0,D2                    A0=00FF9364 A1=000323B0 A2=00FFE3FC A3=00028210 A4=00027E16 A5=00000000 A6=00000000 A7=00FF7FA4 D0=00000000 D1=0000FF3F D2=00000000 D3=00000000 D4=00000000 D5=00000000 D6=00000000 D7=00000000 xnZvc
02:A1A4  08 02  BTST    #7,D2                    A0=00FF9364 A1=000323B0 A2=00FFE3FC A3=00028210 A4=00027E16 A5=00000000 A6=00000000 A7=00FF7FA4 D0=00000000 D1=0000FF3F D2=00000000 D3=00000000 D4=00000000 D5=00000000 D6=00000000 D7=00000000 xnZvc
02:A1A8  67 00  BEQ     #$FB34 [02:9CDE]         A0=00FF9364 A1=000323B0 A2=00FFE3FC A3=00028210 A4=00027E16 A5=00000000 A6=00000000 A7=00FF7FA4 D0=00000000 D1=0000FF3F D2=00000000 D3=00000000 D4=00000000 D5=00000000 D6=00000000 D7=00000000 xnZvc
02:A1AC  4E B9  JSR     ($00027DD4)              A0=00FF9364 A1=00032468 A2=00FFE3FC A3=00028210 A4=00027E16 A5=00000000 A6=00000000 A7=00FF7FA4 D0=00000432 D1=0000FF3F D2=00000000 D3=00000000 D4=00000000 D5=00000000 D6=00000000 D7=00000000 xnZvc
02:A1B2  4E B9  JSR     ($000282FE)              A0=00FF9364 A1=00032468 A2=00FFE3FC A3=00028210 A4=00027E16 A5=00000000 A6=00000000 A7=00FF7FA4 D0=00000432 D1=0000FF3F D2=00000000 D3=00000000 D4=00000000 D5=00000000 D6=00000000 D7=00000000 xnZvc
02:A1B8  4E B9  JSR     ($0002813A)              A0=00032464 A1=00FFA6DA A2=00FFE3FC A3=00028210 A4=00027E16 A5=00000000 A6=00000000 A7=00FF7FA4 D0=00000000 D1=00000000 D2=00000000 D3=00000000 D4=00000000 D5=00000000 D6=00000000 D7=00000000 xnZvc
02:A1BE  42 A7  CLR.L   -(SP)                    A0=00FFE3AE A1=00FFA6DA A2=00FFE3FC A3=00028210 A4=00027E16 A5=00000000 A6=00000000 A7=00FF7FA4 D0=00000007 D1=00000007 D2=00000000 D3=00000000 D4=00000000 D5=00000000 D6=00000000 D7=00000000 xnZvc
02:A1C0  42 A7  CLR.L   -(SP)                    A0=00FFE3AE A1=00FFA6DA A2=00FFE3FC A3=00028210 A4=00027E16 A5=00000000 A6=00000000 A7=00FF7FA0 D0=00000007 D1=00000007 D2=00000000 D3=00000000 D4=00000000 D5=00000000 D6=00000000 D7=00000000 xnZvc
02:A1C2  4E B9  JSR     ($000278A6)              A0=00FFE3AE A1=00FFA6DA A2=00FFE3FC A3=00028210 A4=00027E16 A5=00000000 A6=00000000 A7=00FF7F9C D0=00000007 D1=00000007 D2=00000000 D3=00000000 D4=00000000 D5=00000000 D6=00000000 D7=00000000 xnZvc
02:A1C8  50 8F  ADDQ.L  #8,SP                    A0=00FF9364 A1=00FF8036 A2=00FFE3FC A3=00028210 A4=00027E16 A5=00000000 A6=00000000 A7=00FF7F9C D0=00000001 D1=00000000 D2=00000000 D3=00000000 D4=00000000 D5=00000000 D6=00000000 D7=00000000 xnzvc
02:A1CA  0C 79  CMPI.W  #$FFFF,($00FFE3F8)       A0=00FF9364 A1=00FF8036 A2=00FFE3FC A3=00028210 A4=00027E16 A5=00000000 A6=00000000 A7=00FF7FA4 D0=00000001 D1=00000000 D2=00000000 D3=00000000 D4=00000000 D5=00000000 D6=00000000 D7=00000000 xnzvc
02:A1D2  56 C0  STNE    D0 [02:A194]             A0=00FF9364 A1=00FF8036 A2=00FFE3FC A3=00028210 A4=00027E16 A5=00000000 A6=00000000 A7=00FF7FA4 D0=00000001 D1=00000000 D2=00000000 D3=00000000 D4=00000000 D5=00000000 D6=00000000 D7=00000000 xnZvc
02:A1D4  44 00  NEG.B   D0                       A0=00FF9364 A1=00FF8036 A2=00FFE3FC A3=00028210 A4=00027E16 A5=00000000 A6=00000000 A7=00FF7FA4 D0=00000000 D1=00000000 D2=00000000 D3=00000000 D4=00000000 D5=00000000 D6=00000000 D7=00000000 xnZvc
02:A1D6  48 80  EXT.W   D0                       A0=00FF9364 A1=00FF8036 A2=00FFE3FC A3=00028210 A4=00027E16 A5=00000000 A6=00000000 A7=00FF7FA4 D0=00000000 D1=00000000 D2=00000000 D3=00000000 D4=00000000 D5=00000000 D6=00000000 D7=00000000 xnZvc
02:A1D8  48 C0  EXT.L   D0                       A0=00FF9364 A1=00FF8036 A2=00FFE3FC A3=00028210 A4=00027E16 A5=00000000 A6=00000000 A7=00FF7FA4 D0=00000000 D1=00000000 D2=00000000 D3=00000000 D4=00000000 D5=00000000 D6=00000000 D7=00000000 xnZvc
02:A1DA  30 00  MOVE.W  D0,D0                    A0=00FF9364 A1=00FF8036 A2=00FFE3FC A3=00028210 A4=00027E16 A5=00000000 A6=00000000 A7=00FF7FA4 D0=00000000 D1=00000000 D2=00000000 D3=00000000 D4=00000000 D5=00000000 D6=00000000 D7=00000000 xnZvc
02:A1DC  30 00  MOVE.W  D0,D0                    A0=00FF9364 A1=00FF8036 A2=00FFE3FC A3=00028210 A4=00027E16 A5=00000000 A6=00000000 A7=00FF7FA4 D0=00000000 D1=00000000 D2=00000000 D3=00000000 D4=00000000 D5=00000000 D6=00000000 D7=00000000 xnZvc
02:A1DE  48 C0  EXT.L   D0                       A0=00FF9364 A1=00FF8036 A2=00FFE3FC A3=00028210 A4=00027E16 A5=00000000 A6=00000000 A7=00FF7FA4 D0=00000000 D1=00000000 D2=00000000 D3=00000000 D4=00000000 D5=00000000 D6=00000000 D7=00000000 xnZvc
02:A1E0  4C DF  MOVEM.L (SP)+,{a7-d0}[1c 0c]     A0=00FF9364 A1=00FF8036 A2=00FFE3FC A3=00028210 A4=00027E16 A5=00000000 A6=00000000 A7=00FF7FA4 D0=00000000 D1=00000000 D2=00000000 D3=00000000 D4=00000000 D5=00000000 D6=00000000 D7=00000000 xnZvc
02:A1E4  4E 75  RTS                              A0=00FF9364 A1=00FF8036 A2=00FF8038 A3=00FF8036 A4=00FF8000 A5=00000000 A6=00000000 A7=00FF7FB8 D0=00000000 D1=00000000 D2=00000001 D3=00000000 D4=00000000 D5=00000000 D6=00000000 D7=00000000 xnZvc

02:A2EA  48 E7  MOVEM.L {d0-a7}[30 38],-(SP)     A0=00FF9364 A1=00FF8036 A2=00FF8038 A3=00FF8036 A4=00FF8000 A5=00000000 A6=00000000 A7=00FF7FB8 D0=00000000 D1=00000000 D2=00000001 D3=00000000 D4=00000000 D5=00000000 D6=00000000 D7=00000000 xnZvc
02:A2EE  24 7C  MOVE.L  #$00FFE3FC,A2            A0=00FF9364 A1=00FF8036 A2=00FF8038 A3=00FF8036 A4=00FF8000 A5=00000000 A6=00000000 A7=00FF7FA4 D0=00000000 D1=00000000 D2=00000001 D3=00000000 D4=00000000 D5=00000000 D6=00000000 D7=00000000 xnZvc
02:A2F4  26 7C  MOVE.L  #$00027E16,A3            A0=00FF9364 A1=00FF8036 A2=00FFE3FC A3=00FF8036 A4=00FF8000 A5=00000000 A6=00000000 A7=00FF7FA4 D0=00000000 D1=00000000 D2=00000001 D3=00000000 D4=00000000 D5=00000000 D6=00000000 D7=00000000 xnZvc
02:A2FA  28 7C  MOVE.L  #$00FFE3F8,A4            A0=00FF9364 A1=00FF8036 A2=00FFE3FC A3=00027E16 A4=00FF8000 A5=00000000 A6=00000000 A7=00FF7FA4 D0=00000000 D1=00000000 D2=00000001 D3=00000000 D4=00000000 D5=00000000 D6=00000000 D7=00000000 xnZvc
02:A300  48 78  PEA     ($0002)                  A0=00FF9364 A1=00FF8036 A2=00FFE3FC A3=00027E16 A4=00FFE3F8 A5=00000000 A6=00000000 A7=00FF7FA4 D0=00000000 D1=00000000 D2=00000001 D3=00000000 D4=00000000 D5=00000000 D6=00000000 D7=00000000 xnZvc
02:A304  48 79  PEA     ($00098228)              A0=00FF9364 A1=00FF8036 A2=00FFE3FC A3=00027E16 A4=00FFE3F8 A5=00000000 A6=00000000 A7=00FF7FA0 D0=00000000 D1=00000000 D2=00000001 D3=00000000 D4=00000000 D5=00000000 D6=00000000 D7=00000000 xnZvc
02:A30A  4E B9  JSR     ($00026FDA)              A0=00FF9364 A1=00FF8036 A2=00FFE3FC A3=00027E16 A4=00FFE3F8 A5=00000000 A6=00000000 A7=00FF7F9C D0=00000000 D1=00000000 D2=00000001 D3=00000000 D4=00000000 D5=00000000 D6=00000000 D7=00000000 xnZvc
02:A310  4E B9  JSR     ($0002899E)              A0=00098248 A1=00FF8036 A2=00FFE3FC A3=00027E16 A4=00FFE3F8 A5=00000000 A6=00000000 A7=00FF7F9C D0=C040FFFF D1=00000000 D2=00000001 D3=00000000 D4=00000000 D5=00000000 D6=00000000 D7=00000000 xnZvc
02:A316  50 8F  ADDQ.L  #8,SP                    A0=00FFE3CE A1=00FFD940 A2=00FFE3FC A3=00027E16 A4=00FFE3F8 A5=00000000 A6=00000000 A7=00FF7F9C D0=00000009 D1=00000019 D2=00000001 D3=00000000 D4=00000000 D5=00000000 D6=00000000 D7=00000000 xnZvc
02:A318  42 54  CLR.W   (A4)                     A0=00FFE3CE A1=00FFD940 A2=00FFE3FC A3=00027E16 A4=00FFE3F8 A5=00000000 A6=00000000 A7=00FF7FA4 D0=00000009 D1=00000019 D2=00000001 D3=00000000 D4=00000000 D5=00000000 D6=00000000 D7=00000000 xnZvc
02:A31A  34 BC  MOVE.W  #$0011,(A2)              A0=00FFE3CE A1=00FFD940 A2=00FFE3FC A3=00027E16 A4=00FFE3F8 A5=00000000 A6=00000000 A7=00FF7FA4 D0=00000009 D1=00000019 D2=00000001 D3=00000000 D4=00000000 D5=00000000 D6=00000000 D7=00000000 xnZvc
02:A31E  60 00  BRA     #$0134 [02:A454]         A0=00FFE3CE A1=00FFD940 A2=00FFE3FC A3=00027E16 A4=00FFE3F8 A5=00000000 A6=00000000 A7=00FF7FA4 D0=00000009 D1=00000019 D2=00000001 D3=00000000 D4=00000000 D5=00000000 D6=00000000 D7=00000000 xnzvc
02:A322  42 A7  CLR.L   -(SP)                    A0=00FF9364 A1=000AFAE2 A2=00FFE3FC A3=00027E16 A4=00FFE3F8 A5=00000000 A6=00000000 A7=00FF7FA4 D0=00000000 D1=0000FF3F D2=00000000 D3=00000000 D4=00000000 D5=00000000 D6=00000000 D7=00000000 xnZvc
02:A324  34 03  MOVE.W  D3,D2                    A0=00FF9364 A1=000AFAE2 A2=00FFE3FC A3=00027E16 A4=00FFE3F8 A5=00000000 A6=00000000 A7=00FF7FA0 D0=00000000 D1=0000FF3F D2=00000000 D3=00000000 D4=00000000 D5=00000000 D6=00000000 D7=00000000 xnZvc
02:A326  48 C2  EXT.L   D2                       A0=00FF9364 A1=000AFAE2 A2=00FFE3FC A3=00027E16 A4=00FFE3F8 A5=00000000 A6=00000000 A7=00FF7FA0 D0=00000000 D1=0000FF3F D2=00000000 D3=00000000 D4=00000000 D5=00000000 D6=00000000 D7=00000000 xnZvc
02:A328  2F 02  MOVE.L  D2,-(SP)                 A0=00FF9364 A1=000AFAE2 A2=00FFE3FC A3=00027E16 A4=00FFE3F8 A5=00000000 A6=00000000 A7=00FF7FA0 D0=00000000 D1=0000FF3F D2=00000000 D3=00000000 D4=00000000 D5=00000000 D6=00000000 D7=00000000 xnZvc
02:A32A  4E B9  JSR     ($000278A6)              A0=00FF9364 A1=000AFAE2 A2=00FFE3FC A3=00027E16 A4=00FFE3F8 A5=00000000 A6=00000000 A7=00FF7F9C D0=00000000 D1=0000FF3F D2=00000000 D3=00000000 D4=00000000 D5=00000000 D6=00000000 D7=00000000 xnZvc
02:A330  4E B9  JSR     ($0002706C)              A0=00FF9364 A1=000AFAE2 A2=00FFE3FC A3=00027E16 A4=00FFE3F8 A5=00000000 A6=00000000 A7=00FF7F9C D0=00000001 D1=00000000 D2=00000000 D3=00000000 D4=00000000 D5=00000000 D6=00000000 D7=00000000 xnzvc
02:A336  24 00  MOVE.L  D0,D2                    A0=00FF9364 A1=000AFAE2 A2=00FFE3FC A3=00027E16 A4=00FFE3F8 A5=00000000 A6=00000000 A7=00FF7F9C D0=00000000 D1=0000FF3F D2=00000000 D3=00000000 D4=00000000 D5=00000000 D6=00000000 D7=00000000 xnZvc
02:A338  4E B9  JSR     ($00027006)              A0=00FF9364 A1=000AFAE2 A2=00FFE3FC A3=00027E16 A4=00FFE3F8 A5=00000000 A6=00000000 A7=00FF7F9C D0=00000000 D1=0000FF3F D2=00000000 D3=00000000 D4=00000000 D5=00000000 D6=00000000 D7=00000000 xnZvc
02:A33E  84 80  OR.L    D0,D2                    A0=00FF9364 A1=000AFAE2 A2=00FFE3FC A3=00027E16 A4=00FFE3F8 A5=00000000 A6=00000000 A7=00FF7F9C D0=00000000 D1=0000FF3F D2=00000000 D3=00000000 D4=00000000 D5=00000000 D6=00000000 D7=00000000 xnZvc
02:A340  70 70  MOVEQ   #$70,D0                  A0=00FF9364 A1=000AFAE2 A2=00FFE3FC A3=00027E16 A4=00FFE3F8 A5=00000000 A6=00000000 A7=00FF7F9C D0=00000000 D1=0000FF3F D2=00000000 D3=00000000 D4=00000000 D5=00000000 D6=00000000 D7=00000000 xnZvc
02:A342  C4 80  AND.L   D0,D2                    A0=00FF9364 A1=000AFAE2 A2=00FFE3FC A3=00027E16 A4=00FFE3F8 A5=00000000 A6=00000000 A7=00FF7F9C D0=00000070 D1=0000FF3F D2=00000000 D3=00000000 D4=00000000 D5=00000000 D6=00000000 D7=00000000 xnzvc
02:A344  50 8F  ADDQ.L  #8,SP                    A0=00FF9364 A1=000AFAE2 A2=00FFE3FC A3=00027E16 A4=00FFE3F8 A5=00000000 A6=00000000 A7=00FF7F9C D0=00000070 D1=0000FF3F D2=00000000 D3=00000000 D4=00000000 D5=00000000 D6=00000000 D7=00000000 xnZvc
02:A346  33 C2  MOVE.W  D2,($00FFE3FE)           A0=00FF9364 A1=000AFAE2 A2=00FFE3FC A3=00027E16 A4=00FFE3F8 A5=00000000 A6=00000000 A7=00FF7FA4 D0=00000070 D1=0000FF3F D2=00000000 D3=00000000 D4=00000000 D5=00000000 D6=00000000 D7=00000000 xnZvc
02:A34C  67 02  BEQ     #$02 [02:A350]           A0=00FF9364 A1=000AFAE2 A2=00FFE3FC A3=00027E16 A4=00FFE3F8 A5=00000000 A6=00000000 A7=00FF7FA4 D0=00000070 D1=0000FF3F D2=00000000 D3=00000000 D4=00000000 D5=00000000 D6=00000000 D7=00000000 xnZvc
02:A350  4A 79  TST.W   ($00FFE3FE)              A0=00FF9364 A1=000AFAE2 A2=00FFE3FC A3=00027E16 A4=00FFE3F8 A5=00000000 A6=00000000 A7=00FF7FA4 D0=00000070 D1=0000FF3F D2=00000000 D3=00000000 D4=00000000 D5=00000000 D6=00000000 D7=00000000 xnZvc
02:A356  66 CA  BNE     #$CA [02:A322]           A0=00FF9364 A1=000AFAE2 A2=00FFE3FC A3=00027E16 A4=00FFE3F8 A5=00000000 A6=00000000 A7=00FF7FA4 D0=00000070 D1=0000FF3F D2=00000000 D3=00000000 D4=00000000 D5=00000000 D6=00000000 D7=00000000 xnZvc
02:A358  53 52  SUBQ.W  #1,(A2)                  A0=00FF9364 A1=000AFAE2 A2=00FFE3FC A3=00027E16 A4=00FFE3F8 A5=00000000 A6=00000000 A7=00FF7FA4 D0=00000070 D1=0000FF3F D2=00000000 D3=00000000 D4=00000000 D5=00000000 D6=00000000 D7=00000000 xnZvc
02:A35A  6E 00  BGT     #$00FA [02:A456]         A0=00FF9364 A1=000AFAE2 A2=00FFE3FC A3=00027E16 A4=00FFE3F8 A5=00000000 A6=00000000 A7=00FF7FA4 D0=00000070 D1=0000FF3F D2=00000000 D3=00000000 D4=00000000 D5=00000000 D6=00000000 D7=000
02:A35E  34 BC  MOVE.W  #$0055,(A2)              A0=00FF9364 A1=000AFAE2 A2=00FFE3FC A3=00027E16 A4=00FFE3F8 A5=00000000 A6=00000000 A7=00FF7FA4 D0=00000070 D1=0000FF3F D2=00000000 D3=00000000 D4=00000000 D5=00000000 D6=00000000 D7=00000000 xnZvc
02:A362  52 54  ADDQ.W  #1,(A4)                  A0=00FF9364 A1=000AFAE2 A2=00FFE3FC A3=00027E16 A4=00FFE3F8 A5=00000000 A6=00000000 A7=00FF7FA4 D0=00000070 D1=0000FF3F D2=00000000 D3=00000000 D4=00000000 D5=00000000 D6=00000000 D7=00000000 xnzvc
02:A364  30 14  MOVE.W  (A4),D0                  A0=00FF9364 A1=000AFAE2 A2=00FFE3FC A3=00027E16 A4=00FFE3F8 A5=00000000 A6=00000000 A7=00FF7FA4 D0=00000070 D1=0000FF3F D2=00000000 D3=00000000 D4=00000000 D5=00000000 D6=00000000 D7=00000000 xnzvc
02:A366  0C 40  CMPI.W  #$0001,D0                A0=00FF9364 A1=000AFAE2 A2=00FFE3FC A3=00027E16 A4=00FFE3F8 A5=00000000 A6=00000000 A7=00FF7FA4 D0=00000009 D1=0000FF3F D2=00000000 D3=00000000 D4=00000000 D5=00000000 D6=00000000 D7=00000000 xnzvc
02:A36A  6D 00  BLT     #$00EA [02:A456]         A0=00FF9364 A1=000AFAE2 A2=00FFE3FC A3=00027E16 A4=00FFE3F8 A5=00000000 A6=00000000 A7=00FF7FA4 D0=00000009 D1=0000FF3F D2=00000000 D3=00000000 D4=00000000 D5=00000000 D6=00000000 D7=00000000 xnzvc
02:A36E  0C 40  CMPI.W  #$000A,D0                A0=00FF9364 A1=000AFAE2 A2=00FFE3FC A3=00027E16 A4=00FFE3F8 A5=00000000 A6=00000000 A7=00FF7FA4 D0=00000009 D1=0000FF3F D2=00000000 D3=00000000 D4=00000000 D5=00000000 D6=00000000 D7=00000000 xnzvc
02:A372  6E 00  BGT     #$00E2 [02:A456]         A0=00FF9364 A1=000AFAE2 A2=00FFE3FC A3=00027E16 A4=00FFE3F8 A5=00000000 A6=00000000 A7=00FF7FA4 D0=00000009 D1=0000FF3F D2=00000000 D3=00000000 D4=00000000 D5=00000000 D6=00000000 D7=00000000 xNzvC
02:A376  D0 40  ADD.W   D0,D0                    A0=00FF9364 A1=000AFAE2 A2=00FFE3FC A3=00027E16 A4=00FFE3F8 A5=00000000 A6=00000000 A7=00FF7FA4 D0=00000009 D1=0000FF3F D2=00000000 D3=00000000 D4=00000000 D5=00000000 D6=00000000 D7=00000000 xNzvC
02:A378  30 3B  MOVE.W  $04(PC,D0),D0            A0=00FF9364 A1=000AFAE2 A2=00FFE3FC A3=00027E16 A4=00FFE3F8 A5=00000000 A6=00000000 A7=00FF7FA4 D0=00000012 D1=0000FF3F D2=00000000 D3=00000000 D4=00000000 D5=00000000 D6=00000000 D7=00000000 xnzvc
02:A37C  4E FB  JMP     $02(PC,D0)               A0=00FF9364 A1=000AFAE2 A2=00FFE3FC A3=00027E16 A4=00FFE3F8 A5=00000000 A6=00000000 A7=00FF7FA4 D0=000000BA D1=0000FF3F D2=00000000 D3=00000000 D4=00000000 D5=00000000 D6=00000000 D7=00000000 xnzvc
02:A394  48 78  PEA     ($001E)                  A0=00FF9364 A1=00000000 A2=00FFE3FC A3=00027E16 A4=00FFE3F8 A5=00000000 A6=00000000 A7=00FF7FA4 D0=00000014 D1=0000FF3F D2=00000000 D3=00000000 D4=00000000 D5=00000000 D6=00000000 D7=00000000 xnzvc
02:A398  48 78  PEA     ($00A0)                  A0=00FF9364 A1=00000000 A2=00FFE3FC A3=00027E16 A4=00FFE3F8 A5=00000000 A6=00000000 A7=00FF7FA0 D0=00000014 D1=0000FF3F D2=00000000 D3=00000000 D4=00000000 D5=00000000 D6=00000000 D7=00000000 xnzvc
02:A39C  48 7A  PEA     $0118(PC)                A0=00FF9364 A1=00000000 A2=00FFE3FC A3=00027E16 A4=00FFE3F8 A5=00000000 A6=00000000 A7=00FF7F9C D0=00000014 D1=0000FF3F D2=00000000 D3=00000000 D4=00000000 D5=00000000 D6=00000000 D7=00000000 xnzvc
02:A3A0  4E 71  NOP                              A0=00FF9364 A1=00000000 A2=00FFE3FC A3=00027E16 A4=00FFE3F8 A5=00000000 A6=00000000 A7=00FF7F98 D0=00000014 D1=0000FF3F D2=00000000 D3=00000000 D4=00000000 D5=00000000 D6=00000000 D7=00000000 xnzvc
02:A3A2  4E 93  JSR     (A3)                     A0=00FF9364 A1=00000000 A2=00FFE3FC A3=00027E16 A4=00FFE3F8 A5=00000000 A6=00000000 A7=00FF7F98 D0=00000014 D1=0000FF3F D2=00000000 D3=00000000 D4=00000000 D5=00000000 D6=00000000 D7=00000000 xnzvc
02:A3A4  4E B9  JSR     ($00028A82)              A0=00FFB65A A1=00FFB65A A2=00FFE3FC A3=00027E16 A4=00FFE3F8 A5=00000000 A6=00000000 A7=00FF7F98 D0=00000008 D1=00000008 D2=00000000 D3=00000000 D4=00000000 D5=00000000 D6=00000000 D7=00000000 xnzvc
02:A3AA  60 32  BRA     #$32 [02:A3DE]           A0=00FFA9DA A1=00FFB65A A2=00FFE3FC A3=00027E16 A4=00FFE3F8 A5=00000000 A6=00000000 A7=00FF7F98 D0=00000780 D1=0000000F D2=00000000 D3=00000000 D4=00000000 D5=00000000 D6=00000000 D7=00000000 xnZvc
02:A3AC  48 78  PEA     ($001E)                  A0=00FF9364 A1=000AFAE2 A2=00FFE3FC A3=00027E16 A4=00FFE3F8 A5=00000000 A6=00000000 A7=00FF7FA4 D0=0000002C D1=0000FF3F D2=00000000 D3=00000000 D4=00000000 D5=00000000 D6=00000000 D7=00000000 xnzvc
02:A3B0  48 78  PEA     ($00A0)                  A0=00FF9364 A1=000AFAE2 A2=00FFE3FC A3=00027E16 A4=00FFE3F8 A5=00000000 A6=00000000 A7=00FF7FA0 D0=0000002C D1=0000FF3F D2=00000000 D3=00000000 D4=00000000 D5=00000000 D6=00000000 D7=00000000 xnzvc
02:A3B4  48 7A  PEA     $011A(PC)                A0=00FF9364 A1=000AFAE2 A2=00FFE3FC A3=00027E16 A4=00FFE3F8 A5=00000000 A6=00000000 A7=00FF7F9C D0=0000002C D1=0000FF3F D2=00000000 D3=00000000 D4=00000000 D5=00000000 D6=00000000 D7=00000000 xnzvc
02:A3B8  4E 71  NOP                              A0=00FF9364 A1=000AFAE2 A2=00FFE3FC A3=00027E16 A4=00FFE3F8 A5=00000000 A6=00000000 A7=00FF7F98 D0=0000002C D1=0000FF3F D2=00000000 D3=00000000 D4=00000000 D5=00000000 D6=00000000 D7=00000000 xnzvc
02:A3BA  60 00  BRA     #$0072 [02:A42E]         A0=00FF9364 A1=000AFAE2 A2=00FFE3FC A3=00027E16 A4=00FFE3F8 A5=00000000 A6=00000000 A7=00FF7F98 D0=0000002C D1=0000FF3F D2=00000000 D3=00000000 D4=00000000 D5=00000000 D6=00000000 D7=00000000 xnzvc
02:A3BE  48 78  PEA     ($001E)                  A0=00FF9364 A1=000AFAE2 A2=00FFE3FC A3=00027E16 A4=00FFE3F8 A5=00000000 A6=00000000 A7=00FF7FA4 D0=0000003E D1=0000FF3F D2=00000000 D3=00000000 D4=00000000 D5=00000000 D6=00000000 D7=00000000 xnzvc
02:A3C2  48 78  PEA     ($00A0)                  A0=00FF9364 A1=000AFAE2 A2=00FFE3FC A3=00027E16 A4=00FFE3F8 A5=00000000 A6=00000000 A7=00FF7FA0 D0=0000003E D1=0000FF3F D2=00000000 D3=00000000 D4=00000000 D5=00000000 D6=00000000 D7=00000000 xnzvc
02:A3C6  48 7A  PEA     $0114(PC)                A0=00FF9364 A1=000AFAE2 A2=00FFE3FC A3=00027E16 A4=00FFE3F8 A5=00000000 A6=00000000 A7=00FF7F9C D0=0000003E D1=0000FF3F D2=00000000 D3=00000000 D4=00000000 D5=00000000 D6=00000000 D7=00000000 xnzvc
02:A3CA  4E 71  NOP                              A0=00FF9364 A1=000AFAE2 A2=00FFE3FC A3=00027E16 A4=00FFE3F8 A5=00000000 A6=00000000 A7=00FF7F98 D0=0000003E D1=0000FF3F D2=00000000 D3=00000000 D4=00000000 D5=00000000 D6=00000000 D7=00000000 xnzvc
02:A3CC  60 46  BRA     #$46 [02:A414]           A0=00FF9364 A1=000AFAE2 A2=00FFE3FC A3=00027E16 A4=00FFE3F8 A5=00000000 A6=00000000 A7=00FF7F98 D0=0000003E D1=0000FF3F D2=00000000 D3=00000000 D4=00000000 D5=00000000 D6=00000000 D7=00000000 xnzvc
02:A3CE  48 78  PEA     ($001E)                  A0=00FF9364 A1=000AFAE2 A2=00FFE3FC A3=00027E16 A4=00FFE3F8 A5=00000000 A6=00000000 A7=00FF7FA4 D0=0000004E D1=0000FF3F D2=00000000 D3=00000000 D4=00000000 D5=00000000 D6=00000000 D7=00000000 xnzvc
02:A3D2  48 78  PEA     ($00A0)                  A0=00FF9364 A1=000AFAE2 A2=00FFE3FC A3=00027E16 A4=00FFE3F8 A5=00000000 A6=00000000 A7=00FF7FA0 D0=0000004E D1=0000FF3F D2=00000000 D3=00000000 D4=00000000 D5=00000000 D6=00000000 D7=00000000 xnzvc
02:A3D6  48 7A  PEA     $0124(PC)                A0=00FF9364 A1=000AFAE2 A2=00FFE3FC A3=00027E16 A4=00FFE3F8 A5=00000000 A6=00000000 A7=00FF7F9C D0=0000004E D1=0000FF3F D2=00000000 D3=00000000 D4=00000000 D5=00000000 D6=00000000 D7=00000000 xnzvc
02:A3DA  4E 71  NOP                              A0=00FF9364 A1=000AFAE2 A2=00FFE3FC A3=00027E16 A4=00FFE3F8 A5=00000000 A6=00000000 A7=00FF7F98 D0=0000004E D1=0000FF3F D2=00000000 D3=00000000 D4=00000000 D5=00000000 D6=00000000 D7=00000000 xnzvc
02:A3DC  4E 93  JSR     (A3)                     A0=00FF9364 A1=000AFAE2 A2=00FFE3FC A3=00027E16 A4=00FFE3F8 A5=00000000 A6=00000000 A7=00FF7F98 D0=00000076 D1=0000FF3F D2=00000000 D3=00000000 D4=00000000 D5=00000000 D6=00000000 D7=00000000 xnzvc
02:A3DE  4F EF  LEA     $000C(SP),A7             A0=00FFB65A A1=00FFB65A A2=00FFE3FC A3=00027E16 A4=00FFE3F8 A5=00000000 A6=00000000 A7=00FF7F98 D0=00000008 D1=00000008 D2=00000000 D3=00000000 D4=00000000 D5=00000000 D6=00000000 D7=00000000 xnzvc
02:A3E2  60 00  BRA     #$0072 [02:A456]         A0=00FFB65A A1=00FFB65A A2=00FFE3FC A3=00027E16 A4=00FFE3F8 A5=00000000 A6=00000000 A7=00FF7FA4 D0=00000008 D1=00000008 D2=00000000 D3=00000000 D4=00000000 D5=00000000 D6=00000000 D7=00000000 xnzvc
02:A3E6  48 78  PEA     ($001E)                  A0=00FF9364 A1=000AFAE2 A2=00FFE3FC A3=00027E16 A4=00FFE3F8 A5=00000000 A6=00000000 A7=00FF7FA4 D0=00000066 D1=0000FF3F D2=00000000 D3=00000000 D4=00000000 D5=00000000 D6=00000000 D7=00000000 xnzvc
02:A3EA  48 78  PEA     ($00A0)                  A0=00FF9364 A1=000AFAE2 A2=00FFE3FC A3=00027E16 A4=00FFE3F8 A5=00000000 A6=00000000 A7=00FF7FA0 D0=00000066 D1=0000FF3F D2=00000000 D3=00000000 D4=00000000 D5=00000000 D6=00000000 D7=00000000 xnzvc
02:A3EE  48 7A  PEA     $012A(PC)                A0=00FF9364 A1=000AFAE2 A2=00FFE3FC A3=00027E16 A4=00FFE3F8 A5=00000000 A6=00000000 A7=00FF7F9C D0=00000066 D1=0000FF3F D2=00000000 D3=00000000 D4=00000000 D5=00000000 D6=00000000 D7=00000000 xnzvc
02:A3F2  4E 71  NOP                              A0=00FF9364 A1=000AFAE2 A2=00FFE3FC A3=00027E16 A4=00FFE3F8 A5=00000000 A6=00000000 A7=00FF7F98 D0=00000066 D1=0000FF3F D2=00000000 D3=00000000 D4=00000000 D5=00000000 D6=00000000 D7=00000000 xnzvc
02:A3F4  60 E6  BRA     #$E6 [02:A3DC]           A0=00FF9364 A1=000AFAE2 A2=00FFE3FC A3=00027E16 A4=00FFE3F8 A5=00000000 A6=00000000 A7=00FF7F98 D0=00000066 D1=0000FF3F D2=00000000 D3=00000000 D4=00000000 D5=00000000 D6=00000000 D7=00000000 xnzvc
02:A3F6  48 78  PEA     ($001E)                  A0=00FF9364 A1=000AFAE2 A2=00FFE3FC A3=00027E16 A4=00FFE3F8 A5=00000000 A6=00000000 A7=00FF7FA4 D0=00000076 D1=0000FF3F D2=00000000 D3=00000000 D4=00000000 D5=00000000 D6=00000000 D7=00000000 xnzvc
02:A3FA  48 78  PEA     ($00A0)                  A0=00FF9364 A1=000AFAE2 A2=00FFE3FC A3=00027E16 A4=00FFE3F8 A5=00000000 A6=00000000 A7=00FF7FA0 D0=00000076 D1=0000FF3F D2=00000000 D3=00000000 D4=00000000 D5=00000000 D6=00000000 D7=00000000 xnzvc
02:A3FE  48 7A  PEA     $0130(PC)                A0=00FF9364 A1=000AFAE2 A2=00FFE3FC A3=00027E16 A4=00FFE3F8 A5=00000000 A6=00000000 A7=00FF7F9C D0=00000076 D1=0000FF3F D2=00000000 D3=00000000 D4=00000000 D5=00000000 D6=00000000 D7=00000000 xnzvc
02:A402  4E 71  NOP                              A0=00FF9364 A1=000AFAE2 A2=00FFE3FC A3=00027E16 A4=00FFE3F8 A5=00000000 A6=00000000 A7=00FF7F98 D0=00000076 D1=0000FF3F D2=00000000 D3=00000000 D4=00000000 D5=00000000 D6=00000000 D7=00000000 xnzvc
02:A404  60 D6  BRA     #$D6 [02:A3DC]           A0=00FF9364 A1=000AFAE2 A2=00FFE3FC A3=00027E16 A4=00FFE3F8 A5=00000000 A6=00000000 A7=00FF7F98 D0=00000076 D1=0000FF3F D2=00000000 D3=00000000 D4=00000000 D5=00000000 D6=00000000 D7=00000000 xnzvc
02:A406  48 78  PEA     ($001E)                  A0=00FF9364 A1=000AFAE2 A2=00FFE3FC A3=00027E16 A4=00FFE3F8 A5=00000000 A6=00000000 A7=00FF7FA4 D0=00000086 D1=0000FF3F D2=00000000 D3=00000000 D4=00000000 D5=00000000 D6=00000000 D7=00000000 xnzvc
02:A40A  48 78  PEA     ($00A0)                  A0=00FF9364 A1=000AFAE2 A2=00FFE3FC A3=00027E16 A4=00FFE3F8 A5=00000000 A6=00000000 A7=00FF7FA0 D0=00000086 D1=0000FF3F D2=00000000 D3=00000000 D4=00000000 D5=00000000 D6=00000000 D7=00000000 xnzvc
02:A40E  48 7A  PEA     $013E(PC)                A0=00FF9364 A1=000AFAE2 A2=00FFE3FC A3=00027E16 A4=00FFE3F8 A5=00000000 A6=00000000 A7=00FF7F9C D0=00000086 D1=0000FF3F D2=00000000 D3=00000000 D4=00000000 D5=00000000 D6=00000000 D7=00000000 xnzvc
02:A412  4E 71  NOP                              A0=00FF9364 A1=000AFAE2 A2=00FFE3FC A3=00027E16 A4=00FFE3F8 A5=00000000 A6=00000000 A7=00FF7F98 D0=00000086 D1=0000FF3F D2=00000000 D3=00000000 D4=00000000 D5=00000000 D6=00000000 D7=00000000 xnzvc
02:A414  4E 93  JSR     (A3)                     A0=00FF9364 A1=000AFAE2 A2=00FFE3FC A3=00027E16 A4=00FFE3F8 A5=00000000 A6=00000000 A7=00FF7F98 D0=00000086 D1=0000FF3F D2=00000000 D3=00000000 D4=00000000 D5=00000000 D6=00000000 D7=00000000 xnzvc
02:A416  4F EF  LEA     $000C(SP),A7             A0=00FFB65A A1=00FFB65A A2=00FFE3FC A3=00027E16 A4=00FFE3F8 A5=00000000 A6=00000000 A7=00FF7F98 D0=00000008 D1=00000008 D2=00000000 D3=00000000 D4=00000000 D5=00000000 D6=00000000 D7=00000000 xnzvc
02:A41A  34 BC  MOVE.W  #$0066,(A2)              A0=00FFB65A A1=00FFB65A A2=00FFE3FC A3=00027E16 A4=00FFE3F8 A5=00000000 A6=00000000 A7=00FF7FA4 D0=00000008 D1=00000008 D2=00000000 D3=00000000 D4=00000000 D5=00000000 D6=00000000 D7=00000000 xnzvc
02:A41E  60 36  BRA     #$36 [02:A456]           A0=00FFB65A A1=00FFB65A A2=00FFE3FC A3=00027E16 A4=00FFE3F8 A5=00000000 A6=00000000 A7=00FF7FA4 D0=00000008 D1=00000008 D2=00000000 D3=00000000 D4=00000000 D5=00000000 D6=00000000 D7=00000000 xnzvc
02:A420  48 78  PEA     ($001E)                  A0=00FF9364 A1=000AFAE2 A2=00FFE3FC A3=00027E16 A4=00FFE3F8 A5=00000000 A6=00000000 A7=00FF7FA4 D0=000000A0 D1=0000FF3F D2=00000000 D3=00000000 D4=00000000 D5=00000000 D6=00000000 D7=00000000 xnzvc
02:A424  48 78  PEA     ($00A0)                  A0=00FF9364 A1=000AFAE2 A2=00FFE3FC A3=00027E16 A4=00FFE3F8 A5=00000000 A6=00000000 A7=00FF7FA0 D0=000000A0 D1=0000FF3F D2=00000000 D3=00000000 D4=00000000 D5=00000000 D6=00000000 D7=00000000 xnzvc
02:A428  48 7A  PEA     $0140(PC)                A0=00FF9364 A1=000AFAE2 A2=00FFE3FC A3=00027E16 A4=00FFE3F8 A5=00000000 A6=00000000 A7=00FF7F9C D0=000000A0 D1=0000FF3F D2=00000000 D3=00000000 D4=00000000 D5=00000000 D6=00000000 D7=00000000 xnzvc
02:A42C  4E 71  NOP                              A0=00FF9364 A1=000AFAE2 A2=00FFE3FC A3=00027E16 A4=00FFE3F8 A5=00000000 A6=00000000 A7=00FF7F98 D0=000000A0 D1=0000FF3F D2=00000000 D3=00000000 D4=00000000 D5=00000000 D6=00000000 D7=00000000 xnzvc
02:A42E  4E 93  JSR     (A3)                     A0=00FF9364 A1=000AFAE2 A2=00FFE3FC A3=00027E16 A4=00FFE3F8 A5=00000000 A6=00000000 A7=00FF7F98 D0=000000A0 D1=0000FF3F D2=00000000 D3=00000000 D4=00000000 D5=00000000 D6=00000000 D7=00000000 xnzvc
02:A430  4F EF  LEA     $000C(SP),A7             A0=00FFB65A A1=00FFB65A A2=00FFE3FC A3=00027E16 A4=00FFE3F8 A5=00000000 A6=00000000 A7=00FF7F98 D0=00000008 D1=00000008 D2=00000000 D3=00000000 D4=00000000 D5=00000000 D6=00000000 D7=00000000 xnzvc
02:A434  34 BC  MOVE.W  #$0033,(A2)              A0=00FFB65A A1=00FFB65A A2=00FFE3FC A3=00027E16 A4=00FFE3F8 A5=00000000 A6=00000000 A7=00FF7FA4 D0=00000008 D1=00000008 D2=00000000 D3=00000000 D4=00000000 D5=00000000 D6=00000000 D7=00000000 xnzvc
02:A438  60 1C  BRA     #$1C [02:A456]           A0=00FFB65A A1=00FFB65A A2=00FFE3FC A3=00027E16 A4=00FFE3F8 A5=00000000 A6=00000000 A7=00FF7FA4 D0=00000008 D1=00000008 D2=00000000 D3=00000000 D4=00000000 D5=00000000 D6=00000000 D7=00000000 xnzvc
02:A43A  4E B9  JSR     ($00027DD4)              A0=00FF9364 A1=000AFAE2 A2=00FFE3FC A3=00027E16 A4=00FFE3F8 A5=00000000 A6=00000000 A7=00FF7FA4 D0=000000BA D1=0000FF3F D2=00000000 D3=00000000 D4=00000000 D5=00000000 D6=00000000 D7=00000000 xnzvc
02:A440  13 FC  MOVE.B  #$06,($00FF802C)         A0=00FFD9C6 A1=000AFAE2 A2=00FFE3FC A3=00027E16 A4=00FFE3F8 A5=00000000 A6=00000000 A7=00FF7FA4 D0=0000000A D1=00000041 D2=00000000 D3=00000000 D4=00000000 D5=00000000 D6=00000000 D7=00000000 xnZvc
02:A448  76 01  MOVEQ   #$01,D3                  A0=00FFD9C6 A1=000AFAE2 A2=00FFE3FC A3=00027E16 A4=00FFE3F8 A5=00000000 A6=00000000 A7=00FF7FA4 D0=0000000A D1=00000041 D2=00000000 D3=00000000 D4=00000000 D5=00000000 D6=00000000 D7=00000000 xnzvc
02:A44A  34 BC  MOVE.W  #$0132,(A2)              A0=00FFD9C6 A1=000AFAE2 A2=00FFE3FC A3=00027E16 A4=00FFE3F8 A5=00000000 A6=00000000 A7=00FF7FA4 D0=0000000A D1=00000041 D2=00000000 D3=00000001 D4=00000000 D5=00000000 D6=00000000 D7=00000000 xnzvc
02:A44E  60 06  BRA     #$06 [02:A456]           A0=00FFD9C6 A1=000AFAE2 A2=00FFE3FC A3=00027E16 A4=00FFE3F8 A5=00000000 A6=00000000 A7=00FF7FA4 D0=0000000A D1=00000041 D2=00000000 D3=00000001 D4=00000000 D5=00000000 D6=00000000 D7=00000000 xnzvc
02:A450  38 BC  MOVE.W  #$FFFF,(A4)              A0=00FF9364 A1=000DF04C A2=00FFE3FC A3=00027E16 A4=00FFE3F8 A5=00000000 A6=00000000 A7=00FF7FA4 D0=000000D0 D1=0000FF3F D2=00000000 D3=00000001 D4=00000000 D5=00000000 D6=00000000 D7=00000000 xnzvc
02:A454  42 43  CLR.W   D3                       A0=00FFE3CE A1=00FFD940 A2=00FFE3FC A3=00027E16 A4=00FFE3F8 A5=00000000 A6=00000000 A7=00FF7FA4 D0=00000009 D1=00000019 D2=00000001 D3=00000000 D4=00000000 D5=00000000 D6=00000000 D7=00000000 xnzvc
02:A456  0C 54  CMPI.W  #$FFFF,(A4)              A0=00FF9364 A1=000AFAE2 A2=00FFE3FC A3=00027E16 A4=00FFE3F8 A5=00000000 A6=00000000 A7=00FF7FA4 D0=00000070 D1=0000FF3F D2=00000000 D3=00000000 D4=00000000 D5=00000000 D6=00000000 D7=00000000 xnzvc
02:A45A  67 18  BEQ     #$18 [02:A474]           A0=00FF9364 A1=000AFAE2 A2=00FFE3FC A3=00027E16 A4=00FFE3F8 A5=00000000 A6=00000000 A7=00FF7FA4 D0=00000070 D1=0000FF3F D2=00000000 D3=00000000 D4=00000000 D5=00000000 D6=00000000 D7=00000000 xnzvC
02:A45C  4E B9  JSR     ($0002706C)              A0=00FF9364 A1=000AFAE2 A2=00FFE3FC A3=00027E16 A4=00FFE3F8 A5=00000000 A6=00000000 A7=00FF7FA4 D0=00000070 D1=0000FF3F D2=00000000 D3=00000000 D4=00000000 D5=00000000 D6=00000000 D7=00000000 xnzvC
02:A462  24 00  MOVE.L  D0,D2                    A0=00FF9364 A1=000AFAE2 A2=00FFE3FC A3=00027E16 A4=00FFE3F8 A5=00000000 A6=00000000 A7=00FF7FA4 D0=00000000 D1=0000FF3F D2=00000000 D3=00000000 D4=00000000 D5=00000000 D6=00000000 D7=00000000 xnZvc
02:A464  4E B9  JSR     ($00027006)              A0=00FF9364 A1=000AFAE2 A2=00FFE3FC A3=00027E16 A4=00FFE3F8 A5=00000000 A6=00000000 A7=00FF7FA4 D0=00000000 D1=0000FF3F D2=00000000 D3=00000000 D4=00000000 D5=00000000 D6=00000000 D7=00000000 xnZvc
02:A46A  84 80  OR.L    D0,D2                    A0=00FF9364 A1=000AFAE2 A2=00FFE3FC A3=00027E16 A4=00FFE3F8 A5=00000000 A6=00000000 A7=00FF7FA4 D0=00000000 D1=0000FF3F D2=00000000 D3=00000000 D4=00000000 D5=00000000 D6=00000000 D7=00000000 xnZvc
02:A46C  08 02  BTST    #7,D2                    A0=00FF9364 A1=000AFAE2 A2=00FFE3FC A3=00027E16 A4=00FFE3F8 A5=00000000 A6=00000000 A7=00FF7FA4 D0=00000000 D1=0000FF3F D2=00000000 D3=00000000 D4=00000000 D5=00000000 D6=00000000 D7=00000000 xnZvc
02:A470  67 00  BEQ     #$FEB0 [02:A322]         A0=00FF9364 A1=000AFAE2 A2=00FFE3FC A3=00027E16 A4=00FFE3F8 A5=00000000 A6=00000000 A7=00FF7FA4 D0=00000000 D1=0000FF3F D2=00000000 D3=00000000 D4=00000000 D5=00000000 D6=00000000 D7=00000000 xnZvc
02:A474  4E B9  JSR     ($00027DD4)              A0=00FF9364 A1=000DF04C A2=00FFE3FC A3=00027E16 A4=00FFE3F8 A5=00000000 A6=00000000 A7=00FF7FA4 D0=000000D0 D1=0000FF3F D2=00000000 D3=00000000 D4=00000000 D5=00000000 D6=00000000 D7=00000000 xnZvc
02:A47A  4E B9  JSR     ($00028AB2)              A0=00FF9364 A1=000DF04C A2=00FFE3FC A3=00027E16 A4=00FFE3F8 A5=00000000 A6=00000000 A7=00FF7FA4 D0=000000D0 D1=0000FF3F D2=00000000 D3=00000000 D4=00000000 D5=00000000 D6=00000000 D7=00000000 xnZvc
02:A480  42 A7  CLR.L   -(SP)                    A0=00000000 A1=00FF8036 A2=00FFE3FC A3=00027E16 A4=00FFE3F8 A5=00000000 A6=00000000 A7=00FF7FA4 D0=00000000 D1=00000000 D2=00000000 D3=00000000 D4=00000000 D5=00000000 D6=00000000 D7=00000000 xnZvc
02:A482  42 A7  CLR.L   -(SP)                    A0=00000000 A1=00FF8036 A2=00FFE3FC A3=00027E16 A4=00FFE3F8 A5=00000000 A6=00000000 A7=00FF7FA0 D0=00000000 D1=00000000 D2=00000000 D3=00000000 D4=00000000 D5=00000000 D6=00000000 D7=00000000 xnZvc
02:A484  4E B9  JSR     ($000278A6)              A0=00000000 A1=00FF8036 A2=00FFE3FC A3=00027E16 A4=00FFE3F8 A5=00000000 A6=00000000 A7=00FF7F9C D0=00000000 D1=00000000 D2=00000000 D3=00000000 D4=00000000 D5=00000000 D6=00000000 D7=00000000 xnZvc
02:A48A  48 78  PEA     ($0002)                  A0=00FF9364 A1=00FF8036 A2=00FFE3FC A3=00027E16 A4=00FFE3F8 A5=00000000 A6=00000000 A7=00FF7F9C D0=00000001 D1=00000000 D2=00000000 D3=00000000 D4=00000000 D5=00000000 D6=00000000 D7=00000000 xnzvc
02:A48E  48 79  PEA     ($00098308)              A0=00FF9364 A1=00FF8036 A2=00FFE3FC A3=00027E16 A4=00FFE3F8 A5=00000000 A6=00000000 A7=00FF7F98 D0=00000001 D1=00000000 D2=00000000 D3=00000000 D4=00000000 D5=00000000 D6=00000000 D7=00000000 xnzvc
02:A494  4E B9  JSR     ($00026FDA)              A0=00FF9364 A1=00FF8036 A2=00FFE3FC A3=00027E16 A4=00FFE3F8 A5=00000000 A6=00000000 A7=00FF7F94 D0=00000001 D1=00000000 D2=00000000 D3=00000000 D4=00000000 D5=00000000 D6=00000000 D7=00000000 xnzvc
02:A49A  4F EF  LEA     $0010(SP),A7             A0=00098328 A1=00FF8036 A2=00FFE3FC A3=00027E16 A4=00FFE3F8 A5=00000000 A6=00000000 A7=00FF7F94 D0=C040FFFF D1=00000000 D2=00000000 D3=00000000 D4=00000000 D5=00000000 D6=00000000 D7=00000000 xnzvc
02:A49E  0C 54  CMPI.W  #$FFFF,(A4)              A0=00098328 A1=00FF8036 A2=00FFE3FC A3=00027E16 A4=00FFE3F8 A5=00000000 A6=00000000 A7=00FF7FA4 D0=C040FFFF D1=00000000 D2=00000000 D3=00000000 D4=00000000 D5=00000000 D6=00000000 D7=00000000 xnzvc
02:A4A2  56 C0  STNE    D0 [02:A464]             A0=00098328 A1=00FF8036 A2=00FFE3FC A3=00027E16 A4=00FFE3F8 A5=00000000 A6=00000000 A7=00FF7FA4 D0=C040FFFF D1=00000000 D2=00000000 D3=00000000 D4=00000000 D5=00000000 D6=00000000 D7=00000000 xnZvc
02:A4A4  44 00  NEG.B   D0                       A0=00098328 A1=00FF8036 A2=00FFE3FC A3=00027E16 A4=00FFE3F8 A5=00000000 A6=00000000 A7=00FF7FA4 D0=C040FF00 D1=00000000 D2=00000000 D3=00000000 D4=00000000 D5=00000000 D6=00000000 D7=00000000 xnZvc
02:A4A6  48 80  EXT.W   D0                       A0=00098328 A1=00FF8036 A2=00FFE3FC A3=00027E16 A4=00FFE3F8 A5=00000000 A6=00000000 A7=00FF7FA4 D0=C040FF00 D1=00000000 D2=00000000 D3=00000000 D4=00000000 D5=00000000 D6=00000000 D7=00000000 xnZvc
02:A4A8  48 C0  EXT.L   D0                       A0=00098328 A1=00FF8036 A2=00FFE3FC A3=00027E16 A4=00FFE3F8 A5=00000000 A6=00000000 A7=00FF7FA4 D0=C0400000 D1=00000000 D2=00000000 D3=00000000 D4=00000000 D5=00000000 D6=00000000 D7=00000000 xnZvc
02:A4AA  30 00  MOVE.W  D0,D0                    A0=00098328 A1=00FF8036 A2=00FFE3FC A3=00027E16 A4=00FFE3F8 A5=00000000 A6=00000000 A7=00FF7FA4 D0=00000000 D1=00000000 D2=00000000 D3=00000000 D4=00000000 D5=00000000 D6=00000000 D7=00000000 xnZvc
02:A4AC  30 00  MOVE.W  D0,D0                    A0=00098328 A1=00FF8036 A2=00FFE3FC A3=00027E16 A4=00FFE3F8 A5=00000000 A6=00000000 A7=00FF7FA4 D0=00000000 D1=00000000 D2=00000000 D3=00000000 D4=00000000 D5=00000000 D6=00000000 D7=00000000 xnZvc
02:A4AE  48 C0  EXT.L   D0                       A0=00098328 A1=00FF8036 A2=00FFE3FC A3=00027E16 A4=00FFE3F8 A5=00000000 A6=00000000 A7=00FF7FA4 D0=00000000 D1=00000000 D2=00000000 D3=00000000 D4=00000000 D5=00000000 D6=00000000 D7=00000000 xnZvc
02:A4B0  4C DF  MOVEM.L (SP)+,{a7-d0}[1c 0c]     A0=00098328 A1=00FF8036 A2=00FFE3FC A3=00027E16 A4=00FFE3F8 A5=00000000 A6=00000000 A7=00FF7FA4 D0=00000000 D1=00000000 D2=00000000 D3=00000000 D4=00000000 D5=00000000 D6=00000000 D7=00000000 xnZvc
02:A4B4  4E 75  RTS                              A0=00098328 A1=00FF8036 A2=00FF8038 A3=00FF8036 A4=00FF8000 A5=00000000 A6=00000000 A7=00FF7FB8 D0=00000000 D1=00000000 D2=00000001 D3=00000000 D4=00000000 D5=00000000 D6=00000000 D7=00000000 xnZvc

02:A57A  48 E7  MOVEM.L {d0-a7}[30 38],-(SP)     A0=00098328 A1=00FF8036 A2=00FF8038 A3=00FF8036 A4=00FF8000 A5=00000000 A6=00000000 A7=00FF7FB8 D0=00000000 D1=00000000 D2=00000001 D3=00000000 D4=00000000 D5=00000000 D6=00000000 D7=00000000 xnZvc
02:A57E  24 7C  MOVE.L  #$00FFE3FC,A2            A0=00098328 A1=00FF8036 A2=00FF8038 A3=00FF8036 A4=00FF8000 A5=00000000 A6=00000000 A7=00FF7FA4 D0=00000000 D1=00000000 D2=00000001 D3=00000000 D4=00000000 D5=00000000 D6=00000000 D7=00000000 xnZvc
02:A584  26 7C  MOVE.L  #$00028210,A3            A0=00098328 A1=00FF8036 A2=00FFE3FC A3=00FF8036 A4=00FF8000 A5=00000000 A6=00000000 A7=00FF7FA4 D0=00000000 D1=00000000 D2=00000001 D3=00000000 D4=00000000 D5=00000000 D6=00000000 D7=00000000 xnZvc
02:A58A  28 7C  MOVE.L  #$00FFE3F8,A4            A0=00098328 A1=00FF8036 A2=00FFE3FC A3=00028210 A4=00FF8000 A5=00000000 A6=00000000 A7=00FF7FA4 D0=00000000 D1=00000000 D2=00000001 D3=00000000 D4=00000000 D5=00000000 D6=00000000 D7=00000000 xnZvc
02:A590  48 78  PEA     ($0007)                  A0=00098328 A1=00FF8036 A2=00FFE3FC A3=00028210 A4=00FFE3F8 A5=00000000 A6=00000000 A7=00FF7FA4 D0=00000000 D1=00000000 D2=00000001 D3=00000000 D4=00000000 D5=00000000 D6=00000000 D7=00000000 xnZvc
02:A594  4E BA  JSR     $F6A0(PC)                A0=00098328 A1=00FF8036 A2=00FFE3FC A3=00028210 A4=00FFE3F8 A5=00000000 A6=00000000 A7=00FF7FA0 D0=00000000 D1=00000000 D2=00000001 D3=00000000 D4=00000000 D5=00000000 D6=00000000 D7=00000000 xnZvc
02:A598  58 8F  ADDQ.L  #4,SP                    A0=00FFD8DC A1=0008E5BE A2=00FFE3FC A3=00028210 A4=00FFE3F8 A5=00000000 A6=00000000 A7=00FF7FA0 D0=00008164 D1=00000002 D2=00000001 D3=00000000 D4=00000000 D5=00000000 D6=00000000 D7=00000000 xnzvc
02:A59A  42 39  CLR.B   ($00FF802C)              A0=00FFD8DC A1=0008E5BE A2=00FFE3FC A3=00028210 A4=00FFE3F8 A5=00000000 A6=00000000 A7=00FF7FA4 D0=00008164 D1=00000002 D2=00000001 D3=00000000 D4=00000000 D5=00000000 D6=00000000 D7=00000000 xnzvc
02:A5A0  34 BC  MOVE.W  #$0011,(A2)              A0=00FFD8DC A1=0008E5BE A2=00FFE3FC A3=00028210 A4=00FFE3F8 A5=00000000 A6=00000000 A7=00FF7FA4 D0=00008164 D1=00000002 D2=00000001 D3=00000000 D4=00000000 D5=00000000 D6=00000000 D7=00000000 xnZvc
02:A5A4  33 FC  MOVE.W  #$0001,($00FFE3FA)       A0=00FFD8DC A1=0008E5BE A2=00FFE3FC A3=00028210 A4=00FFE3F8 A5=00000000 A6=00000000 A7=00FF7FA4 D0=00008164 D1=00000002 D2=00000001 D3=00000000 D4=00000000 D5=00000000 D6=00000000 D7=00000000 xnzvc
02:A5AC  42 43  CLR.W   D3                       A0=00FFD8DC A1=0008E5BE A2=00FFE3FC A3=00028210 A4=00FFE3F8 A5=00000000 A6=00000000 A7=00FF7FA4 D0=00008164 D1=00000002 D2=00000001 D3=00000000 D4=00000000 D5=00000000 D6=00000000 D7=00000000 xnzvc
02:A5AE  42 54  CLR.W   (A4)                     A0=00FFD8DC A1=0008E5BE A2=00FFE3FC A3=00028210 A4=00FFE3F8 A5=00000000 A6=00000000 A7=00FF7FA4 D0=00008164 D1=00000002 D2=00000001 D3=00000000 D4=00000000 D5=00000000 D6=00000000 D7=00000000 xnZvc
02:A5B0  60 00  BRA     #$018A [02:A73C]         A0=00FFD8DC A1=0008E5BE A2=00FFE3FC A3=00028210 A4=00FFE3F8 A5=00000000 A6=00000000 A7=00FF7FA4 D0=00008164 D1=00000002 D2=00000001 D3=00000000 D4=00000000 D5=00000000 D6=00000000 D7=00000000 xnZvc
02:A5B4  34 39  MOVE.W  ($00FFE3FA),D2           A0=00FFA65A A1=00032468 A2=00FFE3FC A3=00028210 A4=00FFE3F8 A5=00000000 A6=00000000 A7=00FF7FA4 D0=00000000 D1=0000FF3F D2=00000000 D3=00000000 D4=00000000 D5=00000000 D6=00000000 D7=00000000 xnZvc
02:A5BA  48 C2  EXT.L   D2                       A0=00FFA65A A1=00032468 A2=00FFE3FC A3=00028210 A4=00FFE3F8 A5=00000000 A6=00000000 A7=00FF7FA4 D0=00000000 D1=0000FF3F D2=00000001 D3=00000000 D4=00000000 D5=00000000 D6=00000000 D7=00000000 xnzvc
02:A5BC  2F 02  MOVE.L  D2,-(SP)                 A0=00FFA65A A1=00032468 A2=00FFE3FC A3=00028210 A4=00FFE3F8 A5=00000000 A6=00000000 A7=00FF7FA4 D0=00000000 D1=0000FF3F D2=00000001 D3=00000000 D4=00000000 D5=00000000 D6=00000000 D7=00000000 xnzvc
02:A5BE  42 A7  CLR.L   -(SP)                    A0=00FFA65A A1=00032468 A2=00FFE3FC A3=00028210 A4=00FFE3F8 A5=00000000 A6=00000000 A7=00FF7FA0 D0=00000000 D1=0000FF3F D2=00000001 D3=00000000 D4=00000000 D5=00000000 D6=00000000 D7=00000000 xnzvc
02:A5C0  4E B9  JSR     ($000278A6)              A0=00FFA65A A1=00032468 A2=00FFE3FC A3=00028210 A4=00FFE3F8 A5=00000000 A6=00000000 A7=00FF7F9C D0=00000000 D1=0000FF3F D2=00000001 D3=00000000 D4=00000000 D5=00000000 D6=00000000 D7=00000000 xnZvc
02:A5C6  4E B9  JSR     ($0002706C)              A0=00FFA65A A1=00032468 A2=00FFE3FC A3=00028210 A4=00FFE3F8 A5=00000000 A6=00000000 A7=00FF7F9C D0=00000000 D1=00000400 D2=00000001 D3=00000000 D4=00000000 D5=00000000 D6=00000000 D7=00000000 xnZvc
02:A5CC  24 00  MOVE.L  D0,D2                    A0=00FFA65A A1=00032468 A2=00FFE3FC A3=00028210 A4=00FFE3F8 A5=00000000 A6=00000000 A7=00FF7F9C D0=00000000 D1=0000FF3F D2=00000001 D3=00000000 D4=00000000 D5=00000000 D6=00000000 D7=00000000 xnZvc
02:A5CE  4E B9  JSR     ($00027006)              A0=00FFA65A A1=00032468 A2=00FFE3FC A3=00028210 A4=00FFE3F8 A5=00000000 A6=00000000 A7=00FF7F9C D0=00000000 D1=0000FF3F D2=00000000 D3=00000000 D4=00000000 D5=00000000 D6=00000000 D7=00000000 xnZvc
02:A5D4  84 80  OR.L    D0,D2                    A0=00FFA65A A1=00032468 A2=00FFE3FC A3=00028210 A4=00FFE3F8 A5=00000000 A6=00000000 A7=00FF7F9C D0=00000000 D1=0000FF3F D2=00000000 D3=00000000 D4=00000000 D5=00000000 D6=00000000 D7=00000000 xnZvc
02:A5D6  70 70  MOVEQ   #$70,D0                  A0=00FFA65A A1=00032468 A2=00FFE3FC A3=00028210 A4=00FFE3F8 A5=00000000 A6=00000000 A7=00FF7F9C D0=00000000 D1=0000FF3F D2=00000000 D3=00000000 D4=00000000 D5=00000000 D6=00000000 D7=00000000 xnZvc
02:A5D8  C4 80  AND.L   D0,D2                    A0=00FFA65A A1=00032468 A2=00FFE3FC A3=00028210 A4=00FFE3F8 A5=00000000 A6=00000000 A7=00FF7F9C D0=00000070 D1=0000FF3F D2=00000000 D3=00000000 D4=00000000 D5=00000000 D6=00000000 D7=00000000 xnzvc
02:A5DA  50 8F  ADDQ.L  #8,SP                    A0=00FFA65A A1=00032468 A2=00FFE3FC A3=00028210 A4=00FFE3F8 A5=00000000 A6=00000000 A7=00FF7F9C D0=00000070 D1=0000FF3F D2=00000000 D3=00000000 D4=00000000 D5=00000000 D6=00000000 D7=00000000 xnZvc
02:A5DC  33 C2  MOVE.W  D2,($00FFE3FE)           A0=00FFA65A A1=00032468 A2=00FFE3FC A3=00028210 A4=00FFE3F8 A5=00000000 A6=00000000 A7=00FF7FA4 D0=00000070 D1=0000FF3F D2=00000000 D3=00000000 D4=00000000 D5=00000000 D6=00000000 D7=00000000 xnZvc
02:A5E2  67 02  BEQ     #$02 [02:A5E6]           A0=00FFA65A A1=00032468 A2=00FFE3FC A3=00028210 A4=00FFE3F8 A5=00000000 A6=00000000 A7=00FF7FA4 D0=00000070 D1=0000FF3F D2=00000000 D3=00000000 D4=00000000 D5=00000000 D6=00000000 D7=00000000 xnZvc
02:A5E6  4A 79  TST.W   ($00FFE3FE)              A0=00FFA65A A1=00032468 A2=00FFE3FC A3=00028210 A4=00FFE3F8 A5=00000000 A6=00000000 A7=00FF7FA4 D0=00000070 D1=0000FF3F D2=00000000 D3=00000000 D4=00000000 D5=00000000 D6=00000000 D7=00000000 xnZvc
02:A5EC  66 C6  BNE     #$C6 [02:A5B4]           A0=00FFA65A A1=00032468 A2=00FFE3FC A3=00028210 A4=00FFE3F8 A5=00000000 A6=00000000 A7=00FF7FA4 D0=00000070 D1=0000FF3F D2=00000000 D3=00000000 D4=00000000 D5=00000000 D6=00000000 D7=00000000 xnZvc
02:A5EE  4A 43  TST.W   D3                       A0=00FFA65A A1=00032468 A2=00FFE3FC A3=00028210 A4=00FFE3F8 A5=00000000 A6=00000000 A7=00FF7FA4 D0=00000070 D1=0000FF3F D2=00000000 D3=00000000 D4=00000000 D5=00000000 D6=00000000 D7=00000000 xnZvc
02:A5F0  66 06  BNE     #$06 [02:A5F8]           A0=00FFA65A A1=00032468 A2=00FFE3FC A3=00028210 A4=00FFE3F8 A5=00000000 A6=00000000 A7=00FF7FA4 D0=00000070 D1=0000FF3F D2=00000000 D3=00000000 D4=00000000 D5=00000000 D6=00000000 D7=00000000 xnZvc
02:A5F2  53 52  SUBQ.W  #1,(A2)                  A0=00FFA65A A1=00032468 A2=00FFE3FC A3=00028210 A4=00FFE3F8 A5=00000000 A6=00000000 A7=00FF7FA4 D0=00000070 D1=0000FF3F D2=00000000 D3=00000000 D4=00000000 D5=00000000 D6=00000000 D7=00000000 xnZvc
02:A5F4  6E 00  BGT     #$0146 [02:A73C]         A0=00FFA65A A1=00032468 A2=00FFE3FC A3=00028210 A4=00FFE3F8 A5=00000000 A6=00000000 A7=00FF7FA4 D0=00000070 D1=0000FF3F D2=00000000 D3=00000000 D4=00000000 D5=00000000 D6=00000000 D7=00000000 xnzvc
02:A5F8  52 54  ADDQ.W  #1,(A4)                  A0=00FF9364 A1=00032468 A2=00FFE3FC A3=00028210 A4=00FFE3F8 A5=00000000 A6=00000000 A7=00FF7FA4 D0=00000070 D1=0000FF3F D2=00000000 D3=00000000 D4=00000000 D5=00000000 D6=00000000 D7=00000000 xnZvc
02:A5FA  33 FC  MOVE.W  #$0001,($00FFE3FA)       A0=00FF9364 A1=00032468 A2=00FFE3FC A3=00028210 A4=00FFE3F8 A5=00000000 A6=00000000 A7=00FF7FA4 D0=00000070 D1=0000FF3F D2=00000000 D3=00000000 D4=00000000 D5=00000000 D6=00000000 D7=00000000 xnzvc
02:A602  30 14  MOVE.W  (A4),D0                  A0=00FF9364 A1=00032468 A2=00FFE3FC A3=00028210 A4=00FFE3F8 A5=00000000 A6=00000000 A7=00FF7FA4 D0=00000070 D1=0000FF3F D2=00000000 D3=00000000 D4=00000000 D5=00000000 D6=00000000 D7=00000000 xnzvc
02:A604  0C 40  CMPI.W  #$0001,D0                A0=00FF9364 A1=00032468 A2=00FFE3FC A3=00028210 A4=00FFE3F8 A5=00000000 A6=00000000 A7=00FF7FA4 D0=00000005 D1=0000FF3F D2=00000000 D3=00000000 D4=00000000 D5=00000000 D6=00000000 D7=00000000 xnzvc
02:A608  6D 00  BLT     #$0132 [02:A73C]         A0=00FF9364 A1=00032468 A2=00FFE3FC A3=00028210 A4=00FFE3F8 A5=00000000 A6=00000000 A7=00FF7FA4 D0=00000005 D1=0000FF3F D2=00000000 D3=00000000 D4=00000000 D5=00000000 D6=00000000 D7=00000000 xnzvc
02:A60C  0C 40  CMPI.W  #$0008,D0                A0=00FF9364 A1=00032468 A2=00FFE3FC A3=00028210 A4=00FFE3F8 A5=00000000 A6=00000000 A7=00FF7FA4 D0=00000005 D1=0000FF3F D2=00000000 D3=00000000 D4=00000000 D5=00000000 D6=00000000 D7=00000000 xnzvc
02:A610  6E 00  BGT     #$012A [02:A73C]         A0=00FF9364 A1=00032468 A2=00FFE3FC A3=00028210 A4=00FFE3F8 A5=00000000 A6=00000000 A7=00FF7FA4 D0=00000005 D1=0000FF3F D2=00000000 D3=00000000 D4=00000000 D5=00000000 D6=00000000 D7=00000000 xNzvC
02:A614  D0 40  ADD.W   D0,D0                    A0=00FF9364 A1=00032468 A2=00FFE3FC A3=00028210 A4=00FFE3F8 A5=00000000 A6=00000000 A7=00FF7FA4 D0=00000005 D1=0000FF3F D2=00000000 D3=00000000 D4=00000000 D5=00000000 D6=00000000 D7=00000000 xNzvC
02:A616  30 3B  MOVE.W  $04(PC,D0),D0            A0=00FF9364 A1=00032468 A2=00FFE3FC A3=00028210 A4=00FFE3F8 A5=00000000 A6=00000000 A7=00FF7FA4 D0=0000000A D1=0000FF3F D2=00000000 D3=00000000 D4=00000000 D5=00000000 D6=00000000 D7=00000000 xnzvc
02:A61A  4E FB  JMP     $02(PC,D0)               A0=00FF9364 A1=00032468 A2=00FFE3FC A3=00028210 A4=00FFE3F8 A5=00000000 A6=00000000 A7=00FF7FA4 D0=000000C2 D1=0000FF3F D2=00000000 D3=00000000 D4=00000000 D5=00000000 D6=00000000 D7=00000000 xnzvc
02:A62E  48 78  PEA     ($0003)                  A0=00FF9364 A1=000323B0 A2=00FFE3FC A3=00028210 A4=00FFE3F8 A5=00000000 A6=00000000 A7=00FF7FA4 D0=00000010 D1=0000FF3F D2=00000000 D3=00000000 D4=00000000 D5=00000000 D6=00000000 D7=00000000 xnzvc
02:A632  48 79  PEA     ($000306C8)              A0=00FF9364 A1=000323B0 A2=00FFE3FC A3=00028210 A4=00FFE3F8 A5=00000000 A6=00000000 A7=00FF7FA0 D0=00000010 D1=0000FF3F D2=00000000 D3=00000000 D4=00000000 D5=00000000 D6=00000000 D7=00000000 xnzvc
02:A638  48 78  PEA     ($0005)                  A0=00FF9364 A1=000323B0 A2=00FFE3FC A3=00028210 A4=00FFE3F8 A5=00000000 A6=00000000 A7=00FF7F9C D0=00000010 D1=0000FF3F D2=00000000 D3=00000000 D4=00000000 D5=00000000 D6=00000000 D7=00000000 xnzvc
02:A63C  4E 93  JSR     (A3)                     A0=00FF9364 A1=000323B0 A2=00FFE3FC A3=00028210 A4=00FFE3F8 A5=00000000 A6=00000000 A7=00FF7F98 D0=00000010 D1=0000FF3F D2=00000000 D3=00000000 D4=00000000 D5=00000000 D6=00000000 D7=00000000 xnzvc
02:A63E  48 78  PEA     ($0006)                  A0=00FFA7DA A1=000323B0 A2=00FFE3FC A3=00028210 A4=00FFE3F8 A5=00000000 A6=00000000 A7=00FF7F98 D0=00000003 D1=00000580 D2=00000000 D3=00000000 D4=00000000 D5=00000000 D6=00000000 D7=00000000 xNzvc
02:A642  48 79  PEA     ($000306F6)              A0=00FFA7DA A1=000323B0 A2=00FFE3FC A3=00028210 A4=00FFE3F8 A5=00000000 A6=00000000 A7=00FF7F94 D0=00000003 D1=00000580 D2=00000000 D3=00000000 D4=00000000 D5=00000000 D6=00000000 D7=00000000 xNzvc
02:A648  48 78  PEA     ($0006)                  A0=00FFA7DA A1=000323B0 A2=00FFE3FC A3=00028210 A4=00FFE3F8 A5=00000000 A6=00000000 A7=00FF7F90 D0=00000003 D1=00000580 D2=00000000 D3=00000000 D4=00000000 D5=00000000 D6=00000000 D7=00000000 xNzvc
02:A64C  4E 93  JSR     (A3)                     A0=00FFA7DA A1=000323B0 A2=00FFE3FC A3=00028210 A4=00FFE3F8 A5=00000000 A6=00000000 A7=00FF7F8C D0=00000003 D1=00000580 D2=00000000 D3=00000000 D4=00000000 D5=00000000 D6=00000000 D7=00000000 xNzvc
02:A64E  48 78  PEA     ($0006)                  A0=00FFA85A A1=000323B0 A2=00FFE3FC A3=00028210 A4=00FFE3F8 A5=00000000 A6=00000000 A7=00FF7F8C D0=00000006 D1=00000600 D2=00000000 D3=00000000 D4=00000000 D5=00000000 D6=00000000 D7=00000000 xNzvc
02:A652  48 79  PEA     ($000306EB)              A0=00FFA85A A1=000323B0 A2=00FFE3FC A3=00028210 A4=00FFE3F8 A5=00000000 A6=00000000 A7=00FF7F88 D0=00000006 D1=00000600 D2=00000000 D3=00000000 D4=00000000 D5=00000000 D6=00000000 D7=00000000 xNzvc
02:A658  48 78  PEA     ($0007)                  A0=00FFA85A A1=000323B0 A2=00FFE3FC A3=00028210 A4=00FFE3F8 A5=00000000 A6=00000000 A7=00FF7F84 D0=00000006 D1=00000600 D2=00000000 D3=00000000 D4=00000000 D5=00000000 D6=00000000 D7=00000000 xNzvc
02:A65C  4E 93  JSR     (A3)                     A0=00FFA85A A1=000323B0 A2=00FFE3FC A3=00028210 A4=00FFE3F8 A5=00000000 A6=00000000 A7=00FF7F80 D0=00000006 D1=00000600 D2=00000000 D3=00000000 D4=00000000 D5=00000000 D6=00000000 D7=00000000 xNzvc
02:A65E  4F EF  LEA     $0024(SP),A7             A0=00FFA8DA A1=000323B0 A2=00FFE3FC A3=00028210 A4=00FFE3F8 A5=00000000 A6=00000000 A7=00FF7F80 D0=00000006 D1=00000680 D2=00000000 D3=00000000 D4=00000000 D5=00000000 D6=00000000 D7=00000000 xNzvc
02:A662  34 BC  MOVE.W  #$0011,(A2)              A0=00FFA5DA A1=00032468 A2=00FFE3FC A3=00028210 A4=00FFE3F8 A5=00000000 A6=00000000 A7=00FF7FA4 D0=00000006 D1=00000380 D2=00000000 D3=00000000 D4=00000000 D5=00000000 D6=00000000 D7=00000000 xNzvc
02:A666  60 00  BRA     #$00D4 [02:A73C]         A0=00FFA5DA A1=00032468 A2=00FFE3FC A3=00028210 A4=00FFE3F8 A5=00000000 A6=00000000 A7=00FF7FA4 D0=00000006 D1=00000380 D2=00000000 D3=00000000 D4=00000000 D5=00000000 D6=00000000 D7=00000000 xnzvc
02:A66A  48 78  PEA     ($0006)                  A0=00FF9364 A1=0003250E A2=00FFE3FC A3=00028210 A4=00FFE3F8 A5=00000000 A6=00000000 A7=00FF7FA4 D0=0000004C D1=0000FF3F D2=00000000 D3=00000000 D4=00000000 D5=00000000 D6=00000000 D7=00000000 xnzvc
02:A66E  48 79  PEA     ($000306F4)              A0=00FF9364 A1=0003250E A2=00FFE3FC A3=00028210 A4=00FFE3F8 A5=00000000 A6=00000000 A7=00FF7FA0 D0=0000004C D1=0000FF3F D2=00000000 D3=00000000 D4=00000000 D5=00000000 D6=00000000 D7=00000000 xnzvc
02:A674  48 78  PEA     ($0006)                  A0=00FF9364 A1=0003250E A2=00FFE3FC A3=00028210 A4=00FFE3F8 A5=00000000 A6=00000000 A7=00FF7F9C D0=0000004C D1=0000FF3F D2=00000000 D3=00000000 D4=00000000 D5=00000000 D6=00000000 D7=00000000 xnzvc
02:A678  4E 93  JSR     (A3)                     A0=00FF9364 A1=0003250E A2=00FFE3FC A3=00028210 A4=00FFE3F8 A5=00000000 A6=00000000 A7=00FF7F98 D0=0000004C D1=0000FF3F D2=00000000 D3=00000000 D4=00000000 D5=00000000 D6=00000000 D7=00000000 xnzvc
02:A67A  48 78  PEA     ($0006)                  A0=00FFA85A A1=0003250E A2=00FFE3FC A3=00028210 A4=00FFE3F8 A5=00000000 A6=00000000 A7=00FF7F98 D0=00000006 D1=00000600 D2=00000000 D3=00000000 D4=00000000 D5=00000000 D6=00000000 D7=00000000 xNzvc
02:A67E  48 79  PEA     ($000306FA)              A0=00FFA85A A1=0003250E A2=00FFE3FC A3=00028210 A4=00FFE3F8 A5=00000000 A6=00000000 A7=00FF7F94 D0=00000006 D1=00000600 D2=00000000 D3=00000000 D4=00000000 D5=00000000 D6=00000000 D7=00000000 xNzvc
02:A684  48 78  PEA     ($0007)                  A0=00FFA85A A1=0003250E A2=00FFE3FC A3=00028210 A4=00FFE3F8 A5=00000000 A6=00000000 A7=00FF7F90 D0=00000006 D1=00000600 D2=00000000 D3=00000000 D4=00000000 D5=00000000 D6=00000000 D7=00000000 xNzvc
02:A688  4E 93  JSR     (A3)                     A0=00FFA85A A1=0003250E A2=00FFE3FC A3=00028210 A4=00FFE3F8 A5=00000000 A6=00000000 A7=00FF7F8C D0=00000006 D1=00000600 D2=00000000 D3=00000000 D4=00000000 D5=00000000 D6=00000000 D7=00000000 xNzvc
02:A68A  4F EF  LEA     $0018(SP),A7             A0=00FFA8DA A1=0003250E A2=00FFE3FC A3=00028210 A4=00FFE3F8 A5=00000000 A6=00000000 A7=00FF7F8C D0=00000006 D1=00000680 D2=00000000 D3=00000000 D4=00000000 D5=00000000 D6=00000000 D7=00000000 xNzvc
02:A68E  60 D2  BRA     #$D2 [02:A662]           A0=00FFA8DA A1=0003250E A2=00FFE3FC A3=00028210 A4=00FFE3F8 A5=00000000 A6=00000000 A7=00FF7FA4 D0=00000006 D1=00000680 D2=00000000 D3=00000000 D4=00000000 D5=00000000 D6=00000000 D7=00000000 xNzvc
02:A690  42 43  CLR.W   D3                       A0=00FF9364 A1=00032468 A2=00FFE3FC A3=00028210 A4=00FFE3F8 A5=00000000 A6=00000000 A7=00FF7FA4 D0=00000072 D1=0000FF3F D2=00000000 D3=00000000 D4=00000000 D5=00000000 D6=00000000 D7=00000000 xnzvc
02:A692  48 78  PEA     ($0048)                  A0=00FF9364 A1=00032468 A2=00FFE3FC A3=00028210 A4=00FFE3F8 A5=00000000 A6=00000000 A7=00FF7FA4 D0=00000072 D1=0000FF3F D2=00000000 D3=00000000 D4=00000000 D5=00000000 D6=00000000 D7=00000000 xnZvc
02:A696  48 78  PEA     ($00DC)                  A0=00FF9364 A1=00032468 A2=00FFE3FC A3=00028210 A4=00FFE3F8 A5=00000000 A6=00000000 A7=00FF7FA0 D0=00000072 D1=0000FF3F D2=00000000 D3=00000000 D4=00000000 D5=00000000 D6=00000000 D7=00000000 xnZvc
02:A69A  48 7A  PEA     $0110(PC)                A0=00FF9364 A1=00032468 A2=00FFE3FC A3=00028210 A4=00FFE3F8 A5=00000000 A6=00000000 A7=00FF7F9C D0=00000072 D1=0000FF3F D2=00000000 D3=00000000 D4=00000000 D5=00000000 D6=00000000 D7=00000000 xnZvc
02:A69E  4E 71  NOP                              A0=00FF9364 A1=00032468 A2=00FFE3FC A3=00028210 A4=00FFE3F8 A5=00000000 A6=00000000 A7=00FF7F98 D0=00000072 D1=0000FF3F D2=00000000 D3=00000000 D4=00000000 D5=00000000 D6=00000000 D7=00000000 xnZvc
02:A6A0  4E B9  JSR     ($00027E16)              A0=00FF9364 A1=00032468 A2=00FFE3FC A3=00028210 A4=00FFE3F8 A5=00000000 A6=00000000 A7=00FF7F98 D0=00000072 D1=0000FF3F D2=00000000 D3=00000000 D4=00000000 D5=00000000 D6=00000000 D7=00000000 xnZvc
02:A6A6  48 78  PEA     ($0054)                  A0=00FFB65A A1=00FFB65A A2=00FFE3FC A3=00028210 A4=00FFE3F8 A5=00000000 A6=00000000 A7=00FF7F98 D0=00000008 D1=00000008 D2=00000000 D3=00000000 D4=00000000 D5=00000000 D6=00000000 D7=00000000 xnzvc
02:A6AA  48 78  PEA     ($00DC)                  A0=00FFB65A A1=00FFB65A A2=00FFE3FC A3=00028210 A4=00FFE3F8 A5=00000000 A6=00000000 A7=00FF7F94 D0=00000008 D1=00000008 D2=00000000 D3=00000000 D4=00000000 D5=00000000 D6=00000000 D7=00000000 xnzvc
02:A6AE  48 7A  PEA     $0112(PC)                A0=00FFB65A A1=00FFB65A A2=00FFE3FC A3=00028210 A4=00FFE3F8 A5=00000000 A6=00000000 A7=00FF7F90 D0=00000008 D1=00000008 D2=00000000 D3=00000000 D4=00000000 D5=00000000 D6=00000000 D7=00000000 xnzvc
02:A6B2  4E 71  NOP                              A0=00FFB65A A1=00FFB65A A2=00FFE3FC A3=00028210 A4=00FFE3F8 A5=00000000 A6=00000000 A7=00FF7F8C D0=00000008 D1=00000008 D2=00000000 D3=00000000 D4=00000000 D5=00000000 D6=00000000 D7=00000000 xnzvc
02:A6B4  4E B9  JSR     ($00027EF0)              A0=00FFB65A A1=00FFB65A A2=00FFE3FC A3=00028210 A4=00FFE3F8 A5=00000000 A6=00000000 A7=00FF7F8C D0=00000008 D1=00000008 D2=00000000 D3=00000000 D4=00000000 D5=00000000 D6=00000000 D7=00000000 xnzvc
02:A6BA  4F EF  LEA     $0018(SP),A7             A0=00FFB65A A1=00FFB65A A2=00FFE3FC A3=00028210 A4=00FFE3F8 A5=00000000 A6=00000000 A7=00FF7F8C D0=00000008 D1=00000008 D2=00000000 D3=00000000 D4=00000000 D5=00000000 D6=00000000 D7=00000000 xnzvc
02:A6BE  34 BC  MOVE.W  #$0055,(A2)              A0=00FFB65A A1=00FFB65A A2=00FFE3FC A3=00028210 A4=00FFE3F8 A5=00000000 A6=00000000 A7=00FF7FA4 D0=00000008 D1=00000008 D2=00000000 D3=00000000 D4=00000000 D5=00000000 D6=00000000 D7=00000000 xnzvc
02:A6C2  60 00  BRA     #$0078 [02:A73C]         A0=00FFB65A A1=00FFB65A A2=00FFE3FC A3=00028210 A4=00FFE3F8 A5=00000000 A6=00000000 A7=00FF7FA4 D0=00000008 D1=00000008 D2=00000000 D3=00000000 D4=00000000 D5=00000000 D6=00000000 D7=00000000 xnzvc
02:A6C6  48 78  PEA     ($0003)                  A0=00FF9364 A1=00032468 A2=00FFE3FC A3=00028210 A4=00FFE3F8 A5=00000000 A6=00000000 A7=00FF7FA4 D0=000000A8 D1=0000FF3F D2=00000000 D3=00000000 D4=00000000 D5=00000000 D6=00000000 D7=00000000 xnzvc
02:A6CA  48 79  PEA     ($000306D6)              A0=00FF9364 A1=00032468 A2=00FFE3FC A3=00028210 A4=00FFE3F8 A5=00000000 A6=00000000 A7=00FF7FA0 D0=000000A8 D1=0000FF3F D2=00000000 D3=00000000 D4=00000000 D5=00000000 D6=00000000 D7=00000000 xnzvc
02:A6D0  48 78  PEA     ($0005)                  A0=00FF9364 A1=00032468 A2=00FFE3FC A3=00028210 A4=00FFE3F8 A5=00000000 A6=00000000 A7=00FF7F9C D0=000000A8 D1=0000FF3F D2=00000000 D3=00000000 D4=00000000 D5=00000000 D6=00000000 D7=00000000 xnzvc
02:A6D4  4E 93  JSR     (A3)                     A0=00FF9364 A1=00032468 A2=00FFE3FC A3=00028210 A4=00FFE3F8 A5=00000000 A6=00000000 A7=00FF7F98 D0=000000A8 D1=0000FF3F D2=00000000 D3=00000000 D4=00000000 D5=00000000 D6=00000000 D7=00000000 xnzvc
02:A6D6  4F EF  LEA     $000C(SP),A7             A0=00FFA7DA A1=00032468 A2=00FFE3FC A3=00028210 A4=00FFE3F8 A5=00000000 A6=00000000 A7=00FF7F98 D0=00000003 D1=00000580 D2=00000000 D3=00000000 D4=00000000 D5=00000000 D6=00000000 D7=00000000 xNzvc
02:A6DA  34 BC  MOVE.W  #$0022,(A2)              A0=00FFA7DA A1=00032468 A2=00FFE3FC A3=00028210 A4=00FFE3F8 A5=00000000 A6=00000000 A7=00FF7FA4 D0=00000003 D1=00000580 D2=00000000 D3=00000000 D4=00000000 D5=00000000 D6=00000000 D7=00000000 xNzvc
02:A6DE  60 5C  BRA     #$5C [02:A73C]           A0=00FFA7DA A1=00032468 A2=00FFE3FC A3=00028210 A4=00FFE3F8 A5=00000000 A6=00000000 A7=00FF7FA4 D0=00000003 D1=00000580 D2=00000000 D3=00000000 D4=00000000 D5=00000000 D6=00000000 D7=00000000 xnzvc
02:A6E0  48 78  PEA     ($0006)                  A0=00FF9364 A1=00032468 A2=00FFE3FC A3=00028210 A4=00FFE3F8 A5=00000000 A6=00000000 A7=00FF7FA4 D0=000000C2 D1=0000FF3F D2=00000000 D3=00000000 D4=00000000 D5=00000000 D6=00000000 D7=00000000 xnzvc
02:A6E4  48 79  PEA     ($00030700)              A0=00FF9364 A1=00032468 A2=00FFE3FC A3=00028210 A4=00FFE3F8 A5=00000000 A6=00000000 A7=00FF7FA0 D0=000000C2 D1=0000FF3F D2=00000000 D3=00000000 D4=00000000 D5=00000000 D6=00000000 D7=00000000 xnzvc
02:A6EA  48 78  PEA     ($0001)                  A0=00FF9364 A1=00032468 A2=00FFE3FC A3=00028210 A4=00FFE3F8 A5=00000000 A6=00000000 A7=00FF7F9C D0=000000C2 D1=0000FF3F D2=00000000 D3=00000000 D4=00000000 D5=00000000 D6=00000000 D7=00000000 xnzvc
02:A6EE  4E 93  JSR     (A3)                     A0=00FF9364 A1=00032468 A2=00FFE3FC A3=00028210 A4=00FFE3F8 A5=00000000 A6=00000000 A7=00FF7F98 D0=000000C2 D1=0000FF3F D2=00000000 D3=00000000 D4=00000000 D5=00000000 D6=00000000 D7=00000000 xnzvc
02:A6F0  4F EF  LEA     $000C(SP),A7             A0=00FFA5DA A1=00032468 A2=00FFE3FC A3=00028210 A4=00FFE3F8 A5=00000000 A6=00000000 A7=00FF7F98 D0=00000006 D1=00000380 D2=00000000 D3=00000000 D4=00000000 D5=00000000 D6=00000000 D7=00000000 xNzvc
02:A6F4  60 00  BRA     #$FF6C [02:A662]         A0=00FFA5DA A1=00032468 A2=00FFE3FC A3=00028210 A4=00FFE3F8 A5=00000000 A6=00000000 A7=00FF7FA4 D0=00000006 D1=00000380 D2=00000000 D3=00000000 D4=00000000 D5=00000000 D6=00000000 D7=00000000 xNzvc
02:A6F8  48 78  PEA     ($0006)                  A0=00FF9364 A1=00032468 A2=00FFE3FC A3=00028210 A4=00FFE3F8 A5=00000000 A6=00000000 A7=00FF7FA4 D0=000000DA D1=0000FF3F D2=00000000 D3=00000000 D4=00000000 D5=00000000 D6=00000000 D7=00000000 xnzvc
02:A6FC  48 79  PEA     ($000306E5)              A0=00FF9364 A1=00032468 A2=00FFE3FC A3=00028210 A4=00FFE3F8 A5=00000000 A6=00000000 A7=00FF7FA0 D0=000000DA D1=0000FF3F D2=00000000 D3=00000000 D4=00000000 D5=00000000 D6=00000000 D7=00000000 xnzvc
02:A702  48 78  PEA     ($0001)                  A0=00FF9364 A1=00032468 A2=00FFE3FC A3=00028210 A4=00FFE3F8 A5=00000000 A6=00000000 A7=00FF7F9C D0=000000DA D1=0000FF3F D2=00000000 D3=00000000 D4=00000000 D5=00000000 D6=00000000 D7=00000000 xnzvc
02:A706  4E 93  JSR     (A3)                     A0=00FF9364 A1=00032468 A2=00FFE3FC A3=00028210 A4=00FFE3F8 A5=00000000 A6=00000000 A7=00FF7F98 D0=000000DA D1=0000FF3F D2=00000000 D3=00000000 D4=00000000 D5=00000000 D6=00000000 D7=00000000 xnzvc
02:A708  4F EF  LEA     $000C(SP),A7             A0=00FFA5DA A1=00032468 A2=00FFE3FC A3=00028210 A4=00FFE3F8 A5=00000000 A6=00000000 A7=00FF7F98 D0=00000006 D1=00000380 D2=00000000 D3=00000000 D4=00000000 D5=00000000 D6=00000000 D7=00000000 xNzvc
02:A70C  42 43  CLR.W   D3                       A0=00FFA5DA A1=00032468 A2=00FFE3FC A3=00028210 A4=00FFE3F8 A5=00000000 A6=00000000 A7=00FF7FA4 D0=00000006 D1=00000380 D2=00000000 D3=00000000 D4=00000000 D5=00000000 D6=00000000 D7=00000000 xNzvc
02:A70E  48 78  PEA     ($0036)                  A0=00FFA5DA A1=00032468 A2=00FFE3FC A3=00028210 A4=00FFE3F8 A5=00000000 A6=00000000 A7=00FF7FA4 D0=00000006 D1=00000380 D2=00000000 D3=00000000 D4=00000000 D5=00000000 D6=00000000 D7=00000000 xnZvc
02:A712  48 78  PEA     ($004E)                  A0=00FFA5DA A1=00032468 A2=00FFE3FC A3=00028210 A4=00FFE3F8 A5=00000000 A6=00000000 A7=00FF7FA0 D0=00000006 D1=00000380 D2=00000000 D3=00000000 D4=00000000 D5=00000000 D6=00000000 D7=00000000 xnZvc
02:A716  48 7A  PEA     $00BA(PC)                A0=00FFA5DA A1=00032468 A2=00FFE3FC A3=00028210 A4=00FFE3F8 A5=00000000 A6=00000000 A7=00FF7F9C D0=00000006 D1=00000380 D2=00000000 D3=00000000 D4=00000000 D5=00000000 D6=00000000 D7=00000000 xnZvc
02:A71A  4E 71  NOP                              A0=00FFA5DA A1=00032468 A2=00FFE3FC A3=00028210 A4=00FFE3F8 A5=00000000 A6=00000000 A7=00FF7F98 D0=00000006 D1=00000380 D2=00000000 D3=00000000 D4=00000000 D5=00000000 D6=00000000 D7=00000000 xnZvc
02:A71C  4E B9  JSR     ($00027E16)              A0=00FFA5DA A1=00032468 A2=00FFE3FC A3=00028210 A4=00FFE3F8 A5=00000000 A6=00000000 A7=00FF7F98 D0=00000006 D1=00000380 D2=00000000 D3=00000000 D4=00000000 D5=00000000 D6=00000000 D7=00000000 xnZvc
02:A722  4F EF  LEA     $000C(SP),A7             A0=00FFB65A A1=00FFB65A A2=00FFE3FC A3=00028210 A4=00FFE3F8 A5=00000000 A6=00000000 A7=00FF7F98 D0=00000008 D1=00000008 D2=00000000 D3=00000000 D4=00000000 D5=00000000 D6=00000000 D7=00000000 xnzvc
02:A726  34 BC  MOVE.W  #$003B,(A2)              A0=00FFB65A A1=00FFB65A A2=00FFE3FC A3=00028210 A4=00FFE3F8 A5=00000000 A6=00000000 A7=00FF7FA4 D0=00000008 D1=00000008 D2=00000000 D3=00000000 D4=00000000 D5=00000000 D6=00000000 D7=00000000 xnzvc
02:A72A  60 10  BRA     #$10 [02:A73C]           A0=00FFB65A A1=00FFB65A A2=00FFE3FC A3=00028210 A4=00FFE3F8 A5=00000000 A6=00000000 A7=00FF7FA4 D0=00000008 D1=00000008 D2=00000000 D3=00000000 D4=00000000 D5=00000000 D6=00000000 D7=00000000 xnzvc
02:A72C  4E B9  JSR     ($00027DD4)              A0=00FF9364 A1=00032468 A2=00FFE3FC A3=00028210 A4=00FFE3F8 A5=00000000 A6=00000000 A7=00FF7FA4 D0=0000010E D1=0000FF3F D2=00000000 D3=00000000 D4=00000000 D5=00000000 D6=00000000 D7=00000000 xnzvc
02:A732  34 BC  MOVE.W  #$0008,(A2)              A0=00FFD9C6 A1=00032468 A2=00FFE3FC A3=00028210 A4=00FFE3F8 A5=00000000 A6=00000000 A7=00FF7FA4 D0=00000008 D1=00000023 D2=00000000 D3=00000000 D4=00000000 D5=00000000 D6=00000000 D7=00000000 xnZvc
02:A736  60 04  BRA     #$04 [02:A73C]           A0=00FFD9C6 A1=00032468 A2=00FFE3FC A3=00028210 A4=00FFE3F8 A5=00000000 A6=00000000 A7=00FF7FA4 D0=00000008 D1=00000023 D2=00000000 D3=00000000 D4=00000000 D5=00000000 D6=00000000 D7=00000000 xnzvc
02:A738  38 BC  MOVE.W  #$FFFF,(A4)              A0=00FF9364 A1=00032468 A2=00FFE3FC A3=00028210 A4=00FFE3F8 A5=00000000 A6=00000000 A7=00FF7FA4 D0=0000011A D1=0000FF3F D2=00000000 D3=00000000 D4=00000000 D5=00000000 D6=00000000 D7=00000000 xnzvc
02:A73C  0C 54  CMPI.W  #$FFFF,(A4)              A0=00FFA65A A1=00032468 A2=00FFE3FC A3=00028210 A4=00FFE3F8 A5=00000000 A6=00000000 A7=00FF7FA4 D0=00000070 D1=0000FF3F D2=00000000 D3=00000000 D4=00000000 D5=00000000 D6=00000000 D7=00000000 xnzvc
02:A740  67 18  BEQ     #$18 [02:A75A]           A0=00FFA65A A1=00032468 A2=00FFE3FC A3=00028210 A4=00FFE3F8 A5=00000000 A6=00000000 A7=00FF7FA4 D0=00000070 D1=0000FF3F D2=00000000 D3=00000000 D4=00000000 D5=00000000 D6=00000000 D7=00000000 xnzvC
02:A742  4E B9  JSR     ($0002706C)              A0=00FFA65A A1=00032468 A2=00FFE3FC A3=00028210 A4=00FFE3F8 A5=00000000 A6=00000000 A7=00FF7FA4 D0=00000070 D1=0000FF3F D2=00000000 D3=00000000 D4=00000000 D5=00000000 D6=00000000 D7=00000000 xnzvC
02:A748  24 00  MOVE.L  D0,D2                    A0=00FFA65A A1=00032468 A2=00FFE3FC A3=00028210 A4=00FFE3F8 A5=00000000 A6=00000000 A7=00FF7FA4 D0=00000000 D1=0000FF3F D2=00000000 D3=00000000 D4=00000000 D5=00000000 D6=00000000 D7=00000000 xnZvc
02:A74A  4E B9  JSR     ($00027006)              A0=00FFA65A A1=00032468 A2=00FFE3FC A3=00028210 A4=00FFE3F8 A5=00000000 A6=00000000 A7=00FF7FA4 D0=00000000 D1=0000FF3F D2=00000000 D3=00000000 D4=00000000 D5=00000000 D6=00000000 D7=00000000 xnZvc
02:A750  84 80  OR.L    D0,D2                    A0=00FFA65A A1=00032468 A2=00FFE3FC A3=00028210 A4=00FFE3F8 A5=00000000 A6=00000000 A7=00FF7FA4 D0=00000000 D1=0000FF3F D2=00000000 D3=00000000 D4=00000000 D5=00000000 D6=00000000 D7=00000000 xnZvc
02:A752  08 02  BTST    #7,D2                    A0=00FFA65A A1=00032468 A2=00FFE3FC A3=00028210 A4=00FFE3F8 A5=00000000 A6=00000000 A7=00FF7FA4 D0=00000000 D1=0000FF3F D2=00000000 D3=00000000 D4=00000000 D5=00000000 D6=00000000 D7=00000000 xnZvc
02:A756  67 00  BEQ     #$FE5C [02:A5B4]         A0=00FFA65A A1=00032468 A2=00FFE3FC A3=00028210 A4=00FFE3F8 A5=00000000 A6=00000000 A7=00FF7FA4 D0=00000000 D1=0000FF3F D2=00000000 D3=00000000 D4=00000000 D5=00000000 D6=00000000 D7=00000000 xnZvc
02:A75A  02 39  ANDI.B  #$3C,($00FF8000)         A0=00FF9364 A1=00032468 A2=00FFE3FC A3=00028210 A4=00FFE3F8 A5=00000000 A6=00000000 A7=00FF7FA4 D0=0000011A D1=0000FF3F D2=00000000 D3=00000000 D4=00000000 D5=00000000 D6=00000000 D7=00000000 xnZvc
02:A762  70 00  MOVEQ   #$00,D0                  A0=00FF9364 A1=00032468 A2=00FFE3FC A3=00028210 A4=00FFE3F8 A5=00000000 A6=00000000 A7=00FF7FA4 D0=0000011A D1=0000FF3F D2=00000000 D3=00000000 D4=00000000 D5=00000000 D6=00000000 D7=00000000 xnzvc
02:A764  10 39  MOVE.B  ($00FF8000),D0           A0=00FF9364 A1=00032468 A2=00FFE3FC A3=00028210 A4=00FFE3F8 A5=00000000 A6=00000000 A7=00FF7FA4 D0=00000000 D1=0000FF3F D2=00000000 D3=00000000 D4=00000000 D5=00000000 D6=00000000 D7=00000000 xnZvc
02:A76A  00 80  ORI.L   #$00008104,D0            A0=00FF9364 A1=00032468 A2=00FFE3FC A3=00028210 A4=00FFE3F8 A5=00000000 A6=00000000 A7=00FF7FA4 D0=00000020 D1=0000FF3F D2=00000000 D3=00000000 D4=00000000 D5=00000000 D6=00000000 D7=00000000 xnzvc
02:A770  33 C0  MOVE.W  D0,($00C00004)           A0=00FF9364 A1=00032468 A2=00FFE3FC A3=00028210 A4=00FFE3F8 A5=00000000 A6=00000000 A7=00FF7FA4 D0=00008124 D1=0000FF3F D2=00000000 D3=00000000 D4=00000000 D5=00000000 D6=00000000 D7=00000000 xnzvc
02:A776  4E B9  JSR     ($00027DD4)              A0=00FF9364 A1=00032468 A2=00FFE3FC A3=00028210 A4=00FFE3F8 A5=00000000 A6=00000000 A7=00FF7FA4 D0=00008124 D1=0000FF3F D2=00000000 D3=00000000 D4=00000000 D5=00000000 D6=00000000 D7=00000000 xNzvc
02:A77C  4E B9  JSR     ($000282FE)              A0=00FF9364 A1=00032468 A2=00FFE3FC A3=00028210 A4=00FFE3F8 A5=00000000 A6=00000000 A7=00FF7FA4 D0=00008124 D1=0000FF3F D2=00000000 D3=00000000 D4=00000000 D5=00000000 D6=00000000 D7=00000000 xnZvc
02:A782  4E B9  JSR     ($0002813A)              A0=00032464 A1=00FFA6DA A2=00FFE3FC A3=00028210 A4=00FFE3F8 A5=00000000 A6=00000000 A7=00FF7FA4 D0=00000000 D1=00000000 D2=00000000 D3=00000000 D4=00000000 D5=00000000 D6=00000000 D7=00000000 xnZvc
02:A788  42 A7  CLR.L   -(SP)                    A0=00FFE3AE A1=00FFA6DA A2=00FFE3FC A3=00028210 A4=00FFE3F8 A5=00000000 A6=00000000 A7=00FF7FA4 D0=00000007 D1=00000007 D2=00000000 D3=00000000 D4=00000000 D5=00000000 D6=00000000 D7=00000000 xnZvc
02:A78A  42 A7  CLR.L   -(SP)                    A0=00FFE3AE A1=00FFA6DA A2=00FFE3FC A3=00028210 A4=00FFE3F8 A5=00000000 A6=00000000 A7=00FF7FA0 D0=00000007 D1=00000007 D2=00000000 D3=00000000 D4=00000000 D5=00000000 D6=00000000 D7=00000000 xnZvc
02:A78C  4E B9  JSR     ($000278A6)              A0=00FFE3AE A1=00FFA6DA A2=00FFE3FC A3=00028210 A4=00FFE3F8 A5=00000000 A6=00000000 A7=00FF7F9C D0=00000007 D1=00000007 D2=00000000 D3=00000000 D4=00000000 D5=00000000 D6=00000000 D7=00000000 xnZvc
02:A792  50 8F  ADDQ.L  #8,SP                    A0=00FF9364 A1=00FF8036 A2=00FFE3FC A3=00028210 A4=00FFE3F8 A5=00000000 A6=00000000 A7=00FF7F9C D0=00000001 D1=00000000 D2=00000000 D3=00000000 D4=00000000 D5=00000000 D6=00000000 D7=00000000 xnzvc
02:A794  0C 54  CMPI.W  #$FFFF,(A4)              A0=00FF9364 A1=00FF8036 A2=00FFE3FC A3=00028210 A4=00FFE3F8 A5=00000000 A6=00000000 A7=00FF7FA4 D0=00000001 D1=00000000 D2=00000000 D3=00000000 D4=00000000 D5=00000000 D6=00000000 D7=00000000 xnzvc
02:A798  56 C0  STNE    D0 [02:A75A]             A0=00FF9364 A1=00FF8036 A2=00FFE3FC A3=00028210 A4=00FFE3F8 A5=00000000 A6=00000000 A7=00FF7FA4 D0=00000001 D1=00000000 D2=00000000 D3=00000000 D4=00000000 D5=00000000 D6=00000000 D7=00000000 xnZvc
02:A79A  44 00  NEG.B   D0                       A0=00FF9364 A1=00FF8036 A2=00FFE3FC A3=00028210 A4=00FFE3F8 A5=00000000 A6=00000000 A7=00FF7FA4 D0=00000000 D1=00000000 D2=00000000 D3=00000000 D4=00000000 D5=00000000 D6=00000000 D7=00000000 xnZvc
02:A79C  48 80  EXT.W   D0                       A0=00FF9364 A1=00FF8036 A2=00FFE3FC A3=00028210 A4=00FFE3F8 A5=00000000 A6=00000000 A7=00FF7FA4 D0=00000000 D1=00000000 D2=00000000 D3=00000000 D4=00000000 D5=00000000 D6=00000000 D7=00000000 xnZvc
02:A79E  48 C0  EXT.L   D0                       A0=00FF9364 A1=00FF8036 A2=00FFE3FC A3=00028210 A4=00FFE3F8 A5=00000000 A6=00000000 A7=00FF7FA4 D0=00000000 D1=00000000 D2=00000000 D3=00000000 D4=00000000 D5=00000000 D6=00000000 D7=00000000 xnZvc
02:A7A0  30 00  MOVE.W  D0,D0                    A0=00FF9364 A1=00FF8036 A2=00FFE3FC A3=00028210 A4=00FFE3F8 A5=00000000 A6=00000000 A7=00FF7FA4 D0=00000000 D1=00000000 D2=00000000 D3=00000000 D4=00000000 D5=00000000 D6=00000000 D7=00000000 xnZvc
02:A7A2  30 00  MOVE.W  D0,D0                    A0=00FF9364 A1=00FF8036 A2=00FFE3FC A3=00028210 A4=00FFE3F8 A5=00000000 A6=00000000 A7=00FF7FA4 D0=00000000 D1=00000000 D2=00000000 D3=00000000 D4=00000000 D5=00000000 D6=00000000 D7=00000000 xnZvc
02:A7A4  48 C0  EXT.L   D0                       A0=00FF9364 A1=00FF8036 A2=00FFE3FC A3=00028210 A4=00FFE3F8 A5=00000000 A6=00000000 A7=00FF7FA4 D0=00000000 D1=00000000 D2=00000000 D3=00000000 D4=00000000 D5=00000000 D6=00000000 D7=00000000 xnZvc
02:A7A6  4C DF  MOVEM.L (SP)+,{a7-d0}[1c 0c]     A0=00FF9364 A1=00FF8036 A2=00FFE3FC A3=00028210 A4=00FFE3F8 A5=00000000 A6=00000000 A7=00FF7FA4 D0=00000000 D1=00000000 D2=00000000 D3=00000000 D4=00000000 D5=00000000 D6=00000000 D7=00000000 xnZvc
02:A7AA  4E 75  RTS                              A0=00FF9364 A1=00FF8036 A2=00FF8038 A3=00FF8036 A4=00FF8000 A5=00000000 A6=00000000 A7=00FF7FB8 D0=00000000 D1=00000000 D2=00000001 D3=00000000 D4=00000000 D5=00000000 D6=00000000 D7=00000000 xnZvc

02:A7DC  48 E7  MOVEM.L {d0-a7}[38 38],-(SP)     A0=00FF9364 A1=00FF8036 A2=00FF8038 A3=00FF8036 A4=00FF8000 A5=00000000 A6=00000000 A7=00FF7FB8 D0=00000000 D1=00000000 D2=00000001 D3=00000000 D4=00000000 D5=00000000 D6=00000000 D7=00000000 xnZvc
02:A7E0  26 7C  MOVE.L  #$00FFE3F8,A3            A0=00FF9364 A1=00FF8036 A2=00FF8038 A3=00FF8036 A4=00FF8000 A5=00000000 A6=00000000 A7=00FF7FA0 D0=00000000 D1=00000000 D2=00000001 D3=00000000 D4=00000000 D5=00000000 D6=00000000 D7=00000000 xnZvc
02:A7E6  24 7C  MOVE.L  #$00FFE3FC,A2            A0=00FF9364 A1=00FF8036 A2=00FF8038 A3=00FFE3F8 A4=00FF8000 A5=00000000 A6=00000000 A7=00FF7FA0 D0=00000000 D1=00000000 D2=00000001 D3=00000000 D4=00000000 D5=00000000 D6=00000000 D7=00000000 xnZvc
02:A7EC  28 7C  MOVE.L  #$00FF8000,A4            A0=00FF9364 A1=00FF8036 A2=00FFE3FC A3=00FFE3F8 A4=00FF8000 A5=00000000 A6=00000000 A7=00FF7FA0 D0=00000000 D1=00000000 D2=00000001 D3=00000000 D4=00000000 D5=00000000 D6=00000000 D7=00000000 xnZvc
02:A7F2  4E B9  JSR     ($00029270)              A0=00FF9364 A1=00FF8036 A2=00FFE3FC A3=00FFE3F8 A4=00FF8000 A5=00000000 A6=00000000 A7=00FF7FA0 D0=00000000 D1=00000000 D2=00000001 D3=00000000 D4=00000000 D5=00000000 D6=00000000 D7=00000000 xnZvc
02:A7F8  4E B9  JSR     ($00028B12)              A0=00FFE3E6 A1=00FFD940 A2=00FFE3FC A3=00FFE3F8 A4=00FF8000 A5=00000000 A6=00000000 A7=00FF7FA0 D0=00000007 D1=00000019 D2=00000001 D3=00000000 D4=00000000 D5=00000000 D6=00000000 D7=00000000 xnZvc
02:A7FE  4E B9  JSR     ($0000046A)              A0=00034ADC A1=00FFA9DA A2=00FFE3FC A3=00FFE3F8 A4=00FF8000 A5=00000000 A6=00000000 A7=00FF7FA0 D0=00000000 D1=00000009 D2=00000001 D3=00000000 D4=00000000 D5=00000000 D6=00000000 D7=00000000 xNzvc
02:A804  48 78  PEA     ($0001)                  A0=000A781A A1=00FFA9DA A2=00FFE3FC A3=00FFE3F8 A4=00FF8000 A5=00000000 A6=00000000 A7=00FF7FA0 D0=6F800003 D1=6FBE0003 D2=00000001 D3=00000000 D4=00000000 D5=00000000 D6=00000000 D7=00000000 xNzvc
02:A808  4E B9  JSR     ($0002756E)              A0=000A781A A1=00FFA9DA A2=00FFE3FC A3=00FFE3F8 A4=00FF8000 A5=00000000 A6=00000000 A7=00FF7F9C D0=6F800003 D1=6FBE0003 D2=00000001 D3=00000000 D4=00000000 D5=00000000 D6=00000000 D7=00000000 xNzvc
02:A80E  48 78  PEA     ($0002)                  A0=02521B94 A1=2A244525 A2=00FFE3FC A3=00FFE3F8 A4=00FF8000 A5=00000000 A6=00000000 A7=00FF7F9C D0=00009DA9 D1=35A12991 D2=00000001 D3=00000000 D4=00000000 D5=00000000 D6=00000000 D7=00000000 xnZvc
02:A812  48 79  PEA     ($00098348)              A0=02521B94 A1=2A244525 A2=00FFE3FC A3=00FFE3F8 A4=00FF8000 A5=00000000 A6=00000000 A7=00FF7F98 D0=00009DA9 D1=35A12991 D2=00000001 D3=00000000 D4=00000000 D5=00000000 D6=00000000 D7=00000000 xnZvc
02:A818  4E B9  JSR     ($00026FDA)              A0=02521B94 A1=2A244525 A2=00FFE3FC A3=00FFE3F8 A4=00FF8000 A5=00000000 A6=00000000 A7=00FF7F94 D0=00009DA9 D1=35A12991 D2=00000001 D3=00000000 D4=00000000 D5=00000000 D6=00000000 D7=00000000 xnZvc
02:A81E  48 78  PEA     ($0003)                  A0=00098368 A1=2A244525 A2=00FFE3FC A3=00FFE3F8 A4=00FF8000 A5=00000000 A6=00000000 A7=00FF7F94 D0=C040FFFF D1=35A12991 D2=00000001 D3=00000000 D4=00000000 D5=00000000 D6=00000000 D7=00000000 xnZvc
02:A822  48 79  PEA     ($00098388)              A0=00098368 A1=2A244525 A2=00FFE3FC A3=00FFE3F8 A4=00FF8000 A5=00000000 A6=00000000 A7=00FF7F90 D0=C040FFFF D1=35A12991 D2=00000001 D3=00000000 D4=00000000 D5=00000000 D6=00000000 D7=00000000 xnZvc
02:A828  4E B9  JSR     ($00026FDA)              A0=00098368 A1=2A244525 A2=00FFE3FC A3=00FFE3F8 A4=00FF8000 A5=00000000 A6=00000000 A7=00FF7F8C D0=C040FFFF D1=35A12991 D2=00000001 D3=00000000 D4=00000000 D5=00000000 D6=00000000 D7=00000000 xnZvc
02:A82E  48 78  PEA     ($00A0)                  A0=000983A8 A1=2A244525 A2=00FFE3FC A3=00FFE3F8 A4=00FF8000 A5=00000000 A6=00000000 A7=00FF7F8C D0=C060FFFF D1=35A12991 D2=00000001 D3=00000000 D4=00000000 D5=00000000 D6=00000000 D7=00000000 xnZvc
02:A832  48 78  PEA     ($0118)                  A0=000983A8 A1=2A244525 A2=00FFE3FC A3=00FFE3F8 A4=00FF8000 A5=00000000 A6=00000000 A7=00FF7F88 D0=C060FFFF D1=35A12991 D2=00000001 D3=00000000 D4=00000000 D5=00000000 D6=00000000 D7=00000000 xnZvc
02:A836  42 A7  CLR.L   -(SP)                    A0=000983A8 A1=2A244525 A2=00FFE3FC A3=00FFE3F8 A4=00FF8000 A5=00000000 A6=00000000 A7=00FF7F84 D0=C060FFFF D1=35A12991 D2=00000001 D3=00000000 D4=00000000 D5=00000000 D6=00000000 D7=00000000 xnZvc
02:A838  4E B9  JSR     ($00028C1C)              A0=000983A8 A1=2A244525 A2=00FFE3FC A3=00FFE3F8 A4=00FF8000 A5=00000000 A6=00000000 A7=00FF7F80 D0=C060FFFF D1=35A12991 D2=00000001 D3=00000000 D4=00000000 D5=00000000 D6=00000000 D7=00000000 xnZvc
02:A83E  48 78  PEA     ($0001)                  A0=00FFAA0B A1=00FFD940 A2=00FFE3FC A3=00FFE3F8 A4=00FF8000 A5=00000000 A6=00000000 A7=00FF7F80 D0=00000002 D1=00000019 D2=00000001 D3=00000000 D4=00000000 D5=00000000 D6=00000000 D7=00000000 xnzvc
02:A842  4E B9  JSR     ($00000578)              A0=00FFAA0B A1=00FFD940 A2=00FFE3FC A3=00FFE3F8 A4=00FF8000 A5=00000000 A6=00000000 A7=00FF7F7C D0=00000002 D1=00000019 D2=00000001 D3=00000000 D4=00000000 D5=00000000 D6=00000000 D7=00000000 xnzvc
02:A848  00 14  ORI.B   #$40,(A4)                A0=00FFAA0B A1=00FFD940 A2=00FFE3FC A3=00FFE3F8 A4=00FF8000 A5=00000000 A6=00000000 A7=00FF7F7C D0=00000001 D1=00000019 D2=00000001 D3=00000000 D4=00000000 D5=00000000 D6=00000000 D7=00000000 xnZvc
02:A84C  70 00  MOVEQ   #$00,D0                  A0=00FFAA0B A1=00FFD940 A2=00FFE3FC A3=00FFE3F8 A4=00FF8000 A5=00000000 A6=00000000 A7=00FF7F7C D0=00000001 D1=00000019 D2=00000001 D3=00000000 D4=00000000 D5=00000000 D6=00000000 D7=00000000 xnzvc
02:A84E  10 14  MOVE.B  (A4),D0                  A0=00FFAA0B A1=00FFD940 A2=00FFE3FC A3=00FFE3F8 A4=00FF8000 A5=00000000 A6=00000000 A7=00FF7F7C D0=00000000 D1=00000019 D2=00000001 D3=00000000 D4=00000000 D5=00000000 D6=00000000 D7=00000000 xnZvc
02:A850  00 80  ORI.L   #$00008104,D0            A0=00FFAA0B A1=00FFD940 A2=00FFE3FC A3=00FFE3F8 A4=00FF8000 A5=00000000 A6=00000000 A7=00FF7F7C D0=00000060 D1=00000019 D2=00000001 D3=00000000 D4=00000000 D5=00000000 D6=00000000 D7=00000000 xnzvc
02:A856  4F EF  LEA     $0024(SP),A7             A0=00FFAA0B A1=00FFD940 A2=00FFE3FC A3=00FFE3F8 A4=00FF8000 A5=00000000 A6=00000000 A7=00FF7F7C D0=00008164 D1=00000019 D2=00000001 D3=00000000 D4=00000000 D5=00000000 D6=00000000 D7=00000000 xnzvc
02:A85A  33 C0  MOVE.W  D0,($00C00004)           A0=00FFAA0B A1=00FFD940 A2=00FFE3FC A3=00FFE3F8 A4=00FF8000 A5=00000000 A6=00000000 A7=00FF7FA0 D0=00008164 D1=00000019 D2=00000001 D3=00000000 D4=00000000 D5=00000000 D6=00000000 D7=00000000 xnzvc
02:A860  34 BC  MOVE.W  #$0055,(A2)              A0=00FFAA0B A1=00FFD940 A2=00FFE3FC A3=00FFE3F8 A4=00FF8000 A5=00000000 A6=00000000 A7=00FF7FA0 D0=00008164 D1=00000019 D2=00000001 D3=00000000 D4=00000000 D5=00000000 D6=00000000 D7=00000000 xNzvc
02:A864  42 53  CLR.W   (A3)                     A0=00FFAA0B A1=00FFD940 A2=00FFE3FC A3=00FFE3F8 A4=00FF8000 A5=00000000 A6=00000000 A7=00FF7FA0 D0=00008164 D1=00000019 D2=00000001 D3=00000000 D4=00000000 D5=00000000 D6=00000000 D7=00000000 xnzvc
02:A866  42 44  CLR.W   D4                       A0=00FFAA0B A1=00FFD940 A2=00FFE3FC A3=00FFE3F8 A4=00FF8000 A5=00000000 A6=00000000 A7=00FF7FA0 D0=00008164 D1=00000019 D2=00000001 D3=00000000 D4=00000000 D5=00000000 D6=00000000 D7=00000000 xnZvc
02:A868  42 43  CLR.W   D3                       A0=00FFAA0B A1=00FFD940 A2=00FFE3FC A3=00FFE3F8 A4=00FF8000 A5=00000000 A6=00000000 A7=00FF7FA0 D0=00008164 D1=00000019 D2=00000001 D3=00000000 D4=00000000 D5=00000000 D6=00000000 D7=00000000 xnZvc
02:A86A  60 00  BRA     #$0140 [02:A9AC]         A0=00FFAA0B A1=00FFD940 A2=00FFE3FC A3=00FFE3F8 A4=00FF8000 A5=00000000 A6=00000000 A7=00FF7FA0 D0=00008164 D1=00000019 D2=00000001 D3=00000000 D4=00000000 D5=00000000 D6=00000000 D7=00000000 xnZvc
02:A86E  48 78  PEA     ($0001)                  A0=0003343A A1=0003343E A2=00FFE3FC A3=00FFE3F8 A4=00FF8000 A5=00000000 A6=00000000 A7=00FF7FA0 D0=00000000 D1=0000FF3F D2=00000000 D3=00000001 D4=0000003F D5=00000000 D6=00000000 D7=00000000 xnZvc
02:A872  4E B9  JSR     ($00000578)              A0=0003343A A1=0003343E A2=00FFE3FC A3=00FFE3F8 A4=00FF8000 A5=00000000 A6=00000000 A7=00FF7F9C D0=00000000 D1=0000FF3F D2=00000000 D3=00000001 D4=0000003F D5=00000000 D6=00000000 D7=00000000 xnZvc
02:A878  58 8F  ADDQ.L  #4,SP                    A0=0003343A A1=0003343E A2=00FFE3FC A3=00FFE3F8 A4=00FF8000 A5=00000000 A6=00000000 A7=00FF7F9C D0=00000000 D1=0000192C D2=00000000 D3=00000001 D4=0000003F D5=00000000 D6=00000000 D7=00000000 xnZvc
02:A87A  23 FC  MOVE.L  #$7C020003,($00C00004)   A0=0003343A A1=0003343E A2=00FFE3FC A3=00FFE3F8 A4=00FF8000 A5=00000000 A6=00000000 A7=00FF7FA0 D0=00000000 D1=0000192C D2=00000000 D3=00000001 D4=0000003F D5=00000000 D6=00000000 D7=00000000 xnZvc
02:A884  30 04  MOVE.W  D4,D0                    A0=0003343A A1=0003343E A2=00FFE3FC A3=00FFE3F8 A4=00FF8000 A5=00000000 A6=00000000 A7=00FF7FA0 D0=00000000 D1=0000192C D2=00000000 D3=00000001 D4=0000003F D5=00000000 D6=00000000 D7=00000000 xnzvc
02:A886  48 C0  EXT.L   D0                       A0=0003343A A1=0003343E A2=00FFE3FC A3=00FFE3F8 A4=00FF8000 A5=00000000 A6=00000000 A7=00FF7FA0 D0=0000003F D1=0000192C D2=00000000 D3=00000001 D4=0000003F D5=00000000 D6=00000000 D7=00000000 xnzvc
02:A888  6C 08  BGE     #$08 [02:A892]           A0=0003343A A1=0003343E A2=00FFE3FC A3=00FFE3F8 A4=00FF8000 A5=00000000 A6=00000000 A7=00FF7FA0 D0=0000003F D1=0000192C D2=00000000 D3=00000001 D4=0000003F D5=00000000 D6=00000000 D7=00000000 xnzvc
02:A892  E4 88  LSR.L   #2,D0                    A0=0003343A A1=0003343E A2=00FFE3FC A3=00FFE3F8 A4=00FF8000 A5=00000000 A6=00000000 A7=00FF7FA0 D0=0000003F D1=0000192C D2=00000000 D3=00000001 D4=0000003F D5=00000000 D6=00000000 D7=00000000 xnzvc
02:A894  33 C0  MOVE.W  D0,($00C00000)           A0=0003343A A1=0003343E A2=00FFE3FC A3=00FFE3F8 A4=00FF8000 A5=00000000 A6=00000000 A7=00FF7FA0 D0=0000000F D1=0000192C D2=00000000 D3=00000001 D4=0000003F D5=00000000 D6=00000000 D7=00000000 XnzvC
02:A89A  42 A7  CLR.L   -(SP)                    A0=0003343A A1=0003343E A2=00FFE3FC A3=00FFE3F8 A4=00FF8000 A5=00000000 A6=00000000 A7=00FF7FA0 D0=0000000F D1=0000192C D2=00000000 D3=00000001 D4=0000003F D5=00000000 D6=00000000 D7=00000000 Xnzvc
02:A89C  42 A7  CLR.L   -(SP)                    A0=0003343A A1=0003343E A2=00FFE3FC A3=00FFE3F8 A4=00FF8000 A5=00000000 A6=00000000 A7=00FF7F9C D0=0000000F D1=0000192C D2=00000000 D3=00000001 D4=0000003F D5=00000000 D6=00000000 D7=00000000 XnZvc
02:A89E  4E B9  JSR     ($0000CED0)              A0=0003343A A1=0003343E A2=00FFE3FC A3=00FFE3F8 A4=00FF8000 A5=00000000 A6=00000000 A7=00FF7F98 D0=0000000F D1=0000192C D2=00000000 D3=00000001 D4=0000003F D5=00000000 D6=00000000 D7=00000000 XnZvc
02:A8A4  42 A7  CLR.L   -(SP)                    A0=00FFD8DC A1=0003343E A2=00FFE3FC A3=00FFE3F8 A4=00FF8000 A5=00000000 A6=00000000 A7=00FF7F98 D0=00000002 D1=00000002 D2=00000000 D3=00000001 D4=0000003F D5=00000000 D6=00000000 D7=00000000 xnZvc
02:A8A6  4E B9  JSR     ($0000059E)              A0=00FFD8DC A1=0003343E A2=00FFE3FC A3=00FFE3F8 A4=00FF8000 A5=00000000 A6=00000000 A7=00FF7F94 D0=00000002 D1=00000002 D2=00000000 D3=00000001 D4=0000003F D5=00000000 D6=00000000 D7=00000000 xnZvc
02:A8AC  48 78  PEA     ($0001)                  A0=00FF9364 A1=0003343E A2=00FFE3FC A3=00FFE3F8 A4=00FF8000 A5=00000000 A6=00000000 A7=00FF7F94 D0=0000001B D1=00000002 D2=00000000 D3=00000001 D4=0000003F D5=00000000 D6=00000000 D7=00000000 xnzvc
02:A8B0  4E B9  JSR     ($00000578)              A0=00FF9364 A1=0003343E A2=00FFE3FC A3=00FFE3F8 A4=00FF8000 A5=00000000 A6=00000000 A7=00FF7F90 D0=0000001B D1=00000002 D2=00000000 D3=00000001 D4=0000003F D5=00000000 D6=00000000 D7=00000000 xnzvc
02:A8B6  34 04  MOVE.W  D4,D2                    A0=00FF9364 A1=0003343E A2=00FFE3FC A3=00FFE3F8 A4=00FF8000 A5=00000000 A6=00000000 A7=00FF7F90 D0=00000000 D1=0000192D D2=00000000 D3=00000001 D4=0000003F D5=00000000 D6=00000000 D7=00000000 xnZvc
02:A8B8  48 C2  EXT.L   D2                       A0=00FF9364 A1=0003343E A2=00FFE3FC A3=00FFE3F8 A4=00FF8000 A5=00000000 A6=00000000 A7=00FF7F90 D0=00000000 D1=0000192D D2=0000003F D3=00000001 D4=0000003F D5=00000000 D6=00000000 D7=00000000 xnzvc
02:A8BA  2F 02  MOVE.L  D2,-(SP)                 A0=00FF9364 A1=0003343E A2=00FFE3FC A3=00FFE3F8 A4=00FF8000 A5=00000000 A6=00000000 A7=00FF7F90 D0=00000000 D1=0000192D D2=0000003F D3=00000001 D4=0000003F D5=00000000 D6=00000000 D7=00000000 xnzvc
02:A8BC  4E B9  JSR     ($000293E2)              A0=00FF9364 A1=0003343E A2=00FFE3FC A3=00FFE3F8 A4=00FF8000 A5=00000000 A6=00000000 A7=00FF7F8C D0=00000000 D1=0000192D D2=0000003F D3=00000001 D4=0000003F D5=00000000 D6=00000000 D7=00000000 xnzvc
02:A8C2  0A 43  EORI.W  #$0001,D3                A0=00FFA8DA A1=0003343E A2=00FFE3FC A3=00FFE3F8 A4=00FF8000 A5=00000000 A6=00000000 A7=00FF7F8C D0=00000001 D1=00000002 D2=0000003F D3=00000001 D4=0000003F D5=00000000 D6=00000000 D7=00000000 xnZvc
02:A8C6  4F EF  LEA     $0014(SP),A7             A0=00FFA8DA A1=0003343E A2=00FFE3FC A3=00FFE3F8 A4=00FF8000 A5=00000000 A6=00000000 A7=00FF7F8C D0=00000001 D1=00000002 D2=0000003F D3=00000000 D4=0000003F D5=00000000 D6=00000000 D7=00000000 xnZvc
02:A8CA  67 0E  BEQ     #$0E [02:A8DA]           A0=00FFA8DA A1=0003343E A2=00FFE3FC A3=00FFE3F8 A4=00FF8000 A5=00000000 A6=00000000 A7=00FF7FA0 D0=00000001 D1=00000002 D2=0000003F D3=00000000 D4=0000003F D5=00000000 D6=00000000 D7=00000000 xnZvc
02:A8CC  34 03  MOVE.W  D3,D2                    A0=00FFA8DA A1=0003343E A2=00FFE3FC A3=00FFE3F8 A4=00FF8000 A5=00000000 A6=00000000 A7=00FF7FA0 D0=00000001 D1=00000001 D2=0000007E D3=00000001 D4=0000007E D5=00000000 D6=00000000 D7=00000000 xnzvc
02:A8CE  48 C2  EXT.L   D2                       A0=00FFA8DA A1=0003343E A2=00FFE3FC A3=00FFE3F8 A4=00FF8000 A5=00000000 A6=00000000 A7=00FF7FA0 D0=00000001 D1=00000001 D2=00000001 D3=00000001 D4=0000007E D5=00000000 D6=00000000 D7=00000000 xnzvc
02:A8D0  2F 02  MOVE.L  D2,-(SP)                 A0=00FFA8DA A1=0003343E A2=00FFE3FC A3=00FFE3F8 A4=00FF8000 A5=00000000 A6=00000000 A7=00FF7FA0 D0=00000001 D1=00000001 D2=00000001 D3=00000001 D4=0000007E D5=00000000 D6=00000000 D7=00000000 xnzvc
02:A8D2  4E B9  JSR     ($00028D84)              A0=00FFA8DA A1=0003343E A2=00FFE3FC A3=00FFE3F8 A4=00FF8000 A5=00000000 A6=00000000 A7=00FF7F9C D0=00000001 D1=00000001 D2=00000001 D3=00000001 D4=0000007E D5=00000000 D6=00000000 D7=00000000 xnzvc
02:A8D8  58 8F  ADDQ.L  #4,SP                    A0=00FFA9DA A1=0003343E A2=00FFE3FC A3=00FFE3F8 A4=00FF8000 A5=00000000 A6=00000000 A7=00FF7F9C D0=00000780 D1=00000001 D2=00000001 D3=00000001 D4=0000007E D5=00000000 D6=00000000 D7=00000000 xnzvC
02:A8DA  4E B9  JSR     ($0000CC62)              A0=00FFA8DA A1=0003343E A2=00FFE3FC A3=00FFE3F8 A4=00FF8000 A5=00000000 A6=00000000 A7=00FF7FA0 D0=00000001 D1=00000002 D2=0000003F D3=00000000 D4=0000003F D5=00000000 D6=00000000 D7=00000000 xnZvc
02:A8E0  52 44  ADDQ.W  #1,D4                    A0=0003343A A1=0003343E A2=00FFE3FC A3=00FFE3F8 A4=00FF8000 A5=00000000 A6=00000000 A7=00FF7FA0 D0=00000118 D1=00000023 D2=0000003F D3=00000000 D4=0000003F D5=00000000 D6=00000000 D7=00000000 xnzvc
02:A8E2  4E B9  JSR     ($0002706C)              A0=0003343A A1=0003343E A2=00FFE3FC A3=00FFE3F8 A4=00FF8000 A5=00000000 A6=00000000 A7=00FF7FA0 D0=00000118 D1=00000023 D2=0000003F D3=00000000 D4=00000040 D5=00000000 D6=00000000 D7=00000000 xnzvc
02:A8E8  24 00  MOVE.L  D0,D2                    A0=0003343A A1=0003343E A2=00FFE3FC A3=00FFE3F8 A4=00FF8000 A5=00000000 A6=00000000 A7=00FF7FA0 D0=00000000 D1=0000FF3F D2=0000003F D3=00000000 D4=00000040 D5=00000000 D6=00000000 D7=00000000 xnZvc
02:A8EA  4E B9  JSR     ($00027006)              A0=0003343A A1=0003343E A2=00FFE3FC A3=00FFE3F8 A4=00FF8000 A5=00000000 A6=00000000 A7=00FF7FA0 D0=00000000 D1=0000FF3F D2=00000000 D3=00000000 D4=00000040 D5=00000000 D6=00000000 D7=00000000 xnZvc
02:A8F0  84 80  OR.L    D0,D2                    A0=0003343A A1=0003343E A2=00FFE3FC A3=00FFE3F8 A4=00FF8000 A5=00000000 A6=00000000 A7=00FF7FA0 D0=00000000 D1=0000FF3F D2=00000000 D3=00000000 D4=00000040 D5=00000000 D6=00000000 D7=00000000 xnZvc
02:A8F2  70 70  MOVEQ   #$70,D0                  A0=0003343A A1=0003343E A2=00FFE3FC A3=00FFE3F8 A4=00FF8000 A5=00000000 A6=00000000 A7=00FF7FA0 D0=00000000 D1=0000FF3F D2=00000000 D3=00000000 D4=00000040 D5=00000000 D6=00000000 D7=00000000 xnZvc
02:A8F4  C4 80  AND.L   D0,D2                    A0=0003343A A1=0003343E A2=00FFE3FC A3=00FFE3F8 A4=00FF8000 A5=00000000 A6=00000000 A7=00FF7FA0 D0=00000070 D1=0000FF3F D2=00000000 D3=00000000 D4=00000040 D5=00000000 D6=00000000 D7=00000000 xnzvc
02:A8F6  33 C2  MOVE.W  D2,($00FFE3FE)           A0=0003343A A1=0003343E A2=00FFE3FC A3=00FFE3F8 A4=00FF8000 A5=00000000 A6=00000000 A7=00FF7FA0 D0=00000070 D1=0000FF3F D2=00000000 D3=00000000 D4=00000040 D5=00000000 D6=00000000 D7=00000000 xnZvc
02:A8FC  67 02  BEQ     #$02 [02:A900]           A0=0003343A A1=0003343E A2=00FFE3FC A3=00FFE3F8 A4=00FF8000 A5=00000000 A6=00000000 A7=00FF7FA0 D0=00000070 D1=0000FF3F D2=00000000 D3=00000000 D4=00000040 D5=00000000 D6=00000000 D7=00000000 xnZvc
02:A900  4A 79  TST.W   ($00FFE3FE)              A0=0003343A A1=0003343E A2=00FFE3FC A3=00FFE3F8 A4=00FF8000 A5=00000000 A6=00000000 A7=00FF7FA0 D0=00000070 D1=0000FF3F D2=00000000 D3=00000000 D4=00000040 D5=00000000 D6=00000000 D7=00000000 xnZvc
02:A906  66 00  BNE     #$FF66 [02:A86E]         A0=0003343A A1=0003343E A2=00FFE3FC A3=00FFE3F8 A4=00FF8000 A5=00000000 A6=00000000 A7=00FF7FA0 D0=00000070 D1=0000FF3F D2=00000000 D3=00000000 D4=00000040 D5=00000000 D6=00000000 D7=00000000 xnZvc
02:A90A  53 52  SUBQ.W  #1,(A2)                  A0=0003343A A1=0003343E A2=00FFE3FC A3=00FFE3F8 A4=00FF8000 A5=00000000 A6=00000000 A7=00FF7FA0 D0=00000070 D1=0000FF3F D2=00000000 D3=00000000 D4=00000040 D5=00000000 D6=00000000 D7=00000000 xnZvc
02:A90C  6E 00  BGT     #$009E [02:A9AC]         A0=0003343A A1=0003343E A2=00FFE3FC A3=00FFE3F8 A4=00FF8000 A5=00000000 A6=00000000 A7=00FF7FA0 D0=00000070 D1=0000FF3F D2=00000000 D3=00000000 D4=00000040 D5=00000000 D6=00000000 D7=00000000 xnzvc
02:A910  34 BC  MOVE.W  #$0055,(A2)              A0=0003343A A1=0003343E A2=00FFE3FC A3=00FFE3F8 A4=00FF8000 A5=00000000 A6=00000000 A7=00FF7FA0 D0=00000070 D1=0000FF3F D2=00000000 D3=00000001 D4=000001CB D5=00000000 D6=00000000 D7=00000000 xnZvc
02:A914  52 53  ADDQ.W  #1,(A3)                  A0=0003343A A1=0003343E A2=00FFE3FC A3=00FFE3F8 A4=00FF8000 A5=00000000 A6=00000000 A7=00FF7FA0 D0=00000070 D1=0000FF3F D2=00000000 D3=00000001 D4=000001CB D5=00000000 D6=00000000 D7=00000000 xnzvc
02:A916  30 13  MOVE.W  (A3),D0                  A0=0003343A A1=0003343E A2=00FFE3FC A3=00FFE3F8 A4=00FF8000 A5=00000000 A6=00000000 A7=00FF7FA0 D0=00000070 D1=0000FF3F D2=00000000 D3=00000001 D4=000001CB D5=00000000 D6=00000000 D7=00000000 xnzvc
02:A918  0C 40  CMPI.W  #$0001,D0                A0=0003343A A1=0003343E A2=00FFE3FC A3=00FFE3F8 A4=00FF8000 A5=00000000 A6=00000000 A7=00FF7FA0 D0=00000005 D1=0000FF3F D2=00000000 D3=00000001 D4=000001CB D5=00000000 D6=00000000 D7=00000000 xnzvc
02:A91C  6D 00  BLT     #$008E [02:A9AC]         A0=0003343A A1=0003343E A2=00FFE3FC A3=00FFE3F8 A4=00FF8000 A5=00000000 A6=00000000 A7=00FF7FA0 D0=00000005 D1=0000FF3F D2=00000000 D3=00000001 D4=000001CB D5=00000000 D6=00000000 D7=00000000 xnzvc
02:A920  0C 40  CMPI.W  #$0005,D0                A0=0003343A A1=0003343E A2=00FFE3FC A3=00FFE3F8 A4=00FF8000 A5=00000000 A6=00000000 A7=00FF7FA0 D0=00000005 D1=0000FF3F D2=00000000 D3=00000001 D4=000001CB D5=00000000 D6=00000000 D7=00000000 xnzvc
02:A924  6E 00  BGT     #$0086 [02:A9AC]         A0=0003343A A1=0003343E A2=00FFE3FC A3=00FFE3F8 A4=00FF8000 A5=00000000 A6=00000000 A7=00FF7FA0 D0=00000005 D1=0000FF3F D2=00000000 D3=00000001 D4=000001CB D5=00000000 D6=00000000 D7=00000000 xnZvc
02:A928  D0 40  ADD.W   D0,D0                    A0=0003343A A1=0003343E A2=00FFE3FC A3=00FFE3F8 A4=00FF8000 A5=00000000 A6=00000000 A7=00FF7FA0 D0=00000005 D1=0000FF3F D2=00000000 D3=00000001 D4=000001CB D5=00000000 D6=00000000 D7=00000000 xnZvc
02:A92A  30 3B  MOVE.W  $04(PC,D0),D0            A0=0003343A A1=0003343E A2=00FFE3FC A3=00FFE3F8 A4=00FF8000 A5=00000000 A6=00000000 A7=00FF7FA0 D0=0000000A D1=0000FF3F D2=00000000 D3=00000001 D4=000001CB D5=00000000 D6=00000000 D7=00000000 xnzvc
02:A92E  4E FB  JMP     $02(PC,D0)               A0=0003343A A1=0003343E A2=00FFE3FC A3=00FFE3F8 A4=00FF8000 A5=00000000 A6=00000000 A7=00FF7FA0 D0=00000076 D1=0000FF3F D2=00000000 D3=00000001 D4=000001CB D5=00000000 D6=00000000 D7=00000000 xnzvc
02:A93C  48 78  PEA     ($001E)                  A0=0003343A A1=0003343E A2=00FFE3FC A3=00FFE3F8 A4=00FF8000 A5=00000000 A6=00000000 A7=00FF7FA0 D0=0000000A D1=0000FF3F D2=00000000 D3=00000001 D4=00000055 D5=00000000 D6=00000000 D7=00000000 xnzvc
02:A940  48 78  PEA     ($00A0)                  A0=0003343A A1=0003343E A2=00FFE3FC A3=00FFE3F8 A4=00FF8000 A5=00000000 A6=00000000 A7=00FF7F9C D0=0000000A D1=0000FF3F D2=00000000 D3=00000001 D4=00000055 D5=00000000 D6=00000000 D7=00000000 xnzvc
02:A944  48 7A  PEA     $00CE(PC)                A0=0003343A A1=0003343E A2=00FFE3FC A3=00FFE3F8 A4=00FF8000 A5=00000000 A6=00000000 A7=00FF7F98 D0=0000000A D1=0000FF3F D2=00000000 D3=00000001 D4=00000055 D5=00000000 D6=00000000 D7=00000000 xnzvc
02:A948  4E 71  NOP                              A0=0003343A A1=0003343E A2=00FFE3FC A3=00FFE3F8 A4=00FF8000 A5=00000000 A6=00000000 A7=00FF7F94 D0=0000000A D1=0000FF3F D2=00000000 D3=00000001 D4=00000055 D5=00000000 D6=00000000 D7=00000000 xnzvc
02:A94A  4E B9  JSR     ($00027E16)              A0=0003343A A1=0003343E A2=00FFE3FC A3=00FFE3F8 A4=00FF8000 A5=00000000 A6=00000000 A7=00FF7F94 D0=00000066 D1=0000FF3F D2=00000000 D3=00000000 D4=00000176 D5=00000000 D6=00000000 D7=00000000 xnzvc
02:A950  4F EF  LEA     $000C(SP),A7             A0=00FFB65A A1=00FFB65A A2=00FFE3FC A3=00FFE3F8 A4=00FF8000 A5=00000000 A6=00000000 A7=00FF7F94 D0=00000008 D1=00000008 D2=00000000 D3=00000000 D4=00000176 D5=00000000 D6=00000000 D7=00000000 xnzvc
02:A954  60 56  BRA     #$56 [02:A9AC]           A0=00FFB65A A1=00FFB65A A2=00FFE3FC A3=00FFE3F8 A4=00FF8000 A5=00000000 A6=00000000 A7=00FF7FA0 D0=00000008 D1=00000008 D2=00000000 D3=00000000 D4=00000176 D5=00000000 D6=00000000 D7=00000000 xnzvc
02:A956  48 78  PEA     ($001E)                  A0=0003343A A1=0003343E A2=00FFE3FC A3=00FFE3F8 A4=00FF8000 A5=00000000 A6=00000000 A7=00FF7FA0 D0=00000024 D1=0000FF3F D2=00000000 D3=00000000 D4=000000AA D5=00000000 D6=00000000 D7=00000000 xnzvc
02:A95A  48 78  PEA     ($00A0)                  A0=0003343A A1=0003343E A2=00FFE3FC A3=00FFE3F8 A4=00FF8000 A5=00000000 A6=00000000 A7=00FF7F9C D0=00000024 D1=0000FF3F D2=00000000 D3=00000000 D4=000000AA D5=00000000 D6=00000000 D7=00000000 xnzvc
02:A95E  48 7A  PEA     $00D4(PC)                A0=0003343A A1=0003343E A2=00FFE3FC A3=00FFE3F8 A4=00FF8000 A5=00000000 A6=00000000 A7=00FF7F98 D0=00000024 D1=0000FF3F D2=00000000 D3=00000000 D4=000000AA D5=00000000 D6=00000000 D7=00000000 xnzvc
02:A962  4E 71  NOP                              A0=0003343A A1=0003343E A2=00FFE3FC A3=00FFE3F8 A4=00FF8000 A5=00000000 A6=00000000 A7=00FF7F94 D0=00000024 D1=0000FF3F D2=00000000 D3=00000000 D4=000000AA D5=00000000 D6=00000000 D7=00000000 xnzvc
02:A964  60 E4  BRA     #$E4 [02:A94A]           A0=0003343A A1=0003343E A2=00FFE3FC A3=00FFE3F8 A4=00FF8000 A5=00000000 A6=00000000 A7=00FF7F94 D0=00000024 D1=0000FF3F D2=00000000 D3=00000000 D4=000000AA D5=00000000 D6=00000000 D7=00000000 xnzvc
02:A966  48 78  PEA     ($001E)                  A0=0003343A A1=0003343E A2=00FFE3FC A3=00FFE3F8 A4=00FF8000 A5=00000000 A6=00000000 A7=00FF7FA0 D0=00000034 D1=0000FF3F D2=00000000 D3=00000001 D4=000000FF D5=00000000 D6=00000000 D7=00000000 xnzvc
02:A96A  48 78  PEA     ($00A0)                  A0=0003343A A1=0003343E A2=00FFE3FC A3=00FFE3F8 A4=00FF8000 A5=00000000 A6=00000000 A7=00FF7F9C D0=00000034 D1=0000FF3F D2=00000000 D3=00000001 D4=000000FF D5=00000000 D6=00000000 D7=00000000 xnzvc
02:A96E  48 7A  PEA     $00DE(PC)                A0=0003343A A1=0003343E A2=00FFE3FC A3=00FFE3F8 A4=00FF8000 A5=00000000 A6=00000000 A7=00FF7F98 D0=00000034 D1=0000FF3F D2=00000000 D3=00000001 D4=000000FF D5=00000000 D6=00000000 D7=00000000 xnzvc
02:A972  4E 71  NOP                              A0=0003343A A1=0003343E A2=00FFE3FC A3=00FFE3F8 A4=00FF8000 A5=00000000 A6=00000000 A7=00FF7F94 D0=00000034 D1=0000FF3F D2=00000000 D3=00000001 D4=000000FF D5=00000000 D6=00000000 D7=00000000 xnzvc
02:A974  4E B9  JSR     ($00027E16)              A0=0003343A A1=0003343E A2=00FFE3FC A3=00FFE3F8 A4=00FF8000 A5=00000000 A6=00000000 A7=00FF7F94 D0=00000034 D1=0000FF3F D2=00000000 D3=00000001 D4=000000FF D5=00000000 D6=00000000 D7=00000000 xnzvc
02:A97A  48 78  PEA     ($0028)                  A0=00FFB65A A1=00FFB65A A2=00FFE3FC A3=00FFE3F8 A4=00FF8000 A5=00000000 A6=00000000 A7=00FF7F94 D0=00000008 D1=00000008 D2=00000000 D3=00000001 D4=000000FF D5=00000000 D6=00000000 D7=00000000 xnzvc
02:A97E  48 78  PEA     ($00A0)                  A0=00FFB65A A1=00FFB65A A2=00FFE3FC A3=00FFE3F8 A4=00FF8000 A5=00000000 A6=00000000 A7=00FF7F90 D0=00000008 D1=00000008 D2=00000000 D3=00000001 D4=000000FF D5=00000000 D6=00000000 D7=00000000 xnzvc
02:A982  48 7A  PEA     $00DE(PC)                A0=00FFB65A A1=00FFB65A A2=00FFE3FC A3=00FFE3F8 A4=00FF8000 A5=00000000 A6=00000000 A7=00FF7F8C D0=00000008 D1=00000008 D2=00000000 D3=00000001 D4=000000FF D5=00000000 D6=00000000 D7=00000000 xnzvc
02:A986  4E 71  NOP                              A0=00FFB65A A1=00FFB65A A2=00FFE3FC A3=00FFE3F8 A4=00FF8000 A5=00000000 A6=00000000 A7=00FF7F88 D0=00000008 D1=00000008 D2=00000000 D3=00000001 D4=000000FF D5=00000000 D6=00000000 D7=00000000 xnzvc
02:A988  4E B9  JSR     ($00027EF0)              A0=00FFB65A A1=00FFB65A A2=00FFE3FC A3=00FFE3F8 A4=00FF8000 A5=00000000 A6=00000000 A7=00FF7F88 D0=00000008 D1=00000008 D2=00000000 D3=00000001 D4=000000FF D5=00000000 D6=00000000 D7=00000000 xnzvc
02:A98E  4F EF  LEA     $0018(SP),A7             A0=00FFB65A A1=00FFB65A A2=00FFE3FC A3=00FFE3F8 A4=00FF8000 A5=00000000 A6=00000000 A7=00FF7F88 D0=00000008 D1=00000008 D2=00000000 D3=00000001 D4=000000FF D5=00000000 D6=00000000 D7=00000000 xnzvc
02:A992  34 BC  MOVE.W  #$0077,(A2)              A0=00FFB65A A1=00FFB65A A2=00FFE3FC A3=00FFE3F8 A4=00FF8000 A5=00000000 A6=00000000 A7=00FF7FA0 D0=00000008 D1=00000008 D2=00000000 D3=00000001 D4=000000FF D5=00000000 D6=00000000 D7=00000000 xnzvc
02:A996  60 14  BRA     #$14 [02:A9AC]           A0=00FFB65A A1=00FFB65A A2=00FFE3FC A3=00FFE3F8 A4=00FF8000 A5=00000000 A6=00000000 A7=00FF7FA0 D0=00000008 D1=00000008 D2=00000000 D3=00000001 D4=000000FF D5=00000000 D6=00000000 D7=00000000 xnzvc
02:A998  48 78  PEA     ($001E)                  A0=0003343A A1=0003343E A2=00FFE3FC A3=00FFE3F8 A4=00FF8000 A5=00000000 A6=00000000 A7=00FF7FA0 D0=00000066 D1=0000FF3F D2=00000000 D3=00000000 D4=00000176 D5=00000000 D6=00000000 D7=00000000 xnzvc
02:A99C  48 78  PEA     ($00A0)                  A0=0003343A A1=0003343E A2=00FFE3FC A3=00FFE3F8 A4=00FF8000 A5=00000000 A6=00000000 A7=00FF7F9C D0=00000066 D1=0000FF3F D2=00000000 D3=00000000 D4=00000176 D5=00000000 D6=00000000 D7=00000000 xnzvc
02:A9A0  48 7A  PEA     $00D2(PC)                A0=0003343A A1=0003343E A2=00FFE3FC A3=00FFE3F8 A4=00FF8000 A5=00000000 A6=00000000 A7=00FF7F98 D0=00000066 D1=0000FF3F D2=00000000 D3=00000000 D4=00000176 D5=00000000 D6=00000000 D7=00000000 xnzvc
02:A9A4  4E 71  NOP                              A0=0003343A A1=0003343E A2=00FFE3FC A3=00FFE3F8 A4=00FF8000 A5=00000000 A6=00000000 A7=00FF7F94 D0=00000066 D1=0000FF3F D2=00000000 D3=00000000 D4=00000176 D5=00000000 D6=00000000 D7=00000000 xnzvc
02:A9A6  60 A2  BRA     #$A2 [02:A94A]           A0=0003343A A1=0003343E A2=00FFE3FC A3=00FFE3F8 A4=00FF8000 A5=00000000 A6=00000000 A7=00FF7F94 D0=00000066 D1=0000FF3F D2=00000000 D3=00000000 D4=00000176 D5=00000000 D6=00000000 D7=00000000 xnzvc
02:A9A8  36 BC  MOVE.W  #$FFFF,(A3)              A0=0003343A A1=0003343E A2=00FFE3FC A3=00FFE3F8 A4=00FF8000 A5=00000000 A6=00000000 A7=00FF7FA0 D0=00000076 D1=0000FF3F D2=00000000 D3=00000001 D4=000001CB D5=00000000 D6=00000000 D7=00000000 xnzvc
02:A9AC  0C 53  CMPI.W  #$FFFF,(A3)              A0=0003343A A1=0003343E A2=00FFE3FC A3=00FFE3F8 A4=00FF8000 A5=00000000 A6=00000000 A7=00FF7FA0 D0=00000070 D1=0000FF3F D2=00000000 D3=00000001 D4=0000003F D5=00000000 D6=00000000 D7=00000000 xnzvc
02:A9B0  67 18  BEQ     #$18 [02:A9CA]           A0=0003343A A1=0003343E A2=00FFE3FC A3=00FFE3F8 A4=00FF8000 A5=00000000 A6=00000000 A7=00FF7FA0 D0=00000070 D1=0000FF3F D2=00000000 D3=00000001 D4=0000003F D5=00000000 D6=00000000 D7=00000000 xnzvC
02:A9B2  4E B9  JSR     ($0002706C)              A0=0003343A A1=0003343E A2=00FFE3FC A3=00FFE3F8 A4=00FF8000 A5=00000000 A6=00000000 A7=00FF7FA0 D0=00000070 D1=0000FF3F D2=00000000 D3=00000001 D4=0000003F D5=00000000 D6=00000000 D7=00000000 xnzvC
02:A9B8  24 00  MOVE.L  D0,D2                    A0=0003343A A1=0003343E A2=00FFE3FC A3=00FFE3F8 A4=00FF8000 A5=00000000 A6=00000000 A7=00FF7FA0 D0=00000000 D1=0000FF3F D2=00000000 D3=00000001 D4=0000003F D5=00000000 D6=00000000 D7=00000000 xnZvc
02:A9BA  4E B9  JSR     ($00027006)              A0=0003343A A1=0003343E A2=00FFE3FC A3=00FFE3F8 A4=00FF8000 A5=00000000 A6=00000000 A7=00FF7FA0 D0=00000000 D1=0000FF3F D2=00000000 D3=00000001 D4=0000003F D5=00000000 D6=00000000 D7=00000000 xnZvc
02:A9C0  84 80  OR.L    D0,D2                    A0=0003343A A1=0003343E A2=00FFE3FC A3=00FFE3F8 A4=00FF8000 A5=00000000 A6=00000000 A7=00FF7FA0 D0=00000000 D1=0000FF3F D2=00000000 D3=00000001 D4=0000003F D5=00000000 D6=00000000 D7=00000000 xnZvc
02:A9C2  08 02  BTST    #7,D2                    A0=0003343A A1=0003343E A2=00FFE3FC A3=00FFE3F8 A4=00FF8000 A5=00000000 A6=00000000 A7=00FF7FA0 D0=00000000 D1=0000FF3F D2=00000000 D3=00000001 D4=0000003F D5=00000000 D6=00000000 D7=00000000 xnZvc
02:A9C6  67 00  BEQ     #$FEA6 [02:A86E]         A0=0003343A A1=0003343E A2=00FFE3FC A3=00FFE3F8 A4=00FF8000 A5=00000000 A6=00000000 A7=00FF7FA0 D0=00000000 D1=0000FF3F D2=00000000 D3=00000001 D4=0000003F D5=00000000 D6=00000000 D7=00000000 xnZvc
02:A9CA  02 14  ANDI.B  #$3C,(A4)                A0=0003343A A1=0003343E A2=00FFE3FC A3=00FFE3F8 A4=00FF8000 A5=00000000 A6=00000000 A7=00FF7FA0 D0=00000076 D1=0000FF3F D2=00000000 D3=00000001 D4=000001CB D5=00000000 D6=00000000 D7=00000000 xnZvc
02:A9CE  70 00  MOVEQ   #$00,D0                  A0=0003343A A1=0003343E A2=00FFE3FC A3=00FFE3F8 A4=00FF8000 A5=00000000 A6=00000000 A7=00FF7FA0 D0=00000076 D1=0000FF3F D2=00000000 D3=00000001 D4=000001CB D5=00000000 D6=00000000 D7=00000000 xnzvc
02:A9D0  10 14  MOVE.B  (A4),D0                  A0=0003343A A1=0003343E A2=00FFE3FC A3=00FFE3F8 A4=00FF8000 A5=00000000 A6=00000000 A7=00FF7FA0 D0=00000000 D1=0000FF3F D2=00000000 D3=00000001 D4=000001CB D5=00000000 D6=00000000 D7=00000000 xnZvc
02:A9D2  00 80  ORI.L   #$00008104,D0            A0=0003343A A1=0003343E A2=00FFE3FC A3=00FFE3F8 A4=00FF8000 A5=00000000 A6=00000000 A7=00FF7FA0 D0=00000020 D1=0000FF3F D2=00000000 D3=00000001 D4=000001CB D5=00000000 D6=00000000 D7=00000000 xnzvc
02:A9D8  33 C0  MOVE.W  D0,($00C00004)           A0=0003343A A1=0003343E A2=00FFE3FC A3=00FFE3F8 A4=00FF8000 A5=00000000 A6=00000000 A7=00FF7FA0 D0=00008124 D1=0000FF3F D2=00000000 D3=00000001 D4=000001CB D5=00000000 D6=00000000 D7=00000000 xnzvc
02:A9DE  4E B9  JSR     ($00027DD4)              A0=0003343A A1=0003343E A2=00FFE3FC A3=00FFE3F8 A4=00FF8000 A5=00000000 A6=00000000 A7=00FF7FA0 D0=00008124 D1=0000FF3F D2=00000000 D3=00000001 D4=000001CB D5=00000000 D6=00000000 D7=00000000 xNzvc
02:A9E4  4E B9  JSR     ($000293A6)              A0=00FFD9C6 A1=0003343E A2=00FFE3FC A3=00FFE3F8 A4=00FF8000 A5=00000000 A6=00000000 A7=00FF7FA0 D0=0000000A D1=00000020 D2=00000000 D3=00000001 D4=000001CB D5=00000000 D6=00000000 D7=00000000 xnZvc
02:A9EA  4E B9  JSR     ($00028BDE)              A0=00FFE3E6 A1=0003343E A2=00FFE3FC A3=00FFE3F8 A4=00FF8000 A5=00000000 A6=00000000 A7=00FF7FA0 D0=00000007 D1=00000007 D2=00000000 D3=00000001 D4=000001CB D5=00000000 D6=00000000 D7=00000000 xnZvc
02:A9F0  42 A7  CLR.L   -(SP)                    A0=00FFD9C6 A1=0003343E A2=00FFE3FC A3=00FFE3F8 A4=00FF8000 A5=00000000 A6=00000000 A7=00FF7FA0 D0=00000008 D1=00000011 D2=00000000 D3=00000001 D4=000001CB D5=00000000 D6=00000000 D7=00000000 xnZvc
02:A9F2  42 A7  CLR.L   -(SP)                    A0=00FFD9C6 A1=0003343E A2=00FFE3FC A3=00FFE3F8 A4=00FF8000 A5=00000000 A6=00000000 A7=00FF7F9C D0=00000008 D1=00000011 D2=00000000 D3=00000001 D4=000001CB D5=00000000 D6=00000000 D7=00000000 xnZvc
02:A9F4  4E B9  JSR     ($000278A6)              A0=00FFD9C6 A1=0003343E A2=00FFE3FC A3=00FFE3F8 A4=00FF8000 A5=00000000 A6=00000000 A7=00FF7F98 D0=00000008 D1=00000011 D2=00000000 D3=00000001 D4=000001CB D5=00000000 D6=00000000 D7=00000000 xnZvc
02:A9FA  50 8F  ADDQ.L  #8,SP                    A0=00FF9364 A1=00FF8036 A2=00FFE3FC A3=00FFE3F8 A4=00FF8000 A5=00000000 A6=00000000 A7=00FF7F98 D0=00000001 D1=000003EB D2=00000000 D3=00000001 D4=000001CB D5=00000000 D6=00000000 D7=00000000 xnzvc
02:A9FC  0C 53  CMPI.W  #$FFFF,(A3)              A0=00FF9364 A1=00FF8036 A2=00FFE3FC A3=00FFE3F8 A4=00FF8000 A5=00000000 A6=00000000 A7=00FF7FA0 D0=00000001 D1=000003EB D2=00000000 D3=00000001 D4=000001CB D5=00000000 D6=00000000 D7=00000000 xnzvc
02:AA00  56 C0  STNE    D0 [02:A9C2]             A0=00FF9364 A1=00FF8036 A2=00FFE3FC A3=00FFE3F8 A4=00FF8000 A5=00000000 A6=00000000 A7=00FF7FA0 D0=00000001 D1=000003EB D2=00000000 D3=00000001 D4=000001CB D5=00000000 D6=00000000 D7=00000000 xnZvc
02:AA02  44 00  NEG.B   D0                       A0=00FF9364 A1=00FF8036 A2=00FFE3FC A3=00FFE3F8 A4=00FF8000 A5=00000000 A6=00000000 A7=00FF7FA0 D0=00000000 D1=000003EB D2=00000000 D3=00000001 D4=000001CB D5=00000000 D6=00000000 D7=00000000 xnZvc
02:AA04  48 80  EXT.W   D0                       A0=00FF9364 A1=00FF8036 A2=00FFE3FC A3=00FFE3F8 A4=00FF8000 A5=00000000 A6=00000000 A7=00FF7FA0 D0=00000000 D1=000003EB D2=00000000 D3=00000001 D4=000001CB D5=00000000 D6=00000000 D7=00000000 xnZvc
02:AA06  48 C0  EXT.L   D0                       A0=00FF9364 A1=00FF8036 A2=00FFE3FC A3=00FFE3F8 A4=00FF8000 A5=00000000 A6=00000000 A7=00FF7FA0 D0=00000000 D1=000003EB D2=00000000 D3=00000001 D4=000001CB D5=00000000 D6=00000000 D7=00000000 xnZvc
02:AA08  30 00  MOVE.W  D0,D0                    A0=00FF9364 A1=00FF8036 A2=00FFE3FC A3=00FFE3F8 A4=00FF8000 A5=00000000 A6=00000000 A7=00FF7FA0 D0=00000000 D1=000003EB D2=00000000 D3=00000001 D4=000001CB D5=00000000 D6=00000000 D7=00000000 xnZvc
02:AA0A  30 00  MOVE.W  D0,D0                    A0=00FF9364 A1=00FF8036 A2=00FFE3FC A3=00FFE3F8 A4=00FF8000 A5=00000000 A6=00000000 A7=00FF7FA0 D0=00000000 D1=000003EB D2=00000000 D3=00000001 D4=000001CB D5=00000000 D6=00000000 D7=00000000 xnZvc
02:AA0C  48 C0  EXT.L   D0                       A0=00FF9364 A1=00FF8036 A2=00FFE3FC A3=00FFE3F8 A4=00FF8000 A5=00000000 A6=00000000 A7=00FF7FA0 D0=00000000 D1=000003EB D2=00000000 D3=00000001 D4=000001CB D5=00000000 D6=00000000 D7=00000000 xnZvc
02:AA0E  4C DF  MOVEM.L (SP)+,{a7-d0}[1c 1c]     A0=00FF9364 A1=00FF8036 A2=00FFE3FC A3=00FFE3F8 A4=00FF8000 A5=00000000 A6=00000000 A7=00FF7FA0 D0=00000000 D1=000003EB D2=00000000 D3=00000001 D4=000001CB D5=00000000 D6=00000000 D7=00000000 xnZvc
02:AA12  4E 75  RTS                              A0=00FF9364 A1=00FF8036 A2=00FF8038 A3=00FF8036 A4=00FF8000 A5=00000000 A6=00000000 A7=00FF7FB8 D0=00000000 D1=000003EB D2=00000001 D3=00000000 D4=00000000 D5=00000000 D6=00000000 D7=00000000 xnZvc

02:AA90  48 E7  MOVEM.L {d0-a7}[3c 38],-(SP)     A0=00FF9364 A1=00FF8036 A2=00FF8038 A3=00FF8036 A4=00FF8000 A5=00000000 A6=00000000 A7=00FF7FB8 D0=00000000 D1=000003EB D2=00000001 D3=00000000 D4=00000000 D5=00000000 D6=00000000 D7=00000000 xnZvc
02:AA94  24 7C  MOVE.L  #$000284EA,A2            A0=00FF9364 A1=00FF8036 A2=00FF8038 A3=00FF8036 A4=00FF8000 A5=00000000 A6=00000000 A7=00FF7F9C D0=00000000 D1=000003EB D2=00000001 D3=00000000 D4=00000000 D5=00000000 D6=00000000 D7=00000000 xnZvc
02:AA9A  26 7C  MOVE.L  #$0003072A,A3            A0=00FF9364 A1=00FF8036 A2=000284EA A3=00FF8036 A4=00FF8000 A5=00000000 A6=00000000 A7=00FF7F9C D0=00000000 D1=000003EB D2=00000001 D3=00000000 D4=00000000 D5=00000000 D6=00000000 D7=00000000 xnZvc
02:AAA0  28 7C  MOVE.L  #$00FFE3FC,A4            A0=00FF9364 A1=00FF8036 A2=000284EA A3=0003072A A4=00FF8000 A5=00000000 A6=00000000 A7=00FF7F9C D0=00000000 D1=000003EB D2=00000001 D3=00000000 D4=00000000 D5=00000000 D6=00000000 D7=00000000 xnZvc
02:AAA6  13 FC  MOVE.B  #$08,($00FFE3A6)         A0=00FF9364 A1=00FF8036 A2=000284EA A3=0003072A A4=00FFE3FC A5=00000000 A6=00000000 A7=00FF7F9C D0=00000000 D1=000003EB D2=00000001 D3=00000000 D4=00000000 D5=00000000 D6=00000000 D7=00000000 xnZvc
02:AAAE  4E B9  JSR     ($00027336)              A0=00FF9364 A1=00FF8036 A2=000284EA A3=0003072A A4=00FFE3FC A5=00000000 A6=00000000 A7=00FF7F9C D0=00000000 D1=000003EB D2=00000001 D3=00000000 D4=00000000 D5=00000000 D6=00000000 D7=00000000 xnzvc
02:AAB4  4E B9  JSR     ($0002835A)              A0=00FFD8DC A1=0008F53B A2=000284EA A3=0003072A A4=00FFE3FC A5=00000000 A6=00000000 A7=00FF7F9C D0=00000002 D1=00000002 D2=00000001 D3=00000000 D4=00000000 D5=00000000 D6=00000000 D7=00000000 xNzvc
02:AABA  4E B9  JSR     ($000294A2)              A0=00FFE3C6 A1=00FFA65A A2=000284EA A3=0003072A A4=00FFE3FC A5=00000000 A6=00000000 A7=00FF7F9C D0=00000002 D1=00000001 D2=00000001 D3=00000000 D4=00000000 D5=00000000 D6=00000000 D7=00000000 xnZvc
02:AAC0  48 78  PEA     ($0014)                  A0=00FFE3EE A1=00FFA65A A2=000284EA A3=0003072A A4=00FFE3FC A5=00000000 A6=00000000 A7=00FF7F9C D0=00000003 D1=0000000C D2=00000001 D3=00000000 D4=00000000 D5=00000000 D6=00000000 D7=00000000 xnzvc
02:AAC4  48 78  PEA     ($001E)                  A0=00FFE3EE A1=00FFA65A A2=000284EA A3=0003072A A4=00FFE3FC A5=00000000 A6=00000000 A7=00FF7F98 D0=00000003 D1=0000000C D2=00000001 D3=00000000 D4=00000000 D5=00000000 D6=00000000 D7=00000000 xnzvc
02:AAC8  48 78  PEA     ($0007)                  A0=00FFE3EE A1=00FFA65A A2=000284EA A3=0003072A A4=00FFE3FC A5=00000000 A6=00000000 A7=00FF7F94 D0=00000003 D1=0000000C D2=00000001 D3=00000000 D4=00000000 D5=00000000 D6=00000000 D7=00000000 xnzvc
02:AACC  48 78  PEA     ($000B)                  A0=00FFE3EE A1=00FFA65A A2=000284EA A3=0003072A A4=00FFE3FC A5=00000000 A6=00000000 A7=00FF7F90 D0=00000003 D1=0000000C D2=00000001 D3=00000000 D4=00000000 D5=00000000 D6=00000000 D7=00000000 xnzvc
02:AAD0  4E B9  JSR     ($0002767C)              A0=00FFE3EE A1=00FFA65A A2=000284EA A3=0003072A A4=00FFE3FC A5=00000000 A6=00000000 A7=00FF7F8C D0=00000003 D1=0000000C D2=00000001 D3=00000000 D4=00000000 D5=00000000 D6=00000000 D7=00000000 xnzvc
02:AAD6  48 78  PEA     ($0013)                  A0=020925DC A1=55596862 A2=000284EA A3=0003072A A4=00FFE3FC A5=00000000 A6=00000000 A7=00FF7F8C D0=00000015 D1=2F0B4286 D2=00000001 D3=00000000 D4=00000000 D5=00000000 D6=00000000 D7=00000000 xnzvc
02:AADA  48 78  PEA     ($001D)                  A0=020925DC A1=55596862 A2=000284EA A3=0003072A A4=00FFE3FC A5=00000000 A6=00000000 A7=00FF7F88 D0=00000015 D1=2F0B4286 D2=00000001 D3=00000000 D4=00000000 D5=00000000 D6=00000000 D7=00000000 xnzvc
02:AADE  48 78  PEA     ($0008)                  A0=020925DC A1=55596862 A2=000284EA A3=0003072A A4=00FFE3FC A5=00000000 A6=00000000 A7=00FF7F84 D0=00000015 D1=2F0B4286 D2=00000001 D3=00000000 D4=00000000 D5=00000000 D6=00000000 D7=00000000 xnzvc
02:AAE2  48 78  PEA     ($000C)                  A0=020925DC A1=55596862 A2=000284EA A3=0003072A A4=00FFE3FC A5=00000000 A6=00000000 A7=00FF7F80 D0=00000015 D1=2F0B4286 D2=00000001 D3=00000000 D4=00000000 D5=00000000 D6=00000000 D7=00000000 xnzvc
02:AAE6  4E B9  JSR     ($0002767C)              A0=020925DC A1=55596862 A2=000284EA A3=0003072A A4=00FFE3FC A5=00000000 A6=00000000 A7=00FF7F7C D0=00000015 D1=2F0B4286 D2=00000001 D3=00000000 D4=00000000 D5=00000000 D6=00000000 D7=00000000 xnzvc
02:AAEC  48 78  PEA     ($0097)                  A0=00E8FCA0 A1=13B1201F A2=000284EA A3=0003072A A4=00FFE3FC A5=00000000 A6=00000000 A7=00FF7F7C D0=00000014 D1=1508237F D2=00000001 D3=00000000 D4=00000000 D5=00000000 D6=00000000 D7=00000000 xnzvc
02:AAF0  48 78  PEA     ($0068)                  A0=00E8FCA0 A1=13B1201F A2=000284EA A3=0003072A A4=00FFE3FC A5=00000000 A6=00000000 A7=00FF7F78 D0=00000014 D1=1508237F D2=00000001 D3=00000000 D4=00000000 D5=00000000 D6=00000000 D7=00000000 xnzvc
02:AAF4  42 A7  CLR.L   -(SP)                    A0=00E8FCA0 A1=13B1201F A2=000284EA A3=0003072A A4=00FFE3FC A5=00000000 A6=00000000 A7=00FF7F74 D0=00000014 D1=1508237F D2=00000001 D3=00000000 D4=00000000 D5=00000000 D6=00000000 D7=00000000 xnzvc
02:AAF6  4E B9  JSR     ($0002843A)              A0=00E8FCA0 A1=13B1201F A2=000284EA A3=0003072A A4=00FFE3FC A5=00000000 A6=00000000 A7=00FF7F70 D0=00000014 D1=1508237F D2=00000001 D3=00000000 D4=00000000 D5=00000000 D6=00000000 D7=00000000 xnZvc
02:AAFC  48 78  PEA     ($0097)                  A0=00FFA595 A1=00FFD940 A2=000284EA A3=0003072A A4=00FFE3FC A5=00000000 A6=00000000 A7=00FF7F70 D0=00000002 D1=00000019 D2=00000001 D3=00000000 D4=00000000 D5=00000000 D6=00000000 D7=00000000 xnZvc
02:AB00  48 78  PEA     ($0068)                  A0=00FFA595 A1=00FFD940 A2=000284EA A3=0003072A A4=00FFE3FC A5=00000000 A6=00000000 A7=00FF7F6C D0=00000002 D1=00000019 D2=00000001 D3=00000000 D4=00000000 D5=00000000 D6=00000000 D7=00000000 xnZvc
02:AB04  48 78  PEA     ($0001)                  A0=00FFA595 A1=00FFD940 A2=000284EA A3=0003072A A4=00FFE3FC A5=00000000 A6=00000000 A7=00FF7F68 D0=00000002 D1=00000019 D2=00000001 D3=00000000 D4=00000000 D5=00000000 D6=00000000 D7=00000000 xnZvc
02:AB08  4E B9  JSR     ($0002843A)              A0=00FFA595 A1=00FFD940 A2=000284EA A3=0003072A A4=00FFE3FC A5=00000000 A6=00000000 A7=00FF7F64 D0=00000002 D1=00000019 D2=00000001 D3=00000000 D4=00000000 D5=00000000 D6=00000000 D7=00000000 xnZvc
02:AB0E  48 78  PEA     ($0002)                  A0=00FFA60D A1=00FFD940 A2=000284EA A3=0003072A A4=00FFE3FC A5=00000000 A6=00000000 A7=00FF7F64 D0=00000002 D1=00000019 D2=00000001 D3=00000000 D4=00000000 D5=00000000 D6=00000000 D7=00000000 xnZvc
02:AB12  48 79  PEA     ($00098348)              A0=00FFA60D A1=00FFD940 A2=000284EA A3=0003072A A4=00FFE3FC A5=00000000 A6=00000000 A7=00FF7F60 D0=00000002 D1=00000019 D2=00000001 D3=00000000 D4=00000000 D5=00000000 D6=00000000 D7=00000000 xnZvc
02:AB18  4E B9  JSR     ($00026FDA)              A0=00FFA60D A1=00FFD940 A2=000284EA A3=0003072A A4=00FFE3FC A5=00000000 A6=00000000 A7=00FF7F5C D0=00000002 D1=00000019 D2=00000001 D3=00000000 D4=00000000 D5=00000000 D6=00000000 D7=00000000 xnZvc
02:AB1E  48 78  PEA     ($0003)                  A0=00098368 A1=00FFD940 A2=000284EA A3=0003072A A4=00FFE3FC A5=00000000 A6=00000000 A7=00FF7F5C D0=C040FFFF D1=00000019 D2=00000001 D3=00000000 D4=00000000 D5=00000000 D6=00000000 D7=00000000 xnZvc
02:AB22  48 79  PEA     ($000983A8)              A0=00098368 A1=00FFD940 A2=000284EA A3=0003072A A4=00FFE3FC A5=00000000 A6=00000000 A7=00FF7F58 D0=C040FFFF D1=00000019 D2=00000001 D3=00000000 D4=00000000 D5=00000000 D6=00000000 D7=00000000 xnZvc
02:AB28  4E B9  JSR     ($00026FDA)              A0=00098368 A1=00FFD940 A2=000284EA A3=0003072A A4=00FFE3FC A5=00000000 A6=00000000 A7=00FF7F54 D0=C040FFFF D1=00000019 D2=00000001 D3=00000000 D4=00000000 D5=00000000 D6=00000000 D7=00000000 xnZvc
02:AB2E  4F EF  LEA     $0048(SP),A7             A0=000983C8 A1=00FFD940 A2=000284EA A3=0003072A A4=00FFE3FC A5=00000000 A6=00000000 A7=00FF7F54 D0=C060FFFF D1=00000019 D2=00000001 D3=00000000 D4=00000000 D5=00000000 D6=00000000 D7=00000000 xnzvc
02:AB32  42 79  CLR.W   ($00FFE3F8)              A0=000983C8 A1=00FFD940 A2=000284EA A3=0003072A A4=00FFE3FC A5=00000000 A6=00000000 A7=00FF7F9C D0=C060FFFF D1=00000019 D2=00000001 D3=00000000 D4=00000000 D5=00000000 D6=00000000 D7=00000000 xnzvc
02:AB38  38 BC  MOVE.W  #$002A,(A4)              A0=000983C8 A1=00FFD940 A2=000284EA A3=0003072A A4=00FFE3FC A5=00000000 A6=00000000 A7=00FF7F9C D0=C060FFFF D1=00000019 D2=00000001 D3=00000000 D4=00000000 D5=00000000 D6=00000000 D7=00000000 xnZvc
02:AB3C  76 01  MOVEQ   #$01,D3                  A0=000983C8 A1=00FFD940 A2=000284EA A3=0003072A A4=00FFE3FC A5=00000000 A6=00000000 A7=00FF7F9C D0=C060FFFF D1=00000019 D2=00000001 D3=00000000 D4=00000000 D5=00000000 D6=00000000 D7=00000000 xnzvc
02:AB3E  42 42  CLR.W   D2                       A0=000983C8 A1=00FFD940 A2=000284EA A3=0003072A A4=00FFE3FC A5=00000000 A6=00000000 A7=00FF7F9C D0=C060FFFF D1=00000019 D2=00000001 D3=00000001 D4=00000000 D5=00000000 D6=00000000 D7=00000000 xnzvc
02:AB40  42 44  CLR.W   D4                       A0=000983C8 A1=00FFD940 A2=000284EA A3=0003072A A4=00FFE3FC A5=00000000 A6=00000000 A7=00FF7F9C D0=C060FFFF D1=00000019 D2=00000000 D3=00000001 D4=00000000 D5=00000000 D6=00000000 D7=00000000 xnZvc
02:AB42  23 FC  MOVE.L  #$7C020003,($00C00004)   A0=000983C8 A1=00FFD940 A2=000284EA A3=0003072A A4=00FFE3FC A5=00000000 A6=00000000 A7=00FF7F9C D0=C060FFFF D1=00000019 D2=00000000 D3=00000001 D4=00000000 D5=00000000 D6=00000000 D7=00000000 xnZvc
02:AB4C  33 C4  MOVE.W  D4,($00C00000)           A0=000983C8 A1=00FFD940 A2=000284EA A3=0003072A A4=00FFE3FC A5=00000000 A6=00000000 A7=00FF7F9C D0=C060FFFF D1=00000019 D2=00000000 D3=00000001 D4=00000000 D5=00000000 D6=00000000 D7=00000000 xnzvc
02:AB52  48 78  PEA     ($0001)                  A0=000983C8 A1=00FFD940 A2=000284EA A3=0003072A A4=00FFE3FC A5=00000000 A6=00000000 A7=00FF7F9C D0=C060FFFF D1=00000019 D2=00000000 D3=00000001 D4=00000000 D5=00000000 D6=00000000 D7=00000000 xnZvc
02:AB56  4E B9  JSR     ($00000578)              A0=000983C8 A1=00FFD940 A2=000284EA A3=0003072A A4=00FFE3FC A5=00000000 A6=00000000 A7=00FF7F98 D0=C060FFFF D1=00000019 D2=00000000 D3=00000001 D4=00000000 D5=00000000 D6=00000000 D7=00000000 xnZvc
02:AB5C  00 39  ORI.B   #$40,($00FF8000)         A0=000983C8 A1=00FFD940 A2=000284EA A3=0003072A A4=00FFE3FC A5=00000000 A6=00000000 A7=00FF7F98 D0=C0600001 D1=00000019 D2=00000000 D3=00000001 D4=00000000 D5=00000000 D6=00000000 D7=00000000 xnZvc
02:AB64  70 00  MOVEQ   #$00,D0                  A0=000983C8 A1=00FFD940 A2=000284EA A3=0003072A A4=00FFE3FC A5=00000000 A6=00000000 A7=00FF7F98 D0=C0600001 D1=00000019 D2=00000000 D3=00000001 D4=00000000 D5=00000000 D6=00000000 D7=00000000 xnzvc
02:AB66  10 39  MOVE.B  ($00FF8000),D0           A0=000983C8 A1=00FFD940 A2=000284EA A3=0003072A A4=00FFE3FC A5=00000000 A6=00000000 A7=00FF7F98 D0=00000000 D1=00000019 D2=00000000 D3=00000001 D4=00000000 D5=00000000 D6=00000000 D7=00000000 xnZvc
02:AB6C  00 80  ORI.L   #$00008104,D0            A0=000983C8 A1=00FFD940 A2=000284EA A3=0003072A A4=00FFE3FC A5=00000000 A6=00000000 A7=00FF7F98 D0=00000060 D1=00000019 D2=00000000 D3=00000001 D4=00000000 D5=00000000 D6=00000000 D7=00000000 xnzvc
02:AB72  58 8F  ADDQ.L  #4,SP                    A0=000983C8 A1=00FFD940 A2=000284EA A3=0003072A A4=00FFE3FC A5=00000000 A6=00000000 A7=00FF7F98 D0=00008164 D1=00000019 D2=00000000 D3=00000001 D4=00000000 D5=00000000 D6=00000000 D7=00000000 xnzvc
02:AB74  33 C0  MOVE.W  D0,($00C00004)           A0=000983C8 A1=00FFD940 A2=000284EA A3=0003072A A4=00FFE3FC A5=00000000 A6=00000000 A7=00FF7F9C D0=00008164 D1=00000019 D2=00000000 D3=00000001 D4=00000000 D5=00000000 D6=00000000 D7=00000000 xnzvc
02:AB7A  60 00  BRA     #$0182 [02:ACFE]         A0=000983C8 A1=00FFD940 A2=000284EA A3=0003072A A4=00FFE3FC A5=00000000 A6=00000000 A7=00FF7F9C D0=00008164 D1=00000019 D2=00000000 D3=00000001 D4=00000000 D5=00000000 D6=00000000 D7=00000000 xNzvc
02:AB7E  42 A7  CLR.L   -(SP)                    A0=00FFA85A A1=0003344C A2=000284EA A3=0003072A A4=00FFE3FC A5=00000000 A6=00000000 A7=00FF7F9C D0=00000000 D1=0000FF3F D2=00000000 D3=00000001 D4=00000000 D5=00000000 D6=00000000 D7=00000000 xnZvc
02:AB80  42 A7  CLR.L   -(SP)                    A0=00FFA85A A1=0003344C A2=000284EA A3=0003072A A4=00FFE3FC A5=00000000 A6=00000000 A7=00FF7F98 D0=00000000 D1=0000FF3F D2=00000000 D3=00000001 D4=00000000 D5=00000000 D6=00000000 D7=00000000 xnZvc
02:AB82  4E B9  JSR     ($000278A6)              A0=00FFA85A A1=0003344C A2=000284EA A3=0003072A A4=00FFE3FC A5=00000000 A6=00000000 A7=00FF7F94 D0=00000000 D1=0000FF3F D2=00000000 D3=00000001 D4=00000000 D5=00000000 D6=00000000 D7=00000000 xnZvc
02:AB88  30 03  MOVE.W  D3,D0                    A0=00FF9364 A1=000333B6 A2=000284EA A3=0003072A A4=00FFE3FC A5=00000000 A6=00000000 A7=00FF7F94 D0=00000001 D1=00000002 D2=00000000 D3=00000001 D4=00000000 D5=00000000 D6=00000000 D7=00000000 xnzvc
02:AB8A  48 C0  EXT.L   D0                       A0=00FF9364 A1=000333B6 A2=000284EA A3=0003072A A4=00FFE3FC A5=00000000 A6=00000000 A7=00FF7F94 D0=00000001 D1=00000002 D2=00000000 D3=00000001 D4=00000000 D5=00000000 D6=00000000 D7=00000000 xnzvc
02:AB8C  2F 00  MOVE.L  D0,-(SP)                 A0=00FF9364 A1=000333B6 A2=000284EA A3=0003072A A4=00FFE3FC A5=00000000 A6=00000000 A7=00FF7F94 D0=00000001 D1=00000002 D2=00000000 D3=00000001 D4=00000000 D5=00000000 D6=00000000 D7=00000000 xnzvc
02:AB8E  4E B9  JSR     ($00029624)              A0=00FF9364 A1=000333B6 A2=000284EA A3=0003072A A4=00FFE3FC A5=00000000 A6=00000000 A7=00FF7F90 D0=00000001 D1=00000002 D2=00000000 D3=00000001 D4=00000000 D5=00000000 D6=00000000 D7=00000000 xnzvc
02:AB94  4A 42  TST.W   D2                       A0=00FFA85A A1=3B0B2B7D A2=000284EA A3=0003072A A4=00FFE3FC A5=00000000 A6=00000000 A7=00FF7F90 D0=0000FFFE D1=3D030600 D2=00000000 D3=00000001 D4=00000000 D5=00000000 D6=00000000 D7=00000000 xnZvc
02:AB96  4F EF  LEA     $000C(SP),A7             A0=00FFA85A A1=3B0B2B7D A2=000284EA A3=0003072A A4=00FFE3FC A5=00000000 A6=00000000 A7=00FF7F90 D0=0000FFFE D1=3D030600 D2=00000000 D3=00000001 D4=00000000 D5=00000000 D6=00000000 D7=00000000 xnZvc
02:AB9A  67 1A  BEQ     #$1A [02:ABB6]           A0=00FFA85A A1=3B0B2B7D A2=000284EA A3=0003072A A4=00FFE3FC A5=00000000 A6=00000000 A7=00FF7F9C D0=0000FFFE D1=3D030600 D2=00000000 D3=00000001 D4=00000000 D5=00000000 D6=00000000 D7=00000000 xnZvc
02:AB9C  23 FC  MOVE.L  #$7C020003,($00C00004)   A0=00FFA85A A1=0003344C A2=000284EA A3=0003072A A4=00FFE3FC A5=00000000 A6=00000000 A7=00FF7F9C D0=00000004 D1=00000600 D2=00000001 D3=00000003 D4=0000FFAC D5=00000000 D6=00000000 D7=00000000 xnzvc
02:ABA6  33 C4  MOVE.W  D4,($00C00000)           A0=00FFA85A A1=0003344C A2=000284EA A3=0003072A A4=00FFE3FC A5=00000000 A6=00000000 A7=00FF7F9C D0=00000004 D1=00000600 D2=00000001 D3=00000003 D4=0000FFAC D5=00000000 D6=00000000 D7=00000000 xnzvc
02:ABAC  30 02  MOVE.W  D2,D0                    A0=00FFA85A A1=0003344C A2=000284EA A3=0003072A A4=00FFE3FC A5=00000000 A6=00000000 A7=00FF7F9C D0=00000004 D1=00000600 D2=00000001 D3=00000003 D4=0000FFAC D5=00000000 D6=00000000 D7=00000000 xNzvc
02:ABAE  48 C0  EXT.L   D0                       A0=00FFA85A A1=0003344C A2=000284EA A3=0003072A A4=00FFE3FC A5=00000000 A6=00000000 A7=00FF7F9C D0=00000001 D1=00000600 D2=00000001 D3=00000003 D4=0000FFAC D5=00000000 D6=00000000 D7=00000000 xnzvc
02:ABB0  E5 80  ASL.L   #2,D0                    A0=00FFA85A A1=0003344C A2=000284EA A3=0003072A A4=00FFE3FC A5=00000000 A6=00000000 A7=00FF7F9C D0=00000001 D1=00000600 D2=00000001 D3=00000003 D4=0000FFAC D5=00000000 D6=00000000 D7=00000000 xnzvc
02:ABB2  30 00  MOVE.W  D0,D0                    A0=00FFA85A A1=0003344C A2=000284EA A3=0003072A A4=00FFE3FC A5=00000000 A6=00000000 A7=00FF7F9C D0=00000004 D1=00000600 D2=00000001 D3=00000003 D4=0000FFAC D5=00000000 D6=00000000 D7=00000000 xnzvc
02:ABB4  D8 40  ADD.W   D0,D4                    A0=00FFA85A A1=0003344C A2=000284EA A3=0003072A A4=00FFE3FC A5=00000000 A6=00000000 A7=00FF7F9C D0=00000004 D1=00000600 D2=00000001 D3=00000003 D4=0000FFAC D5=00000000 D6=00000000 D7=00000000 xnzvc
02:ABB6  53 54  SUBQ.W  #1,(A4)                  A0=00FFA85A A1=3B0B2B7D A2=000284EA A3=0003072A A4=00FFE3FC A5=00000000 A6=00000000 A7=00FF7F9C D0=0000FFFE D1=3D030600 D2=00000000 D3=00000001 D4=00000000 D5=00000000 D6=00000000 D7=00000000 xnZvc
02:ABB8  66 00  BNE     #$0144 [02:ACFE]         A0=00FFA85A A1=3B0B2B7D A2=000284EA A3=0003072A A4=00FFE3FC A5=00000000 A6=00000000 A7=00FF7F9C D0=0000FFFE D1=3D030600 D2=00000000 D3=00000001 D4=00000000 D5=00000000 D6=00000000 D7=00000000 xnzvc
02:ABBC  38 BC  MOVE.W  #$002A,(A4)              A0=00FFA85A A1=000333B6 A2=000284EA A3=0003072A A4=00FFE3FC A5=00000000 A6=00000000 A7=00FF7F9C D0=00000002 D1=00000600 D2=FFFF0000 D3=00000001 D4=0000FF58 D5=00000000 D6=00000000 D7=00000000 xnZvc
02:ABC0  52 79  ADDQ.W  #1,($00FFE3F8)           A0=00FFA85A A1=000333B6 A2=000284EA A3=0003072A A4=00FFE3FC A5=00000000 A6=00000000 A7=00FF7F9C D0=00000002 D1=00000600 D2=FFFF0000 D3=00000001 D4=0000FF58 D5=00000000 D6=00000000 D7=00000000 xnzvc
02:ABC6  30 39  MOVE.W  ($00FFE3F8),D0           A0=00FFA85A A1=000333B6 A2=000284EA A3=0003072A A4=00FFE3FC A5=00000000 A6=00000000 A7=00FF7F9C D0=00000002 D1=00000600 D2=FFFF0000 D3=00000001 D4=0000FF58 D5=00000000 D6=00000000 D7=00000000 xnzvc
02:ABCC  0C 40  CMPI.W  #$0001,D0                A0=00FFA85A A1=000333B6 A2=000284EA A3=0003072A A4=00FFE3FC A5=00000000 A6=00000000 A7=00FF7F9C D0=0000000B D1=00000600 D2=FFFF0000 D3=00000001 D4=0000FF58 D5=00000000 D6=00000000 D7=00000000 xnzvc
02:ABD0  6D 00  BLT     #$012C [02:ACFE]         A0=00FFA85A A1=000333B6 A2=000284EA A3=0003072A A4=00FFE3FC A5=00000000 A6=00000000 A7=00FF7F9C D0=0000000B D1=00000600 D2=FFFF0000 D3=00000001 D4=0000FF58 D5=00000000 D6=00000000 D7=00000000 xnzvc
02:ABD4  0C 40  CMPI.W  #$000B,D0                A0=00FFA85A A1=000333B6 A2=000284EA A3=0003072A A4=00FFE3FC A5=00000000 A6=00000000 A7=00FF7F9C D0=0000000B D1=00000600 D2=FFFF0000 D3=00000001 D4=0000FF58 D5=00000000 D6=00000000 D7=00000000 xnzvc
02:ABD8  6E 00  BGT     #$0124 [02:ACFE]         A0=00FFA85A A1=000333B6 A2=000284EA A3=0003072A A4=00FFE3FC A5=00000000 A6=00000000 A7=00FF7F9C D0=0000000B D1=00000600 D2=FFFF0000 D3=00000001 D4=0000FF58 D5=00000000 D6=00000000 D7=00000000 xnZvc
02:ABDC  D0 40  ADD.W   D0,D0                    A0=00FFA85A A1=000333B6 A2=000284EA A3=0003072A A4=00FFE3FC A5=00000000 A6=00000000 A7=00FF7F9C D0=0000000B D1=00000600 D2=FFFF0000 D3=00000001 D4=0000FF58 D5=00000000 D6=00000000 D7=00000000 xnZvc
02:ABDE  30 3B  MOVE.W  $04(PC,D0),D0            A0=00FFA85A A1=000333B6 A2=000284EA A3=0003072A A4=00FFE3FC A5=00000000 A6=00000000 A7=00FF7F9C D0=00000016 D1=00000600 D2=FFFF0000 D3=00000001 D4=0000FF58 D5=00000000 D6=00000000 D7=00000000 xnzvc
02:ABE2  4E FB  JMP     $02(PC,D0)               A0=00FFA85A A1=000333B6 A2=000284EA A3=0003072A A4=00FFE3FC A5=00000000 A6=00000000 A7=00FF7F9C D0=00000106 D1=00000600 D2=FFFF0000 D3=00000001 D4=0000FF58 D5=00000000 D6=00000000 D7=00000000 xnzvc
02:ABFC  48 78  PEA     ($0006)                  A0=00FFA85A A1=0003344C A2=000284EA A3=0003072A A4=00FFE3FC A5=00000000 A6=00000000 A7=00FF7F9C D0=00000016 D1=00000600 D2=00000000 D3=00000001 D4=00000000 D5=00000000 D6=00000000 D7=00000000 xnzvc
02:AC00  48 6B  PEA     $0004(A3)                A0=00FFA85A A1=0003344C A2=000284EA A3=0003072A A4=00FFE3FC A5=00000000 A6=00000000 A7=00FF7F98 D0=00000016 D1=00000600 D2=00000000 D3=00000001 D4=00000000 D5=00000000 D6=00000000 D7=00000000 xnzvc
02:AC04  48 78  PEA     ($0001)                  A0=00FFA85A A1=0003344C A2=000284EA A3=0003072A A4=00FFE3FC A5=00000000 A6=00000000 A7=00FF7F94 D0=00000016 D1=00000600 D2=00000000 D3=00000001 D4=00000000 D5=00000000 D6=00000000 D7=00000000 xnzvc
02:AC08  4E 92  JSR     (A2)                     A0=00FFA85A A1=0003344C A2=000284EA A3=0003072A A4=00FFE3FC A5=00000000 A6=00000000 A7=00FF7F90 D0=00000016 D1=00000600 D2=00000000 D3=00000001 D4=00000000 D5=00000000 D6=00000000 D7=00000000 xnzvc
02:AC0A  48 78  PEA     ($0097)                  A0=00FFA5DA A1=0003344C A2=000284EA A3=0003072A A4=00FFE3FC A5=00000000 A6=00000000 A7=00FF7F90 D0=00000006 D1=00000380 D2=00000000 D3=00000001 D4=00000000 D5=00000000 D6=00000000 D7=00000000 xNzvc
02:AC0E  48 78  PEA     ($0068)                  A0=00FFA5DA A1=0003344C A2=000284EA A3=0003072A A4=00FFE3FC A5=00000000 A6=00000000 A7=00FF7F8C D0=00000006 D1=00000380 D2=00000000 D3=00000001 D4=00000000 D5=00000000 D6=00000000 D7=00000000 xNzvc
02:AC12  48 78  PEA     ($0002)                  A0=00FFA5DA A1=0003344C A2=000284EA A3=0003072A A4=00FFE3FC A5=00000000 A6=00000000 A7=00FF7F88 D0=00000006 D1=00000380 D2=00000000 D3=00000001 D4=00000000 D5=00000000 D6=00000000 D7=00000000 xNzvc
02:AC16  4E B9  JSR     ($0002843A)              A0=00FFA5DA A1=0003344C A2=000284EA A3=0003072A A4=00FFE3FC A5=00000000 A6=00000000 A7=00FF7F84 D0=00000006 D1=00000380 D2=00000000 D3=00000001 D4=00000000 D5=00000000 D6=00000000 D7=00000000 xNzvc
02:AC1C  4F EF  LEA     $0018(SP),A7             A0=00FFA68A A1=00FFD940 A2=000284EA A3=0003072A A4=00FFE3FC A5=00000000 A6=00000000 A7=00FF7F84 D0=00000002 D1=00000019 D2=00000000 D3=00000001 D4=00000000 D5=00000000 D6=00000000 D7=00000000 xnZvc
02:AC20  60 30  BRA     #$30 [02:AC52]           A0=00FFA68A A1=00FFD940 A2=000284EA A3=0003072A A4=00FFE3FC A5=00000000 A6=00000000 A7=00FF7F9C D0=00000002 D1=00000019 D2=00000000 D3=00000001 D4=00000000 D5=00000000 D6=00000000 D7=00000000 xnZvc
02:AC22  48 78  PEA     ($0003)                  A0=00FFA85A A1=0003344C A2=000284EA A3=0003072A A4=00FFE3FC A5=00000000 A6=00000000 A7=00FF7F9C D0=0000003C D1=00000600 D2=00000000 D3=00000001 D4=00000000 D5=00000000 D6=00000000 D7=00000000 xnzvc
02:AC26  48 79  PEA     ($000306B2)              A0=00FFA85A A1=0003344C A2=000284EA A3=0003072A A4=00FFE3FC A5=00000000 A6=00000000 A7=00FF7F98 D0=0000003C D1=00000600 D2=00000000 D3=00000001 D4=00000000 D5=00000000 D6=00000000 D7=00000000 xnzvc
02:AC2C  48 78  PEA     ($0002)                  A0=00FFA85A A1=0003344C A2=000284EA A3=0003072A A4=00FFE3FC A5=00000000 A6=00000000 A7=00FF7F94 D0=0000003C D1=00000600 D2=00000000 D3=00000001 D4=00000000 D5=00000000 D6=00000000 D7=00000000 xnzvc
02:AC30  4E 92  JSR     (A2)                     A0=00FFA85A A1=0003344C A2=000284EA A3=0003072A A4=00FFE3FC A5=00000000 A6=00000000 A7=00FF7F90 D0=0000003C D1=00000600 D2=00000000 D3=00000001 D4=00000000 D5=00000000 D6=00000000 D7=00000000 xnzvc
02:AC32  4F EF  LEA     $000C(SP),A7             A0=00FFA65A A1=0003344C A2=000284EA A3=0003072A A4=00FFE3FC A5=00000000 A6=00000000 A7=00FF7F90 D0=00000003 D1=00000400 D2=00000000 D3=00000001 D4=00000000 D5=00000000 D6=00000000 D7=00000000 xNzvc
02:AC36  38 BC  MOVE.W  #$0033,(A4)              A0=00FFA65A A1=0003344C A2=000284EA A3=0003072A A4=00FFE3FC A5=00000000 A6=00000000 A7=00FF7F9C D0=00000003 D1=00000400 D2=00000000 D3=00000001 D4=00000000 D5=00000000 D6=00000000 D7=00000000 xNzvc
02:AC3A  60 00  BRA     #$00C2 [02:ACFE]         A0=00FFA65A A1=0003344C A2=000284EA A3=0003072A A4=00FFE3FC A5=00000000 A6=00000000 A7=00FF7F9C D0=00000003 D1=00000400 D2=00000000 D3=00000001 D4=00000000 D5=00000000 D6=00000000 D7=00000000 xnzvc
02:AC3E  48 78  PEA     ($0006)                  A0=00FFA85A A1=00033492 A2=000284EA A3=0003072A A4=00FFE3FC A5=00000000 A6=00000000 A7=00FF7F9C D0=00000058 D1=00000600 D2=00000000 D3=00000001 D4=00000000 D5=00000000 D6=00000000 D7=00000000 xnzvc
02:AC42  48 79  PEA     ($00030754)              A0=00FFA85A A1=00033492 A2=000284EA A3=0003072A A4=00FFE3FC A5=00000000 A6=00000000 A7=00FF7F98 D0=00000058 D1=00000600 D2=00000000 D3=00000001 D4=00000000 D5=00000000 D6=00000000 D7=00000000 xnzvc
02:AC48  48 78  PEA     ($0002)                  A0=00FFA85A A1=00033492 A2=000284EA A3=0003072A A4=00FFE3FC A5=00000000 A6=00000000 A7=00FF7F94 D0=00000058 D1=00000600 D2=00000000 D3=00000001 D4=00000000 D5=00000000 D6=00000000 D7=00000000 xnzvc
02:AC4C  4E 92  JSR     (A2)                     A0=00FFA85A A1=00033492 A2=000284EA A3=0003072A A4=00FFE3FC A5=00000000 A6=00000000 A7=00FF7F90 D0=00000058 D1=00000600 D2=00000000 D3=00000001 D4=00000000 D5=00000000 D6=00000000 D7=00000000 xnzvc
02:AC4E  4F EF  LEA     $000C(SP),A7             A0=00FFA65A A1=00033492 A2=000284EA A3=0003072A A4=00FFE3FC A5=00000000 A6=00000000 A7=00FF7F90 D0=00000006 D1=00000400 D2=00000000 D3=00000001 D4=00000000 D5=00000000 D6=00000000 D7=00000000 xNzvc
02:AC52  38 BC  MOVE.W  #$0011,(A4)              A0=00FFA65A A1=00033492 A2=000284EA A3=0003072A A4=00FFE3FC A5=00000000 A6=00000000 A7=00FF7F9C D0=00000006 D1=00000400 D2=00000000 D3=00000001 D4=00000000 D5=00000000 D6=00000000 D7=00000000 xNzvc
02:AC56  60 00  BRA     #$00A6 [02:ACFE]         A0=00FFA65A A1=00033492 A2=000284EA A3=0003072A A4=00FFE3FC A5=00000000 A6=00000000 A7=00FF7F9C D0=00000006 D1=00000400 D2=00000000 D3=00000001 D4=00000000 D5=00000000 D6=00000000 D7=00000000 xnzvc
02:AC5A  48 78  PEA     ($0002)                  A0=00FFA85A A1=0003332A A2=000284EA A3=0003072A A4=00FFE3FC A5=00000000 A6=00000000 A7=00FF7F9C D0=00000074 D1=00000600 D2=00000000 D3=00000001 D4=00000000 D5=00000000 D6=00000000 D7=00000000 xnzvc
02:AC5E  4E B9  JSR     ($0002852C)              A0=00FFA85A A1=0003332A A2=000284EA A3=0003072A A4=00FFE3FC A5=00000000 A6=00000000 A7=00FF7F98 D0=00000074 D1=00000600 D2=00000000 D3=00000001 D4=00000000 D5=00000000 D6=00000000 D7=00000000 xnzvc
02:AC64  48 78  PEA     ($0006)                  A0=00FFD976 A1=0003332A A2=000284EA A3=0003072A A4=00FFE3FC A5=00000000 A6=00000000 A7=00FF7F98 D0=00000018 D1=00000018 D2=00000000 D3=00000001 D4=00000000 D5=00000000 D6=00000000 D7=00000000 xnZvc
02:AC68  48 6B  PEA     $0002(A3)                A0=00FFD976 A1=0003332A A2=000284EA A3=0003072A A4=00FFE3FC A5=00000000 A6=00000000 A7=00FF7F94 D0=00000018 D1=00000018 D2=00000000 D3=00000001 D4=00000000 D5=00000000 D6=00000000 D7=00000000 xnZvc
02:AC6C  48 78  PEA     ($0001)                  A0=00FFD976 A1=0003332A A2=000284EA A3=0003072A A4=00FFE3FC A5=00000000 A6=00000000 A7=00FF7F90 D0=00000018 D1=00000018 D2=00000000 D3=00000001 D4=00000000 D5=00000000 D6=00000000 D7=00000000 xnZvc
02:AC70  4E 92  JSR     (A2)                     A0=00FFD976 A1=0003332A A2=000284EA A3=0003072A A4=00FFE3FC A5=00000000 A6=00000000 A7=00FF7F8C D0=00000018 D1=00000018 D2=00000000 D3=00000001 D4=00000000 D5=00000000 D6=00000000 D7=00000000 xnZvc
02:AC72  4F EF  LEA     $0010(SP),A7             A0=00FFA5DA A1=0003332A A2=000284EA A3=0003072A A4=00FFE3FC A5=00000000 A6=00000000 A7=00FF7F8C D0=00000006 D1=00000380 D2=00000000 D3=00000001 D4=00000000 D5=00000000 D6=00000000 D7=00000000 xNzvc
02:AC76  60 00  BRA     #$0086 [02:ACFE]         A0=00FFA5DA A1=0003332A A2=000284EA A3=0003072A A4=00FFE3FC A5=00000000 A6=00000000 A7=00FF7F9C D0=00000006 D1=00000380 D2=00000000 D3=00000001 D4=00000000 D5=00000000 D6=00000000 D7=00000000 xNzvc
02:AC7A  60 44  BRA     #$44 [02:ACC0]           A0=00FFA85A A1=00033492 A2=000284EA A3=0003072A A4=00FFE3FC A5=00000000 A6=00000000 A7=00FF7F9C D0=00000094 D1=00000600 D2=00000000 D3=00000001 D4=00000000 D5=00000000 D6=00000000 D7=00000000 xnzvc
02:AC7C  48 78  PEA     ($0006)                  A0=00FFA85A A1=0003344C A2=000284EA A3=0003072A A4=00FFE3FC A5=00000000 A6=00000000 A7=00FF7F9C D0=FFFF0104 D1=00000600 D2=FFFFFFFF D3=00000002 D4=0000FF58 D5=00000000 D6=00000000 D7=00000000 xnzvc
02:AC80  48 6B  PEA     $0002(A3)                A0=00FFA85A A1=0003344C A2=000284EA A3=0003072A A4=00FFE3FC A5=00000000 A6=00000000 A7=00FF7F98 D0=FFFF0104 D1=00000600 D2=FFFFFFFF D3=00000002 D4=0000FF58 D5=00000000 D6=00000000 D7=00000000 xnzvc
02:AC84  48 78  PEA     ($0001)                  A0=00FFA85A A1=0003344C A2=000284EA A3=0003072A A4=00FFE3FC A5=00000000 A6=00000000 A7=00FF7F94 D0=FFFF0104 D1=00000600 D2=FFFFFFFF D3=00000002 D4=0000FF58 D5=00000000 D6=00000000 D7=00000000 xnzvc
02:AC88  4E 92  JSR     (A2)                     A0=00FFA85A A1=0003344C A2=000284EA A3=0003072A A4=00FFE3FC A5=00000000 A6=00000000 A7=00FF7F90 D0=FFFF0104 D1=00000600 D2=FFFFFFFF D3=00000002 D4=0000FF58 D5=00000000 D6=00000000 D7=00000000 xnzvc
02:AC8A  4F EF  LEA     $000C(SP),A7             A0=00FFA5DA A1=0003344C A2=000284EA A3=0003072A A4=00FFE3FC A5=00000000 A6=00000000 A7=00FF7F90 D0=FFFF0106 D1=00000380 D2=FFFFFFFF D3=00000002 D4=0000FF58 D5=00000000 D6=00000000 D7=00000000 xNzvc
02:AC8E  76 01  MOVEQ   #$01,D3                  A0=00FFA5DA A1=0003344C A2=000284EA A3=0003072A A4=00FFE3FC A5=00000000 A6=00000000 A7=00FF7F9C D0=FFFF0106 D1=00000380 D2=FFFFFFFF D3=00000002 D4=0000FF58 D5=00000000 D6=00000000 D7=00000000 xNzvc
02:AC90  42 42  CLR.W   D2                       A0=00FFA5DA A1=0003344C A2=000284EA A3=0003072A A4=00FFE3FC A5=00000000 A6=00000000 A7=00FF7F9C D0=FFFF0106 D1=00000380 D2=FFFFFFFF D3=00000001 D4=0000FF58 D5=00000000 D6=00000000 D7=00000000 xnzvc
02:AC92  60 6A  BRA     #$6A [02:ACFE]           A0=00FFA5DA A1=0003344C A2=000284EA A3=0003072A A4=00FFE3FC A5=00000000 A6=00000000 A7=00FF7F9C D0=FFFF0106 D1=00000380 D2=FFFF0000 D3=00000001 D4=0000FF58 D5=00000000 D6=00000000 D7=00000000 xnZvc
02:AC94  48 78  PEA     ($0006)                  A0=000334D4 A1=72BA3104 A2=000284EA A3=0003072A A4=00FFE3FC A5=00000000 A6=00000000 A7=00FF7F9C D0=000000AE D1=29398590 D2=FFFF0000 D3=00000001 D4=0000FF58 D5=00000000 D6=00000000 D7=00000000 xnzvc
02:AC98  48 6B  PEA     $000C(A3)                A0=000334D4 A1=72BA3104 A2=000284EA A3=0003072A A4=00FFE3FC A5=00000000 A6=00000000 A7=00FF7F98 D0=000000AE D1=29398590 D2=FFFF0000 D3=00000001 D4=0000FF58 D5=00000000 D6=00000000 D7=00000000 xnzvc
02:AC9C  48 78  PEA     ($0001)                  A0=000334D4 A1=72BA3104 A2=000284EA A3=0003072A A4=00FFE3FC A5=00000000 A6=00000000 A7=00FF7F94 D0=000000AE D1=29398590 D2=FFFF0000 D3=00000001 D4=0000FF58 D5=00000000 D6=00000000 D7=00000000 xnzvc
02:ACA0  4E 92  JSR     (A2)                     A0=000334D4 A1=72BA3104 A2=000284EA A3=0003072A A4=00FFE3FC A5=00000000 A6=00000000 A7=00FF7F90 D0=000000AE D1=29398590 D2=FFFF0000 D3=00000001 D4=0000FF58 D5=00000000 D6=00000000 D7=00000000 xnzvc
02:ACA2  42 A7  CLR.L   -(SP)                    A0=00FFA5DA A1=72BA3104 A2=000284EA A3=0003072A A4=00FFE3FC A5=00000000 A6=00000000 A7=00FF7F90 D0=00000006 D1=00000380 D2=FFFF0000 D3=00000001 D4=0000FF58 D5=00000000 D6=00000000 D7=00000000 xNzvc
02:ACA4  48 78  PEA     ($0032)                  A0=00FFA5DA A1=72BA3104 A2=000284EA A3=0003072A A4=00FFE3FC A5=00000000 A6=00000000 A7=00FF7F8C D0=00000006 D1=00000380 D2=FFFF0000 D3=00000001 D4=0000FF58 D5=00000000 D6=00000000 D7=00000000 xnZvc
02:ACA8  2F 3C  MOVE.L  #$000545B6,-(SP)         A0=00FFA5DA A1=72BA3104 A2=000284EA A3=0003072A A4=00FFE3FC A5=00000000 A6=00000000 A7=00FF7F88 D0=00000006 D1=00000380 D2=FFFF0000 D3=00000001 D4=0000FF58 D5=00000000 D6=00000000 D7=00000000 xnZvc
02:ACAE  4E B9  JSR     ($0003F56C)              A0=00FFA5DA A1=72BA3104 A2=000284EA A3=0003072A A4=00FFE3FC A5=00000000 A6=00000000 A7=00FF7F84 D0=00000006 D1=00000380 D2=FFFF0000 D3=00000001 D4=0000FF58 D5=00000000 D6=00000000 D7=00000000 xnzvc
02:ACB4  4F EF  LEA     $0018(SP),A7             A0=00FFA5DA A1=72BA3104 A2=000284EA A3=0003072A A4=00FFE3FC A5=00000000 A6=00000000 A7=00FF7F84 D0=00000032 D1=00000380 D2=FFFF0000 D3=00000001 D4=0000FF58 D5=00000000 D6=00000000 D7=00000000 xnZvc
02:ACB8  76 03  MOVEQ   #$03,D3                  A0=00FFA5DA A1=72BA3104 A2=000284EA A3=0003072A A4=00FFE3FC A5=00000000 A6=00000000 A7=00FF7F9C D0=00000032 D1=00000380 D2=FFFF0000 D3=00000001 D4=0000FF58 D5=00000000 D6=00000000 D7=00000000 xnZvc
02:ACBA  74 01  MOVEQ   #$01,D2                  A0=00FFA5DA A1=72BA3104 A2=000284EA A3=0003072A A4=00FFE3FC A5=00000000 A6=00000000 A7=00FF7F9C D0=00000032 D1=00000380 D2=FFFF0000 D3=00000003 D4=0000FF58 D5=00000000 D6=00000000 D7=00000000 xnzvc
02:ACBC  60 40  BRA     #$40 [02:ACFE]           A0=00FFA5DA A1=72BA3104 A2=000284EA A3=0003072A A4=00FFE3FC A5=00000000 A6=00000000 A7=00FF7F9C D0=00000032 D1=00000380 D2=00000001 D3=00000003 D4=0000FF58 D5=00000000 D6=00000000 D7=00000000 xnzvc
02:ACBE  60 BC  BRA     #$BC [02:AC7C]           A0=00FFA85A A1=0CDB1487 A2=000284EA A3=0003072A A4=00FFE3FC A5=00000000 A6=00000000 A7=00FF7F9C D0=000000D8 D1=2DF20600 D2=00000001 D3=00000003 D4=00000000 D5=00000000 D6=00000000 D7=00000000 xnzvc
02:ACC0  48 78  PEA     ($0006)                  A0=00FFA85A A1=0003344C A2=000284EA A3=0003072A A4=00FFE3FC A5=00000000 A6=00000000 A7=00FF7F9C D0=000000DA D1=00000600 D2=00000000 D3=00000001 D4=00000000 D5=00000000 D6=00000000 D7=00000000 xnzvc
02:ACC4  48 6B  PEA     $000A(A3)                A0=00FFA85A A1=0003344C A2=000284EA A3=0003072A A4=00FFE3FC A5=00000000 A6=00000000 A7=00FF7F98 D0=000000DA D1=00000600 D2=00000000 D3=00000001 D4=00000000 D5=00000000 D6=00000000 D7=00000000 xnzvc
02:ACC8  48 78  PEA     ($0001)                  A0=00FFA85A A1=0003344C A2=000284EA A3=0003072A A4=00FFE3FC A5=00000000 A6=00000000 A7=00FF7F94 D0=000000DA D1=00000600 D2=00000000 D3=00000001 D4=00000000 D5=00000000 D6=00000000 D7=00000000 xnzvc
02:ACCC  4E 92  JSR     (A2)                     A0=00FFA85A A1=0003344C A2=000284EA A3=0003072A A4=00FFE3FC A5=00000000 A6=00000000 A7=00FF7F90 D0=000000DA D1=00000600 D2=00000000 D3=00000001 D4=00000000 D5=00000000 D6=00000000 D7=00000000 xnzvc
02:ACCE  42 A7  CLR.L   -(SP)                    A0=00FFA5DA A1=0003344C A2=000284EA A3=0003072A A4=00FFE3FC A5=00000000 A6=00000000 A7=00FF7F90 D0=00000006 D1=00000380 D2=00000000 D3=00000001 D4=00000000 D5=00000000 D6=00000000 D7=00000000 xNzvc
02:ACD0  48 78  PEA     ($0032)                  A0=00FFA5DA A1=0003344C A2=000284EA A3=0003072A A4=00FFE3FC A5=00000000 A6=00000000 A7=00FF7F8C D0=00000006 D1=00000380 D2=00000000 D3=00000001 D4=00000000 D5=00000000 D6=00000000 D7=00000000 xnZvc
02:ACD4  2F 3C  MOVE.L  #$000545B6,-(SP)         A0=00FFA5DA A1=0003344C A2=000284EA A3=0003072A A4=00FFE3FC A5=00000000 A6=00000000 A7=00FF7F88 D0=00000006 D1=00000380 D2=00000000 D3=00000001 D4=00000000 D5=00000000 D6=00000000 D7=00000000 xnZvc
02:ACDA  4E B9  JSR     ($0003F56C)              A0=00FFA5DA A1=0003344C A2=000284EA A3=0003072A A4=00FFE3FC A5=00000000 A6=00000000 A7=00FF7F84 D0=00000006 D1=00000380 D2=00000000 D3=00000001 D4=00000000 D5=00000000 D6=00000000 D7=00000000 xnzvc
02:ACE0  4F EF  LEA     $0018(SP),A7             A0=00FFA5DA A1=0003344C A2=000284EA A3=0003072A A4=00FFE3FC A5=00000000 A6=00000000 A7=00FF7F84 D0=00000032 D1=00000380 D2=00000000 D3=00000001 D4=00000000 D5=00000000 D6=00000000 D7=00000000 xnZvc
02:ACE4  76 02  MOVEQ   #$02,D3                  A0=00FFA5DA A1=0003344C A2=000284EA A3=0003072A A4=00FFE3FC A5=00000000 A6=00000000 A7=00FF7F9C D0=00000032 D1=00000380 D2=00000000 D3=00000001 D4=00000000 D5=00000000 D6=00000000 D7=00000000 xnZvc
02:ACE6  74 FF  MOVEQ   #$FF,D2                  A0=00FFA5DA A1=0003344C A2=000284EA A3=0003072A A4=00FFE3FC A5=00000000 A6=00000000 A7=00FF7F9C D0=00000032 D1=00000380 D2=00000000 D3=00000002 D4=00000000 D5=00000000 D6=00000000 D7=00000000 xnzvc
02:ACE8  60 14  BRA     #$14 [02:ACFE]           A0=00FFA5DA A1=0003344C A2=000284EA A3=0003072A A4=00FFE3FC A5=00000000 A6=00000000 A7=00FF7F9C D0=00000032 D1=00000380 D2=FFFFFFFF D3=00000002 D4=00000000 D5=00000000 D6=00000000 D7=00000000 xNzvc
02:ACEA  60 90  BRA     #$90 [02:AC7C]           A0=00FFA85A A1=0003344C A2=000284EA A3=0003072A A4=00FFE3FC A5=00000000 A6=00000000 A7=00FF7F9C D0=FFFF0104 D1=00000600 D2=FFFFFFFF D3=00000002 D4=0000FF58 D5=00000000 D6=00000000 D7=00000000 xnzvc
02:ACEC  42 A7  CLR.L   -(SP)                    A0=00FFA85A A1=000333B6 A2=000284EA A3=0003072A A4=00FFE3FC A5=00000000 A6=00000000 A7=00FF7F9C D0=00000106 D1=00000600 D2=FFFF0000 D3=00000001 D4=0000FF58 D5=00000000 D6=00000000 D7=00000000 xnzvc
02:ACEE  4E B9  JSR     ($00029624)              A0=00FFA85A A1=000333B6 A2=000284EA A3=0003072A A4=00FFE3FC A5=00000000 A6=00000000 A7=00FF7F98 D0=00000106 D1=00000600 D2=FFFF0000 D3=00000001 D4=0000FF58 D5=00000000 D6=00000000 D7=00000000 xnZvc
02:ACF4  58 8F  ADDQ.L  #4,SP                    A0=00FFD976 A1=000333B6 A2=000284EA A3=0003072A A4=00FFE3FC A5=00000000 A6=00000000 A7=00FF7F98 D0=0000001C D1=00000018 D2=FFFF0000 D3=00000001 D4=0000FF58 D5=00000000 D6=00000000 D7=00000000 xnZvc
02:ACF6  33 FC  MOVE.W  #$FFFF,($00FFE3F8)       A0=00FFD976 A1=000333B6 A2=000284EA A3=0003072A A4=00FFE3FC A5=00000000 A6=00000000 A7=00FF7F9C D0=0000001C D1=00000018 D2=FFFF0000 D3=00000001 D4=0000FF58 D5=00000000 D6=00000000 D7=00000000 xnZvc
02:ACFE  0C 79  CMPI.W  #$FFFF,($00FFE3F8)       A0=00FFA85A A1=0003344C A2=000284EA A3=0003072A A4=00FFE3FC A5=00000000 A6=00000000 A7=00FF7F9C D0=0000FFFE D1=00000600 D2=00000000 D3=00000001 D4=00000000 D5=00000000 D6=00000000 D7=00000000 xnzvc
02:AD06  67 18  BEQ     #$18 [02:AD20]           A0=00FFA85A A1=0003344C A2=000284EA A3=0003072A A4=00FFE3FC A5=00000000 A6=00000000 A7=00FF7F9C D0=0000FFFE D1=00000600 D2=00000000 D3=00000001 D4=00000000 D5=00000000 D6=00000000 D7=00000000 xnzvC
02:AD08  4E B9  JSR     ($0002706C)              A0=00FFA85A A1=0003344C A2=000284EA A3=0003072A A4=00FFE3FC A5=00000000 A6=00000000 A7=00FF7F9C D0=0000FFFE D1=00000600 D2=00000000 D3=00000001 D4=00000000 D5=00000000 D6=00000000 D7=00000000 xnzvC
02:AD0E  2A 00  MOVE.L  D0,D5                    A0=00FFA85A A1=0003344C A2=000284EA A3=0003072A A4=00FFE3FC A5=00000000 A6=00000000 A7=00FF7F9C D0=00000000 D1=0000FF3F D2=00000000 D3=00000001 D4=00000000 D5=00000000 D6=00000000 D7=00000000 xnZvc
02:AD10  4E B9  JSR     ($00027006)              A0=00FFA85A A1=0003344C A2=000284EA A3=0003072A A4=00FFE3FC A5=00000000 A6=00000000 A7=00FF7F9C D0=00000000 D1=0000FF3F D2=00000000 D3=00000001 D4=00000000 D5=00000000 D6=00000000 D7=00000000 xnZvc
02:AD16  8A 80  OR.L    D0,D5                    A0=00FFA85A A1=0003344C A2=000284EA A3=0003072A A4=00FFE3FC A5=00000000 A6=00000000 A7=00FF7F9C D0=00000000 D1=0000FF3F D2=00000000 D3=00000001 D4=00000000 D5=00000000 D6=00000000 D7=00000000 xnZvc
02:AD18  08 05  BTST    #7,D5                    A0=00FFA85A A1=0003344C A2=000284EA A3=0003072A A4=00FFE3FC A5=00000000 A6=00000000 A7=00FF7F9C D0=00000000 D1=0000FF3F D2=00000000 D3=00000001 D4=00000000 D5=00000000 D6=00000000 D7=00000000 xnZvc
02:AD1C  67 00  BEQ     #$FE60 [02:AB7E]         A0=00FFA85A A1=0003344C A2=000284EA A3=0003072A A4=00FFE3FC A5=00000000 A6=00000000 A7=00FF7F9C D0=00000000 D1=0000FF3F D2=00000000 D3=00000001 D4=00000000 D5=00000000 D6=00000000 D7=00000000 xnZvc
02:AD20  4E B9  JSR     ($000283FE)              A0=00FFD976 A1=000333B6 A2=000284EA A3=0003072A A4=00FFE3FC A5=00000000 A6=00000000 A7=00FF7F9C D0=0000001C D1=00000018 D2=FFFF0000 D3=00000001 D4=0000FF58 D5=00000000 D6=00000000 D7=00000000 xnZvc
02:AD26  4E B9  JSR     ($000294E4)              A0=00FFE3C6 A1=000333B6 A2=000284EA A3=0003072A A4=00FFE3FC A5=00000000 A6=00000000 A7=00FF7F9C D0=00000002 D1=00000002 D2=FFFF0000 D3=00000001 D4=0000FF58 D5=00000000 D6=00000000 D7=00000000 xNzvc
02:AD2C  42 44  CLR.W   D4                       A0=00FFE3EE A1=000333B6 A2=000284EA A3=0003072A A4=00FFE3FC A5=00000000 A6=00000000 A7=00FF7F9C D0=00000006 D1=00000003 D2=FFFF0000 D3=00000001 D4=0000FF58 D5=00000000 D6=00000000 D7=00000000 xNzvc
02:AD2E  23 FC  MOVE.L  #$7C020003,($00C00004)   A0=00FFE3EE A1=000333B6 A2=000284EA A3=0003072A A4=00FFE3FC A5=00000000 A6=00000000 A7=00FF7F9C D0=00000006 D1=00000003 D2=FFFF0000 D3=00000001 D4=00000000 D5=00000000 D6=00000000 D7=00000000 xnZvc
02:AD38  33 C4  MOVE.W  D4,($00C00000)           A0=00FFE3EE A1=000333B6 A2=000284EA A3=0003072A A4=00FFE3FC A5=00000000 A6=00000000 A7=00FF7F9C D0=00000006 D1=00000003 D2=FFFF0000 D3=00000001 D4=00000000 D5=00000000 D6=00000000 D7=00000000 xnzvc
02:AD3E  42 A7  CLR.L   -(SP)                    A0=00FFE3EE A1=000333B6 A2=000284EA A3=0003072A A4=00FFE3FC A5=00000000 A6=00000000 A7=00FF7F9C D0=00000006 D1=00000003 D2=FFFF0000 D3=00000001 D4=00000000 D5=00000000 D6=00000000 D7=00000000 xnZvc
02:AD40  42 A7  CLR.L   -(SP)                    A0=00FFE3EE A1=000333B6 A2=000284EA A3=0003072A A4=00FFE3FC A5=00000000 A6=00000000 A7=00FF7F98 D0=00000006 D1=00000003 D2=FFFF0000 D3=00000001 D4=00000000 D5=00000000 D6=00000000 D7=00000000 xnZvc
02:AD42  4E B9  JSR     ($000278A6)              A0=00FFE3EE A1=000333B6 A2=000284EA A3=0003072A A4=00FFE3FC A5=00000000 A6=00000000 A7=00FF7F94 D0=00000006 D1=00000003 D2=FFFF0000 D3=00000001 D4=00000000 D5=00000000 D6=00000000 D7=00000000 xnZvc
02:AD48  50 8F  ADDQ.L  #8,SP                    A0=00FF9364 A1=00FF8036 A2=000284EA A3=0003072A A4=00FFE3FC A5=00000000 A6=00000000 A7=00FF7F94 D0=00000000 D1=00000014 D2=FFFF0000 D3=00000001 D4=00000000 D5=00000000 D6=00000000 D7=00000000 xnZvc
02:AD4A  0C 79  CMPI.W  #$FFFF,($00FFE3F8)       A0=00FF9364 A1=00FF8036 A2=000284EA A3=0003072A A4=00FFE3FC A5=00000000 A6=00000000 A7=00FF7F9C D0=00000000 D1=00000014 D2=FFFF0000 D3=00000001 D4=00000000 D5=00000000 D6=00000000 D7=00000000 xnZvc
02:AD52  56 C0  STNE    D0 [02:AD14]             A0=00FF9364 A1=00FF8036 A2=000284EA A3=0003072A A4=00FFE3FC A5=00000000 A6=00000000 A7=00FF7F9C D0=00000000 D1=00000014 D2=FFFF0000 D3=00000001 D4=00000000 D5=00000000 D6=00000000 D7=00000000 xnZvc
02:AD54  44 00  NEG.B   D0                       A0=00FF9364 A1=00FF8036 A2=000284EA A3=0003072A A4=00FFE3FC A5=00000000 A6=00000000 A7=00FF7F9C D0=00000000 D1=00000014 D2=FFFF0000 D3=00000001 D4=00000000 D5=00000000 D6=00000000 D7=00000000 xnZvc
02:AD56  48 80  EXT.W   D0                       A0=00FF9364 A1=00FF8036 A2=000284EA A3=0003072A A4=00FFE3FC A5=00000000 A6=00000000 A7=00FF7F9C D0=00000000 D1=00000014 D2=FFFF0000 D3=00000001 D4=00000000 D5=00000000 D6=00000000 D7=00000000 xnZvc
02:AD58  48 C0  EXT.L   D0                       A0=00FF9364 A1=00FF8036 A2=000284EA A3=0003072A A4=00FFE3FC A5=00000000 A6=00000000 A7=00FF7F9C D0=00000000 D1=00000014 D2=FFFF0000 D3=00000001 D4=00000000 D5=00000000 D6=00000000 D7=00000000 xnZvc
02:AD5A  30 00  MOVE.W  D0,D0                    A0=00FF9364 A1=00FF8036 A2=000284EA A3=0003072A A4=00FFE3FC A5=00000000 A6=00000000 A7=00FF7F9C D0=00000000 D1=00000014 D2=FFFF0000 D3=00000001 D4=00000000 D5=00000000 D6=00000000 D7=00000000 xnZvc
02:AD5C  30 00  MOVE.W  D0,D0                    A0=00FF9364 A1=00FF8036 A2=000284EA A3=0003072A A4=00FFE3FC A5=00000000 A6=00000000 A7=00FF7F9C D0=00000000 D1=00000014 D2=FFFF0000 D3=00000001 D4=00000000 D5=00000000 D6=00000000 D7=00000000 xnZvc
02:AD5E  48 C0  EXT.L   D0                       A0=00FF9364 A1=00FF8036 A2=000284EA A3=0003072A A4=00FFE3FC A5=00000000 A6=00000000 A7=00FF7F9C D0=00000000 D1=00000014 D2=FFFF0000 D3=00000001 D4=00000000 D5=00000000 D6=00000000 D7=00000000 xnZvc
02:AD60  4C DF  MOVEM.L (SP)+,{a7-d0}[1c 3c]     A0=00FF9364 A1=00FF8036 A2=000284EA A3=0003072A A4=00FFE3FC A5=00000000 A6=00000000 A7=00FF7F9C D0=00000000 D1=00000014 D2=FFFF0000 D3=00000001 D4=00000000 D5=00000000 D6=00000000 D7=00000000 xnZvc
02:AD64  4E 75  RTS                              A0=00FF9364 A1=00FF8036 A2=00FF8038 A3=00FF8036 A4=00FF8000 A5=00000000 A6=00000000 A7=00FF7FB8 D0=00000000 D1=00000014 D2=00000001 D3=00000000 D4=00000000 D5=00000000 D6=00000000 D7=00000000 xnZvc

02:AD66  48 E7  MOVEM.L {d0-a7}[3c 38],-(SP)     A0=00FF9364 A1=00FF8036 A2=00FF8038 A3=00FF8036 A4=00FF8000 A5=00000000 A6=00000000 A7=00FF7FB8 D0=00000000 D1=00000014 D2=00000001 D3=00000000 D4=00000000 D5=00000000 D6=00000000 D7=00000000 xnZvc
02:AD6A  24 7C  MOVE.L  #$00028C1C,A2            A0=00FF9364 A1=00FF8036 A2=00FF8038 A3=00FF8036 A4=00FF8000 A5=00000000 A6=00000000 A7=00FF7F9C D0=00000000 D1=00000014 D2=00000001 D3=00000000 D4=00000000 D5=00000000 D6=00000000 D7=00000000 xnZvc
02:AD70  26 7C  MOVE.L  #$00FFE3FC,A3            A0=00FF9364 A1=00FF8036 A2=00028C1C A3=00FF8036 A4=00FF8000 A5=00000000 A6=00000000 A7=00FF7F9C D0=00000000 D1=00000014 D2=00000001 D3=00000000 D4=00000000 D5=00000000 D6=00000000 D7=00000000 xnZvc
02:AD76  28 7C  MOVE.L  #$00FFE3F8,A4            A0=00FF9364 A1=00FF8036 A2=00028C1C A3=00FFE3FC A4=00FF8000 A5=00000000 A6=00000000 A7=00FF7F9C D0=00000000 D1=00000014 D2=00000001 D3=00000000 D4=00000000 D5=00000000 D6=00000000 D7=00000000 xnZvc
02:AD7C  4E B9  JSR     ($00028B12)              A0=00FF9364 A1=00FF8036 A2=00028C1C A3=00FFE3FC A4=00FFE3F8 A5=00000000 A6=00000000 A7=00FF7F9C D0=00000000 D1=00000014 D2=00000001 D3=00000000 D4=00000000 D5=00000000 D6=00000000 D7=00000000 xnZvc
02:AD82  4E B9  JSR     ($000294A2)              A0=00034ADC A1=00FFA5DA A2=00028C1C A3=00FFE3FC A4=00FFE3F8 A5=00000000 A6=00000000 A7=00FF7F9C D0=00000000 D1=00000001 D2=00000001 D3=00000000 D4=00000000 D5=00000000 D6=00000000 D7=00000000 xNzvc
02:AD88  42 54  CLR.W   (A4)                     A0=00FFE3EE A1=00FFA5DA A2=00028C1C A3=00FFE3FC A4=00FFE3F8 A5=00000000 A6=00000000 A7=00FF7F9C D0=00000003 D1=0000000B D2=00000001 D3=00000000 D4=00000000 D5=00000000 D6=00000000 D7=00000000 xnzvc
02:AD8A  36 BC  MOVE.W  #$002A,(A3)              A0=00FFE3EE A1=00FFA5DA A2=00028C1C A3=00FFE3FC A4=00FFE3F8 A5=00000000 A6=00000000 A7=00FF7F9C D0=00000003 D1=0000000B D2=00000001 D3=00000000 D4=00000000 D5=00000000 D6=00000000 D7=00000000 xnZvc
02:AD8E  42 44  CLR.W   D4                       A0=00FFE3EE A1=00FFA5DA A2=00028C1C A3=00FFE3FC A4=00FFE3F8 A5=00000000 A6=00000000 A7=00FF7F9C D0=00000003 D1=0000000B D2=00000001 D3=00000000 D4=00000000 D5=00000000 D6=00000000 D7=00000000 xnzvc
02:AD90  23 FC  MOVE.L  #$7C020003,($00C00004)   A0=00FFE3EE A1=00FFA5DA A2=00028C1C A3=00FFE3FC A4=00FFE3F8 A5=00000000 A6=00000000 A7=00FF7F9C D0=00000003 D1=0000000B D2=00000001 D3=00000000 D4=00000000 D5=00000000 D6=00000000 D7=00000000 xnZvc
02:AD9A  30 04  MOVE.W  D4,D0                    A0=00FFE3EE A1=00FFA5DA A2=00028C1C A3=00FFE3FC A4=00FFE3F8 A5=00000000 A6=00000000 A7=00FF7F9C D0=00000003 D1=0000000B D2=00000001 D3=00000000 D4=00000000 D5=00000000 D6=00000000 D7=00000000 xnzvc
02:AD9C  48 C0  EXT.L   D0                       A0=00FFE3EE A1=00FFA5DA A2=00028C1C A3=00FFE3FC A4=00FFE3F8 A5=00000000 A6=00000000 A7=00FF7F9C D0=00000000 D1=0000000B D2=00000001 D3=00000000 D4=00000000 D5=00000000 D6=00000000 D7=00000000 xnZvc
02:AD9E  6C 08  BGE     #$08 [02:ADA8]           A0=00FFE3EE A1=00FFA5DA A2=00028C1C A3=00FFE3FC A4=00FFE3F8 A5=00000000 A6=00000000 A7=00FF7F9C D0=00000000 D1=0000000B D2=00000001 D3=00000000 D4=00000000 D5=00000000 D6=00000000 D7=00000000 xnZvc
02:ADA8  E4 88  LSR.L   #2,D0                    A0=00FFE3EE A1=00FFA5DA A2=00028C1C A3=00FFE3FC A4=00FFE3F8 A5=00000000 A6=00000000 A7=00FF7F9C D0=00000000 D1=0000000B D2=00000001 D3=00000000 D4=00000000 D5=00000000 D6=00000000 D7=00000000 xnZvc
02:ADAA  33 C0  MOVE.W  D0,($00C00000)           A0=00FFE3EE A1=00FFA5DA A2=00028C1C A3=00FFE3FC A4=00FFE3F8 A5=00000000 A6=00000000 A7=00FF7F9C D0=00000000 D1=0000000B D2=00000001 D3=00000000 D4=00000000 D5=00000000 D6=00000000 D7=00000000 xnZvc
02:ADB0  13 FC  MOVE.B  #$09,($00FFE3A6)         A0=00FFE3EE A1=00FFA5DA A2=00028C1C A3=00FFE3FC A4=00FFE3F8 A5=00000000 A6=00000000 A7=00FF7F9C D0=00000000 D1=0000000B D2=00000001 D3=00000000 D4=00000000 D5=00000000 D6=00000000 D7=00000000 xnZvc
02:ADB8  48 78  PEA     ($0001)                  A0=00FFE3EE A1=00FFA5DA A2=00028C1C A3=00FFE3FC A4=00FFE3F8 A5=00000000 A6=00000000 A7=00FF7F9C D0=00000000 D1=0000000B D2=00000001 D3=00000000 D4=00000000 D5=00000000 D6=00000000 D7=00000000 xnzvc
02:ADBC  4E B9  JSR     ($00027228)              A0=00FFE3EE A1=00FFA5DA A2=00028C1C A3=00FFE3FC A4=00FFE3F8 A5=00000000 A6=00000000 A7=00FF7F98 D0=00000000 D1=0000000B D2=00000001 D3=00000000 D4=00000000 D5=00000000 D6=00000000 D7=00000000 xnzvc
02:ADC2  48 78  PEA     ($0097)                  A0=00FFD8DC A1=0008E853 A2=00028C1C A3=00FFE3FC A4=00FFE3F8 A5=00000000 A6=00000000 A7=00FF7F98 D0=00000002 D1=00000002 D2=00000001 D3=00000000 D4=00000000 D5=00000000 D6=00000000 D7=00000000 xNzvc
02:ADC6  48 78  PEA     ($0068)                  A0=00FFD8DC A1=0008E853 A2=00028C1C A3=00FFE3FC A4=00FFE3F8 A5=00000000 A6=00000000 A7=00FF7F94 D0=00000002 D1=00000002 D2=00000001 D3=00000000 D4=00000000 D5=00000000 D6=00000000 D7=00000000 xNzvc
02:ADCA  42 A7  CLR.L   -(SP)                    A0=00FFD8DC A1=0008E853 A2=00028C1C A3=00FFE3FC A4=00FFE3F8 A5=00000000 A6=00000000 A7=00FF7F90 D0=00000002 D1=00000002 D2=00000001 D3=00000000 D4=00000000 D5=00000000 D6=00000000 D7=00000000 xNzvc
02:ADCC  4E 92  JSR     (A2)                     A0=00FFD8DC A1=0008E853 A2=00028C1C A3=00FFE3FC A4=00FFE3F8 A5=00000000 A6=00000000 A7=00FF7F8C D0=00000002 D1=00000002 D2=00000001 D3=00000000 D4=00000000 D5=00000000 D6=00000000 D7=00000000 xnZvc
02:ADCE  4F EF  LEA     $0010(SP),A7             A0=00FFA60B A1=00FFD940 A2=00028C1C A3=00FFE3FC A4=00FFE3F8 A5=00000000 A6=00000000 A7=00FF7F8C D0=00000002 D1=00000019 D2=00000001 D3=00000000 D4=00000000 D5=00000000 D6=00000000 D7=00000000 xnzvc
02:ADD2  42 42  CLR.W   D2                       A0=00FFA60B A1=00FFD940 A2=00028C1C A3=00FFE3FC A4=00FFE3F8 A5=00000000 A6=00000000 A7=00FF7F9C D0=00000002 D1=00000019 D2=00000001 D3=00000000 D4=00000000 D5=00000000 D6=00000000 D7=00000000 xnzvc
02:ADD4  42 43  CLR.W   D3                       A0=00FFA60B A1=00FFD940 A2=00028C1C A3=00FFE3FC A4=00FFE3F8 A5=00000000 A6=00000000 A7=00FF7F9C D0=00000002 D1=00000019 D2=00000000 D3=00000000 D4=00000000 D5=00000000 D6=00000000 D7=00000000 xnZvc
02:ADD6  60 00  BRA     #$015A [02:AF32]         A0=00FFA60B A1=00FFD940 A2=00028C1C A3=00FFE3FC A4=00FFE3F8 A5=00000000 A6=00000000 A7=00FF7F9C D0=00000002 D1=00000019 D2=00000000 D3=00000000 D4=00000000 D5=00000000 D6=00000000 D7=00000000 xnZvc
02:ADDA  30 03  MOVE.W  D3,D0                    A0=00FF9364 A1=00033492 A2=00028C1C A3=00FFE3FC A4=00FFE3F8 A5=00000000 A6=00000000 A7=00FF7F9C D0=00000000 D1=0000FF3F D2=00000000 D3=00000001 D4=0000003F D5=00000000 D6=00000000 D7=00000000 xnZvc
02:ADDC  48 C0  EXT.L   D0                       A0=00FF9364 A1=00033492 A2=00028C1C A3=00FFE3FC A4=00FFE3F8 A5=00000000 A6=00000000 A7=00FF7F9C D0=00000001 D1=0000FF3F D2=00000000 D3=00000001 D4=0000003F D5=00000000 D6=00000000 D7=00000000 xnzvc
02:ADDE  2F 00  MOVE.L  D0,-(SP)                 A0=00FF9364 A1=00033492 A2=00028C1C A3=00FFE3FC A4=00FFE3F8 A5=00000000 A6=00000000 A7=00FF7F9C D0=00000001 D1=0000FF3F D2=00000000 D3=00000001 D4=0000003F D5=00000000 D6=00000000 D7=00000000 xnzvc
02:ADE0  34 02  MOVE.W  D2,D2                    A0=00FF9364 A1=00033492 A2=00028C1C A3=00FFE3FC A4=00FFE3F8 A5=00000000 A6=00000000 A7=00FF7F98 D0=00000001 D1=0000FF3F D2=00000000 D3=00000001 D4=0000003F D5=00000000 D6=00000000 D7=00000000 xnzvc
02:ADE2  48 C2  EXT.L   D2                       A0=00FF9364 A1=00033492 A2=00028C1C A3=00FFE3FC A4=00FFE3F8 A5=00000000 A6=00000000 A7=00FF7F98 D0=00000001 D1=0000FF3F D2=00000000 D3=00000001 D4=0000003F D5=00000000 D6=00000000 D7=00000000 xnZvc
02:ADE4  2F 02  MOVE.L  D2,-(SP)                 A0=00FF9364 A1=00033492 A2=00028C1C A3=00FFE3FC A4=00FFE3F8 A5=00000000 A6=00000000 A7=00FF7F98 D0=00000001 D1=0000FF3F D2=00000000 D3=00000001 D4=0000003F D5=00000000 D6=00000000 D7=00000000 xnZvc
02:ADE6  4E B9  JSR     ($00029520)              A0=00FF9364 A1=00033492 A2=00028C1C A3=00FFE3FC A4=00FFE3F8 A5=00000000 A6=00000000 A7=00FF7F94 D0=00000001 D1=0000FF3F D2=00000000 D3=00000001 D4=0000003F D5=00000000 D6=00000000 D7=00000000 xnZvc
02:ADEC  50 8F  ADDQ.L  #8,SP                    A0=00FFD976 A1=00033492 A2=00028C1C A3=00FFE3FC A4=00FFE3F8 A5=00000000 A6=00000000 A7=00FF7F94 D0=00000013 D1=0000000F D2=00000000 D3=00000001 D4=0000003F D5=00000000 D6=00000000 D7=00000000 xnZvc
02:ADEE  42 42  CLR.W   D2                       A0=00FFD976 A1=00033492 A2=00028C1C A3=00FFE3FC A4=00FFE3F8 A5=00000000 A6=00000000 A7=00FF7F9C D0=00000013 D1=0000000F D2=00000000 D3=00000001 D4=0000003F D5=00000000 D6=00000000 D7=00000000 xnZvc
02:ADF0  42 A7  CLR.L   -(SP)                    A0=00FFD976 A1=00033492 A2=00028C1C A3=00FFE3FC A4=00FFE3F8 A5=00000000 A6=00000000 A7=00FF7F9C D0=00000013 D1=0000000F D2=00000000 D3=00000001 D4=0000003F D5=00000000 D6=00000000 D7=00000000 xnZvc
02:ADF2  42 A7  CLR.L   -(SP)                    A0=00FFD976 A1=00033492 A2=00028C1C A3=00FFE3FC A4=00FFE3F8 A5=00000000 A6=00000000 A7=00FF7F98 D0=00000013 D1=0000000F D2=00000000 D3=00000001 D4=0000003F D5=00000000 D6=00000000 D7=00000000 xnZvc
02:ADF4  4E B9  JSR     ($000278A6)              A0=00FFD976 A1=00033492 A2=00028C1C A3=00FFE3FC A4=00FFE3F8 A5=00000000 A6=00000000 A7=00FF7F94 D0=00000013 D1=0000000F D2=00000000 D3=00000001 D4=0000003F D5=00000000 D6=00000000 D7=00000000 xnZvc
02:ADFA  50 8F  ADDQ.L  #8,SP                    A0=00FF9364 A1=000349E6 A2=00028C1C A3=00FFE3FC A4=00FFE3F8 A5=00000000 A6=00000000 A7=00FF7F94 D0=00000001 D1=00000002 D2=00000000 D3=00000001 D4=0000003F D5=00000000 D6=00000000 D7=00000000 xnzvc
02:ADFC  23 FC  MOVE.L  #$7C020003,($00C00004)   A0=00FF9364 A1=000349E6 A2=00028C1C A3=00FFE3FC A4=00FFE3F8 A5=00000000 A6=00000000 A7=00FF7F9C D0=00000001 D1=00000002 D2=00000000 D3=00000001 D4=0000003F D5=00000000 D6=00000000 D7=00000000 xnzvc
02:AE06  30 04  MOVE.W  D4,D0                    A0=00FF9364 A1=000349E6 A2=00028C1C A3=00FFE3FC A4=00FFE3F8 A5=00000000 A6=00000000 A7=00FF7F9C D0=00000001 D1=00000002 D2=00000000 D3=00000001 D4=0000003F D5=00000000 D6=00000000 D7=00000000 xnzvc
02:AE08  48 C0  EXT.L   D0                       A0=00FF9364 A1=000349E6 A2=00028C1C A3=00FFE3FC A4=00FFE3F8 A5=00000000 A6=00000000 A7=00FF7F9C D0=0000003F D1=00000002 D2=00000000 D3=00000001 D4=0000003F D5=00000000 D6=00000000 D7=00000000 xnzvc
02:AE0A  6C 08  BGE     #$08 [02:AE14]           A0=00FF9364 A1=000349E6 A2=00028C1C A3=00FFE3FC A4=00FFE3F8 A5=00000000 A6=00000000 A7=00FF7F9C D0=0000003F D1=00000002 D2=00000000 D3=00000001 D4=0000003F D5=00000000 D6=00000000 D7=00000000 xnzvc
02:AE14  E4 88  LSR.L   #2,D0                    A0=00FF9364 A1=000349E6 A2=00028C1C A3=00FFE3FC A4=00FFE3F8 A5=00000000 A6=00000000 A7=00FF7F9C D0=0000003F D1=00000002 D2=00000000 D3=00000001 D4=0000003F D5=00000000 D6=00000000 D7=00000000 xnzvc
02:AE16  33 C0  MOVE.W  D0,($00C00000)           A0=00FF9364 A1=000349E6 A2=00028C1C A3=00FFE3FC A4=00FFE3F8 A5=00000000 A6=00000000 A7=00FF7F9C D0=0000000F D1=00000002 D2=00000000 D3=00000001 D4=0000003F D5=00000000 D6=00000000 D7=00000000 XnzvC
02:AE1C  52 44  ADDQ.W  #1,D4                    A0=00FF9364 A1=000349E6 A2=00028C1C A3=00FFE3FC A4=00FFE3F8 A5=00000000 A6=00000000 A7=00FF7F9C D0=0000000F D1=00000002 D2=00000000 D3=00000001 D4=0000003F D5=00000000 D6=00000000 D7=00000000 Xnzvc
02:AE1E  53 53  SUBQ.W  #1,(A3)                  A0=00FF9364 A1=000349E6 A2=00028C1C A3=00FFE3FC A4=00FFE3F8 A5=00000000 A6=00000000 A7=00FF7F9C D0=0000000F D1=00000002 D2=00000000 D3=00000001 D4=00000040 D5=00000000 D6=00000000 D7=00000000 xnzvc
02:AE20  66 00  BNE     #$0110 [02:AF32]         A0=00FF9364 A1=000349E6 A2=00028C1C A3=00FFE3FC A4=00FFE3F8 A5=00000000 A6=00000000 A7=00FF7F9C D0=0000000F D1=00000002 D2=00000000 D3=00000001 D4=00000040 D5=00000000 D6=00000000 D7=00000000 xnzvc
02:AE24  36 BC  MOVE.W  #$0004,(A3)              A0=00FF9364 A1=000349E6 A2=00028C1C A3=00FFE3FC A4=00FFE3F8 A5=00000000 A6=00000000 A7=00FF7F9C D0=00000036 D1=00000000 D2=00000000 D3=00000001 D4=000000DB D5=00000000 D6=00000000 D7=00000000 xnZvc
02:AE28  52 54  ADDQ.W  #1,(A4)                  A0=00FF9364 A1=000349E6 A2=00028C1C A3=00FFE3FC A4=00FFE3F8 A5=00000000 A6=00000000 A7=00FF7F9C D0=00000036 D1=00000000 D2=00000000 D3=00000001 D4=000000DB D5=00000000 D6=00000000 D7=00000000 xnzvc
02:AE2A  30 14  MOVE.W  (A4),D0                  A0=00FF9364 A1=000349E6 A2=00028C1C A3=00FFE3FC A4=00FFE3F8 A5=00000000 A6=00000000 A7=00FF7F9C D0=00000036 D1=00000000 D2=00000000 D3=00000001 D4=000000DB D5=00000000 D6=00000000 D7=00000000 xnzvc
02:AE2C  0C 40  CMPI.W  #$0001,D0                A0=00FF9364 A1=000349E6 A2=00028C1C A3=00FFE3FC A4=00FFE3F8 A5=00000000 A6=00000000 A7=00FF7F9C D0=0000000A D1=00000000 D2=00000000 D3=00000001 D4=000000DB D5=00000000 D6=00000000 D7=00000000 xnzvc
02:AE30  6D 00  BLT     #$0100 [02:AF32]         A0=00FF9364 A1=000349E6 A2=00028C1C A3=00FFE3FC A4=00FFE3F8 A5=00000000 A6=00000000 A7=00FF7F9C D0=0000000A D1=00000000 D2=00000000 D3=00000001 D4=000000DB D5=00000000 D6=00000000 D7=00000000 xnzvc
02:AE34  0C 40  CMPI.W  #$000A,D0                A0=00FF9364 A1=000349E6 A2=00028C1C A3=00FFE3FC A4=00FFE3F8 A5=00000000 A6=00000000 A7=00FF7F9C D0=0000000A D1=00000000 D2=00000000 D3=00000001 D4=000000DB D5=00000000 D6=00000000 D7=00000000 xnzvc
02:AE38  6E 00  BGT     #$00F8 [02:AF32]         A0=00FF9364 A1=000349E6 A2=00028C1C A3=00FFE3FC A4=00FFE3F8 A5=00000000 A6=00000000 A7=00FF7F9C D0=0000000A D1=00000000 D2=00000000 D3=00000001 D4=000000DB D5=00000000 D6=00000000 D7=00000000 xnZvc
02:AE3C  D0 40  ADD.W   D0,D0                    A0=00FF9364 A1=000349E6 A2=00028C1C A3=00FFE3FC A4=00FFE3F8 A5=00000000 A6=00000000 A7=00FF7F9C D0=0000000A D1=00000000 D2=00000000 D3=00000001 D4=000000DB D5=00000000 D6=00000000 D7=00000000 xnZvc
02:AE3E  30 3B  MOVE.W  $04(PC,D0),D0            A0=00FF9364 A1=000349E6 A2=00028C1C A3=00FFE3FC A4=00FFE3F8 A5=00000000 A6=00000000 A7=00FF7F9C D0=00000014 D1=00000000 D2=00000000 D3=00000001 D4=000000DB D5=00000000 D6=00000000 D7=00000000 xnzvc
02:AE42  4E FB  JMP     $02(PC,D0)               A0=00FF9364 A1=000349E6 A2=00028C1C A3=00FFE3FC A4=00FFE3F8 A5=00000000 A6=00000000 A7=00FF7F9C D0=000000E8 D1=00000000 D2=00000000 D3=00000001 D4=000000DB D5=00000000 D6=00000000 D7=00000000 xnzvc
02:AE5A  60 00  BRA     #$007E [02:AEDA]         A0=00FF9364 A1=0003451C A2=00028C1C A3=00FFE3FC A4=00FFE3F8 A5=00000000 A6=00000000 A7=00FF7F9C D0=00000014 D1=00000000 D2=00000000 D3=00000000 D4=0000002A D5=00000000 D6=00000000 D7=00000000 xnzvc
02:AE5E  48 78  PEA     ($0097)                  A0=00FF9364 A1=0003476C A2=00028C1C A3=00FFE3FC A4=00FFE3F8 A5=00000000 A6=00000000 A7=00FF7F9C D0=00000018 D1=00000000 D2=00000000 D3=00000000 D4=0000002E D5=00000000 D6=00000000 D7=00000000 xnzvc
02:AE62  48 78  PEA     ($0068)                  A0=00FF9364 A1=0003476C A2=00028C1C A3=00FFE3FC A4=00FFE3F8 A5=00000000 A6=00000000 A7=00FF7F98 D0=00000018 D1=00000000 D2=00000000 D3=00000000 D4=0000002E D5=00000000 D6=00000000 D7=00000000 xnzvc
02:AE66  48 78  PEA     ($0002)                  A0=00FF9364 A1=0003476C A2=00028C1C A3=00FFE3FC A4=00FFE3F8 A5=00000000 A6=00000000 A7=00FF7F94 D0=00000018 D1=00000000 D2=00000000 D3=00000000 D4=0000002E D5=00000000 D6=00000000 D7=00000000 xnzvc
02:AE6A  4E 92  JSR     (A2)                     A0=00FF9364 A1=0003476C A2=00028C1C A3=00FFE3FC A4=00FFE3F8 A5=00000000 A6=00000000 A7=00FF7F90 D0=00000018 D1=00000000 D2=00000000 D3=00000000 D4=0000002E D5=00000000 D6=00000000 D7=00000000 xnzvc
02:AE6C  48 78  PEA     ($0005)                  A0=00FFA60B A1=00FFD940 A2=00028C1C A3=00FFE3FC A4=00FFE3F8 A5=00000000 A6=00000000 A7=00FF7F90 D0=00000002 D1=00000019 D2=00000000 D3=00000000 D4=0000002E D5=00000000 D6=00000000 D7=00000000 xnzvc
02:AE70  48 78  PEA     ($0015)                  A0=00FFA60B A1=00FFD940 A2=00028C1C A3=00FFE3FC A4=00FFE3F8 A5=00000000 A6=00000000 A7=00FF7F8C D0=00000002 D1=00000019 D2=00000000 D3=00000000 D4=0000002E D5=00000000 D6=00000000 D7=00000000 xnzvc
02:AE74  4E B9  JSR     ($0003F700)              A0=00FFA60B A1=00FFD940 A2=00028C1C A3=00FFE3FC A4=00FFE3F8 A5=00000000 A6=00000000 A7=00FF7F88 D0=00000002 D1=00000019 D2=00000000 D3=00000000 D4=0000002E D5=00000000 D6=00000000 D7=00000000 xnzvc
02:AE7A  4F EF  LEA     $0014(SP),A7             A0=00FFA60B A1=00FFD940 A2=00028C1C A3=00FFE3FC A4=00FFE3F8 A5=00000000 A6=00000000 A7=00FF7F88 D0=00000005 D1=00000019 D2=00000000 D3=00000000 D4=0000002E D5=00000000 D6=00000000 D7=00000000 xnzvc
02:AE7E  60 00  BRA     #$00B2 [02:AF32]         A0=00FFA60B A1=00FFD940 A2=00028C1C A3=00FFE3FC A4=00FFE3F8 A5=00000000 A6=00000000 A7=00FF7F9C D0=00000005 D1=00000019 D2=00000000 D3=00000000 D4=0000002E D5=00000000 D6=00000000 D7=00000000 xnzvc
02:AE82  48 78  PEA     ($0097)                  A0=00FF9364 A1=000348DE A2=00028C1C A3=00FFE3FC A4=00FFE3F8 A5=00000000 A6=00000000 A7=00FF7F9C D0=0000003C D1=00000000 D2=00000000 D3=00000000 D4=00000032 D5=00000000 D6=00000000 D7=00000000 xnzvc
02:AE86  48 78  PEA     ($0068)                  A0=00FF9364 A1=000348DE A2=00028C1C A3=00FFE3FC A4=00FFE3F8 A5=00000000 A6=00000000 A7=00FF7F98 D0=0000003C D1=00000000 D2=00000000 D3=00000000 D4=00000032 D5=00000000 D6=00000000 D7=00000000 xnzvc
02:AE8A  48 78  PEA     ($0003)                  A0=00FF9364 A1=000348DE A2=00028C1C A3=00FFE3FC A4=00FFE3F8 A5=00000000 A6=00000000 A7=00FF7F94 D0=0000003C D1=00000000 D2=00000000 D3=00000000 D4=00000032 D5=00000000 D6=00000000 D7=00000000 xnzvc
02:AE8E  4E 92  JSR     (A2)                     A0=00FF9364 A1=000348DE A2=00028C1C A3=00FFE3FC A4=00FFE3F8 A5=00000000 A6=00000000 A7=00FF7F90 D0=0000003C D1=00000000 D2=00000000 D3=00000000 D4=00000032 D5=00000000 D6=00000000 D7=00000000 xnzvc
02:AE90  4F EF  LEA     $000C(SP),A7             A0=00FFA60B A1=00FFD940 A2=00028C1C A3=00FFE3FC A4=00FFE3F8 A5=00000000 A6=00000000 A7=00FF7F90 D0=00000002 D1=00000019 D2=00000000 D3=00000000 D4=00000032 D5=00000000 D6=00000000 D7=00000000 xnzvc
02:AE94  36 BC  MOVE.W  #$0033,(A3)              A0=00FFA60B A1=00FFD940 A2=00028C1C A3=00FFE3FC A4=00FFE3F8 A5=00000000 A6=00000000 A7=00FF7F9C D0=00000002 D1=00000019 D2=00000000 D3=00000000 D4=00000032 D5=00000000 D6=00000000 D7=00000000 xnzvc
02:AE98  74 01  MOVEQ   #$01,D2                  A0=00FFA60B A1=00FFD940 A2=00028C1C A3=00FFE3FC A4=00FFE3F8 A5=00000000 A6=00000000 A7=00FF7F9C D0=00000002 D1=00000019 D2=00000000 D3=00000000 D4=00000032 D5=00000000 D6=00000000 D7=00000000 xnzvc
02:AE9A  76 01  MOVEQ   #$01,D3                  A0=00FFA60B A1=00FFD940 A2=00028C1C A3=00FFE3FC A4=00FFE3F8 A5=00000000 A6=00000000 A7=00FF7F9C D0=00000002 D1=00000019 D2=00000001 D3=00000000 D4=00000032 D5=00000000 D6=00000000 D7=00000000 xnzvc
02:AE9C  60 00  BRA     #$0094 [02:AF32]         A0=00FFA60B A1=00FFD940 A2=00028C1C A3=00FFE3FC A4=00FFE3F8 A5=00000000 A6=00000000 A7=00FF7F9C D0=00000002 D1=00000019 D2=00000001 D3=00000001 D4=00000032 D5=00000000 D6=00000000 D7=00000000 xnzvc
02:AEA0  48 78  PEA     ($0097)                  A0=00FF9364 A1=000349E6 A2=00028C1C A3=00FFE3FC A4=00FFE3F8 A5=00000000 A6=00000000 A7=00FF7F9C D0=0000005A D1=0000000E D2=00000000 D3=00000001 D4=00000065 D5=00000000 D6=00000000 D7=00000000 xnzvc
02:AEA4  48 78  PEA     ($0068)                  A0=00FF9364 A1=000349E6 A2=00028C1C A3=00FFE3FC A4=00FFE3F8 A5=00000000 A6=00000000 A7=00FF7F98 D0=0000005A D1=0000000E D2=00000000 D3=00000001 D4=00000065 D5=00000000 D6=00000000 D7=00000000 xnzvc
02:AEA8  48 78  PEA     ($0002)                  A0=00FF9364 A1=000349E6 A2=00028C1C A3=00FFE3FC A4=00FFE3F8 A5=00000000 A6=00000000 A7=00FF7F94 D0=0000005A D1=0000000E D2=00000000 D3=00000001 D4=00000065 D5=00000000 D6=00000000 D7=00000000 xnzvc
02:AEAC  60 38  BRA     #$38 [02:AEE6]           A0=00FF9364 A1=000349E6 A2=00028C1C A3=00FFE3FC A4=00FFE3F8 A5=00000000 A6=00000000 A7=00FF7F90 D0=0000005A D1=0000000E D2=00000000 D3=00000001 D4=00000065 D5=00000000 D6=00000000 D7=00000000 xnzvc
02:AEAE  48 78  PEA     ($0097)                  A0=00FF9364 A1=000348DE A2=00028C1C A3=00FFE3FC A4=00FFE3F8 A5=00000000 A6=00000000 A7=00FF7F9C D0=00000068 D1=00000000 D2=00000000 D3=00000001 D4=00000069 D5=00000000 D6=00000000 D7=00000000 xnzvc
02:AEB2  48 78  PEA     ($0068)                  A0=00FF9364 A1=000348DE A2=00028C1C A3=00FFE3FC A4=00FFE3F8 A5=00000000 A6=00000000 A7=00FF7F98 D0=00000068 D1=00000000 D2=00000000 D3=00000001 D4=00000069 D5=00000000 D6=00000000 D7=00000000 xnzvc
02:AEB6  48 78  PEA     ($0001)                  A0=00FF9364 A1=000348DE A2=00028C1C A3=00FFE3FC A4=00FFE3F8 A5=00000000 A6=00000000 A7=00FF7F94 D0=00000068 D1=00000000 D2=00000000 D3=00000001 D4=00000069 D5=00000000 D6=00000000 D7=00000000 xnzvc
02:AEBA  4E 92  JSR     (A2)                     A0=00FF9364 A1=000348DE A2=00028C1C A3=00FFE3FC A4=00FFE3F8 A5=00000000 A6=00000000 A7=00FF7F90 D0=00000068 D1=00000000 D2=00000000 D3=00000001 D4=00000069 D5=00000000 D6=00000000 D7=00000000 xnzvc
02:AEBC  4F EF  LEA     $000C(SP),A7             A0=00FFA60B A1=00FFD940 A2=00028C1C A3=00FFE3FC A4=00FFE3F8 A5=00000000 A6=00000000 A7=00FF7F90 D0=00000002 D1=00000019 D2=00000000 D3=00000001 D4=00000069 D5=00000000 D6=00000000 D7=00000000 xnzvc
02:AEC0  74 01  MOVEQ   #$01,D2                  A0=00FFA60B A1=00FFD940 A2=00028C1C A3=00FFE3FC A4=00FFE3F8 A5=00000000 A6=00000000 A7=00FF7F9C D0=00000002 D1=00000019 D2=00000000 D3=00000001 D4=00000069 D5=00000000 D6=00000000 D7=00000000 xnzvc
02:AEC2  76 02  MOVEQ   #$02,D3                  A0=00FFA60B A1=00FFD940 A2=00028C1C A3=00FFE3FC A4=00FFE3F8 A5=00000000 A6=00000000 A7=00FF7F9C D0=00000002 D1=00000019 D2=00000001 D3=00000001 D4=00000069 D5=00000000 D6=00000000 D7=00000000 xnzvc
02:AEC4  48 78  PEA     ($0005)                  A0=00FFA60B A1=00FFD940 A2=00028C1C A3=00FFE3FC A4=00FFE3F8 A5=00000000 A6=00000000 A7=00FF7F9C D0=00000002 D1=00000019 D2=00000001 D3=00000002 D4=00000069 D5=00000000 D6=00000000 D7=00000000 xnzvc
02:AEC8  48 78  PEA     ($0016)                  A0=00FFA60B A1=00FFD940 A2=00028C1C A3=00FFE3FC A4=00FFE3F8 A5=00000000 A6=00000000 A7=00FF7F98 D0=00000002 D1=00000019 D2=00000001 D3=00000002 D4=00000069 D5=00000000 D6=00000000 D7=00000000 xnzvc
02:AECC  60 3E  BRA     #$3E [02:AF0C]           A0=00FFA60B A1=00FFD940 A2=00028C1C A3=00FFE3FC A4=00FFE3F8 A5=00000000 A6=00000000 A7=00FF7F94 D0=00000002 D1=00000019 D2=00000001 D3=00000002 D4=00000069 D5=00000000 D6=00000000 D7=00000000 xnzvc
02:AECE  48 78  PEA     ($0097)                  A0=00FF9364 A1=0003476C A2=00028C1C A3=00FFE3FC A4=00FFE3F8 A5=00000000 A6=00000000 A7=00FF7F9C D0=00000088 D1=00000000 D2=00000000 D3=00000002 D4=0000006D D5=00000000 D6=00000000 D7=00000000 xnzvc
02:AED2  48 78  PEA     ($0068)                  A0=00FF9364 A1=0003476C A2=00028C1C A3=00FFE3FC A4=00FFE3F8 A5=00000000 A6=00000000 A7=00FF7F98 D0=00000088 D1=00000000 D2=00000000 D3=00000002 D4=0000006D D5=00000000 D6=00000000 D7=00000000 xnzvc
02:AED6  42 A7  CLR.L   -(SP)                    A0=00FF9364 A1=0003476C A2=00028C1C A3=00FFE3FC A4=00FFE3F8 A5=00000000 A6=00000000 A7=00FF7F94 D0=00000088 D1=00000000 D2=00000000 D3=00000002 D4=0000006D D5=00000000 D6=00000000 D7=00000000 xnzvc
02:AED8  60 48  BRA     #$48 [02:AF22]           A0=00FF9364 A1=0003476C A2=00028C1C A3=00FFE3FC A4=00FFE3F8 A5=00000000 A6=00000000 A7=00FF7F90 D0=00000088 D1=00000000 D2=00000000 D3=00000002 D4=0000006D D5=00000000 D6=00000000 D7=00000000 xnZvc
02:AEDA  48 78  PEA     ($0097)                  A0=00FF9364 A1=0003464C A2=00028C1C A3=00FFE3FC A4=00FFE3F8 A5=00000000 A6=00000000 A7=00FF7F9C D0=00000094 D1=00000000 D2=00000000 D3=00000002 D4=000000A0 D5=00000000 D6=00000000 D7=00000000 xnzvc
02:AEDE  48 78  PEA     ($0068)                  A0=00FF9364 A1=0003464C A2=00028C1C A3=00FFE3FC A4=00FFE3F8 A5=00000000 A6=00000000 A7=00FF7F98 D0=00000094 D1=00000000 D2=00000000 D3=00000002 D4=000000A0 D5=00000000 D6=00000000 D7=00000000 xnzvc
02:AEE2  48 78  PEA     ($0001)                  A0=00FF9364 A1=0003464C A2=00028C1C A3=00FFE3FC A4=00FFE3F8 A5=00000000 A6=00000000 A7=00FF7F94 D0=00000094 D1=00000000 D2=00000000 D3=00000002 D4=000000A0 D5=00000000 D6=00000000 D7=00000000 xnzvc
02:AEE6  4E 92  JSR     (A2)                     A0=00FF9364 A1=0003464C A2=00028C1C A3=00FFE3FC A4=00FFE3F8 A5=00000000 A6=00000000 A7=00FF7F90 D0=00000094 D1=00000000 D2=00000000 D3=00000002 D4=000000A0 D5=00000000 D6=00000000 D7=00000000 xnzvc
02:AEE8  4F EF  LEA     $000C(SP),A7             A0=00FFA60B A1=00FFD940 A2=00028C1C A3=00FFE3FC A4=00FFE3F8 A5=00000000 A6=00000000 A7=00FF7F90 D0=00000002 D1=00000019 D2=00000000 D3=00000002 D4=000000A0 D5=00000000 D6=00000000 D7=00000000 xnzvc
02:AEEC  60 44  BRA     #$44 [02:AF32]           A0=00FFA60B A1=00FFD940 A2=00028C1C A3=00FFE3FC A4=00FFE3F8 A5=00000000 A6=00000000 A7=00FF7F9C D0=00000002 D1=00000019 D2=00000000 D3=00000002 D4=000000A0 D5=00000000 D6=00000000 D7=00000000 xnzvc
02:AEEE  48 78  PEA     ($0097)                  A0=00FF9364 A1=0003476C A2=00028C1C A3=00FFE3FC A4=00FFE3F8 A5=00000000 A6=00000000 A7=00FF7F9C D0=000000A8 D1=00000000 D2=00000000 D3=00000002 D4=000000A4 D5=00000000 D6=00000000 D7=00000000 xnzvc
02:AEF2  48 78  PEA     ($0068)                  A0=00FF9364 A1=0003476C A2=00028C1C A3=00FFE3FC A4=00FFE3F8 A5=00000000 A6=00000000 A7=00FF7F98 D0=000000A8 D1=00000000 D2=00000000 D3=00000002 D4=000000A4 D5=00000000 D6=00000000 D7=00000000 xnzvc
02:AEF6  48 78  PEA     ($0002)                  A0=00FF9364 A1=0003476C A2=00028C1C A3=00FFE3FC A4=00FFE3F8 A5=00000000 A6=00000000 A7=00FF7F94 D0=000000A8 D1=00000000 D2=00000000 D3=00000002 D4=000000A4 D5=00000000 D6=00000000 D7=00000000 xnzvc
02:AEFA  4E 92  JSR     (A2)                     A0=00FF9364 A1=0003476C A2=00028C1C A3=00FFE3FC A4=00FFE3F8 A5=00000000 A6=00000000 A7=00FF7F90 D0=000000A8 D1=00000000 D2=00000000 D3=00000002 D4=000000A4 D5=00000000 D6=00000000 D7=00000000 xnzvc
02:AEFC  4F EF  LEA     $000C(SP),A7             A0=00FFA60B A1=00FFD940 A2=00028C1C A3=00FFE3FC A4=00FFE3F8 A5=00000000 A6=00000000 A7=00FF7F90 D0=00000002 D1=00000019 D2=00000000 D3=00000002 D4=000000A4 D5=00000000 D6=00000000 D7=00000000 xnzvc
02:AF00  74 01  MOVEQ   #$01,D2                  A0=00FFA60B A1=00FFD940 A2=00028C1C A3=00FFE3FC A4=00FFE3F8 A5=00000000 A6=00000000 A7=00FF7F9C D0=00000002 D1=00000019 D2=00000000 D3=00000002 D4=000000A4 D5=00000000 D6=00000000 D7=00000000 xnzvc
02:AF02  76 01  MOVEQ   #$01,D3                  A0=00FFA60B A1=00FFD940 A2=00028C1C A3=00FFE3FC A4=00FFE3F8 A5=00000000 A6=00000000 A7=00FF7F9C D0=00000002 D1=00000019 D2=00000001 D3=00000002 D4=000000A4 D5=00000000 D6=00000000 D7=00000000 xnzvc
02:AF04  48 78  PEA     ($0005)                  A0=00FFA60B A1=00FFD940 A2=00028C1C A3=00FFE3FC A4=00FFE3F8 A5=00000000 A6=00000000 A7=00FF7F9C D0=00000002 D1=00000019 D2=00000001 D3=00000001 D4=000000A4 D5=00000000 D6=00000000 D7=00000000 xnzvc
02:AF08  48 78  PEA     ($0015)                  A0=00FFA60B A1=00FFD940 A2=00028C1C A3=00FFE3FC A4=00FFE3F8 A5=00000000 A6=00000000 A7=00FF7F98 D0=00000002 D1=00000019 D2=00000001 D3=00000001 D4=000000A4 D5=00000000 D6=00000000 D7=00000000 xnzvc
02:AF0C  4E B9  JSR     ($0003F700)              A0=00FFA60B A1=00FFD940 A2=00028C1C A3=00FFE3FC A4=00FFE3F8 A5=00000000 A6=00000000 A7=00FF7F94 D0=00000002 D1=00000019 D2=00000001 D3=00000001 D4=000000A4 D5=00000000 D6=00000000 D7=00000000 xnzvc
02:AF12  50 8F  ADDQ.L  #8,SP                    A0=00FFA60B A1=00FFD940 A2=00028C1C A3=00FFE3FC A4=00FFE3F8 A5=00000000 A6=00000000 A7=00FF7F94 D0=00000005 D1=00000019 D2=00000001 D3=00000001 D4=000000A4 D5=00000000 D6=00000000 D7=00000000 xnzvc
02:AF14  60 1C  BRA     #$1C [02:AF32]           A0=00FFA60B A1=00FFD940 A2=00028C1C A3=00FFE3FC A4=00FFE3F8 A5=00000000 A6=00000000 A7=00FF7F9C D0=00000005 D1=00000019 D2=00000001 D3=00000001 D4=000000A4 D5=00000000 D6=00000000 D7=00000000 xnzvc
02:AF16  48 78  PEA     ($0097)                  A0=00FF9364 A1=000333B6 A2=00028C1C A3=00FFE3FC A4=00FFE3F8 A5=00000000 A6=00000000 A7=00FF7F9C D0=000000D0 D1=00000000 D2=00000000 D3=00000001 D4=000000A8 D5=00000000 D6=00000000 D7=00000000 xnzvc
02:AF1A  48 78  PEA     ($0068)                  A0=00FF9364 A1=000333B6 A2=00028C1C A3=00FFE3FC A4=00FFE3F8 A5=00000000 A6=00000000 A7=00FF7F98 D0=000000D0 D1=00000000 D2=00000000 D3=00000001 D4=000000A8 D5=00000000 D6=00000000 D7=00000000 xnzvc
02:AF1E  48 78  PEA     ($0003)                  A0=00FF9364 A1=000333B6 A2=00028C1C A3=00FFE3FC A4=00FFE3F8 A5=00000000 A6=00000000 A7=00FF7F94 D0=000000D0 D1=00000000 D2=00000000 D3=00000001 D4=000000A8 D5=00000000 D6=00000000 D7=00000000 xnzvc
02:AF22  4E 92  JSR     (A2)                     A0=00FF9364 A1=000333B6 A2=00028C1C A3=00FFE3FC A4=00FFE3F8 A5=00000000 A6=00000000 A7=00FF7F90 D0=000000D0 D1=00000000 D2=00000000 D3=00000001 D4=000000A8 D5=00000000 D6=00000000 D7=00000000 xnzvc
02:AF24  4F EF  LEA     $000C(SP),A7             A0=00FFA60B A1=00FFD940 A2=00028C1C A3=00FFE3FC A4=00FFE3F8 A5=00000000 A6=00000000 A7=00FF7F90 D0=00000002 D1=00000019 D2=00000000 D3=00000001 D4=000000A8 D5=00000000 D6=00000000 D7=00000000 xnzvc
02:AF28  36 BC  MOVE.W  #$0033,(A3)              A0=00FFA60B A1=00FFD940 A2=00028C1C A3=00FFE3FC A4=00FFE3F8 A5=00000000 A6=00000000 A7=00FF7F9C D0=00000002 D1=00000019 D2=00000000 D3=00000001 D4=000000A8 D5=00000000 D6=00000000 D7=00000000 xnzvc
02:AF2C  60 04  BRA     #$04 [02:AF32]           A0=00FFA60B A1=00FFD940 A2=00028C1C A3=00FFE3FC A4=00FFE3F8 A5=00000000 A6=00000000 A7=00FF7F9C D0=00000002 D1=00000019 D2=00000000 D3=00000001 D4=000000A8 D5=00000000 D6=00000000 D7=00000000 xnzvc
02:AF2E  38 BC  MOVE.W  #$FFFF,(A4)              A0=00FF9364 A1=000349E6 A2=00028C1C A3=00FFE3FC A4=00FFE3F8 A5=00000000 A6=00000000 A7=00FF7F9C D0=000000E8 D1=00000000 D2=00000000 D3=00000001 D4=000000DB D5=00000000 D6=00000000 D7=00000000 xnzvc
02:AF32  0C 54  CMPI.W  #$FFFF,(A4)              A0=00FF9364 A1=00033492 A2=00028C1C A3=00FFE3FC A4=00FFE3F8 A5=00000000 A6=00000000 A7=00FF7F9C D0=0000000F D1=0000001F D2=00000000 D3=00000001 D4=0000003F D5=00000000 D6=00000000 D7=00000000 xnzvc
02:AF36  67 18  BEQ     #$18 [02:AF50]           A0=00FF9364 A1=00033492 A2=00028C1C A3=00FFE3FC A4=00FFE3F8 A5=00000000 A6=00000000 A7=00FF7F9C D0=0000000F D1=0000001F D2=00000000 D3=00000001 D4=0000003F D5=00000000 D6=00000000 D7=00000000 xnzvC
02:AF38  4E B9  JSR     ($0002706C)              A0=00FF9364 A1=00033492 A2=00028C1C A3=00FFE3FC A4=00FFE3F8 A5=00000000 A6=00000000 A7=00FF7F9C D0=0000000F D1=0000001F D2=00000000 D3=00000001 D4=0000003F D5=00000000 D6=00000000 D7=00000000 xnzvC
02:AF3E  2A 00  MOVE.L  D0,D5                    A0=00FF9364 A1=00033492 A2=00028C1C A3=00FFE3FC A4=00FFE3F8 A5=00000000 A6=00000000 A7=00FF7F9C D0=00000000 D1=0000FF3F D2=00000000 D3=00000001 D4=0000003F D5=00000000 D6=00000000 D7=00000000 xnZvc
02:AF40  4E B9  JSR     ($00027006)              A0=00FF9364 A1=00033492 A2=00028C1C A3=00FFE3FC A4=00FFE3F8 A5=00000000 A6=00000000 A7=00FF7F9C D0=00000000 D1=0000FF3F D2=00000000 D3=00000001 D4=0000003F D5=00000000 D6=00000000 D7=00000000 xnZvc
02:AF46  8A 80  OR.L    D0,D5                    A0=00FF9364 A1=00033492 A2=00028C1C A3=00FFE3FC A4=00FFE3F8 A5=00000000 A6=00000000 A7=00FF7F9C D0=00000000 D1=0000FF3F D2=00000000 D3=00000001 D4=0000003F D5=00000000 D6=00000000 D7=00000000 xnZvc
02:AF48  08 05  BTST    #7,D5                    A0=00FF9364 A1=00033492 A2=00028C1C A3=00FFE3FC A4=00FFE3F8 A5=00000000 A6=00000000 A7=00FF7F9C D0=00000000 D1=0000FF3F D2=00000000 D3=00000001 D4=0000003F D5=00000000 D6=00000000 D7=00000000 xnZvc
02:AF4C  67 00  BEQ     #$FE8C [02:ADDA]         A0=00FF9364 A1=00033492 A2=00028C1C A3=00FFE3FC A4=00FFE3F8 A5=00000000 A6=00000000 A7=00FF7F9C D0=00000000 D1=0000FF3F D2=00000000 D3=00000001 D4=0000003F D5=00000000 D6=00000000 D7=00000000 xnZvc
02:AF50  4E B9  JSR     ($00028BDE)              A0=00FF9364 A1=000349E6 A2=00028C1C A3=00FFE3FC A4=00FFE3F8 A5=00000000 A6=00000000 A7=00FF7F9C D0=000000E8 D1=00000000 D2=00000000 D3=00000001 D4=000000DB D5=00000000 D6=00000000 D7=00000000 xnZvc
02:AF56  4E B9  JSR     ($000294E4)              A0=00FFD9C6 A1=000349E6 A2=00028C1C A3=00FFE3FC A4=00FFE3F8 A5=00000000 A6=00000000 A7=00FF7F9C D0=00000000 D1=00000000 D2=00000000 D3=00000001 D4=000000DB D5=00000000 D6=00000000 D7=00000000 xnZvc
02:AF5C  42 44  CLR.W   D4                       A0=00FFE3EE A1=000349E6 A2=00028C1C A3=00FFE3FC A4=00FFE3F8 A5=00000000 A6=00000000 A7=00FF7F9C D0=00000005 D1=00000003 D2=00000000 D3=00000001 D4=000000DB D5=00000000 D6=00000000 D7=00000000 xnZvc
02:AF5E  23 FC  MOVE.L  #$7C020003,($00C00004)   A0=00FFE3EE A1=000349E6 A2=00028C1C A3=00FFE3FC A4=00FFE3F8 A5=00000000 A6=00000000 A7=00FF7F9C D0=00000005 D1=00000003 D2=00000000 D3=00000001 D4=00000000 D5=00000000 D6=00000000 D7=00000000 xnZvc
02:AF68  33 C4  MOVE.W  D4,($00C00000)           A0=00FFE3EE A1=000349E6 A2=00028C1C A3=00FFE3FC A4=00FFE3F8 A5=00000000 A6=00000000 A7=00FF7F9C D0=00000005 D1=00000003 D2=00000000 D3=00000001 D4=00000000 D5=00000000 D6=00000000 D7=00000000 xnzvc
02:AF6E  42 A7  CLR.L   -(SP)                    A0=00FFE3EE A1=000349E6 A2=00028C1C A3=00FFE3FC A4=00FFE3F8 A5=00000000 A6=00000000 A7=00FF7F9C D0=00000005 D1=00000003 D2=00000000 D3=00000001 D4=00000000 D5=00000000 D6=00000000 D7=00000000 xnZvc
02:AF70  42 A7  CLR.L   -(SP)                    A0=00FFE3EE A1=000349E6 A2=00028C1C A3=00FFE3FC A4=00FFE3F8 A5=00000000 A6=00000000 A7=00FF7F98 D0=00000005 D1=00000003 D2=00000000 D3=00000001 D4=00000000 D5=00000000 D6=00000000 D7=00000000 xnZvc
02:AF72  4E B9  JSR     ($000278A6)              A0=00FFE3EE A1=000349E6 A2=00028C1C A3=00FFE3FC A4=00FFE3F8 A5=00000000 A6=00000000 A7=00FF7F94 D0=00000005 D1=00000003 D2=00000000 D3=00000001 D4=00000000 D5=00000000 D6=00000000 D7=00000000 xnZvc
02:AF78  50 8F  ADDQ.L  #8,SP                    A0=00FF9364 A1=00FF8036 A2=00028C1C A3=00FFE3FC A4=00FFE3F8 A5=00000000 A6=00000000 A7=00FF7F94 D0=00000001 D1=00000000 D2=00000000 D3=00000001 D4=00000000 D5=00000000 D6=00000000 D7=00000000 xnzvc
02:AF7A  0C 54  CMPI.W  #$FFFF,(A4)              A0=00FF9364 A1=00FF8036 A2=00028C1C A3=00FFE3FC A4=00FFE3F8 A5=00000000 A6=00000000 A7=00FF7F9C D0=00000001 D1=00000000 D2=00000000 D3=00000001 D4=00000000 D5=00000000 D6=00000000 D7=00000000 xnzvc
02:AF7E  56 C0  STNE    D0 [02:AF40]             A0=00FF9364 A1=00FF8036 A2=00028C1C A3=00FFE3FC A4=00FFE3F8 A5=00000000 A6=00000000 A7=00FF7F9C D0=00000001 D1=00000000 D2=00000000 D3=00000001 D4=00000000 D5=00000000 D6=00000000 D7=00000000 xnZvc
02:AF80  44 00  NEG.B   D0                       A0=00FF9364 A1=00FF8036 A2=00028C1C A3=00FFE3FC A4=00FFE3F8 A5=00000000 A6=00000000 A7=00FF7F9C D0=00000000 D1=00000000 D2=00000000 D3=00000001 D4=00000000 D5=00000000 D6=00000000 D7=00000000 xnZvc
02:AF82  48 80  EXT.W   D0                       A0=00FF9364 A1=00FF8036 A2=00028C1C A3=00FFE3FC A4=00FFE3F8 A5=00000000 A6=00000000 A7=00FF7F9C D0=00000000 D1=00000000 D2=00000000 D3=00000001 D4=00000000 D5=00000000 D6=00000000 D7=00000000 xnZvc
02:AF84  48 C0  EXT.L   D0                       A0=00FF9364 A1=00FF8036 A2=00028C1C A3=00FFE3FC A4=00FFE3F8 A5=00000000 A6=00000000 A7=00FF7F9C D0=00000000 D1=00000000 D2=00000000 D3=00000001 D4=00000000 D5=00000000 D6=00000000 D7=00000000 xnZvc
02:AF86  30 00  MOVE.W  D0,D0                    A0=00FF9364 A1=00FF8036 A2=00028C1C A3=00FFE3FC A4=00FFE3F8 A5=00000000 A6=00000000 A7=00FF7F9C D0=00000000 D1=00000000 D2=00000000 D3=00000001 D4=00000000 D5=00000000 D6=00000000 D7=00000000 xnZvc
02:AF88  30 00  MOVE.W  D0,D0                    A0=00FF9364 A1=00FF8036 A2=00028C1C A3=00FFE3FC A4=00FFE3F8 A5=00000000 A6=00000000 A7=00FF7F9C D0=00000000 D1=00000000 D2=00000000 D3=00000001 D4=00000000 D5=00000000 D6=00000000 D7=00000000 xnZvc
02:AF8A  48 C0  EXT.L   D0                       A0=00FF9364 A1=00FF8036 A2=00028C1C A3=00FFE3FC A4=00FFE3F8 A5=00000000 A6=00000000 A7=00FF7F9C D0=00000000 D1=00000000 D2=00000000 D3=00000001 D4=00000000 D5=00000000 D6=00000000 D7=00000000 xnZvc
02:AF8C  4C DF  MOVEM.L (SP)+,{a7-d0}[1c 3c]     A0=00FF9364 A1=00FF8036 A2=00028C1C A3=00FFE3FC A4=00FFE3F8 A5=00000000 A6=00000000 A7=00FF7F9C D0=00000000 D1=00000000 D2=00000000 D3=00000001 D4=00000000 D5=00000000 D6=00000000 D7=00000000 xnZvc
02:AF90  4E 75  RTS                              A0=00FF9364 A1=00FF8036 A2=00FF8038 A3=00FF8036 A4=00FF8000 A5=00000000 A6=00000000 A7=00FF7FB8 D0=00000000 D1=00000000 D2=00000001 D3=00000000 D4=00000000 D5=00000000 D6=00000000 D7=00000000 xnZvc

02:AF92  48 E7  MOVEM.L {d0-a7}[3e 38],-(SP)     A0=00FF9364 A1=00FF8036 A2=00FF8038 A3=00FF8036 A4=00FF8000 A5=00000000 A6=00000000 A7=00FF7FB8 D0=00000000 D1=00000000 D2=00000001 D3=00000000 D4=00000000 D5=00000000 D6=00000000 D7=00000000 xnZvc
02:AF96  24 7C  MOVE.L  #$00FF8036,A2            A0=00FF9364 A1=00FF8036 A2=00FF8038 A3=00FF8036 A4=00FF8000 A5=00000000 A6=00000000 A7=00FF7F98 D0=00000000 D1=00000000 D2=00000001 D3=00000000 D4=00000000 D5=00000000 D6=00000000 D7=00000000 xnZvc
02:AF9C  26 7C  MOVE.L  #$00FFE3F8,A3            A0=00FF9364 A1=00FF8036 A2=00FF8036 A3=00FF8036 A4=00FF8000 A5=00000000 A6=00000000 A7=00FF7F98 D0=00000000 D1=00000000 D2=00000001 D3=00000000 D4=00000000 D5=00000000 D6=00000000 D7=00000000 xnZvc
02:AFA2  28 7C  MOVE.L  #$00FF8038,A4            A0=00FF9364 A1=00FF8036 A2=00FF8036 A3=00FFE3F8 A4=00FF8000 A5=00000000 A6=00000000 A7=00FF7F98 D0=00000000 D1=00000000 D2=00000001 D3=00000000 D4=00000000 D5=00000000 D6=00000000 D7=00000000 xnZvc
02:AFA8  4E B9  JSR     ($0002835A)              A0=00FF9364 A1=00FF8036 A2=00FF8036 A3=00FFE3F8 A4=00FF8038 A5=00000000 A6=00000000 A7=00FF7F98 D0=00000000 D1=00000000 D2=00000001 D3=00000000 D4=00000000 D5=00000000 D6=00000000 D7=00000000 xnZvc
02:AFAE  4E B9  JSR     ($000294A2)              A0=00FFE3C6 A1=00FFA65A A2=00FF8036 A3=00FFE3F8 A4=00FF8038 A5=00000000 A6=00000000 A7=00FF7F98 D0=00000002 D1=00000001 D2=00000001 D3=00000000 D4=00000000 D5=00000000 D6=00000000 D7=00000000 xnZvc
02:AFB4  42 A7  CLR.L   -(SP)                    A0=00FFE3EE A1=00FFA65A A2=00FF8036 A3=00FFE3F8 A4=00FF8038 A5=00000000 A6=00000000 A7=00FF7F98 D0=00000003 D1=0000000C D2=00000001 D3=00000000 D4=00000000 D5=00000000 D6=00000000 D7=00000000 xnzvc
02:AFB6  48 79  PEA     ($000982C8)              A0=00FFE3EE A1=00FFA65A A2=00FF8036 A3=00FFE3F8 A4=00FF8038 A5=00000000 A6=00000000 A7=00FF7F94 D0=00000003 D1=0000000C D2=00000001 D3=00000000 D4=00000000 D5=00000000 D6=00000000 D7=00000000 xnZvc
02:AFBC  4E B9  JSR     ($00026FDA)              A0=00FFE3EE A1=00FFA65A A2=00FF8036 A3=00FFE3F8 A4=00FF8038 A5=00000000 A6=00000000 A7=00FF7F90 D0=00000003 D1=0000000C D2=00000001 D3=00000000 D4=00000000 D5=00000000 D6=00000000 D7=00000000 xnZvc
02:AFC2  50 8F  ADDQ.L  #8,SP                    A0=000982E8 A1=00FFA65A A2=00FF8036 A3=00FFE3F8 A4=00FF8038 A5=00000000 A6=00000000 A7=00FF7F90 D0=C000FFFF D1=0000000C D2=00000001 D3=00000000 D4=00000000 D5=00000000 D6=00000000 D7=00000000 xnzvc
02:AFC4  42 42  CLR.W   D2                       A0=000982E8 A1=00FFA65A A2=00FF8036 A3=00FFE3F8 A4=00FF8038 A5=00000000 A6=00000000 A7=00FF7F98 D0=C000FFFF D1=0000000C D2=00000001 D3=00000000 D4=00000000 D5=00000000 D6=00000000 D7=00000000 xnzvc
02:AFC6  42 53  CLR.W   (A3)                     A0=000982E8 A1=00FFA65A A2=00FF8036 A3=00FFE3F8 A4=00FF8038 A5=00000000 A6=00000000 A7=00FF7F98 D0=C000FFFF D1=0000000C D2=00000000 D3=00000000 D4=00000000 D5=00000000 D6=00000000 D7=00000000 xnZvc
02:AFC8  33 FC  MOVE.W  #$0022,($00FFE3FC)       A0=000982E8 A1=00FFA65A A2=00FF8036 A3=00FFE3F8 A4=00FF8038 A5=00000000 A6=00000000 A7=00FF7F98 D0=C000FFFF D1=0000000C D2=00000000 D3=00000000 D4=00000000 D5=00000000 D6=00000000 D7=00000000 xnZvc
02:AFD0  78 01  MOVEQ   #$01,D4                  A0=000982E8 A1=00FFA65A A2=00FF8036 A3=00FFE3F8 A4=00FF8038 A5=00000000 A6=00000000 A7=00FF7F98 D0=C000FFFF D1=0000000C D2=00000000 D3=00000000 D4=00000000 D5=00000000 D6=00000000 D7=00000000 xnzvc
02:AFD2  42 45  CLR.W   D5                       A0=000982E8 A1=00FFA65A A2=00FF8036 A3=00FFE3F8 A4=00FF8038 A5=00000000 A6=00000000 A7=00FF7F98 D0=C000FFFF D1=0000000C D2=00000000 D3=00000000 D4=00000001 D5=00000000 D6=00000000 D7=00000000 xnzvc
02:AFD4  23 FC  MOVE.L  #$7C020003,($00C00004)   A0=000982E8 A1=00FFA65A A2=00FF8036 A3=00FFE3F8 A4=00FF8038 A5=00000000 A6=00000000 A7=00FF7F98 D0=C000FFFF D1=0000000C D2=00000000 D3=00000000 D4=00000001 D5=00000000 D6=00000000 D7=00000000 xnZvc
02:AFDE  30 05  MOVE.W  D5,D0                    A0=000982E8 A1=00FFA65A A2=00FF8036 A3=00FFE3F8 A4=00FF8038 A5=00000000 A6=00000000 A7=00FF7F98 D0=C000FFFF D1=0000000C D2=00000000 D3=00000000 D4=00000001 D5=00000000 D6=00000000 D7=00000000 xnzvc
02:AFE0  48 C0  EXT.L   D0                       A0=000982E8 A1=00FFA65A A2=00FF8036 A3=00FFE3F8 A4=00FF8038 A5=00000000 A6=00000000 A7=00FF7F98 D0=C0000000 D1=0000000C D2=00000000 D3=00000000 D4=00000001 D5=00000000 D6=00000000 D7=00000000 xnZvc
02:AFE2  6C 08  BGE     #$08 [02:AFEC]           A0=000982E8 A1=00FFA65A A2=00FF8036 A3=00FFE3F8 A4=00FF8038 A5=00000000 A6=00000000 A7=00FF7F98 D0=00000000 D1=0000000C D2=00000000 D3=00000000 D4=00000001 D5=00000000 D6=00000000 D7=00000000 xnZvc
02:AFEC  E4 88  LSR.L   #2,D0                    A0=000982E8 A1=00FFA65A A2=00FF8036 A3=00FFE3F8 A4=00FF8038 A5=00000000 A6=00000000 A7=00FF7F98 D0=00000000 D1=0000000C D2=00000000 D3=00000000 D4=00000001 D5=00000000 D6=00000000 D7=00000000 xnZvc
02:AFEE  33 C0  MOVE.W  D0,($00C00000)           A0=000982E8 A1=00FFA65A A2=00FF8036 A3=00FFE3F8 A4=00FF8038 A5=00000000 A6=00000000 A7=00FF7F98 D0=00000000 D1=0000000C D2=00000000 D3=00000000 D4=00000001 D5=00000000 D6=00000000 D7=00000000 xnZvc
02:AFF4  42 43  CLR.W   D3                       A0=000982E8 A1=00FFA65A A2=00FF8036 A3=00FFE3F8 A4=00FF8038 A5=00000000 A6=00000000 A7=00FF7F98 D0=00000000 D1=0000000C D2=00000000 D3=00000000 D4=00000001 D5=00000000 D6=00000000 D7=00000000 xnZvc
02:AFF6  13 FC  MOVE.B  #$0A,($00FFE3A6)         A0=000982E8 A1=00FFA65A A2=00FF8036 A3=00FFE3F8 A4=00FF8038 A5=00000000 A6=00000000 A7=00FF7F98 D0=00000000 D1=0000000C D2=00000000 D3=00000000 D4=00000001 D5=00000000 D6=00000000 D7=00000000 xnZvc
02:AFFE  48 78  PEA     ($0001)                  A0=000982E8 A1=00FFA65A A2=00FF8036 A3=00FFE3F8 A4=00FF8038 A5=00000000 A6=00000000 A7=00FF7F98 D0=00000000 D1=0000000C D2=00000000 D3=00000000 D4=00000001 D5=00000000 D6=00000000 D7=00000000 xnzvc
02:B002  4E B9  JSR     ($00027228)              A0=000982E8 A1=00FFA65A A2=00FF8036 A3=00FFE3F8 A4=00FF8038 A5=00000000 A6=00000000 A7=00FF7F94 D0=00000000 D1=0000000C D2=00000000 D3=00000000 D4=00000001 D5=00000000 D6=00000000 D7=00000000 xnzvc
02:B008  48 78  PEA     ($0097)                  A0=00FFD8DC A1=0008F0CB A2=00FF8036 A3=00FFE3F8 A4=00FF8038 A5=00000000 A6=00000000 A7=00FF7F94 D0=00000002 D1=00000002 D2=00000000 D3=00000000 D4=00000001 D5=00000000 D6=00000000 D7=00000000 xNzvc
02:B00C  48 78  PEA     ($0068)                  A0=00FFD8DC A1=0008F0CB A2=00FF8036 A3=00FFE3F8 A4=00FF8038 A5=00000000 A6=00000000 A7=00FF7F90 D0=00000002 D1=00000002 D2=00000000 D3=00000000 D4=00000001 D5=00000000 D6=00000000 D7=00000000 xNzvc
02:B010  42 A7  CLR.L   -(SP)                    A0=00FFD8DC A1=0008F0CB A2=00FF8036 A3=00FFE3F8 A4=00FF8038 A5=00000000 A6=00000000 A7=00FF7F8C D0=00000002 D1=00000002 D2=00000000 D3=00000000 D4=00000001 D5=00000000 D6=00000000 D7=00000000 xNzvc
02:B012  4E B9  JSR     ($0002843A)              A0=00FFD8DC A1=0008F0CB A2=00FF8036 A3=00FFE3F8 A4=00FF8038 A5=00000000 A6=00000000 A7=00FF7F88 D0=00000002 D1=00000002 D2=00000000 D3=00000000 D4=00000001 D5=00000000 D6=00000000 D7=00000000 xnZvc
02:B018  48 78  PEA     ($0097)                  A0=00FFA595 A1=00FFD940 A2=00FF8036 A3=00FFE3F8 A4=00FF8038 A5=00000000 A6=00000000 A7=00FF7F88 D0=00000002 D1=00000019 D2=00000000 D3=00000000 D4=00000001 D5=00000000 D6=00000000 D7=00000000 xnZvc
02:B01C  48 78  PEA     ($0068)                  A0=00FFA595 A1=00FFD940 A2=00FF8036 A3=00FFE3F8 A4=00FF8038 A5=00000000 A6=00000000 A7=00FF7F84 D0=00000002 D1=00000019 D2=00000000 D3=00000000 D4=00000001 D5=00000000 D6=00000000 D7=00000000 xnZvc
02:B020  48 78  PEA     ($0001)                  A0=00FFA595 A1=00FFD940 A2=00FF8036 A3=00FFE3F8 A4=00FF8038 A5=00000000 A6=00000000 A7=00FF7F80 D0=00000002 D1=00000019 D2=00000000 D3=00000000 D4=00000001 D5=00000000 D6=00000000 D7=00000000 xnZvc
02:B024  4E B9  JSR     ($0002843A)              A0=00FFA595 A1=00FFD940 A2=00FF8036 A3=00FFE3F8 A4=00FF8038 A5=00000000 A6=00000000 A7=00FF7F7C D0=00000002 D1=00000019 D2=00000000 D3=00000000 D4=00000001 D5=00000000 D6=00000000 D7=00000000 xnZvc
02:B02A  4F EF  LEA     $001C(SP),A7             A0=00FFA60D A1=00FFD940 A2=00FF8036 A3=00FFE3F8 A4=00FF8038 A5=00000000 A6=00000000 A7=00FF7F7C D0=00000002 D1=00000019 D2=00000000 D3=00000000 D4=00000001 D5=00000000 D6=00000000 D7=00000000 xnZvc
02:B02E  60 00  BRA     #$01B6 [02:B1E6]         A0=00FFA60D A1=00FFD940 A2=00FF8036 A3=00FFE3F8 A4=00FF8038 A5=00000000 A6=00000000 A7=00FF7F98 D0=00000002 D1=00000019 D2=00000000 D3=00000000 D4=00000001 D5=00000000 D6=00000000 D7=00000000 xnZvc
02:B032  42 A7  CLR.L   -(SP)                    A0=00FFA85A A1=0003344C A2=00FF8036 A3=00FFE3F8 A4=00FF8038 A5=00000000 A6=00000000 A7=00FF7F98 D0=00000000 D1=0000FF3F D2=00000000 D3=FFFFFFFF D4=00000002 D5=0000FF18 D6=00000000 D7=00000000 xnZvc
02:B034  4E B9  JSR     ($00027228)              A0=00FFA85A A1=0003344C A2=00FF8036 A3=00FFE3F8 A4=00FF8038 A5=00000000 A6=00000000 A7=00FF7F94 D0=00000000 D1=0000FF3F D2=00000000 D3=FFFFFFFF D4=00000002 D5=0000FF18 D6=00000000 D7=00000000 xnZvc
02:B03A  4A 42  TST.W   D2                       A0=00FFD8DC A1=0008F0CB A2=00FF8036 A3=00FFE3F8 A4=00FF8038 A5=00000000 A6=00000000 A7=00FF7F94 D0=00000002 D1=00000002 D2=00000000 D3=FFFFFFFF D4=00000002 D5=0000FF18 D6=00000000 D7=00000000 xNzvc
02:B03C  58 8F  ADDQ.L  #4,SP                    A0=00FFD8DC A1=0008F0CB A2=00FF8036 A3=00FFE3F8 A4=00FF8038 A5=00000000 A6=00000000 A7=00FF7F94 D0=00000002 D1=00000002 D2=00000000 D3=FFFFFFFF D4=00000002 D5=0000FF18 D6=00000000 D7=00000000 xnZvc
02:B03E  67 1A  BEQ     #$1A [02:B05A]           A0=00FFD8DC A1=0008F0CB A2=00FF8036 A3=00FFE3F8 A4=00FF8038 A5=00000000 A6=00000000 A7=00FF7F98 D0=00000002 D1=00000002 D2=00000000 D3=FFFFFFFF D4=00000002 D5=0000FF18 D6=00000000 D7=00000000 xnZvc
02:B040  0C 42  CMPI.W  #$0001,D2                A0=00FFE3A4 A1=000331BC A2=00FF8036 A3=00FFE3F8 A4=00FF8038 A5=00000000 A6=00000000 A7=00FF7F98 D0=00000000 D1=00002342 D2=00000002 D3=00000000 D4=00000004 D5=0000FEF0 D6=00000000 D7=00000000 xnzvc
02:B044  66 08  BNE     #$08 [02:B04E]           A0=00FFE3A4 A1=000331BC A2=00FF8036 A3=00FFE3F8 A4=00FF8038 A5=00000000 A6=00000000 A7=00FF7F98 D0=00000000 D1=00002342 D2=00000002 D3=00000000 D4=00000004 D5=0000FEF0 D6=00000000 D7=00000000 xnzvc
02:B046  5A 52  ADDQ.W  #5,(A2)                  A0=00FFE3A4 A1=000331BC A2=00FF8036 A3=00FFE3F8 A4=00FF8038 A5=00000000 A6=00000000 A7=00FF7F98 D0=00000000 D1=00002340 D2=00000001 D3=00000000 D4=00000004 D5=0000FEF0 D6=00000000 D7=00000000 xnZvc
02:B048  5A 54  ADDQ.W  #5,(A4)                  A0=00FFE3A4 A1=000331BC A2=00FF8036 A3=00FFE3F8 A4=00FF8038 A5=00000000 A6=00000000 A7=00FF7F98 D0=00000000 D1=00002340 D2=00000001 D3=00000000 D4=00000004 D5=0000FEF0 D6=00000000 D7=00000000 xnzvc
02:B04A  74 02  MOVEQ   #$02,D2                  A0=00FFE3A4 A1=000331BC A2=00FF8036 A3=00FFE3F8 A4=00FF8038 A5=00000000 A6=00000000 A7=00FF7F98 D0=00000000 D1=00002340 D2=00000001 D3=00000000 D4=00000004 D5=0000FEF0 D6=00000000 D7=00000000 xnzvc
02:B04C  60 0C  BRA     #$0C [02:B05A]           A0=00FFE3A4 A1=000331BC A2=00FF8036 A3=00FFE3F8 A4=00FF8038 A5=00000000 A6=00000000 A7=00FF7F98 D0=00000000 D1=00002340 D2=00000002 D3=00000000 D4=00000004 D5=0000FEF0 D6=00000000 D7=00000000 xnzvc
02:B04E  0C 42  CMPI.W  #$0002,D2                A0=00FFE3A4 A1=000331BC A2=00FF8036 A3=00FFE3F8 A4=00FF8038 A5=00000000 A6=00000000 A7=00FF7F98 D0=00000000 D1=00002342 D2=00000002 D3=00000000 D4=00000004 D5=0000FEF0 D6=00000000 D7=00000000 xnzvc
02:B052  66 06  BNE     #$06 [02:B05A]           A0=00FFE3A4 A1=000331BC A2=00FF8036 A3=00FFE3F8 A4=00FF8038 A5=00000000 A6=00000000 A7=00FF7F98 D0=00000000 D1=00002342 D2=00000002 D3=00000000 D4=00000004 D5=0000FEF0 D6=00000000 D7=00000000 xnZvc
02:B054  5B 52  SUBQ.W  #5,(A2)                  A0=00FFE3A4 A1=000331BC A2=00FF8036 A3=00FFE3F8 A4=00FF8038 A5=00000000 A6=00000000 A7=00FF7F98 D0=00000000 D1=00002342 D2=00000002 D3=00000000 D4=00000004 D5=0000FEF0 D6=00000000 D7=00000000 xnZvc
02:B056  5B 54  SUBQ.W  #5,(A4)                  A0=00FFE3A4 A1=000331BC A2=00FF8036 A3=00FFE3F8 A4=00FF8038 A5=00000000 A6=00000000 A7=00FF7F98 D0=00000000 D1=00002342 D2=00000002 D3=00000000 D4=00000004 D5=0000FEF0 D6=00000000 D7=00000000 xnZvc
02:B058  74 01  MOVEQ   #$01,D2                  A0=00FFE3A4 A1=000331BC A2=00FF8036 A3=00FFE3F8 A4=00FF8038 A5=00000000 A6=00000000 A7=00FF7F98 D0=00000000 D1=00002342 D2=00000002 D3=00000000 D4=00000004 D5=0000FEF0 D6=00000000 D7=00000000 xnZvc
02:B05A  42 39  CLR.B   ($00FFD930)              A0=00FFD8DC A1=0008F0CB A2=00FF8036 A3=00FFE3F8 A4=00FF8038 A5=00000000 A6=00000000 A7=00FF7F98 D0=00000002 D1=00000002 D2=00000000 D3=FFFFFFFF D4=00000002 D5=0000FF18 D6=00000000 D7=00000000 xnZvc
02:B060  4E B9  JSR     ($0000CC62)              A0=00FFD8DC A1=0008F0CB A2=00FF8036 A3=00FFE3F8 A4=00FF8038 A5=00000000 A6=00000000 A7=00FF7F98 D0=00000002 D1=00000002 D2=00000000 D3=FFFFFFFF D4=00000002 D5=0000FF18 D6=00000000 D7=00000000 xnZvc
02:B066  48 78  PEA     ($0001)                  A0=00033448 A1=0003344C A2=00FF8036 A3=00FFE3F8 A4=00FF8038 A5=00000000 A6=00000000 A7=00FF7F98 D0=00000168 D1=0000002D D2=00000000 D3=FFFFFFFF D4=00000002 D5=0000FF18 D6=00000000 D7=00000000 xnzvc
02:B06A  4E B9  JSR     ($00000578)              A0=00033448 A1=0003344C A2=00FF8036 A3=00FFE3F8 A4=00FF8038 A5=00000000 A6=00000000 A7=00FF7F94 D0=00000168 D1=0000002D D2=00000000 D3=FFFFFFFF D4=00000002 D5=0000FF18 D6=00000000 D7=00000000 xnzvc
02:B070  4A 42  TST.W   D2                       A0=00033448 A1=0003344C A2=00FF8036 A3=00FFE3F8 A4=00FF8038 A5=00000000 A6=00000000 A7=00FF7F94 D0=00000000 D1=000021E1 D2=00000000 D3=FFFFFFFF D4=00000002 D5=0000FF18 D6=00000000 D7=00000000 xnZvc
02:B072  58 8F  ADDQ.L  #4,SP                    A0=00033448 A1=0003344C A2=00FF8036 A3=00FFE3F8 A4=00FF8038 A5=00000000 A6=00000000 A7=00FF7F94 D0=00000000 D1=000021E1 D2=00000000 D3=FFFFFFFF D4=00000002 D5=0000FF18 D6=00000000 D7=00000000 xnZvc
02:B074  67 26  BEQ     #$26 [02:B09C]           A0=00033448 A1=0003344C A2=00FF8036 A3=00FFE3F8 A4=00FF8038 A5=00000000 A6=00000000 A7=00FF7F98 D0=00000000 D1=000021E1 D2=00000000 D3=FFFFFFFF D4=00000002 D5=0000FF18 D6=00000000 D7=00000000 xnZvc
02:B076  23 FC  MOVE.L  #$40000010,($00C00004)   A0=0003319A A1=000331BC A2=00FF8036 A3=00FFE3F8 A4=00FF8038 A5=00000000 A6=00000000 A7=00FF7F98 D0=00000000 D1=00002344 D2=00000001 D3=00000000 D4=00000004 D5=0000FEF0 D6=00000000 D7=00000000 xnzvc
02:B080  33 D4  MOVE.W  (A4),($00C00000)         A0=0003319A A1=000331BC A2=00FF8036 A3=00FFE3F8 A4=00FF8038 A5=00000000 A6=00000000 A7=00FF7F98 D0=00000000 D1=00002344 D2=00000001 D3=00000000 D4=00000004 D5=0000FEF0 D6=00000000 D7=00000000 xnzvc
02:B086  23 FC  MOVE.L  #$7C000003,($00C00004)   A0=0003319A A1=000331BC A2=00FF8036 A3=00FFE3F8 A4=00FF8038 A5=00000000 A6=00000000 A7=00FF7F98 D0=00000000 D1=00002344 D2=00000001 D3=00000000 D4=00000004 D5=0000FEF0 D6=00000000 D7=00000000 xnZvc
02:B090  30 12  MOVE.W  (A2),D0                  A0=0003319A A1=000331BC A2=00FF8036 A3=00FFE3F8 A4=00FF8038 A5=00000000 A6=00000000 A7=00FF7F98 D0=00000000 D1=00002344 D2=00000001 D3=00000000 D4=00000004 D5=0000FEF0 D6=00000000 D7=00000000 xnzvc
02:B092  48 C0  EXT.L   D0                       A0=0003319A A1=000331BC A2=00FF8036 A3=00FFE3F8 A4=00FF8038 A5=00000000 A6=00000000 A7=00FF7F98 D0=00000000 D1=00002344 D2=00000001 D3=00000000 D4=00000004 D5=0000FEF0 D6=00000000 D7=00000000 xnZvc
02:B094  44 80  NEG.L   D0                       A0=0003319A A1=000331BC A2=00FF8036 A3=00FFE3F8 A4=00FF8038 A5=00000000 A6=00000000 A7=00FF7F98 D0=00000000 D1=00002344 D2=00000001 D3=00000000 D4=00000004 D5=0000FEF0 D6=00000000 D7=00000000 xnZvc
02:B096  33 C0  MOVE.W  D0,($00C00000)           A0=0003319A A1=000331BC A2=00FF8036 A3=00FFE3F8 A4=00FF8038 A5=00000000 A6=00000000 A7=00FF7F98 D0=00000000 D1=00002344 D2=00000001 D3=00000000 D4=00000004 D5=0000FEF0 D6=00000000 D7=00000000 xnZvc
02:B09C  42 A7  CLR.L   -(SP)                    A0=00033448 A1=0003344C A2=00FF8036 A3=00FFE3F8 A4=00FF8038 A5=00000000 A6=00000000 A7=00FF7F98 D0=00000000 D1=000021E1 D2=00000000 D3=FFFFFFFF D4=00000002 D5=0000FF18 D6=00000000 D7=00000000 xnZvc
02:B09E  42 A7  CLR.L   -(SP)                    A0=00033448 A1=0003344C A2=00FF8036 A3=00FFE3F8 A4=00FF8038 A5=00000000 A6=00000000 A7=00FF7F94 D0=00000000 D1=000021E1 D2=00000000 D3=FFFFFFFF D4=00000002 D5=0000FF18 D6=00000000 D7=00000000 xnZvc
02:B0A0  4E B9  JSR     ($0000CED0)              A0=00033448 A1=0003344C A2=00FF8036 A3=00FFE3F8 A4=00FF8038 A5=00000000 A6=00000000 A7=00FF7F90 D0=00000000 D1=000021E1 D2=00000000 D3=FFFFFFFF D4=00000002 D5=0000FF18 D6=00000000 D7=00000000 xnZvc
02:B0A6  42 A7  CLR.L   -(SP)                    A0=00033448 A1=0003344C A2=00FF8036 A3=00FFE3F8 A4=00FF8038 A5=00000000 A6=00000000 A7=00FF7F90 D0=00000000 D1=00000000 D2=00000000 D3=FFFFFFFF D4=00000002 D5=0000FF18 D6=00000000 D7=00000000 xnZvc
02:B0A8  4E B9  JSR     ($0000059E)              A0=00033448 A1=0003344C A2=00FF8036 A3=00FFE3F8 A4=00FF8038 A5=00000000 A6=00000000 A7=00FF7F8C D0=00000000 D1=00000000 D2=00000000 D3=FFFFFFFF D4=00000002 D5=0000FF18 D6=00000000 D7=00000000 xnZvc
02:B0AE  30 04  MOVE.W  D4,D0                    A0=00FF9364 A1=0003344C A2=00FF8036 A3=00FFE3F8 A4=00FF8038 A5=00000000 A6=00000000 A7=00FF7F8C D0=00000025 D1=00000000 D2=00000000 D3=FFFFFFFF D4=00000002 D5=0000FF18 D6=00000000 D7=00000000 xnzvc
02:B0B0  48 C0  EXT.L   D0                       A0=00FF9364 A1=0003344C A2=00FF8036 A3=00FFE3F8 A4=00FF8038 A5=00000000 A6=00000000 A7=00FF7F8C D0=00000002 D1=00000000 D2=00000000 D3=FFFFFFFF D4=00000002 D5=0000FF18 D6=00000000 D7=00000000 xnzvc
02:B0B2  2F 00  MOVE.L  D0,-(SP)                 A0=00FF9364 A1=0003344C A2=00FF8036 A3=00FFE3F8 A4=00FF8038 A5=00000000 A6=00000000 A7=00FF7F8C D0=00000002 D1=00000000 D2=00000000 D3=FFFFFFFF D4=00000002 D5=0000FF18 D6=00000000 D7=00000000 xnzvc
02:B0B4  4E B9  JSR     ($00029624)              A0=00FF9364 A1=0003344C A2=00FF8036 A3=00FFE3F8 A4=00FF8038 A5=00000000 A6=00000000 A7=00FF7F88 D0=00000002 D1=00000000 D2=00000000 D3=FFFFFFFF D4=00000002 D5=0000FF18 D6=00000000 D7=00000000 xnzvc
02:B0BA  4A 43  TST.W   D3                       A0=00FFA85A A1=0003344C A2=00FF8036 A3=00FFE3F8 A4=00FF8038 A5=00000000 A6=00000000 A7=00FF7F88 D0=00000002 D1=00000600 D2=00000000 D3=FFFFFFFF D4=00000002 D5=0000FF18 D6=00000000 D7=00000000 xnZvc
02:B0BC  4F EF  LEA     $0010(SP),A7             A0=00FFA85A A1=0003344C A2=00FF8036 A3=00FFE3F8 A4=00FF8038 A5=00000000 A6=00000000 A7=00FF7F88 D0=00000002 D1=00000600 D2=00000000 D3=FFFFFFFF D4=00000002 D5=0000FF18 D6=00000000 D7=00000000 xNzvc
02:B0C0  67 2A  BEQ     #$2A [02:B0EC]           A0=00FFA85A A1=0003344C A2=00FF8036 A3=00FFE3F8 A4=00FF8038 A5=00000000 A6=00000000 A7=00FF7F98 D0=00000002 D1=00000600 D2=00000000 D3=FFFFFFFF D4=00000002 D5=0000FF18 D6=00000000 D7=00000000 xNzvc
02:B0C2  23 FC  MOVE.L  #$7C020003,($00C00004)   A0=00FFA85A A1=000333B6 A2=00FF8036 A3=00FFE3F8 A4=00FF8038 A5=00000000 A6=00000000 A7=00FF7F98 D0=00000001 D1=00000600 D2=00000000 D3=FFFFFFFF D4=00000002 D5=0000FE08 D6=00000000 D7=00000000 xNzvc
02:B0CC  30 05  MOVE.W  D5,D0                    A0=00FFA85A A1=000333B6 A2=00FF8036 A3=00FFE3F8 A4=00FF8038 A5=00000000 A6=00000000 A7=00FF7F98 D0=00000001 D1=00000600 D2=00000000 D3=FFFFFFFF D4=00000002 D5=0000FE08 D6=00000000 D7=00000000 xnzvc
02:B0CE  48 C0  EXT.L   D0                       A0=00FFA85A A1=000333B6 A2=00FF8036 A3=00FFE3F8 A4=00FF8038 A5=00000000 A6=00000000 A7=00FF7F98 D0=0000FE08 D1=00000600 D2=00000000 D3=FFFFFFFF D4=00000002 D5=0000FE08 D6=00000000 D7=00000000 xNzvc
02:B0D0  6C 08  BGE     #$08 [02:B0DA]           A0=00FFA85A A1=000333B6 A2=00FF8036 A3=00FFE3F8 A4=00FF8038 A5=00000000 A6=00000000 A7=00FF7F98 D0=FFFFFE08 D1=00000600 D2=00000000 D3=FFFFFFFF D4=00000002 D5=0000FE08 D6=00000000 D7=00000000 xNzvc
02:B0D2  44 80  NEG.L   D0                       A0=00FFA85A A1=00FFD940 A2=00FF8036 A3=00FFE3F8 A4=00FF8038 A5=00000000 A6=00000000 A7=00FF7F98 D0=FFFFFE00 D1=00000600 D2=00000000 D3=FFFFFFFF D4=00000002 D5=0000FE00 D6=00000000 D7=00000000 xNzvc
02:B0D4  E4 88  LSR.L   #2,D0                    A0=00FFA85A A1=00FFD940 A2=00FF8036 A3=00FFE3F8 A4=00FF8038 A5=00000000 A6=00000000 A7=00FF7F98 D0=00000200 D1=00000600 D2=00000000 D3=FFFFFFFF D4=00000002 D5=0000FE00 D6=00000000 D7=00000000 XnzvC
02:B0D6  44 80  NEG.L   D0                       A0=00FFA85A A1=00FFD940 A2=00FF8036 A3=00FFE3F8 A4=00FF8038 A5=00000000 A6=00000000 A7=00FF7F98 D0=00000080 D1=00000600 D2=00000000 D3=FFFFFFFF D4=00000002 D5=0000FE00 D6=00000000 D7=00000000 xnzvc
02:B0D8  60 02  BRA     #$02 [02:B0DC]           A0=00FFA85A A1=00FFD940 A2=00FF8036 A3=00FFE3F8 A4=00FF8038 A5=00000000 A6=00000000 A7=00FF7F98 D0=FFFFFF80 D1=00000600 D2=00000000 D3=FFFFFFFF D4=00000002 D5=0000FE00 D6=00000000 D7=00000000 XNzvC
02:B0DA  E4 88  LSR.L   #2,D0                    A0=00FFA85A A1=0003332A A2=00FF8036 A3=00FFE3F8 A4=00FF8038 A5=00000000 A6=00000000 A7=00FF7F98 D0=00000000 D1=00000600 D2=00000000 D3=FFFFFFFF D4=00000002 D5=00000000 D6=00000000 D7=00000000 xnZvc
02:B0DC  33 C0  MOVE.W  D0,($00C00000)           A0=00FFA85A A1=000333B6 A2=00FF8036 A3=00FFE3F8 A4=00FF8038 A5=00000000 A6=00000000 A7=00FF7F98 D0=FFFFFF82 D1=00000600 D2=00000000 D3=FFFFFFFF D4=00000002 D5=0000FE08 D6=00000000 D7=00000000 XNzvC
02:B0E2  30 03  MOVE.W  D3,D0                    A0=00FFA85A A1=000333B6 A2=00FF8036 A3=00FFE3F8 A4=00FF8038 A5=00000000 A6=00000000 A7=00FF7F98 D0=FFFFFF82 D1=00000600 D2=00000000 D3=FFFFFFFF D4=00000002 D5=0000FE08 D6=00000000 D7=00000000 XNzvc
02:B0E4  48 C0  EXT.L   D0                       A0=00FFA85A A1=000333B6 A2=00FF8036 A3=00FFE3F8 A4=00FF8038 A5=00000000 A6=00000000 A7=00FF7F98 D0=FFFFFFFF D1=00000600 D2=00000000 D3=FFFFFFFF D4=00000002 D5=0000FE08 D6=00000000 D7=00000000 XNzvc
02:B0E6  E7 80  ASL.L   #3,D0                    A0=00FFA85A A1=000333B6 A2=00FF8036 A3=00FFE3F8 A4=00FF8038 A5=00000000 A6=00000000 A7=00FF7F98 D0=FFFFFFFF D1=00000600 D2=00000000 D3=FFFFFFFF D4=00000002 D5=0000FE08 D6=00000000 D7=00000000 XNzvc
02:B0E8  30 00  MOVE.W  D0,D0                    A0=00FFA85A A1=000333B6 A2=00FF8036 A3=00FFE3F8 A4=00FF8038 A5=00000000 A6=00000000 A7=00FF7F98 D0=FFFFFFF8 D1=00000600 D2=00000000 D3=FFFFFFFF D4=00000002 D5=0000FE08 D6=00000000 D7=00000000 XNzvC
02:B0EA  DA 40  ADD.W   D0,D5                    A0=00FFA85A A1=000333B6 A2=00FF8036 A3=00FFE3F8 A4=00FF8038 A5=00000000 A6=00000000 A7=00FF7F98 D0=FFFFFFF8 D1=00000600 D2=00000000 D3=FFFFFFFF D4=00000002 D5=0000FE08 D6=00000000 D7=00000000 XNzvc
02:B0EC  53 79  SUBQ.W  #1,($00FFE3FC)           A0=00FFA85A A1=000
02:B0F2  66 00  BNE     #$00F2 [02:B1E6]         A0=00FFA85A A1=0003344C A2=00FF8036 A3=00FFE3F8 A4=00FF8038 A5=00000000 A6=00000000 A7=00FF7F98 D0=FFFFFFF8 D1=00000600 D2=00000000 D3=FFFFFFFF D4=00000002 D5=0000FF10 D6=00000000 D7=00000000 xnzvc
02:B0F6  33 FC  MOVE.W  #$0022,($00FFE3FC)       A0=00FFA85A A1=000331BC A2=00FF8036 A3=00FFE3F8 A4=00FF8038 A5=00000000 A6=00000000 A7=00FF7F98 D0=00000000 D1=00000600 D2=00000001 D3=00000000 D4=00000004 D5=0000FEF0 D6=00000000 D7=00000000 xnZvc
02:B0FE  52 53  ADDQ.W  #1,(A3)                  A0=00FFA85A A1=000331BC A2=00FF8036 A3=00FFE3F8 A4=00FF8038 A5=00000000 A6=00000000 A7=00FF7F98 D0=00000000 D1=00000600 D2=00000001 D3=00000000 D4=00000004 D5=0000FEF0 D6=00000000 D7=00000000 xnzvc
02:B100  30 13  MOVE.W  (A3),D0                  A0=00FFA85A A1=000331BC A2=00FF8036 A3=00FFE3F8 A4=00FF8038 A5=00000000 A6=00000000 A7=00FF7F98 D0=00000000 D1=00000600 D2=00000001 D3=00000000 D4=00000004 D5=0000FEF0 D6=00000000 D7=00000000 xnzvc
02:B102  0C 40  CMPI.W  #$0001,D0                A0=00FFA85A A1=000331BC A2=00FF8036 A3=00FFE3F8 A4=00FF8038 A5=00000000 A6=00000000 A7=00FF7F98 D0=00000007 D1=00000600 D2=00000001 D3=00000000 D4=00000004 D5=0000FEF0 D6=00000000 D7=00000000 xnzvc
02:B106  6D 00  BLT     #$00DE [02:B1E6]         A0=00FFA85A A1=000331BC A2=00FF8036 A3=00FFE3F8 A4=00FF8038 A5=00000000 A6=00000000 A7=00FF7F98 D0=00000007 D1=00000600 D2=00000001 D3=00000000 D4=00000004 D5=0000FEF0 D6=00000000 D7=00000000 xnzvc
02:B10A  0C 40  CMPI.W  #$0007,D0                A0=00FFA85A A1=000331BC A2=00FF8036 A3=00FFE3F8 A4=00FF8038 A5=00000000 A6=00000000 A7=00FF7F98 D0=00000007 D1=00000600 D2=00000001 D3=00000000 D4=00000004 D5=0000FEF0 D6=00000000 D7=00000000 xnzvc
02:B10E  6E 00  BGT     #$00D6 [02:B1E6]         A0=00FFA85A A1=000331BC A2=00FF8036 A3=00FFE3F8 A4=00FF8038 A5=00000000 A6=00000000 A7=00FF7F98 D0=00000007 D1=00000600 D2=00000001 D3=00000000 D4=00000004 D5=0000FEF0 D6=00000000 D7=00000000 xnZvc
02:B112  D0 40  ADD.W   D0,D0                    A0=00FFA85A A1=000331BC A2=00FF8036 A3=00FFE3F8 A4=00FF8038 A5=00000000 A6=00000000 A7=00FF7F98 D0=00000007 D1=00000600 D2=00000001 D3=00000000 D4=00000004 D5=0000FEF0 D6=00000000 D7=00000000 xnZvc
02:B114  30 3B  MOVE.W  $04(PC,D0),D0            A0=00FFA85A A1=000331BC A2=00FF8036 A3=00FFE3F8 A4=00FF8038 A5=00000000 A6=00000000 A7=00FF7F98 D0=0000000E D1=00000600 D2=00000001 D3=00000000 D4=00000004 D5=0000FEF0 D6=00000000 D7=00000000 xnzvc
02:B118  4E FB  JMP     $02(PC,D0)               A0=00FFA85A A1=000331BC A2=00FF8036 A3=00FFE3F8 A4=00FF8038 A5=00000000 A6=00000000 A7=00FF7F98 D0=000000C4 D1=00000600 D2=00000001 D3=00000000 D4=00000004 D5=0000FEF0 D6=00000000 D7=00000000 xnzvc
02:B12A  48 78  PEA     ($0006)                  A0=00FFA85A A1=0003332A A2=00FF8036 A3=00FFE3F8 A4=00FF8038 A5=00000000 A6=00000000 A7=00FF7F98 D0=0000000E D1=00000600 D2=00000000 D3=00000000 D4=00000001 D5=00000000 D6=00000000 D7=00000000 xnzvc
02:B12E  48 79  PEA     ($00030734)              A0=00FFA85A A1=0003332A A2=00FF8036 A3=00FFE3F8 A4=00FF8038 A5=00000000 A6=00000000 A7=00FF7F94 D0=0000000E D1=00000600 D2=00000000 D3=00000000 D4=00000001 D5=00000000 D6=00000000 D7=00000000 xnzvc
02:B134  48 78  PEA     ($0001)                  A0=00FFA85A A1=0003332A A2=00FF8036 A3=00FFE3F8 A4=00FF8038 A5=00000000 A6=00000000 A7=00FF7F90 D0=0000000E D1=00000600 D2=00000000 D3=00000000 D4=00000001 D5=00000000 D6=00000000 D7=00000000 xnzvc
02:B138  4E B9  JSR     ($000284EA)              A0=00FFA85A A1=0003332A A2=00FF8036 A3=00FFE3F8 A4=00FF8038 A5=00000000 A6=00000000 A7=00FF7F8C D0=0000000E D1=00000600 D2=00000000 D3=00000000 D4=00000001 D5=00000000 D6=00000000 D7=00000000 xnzvc
02:B13E  42 A7  CLR.L   -(SP)                    A0=00FFA5DA A1=0003332A A2=00FF8036 A3=00FFE3F8 A4=00FF8038 A5=00000000 A6=00000000 A7=00FF7F8C D0=00000006 D1=00000380 D2=00000000 D3=00000000 D4=00000001 D5=00000000 D6=00000000 D7=00000000 xNzvc
02:B140  48 78  PEA     ($0032)                  A0=00FFA5DA A1=0003332A A2=00FF8036 A3=00FFE3F8 A4=00FF8038 A5=00000000 A6=00000000 A7=00FF7F88 D0=00000006 D1=00000380 D2=00000000 D3=00000000 D4=00000001 D5=00000000 D6=00000000 D7=00000000 xnZvc
02:B144  2F 3C  MOVE.L  #$000545B6,-(SP)         A0=00FFA5DA A1=0003332A A2=00FF8036 A3=00FFE3F8 A4=00FF8038 A5=00000000 A6=00000000 A7=00FF7F84 D0=00000006 D1=00000380 D2=00000000 D3=00000000 D4=00000001 D5=00000000 D6=00000000 D7=00000000 xnZvc
02:B14A  4E B9  JSR     ($0003F56C)              A0=00FFA5DA A1=0003332A A2=00FF8036 A3=00FFE3F8 A4=00FF8038 A5=00000000 A6=00000000 A7=00FF7F80 D0=00000006 D1=00000380 D2=00000000 D3=00000000 D4=00000001 D5=00000000 D6=00000000 D7=00000000 xnzvc
02:B150  4F EF  LEA     $0018(SP),A7             A0=00FFA5DA A1=0003332A A2=00FF8036 A3=00FFE3F8 A4=00FF8038 A5=00000000 A6=00000000 A7=00FF7F80 D0=00000032 D1=00000380 D2=00000000 D3=00000000 D4=00000001 D5=00000000 D6=00000000 D7=00000000 xnZvc
02:B154  76 FF  MOVEQ   #$FF,D3                  A0=00FFA5DA A1=0003332A A2=00FF8036 A3=00FFE3F8 A4=00FF8038 A5=00000000 A6=00000000 A7=00FF7F98 D0=00000032 D1=00000380 D2=00000000 D3=00000000 D4=00000001 D5=00000000 D6=00000000 D7=00000000 xnZvc
02:B156  78 02  MOVEQ   #$02,D4                  A0=00FFA5DA A1=0003332A A2=00FF8036 A3=00FFE3F8 A4=00FF8038 A5=00000000 A6=00000000 A7=00FF7F98 D0=00000032 D1=00000380 D2=00000000 D3=FFFFFFFF D4=00000001 D5=00000000 D6=00000000 D7=00000000 xNzvc
02:B158  60 00  BRA     #$008C [02:B1E6]         A0=00FFA5DA A1=0003332A A2=00FF8036 A3=00FFE3F8 A4=00FF8038 A5=00000000 A6=00000000 A7=00FF7F98 D0=00000032 D1=00000380 D2=00000000 D3=FFFFFFFF D4=00000002 D5=00000000 D6=00000000 D7=00000000 xnzvc
02:B15C  48 78  PEA     ($0006)                  A0=00FFA85A A1=0003344C A2=00FF8036 A3=00FFE3F8 A4=00FF8038 A5=00000000 A6=00000000 A7=00FF7F98 D0=FFFF0040 D1=00000600 D2=00000000 D3=FFFFFFFF D4=00000002 D5=0000FDE0 D6=00000000 D7=00000000 xnzvc
02:B160  48 79  PEA     ($0003072C)              A0=00FFA85A A1=0003344C A2=00FF8036 A3=00FFE3F8 A4=00FF8038 A5=00000000 A6=00000000 A7=00FF7F94 D0=FFFF0040 D1=00000600 D2=00000000 D3=FFFFFFFF D4=00000002 D5=0000FDE0 D6=00000000 D7=00000000 xnzvc
02:B166  48 78  PEA     ($0001)                  A0=00FFA85A A1=0003344C A2=00FF8036 A3=00FFE3F8 A4=00FF8038 A5=00000000 A6=00000000 A7=00FF7F90 D0=FFFF0040 D1=00000600 D2=00000000 D3=FFFFFFFF D4=00000002 D5=0000FDE0 D6=00000000 D7=00000000 xnzvc
02:B16A  4E B9  JSR     ($000284EA)              A0=00FFA85A A1=0003344C A2=00FF8036 A3=00FFE3F8 A4=00FF8038 A5=00000000 A6=00000000 A7=00FF7F8C D0=FFFF0040 D1=00000600 D2=00000000 D3=FFFFFFFF D4=00000002 D5=0000FDE0 D6=00000000 D7=00000000 xnzvc
02:B170  4F EF  LEA     $000C(SP),A7             A0=00FFA5DA A1=0003344C A2=00FF8036 A3=00FFE3F8 A4=00FF8038 A5=00000000 A6=00000000 A7=00FF7F8C D0=FFFF0006 D1=00000380 D2=00000000 D3=FFFFFFFF D4=00000002 D5=0000FDE0 D6=00000000 D7=00000000 xNzvc
02:B174  78 01  MOVEQ   #$01,D4                  A0=00FFA5DA A1=0003344C A2=00FF8036 A3=00FFE3F8 A4=00FF8038 A5=00000000 A6=00000000 A7=00FF7F98 D0=FFFF0006 D1=00000380 D2=00000000 D3=FFFFFFFF D4=00000002 D5=0000FDE0 D6=00000000 D7=00000000 xNzvc
02:B176  60 4A  BRA     #$4A [02:B1C2]           A0=00FFA5DA A1=0003344C A2=00FF8036 A3=00FFE3F8 A4=00FF8038 A5=00000000 A6=00000000 A7=00FF7F98 D0=FFFF0006 D1=00000380 D2=00000000 D3=FFFFFFFF D4=00000001 D5=0000FDE0 D6=00000000 D7=00000000 xnzvc
02:B178  48 78  PEA     ($0006)                  A0=00FFA85A A1=0003332A A2=00FF8036 A3=00FFE3F8 A4=00FF8038 A5=00000000 A6=00000000 A7=00FF7F98 D0=0000005C D1=00000600 D2=00000000 D3=FFFF0000 D4=00000001 D5=0000FDE0 D6=00000000 D7=00000000 xnzvc
02:B17C  48 79  PEA     ($00030736)              A0=00FFA85A A1=0003332A A2=00FF8036 A3=00FFE3F8 A4=00FF8038 A5=00000000 A6=00000000 A7=00FF7F94 D0=0000005C D1=00000600 D2=00000000 D3=FFFF0000 D4=00000001 D5=0000FDE0 D6=00000000 D7=00000000 xnzvc
02:B182  48 78  PEA     ($0001)                  A0=00FFA85A A1=0003332A A2=00FF8036 A3=00FFE3F8 A4=00FF8038 A5=00000000 A6=00000000 A7=00FF7F90 D0=0000005C D1=00000600 D2=00000000 D3=FFFF0000 D4=00000001 D5=0000FDE0 D6=00000000 D7=00000000 xnzvc
02:B186  4E B9  JSR     ($000284EA)              A0=00FFA85A A1=0003332A A2=00FF8036 A3=00FFE3F8 A4=00FF8038 A5=00000000 A6=00000000 A7=00FF7F8C D0=0000005C D1=00000600 D2=00000000 D3=FFFF0000 D4=00000001 D5=0000FDE0 D6=00000000 D7=00000000 xnzvc
02:B18C  42 A7  CLR.L   -(SP)                    A0=00FFA5DA A1=0003332A A2=00FF8036 A3=00FFE3F8 A4=00FF8038 A5=00000000 A6=00000000 A7=00FF7F8C D0=00000006 D1=00000380 D2=00000000 D3=FFFF0000 D4=00000001 D5=0000FDE0 D6=00000000 D7=00000000 xNzvc
02:B18E  48 78  PEA     ($0032)                  A0=00FFA5DA A1=0003332A A2=00FF8036 A3=00FFE3F8 A4=00FF8038 A5=00000000 A6=00000000 A7=00FF7F88 D0=00000006 D1=00000380 D2=00000000 D3=FFFF0000 D4=00000001 D5=0000FDE0 D6=00000000 D7=00000000 xnZvc
02:B192  2F 3C  MOVE.L  #$000545B6,-(SP)         A0=00FFA5DA A1=0003332A A2=00FF8036 A3=00FFE3F8 A4=00FF8038 A5=00000000 A6=00000000 A7=00FF7F84 D0=00000006 D1=00000380 D2=00000000 D3=FFFF0000 D4=00000001 D5=0000FDE0 D6=00000000 D7=00000000 xnZvc
02:B198  4E B9  JSR     ($0003F56C)              A0=00FFA5DA A1=0003332A A2=00FF8036 A3=00FFE3F8 A4=00FF8038 A5=00000000 A6=00000000 A7=00FF7F80 D0=00000006 D1=00000380 D2=00000000 D3=FFFF0000 D4=00000001 D5=0000FDE0 D6=00000000 D7=00000000 xnzvc
02:B19E  4F EF  LEA     $0018(SP),A7             A0=00FFA5DA A1=0003332A A2=00FF8036 A3=00FFE3F8 A4=00FF8038 A5=00000000 A6=00000000 A7=00FF7F80 D0=00000032 D1=00000380 D2=00000000 D3=FFFF0000 D4=00000001 D5=0000FDE0 D6=00000000 D7=00000000 xnZvc
02:B1A2  76 01  MOVEQ   #$01,D3                  A0=00FFA5DA A1=0003332A A2=00FF8036 A3=00FFE3F8 A4=00FF8038 A5=00000000 A6=00000000 A7=00FF7F98 D0=00000032 D1=00000380 D2=00000000 D3=FFFF0000 D4=00000001 D5=0000FDE0 D6=00000000 D7=00000000 xnZvc
02:B1A4  78 03  MOVEQ   #$03,D4                  A0=00FFA5DA A1=0003332A A2=00FF8036 A3=00FFE3F8 A4=00FF8038 A5=00000000 A6=00000000 A7=00FF7F98 D0=00000032 D1=00000380 D2=00000000 D3=00000001 D4=00000001 D5=0000FDE0 D6=00000000 D7=00000000 xnzvc
02:B1A6  60 3E  BRA     #$3E [02:B1E6]           A0=00FFA5DA A1=0003332A A2=00FF8036 A3=00FFE3F8 A4=00FF8038 A5=00000000 A6=00000000 A7=00FF7F98 D0=00000032 D1=00000380 D2=00000000 D3=00000001 D4=00000003 D5=0000FDE0 D6=00000000 D7=00000000 xnzvc
02:B1A8  48 78  PEA     ($0006)                  A0=00FFA85A A1=0003344C A2=00FF8036 A3=00FFE3F8 A4=00FF8038 A5=00000000 A6=00000000 A7=00FF7F98 D0=0000008C D1=00000600 D2=00000000 D3=00000001 D4=00000003 D5=0000FEF0 D6=00000000 D7=00000000 xnzvc
02:B1AC  48 79  PEA     ($0003072C)              A0=00FFA85A A1=0003344C A2=00FF8036 A3=00FFE3F8 A4=00FF8038 A5=00000000 A6=00000000 A7=00FF7F94 D0=0000008C D1=00000600 D2=00000000 D3=00000001 D4=00000003 D5=0000FEF0 D6=00000000 D7=00000000 xnzvc
02:B1B2  48 78  PEA     ($0001)                  A0=00FFA85A A1=0003344C A2=00FF8036 A3=00FFE3F8 A4=00FF8038 A5=00000000 A6=00000000 A7=00FF7F90 D0=0000008C D1=00000600 D2=00000000 D3=00000001 D4=00000003 D5=0000FEF0 D6=00000000 D7=00000000 xnzvc
02:B1B6  4E B9  JSR     ($000284EA)              A0=00FFA85A A1=0003344C A2=00FF8036 A3=00FFE3F8 A4=00FF8038 A5=00000000 A6=00000000 A7=00FF7F8C D0=0000008C D1=00000600 D2=00000000 D3=00000001 D4=00000003 D5=0000FEF0 D6=00000000 D7=00000000 xnzvc
02:B1BC  4F EF  LEA     $000C(SP),A7             A0=00FFA5DA A1=0003344C A2=00FF8036 A3=00FFE3F8 A4=00FF8038 A5=00000000 A6=00000000 A7=00FF7F8C D0=00000006 D1=00000380 D2=00000000 D3=00000001 D4=00000003 D5=0000FEF0 D6=00000000 D7=00000000 xNzvc
02:B1C0  78 04  MOVEQ   #$04,D4                  A0=00FFA5DA A1=0003344C A2=00FF8036 A3=00FFE3F8 A4=00FF8038 A5=00000000 A6=00000000 A7=00FF7F98 D0=00000006 D1=00000380 D2=00000000 D3=00000001 D4=00000003 D5=0000FEF0 D6=00000000 D7=00000000 xNzvc
02:B1C2  42 43  CLR.W   D3                       A0=00FFA5DA A1=0003344C A2=00FF8036 A3=00FFE3F8 A4=00FF8038 A5=00000000 A6=00000000 A7=00FF7F98 D0=00000006 D1=00000380 D2=00000000 D3=00000001 D4=00000004 D5=0000FEF0 D6=00000000 D7=00000000 xnzvc
02:B1C4  60 20  BRA     #$20 [02:B1E6]           A0=00FFA5DA A1=0003344C A2=00FF8036 A3=00FFE3F8 A4=00FF8038 A5=00000000 A6=00000000 A7=00FF7F98 D0=00000006 D1=00000380 D2=00000000 D3=00000000 D4=00000004 D5=0000FEF0 D6=00000000 D7=00000000 xnZvc
02:B1C6  74 01  MOVEQ   #$01,D2                  A0=00FFA85A A1=000333B6 A2=00FF8036 A3=00FFE3F8 A4=00FF8038 A5=00000000 A6=00000000 A7=00FF7F98 D0=000000AA D1=00000600 D2=00000000 D3=00000000 D4=00000004 D5=0000FEF0 D6=00000000 D7=00000000 xnzvc
02:B1C8  4E B9  JSR     ($0002856C)              A0=00FFA85A A1=000333B6 A2=00FF8036 A3=00FFE3F8 A4=00FF8038 A5=00000000 A6=00000000 A7=00FF7F98 D0=000000AA D1=00000600 D2=00000001 D3=00000000 D4=00000004 D5=0000FEF0 D6=00000000 D7=00000000 xnzvc
02:B1CE  48 78  PEA     ($0005)                  A0=00FFA915 A1=00FFD940 A2=00FF8036 A3=00FFE3F8 A4=00FF8038 A5=00000000 A6=00000000 A7=00FF7F98 D0=00000002 D1=00000019 D2=00000001 D3=00000000 D4=00000004 D5=0000FEF0 D6=00000000 D7=00000000 xnzvc
02:B1D2  48 78  PEA     ($000A)                  A0=00FFA915 A1=00FFD940 A2=00FF8036 A3=00FFE3F8 A4=00FF8038 A5=00000000 A6=00000000 A7=00FF7F94 D0=00000002 D1=00000019 D2=00000001 D3=00000000 D4=00000004 D5=0000FEF0 D6=00000000 D7=00000000 xnzvc
02:B1D6  4E B9  JSR     ($0003F700)              A0=00FFA915 A1=00FFD940 A2=00FF8036 A3=00FFE3F8 A4=00FF8038 A5=00000000 A6=00000000 A7=00FF7F90 D0=00000002 D1=00000019 D2=00000001 D3=00000000 D4=00000004 D5=0000FEF0 D6=00000000 D7=00000000 xnzvc
02:B1DC  50 8F  ADDQ.L  #8,SP                    A0=00FFA915 A1=00FFD940 A2=00FF8036 A3=00FFE3F8 A4=00FF8038 A5=00000000 A6=00000000 A7=00FF7F90 D0=00000005 D1=00000019 D2=00000001 D3=00000000 D4=00000004 D5=0000FEF0 D6=00000000 D7=00000000 xnzvc
02:B1DE  60 06  BRA     #$06 [02:B1E6]           A0=00FFA915 A1=00FFD940 A2=00FF8036 A3=00FFE3F8 A4=00FF8038 A5=00000000 A6=00000000 A7=00FF7F98 D0=00000005 D1=00000019 D2=00000001 D3=00000000 D4=00000004 D5=0000FEF0 D6=00000000 D7=00000000 xnzvc
02:B1E0  36 BC  MOVE.W  #$FFFF,(A3)              A0=00FFA85A A1=000331BC A2=00FF8036 A3=00FFE3F8 A4=00FF8038 A5=00000000 A6=00000000 A7=00FF7F98 D0=000000C4 D1=00000600 D2=00000001 D3=00000000 D4=00000004 D5=0000FEF0 D6=00000000 D7=00000000 xnzvc
02:B1E4  42 42  CLR.W   D2                       A0=00FFA85A A1=000331BC A2=00FF8036 A3=00FFE3F8 A4=00FF8038 A5=00000000 A6=00000000 A7=00FF7F98 D0=000000C4 D1=00000600 D2=00000001 D3=00000000 D4=00000004 D5=0000FEF0 D6=00000000 D7=00000000 xNzvc
02:B1E6  0C 53  CMPI.W  #$FFFF,(A3)              A0=00FFA85A A1=0003344C A2=00FF8036 A3=00FFE3F8 A4=00FF8038 A5=00000000 A6=00000000 A7=00FF7F98 D0=FFFFFFF8 D1=00000600 D2=00000000 D3=FFFFFFFF D4=00000002 D5=0000FF18 D6=00000000 D7=00000000 xnzvc
02:B1EA  67 18  BEQ     #$18 [02:B204]           A0=00FFA85A A1=0003344C A2=00FF8036 A3=00FFE3F8 A4=00FF8038 A5=00000000 A6=00000000 A7=00FF7F98 D0=FFFFFFF8 D1=00000600 D2=00000000 D3=FFFFFFFF D4=00000002 D5=0000FF18 D6=00000000 D7=00000000 xnzvC
02:B1EC  4E B9  JSR     ($0002706C)              A0=00FFA85A A1=0003344C A2=00FF8036 A3=00FFE3F8 A4=00FF8038 A5=00000000 A6=00000000 A7=00FF7F98 D0=FFFFFFF8 D1=00000600 D2=00000000 D3=FFFFFFFF D4=00000002 D5=0000FF18 D6=00000000 D7=00000000 xnzvC
02:B1F2  2C 00  MOVE.L  D0,D6                    A0=00FFA85A A1=0003344C A2=00FF8036 A3=00FFE3F8 A4=00FF8038 A5=00000000 A6=00000000 A7=00FF7F98 D0=00000000 D1=0000FF3F D2=00000000 D3=FFFFFFFF D4=00000002 D5=0000FF18 D6=00000000 D7=00000000 xnZvc
02:B1F4  4E B9  JSR     ($00027006)              A0=00FFA85A A1=0003344C A2=00FF8036 A3=00FFE3F8 A4=00FF8038 A5=00000000 A6=00000000 A7=00FF7F98 D0=00000000 D1=0000FF3F D2=00000000 D3=FFFFFFFF D4=00000002 D5=0000FF18 D6=00000000 D7=00000000 xnZvc
02:B1FA  8C 80  OR.L    D0,D6                    A0=00FFA85A A1=0003344C A2=00FF8036 A3=00FFE3F8 A4=00FF8038 A5=00000000 A6=00000000 A7=00FF7F98 D0=00000000 D1=0000FF3F D2=00000000 D3=FFFFFFFF D4=00000002 D5=0000FF18 D6=00000000 D7=00000000 xnZvc
02:B1FC  08 06  BTST    #7,D6                    A0=00FFA85A A1=0003344C A2=00FF8036 A3=00FFE3F8 A4=00FF8038 A5=00000000 A6=00000000 A7=00FF7F98 D0=00000000 D1=0000FF3F D2=00000000 D3=FFFFFFFF D4=00000002 D5=0000FF18 D6=00000000 D7=00000000 xnZvc
02:B200  67 00  BEQ     #$FE30 [02:B032]         A0=00FFA85A A1=0003344C A2=00FF8036 A3=00FFE3F8 A4=00FF8038 A5=00000000 A6=00000000 A7=00FF7F98 D0=00000000 D1=0000FF3F D2=00000000 D3=FFFFFFFF D4=00000002 D5=0000FF18 D6=00000000 D7=00000000 xnZvc
02:B204  02 39  ANDI.B  #$3C,($00FF8000)         A0=00FFA85A A1=000331BC A2=00FF8036 A3=00FFE3F8 A4=00FF8038 A5=00000000 A6=00000000 A7=00FF7F98 D0=000000C4 D1=00000600 D2=00000000 D3=00000000 D4=00000004 D5=0000FEF0 D6=00000000 D7=00000000 xnZvc
02:B20C  70 00  MOVEQ   #$00,D0                  A0=00FFA85A A1=000331BC A2=00FF8036 A3=00FFE3F8 A4=00FF8038 A5=00000000 A6=00000000 A7=00FF7F98 D0=000000C4 D1=00000600 D2=00000000 D3=00000000 D4=00000004 D5=0000FEF0 D6=00000000 D7=00000000 xnzvc
02:B20E  10 39  MOVE.B  ($00FF8000),D0           A0=00FFA85A A1=000331BC A2=00FF8036 A3=00FFE3F8 A4=00FF8038 A5=00000000 A6=00000000 A7=00FF7F98 D0=00000000 D1=00000600 D2=00000000 D3=00000000 D4=00000004 D5=0000FEF0 D6=00000000 D7=00000000 xnZvc
02:B214  00 80  ORI.L   #$00008104,D0            A0=00FFA85A A1=000331BC A2=00FF8036 A3=00FFE3F8 A4=00FF8038 A5=00000000 A6=00000000 A7=00FF7F98 D0=00000020 D1=00000600 D2=00000000 D3=00000000 D4=00000004 D5=0000FEF0 D6=00000000 D7=00000000 xnzvc
02:B21A  33 C0  MOVE.W  D0,($00C00004)           A0=00FFA85A A1=000331BC A2=00FF8036 A3=00FFE3F8 A4=00FF8038 A5=00000000 A6=00000000 A7=00FF7F98 D0=00008124 D1=00000600 D2=00000000 D3=00000000 D4=00000004 D5=0000FEF0 D6=00000000 D7=00000000 xnzvc
02:B220  4E B9  JSR     ($000285E2)              A0=00FFA85A A1=000331BC A2=00FF8036 A3=00FFE3F8 A4=00FF8038 A5=00000000 A6=00000000 A7=00FF7F98 D0=00008124 D1=00000600 D2=00000000 D3=00000000 D4=00000004 D5=0000FEF0 D6=00000000 D7=00000000 xNzvc
02:B226  4E B9  JSR     ($000294E4)              A0=00FFD9C6 A1=000331BC A2=00FF8036 A3=00FFE3F8 A4=00FF8038 A5=00000000 A6=00000000 A7=00FF7F98 D0=00000007 D1=0000002C D2=00000000 D3=00000000 D4=00000004 D5=0000FEF0 D6=00000000 D7=00000000 xnZvc
02:B22C  4E B9  JSR     ($000283FE)              A0=00FFE3EE A1=000331BC A2=00FF8036 A3=00FFE3F8 A4=00FF8038 A5=00000000 A6=00000000 A7=00FF7F98 D0=00000006 D1=00000003 D2=00000000 D3=00000000 D4=00000004 D5=0000FEF0 D6=00000000 D7=00000000 xnZvc
02:B232  42 52  CLR.W   (A2)                     A0=00FFE3C6 A1=000331BC A2=00FF8036 A3=00FFE3F8 A4=00FF8038 A5=00000000 A6=00000000 A7=00FF7F98 D0=00000002 D1=00000002 D2=00000000 D3=00000000 D4=00000004 D5=0000FEF0 D6=00000000 D7=00000000 xnZvc
02:B234  42 54  CLR.W   (A4)                     A0=00FFE3C6 A1=000331BC A2=00FF8036 A3=00FFE3F8 A4=00FF8038 A5=00000000 A6=00000000 A7=00FF7F98 D0=00000002 D1=00000002 D2=00000000 D3=00000000 D4=00000004 D5=0000FEF0 D6=00000000 D7=00000000 xnZvc
02:B236  23 FC  MOVE.L  #$40000010,($00C00004)   A0=00FFE3C6 A1=000331BC A2=00FF8036 A3=00FFE3F8 A4=00FF8038 A5=00000000 A6=00000000 A7=00FF7F98 D0=00000002 D1=00000002 D2=00000000 D3=00000000 D4=00000004 D5=0000FEF0 D6=00000000 D7=00000000 xnZvc
02:B240  33 D4  MOVE.W  (A4),($00C00000)         A0=00FFE3C6 A1=000331BC A2=00FF8036 A3=00FFE3F8 A4=00FF8038 A5=00000000 A6=00000000 A7=00FF7F98 D0=00000002 D1=00000002 D2=00000000 D3=00000000 D4=00000004 D5=0000FEF0 D6=00000000 D7=00000000 xnzvc
02:B246  23 FC  MOVE.L  #$7C000003,($00C00004)   A0=00FFE3C6 A1=000331BC A2=00FF8036 A3=00FFE3F8 A4=00FF8038 A5=00000000 A6=00000000 A7=00FF7F98 D0=00000002 D1=00000002 D2=00000000 D3=00000000 D4=00000004 D5=0000FEF0 D6=00000000 D7=00000000 xnZvc
02:B250  33 D2  MOVE.W  (A2),($00C00000)         A0=00FFE3C6 A1=000331BC A2=00FF8036 A3=00FFE3F8 A4=00FF8038 A5=00000000 A6=00000000 A7=00FF7F98 D0=00000002 D1=00000002 D2=00000000 D3=00000000 D4=00000004 D5=0000FEF0 D6=00000000 D7=00000000 xnzvc
02:B256  23 FC  MOVE.L  #$7C020003,($00C00004)   A0=00FFE3C6 A1=000331BC A2=00FF8036 A3=00FFE3F8 A4=00FF8038 A5=00000000 A6=00000000 A7=00FF7F98 D0=00000002 D1=00000002 D2=00000000 D3=00000000 D4=00000004 D5=0000FEF0 D6=00000000 D7=00000000 xnZvc
02:B260  33 D2  MOVE.W  (A2),($00C00000)         A0=00FFE3C6 A1=000331BC A2=00FF8036 A3=00FFE3F8 A4=00FF8038 A5=00000000 A6=00000000 A7=00FF7F98 D0=00000002 D1=00000002 D2=00000000 D3=00000000 D4=00000004 D5=0000FEF0 D6=00000000 D7=00000000 xnzvc
02:B266  42 A7  CLR.L   -(SP)                    A0=00FFE3C6 A1=000331BC A2=00FF8036 A3=00FFE3F8 A4=00FF8038 A5=00000000 A6=00000000 A7=00FF7F98 D0=00000002 D1=00000002 D2=00000000 D3=00000000 D4=00000004 D5=0000FEF0 D6=00000000 D7=00000000 xnZvc
02:B268  42 A7  CLR.L   -(SP)                    A0=00FFE3C6 A1=000331BC A2=00FF8036 A3=00FFE3F8 A4=00FF8038 A5=00000000 A6=00000000 A7=00FF7F94 D0=00000002 D1=00000002 D2=00000000 D3=00000000 D4=00000004 D5=0000FEF0 D6=00000000 D7=00000000 xnZvc
02:B26A  4E B9  JSR     ($000278A6)              A0=00FFE3C6 A1=000331BC A2=00FF8036 A3=00FFE3F8 A4=00FF8038 A5=00000000 A6=00000000 A7=00FF7F90 D0=00000002 D1=00000002 D2=00000000 D3=00000000 D4=00000004 D5=0000FEF0 D6=00000000 D7=00000000 xnZvc
02:B270  50 8F  ADDQ.L  #8,SP                    A0=00FF9364 A1=00FF8036 A2=00FF8036 A3=00FFE3F8 A4=00FF8038 A5=00000000 A6=00000000 A7=00FF7F90 D0=00000001 D1=000001F5 D2=00000000 D3=00000000 D4=00000004 D5=0000FEF0 D6=00000000 D7=00000000 xnzvc
02:B272  0C 53  CMPI.W  #$FFFF,(A3)              A0=00FF9364 A1=00FF8036 A2=00FF8036 A3=00FFE3F8 A4=00FF8038 A5=00000000 A6=00000000 A7=00FF7F98 D0=00000001 D1=000001F5 D2=00000000 D3=00000000 D4=00000004 D5=0000FEF0 D6=00000000 D7=00000000 xnzvc
02:B276  56 C0  STNE    D0 [02:B238]             A0=00FF9364 A1=00FF8036 A2=00FF8036 A3=00FFE3F8 A4=00FF8038 A5=00000000 A6=00000000 A7=00FF7F98 D0=00000001 D1=000001F5 D2=00000000 D3=00000000 D4=00000004 D5=0000FEF0 D6=00000000 D7=00000000 xnZvc
02:B278  44 00  NEG.B   D0                       A0=00FF9364 A1=00FF8036 A2=00FF8036 A3=00FFE3F8 A4=00FF8038 A5=00000000 A6=00000000 A7=00FF7F98 D0=00000000 D1=000001F5 D2=00000000 D3=00000000 D4=00000004 D5=0000FEF0 D6=00000000 D7=00000000 xnZvc
02:B27A  48 80  EXT.W   D0                       A0=00FF9364 A1=00FF8036 A2=00FF8036 A3=00FFE3F8 A4=00FF8038 A5=00000000 A6=00000000 A7=00FF7F98 D0=00000000 D1=000001F5 D2=00000000 D3=00000000 D4=00000004 D5=0000FEF0 D6=00000000 D7=00000000 xnZvc
02:B27C  48 C0  EXT.L   D0                       A0=00FF9364 A1=00FF8036 A2=00FF8036 A3=00FFE3F8 A4=00FF8038 A5=00000000 A6=00000000 A7=00FF7F98 D0=00000000 D1=000001F5 D2=00000000 D3=00000000 D4=00000004 D5=0000FEF0 D6=00000000 D7=00000000 xnZvc
02:B27E  30 00  MOVE.W  D0,D0                    A0=00FF9364 A1=00FF8036 A2=00FF8036 A3=00FFE3F8 A4=00FF8038 A5=00000000 A6=00000000 A7=00FF7F98 D0=00000000 D1=000001F5 D2=00000000 D3=00000000 D4=00000004 D5=0000FEF0 D6=00000000 D7=00000000 xnZvc
02:B280  30 00  MOVE.W  D0,D0                    A0=00FF9364 A1=00FF8036 A2=00FF8036 A3=00FFE3F8 A4=00FF8038 A5=00000000 A6=00000000 A7=00FF7F98 D0=00000000 D1=000001F5 D2=00000000 D3=00000000 D4=00000004 D5=0000FEF0 D6=00000000 D7=00000000 xnZvc
02:B282  48 C0  EXT.L   D0                       A0=00FF9364 A1=00FF8036 A2=00FF8036 A3=00FFE3F8 A4=00FF8038 A5=00000000 A6=00000000 A7=00FF7F98 D0=00000000 D1=000001F5 D2=00000000 D3=00000000 D4=00000004 D5=0000FEF0 D6=00000000 D7=00000000 xnZvc
02:B284  4C DF  MOVEM.L (SP)+,{a7-d0}[1c 7c]     A0=00FF9364 A1=00FF8036 A2=00FF8036 A3=00FFE3F8 A4=00FF8038 A5=00000000 A6=00000000 A7=00FF7F98 D0=00000000 D1=000001F5 D2=00000000 D3=00000000 D4=00000004 D5=0000FEF0 D6=00000000 D7=00000000 xnZvc
02:B288  4E 75  RTS                              A0=00FF9364 A1=00FF8036 A2=00FF8038 A3=00FF8036 A4=00FF8000 A5=00000000 A6=00000000 A7=00FF7FB8 D0=00000000 D1=000001F5 D2=00000001 D3=00000000 D4=00000000 D5=00000000 D6=00000000 D7=00000000 xnZvc

02:B28A  48 E7  MOVEM.L {d0-a7}[20 38],-(SP)     A0=00FF9364 A1=00FF8036 A2=00FF8038 A3=00FF8036 A4=00FF8000 A5=00000000 A6=00000000 A7=00FF7FB8 D0=00000000 D1=000001F5 D2=00000001 D3=00000000 D4=00000000 D5=00000000 D6=00000000 D7=00000000 xnZvc
02:B28E  24 7C  MOVE.L  #$00FFE3F8,A2            A0=00FF9364 A1=00FF8036 A2=00FF8038 A3=00FF8036 A4=00FF8000 A5=00000000 A6=00000000 A7=00FF7FA8 D0=00000000 D1=000001F5 D2=00000001 D3=00000000 D4=00000000 D5=00000000 D6=00000000 D7=00000000 xnZvc
02:B294  26 7C  MOVE.L  #$0003B918,A3            A0=00FF9364 A1=00FF8036 A2=00FFE3F8 A3=00FF8036 A4=00FF8000 A5=00000000 A6=00000000 A7=00FF7FA8 D0=00000000 D1=000001F5 D2=00000001 D3=00000000 D4=00000000 D5=00000000 D6=00000000 D7=00000000 xnZvc
02:B29A  28 7C  MOVE.L  #$00FF8000,A4            A0=00FF9364 A1=00FF8036 A2=00FFE3F8 A3=0003B918 A4=00FF8000 A5=00000000 A6=00000000 A7=00FF7FA8 D0=00000000 D1=000001F5 D2=00000001 D3=00000000 D4=00000000 D5=00000000 D6=00000000 D7=00000000 xnZvc
02:B2A0  42 52  CLR.W   (A2)                     A0=00FF9364 A1=00FF8036 A2=00FFE3F8 A3=0003B918 A4=00FF8000 A5=00000000 A6=00000000 A7=00FF7FA8 D0=00000000 D1=000001F5 D2=00000001 D3=00000000 D4=00000000 D5=00000000 D6=00000000 D7=00000000 xnZvc
02:B2A2  33 FC  MOVE.W  #$0004,($00FFE3FC)       A0=00FF9364 A1=00FF8036 A2=00FFE3F8 A3=0003B918 A4=00FF8000 A5=00000000 A6=00000000 A7=00FF7FA8 D0=00000000 D1=000001F5 D2=00000001 D3=00000000 D4=00000000 D5=00000000 D6=00000000 D7=00000000 xnZvc
02:B2AA  42 A7  CLR.L   -(SP)                    A0=00FF9364 A1=00FF8036 A2=00FFE3F8 A3=0003B918 A4=00FF8000 A5=00000000 A6=00000000 A7=00FF7FA8 D0=00000000 D1=000001F5 D2=00000001 D3=00000000 D4=00000000 D5=00000000 D6=00000000 D7=00000000 xnzvc
02:B2AC  48 79  PEA     ($000982A8)              A0=00FF9364 A1=00FF8036 A2=00FFE3F8 A3=0003B918 A4=00FF8000 A5=00000000 A6=00000000 A7=00FF7FA4 D0=00000000 D1=000001F5 D2=00000001 D3=00000000 D4=00000000 D5=00000000 D6=00000000 D7=00000000 xnZvc
02:B2B2  4E B9  JSR     ($00026FDA)              A0=00FF9364 A1=00FF8036 A2=00FFE3F8 A3=0003B918 A4=00FF8000 A5=00000000 A6=00000000 A7=00FF7FA0 D0=00000000 D1=000001F5 D2=00000001 D3=00000000 D4=00000000 D5=00000000 D6=00000000 D7=00000000 xnZvc
02:B2B8  48 78  PEA     ($0002)                  A0=000982C8 A1=00FF8036 A2=00FFE3F8 A3=0003B918 A4=00FF8000 A5=00000000 A6=00000000 A7=00FF7FA0 D0=C000FFFF D1=000001F5 D2=00000001 D3=00000000 D4=00000000 D5=00000000 D6=00000000 D7=00000000 xnzvc
02:B2BC  48 79  PEA     ($00098328)              A0=000982C8 A1=00FF8036 A2=00FFE3F8 A3=0003B918 A4=00FF8000 A5=00000000 A6=00000000 A7=00FF7F9C D0=C000FFFF D1=000001F5 D2=00000001 D3=00000000 D4=00000000 D5=00000000 D6=00000000 D7=00000000 xnzvc
02:B2C2  4E B9  JSR     ($00026FDA)              A0=000982C8 A1=00FF8036 A2=00FFE3F8 A3=0003B918 A4=00FF8000 A5=00000000 A6=00000000 A7=00FF7F98 D0=C000FFFF D1=000001F5 D2=00000001 D3=00000000 D4=00000000 D5=00000000 D6=00000000 D7=00000000 xnzvc
02:B2C8  48 78  PEA     ($0003)                  A0=00098348 A1=00FF8036 A2=00FFE3F8 A3=0003B918 A4=00FF8000 A5=00000000 A6=00000000 A7=00FF7F98 D0=C040FFFF D1=000001F5 D2=00000001 D3=00000000 D4=00000000 D5=00000000 D6=00000000 D7=00000000 xnzvc
02:B2CC  48 79  PEA     ($00098368)              A0=00098348 A1=00FF8036 A2=00FFE3F8 A3=0003B918 A4=00FF8000 A5=00000000 A6=00000000 A7=00FF7F94 D0=C040FFFF D1=000001F5 D2=00000001 D3=00000000 D4=00000000 D5=00000000 D6=00000000 D7=00000000 xnzvc
02:B2D2  4E B9  JSR     ($00026FDA)              A0=00098348 A1=00FF8036 A2=00FFE3F8 A3=0003B918 A4=00FF8000 A5=00000000 A6=00000000 A7=00FF7F90 D0=C040FFFF D1=000001F5 D2=00000001 D3=00000000 D4=00000000 D5=00000000 D6=00000000 D7=00000000 xnzvc
02:B2D8  4F EF  LEA     $0018(SP),A7             A0=00098388 A1=00FF8036 A2=00FFE3F8 A3=0003B918 A4=00FF8000 A5=00000000 A6=00000000 A7=00FF7F90 D0=C060FFFF D1=000001F5 D2=00000001 D3=00000000 D4=00000000 D5=00000000 D6=00000000 D7=00000000 xnzvc
02:B2DC  23 FC  MOVE.L  #$46600001,($00C00004)   A0=00098388 A1=00FF8036 A2=00FFE3F8 A3=0003B918 A4=00FF8000 A5=00000000 A6=00000000 A7=00FF7FA8 D0=C060FFFF D1=000001F5 D2=00000001 D3=00000000 D4=00000000 D5=00000000 D6=00000000 D7=00000000 xnzvc
02:B2E6  30 39  MOVE.W  ($0009745E),D0           A0=00098388 A1=00FF8036 A2=00FFE3F8 A3=0003B918 A4=00FF8000 A5=00000000 A6=00000000 A7=00FF7FA8 D0=C060FFFF D1=000001F5 D2=00000001 D3=00000000 D4=00000000 D5=00000000 D6=00000000 D7=00000000 xnzvc
02:B2EC  48 C0  EXT.L   D0                       A0=00098388 A1=00FF8036 A2=00FFE3F8 A3=0003B918 A4=00FF8000 A5=00000000 A6=00000000 A7=00FF7FA8 D0=C0600011 D1=000001F5 D2=00000001 D3=00000000 D4=00000000 D5=00000000 D6=00000000 D7=00000000 xnzvc
02:B2EE  E9 80  ASL.L   #4,D0                    A0=00098388 A1=00FF8036 A2=00FFE3F8 A3=0003B918 A4=00FF8000 A5=00000000 A6=00000000 A7=00FF7FA8 D0=00000011 D1=000001F5 D2=00000001 D3=00000000 D4=00000000 D5=00000000 D6=00000000 D7=00000000 xnzvc
02:B2F0  2F 00  MOVE.L  D0,-(SP)                 A0=00098388 A1=00FF8036 A2=00FFE3F8 A3=0003B918 A4=00FF8000 A5=00000000 A6=00000000 A7=00FF7FA8 D0=00000110 D1=000001F5 D2=00000001 D3=00000000 D4=00000000 D5=00000000 D6=00000000 D7=00000000 xnzvc
02:B2F2  48 79  PEA     ($00097460)              A0=00098388 A1=00FF8036 A2=00FFE3F8 A3=0003B918 A4=00FF8000 A5=00000000 A6=00000000 A7=00FF7FA4 D0=00000110 D1=000001F5 D2=00000001 D3=00000000 D4=00000000 D5=00000000 D6=00000000 D7=00000000 xnzvc
02:B2F8  4E B9  JSR     ($00026F76)              A0=00098388 A1=00FF8036 A2=00FFE3F8 A3=0003B918 A4=00FF8000 A5=00000000 A6=00000000 A7=00FF7FA0 D0=00000110 D1=000001F5 D2=00000001 D3=00000000 D4=00000000 D5=00000000 D6=00000000 D7=00000000 xnzvc
02:B2FE  50 8F  ADDQ.L  #8,SP                    A0=00097680 A1=00FF8036 A2=00FFE3F8 A3=0003B918 A4=00FF8000 A5=00000000 A6=00000000 A7=00FF7FA0 D0=0000FFFF D1=000001F5 D2=00000001 D3=00000000 D4=00000000 D5=00000000 D6=00000000 D7=00000000 xNzvc
02:B300  33 FC  MOVE.W  #$0001,($00FFD936)       A0=00097680 A1=00FF8036 A2=00FFE3F8 A3=0003B918 A4=00FF8000 A5=00000000 A6=00000000 A7=00FF7FA8 D0=0000FFFF D1=000001F5 D2=00000001 D3=00000000 D4=00000000 D5=00000000 D6=00000000 D7=00000000 xNzvc
02:B308  4E B9  JSR     ($000273C2)              A0=00097680 A1=00FF8036 A2=00FFE3F8 A3=0003B918 A4=00FF8000 A5=00000000 A6=00000000 A7=00FF7FA8 D0=0000FFFF D1=000001F5 D2=00000001 D3=00000000 D4=00000000 D5=00000000 D6=00000000 D7=00000000 xnzvc
02:B30E  4E B9  JSR     ($00027404)              A0=00097680 A1=00FF8036 A2=00FFE3F8 A3=0003B918 A4=00FF8000 A5=00000000 A6=00000000 A7=00FF7FA8 D0=6F800040 D1=00000017 D2=00000001 D3=00000000 D4=00000000 D5=00000000 D6=00000000 D7=00000000 xnzvc
02:B314  42 A7  CLR.L   -(SP)                    A0=00097680 A1=00FF8036 A2=00FFE3F8 A3=0003B918 A4=00FF8000 A5=00000000 A6=00000000 A7=00FF7FA8 D0=6F800040 D1=00000017 D2=00000001 D3=00000000 D4=00000000 D5=00000000 D6=00000000 D7=00000000 xnzvc
02:B316  42 A7  CLR.L   -(SP)                    A0=00097680 A1=00FF8036 A2=00FFE3F8 A3=0003B918 A4=00FF8000 A5=00000000 A6=00000000 A7=00FF7FA4 D0=6F800040 D1=00000017 D2=00000001 D3=00000000 D4=00000000 D5=00000000 D6=00000000 D7=00000000 xnZvc
02:B318  4E 93  JSR     (A3)                     A0=00097680 A1=00FF8036 A2=00FFE3F8 A3=0003B918 A4=00FF8000 A5=00000000 A6=00000000 A7=00FF7FA0 D0=6F800040 D1=00000017 D2=00000001 D3=00000000 D4=00000000 D5=00000000 D6=00000000 D7=00000000 xnZvc
02:B31A  42 A7  CLR.L   -(SP)                    A0=0009744A A1=00FF8036 A2=00FFE3F8 A3=0003B918 A4=00FF8000 A5=00000000 A6=00000000 A7=00FF7FA0 D0=0000BA34 D1=66800013 D2=00000001 D3=00000000 D4=00000000 D5=00000000 D6=00000000 D7=00000000 xnZvc
02:B31C  48 78  PEA     ($0014)                  A0=0009744A A1=00FF8036 A2=00FFE3F8 A3=0003B918 A4=00FF8000 A5=00000000 A6=00000000 A7=00FF7F9C D0=0000BA34 D1=66800013 D2=00000001 D3=00000000 D4=00000000 D5=00000000 D6=00000000 D7=00000000 xnZvc
02:B320  4E 93  JSR     (A3)                     A0=0009744A A1=00FF8036 A2=00FFE3F8 A3=0003B918 A4=00FF8000 A5=00000000 A6=00000000 A7=00FF7F98 D0=0000BA34 D1=66800013 D2=00000001 D3=00000000 D4=00000000 D5=00000000 D6=00000000 D7=00000000 xnZvc
02:B322  48 78  PEA     ($000E)                  A0=0009744A A1=00FF8036 A2=00FFE3F8 A3=0003B918 A4=00FF8000 A5=00000000 A6=00000000 A7=00FF7F98 D0=0000BA34 D1=66800013 D2=00000001 D3=00000000 D4=00000000 D5=00000000 D6=00000000 D7=00000000 xnZvc
02:B326  42 A7  CLR.L   -(SP)                    A0=0009744A A1=00FF8036 A2=00FFE3F8 A3=0003B918 A4=00FF8000 A5=00000000 A6=00000000 A7=00FF7F94 D0=0000BA34 D1=66800013 D2=00000001 D3=00000000 D4=00000000 D5=00000000 D6=00000000 D7=00000000 xnZvc
02:B328  4E 93  JSR     (A3)                     A0=0009744A A1=00FF8036 A2=00FFE3F8 A3=0003B918 A4=00FF8000 A5=00000000 A6=00000000 A7=00FF7F90 D0=0000BA34 D1=66800013 D2=00000001 D3=00000000 D4=00000000 D5=00000000 D6=00000000 D7=00000000 xnZvc
02:B32A  48 78  PEA     ($000E)                  A0=0009744A A1=00FF8036 A2=00FFE3F8 A3=0003B918 A4=00FF8000 A5=00000000 A6=00000000 A7=00FF7F90 D0=0000BA34 D1=6D800013 D2=00000001 D3=00000000 D4=00000000 D5=00000000 D6=00000000 D7=00000000 xnZvc
02:B32E  48 78  PEA     ($0014)                  A0=0009744A A1=00FF8036 A2=00FFE3F8 A3=0003B918 A4=00FF8000 A5=00000000 A6=00000000 A7=00FF7F8C D0=0000BA34 D1=6D800013 D2=00000001 D3=00000000 D4=00000000 D5=00000000 D6=00000000 D7=00000000 xnZvc
02:B332  4E 93  JSR     (A3)                     A0=0009744A A1=00FF8036 A2=00FFE3F8 A3=0003B918 A4=00FF8000 A5=00000000 A6=00000000 A7=00FF7F88 D0=0000BA34 D1=6D800013 D2=00000001 D3=00000000 D4=00000000 D5=00000000 D6=00000000 D7=00000000 xnZvc
02:B334  48 78  PEA     ($0001)                  A0=0009744A A1=00FF8036 A2=00FFE3F8 A3=0003B918 A4=00FF8000 A5=00000000 A6=00000000 A7=00FF7F88 D0=0000BA34 D1=6D800013 D2=00000001 D3=00000000 D4=00000000 D5=00000000 D6=00000000 D7=00000000 xnZvc
02:B338  4E B9  JSR     ($00000578)              A0=0009744A A1=00FF8036 A2=00FFE3F8 A3=0003B918 A4=00FF8000 A5=00000000 A6=00000000 A7=00FF7F84 D0=0000BA34 D1=6D800013 D2=00000001 D3=00000000 D4=00000000 D5=00000000 D6=00000000 D7=00000000 xnZvc
02:B33E  00 14  ORI.B   #$40,(A4)                A0=0009744A A1=00FF8036 A2=00FFE3F8 A3=0003B918 A4=00FF8000 A5=00000000 A6=00000000 A7=00FF7F84 D0=00000001 D1=6D800013 D2=00000001 D3=00000000 D4=00000000 D5=00000000 D6=00000000 D7=00000000 xnZvc
02:B342  70 00  MOVEQ   #$00,D0                  A0=0009744A A1=00FF8036 A2=00FFE3F8 A3=0003B918 A4=00FF8000 A5=00000000 A6=00000000 A7=00FF7F84 D0=00000001 D1=6D800013 D2=00000001 D3=00000000 D4=00000000 D5=00000000 D6=00000000 D7=00000000 xnzvc
02:B344  10 14  MOVE.B  (A4),D0                  A0=0009744A A1=00FF8036 A2=00FFE3F8 A3=0003B918 A4=00FF8000 A5=00000000 A6=00000000 A7=00FF7F84 D0=00000000 D1=6D800013 D2=00000001 D3=00000000 D4=00000000 D5=00000000 D6=00000000 D7=00000000 xnZvc
02:B346  00 80  ORI.L   #$00008104,D0            A0=0009744A A1=00FF8036 A2=00FFE3F8 A3=0003B918 A4=00FF8000 A5=00000000 A6=00000000 A7=00FF7F84 D0=00000060 D1=6D800013 D2=00000001 D3=00000000 D4=00000000 D5=00000000 D6=00000000 D7=00000000 xnzvc
02:B34C  4F EF  LEA     $0024(SP),A7             A0=0009744A A1=00FF8036 A2=00FFE3F8 A3=0003B918 A4=00FF8000 A5=00000000 A6=00000000 A7=00FF7F84 D0=00008164 D1=6D800013 D2=00000001 D3=00000000 D4=00000000 D5=00000000 D6=00000000 D7=00000000 xnzvc
02:B350  33 C0  MOVE.W  D0,($00C00004)           A0=0009744A A1=00FF8036 A2=00FFE3F8 A3=0003B918 A4=00FF8000 A5=00000000 A6=00000000 A7=00FF7FA8 D0=00008164 D1=6D800013 D2=00000001 D3=00000000 D4=00000000 D5=00000000 D6=00000000 D7=00000000 xnzvc
02:B356  60 58  BRA     #$58 [02:B3B0]           A0=0009744A A1=00FF8036 A2=00FFE3F8 A3=0003B918 A4=00FF8000 A5=00000000 A6=00000000 A7=00FF7FA8 D0=00008164 D1=6D800013 D2=00000001 D3=00000000 D4=00000000 D5=00000000 D6=00000000 D7=00000000 xNzvc
02:B358  42 A7  CLR.L   -(SP)                    A0=00FF9364 A1=00036DBC A2=00FFE3F8 A3=0003B918 A4=00FF8000 A5=00000000 A6=00000000 A7=00FF7FA8 D0=00000000 D1=0000FF3F D2=00000000 D3=00000000 D4=00000000 D5=00000000 D6=00000000 D7=00000000 xnZvc
02:B35A  42 A7  CLR.L   -(SP)                    A0=00FF9364 A1=00036DBC A2=00FFE3F8 A3=0003B918 A4=00FF8000 A5=00000000 A6=00000000 A7=00FF7FA4 D0=00000000 D1=0000FF3F D2=00000000 D3=00000000 D4=00000000 D5=00000000 D6=00000000 D7=00000000 xnZvc
02:B35C  4E B9  JSR     ($000278A6)              A0=00FF9364 A1=00036DBC A2=00FFE3F8 A3=0003B918 A4=00FF8000 A5=00000000 A6=00000000 A7=00FF7FA0 D0=00000000 D1=0000FF3F D2=00000000 D3=00000000 D4=00000000 D5=00000000 D6=00000000 D7=00000000 xnZvc
02:B362  53 79  SUBQ.W  #1,($00FFE3FC)           A0=00FF9364 A1=00036DBC A2=00FFE3F8 A3=0003B918 A4=00FF8000 A5=00000000 A6=00000000 A7=00FF7FA0 D0=00000001 D1=00000000 D2=00000000 D3=00000000 D4=00000000 D5=00000000 D6=00000000 D7=00000000 xnzvc
02:B368  50 8F  ADDQ.L  #8,SP                    A0=00FF9364 A1=00036DBC A2=00FFE3F8 A3=0003B918 A4=00FF8000 A5=00000000 A6=00000000 A7=00FF7FA0 D0=00000001 D1=00000000 D2=00000000 D3=00000000 D4=00000000 D5=00000000 D6=00000000 D7=00000000 xnZvc
02:B36A  66 44  BNE     #$44 [02:B3B0]           A0=00FF9364 A1=00036DBC A2=00FFE3F8 A3=0003B918 A4=00FF8000 A5=00000000 A6=00000000 A7=00FF7FA8 D0=00000001 D1=00000000 D2=00000000 D3=00000000 D4=00000000 D5=00000000 D6=00000000 D7=00000000 xnZvc
02:B36C  52 52  ADDQ.W  #1,(A2)                  A0=00FF9364 A1=00036DBC A2=00FFE3F8 A3=0003B918 A4=00FF8000 A5=00000000 A6=00000000 A7=00FF7FA8 D0=00000001 D1=00000000 D2=00000000 D3=00000000 D4=00000000 D5=00000000 D6=00000000 D7=00000000 xnZvc
02:B36E  30 12  MOVE.W  (A2),D0                  A0=00FF9364 A1=00036DBC A2=00FFE3F8 A3=0003B918 A4=00FF8000 A5=00000000 A6=00000000 A7=00FF7FA8 D0=00000001 D1=00000000 D2=00000000 D3=00000000 D4=00000000 D5=00000000 D6=00000000 D7=00000000 xnzvc
02:B370  0C 40  CMPI.W  #$0001,D0                A0=00FF9364 A1=00036DBC A2=00FFE3F8 A3=0003B918 A4=00FF8000 A5=00000000 A6=00000000 A7=00FF7FA8 D0=00000002 D1=00000000 D2=00000000 D3=00000000 D4=00000000 D5=00000000 D6=00000000 D7=00000000 xnzvc
02:B374  6D 3A  BLT     #$3A [02:B3B0]           A0=00FF9364 A1=00036DBC A2=00FFE3F8 A3=0003B918 A4=00FF8000 A5=00000000 A6=00000000 A7=00FF7FA8 D0=00000002 D1=00000000 D2=00000000 D3=00000000 D4=00000000 D5=00000000 D6=00000000 D7=00000000 xnzvc
02:B376  6F 08  BLE     #$08 [02:B380]           A0=00FF9364 A1=00036DBC A2=00FFE3F8 A3=0003B918 A4=00FF8000 A5=00000000 A6=00000000 A7=00FF7FA8 D0=00000002 D1=00000000 D2=00000000 D3=00000000 D4=00000000 D5=00000000 D6=00000000 D7=00000000 xnzvc
02:B378  0C 40  CMPI.W  #$0002,D0                A0=00FF9364 A1=00036DBC A2=00FFE3F8 A3=0003B918 A4=00FF8000 A5=00000000 A6=00000000 A7=00FF7FA8 D0=00000002 D1=00000000 D2=00000000 D3=00000000 D4=00000000 D5=00000000 D6=00000000 D7=00000000 xnzvc
02:B37C  66 32  BNE     #$32 [02:B3B0]           A0=00FF9364 A1=00036DBC A2=00FFE3F8 A3=0003B918 A4=00FF8000 A5=00000000 A6=00000000 A7=00FF7FA8 D0=00000002 D1=00000000 D2=00000000 D3=00000000 D4=00000000 D5=00000000 D6=00000000 D7=00000000 xnZvc
02:B37E  60 26  BRA     #$26 [02:B3A6]           A0=00FF9364 A1=00036DBC A2=00FFE3F8 A3=0003B918 A4=00FF8000 A5=00000000 A6=00000000 A7=00FF7FA8 D0=00000002 D1=00000000 D2=00000000 D3=00000000 D4=00000000 D5=00000000 D6=00000000 D7=00000000 xnZvc
02:B380  4E B9  JSR     ($00028602)              A0=00FF9364 A1=00FFB65A A2=00FFE3F8 A3=0003B918 A4=00FF8000 A5=00000000 A6=00000000 A7=00FF7FA8 D0=00000001 D1=00000000 D2=00000000 D3=00000000 D4=00000000 D5=00000000 D6=00000000 D7=00000000 xnZvc
02:B386  42 A7  CLR.L   -(SP)                    A0=00FFA715 A1=00FFD940 A2=00FFE3F8 A3=0003B918 A4=00FF8000 A5=00000000 A6=00000000 A7=00FF7FA8 D0=00000002 D1=00000019 D2=00000000 D3=00000000 D4=00000000 D5=00000000 D6=00000000 D7=00000000 xnZvc
02:B388  48 78  PEA     ($0032)                  A0=00FFA715 A1=00FFD940 A2=00FFE3F8 A3=0003B918 A4=00FF8000 A5=00000000 A6=00000000 A7=00FF7FA4 D0=00000002 D1=00000019 D2=00000000 D3=00000000 D4=00000000 D5=00000000 D6=00000000 D7=00000000 xnZvc
02:B38C  2F 3C  MOVE.L  #$00049158,-(SP)         A0=00FFA715 A1=00FFD940 A2=00FFE3F8 A3=0003B918 A4=00FF8000 A5=00000000 A6=00000000 A7=00FF7FA0 D0=00000002 D1=00000019 D2=00000000 D3=00000000 D4=00000000 D5=00000000 D6=00000000 D7=00000000 xnZvc
02:B392  4E B9  JSR     ($0003F56C)              A0=00FFA715 A1=00FFD940 A2=00FFE3F8 A3=0003B918 A4=00FF8000 A5=00000000 A6=00000000 A7=00FF7F9C D0=00000002 D1=00000019 D2=00000000 D3=00000000 D4=00000000 D5=00000000 D6=00000000 D7=00000000 xnzvc
02:B398  4F EF  LEA     $000C(SP),A7             A0=00FFA715 A1=00FFD940 A2=00FFE3F8 A3=0003B918 A4=00FF8000 A5=00000000 A6=00000000 A7=00FF7F9C D0=00000032 D1=00000019 D2=00000000 D3=00000000 D4=00000000 D5=00000000 D6=00000000 D7=00000000 xnZvc
02:B39C  33 FC  MOVE.W  #$003B,($00FFE3FC)       A0=00FFA715 A1=00FFD940 A2=00FFE3F8 A3=0003B918 A4=00FF8000 A5=00000000 A6=00000000 A7=00FF7FA8 D0=00000032 D1=00000019 D2=00000000 D3=00000000 D4=00000000 D5=00000000 D6=00000000 D7=00000000 xnZvc
02:B3A4  60 0A  BRA     #$0A [02:B3B0]           A0=00FFA715 A1=00FFD940 A2=00FFE3F8 A3=0003B918 A4=00FF8000 A5=00000000 A6=00000000 A7=00FF7FA8 D0=00000032 D1=00000019 D2=00000000 D3=00000000 D4=00000000 D5=00000000 D6=00000000 D7=00000000 xnzvc
02:B3A6  4E B9  JSR     ($00028752)              A0=00FF9364 A1=00036DBC A2=00FFE3F8 A3=0003B918 A4=00FF8000 A5=00000000 A6=00000000 A7=00FF7FA8 D0=00000002 D1=00000000 D2=00000000 D3=00000000 D4=00000000 D5=00000000 D6=00000000 D7=00000000 xnZvc
02:B3AC  34 BC  MOVE.W  #$FFFF,(A2)              A0=00FFE3C0 A1=00036DBC A2=00FFE3F8 A3=0003B918 A4=00FF8000 A5=00000000 A6=00000000 A7=00FF7FA8 D0=00000002 D1=00000000 D2=00000000 D3=00000000 D4=00000000 D5=00000000 D6=00000000 D7=00000000 xnZvc
02:B3B0  0C 52  CMPI.W  #$FFFF,(A2)              A0=00FFE3C0 A1=00036DBC A2=00FFE3F8 A3=0003B918 A4=00FF8000 A5=00000000 A6=00000000 A7=00FF7FA8 D0=00000002 D1=00000000 D2=00000000 D3=00000000 D4=00000000 D5=00000000 D6=00000000 D7=00000000 xNzvc
02:B3B4  67 16  BEQ     #$16 [02:B3CC]           A0=00FFE3C0 A1=00036DBC A2=00FFE3F8 A3=0003B918 A4=00FF8000 A5=00000000 A6=00000000 A7=00FF7FA8 D0=00000002 D1=00000000 D2=00000000 D3=00000000 D4=00000000 D5=00000000 D6=00000000 D7=00000000 xnZvc
02:B3B6  4E B9  JSR     ($0002706C)              A0=00FF9364 A1=00036DBC A2=00FFE3F8 A3=0003B918 A4=00FF8000 A5=00000000 A6=00000000 A7=00FF7FA8 D0=00000001 D1=00000000 D2=00000000 D3=00000000 D4=00000000 D5=00000000 D6=00000000 D7=00000000 xnzvC
02:B3BC  24 00  MOVE.L  D0,D2                    A0=00FF9364 A1=00036DBC A2=00FFE3F8 A3=0003B918 A4=00FF8000 A5=00000000 A6=00000000 A7=00FF7FA8 D0=00000000 D1=0000FF3F D2=00000000 D3=00000000 D4=00000000 D5=00000000 D6=00000000 D7=00000000 xnZvc
02:B3BE  4E B9  JSR     ($00027006)              A0=00FF9364 A1=00036DBC A2=00FFE3F8 A3=0003B918 A4=00FF8000 A5=00000000 A6=00000000 A7=00FF7FA8 D0=00000000 D1=0000FF3F D2=00000000 D3=00000000 D4=00000000 D5=00000000 D6=00000000 D7=00000000 xnZvc
02:B3C4  84 80  OR.L    D0,D2                    A0=00FF9364 A1=00036DBC A2=00FFE3F8 A3=0003B918 A4=00FF8000 A5=00000000 A6=00000000 A7=00FF7FA8 D0=00000000 D1=0000FF3F D2=00000000 D3=00000000 D4=00000000 D5=00000000 D6=00000000 D7=00000000 xnZvc
02:B3C6  08 02  BTST    #7,D2                    A0=00FF9364 A1=00036DBC A2=00FFE3F8 A3=0003B918 A4=00FF8000 A5=00000000 A6=00000000 A7=00FF7FA8 D0=00000000 D1=0000FF3F D2=00000000 D3=00000000 D4=00000000 D5=00000000 D6=00000000 D7=00000000 xnZvc
02:B3CA  67 8C  BEQ     #$8C [02:B358]           A0=00FF9364 A1=00036DBC A2=00FFE3F8 A3=0003B918 A4=00FF8000 A5=00000000 A6=00000000 A7=00FF7FA8 D0=00000000 D1=0000FF3F D2=00000000 D3=00000000 D4=00000000 D5=00000000 D6=00000000 D7=00000000 xnZvc
02:B3CC  02 14  ANDI.B  #$3C,(A4)                A0=00FFE3C0 A1=00036DBC A2=00FFE3F8 A3=0003B918 A4=00FF8000 A5=00000000 A6=00000000 A7=00FF7FA8 D0=00000002 D1=00000000 D2=00000000 D3=00000000 D4=00000000 D5=00000000 D6=00000000 D7=00000000 xnZvc
02:B3D0  70 00  MOVEQ   #$00,D0                  A0=00FFE3C0 A1=00036DBC A2=00FFE3F8 A3=0003B918 A4=00FF8000 A5=00000000 A6=00000000 A7=00FF7FA8 D0=00000002 D1=00000000 D2=00000000 D3=00000000 D4=00000000 D5=00000000 D6=00000000 D7=00000000 xnzvc
02:B3D2  10 14  MOVE.B  (A4),D0                  A0=00FFE3C0 A1=00036DBC A2=00FFE3F8 A3=0003B918 A4=00FF8000 A5=00000000 A6=00000000 A7=00FF7FA8 D0=00000000 D1=00000000 D2=00000000 D3=00000000 D4=00000000 D5=00000000 D6=00000000 D7=00000000 xnZvc
02:B3D4  00 80  ORI.L   #$00008104,D0            A0=00FFE3C0 A1=00036DBC A2=00FFE3F8 A3=0003B918 A4=00FF8000 A5=00000000 A6=00000000 A7=00FF7FA8 D0=00000020 D1=00000000 D2=00000000 D3=00000000 D4=00000000 D5=00000000 D6=00000000 D7=00000000 xnzvc
02:B3DA  33 C0  MOVE.W  D0,($00C00004)           A0=00FFE3C0 A1=00036DBC A2=00FFE3F8 A3=0003B918 A4=00FF8000 A5=00000000 A6=00000000 A7=00FF7FA8 D0=00008124 D1=00000000 D2=00000000 D3=00000000 D4=00000000 D5=00000000 D6=00000000 D7=00000000 xnzvc
02:B3E0  42 A7  CLR.L   -(SP)                    A0=00FFE3C0 A1=00036DBC A2=00FFE3F8 A3=0003B918 A4=00FF8000 A5=00000000 A6=00000000 A7=00FF7FA8 D0=00008124 D1=00000000 D2=00000000 D3=00000000 D4=00000000 D5=00000000 D6=00000000 D7=00000000 xNzvc
02:B3E2  42 A7  CLR.L   -(SP)                    A0=00FFE3C0 A1=00036DBC A2=00FFE3F8 A3=0003B918 A4=00FF8000 A5=00000000 A6=00000000 A7=00FF7FA4 D0=00008124 D1=00000000 D2=00000000 D3=00000000 D4=00000000 D5=00000000 D6=00000000 D7=00000000 xnZvc
02:B3E4  4E B9  JSR     ($000278A6)              A0=00FFE3C0 A1=00036DBC A2=00FFE3F8 A3=0003B918 A4=00FF8000 A5=00000000 A6=00000000 A7=00FF7FA0 D0=00008124 D1=00000000 D2=00000000 D3=00000000 D4=00000000 D5=00000000 D6=00000000 D7=00000000 xnZvc
02:B3EA  50 8F  ADDQ.L  #8,SP                    A0=00FF9364 A1=00FFB65A A2=00FFE3F8 A3=0003B918 A4=00FF8000 A5=00000000 A6=00000000 A7=00FF7FA0 D0=00000001 D1=00000000 D2=00000000 D3=00000000 D4=00000000 D5=00000000 D6=00000000 D7=00000000 xnzvc
02:B3EC  42 79  CLR.W   ($00FFD936)              A0=00FF9364 A1=00FFB65A A2=00FFE3F8 A3=0003B918 A4=00FF8000 A5=00000000 A6=00000000 A7=00FF7FA8 D0=00000001 D1=00000000 D2=00000000 D3=00000000 D4=00000000 D5=00000000 D6=00000000 D7=00000000 xnzvc
02:B3F2  4E B9  JSR     ($0000046A)              A0=00FF9364 A1=00FFB65A A2=00FFE3F8 A3=0003B918 A4=00FF8000 A5=00000000 A6=00000000 A7=00FF7FA8 D0=00000001 D1=00000000 D2=00000000 D3=00000000 D4=00000000 D5=00000000 D6=00000000 D7=00000000 xnZvc
02:B3F8  4E B9  JSR     ($00027336)              A0=000A781A A1=00FFB65A A2=00FFE3F8 A3=0003B918 A4=00FF8000 A5=00000000 A6=00000000 A7=00FF7FA8 D0=6F800003 D1=6FBE0003 D2=00000000 D3=00000000 D4=00000000 D5=00000000 D6=00000000 D7=00000000 xNzvc
02:B3FE  0C 52  CMPI.W  #$FFFF,(A2)              A0=00FFD8DC A1=0008F0CB A2=00FFE3F8 A3=0003B918 A4=00FF8000 A5=00000000 A6=00000000 A7=00FF7FA8 D0=00000002 D1=00000002 D2=00000000 D3=00000000 D4=00000000 D5=00000000 D6=00000000 D7=00000000 xNzvc
02:B402  56 C0  STNE    D0 [02:B3C4]             A0=00FFD8DC A1=0008F0CB A2=00FFE3F8 A3=0003B918 A4=00FF8000 A5=00000000 A6=00000000 A7=00FF7FA8 D0=00000002 D1=00000002 D2=00000000 D3=00000000 D4=00000000 D5=00000000 D6=00000000 D7=00000000 xnZvc
02:B404  44 00  NEG.B   D0                       A0=00FFD8DC A1=0008F0CB A2=00FFE3F8 A3=0003B918 A4=00FF8000 A5=00000000 A6=00000000 A7=00FF7FA8 D0=00000000 D1=00000002 D2=00000000 D3=00000000 D4=00000000 D5=00000000 D6=00000000 D7=00000000 xnZvc
02:B406  48 80  EXT.W   D0                       A0=00FFD8DC A1=0008F0CB A2=00FFE3F8 A3=0003B918 A4=00FF8000 A5=00000000 A6=00000000 A7=00FF7FA8 D0=00000000 D1=00000002 D2=00000000 D3=00000000 D4=00000000 D5=00000000 D6=00000000 D7=00000000 xnZvc
02:B408  48 C0  EXT.L   D0                       A0=00FFD8DC A1=0008F0CB A2=00FFE3F8 A3=0003B918 A4=00FF8000 A5=00000000 A6=00000000 A7=00FF7FA8 D0=00000000 D1=00000002 D2=00000000 D3=00000000 D4=00000000 D5=00000000 D6=00000000 D7=00000000 xnZvc
02:B40A  30 00  MOVE.W  D0,D0                    A0=00FFD8DC A1=0008F0CB A2=00FFE3F8 A3=0003B918 A4=00FF8000 A5=00000000 A6=00000000 A7=00FF7FA8 D0=00000000 D1=00000002 D2=00000000 D3=00000000 D4=00000000 D5=00000000 D6=00000000 D7=00000000 xnZvc
02:B40C  30 00  MOVE.W  D0,D0                    A0=00FFD8DC A1=0008F0CB A2=00FFE3F8 A3=0003B918 A4=00FF8000 A5=00000000 A6=00000000 A7=00FF7FA8 D0=00000000 D1=00000002 D2=00000000 D3=00000000 D4=00000000 D5=00000000 D6=00000000 D7=00000000 xnZvc
02:B40E  48 C0  EXT.L   D0                       A0=00FFD8DC A1=0008F0CB A2=00FFE3F8 A3=0003B918 A4=00FF8000 A5=00000000 A6=00000000 A7=00FF7FA8 D0=00000000 D1=00000002 D2=00000000 D3=00000000 D4=00000000 D5=00000000 D6=00000000 D7=00000000 xnZvc
02:B410  4C DF  MOVEM.L (SP)+,{a7-d0}[1c 04]     A0=00FFD8DC A1=0008F0CB A2=00FFE3F8 A3=0003B918 A4=00FF8000 A5=00000000 A6=00000000 A7=00FF7FA8 D0=00000000 D1=00000002 D2=00000000 D3=00000000 D4=00000000 D5=00000000 D6=00000000 D7=00000000 xnZvc
02:B414  4E 75  RTS                              A0=00FFD8DC A1=0008F0CB A2=00FF8038 A3=00FF8036 A4=00FF8000 A5=00000000 A6=00000000 A7=00FF7FB8 D0=00000000 D1=00000002 D2=00000001 D3=00000000 D4=00000000 D5=00000000 D6=00000000 D7=00000000 xnZvc

02:B416  48 E7  MOVEM.L {d0-a7}[30 38],-(SP)     A0=00FFD8DC A1=0008F0CB A2=00FF8038 A3=00FF8036 A4=00FF8000 A5=00000000 A6=00000000 A7=00FF7FB8 D0=00000000 D1=00000002 D2=00000001 D3=00000000 D4=00000000 D5=00000000 D6=00000000 D7=00000000 xnZvc
02:B41A  24 7C  MOVE.L  #$00FFE3F8,A2            A0=00FFD8DC A1=0008F0CB A2=00FF8038 A3=00FF8036 A4=00FF8000 A5=00000000 A6=00000000 A7=00FF7FA4 D0=00000000 D1=00000002 D2=00000001 D3=00000000 D4=00000000 D5=00000000 D6=00000000 D7=00000000 xnZvc
02:B420  26 7C  MOVE.L  #$00FF8000,A3            A0=00FFD8DC A1=0008F0CB A2=00FFE3F8 A3=00FF8036 A4=00FF8000 A5=00000000 A6=00000000 A7=00FF7FA4 D0=00000000 D1=00000002 D2=00000001 D3=00000000 D4=00000000 D5=00000000 D6=00000000 D7=00000000 xnZvc
02:B426  28 7C  MOVE.L  #$00FFE3FC,A4            A0=00FFD8DC A1=0008F0CB A2=00FFE3F8 A3=00FF8000 A4=00FF8000 A5=00000000 A6=00000000 A7=00FF7FA4 D0=00000000 D1=00000002 D2=00000001 D3=00000000 D4=00000000 D5=00000000 D6=00000000 D7=00000000 xnZvc
02:B42C  13 FC  MOVE.B  #$0C,($00FFE3A6)         A0=00FFD8DC A1=0008F0CB A2=00FFE3F8 A3=00FF8000 A4=00FFE3FC A5=00000000 A6=00000000 A7=00FF7FA4 D0=00000000 D1=00000002 D2=00000001 D3=00000000 D4=00000000 D5=00000000 D6=00000000 D7=00000000 xnZvc
02:B434  48 78  PEA     ($0001)                  A0=00FFD8DC A1=0008F0CB A2=00FFE3F8 A3=00FF8000 A4=00FFE3FC A5=00000000 A6=00000000 A7=00FF7FA4 D0=00000000 D1=00000002 D2=00000001 D3=00000000 D4=00000000 D5=00000000 D6=00000000 D7=00000000 xnzvc
02:B438  4E B9  JSR     ($00027228)              A0=00FFD8DC A1=0008F0CB A2=00FFE3F8 A3=00FF8000 A4=00FFE3FC A5=00000000 A6=00000000 A7=00FF7FA0 D0=00000000 D1=00000002 D2=00000001 D3=00000000 D4=00000000 D5=00000000 D6=00000000 D7=00000000 xnzvc
02:B43E  48 78  PEA     ($0014)                  A0=00FFD8DC A1=0008F99D A2=00FFE3F8 A3=00FF8000 A4=00FFE3FC A5=00000000 A6=00000000 A7=00FF7FA0 D0=00000002 D1=00000002 D2=00000001 D3=00000000 D4=00000000 D5=00000000 D6=00000000 D7=00000000 xNzvc
02:B442  48 78  PEA     ($001E)                  A0=00FFD8DC A1=0008F99D A2=00FFE3F8 A3=00FF8000 A4=00FFE3FC A5=00000000 A6=00000000 A7=00FF7F9C D0=00000002 D1=00000002 D2=00000001 D3=00000000 D4=00000000 D5=00000000 D6=00000000 D7=00000000 xNzvc
02:B446  48 78  PEA     ($0007)                  A0=00FFD8DC A1=0008F99D A2=00FFE3F8 A3=00FF8000 A4=00FFE3FC A5=00000000 A6=00000000 A7=00FF7F98 D0=00000002 D1=00000002 D2=00000001 D3=00000000 D4=00000000 D5=00000000 D6=00000000 D7=00000000 xNzvc
02:B44A  48 78  PEA     ($000B)                  A0=00FFD8DC A1=0008F99D A2=00FFE3F8 A3=00FF8000 A4=00FFE3FC A5=00000000 A6=00000000 A7=00FF7F94 D0=00000002 D1=00000002 D2=00000001 D3=00000000 D4=00000000 D5=00000000 D6=00000000 D7=00000000 xNzvc
02:B44E  4E B9  JSR     ($0002767C)              A0=00FFD8DC A1=0008F99D A2=00FFE3F8 A3=00FF8000 A4=00FFE3FC A5=00000000 A6=00000000 A7=00FF7F90 D0=00000002 D1=00000002 D2=00000001 D3=00000000 D4=00000000 D5=00000000 D6=00000000 D7=00000000 xNzvc
02:B454  48 78  PEA     ($0013)                  A0=011A469C A1=19482433 A2=00FFE3F8 A3=00FF8000 A4=00FFE3FC A5=00000000 A6=00000000 A7=00FF7F90 D0=00000015 D1=197BDD97 D2=00000001 D3=00000000 D4=00000000 D5=00000000 D6=00000000 D7=00000000 xnzvc
02:B458  48 78  PEA     ($001D)                  A0=011A469C A1=19482433 A2=00FFE3F8 A3=00FF8000 A4=00FFE3FC A5=00000000 A6=00000000 A7=00FF7F8C D0=00000015 D1=197BDD97 D2=00000001 D3=00000000 D4=00000000 D5=00000000 D6=00000000 D7=00000000 xnzvc
02:B45C  48 78  PEA     ($0008)                  A0=011A469C A1=19482433 A2=00FFE3F8 A3=00FF8000 A4=00FFE3FC A5=00000000 A6=00000000 A7=00FF7F88 D0=00000015 D1=197BDD97 D2=00000001 D3=00000000 D4=00000000 D5=00000000 D6=00000000 D7=00000000 xnzvc
02:B460  48 78  PEA     ($000C)                  A0=011A469C A1=19482433 A2=00FFE3F8 A3=00FF8000 A4=00FFE3FC A5=00000000 A6=00000000 A7=00FF7F84 D0=00000015 D1=197BDD97 D2=00000001 D3=00000000 D4=00000000 D5=00000000 D6=00000000 D7=00000000 xnzvc
02:B464  4E B9  JSR     ($0002767C)              A0=011A469C A1=19482433 A2=00FFE3F8 A3=00FF8000 A4=00FFE3FC A5=00000000 A6=00000000 A7=00FF7F80 D0=00000015 D1=197BDD97 D2=00000001 D3=00000000 D4=00000000 D5=00000000 D6=00000000 D7=00000000 xnzvc
02:B46A  4E B9  JSR     ($000290BA)              A0=00666DEC A1=56805494 A2=00FFE3F8 A3=00FF8000 A4=00FFE3FC A5=00000000 A6=00000000 A7=00FF7F80 D0=00000014 D1=093FE6A8 D2=00000001 D3=00000000 D4=00000000 D5=00000000 D6=00000000 D7=00000000 xnzvc
02:B470  48 78  PEA     ($0002)                  A0=00FFA58B A1=00FFD940 A2=00FFE3F8 A3=00FF8000 A4=00FFE3FC A5=00000000 A6=00000000 A7=00FF7F80 D0=00000002 D1=00000019 D2=00000001 D3=00000000 D4=00000000 D5=00000000 D6=00000000 D7=00000000 xnzvc
02:B474  48 79  PEA     ($00098348)              A0=00FFA58B A1=00FFD940 A2=00FFE3F8 A3=00FF8000 A4=00FFE3FC A5=00000000 A6=00000000 A7=00FF7F7C D0=00000002 D1=00000019 D2=00000001 D3=00000000 D4=00000000 D5=00000000 D6=00000000 D7=00000000 xnzvc
02:B47A  4E B9  JSR     ($00026FDA)              A0=00FFA58B A1=00FFD940 A2=00FFE3F8 A3=00FF8000 A4=00FFE3FC A5=00000000 A6=00000000 A7=00FF7F78 D0=00000002 D1=00000019 D2=00000001 D3=00000000 D4=00000000 D5=00000000 D6=00000000 D7=00000000 xnzvc
02:B480  4F EF  LEA     $002C(SP),A7             A0=00098368 A1=00FFD940 A2=00FFE3F8 A3=00FF8000 A4=00FFE3FC A5=00000000 A6=00000000 A7=00FF7F78 D0=C040FFFF D1=00000019 D2=00000001 D3=00000000 D4=00000000 D5=00000000 D6=00000000 D7=00000000 xnZvc
02:B484  42 52  CLR.W   (A2)                     A0=00098368 A1=00FFD940 A2=00FFE3F8 A3=00FF8000 A4=00FFE3FC A5=00000000 A6=00000000 A7=00FF7FA4 D0=C040FFFF D1=00000019 D2=00000001 D3=00000000 D4=00000000 D5=00000000 D6=00000000 D7=00000000 xnZvc
02:B486  42 42  CLR.W   D2                       A0=00098368 A1=00FFD940 A2=00FFE3F8 A3=00FF8000 A4=00FFE3FC A5=00000000 A6=00000000 A7=00FF7FA4 D0=C040FFFF D1=00000019 D2=00000001 D3=00000000 D4=00000000 D5=00000000 D6=00000000 D7=00000000 xnZvc
02:B488  38 BC  MOVE.W  #$002A,(A4)              A0=00098368 A1=00FFD940 A2=00FFE3F8 A3=00FF8000 A4=00FFE3FC A5=00000000 A6=00000000 A7=00FF7FA4 D0=C040FFFF D1=00000019 D2=00000000 D3=00000000 D4=00000000 D5=00000000 D6=00000000 D7=00000000 xnZvc
02:B48C  48 78  PEA     ($008D)                  A0=00098368 A1=00FFD940 A2=00FFE3F8 A3=00FF8000 A4=00FFE3FC A5=00000000 A6=00000000 A7=00FF7FA4 D0=C040FFFF D1=00000019 D2=00000000 D3=00000000 D4=00000000 D5=00000000 D6=00000000 D7=00000000 xnzvc
02:B490  48 78  PEA     ($00AA)                  A0=00098368 A1=00FFD940 A2=00FFE3F8 A3=00FF8000 A4=00FFE3FC A5=00000000 A6=00000000 A7=00FF7FA0 D0=C040FFFF D1=00000019 D2=00000000 D3=00000000 D4=00000000 D5=00000000 D6=00000000 D7=00000000 xnzvc
02:B494  4E B9  JSR     ($00029150)              A0=00098368 A1=00FFD940 A2=00FFE3F8 A3=00FF8000 A4=00FFE3FC A5=00000000 A6=00000000 A7=00FF7F9C D0=C040FFFF D1=00000019 D2=00000000 D3=00000000 D4=00000000 D5=00000000 D6=00000000 D7=00000000 xnzvc
02:B49A  48 78  PEA     ($0001)                  A0=00FFA55A A1=00FFD940 A2=00FFE3F8 A3=00FF8000 A4=00FFE3FC A5=00000000 A6=00000000 A7=00FF7F9C D0=00000300 D1=000000AA D2=00000000 D3=00000000 D4=00000000 D5=00000000 D6=00000000 D7=00000000 xnZvc
02:B49E  4E B9  JSR     ($00000578)              A0=00FFA55A A1=00FFD940 A2=00FFE3F8 A3=00FF8000 A4=00FFE3FC A5=00000000 A6=00000000 A7=00FF7F98 D0=00000300 D1=000000AA D2=00000000 D3=00000000 D4=00000000 D5=00000000 D6=00000000 D7=00000000 xnZvc
02:B4A4  00 13  ORI.B   #$40,(A3)                A0=00FFA55A A1=00FFD940 A2=00FFE3F8 A3=00FF8000 A4=00FFE3FC A5=00000000 A6=00000000 A7=00FF7F98 D0=00000001 D1=000000AA D2=00000000 D3=00000000 D4=00000000 D5=00000000 D6=00000000 D7=00000000 xnZvc
02:B4A8  70 00  MOVEQ   #$00,D0                  A0=00FFA55A A1=00FFD940 A2=00FFE3F8 A3=00FF8000 A4=00FFE3FC A5=00000000 A6=00000000 A7=00FF7F98 D0=00000001 D1=000000AA D2=00000000 D3=00000000 D4=00000000 D5=00000000 D6=00000000 D7=00000000 xnzvc
02:B4AA  10 13  MOVE.B  (A3),D0                  A0=00FFA55A A1=00FFD940 A2=00FFE3F8 A3=00FF8000 A4=00FFE3FC A5=00000000 A6=00000000 A7=00FF7F98 D0=00000000 D1=000000AA D2=00000000 D3=00000000 D4=00000000 D5=00000000 D6=00000000 D7=00000000 xnZvc
02:B4AC  00 80  ORI.L   #$00008104,D0            A0=00FFA55A A1=00FFD940 A2=00FFE3F8 A3=00FF8000 A4=00FFE3FC A5=00000000 A6=00000000 A7=00FF7F98 D0=00000060 D1=000000AA D2=00000000 D3=00000000 D4=00000000 D5=00000000 D6=00000000 D7=00000000 xnzvc
02:B4B2  4F EF  LEA     $000C(SP),A7             A0=00FFA55A A1=00FFD940 A2=00FFE3F8 A3=00FF8000 A4=00FFE3FC A5=00000000 A6=00000000 A7=00FF7F98 D0=00008164 D1=000000AA D2=00000000 D3=00000000 D4=00000000 D5=00000000 D6=00000000 D7=00000000 xnzvc
02:B4B6  33 C0  MOVE.W  D0,($00C00004)           A0=00FFA55A A1=00FFD940 A2=00FFE3F8 A3=00FF8000 A4=00FFE3FC A5=00000000 A6=00000000 A7=00FF7FA4 D0=00008164 D1=000000AA D2=00000000 D3=00000000 D4=00000000 D5=00000000 D6=00000000 D7=00000000 xnzvc
02:B4BC  60 40  BRA     #$40 [02:B4FE]           A0=00FFA55A A1=00FFD940 A2=00FFE3F8 A3=00FF8000 A4=00FFE3FC A5=00000000 A6=00000000 A7=00FF7FA4 D0=00008164 D1=000000AA D2=00000000 D3=00000000 D4=00000000 D5=00000000 D6=00000000 D7=00000000 xNzvc
02:B4BE  42 A7  CLR.L   -(SP)                    A0=00FF9364 A1=000373E4 A2=00FFE3F8 A3=00FF8000 A4=00FFE3FC A5=00000000 A6=00000000 A7=00FF7FA4 D0=00000000 D1=0000FF3F D2=00000055 D3=00000000 D4=00000000 D5=00000000 D6=00000000 D7=00000000 xnZvc
02:B4C0  42 A7  CLR.L   -(SP)                    A0=00FF9364 A1=000373E4 A2=00FFE3F8 A3=00FF8000 A4=00FFE3FC A5=00000000 A6=00000000 A7=00FF7FA0 D0=00000000 D1=0000FF3F D2=00000055 D3=00000000 D4=00000000 D5=00000000 D6=00000000 D7=00000000 xnZvc
02:B4C2  4E B9  JSR     ($000278A6)              A0=00FF9364 A1=000373E4 A2=00FFE3F8 A3=00FF8000 A4=00FFE3FC A5=00000000 A6=00000000 A7=00FF7F9C D0=00000000 D1=0000FF3F D2=00000055 D3=00000000 D4=00000000 D5=00000000 D6=00000000 D7=00000000 xnZvc
02:B4C8  50 8F  ADDQ.L  #8,SP                    A0=00FF9364 A1=000373E4 A2=00FFE3F8 A3=00FF8000 A4=00FFE3FC A5=00000000 A6=00000000 A7=00FF7F9C D0=00000001 D1=00000006 D2=00000054 D3=00000000 D4=00000000 D5=00000000 D6=00000000 D7=00000000 xnzvc
02:B4CA  23 FC  MOVE.L  #$40020010,($00C00004)   A0=00FF9364 A1=000373E4 A2=00FFE3F8 A3=00FF8000 A4=00FFE3FC A5=00000000 A6=00000000 A7=00FF7FA4 D0=00000001 D1=00000006 D2=00000054 D3=00000000 D4=00000000 D5=00000000 D6=00000000 D7=00000000 xnzvc
02:B4D4  33 C2  MOVE.W  D2,($00C00000)           A0=00FF9364 A1=000373E4 A2=00FFE3F8 A3=00FF8000 A4=00FFE3FC A5=00000000 A6=00000000 A7=00FF7FA4 D0=00000001 D1=00000006 D2=00000054 D3=00000000 D4=00000000 D5=00000000 D6=00000000 D7=00000000 xnzvc
02:B4DA  52 42  ADDQ.W  #1,D2                    A0=00FF9364 A1=000373E4 A2=00FFE3F8 A3=00FF8000 A4=00FFE3FC A5=00000000 A6=00000000 A7=00FF7FA4 D0=00000001 D1=00000006 D2=00000054 D3=00000000 D4=00000000 D5=00000000 D6=00000000 D7=00000000 xnzvc
02:B4DC  53 54  SUBQ.W  #1,(A4)                  A0=00FF9364 A1=000373E4 A2=00FFE3F8 A3=00FF8000 A4=00FFE3FC A5=00000000 A6=00000000 A7=00FF7FA4 D0=00000001 D1=00000006 D2=00000055 D3=00000000 D4=00000000 D5=00000000 D6=00000000 D7=00000000 xnzvc
02:B4DE  66 1E  BNE     #$1E [02:B4FE]           A0=00FF9364 A1=000373E4 A2=00FFE3F8 A3=00FF8000 A4=00FFE3FC A5=00000000 A6=00000000 A7=00FF7FA4 D0=00000001 D1=00000006 D2=00000055 D3=00000000 D4=00000000 D5=00000000 D6=00000000 D7=00000000 xnzvc
02:B4E0  38 BC  MOVE.W  #$0055,(A4)              A0=00FF9364 A1=000371A2 A2=00FFE3F8 A3=00FF8000 A4=00FFE3FC A5=00000000 A6=00000000 A7=00FF7FA4 D0=00000001 D1=00000002 D2=0000007F D3=00000000 D4=00000000 D5=00000000 D6=00000000 D7=00000000 xnZvc
02:B4E4  52 52  ADDQ.W  #1,(A2)                  A0=00FF9364 A1=000371A2 A2=00FFE3F8 A3=00FF8000 A4=00FFE3FC A5=00000000 A6=00000000 A7=00FF7FA4 D0=00000001 D1=00000002 D2=0000007F D3=00000000 D4=00000000 D5=00000000 D6=00000000 D7=00000000 xnzvc
02:B4E6  30 12  MOVE.W  (A2),D0                  A0=00FF9364 A1=000371A2 A2=00FFE3F8 A3=00FF8000 A4=00FFE3FC A5=00000000 A6=00000000 A7=00FF7FA4 D0=00000001 D1=00000002 D2=0000007F D3=00000000 D4=00000000 D5=00000000 D6=00000000 D7=00000000 xnzvc
02:B4E8  0C 40  CMPI.W  #$0001,D0                A0=00FF9364 A1=000371A2 A2=00FFE3F8 A3=00FF8000 A4=00FFE3FC A5=00000000 A6=00000000 A7=00FF7FA4 D0=00000002 D1=00000002 D2=0000007F D3=00000000 D4=00000000 D5=00000000 D6=00000000 D7=00000000 xnzvc
02:B4EC  6D 10  BLT     #$10 [02:B4FE]           A0=00FF9364 A1=000371A2 A2=00FFE3F8 A3=00FF8000 A4=00FFE3FC A5=00000000 A6=00000000 A7=00FF7FA4 D0=00000002 D1=00000002 D2=0000007F D3=00000000 D4=00000000 D5=00000000 D6=00000000 D7=00000000 xnzvc
02:B4EE  6F 0E  BLE     #$0E [02:B4FE]           A0=00FF9364 A1=000371A2 A2=00FFE3F8 A3=00FF8000 A4=00FFE3FC A5=00000000 A6=00000000 A7=00FF7FA4 D0=00000002 D1=00000002 D2=0000007F D3=00000000 D4=00000000 D5=00000000 D6=00000000 D7=00000000 xnzvc
02:B4F0  0C 40  CMPI.W  #$0002,D0                A0=00FF9364 A1=000371A2 A2=00FFE3F8 A3=00FF8000 A4=00FFE3FC A5=00000000 A6=00000000 A7=00FF7FA4 D0=00000002 D1=00000002 D2=0000007F D3=00000000 D4=00000000 D5=00000000 D6=00000000 D7=00000000 xnzvc
02:B4F4  66 08  BNE     #$08 [02:B4FE]           A0=00FF9364 A1=000371A2 A2=00FFE3F8 A3=00FF8000 A4=00FFE3FC A5=00000000 A6=00000000 A7=00FF7FA4 D0=00000002 D1=00000002 D2=0000007F D3=00000000 D4=00000000 D5=00000000 D6=00000000 D7=00000000 xnZvc
02:B4F6  60 00  BRA     #$0002 [02:B4FA]         A0=00FF9364 A1=000371A2 A2=00FFE3F8 A3=00FF8000 A4=00FFE3FC A5=00000000 A6=00000000 A7=00FF7FA4 D0=00000002 D1=00000002 D2=0000007F D3=00000000 D4=00000000 D5=00000000 D6=00000000 D7=00000000 xnZvc
02:B4FA  34 BC  MOVE.W  #$FFFF,(A2)              A0=00FF9364 A1=000371A2 A2=00FFE3F8 A3=00FF8000 A4=00FFE3FC A5=00000000 A6=00000000 A7=00FF7FA4 D0=00000002 D1=00000002 D2=0000007F D3=00000000 D4=00000000 D5=00000000 D6=00000000 D7=00000000 xnZvc
02:B4FE  0C 52  CMPI.W  #$FFFF,(A2)              A0=00FF9364 A1=000373E4 A2=00FFE3F8 A3=00FF8000 A4=00FFE3FC A5=00000000 A6=00000000 A7=00FF7FA4 D0=00000001 D1=00000006 D2=00000055 D3=00000000 D4=00000000 D5=00000000 D6=00000000 D7=00000000 xnzvc
02:B502  67 16  BEQ     #$16 [02:B51A]           A0=00FF9364 A1=000373E4 A2=00FFE3F8 A3=00FF8000 A4=00FFE3FC A5=00000000 A6=00000000 A7=00FF7FA4 D0=00000001 D1=00000006 D2=00000055 D3=00000000 D4=00000000 D5=00000000 D6=00000000 D7=00000000 xnzvC
02:B504  4E B9  JSR     ($0002706C)              A0=00FF9364 A1=000373E4 A2=00FFE3F8 A3=00FF8000 A4=00FFE3FC A5=00000000 A6=00000000 A7=00FF7FA4 D0=00000001 D1=00000006 D2=00000055 D3=00000000 D4=00000000 D5=00000000 D6=00000000 D7=00000000 xnzvC
02:B50A  26 00  MOVE.L  D0,D3                    A0=00FF9364 A1=000373E4 A2=00FFE3F8 A3=00FF8000 A4=00FFE3FC A5=00000000 A6=00000000 A7=00FF7FA4 D0=00000000 D1=0000FF3F D2=00000055 D3=00000000 D4=00000000 D5=00000000 D6=00000000 D7=00000000 xnZvc
02:B50C  4E B9  JSR     ($00027006)              A0=00FF9364 A1=000373E4 A2=00FFE3F8 A3=00FF8000 A4=00FFE3FC A5=00000000 A6=00000000 A7=00FF7FA4 D0=00000000 D1=0000FF3F D2=00000055 D3=00000000 D4=00000000 D5=00000000 D6=00000000 D7=00000000 xnZvc
02:B512  86 80  OR.L    D0,D3                    A0=00FF9364 A1=000373E4 A2=00FFE3F8 A3=00FF8000 A4=00FFE3FC A5=00000000 A6=00000000 A7=00FF7FA4 D0=00000000 D1=0000FF3F D2=00000055 D3=00000000 D4=00000000 D5=00000000 D6=00000000 D7=00000000 xnZvc
02:B514  08 03  BTST    #7,D3                    A0=00FF9364 A1=000373E4 A2=00FFE3F8 A3=00FF8000 A4=00FFE3FC A5=00000000 A6=00000000 A7=00FF7FA4 D0=00000000 D1=0000FF3F D2=00000055 D3=00000000 D4=00000000 D5=00000000 D6=00000000 D7=00000000 xnZvc
02:B518  67 A4  BEQ     #$A4 [02:B4BE]           A0=00FF9364 A1=000373E4 A2=00FFE3F8 A3=00FF8000 A4=00FFE3FC A5=00000000 A6=00000000 A7=00FF7FA4 D0=00000000 D1=0000FF3F D2=00000055 D3=00000000 D4=00000000 D5=00000000 D6=00000000 D7=00000000 xnZvc
02:B51A  02 13  ANDI.B  #$3C,(A3)                A0=00FF9364 A1=000371A2 A2=00FFE3F8 A3=00FF8000 A4=00FFE3FC A5=00000000 A6=00000000 A7=00FF7FA4 D0=00000002 D1=00000002 D2=0000007F D3=00000000 D4=00000000 D5=00000000 D6=00000000 D7=00000000 xnZvc
02:B51E  70 00  MOVEQ   #$00,D0                  A0=00FF9364 A1=000371A2 A2=00FFE3F8 A3=00FF8000 A4=00FFE3FC A5=00000000 A6=00000000 A7=00FF7FA4 D0=00000002 D1=00000002 D2=0000007F D3=00000000 D4=00000000 D5=00000000 D6=00000000 D7=00000000 xnzvc
02:B520  10 13  MOVE.B  (A3),D0                  A0=00FF9364 A1=000371A2 A2=00FFE3F8 A3=00FF8000 A4=00FFE3FC A5=00000000 A6=00000000 A7=00FF7FA4 D0=00000000 D1=00000002 D2=0000007F D3=00000000 D4=00000000 D5=00000000 D6=00000000 D7=00000000 xnZvc
02:B522  00 80  ORI.L   #$00008104,D0            A0=00FF9364 A1=000371A2 A2=00FFE3F8 A3=00FF8000 A4=00FFE3FC A5=00000000 A6=00000000 A7=00FF7FA4 D0=00000020 D1=00000002 D2=0000007F D3=00000000 D4=00000000 D5=00000000 D6=00000000 D7=00000000 xnzvc
02:B528  33 C0  MOVE.W  D0,($00C00004)           A0=00FF9364 A1=000371A2 A2=00FFE3F8 A3=00FF8000 A4=00FFE3FC A5=00000000 A6=00000000 A7=00FF7FA4 D0=00008124 D1=00000002 D2=0000007F D3=00000000 D4=00000000 D5=00000000 D6=00000000 D7=00000000 xnzvc
02:B52E  4E B9  JSR     ($00029130)              A0=00FF9364 A1=000371A2 A2=00FFE3F8 A3=00FF8000 A4=00FFE3FC A5=00000000 A6=00000000 A7=00FF7FA4 D0=00008124 D1=00000002 D2=0000007F D3=00000000 D4=00000000 D5=00000000 D6=00000000 D7=00000000 xNzvc
02:B534  42 42  CLR.W   D2                       A0=00FFD9C6 A1=000371A2 A2=00FFE3F8 A3=00FF8000 A4=00FFE3FC A5=00000000 A6=00000000 A7=00FF7FA4 D0=00000000 D1=00000000 D2=0000007F D3=00000000 D4=00000000 D5=00000000 D6=00000000 D7=00000000 xnZvc
02:B536  23 FC  MOVE.L  #$40020010,($00C00004)   A0=00FFD9C6 A1=000371A2 A2=00FFE3F8 A3=00FF8000 A4=00FFE3FC A5=00000000 A6=00000000 A7=00FF7FA4 D0=00000000 D1=00000000 D2=00000000 D3=00000000 D4=00000000 D5=00000000 D6=00000000 D7=00000000 xnZvc
02:B540  33 C2  MOVE.W  D2,($00C00000)           A0=00FFD9C6 A1=000371A2 A2=00FFE3F8 A3=00FF8000 A4=00FFE3FC A5=00000000 A6=00000000 A7=00FF7FA4 D0=00000000 D1=00000000 D2=00000000 D3=00000000 D4=00000000 D5=00000000 D6=00000000 D7=00000000 xnzvc
02:B546  42 A7  CLR.L   -(SP)                    A0=00FFD9C6 A1=000371A2 A2=00FFE3F8 A3=00FF8000 A4=00FFE3FC A5=00000000 A6=00000000 A7=00FF7FA4 D0=00000000 D1=00000000 D2=00000000 D3=00000000 D4=00000000 D5=00000000 D6=00000000 D7=00000000 xnZvc
02:B548  42 A7  CLR.L   -(SP)                    A0=00FFD9C6 A1=000371A2 A2=00FFE3F8 A3=00FF8000 A4=00FFE3FC A5=00000000 A6=00000000 A7=00FF7FA0 D0=00000000 D1=00000000 D2=00000000 D3=00000000 D4=00000000 D5=00000000 D6=00000000 D7=00000000 xnZvc
02:B54A  4E B9  JSR     ($000278A6)              A0=00FFD9C6 A1=000371A2 A2=00FFE3F8 A3=00FF8000 A4=00FFE3FC A5=00000000 A6=00000000 A7=00FF7F9C D0=00000000 D1=00000000 D2=00000000 D3=00000000 D4=00000000 D5=00000000 D6=00000000 D7=00000000 xnZvc
02:B550  50 8F  ADDQ.L  #8,SP                    A0=00FF9364 A1=00FF8036 A2=00FFE3F8 A3=00FF8000 A4=00FFE3FC A5=00000000 A6=00000000 A7=00FF7F9C D0=00000001 D1=00000000 D2=00000000 D3=00000000 D4=00000000 D5=00000000 D6=00000000 D7=00000000 xnzvc
02:B552  0C 52  CMPI.W  #$FFFF,(A2)              A0=00FF9364 A1=00FF8036 A2=00FFE3F8 A3=00FF8000 A4=00FFE3FC A5=00000000 A6=00000000 A7=00FF7FA4 D0=00000001 D1=00000000 D2=00000000 D3=00000000 D4=00000000 D5=00000000 D6=00000000 D7=00000000 xnzvc
02:B556  56 C0  STNE    D0 [02:B518]             A0=00FF9364 A1=00FF8036 A2=00FFE3F8 A3=00FF8000 A4=00FFE3FC A5=00000000 A6=00000000 A7=00FF7FA4 D0=00000001 D1=00000000 D2=00000000 D3=00000000 D4=00000000 D5=00000000 D6=00000000 D7=00000000 xnZvc
02:B558  44 00  NEG.B   D0                       A0=00FF9364 A1=00FF8036 A2=00FFE3F8 A3=00FF8000 A4=00FFE3FC A5=00000000 A6=00000000 A7=00FF7FA4 D0=00000000 D1=00000000 D2=00000000 D3=00000000 D4=00000000 D5=00000000 D6=00000000 D7=00000000 xnZvc
02:B55A  48 80  EXT.W   D0                       A0=00FF9364 A1=00FF8036 A2=00FFE3F8 A3=00FF8000 A4=00FFE3FC A5=00000000 A6=00000000 A7=00FF7FA4 D0=00000000 D1=00000000 D2=00000000 D3=00000000 D4=00000000 D5=00000000 D6=00000000 D7=00000000 xnZvc
02:B55C  48 C0  EXT.L   D0                       A0=00FF9364 A1=00FF8036 A2=00FFE3F8 A3=00FF8000 A4=00FFE3FC A5=00000000 A6=00000000 A7=00FF7FA4 D0=00000000 D1=00000000 D2=00000000 D3=00000000 D4=00000000 D5=00000000 D6=00000000 D7=00000000 xnZvc
02:B55E  30 00  MOVE.W  D0,D0                    A0=00FF9364 A1=00FF8036 A2=00FFE3F8 A3=00FF8000 A4=00FFE3FC A5=00000000 A6=00000000 A7=00FF7FA4 D0=00000000 D1=00000000 D2=00000000 D3=00000000 D4=00000000 D5=00000000 D6=00000000 D7=00000000 xnZvc
02:B560  30 00  MOVE.W  D0,D0                    A0=00FF9364 A1=00FF8036 A2=00FFE3F8 A3=00FF8000 A4=00FFE3FC A5=00000000 A6=00000000 A7=00FF7FA4 D0=00000000 D1=00000000 D2=00000000 D3=00000000 D4=00000000 D5=00000000 D6=00000000 D7=00000000 xnZvc
02:B562  48 C0  EXT.L   D0                       A0=00FF9364 A1=00FF8036 A2=00FFE3F8 A3=00FF8000 A4=00FFE3FC A5=00000000 A6=00000000 A7=00FF7FA4 D0=00000000 D1=00000000 D2=00000000 D3=00000000 D4=00000000 D5=00000000 D6=00000000 D7=00000000 xnZvc
02:B564  4C DF  MOVEM.L (SP)+,{a7-d0}[1c 0c]     A0=00FF9364 A1=00FF8036 A2=00FFE3F8 A3=00FF8000 A4=00FFE3FC A5=00000000 A6=00000000 A7=00FF7FA4 D0=00000000 D1=00000000 D2=00000000 D3=00000000 D4=00000000 D5=00000000 D6=00000000 D7=00000000 xnZvc
02:B568  4E 75  RTS                              A0=00FF9364 A1=00FF8036 A2=00FF8038 A3=00FF8036 A4=00FF8000 A5=00000000 A6=00000000 A7=00FF7FB8 D0=00000000 D1=00000000 D2=00000001 D3=00000000 D4=00000000 D5=00000000 D6=00000000 D7=00000000 xnZvc

02:B56A  48 E7  MOVEM.L {d0-a7}[30 38],-(SP)     A0=00FF9364 A1=00FF8036 A2=00FF8038 A3=00FF8036 A4=00FF8000 A5=00000000 A6=00000000 A7=00FF7FB8 D0=00000000 D1=00000000 D2=00000001 D3=00000000 D4=00000000 D5=00000000 D6=00000000 D7=00000000 xnZvc
02:B56E  24 7C  MOVE.L  #$00FFE3F8,A2            A0=00FF9364 A1=00FF8036 A2=00FF8038 A3=00FF8036 A4=00FF8000 A5=00000000 A6=00000000 A7=00FF7FA4 D0=00000000 D1=00000000 D2=00000001 D3=00000000 D4=00000000 D5=00000000 D6=00000000 D7=00000000 xnZvc
02:B574  26 7C  MOVE.L  #$00FFE3FC,A3            A0=00FF9364 A1=00FF8036 A2=00FFE3F8 A3=00FF8036 A4=00FF8000 A5=00000000 A6=00000000 A7=00FF7FA4 D0=00000000 D1=00000000 D2=00000001 D3=00000000 D4=00000000 D5=00000000 D6=00000000 D7=00000000 xnZvc
02:B57A  28 7C  MOVE.L  #$00FF8000,A4            A0=00FF9364 A1=00FF8036 A2=00FFE3F8 A3=00FFE3FC A4=00FF8000 A5=00000000 A6=00000000 A7=00FF7FA4 D0=00000000 D1=00000000 D2=00000001 D3=00000000 D4=00000000 D5=00000000 D6=00000000 D7=00000000 xnZvc
02:B580  48 78  PEA     ($0001)                  A0=00FF9364 A1=00FF8036 A2=00FFE3F8 A3=00FFE3FC A4=00FF8000 A5=00000000 A6=00000000 A7=00FF7FA4 D0=00000000 D1=00000000 D2=00000001 D3=00000000 D4=00000000 D5=00000000 D6=00000000 D7=00000000 xnZvc
02:B584  4E B9  JSR     ($0002756E)              A0=00FF9364 A1=00FF8036 A2=00FFE3F8 A3=00FFE3FC A4=00FF8000 A5=00000000 A6=00000000 A7=00FF7FA0 D0=00000000 D1=00000000 D2=00000001 D3=00000000 D4=00000000 D5=00000000 D6=00000000 D7=00000000 xnZvc
02:B58A  4E B9  JSR     ($000290BA)              A0=023FEEC4 A1=0C760981 A2=00FFE3F8 A3=00FFE3FC A4=00FF8000 A5=00000000 A6=00000000 A7=00FF7FA0 D0=00009DA9 D1=33FD1ABD D2=00000001 D3=00000000 D4=00000000 D5=00000000 D6=00000000 D7=00000000 xnZvc
02:B590  58 8F  ADDQ.L  #4,SP                    A0=00FFA58B A1=00FFD940 A2=00FFE3F8 A3=00FFE3FC A4=00FF8000 A5=00000000 A6=00000000 A7=00FF7FA0 D0=00000002 D1=00000019 D2=00000001 D3=00000000 D4=00000000 D5=00000000 D6=00000000 D7=00000000 xnzvc
02:B592  36 BC  MOVE.W  #$002A,(A3)              A0=00FFA58B A1=00FFD940 A2=00FFE3F8 A3=00FFE3FC A4=00FF8000 A5=00000000 A6=00000000 A7=00FF7FA4 D0=00000002 D1=00000019 D2=00000001 D3=00000000 D4=00000000 D5=00000000 D6=00000000 D7=00000000 xnzvc
02:B596  76 14  MOVEQ   #$14,D3                  A0=00FFA58B A1=00FFD940 A2=00FFE3F8 A3=00FFE3FC A4=00FF8000 A5=00000000 A6=00000000 A7=00FF7FA4 D0=00000002 D1=00000019 D2=00000001 D3=00000000 D4=00000000 D5=00000000 D6=00000000 D7=00000000 xnzvc
02:B598  48 78  PEA     ($00B4)                  A0=00FFA58B A1=00FFD940 A2=00FFE3F8 A3=00FFE3FC A4=00FF8000 A5=00000000 A6=00000000 A7=00FF7FA4 D0=00000002 D1=00000019 D2=00000001 D3=00000014 D4=00000000 D5=00000000 D6=00000000 D7=00000000 xnzvc
02:B59C  48 78  PEA     ($00A0)                  A0=00FFA58B A1=00FFD940 A2=00FFE3F8 A3=00FFE3FC A4=00FF8000 A5=00000000 A6=00000000 A7=00FF7FA0 D0=00000002 D1=00000019 D2=00000001 D3=00000014 D4=00000000 D5=00000000 D6=00000000 D7=00000000 xnzvc
02:B5A0  4E B9  JSR     ($000298DE)              A0=00FFA58B A1=00FFD940 A2=00FFE3F8 A3=00FFE3FC A4=00FF8000 A5=00000000 A6=00000000 A7=00FF7F9C D0=00000002 D1=00000019 D2=00000001 D3=00000014 D4=00000000 D5=00000000 D6=00000000 D7=00000000 xnzvc
02:B5A6  48 78  PEA     ($0003)                  A0=00FFA60F A1=00FFD940 A2=00FFE3F8 A3=00FFE3FC A4=00FF8000 A5=00000000 A6=00000000 A7=00FF7F9C D0=00000002 D1=00000019 D2=00000001 D3=00000014 D4=00000000 D5=00000000 D6=00000000 D7=00000000 xnzvc
02:B5AA  48 79  PEA     ($00098388)              A0=00FFA60F A1=00FFD940 A2=00FFE3F8 A3=00FFE3FC A4=00FF8000 A5=00000000 A6=00000000 A7=00FF7F98 D0=00000002 D1=00000019 D2=00000001 D3=00000014 D4=00000000 D5=00000000 D6=00000000 D7=00000000 xnzvc
02:B5B0  4E B9  JSR     ($00026FDA)              A0=00FFA60F A1=00FFD940 A2=00FFE3F8 A3=00FFE3FC A4=00FF8000 A5=00000000 A6=00000000 A7=00FF7F94 D0=00000002 D1=00000019 D2=00000001 D3=00000014 D4=00000000 D5=00000000 D6=00000000 D7=00000000 xnzvc
02:B5B6  48 78  PEA     ($0001)                  A0=000983A8 A1=00FFD940 A2=00FFE3F8 A3=00FFE3FC A4=00FF8000 A5=00000000 A6=00000000 A7=00FF7F94 D0=C060FFFF D1=00000019 D2=00000001 D3=00000014 D4=00000000 D5=00000000 D6=00000000 D7=00000000 xnZvc
02:B5BA  4E B9  JSR     ($00000578)              A0=000983A8 A1=00FFD940 A2=00FFE3F8 A3=00FFE3FC A4=00FF8000 A5=00000000 A6=00000000 A7=00FF7F90 D0=C060FFFF D1=00000019 D2=00000001 D3=00000014 D4=00000000 D5=00000000 D6=00000000 D7=00000000 xnZvc
02:B5C0  00 14  ORI.B   #$40,(A4)                A0=000983A8 A1=00FFD940 A2=00FFE3F8 A3=00FFE3FC A4=00FF8000 A5=00000000 A6=00000000 A7=00FF7F90 D0=C0600001 D1=00000019 D2=00000001 D3=00000014 D4=00000000 D5=00000000 D6=00000000 D7=00000000 xnZvc
02:B5C4  70 00  MOVEQ   #$00,D0                  A0=000983A8 A1=00FFD940 A2=00FFE3F8 A3=00FFE3FC A4=00FF8000 A5=00000000 A6=00000000 A7=00FF7F90 D0=C0600001 D1=00000019 D2=00000001 D3=00000014 D4=00000000 D5=00000000 D6=00000000 D7=00000000 xnzvc
02:B5C6  10 14  MOVE.B  (A4),D0                  A0=000983A8 A1=00FFD940 A2=00FFE3F8 A3=00FFE3FC A4=00FF8000 A5=00000000 A6=00000000 A7=00FF7F90 D0=00000000 D1=00000019 D2=00000001 D3=00000014 D4=00000000 D5=00000000 D6=00000000 D7=00000000 xnZvc
02:B5C8  00 80  ORI.L   #$00008104,D0            A0=000983A8 A1=00FFD940 A2=00FFE3F8 A3=00FFE3FC A4=00FF8000 A5=00000000 A6=00000000 A7=00FF7F90 D0=00000060 D1=00000019 D2=00000001 D3=00000014 D4=00000000 D5=00000000 D6=00000000 D7=00000000 xnzvc
02:B5CE  4F EF  LEA     $0014(SP),A7             A0=000983A8 A1=00FFD940 A2=00FFE3F8 A3=00FFE3FC A4=00FF8000 A5=00000000 A6=00000000 A7=00FF7F90 D0=00008164 D1=00000019 D2=00000001 D3=00000014 D4=00000000 D5=00000000 D6=00000000 D7=00000000 xnzvc
02:B5D2  33 C0  MOVE.W  D0,($00C00004)           A0=000983A8 A1=00FFD940 A2=00FFE3F8 A3=00FFE3FC A4=00FF8000 A5=00000000 A6=00000000 A7=00FF7FA4 D0=00008164 D1=00000019 D2=00000001 D3=00000014 D4=00000000 D5=00000000 D6=00000000 D7=00000000 xnzvc
02:B5D8  34 BC  MOVE.W  #$0001,(A2)              A0=000983A8 A1=00FFD940 A2=00FFE3F8 A3=00FFE3FC A4=00FF8000 A5=00000000 A6=00000000 A7=00FF7FA4 D0=00008164 D1=00000019 D2=00000001 D3=00000014 D4=00000000 D5=00000000 D6=00000000 D7=00000000 xNzvc
02:B5DC  60 00  BRA     #$00B8 [02:B696]         A0=000983A8 A1=00FFD940 A2=00FFE3F8 A3=00FFE3FC A4=00FF8000 A5=00000000 A6=00000000 A7=00FF7FA4 D0=00008164 D1=00000019 D2=00000001 D3=00000014 D4=00000000 D5=00000000 D6=00000000 D7=00000000 xnzvc
02:B5E0  42 A7  CLR.L   -(SP)                    A0=00FFA55A A1=000370E0 A2=00FFE3F8 A3=00FFE3FC A4=00FF8000 A5=00000000 A6=00000000 A7=00FF7FA4 D0=00000000 D1=0000FF3F D2=00000000 D3=00000053 D4=00000000 D5=00000000 D6=00000000 D7=00000000 xnZvc
02:B5E2  42 A7  CLR.L   -(SP)                    A0=00FFA55A A1=000370E0 A2=00FFE3F8 A3=00FFE3FC A4=00FF8000 A5=00000000 A6=00000000 A7=00FF7FA0 D0=00000000 D1=0000FF3F D2=00000000 D3=00000053 D4=00000000 D5=00000000 D6=00000000 D7=00000000 xnZvc
02:B5E4  4E B9  JSR     ($000278A6)              A0=00FFA55A A1=000370E0 A2=00FFE3F8 A3=00FFE3FC A4=00FF8000 A5=00000000 A6=00000000 A7=00FF7F9C D0=00000000 D1=0000FF3F D2=00000000 D3=00000053 D4=00000000 D5=00000000 D6=00000000 D7=00000000 xnZvc
02:B5EA  30 12  MOVE.W  (A2),D0                  A0=00FF9364 A1=000370E0 A2=00FFE3F8 A3=00FFE3FC A4=00FF8000 A5=00000000 A6=00000000 A7=00FF7F9C D0=00000001 D1=00000000 D2=00000000 D3=00000052 D4=00000000 D5=00000000 D6=00000000 D7=00000000 xnzvc
02:B5EC  50 8F  ADDQ.L  #8,SP                    A0=00FF9364 A1=000370E0 A2=00FFE3F8 A3=00FFE3FC A4=00FF8000 A5=00000000 A6=00000000 A7=00FF7F9C D0=00000001 D1=00000000 D2=00000000 D3=00000052 D4=00000000 D5=00000000 D6=00000000 D7=00000000 xnzvc
02:B5EE  0C 40  CMPI.W  #$0001,D0                A0=00FF9364 A1=000370E0 A2=00FFE3F8 A3=00FFE3FC A4=00FF8000 A5=00000000 A6=00000000 A7=00FF7FA4 D0=00000001 D1=00000000 D2=00000000 D3=00000052 D4=00000000 D5=00000000 D6=00000000 D7=00000000 xnzvc
02:B5F2  6D 00  BLT     #$00A2 [02:B696]         A0=00FF9364 A1=000370E0 A2=00FFE3F8 A3=00FFE3FC A4=00FF8000 A5=00000000 A6=00000000 A7=00FF7FA4 D0=00000001 D1=00000000 D2=00000000 D3=00000052 D4=00000000 D5=00000000 D6=00000000 D7=00000000 xnZvc
02:B5F6  0C 40  CMPI.W  #$0006,D0                A0=00FF9364 A1=000370E0 A2=00FFE3F8 A3=00FFE3FC A4=00FF8000 A5=00000000 A6=00000000 A7=00FF7FA4 D0=00000001 D1=00000000 D2=00000000 D3=00000052 D4=00000000 D5=00000000 D6=00000000 D7=00000000 xnZvc
02:B5FA  6E 00  BGT     #$009A [02:B696]         A0=00FF9364 A1=000370E0 A2=00FFE3F8 A3=00FFE3FC A4=00FF8000 A5=00000000 A6=00000000 A7=00FF7FA4 D0=00000001 D1=00000000 D2=00000000 D3=00000052 D4=00000000 D5=00000000 D6=00000000 D7=00000000 xNzvC
02:B5FE  D0 40  ADD.W   D0,D0                    A0=00FF9364 A1=000370E0 A2=00FFE3F8 A3=00FFE3FC A4=00FF8000 A5=00000000 A6=00000000 A7=00FF7FA4 D0=00000001 D1=00000000 D2=00000000 D3=00000052 D4=00000000 D5=00000000 D6=00000000 D7=00000000 xNzvC
02:B600  30 3B  MOVE.W  $04(PC,D0),D0            A0=00FF9364 A1=000370E0 A2=00FFE3F8 A3=00FFE3FC A4=00FF8000 A5=00000000 A6=00000000 A7=00FF7FA4 D0=00000002 D1=00000000 D2=00000000 D3=00000052 D4=00000000 D5=00000000 D6=00000000 D7=00000000 xnzvc
02:B604  4E FB  JMP     $02(PC,D0)               A0=00FF9364 A1=000370E0 A2=00FFE3F8 A3=00FFE3FC A4=00FF8000 A5=00000000 A6=00000000 A7=00FF7FA4 D0=0000000C D1=00000000 D2=00000000 D3=00000052 D4=00000000 D5=00000000 D6=00000000 D7=00000000 xnzvc
02:B614  52 43  ADDQ.W  #1,D3                    A0=00FF9364 A1=000370E0 A2=00FFE3F8 A3=00FFE3FC A4=00FF8000 A5=00000000 A6=00000000 A7=00FF7FA4 D0=0000000C D1=00000000 D2=00000000 D3=00000052 D4=00000000 D5=00000000 D6=00000000 D7=00000000 xnzvc
02:B616  30 03  MOVE.W  D3,D0                    A0=00FF9364 A1=000370E0 A2=00FFE3F8 A3=00FFE3FC A4=00FF8000 A5=00000000 A6=00000000 A7=00FF7FA4 D0=0000000C D1=00000000 D2=00000000 D3=00000053 D4=00000000 D5=00000000 D6=00000000 D7=00000000 xnzvc
02:B618  48 C0  EXT.L   D0                       A0=00FF9364 A1=000370E0 A2=00FFE3F8 A3=00FFE3FC A4=00FF8000 A5=00000000 A6=00000000 A7=00FF7FA4 D0=00000053 D1=00000000 D2=00000000 D3=00000053 D4=00000000 D5=00000000 D6=00000000 D7=00000000 xnzvc
02:B61A  2F 00  MOVE.L  D0,-(SP)                 A0=00FF9364 A1=000370E0 A2=00FFE3F8 A3=00FFE3FC A4=00FF8000 A5=00000000 A6=00000000 A7=00FF7FA4 D0=00000053 D1=00000000 D2=00000000 D3=00000053 D4=00000000 D5=00000000 D6=00000000 D7=00000000 xnzvc
02:B61C  48 78  PEA     ($00A0)                  A0=00FF9364 A1=000370E0 A2=00FFE3F8 A3=00FFE3FC A4=00FF8000 A5=00000000 A6=00000000 A7=00FF7FA0 D0=00000053 D1=00000000 D2=00000000 D3=00000053 D4=00000000 D5=00000000 D6=00000000 D7=00000000 xnzvc
02:B620  4E B9  JSR     ($00029150)              A0=00FF9364 A1=000370E0 A2=00FFE3F8 A3=00FFE3FC A4=00FF8000 A5=00000000 A6=00000000 A7=00FF7F9C D0=00000053 D1=00000000 D2=00000000 D3=00000053 D4=00000000 D5=00000000 D6=00000000 D7=00000000 xnzvc
02:B626  50 8F  ADDQ.L  #8,SP                    A0=00FFA55A A1=000370E0 A2=00FFE3F8 A3=00FFE3FC A4=00FF8000 A5=00000000 A6=00000000 A7=00FF7F9C D0=00000300 D1=000000A0 D2=00000000 D3=00000053 D4=00000000 D5=00000000 D6=00000000 D7=00000000 xnZvc
02:B628  0C 43  CMPI.W  #$00A0,D3                A0=00FFA55A A1=000370E0 A2=00FFE3F8 A3=00FFE3FC A4=00FF8000 A5=00000000 A6=00000000 A7=00FF7FA4 D0=00000300 D1=000000A0 D2=00000000 D3=00000053 D4=00000000 D5=00000000 D6=00000000 D7=00000000 xnZvc
02:B62C  66 00  BNE     #$0068 [02:B696]         A0=00FFA55A A1=000370E0 A2=00FFE3F8 A3=00FFE3FC A4=00FF8000 A5=00000000 A6=00000000 A7=00FF7FA4 D0=00000300 D1=000000A0 D2=00000000 D3=00000053 D4=00000000 D5=00000000 D6=00000000 D7=00000000 xNzvC
02:B630  52 52  ADDQ.W  #1,(A2)                  A0=00FFA55A A1=00037324 A2=00FFE3F8 A3=00FFE3FC A4=00FF8000 A5=00000000 A6=00000000 A7=00FF7FA4 D0=00000300 D1=000000A0 D2=00000000 D3=000000A0 D4=00000000 D5=00000000 D6=00000000 D7=00000000 xnZvc
02:B632  4E B9  JSR     ($00029130)              A0=00FFA55A A1=00037324 A2=00FFE3F8 A3=00FFE3FC A4=00FF8000 A5=00000000 A6=00000000 A7=00FF7FA4 D0=00000300 D1=000000A0 D2=00000000 D3=000000A0 D4=00000000 D5=00000000 D6=00000000 D7=00000000 xnzvc
02:B638  60 5C  BRA     #$5C [02:B696]           A0=00FFD9C6 A1=00037324 A2=00FFE3F8 A3=00FFE3FC A4=00FF8000 A5=00000000 A6=00000000 A7=00FF7FA4 D0=00000000 D1=00000000 D2=00000000 D3=000000A0 D4=00000000 D5=00000000 D6=00000000 D7=00000000 xnZvc
02:B63A  48 78  PEA     ($00B4)                  A0=00FF9364 A1=00032A84 A2=00FFE3F8 A3=00FFE3FC A4=00FF8000 A5=00000000 A6=00000000 A7=00FF7FA4 D0=00000032 D1=00000000 D2=00000000 D3=000000A0 D4=00000000 D5=00000000 D6=00000000 D7=00000000 xnzvc
02:B63E  48 78  PEA     ($00A0)                  A0=00FF9364 A1=00032A84 A2=00FFE3F8 A3=00FFE3FC A4=00FF8000 A5=00000000 A6=00000000 A7=00FF7FA0 D0=00000032 D1=00000000 D2=00000000 D3=000000A0 D4=00000000 D5=00000000 D6=00000000 D7=00000000 xnzvc
02:B642  4E B9  JSR     ($00029842)              A0=00FF9364 A1=00032A84 A2=00FFE3F8 A3=00FFE3FC A4=00FF8000 A5=00000000 A6=00000000 A7=00FF7F9C D0=00000032 D1=00000000 D2=00000000 D3=000000A0 D4=00000000 D5=00000000 D6=00000000 D7=00000000 xnzvc
02:B648  48 78  PEA     ($0032)                  A0=00FFA58A A1=00FFD940 A2=00FFE3F8 A3=00FFE3FC A4=00FF8000 A5=00000000 A6=00000000 A7=00FF7F9C D0=00000002 D1=00000019 D2=00000000 D3=000000A0 D4=00000000 D5=00000000 D6=00000000 D7=00000000 xnzvc
02:B64C  48 78  PEA     ($0008)                  A0=00FFA58A A1=00FFD940 A2=00FFE3F8 A3=00FFE3FC A4=00FF8000 A5=00000000 A6=00000000 A7=00FF7F98 D0=00000002 D1=00000019 D2=00000000 D3=000000A0 D4=00000000 D5=00000000 D6=00000000 D7=00000000 xnzvc
02:B650  4E B9  JSR     ($0003F700)              A0=00FFA58A A1=00FFD940 A2=00FFE3F8 A3=00FFE3FC A4=00FF8000 A5=00000000 A6=00000000 A7=00FF7F94 D0=00000002 D1=00000019 D2=00000000 D3=000000A0 D4=00000000 D5=00000000 D6=00000000 D7=00000000 xnzvc
02:B656  4F EF  LEA     $0010(SP),A7             A0=00FFA58A A1=00FFD940 A2=00FFE3F8 A3=00FFE3FC A4=00FF8000 A5=00000000 A6=00000000 A7=00FF7F94 D0=00000032 D1=00000019 D2=00000000 D3=000000A0 D4=00000000 D5=00000000 D6=00000000 D7=00000000 xnzvc
02:B65A  36 BC  MOVE.W  #$0055,(A3)              A0=00FFA58A A1=00FFD940 A2=00FFE3F8 A3=00FFE3FC A4=00FF8000 A5=00000000 A6=00000000 A7=00FF7FA4 D0=00000032 D1=00000019 D2=00000000 D3=000000A0 D4=00000000 D5=00000000 D6=00000000 D7=00000000 xnzvc
02:B65E  52 52  ADDQ.W  #1,(A2)                  A0=00FF9364 A1=000AFAE2 A2=00FFE3F8 A3=00FFE3FC A4=00FF8000 A5=00000000 A6=00000000 A7=00FF7FA4 D0=00000084 D1=00000012 D2=00000000 D3=000000A0 D4=00000000 D5=00000000 D6=00000000 D7=00000000 xnZvc
02:B660  60 34  BRA     #$34 [02:B696]           A0=00FF9364 A1=000AFAE2 A2=00FFE3F8 A3=00FFE3FC A4=00FF8000 A5=00000000 A6=00000000 A7=00FF7FA4 D0=00000084 D1=00000012 D2=00000000 D3=000000A0 D4=00000000 D5=00000000 D6=00000000 D7=00000000 xnzvc
02:B662  53 53  SUBQ.W  #1,(A3)                  A0=00FF9364 A1=00032A84 A2=00FFE3F8 A3=00FFE3FC A4=00FF8000 A5=00000000 A6=00000000 A7=00FF7FA4 D0=0000005A D1=00000000 D2=00000000 D3=000000A0 D4=00000000 D5=00000000 D6=00000000 D7=00000000 xnzvc
02:B664  66 30  BNE     #$30 [02:B696]           A0=00FF9364 A1=00032A84 A2=00FFE3F8 A3=00FFE3FC A4=00FF8000 A5=0000000
02:B666  60 F6  BRA     #$F6 [02:B65E]           A0=00FF9364 A1=00032A84 A2=00FFE3F8 A3=00FFE3FC A4=00FF8000 A5=00000000 A6=00000000 A7=00FF7FA4 D0=0000005A D1=00000000 D2=00000000 D3=000000A0 D4=00000000 D5=00000000 D6=00000000 D7=00000000 xnZvc
02:B668  4E B9  JSR     ($000298C2)              A0=00FF9364 A1=00032A84 A2=00FFE3F8 A3=00FFE3FC A4=00FF8000 A5=00000000 A6=00000000 A7=00FF7FA4 D0=00000060 D1=00000000 D2=00000000 D3=000000A0 D4=00000000 D5=00000000 D6=00000000 D7=00000000 xnzvc
02:B66E  48 78  PEA     ($001E)                  A0=00FFD9C6 A1=00032A84 A2=00FFE3F8 A3=00FFE3FC A4=00FF8000 A5=00000000 A6=00000000 A7=00FF7FA4 D0=00000000 D1=00000000 D2=00000000 D3=000000A0 D4=00000000 D5=00000000 D6=00000000 D7=00000000 xnZvc
02:B672  48 78  PEA     ($00A0)                  A0=00FFD9C6 A1=00032A84 A2=00FFE3F8 A3=00FFE3FC A4=00FF8000 A5=00000000 A6=00000000 A7=00FF7FA0 D0=00000000 D1=00000000 D2=00000000 D3=000000A0 D4=00000000 D5=00000000 D6=00000000 D7=00000000 xnZvc
02:B676  48 7A  PEA     $0086(PC)                A0=00FFD9C6 A1=00032A84 A2=00FFE3F8 A3=00FFE3FC A4=00FF8000 A5=00000000 A6=00000000 A7=00FF7F9C D0=00000000 D1=00000000 D2=00000000 D3=000000A0 D4=00000000 D5=00000000 D6=00000000 D7=00000000 xnZvc
02:B67A  4E 71  NOP                              A0=00FFD9C6 A1=00032A84 A2=00FFE3F8 A3=00FFE3FC A4=00FF8000 A5=00000000 A6=00000000 A7=00FF7F98 D0=00000000 D1=00000000 D2=00000000 D3=000000A0 D4=00000000 D5=00000000 D6=00000000 D7=00000000 xnZvc
02:B67C  4E B9  JSR     ($00027E16)              A0=00FFD9C6 A1=00032A84 A2=00FFE3F8 A3=00FFE3FC A4=00FF8000 A5=00000000 A6=00000000 A7=00FF7F98 D0=00000000 D1=00000000 D2=00000000 D3=000000A0 D4=00000000 D5=00000000 D6=00000000 D7=00000000 xnZvc
02:B682  4F EF  LEA     $000C(SP),A7             A0=00FFB65A A1=00FFB65A A2=00FFE3F8 A3=00FFE3FC A4=00FF8000 A5=00000000 A6=00000000 A7=00FF7F98 D0=00000008 D1=00000008 D2=00000000 D3=000000A0 D4=00000000 D5=00000000 D6=00000000 D7=00000000 xnzvc
02:B686  36 BC  MOVE.W  #$0077,(A3)              A0=00FFB65A A1=00FFB65A A2=00FFE3F8 A3=00FFE3FC A4=00FF8000 A5=00000000 A6=00000000 A7=00FF7FA4 D0=00000008 D1=00000008 D2=00000000 D3=000000A0 D4=00000000 D5=00000000 D6=00000000 D7=00000000 xnzvc
02:B68A  60 D2  BRA     #$D2 [02:B65E]           A0=00FFB65A A1=00FFB65A A2=00FFE3F8 A3=00FFE3FC A4=00FF8000 A5=00000000 A6=00000000 A7=00FF7FA4 D0=00000008 D1=00000008 D2=00000000 D3=000000A0 D4=00000000 D5=00000000 D6=00000000 D7=00000000 xnzvc
02:B68C  53 53  SUBQ.W  #1,(A3)                  A0=00FF9364 A1=000AFAE2 A2=00FFE3F8 A3=00FFE3FC A4=00FF8000 A5=00000000 A6=00000000 A7=00FF7FA4 D0=00000084 D1=00000000 D2=00000000 D3=000000A0 D4=00000000 D5=00000000 D6=00000000 D7=00000000 xnzvc
02:B68E  66 06  BNE     #$06 [02:B696]           A0=00FF9364 A1=000AFAE2 A2=00FFE3F8 A3=00FFE3FC A4=00FF8000 A5=00000000 A6=00000000 A7=00FF7FA4 D0=00000084 D1=00000000 D2=00000000 D3=000000A0 D4=00000000 D5=00000000 D6=00000000 D7=00000000 xnzvc
02:B690  60 CC  BRA     #$CC [02:B65E]           A0=00FF9364 A1=000AFAE2 A2=00FFE3F8 A3=00FFE3FC A4=00FF8000 A5=00000000 A6=00000000 A7=00FF7FA4 D0=00000084 D1=00000012 D2=00000000 D3=000000A0 D4=00000000 D5=00000000 D6=00000000 D7=00000000 xnZvc
02:B692  34 BC  MOVE.W  #$FFFF,(A2)              A0=00FF9364 A1=000AFAE2 A2=00FFE3F8 A3=00FFE3FC A4=00FF8000 A5=00000000 A6=00000000 A7=00FF7FA4 D0=0000008A D1=00000000 D2=00000000 D3=000000A0 D4=00000000 D5=00000000 D6=00000000 D7=00000000 xnzvc
02:B696  0C 52  CMPI.W  #$FFFF,(A2)              A0=00FFA55A A1=000370E0 A2=00FFE3F8 A3=00FFE3FC A4=00FF8000 A5=00000000 A6=00000000 A7=00FF7FA4 D0=00000300 D1=000000A0 D2=00000000 D3=00000053 D4=00000000 D5=00000000 D6=00000000 D7=00000000 xNzvC
02:B69A  67 18  BEQ     #$18 [02:B6B4]           A0=00FFA55A A1=000370E0 A2=00FFE3F8 A3=00FFE3FC A4=00FF8000 A5=00000000 A6=00000000 A7=00FF7FA4 D0=00000300 D1=000000A0 D2=00000000 D3=00000053 D4=00000000 D5=00000000 D6=00000000 D7=00000000 xnzvC
02:B69C  4E B9  JSR     ($0002706C)              A0=00FFA55A A1=000370E0 A2=00FFE3F8 A3=00FFE3FC A4=00FF8000 A5=00000000 A6=00000000 A7=00FF7FA4 D0=00000300 D1=000000A0 D2=00000000 D3=00000053 D4=00000000 D5=00000000 D6=00000000 D7=00000000 xnzvC
02:B6A2  24 00  MOVE.L  D0,D2                    A0=00FFA55A A1=000370E0 A2=00FFE3F8 A3=00FFE3FC A4=00FF8000 A5=00000000 A6=00000000 A7=00FF7FA4 D0=00000000 D1=0000FF3F D2=00000000 D3=00000053 D4=00000000 D5=00000000 D6=00000000 D7=00000000 xnZvc
02:B6A4  4E B9  JSR     ($00027006)              A0=00FFA55A A1=000370E0 A2=00FFE3F8 A3=00FFE3FC A4=00FF8000 A5=00000000 A6=00000000 A7=00FF7FA4 D0=00000000 D1=0000FF3F D2=00000000 D3=00000053 D4=00000000 D5=00000000 D6=00000000 D7=00000000 xnZvc
02:B6AA  84 80  OR.L    D0,D2                    A0=00FFA55A A1=000370E0 A2=00FFE3F8 A3=00FFE3FC A4=00FF8000 A5=00000000 A6=00000000 A7=00FF7FA4 D0=00000000 D1=0000FF3F D2=00000000 D3=00000053 D4=00000000 D5=00000000 D6=00000000 D7=00000000 xnZvc
02:B6AC  08 02  BTST    #7,D2                    A0=00FFA55A A1=000370E0 A2=00FFE3F8 A3=00FFE3FC A4=00FF8000 A5=00000000 A6=00000000 A7=00FF7FA4 D0=00000000 D1=0000FF3F D2=00000000 D3=00000053 D4=00000000 D5=00000000 D6=00000000 D7=00000000 xnZvc
02:B6B0  67 00  BEQ     #$FF2E [02:B5E0]         A0=00FFA55A A1=000370E0 A2=00FFE3F8 A3=00FFE3FC A4=00FF8000 A5=00000000 A6=00000000 A7=00FF7FA4 D0=00000000 D1=0000FF3F D2=00000000 D3=00000053 D4=00000000 D5=00000000 D6=00000000 D7=00000000 xnZvc
02:B6B4  02 14  ANDI.B  #$3C,(A4)                A0=00FF9364 A1=000AFAE2 A2=00FFE3F8 A3=00FFE3FC A4=00FF8000 A5=00000000 A6=00000000 A7=00FF7FA4 D0=0000008A D1=00000000 D2=00000000 D3=000000A0 D4=00000000 D5=00000000 D6=00000000 D7=00000000 xnZvc
02:B6B8  70 00  MOVEQ   #$00,D0                  A0=00FF9364 A1=000AFAE2 A2=00FFE3F8 A3=00FFE3FC A4=00FF8000 A5=00000000 A6=00000000 A7=00FF7FA4 D0=0000008A D1=00000000 D2=00000000 D3=000000A0 D4=00000000 D5=00000000 D6=00000000 D7=00000000 xnzvc
02:B6BA  10 14  MOVE.B  (A4),D0                  A0=00FF9364 A1=000AFAE2 A2=00FFE3F8 A3=00FFE3FC A4=00FF8000 A5=00000000 A6=00000000 A7=00FF7FA4 D0=00000000 D1=00000000 D2=00000000 D3=000000A0 D4=00000000 D5=00000000 D6=00000000 D7=00000000 xnZvc
02:B6BC  00 80  ORI.L   #$00008104,D0            A0=00FF9364 A1=000AFAE2 A2=00FFE3F8 A3=00FFE3FC A4=00FF8000 A5=00000000 A6=00000000 A7=00FF7FA4 D0=00000020 D1=00000000 D2=00000000 D3=000000A0 D4=00000000 D5=00000000 D6=00000000 D7=00000000 xnzvc
02:B6C2  33 C0  MOVE.W  D0,($00C00004)           A0=00FF9364 A1=000AFAE2 A2=00FFE3F8 A3=00FFE3FC A4=00FF8000 A5=00000000 A6=00000000 A7=00FF7FA4 D0=00008124 D1=00000000 D2=00000000 D3=000000A0 D4=00000000 D5=00000000 D6=00000000 D7=00000000 xnzvc
02:B6C8  4E B9  JSR     ($00027DD4)              A0=00FF9364 A1=000AFAE2 A2=00FFE3F8 A3=00FFE3FC A4=00FF8000 A5=00000000 A6=00000000 A7=00FF7FA4 D0=00008124 D1=00000000 D2=00000000 D3=000000A0 D4=00000000 D5=00000000 D6=00000000 D7=00000000 xNzvc
02:B6CE  4E B9  JSR     ($0002995E)              A0=00FFD9C6 A1=000AFAE2 A2=00FFE3F8 A3=00FFE3FC A4=00FF8000 A5=00000000 A6=00000000 A7=00FF7FA4 D0=00000000 D1=0000000B D2=00000000 D3=000000A0 D4=00000000 D5=00000000 D6=00000000 D7=00000000 xnZvc
02:B6D4  4E B9  JSR     ($00029130)              A0=00FFD9C6 A1=000AFAE2 A2=00FFE3F8 A3=00FFE3FC A4=00FF8000 A5=00000000 A6=00000000 A7=00FF7FA4 D0=00000001 D1=00000002 D2=00000000 D3=000000A0 D4=00000000 D5=00000000 D6=00000000 D7=00000000 xnZvc
02:B6DA  42 A7  CLR.L   -(SP)                    A0=00FFD9C6 A1=000AFAE2 A2=00FFE3F8 A3=00FFE3FC A4=00FF8000 A5=00000000 A6=00000000 A7=00FF7FA4 D0=00000001 D1=00000002 D2=00000000 D3=000000A0 D4=00000000 D5=00000000 D6=00000000 D7=00000000 xnZvc
02:B6DC  42 A7  CLR.L   -(SP)                    A0=00FFD9C6 A1=000AFAE2 A2=00FFE3F8 A3=00FFE3FC A4=00FF8000 A5=00000000 A6=00000000 A7=00FF7FA0 D0=00000001 D1=00000002 D2=00000000 D3=000000A0 D4=00000000 D5=00000000 D6=00000000 D7=00000000 xnZvc
02:B6DE  4E B9  JSR     ($000278A6)              A0=00FFD9C6 A1=000AFAE2 A2=00FFE3F8 A3=00FFE3FC A4=00FF8000 A5=00000000 A6=00000000 A7=00FF7F9C D0=00000001 D1=00000002 D2=00000000 D3=000000A0 D4=00000000 D5=00000000 D6=00000000 D7=00000000 xnZvc
02:B6E4  50 8F  ADDQ.L  #8,SP                    A0=00FF9364 A1=00FF8036 A2=00FFE3F8 A3=00FFE3FC A4=00FF8000 A5=00000000 A6=00000000 A7=00FF7F9C D0=00000001 D1=00000000 D2=00000000 D3=000000A0 D4=00000000 D5=00000000 D6=00000000 D7=00000000 xnzvc
02:B6E6  0C 52  CMPI.W  #$FFFF,(A2)              A0=00FF9364 A1=00FF8036 A2=00FFE3F8 A3=00FFE3FC A4=00FF8000 A5=00000000 A6=00000000 A7=00FF7FA4 D0=00000001 D1=00000000 D2=00000000 D3=000000A0 D4=00000000 D5=00000000 D6=00000000 D7=00000000 xnzvc
02:B6EA  56 C0  STNE    D0 [02:B6AC]             A0=00FF9364 A1=00FF8036 A2=00FFE3F8 A3=00FFE3FC A4=00FF8000 A5=00000000 A6=00000000 A7=00FF7FA4 D0=00000001 D1=00000000 D2=00000000 D3=000000A0 D4=00000000 D5=00000000 D6=00000000 D7=00000000 xnZvc
02:B6EC  44 00  NEG.B   D0                       A0=00FF9364 A1=00FF8036 A2=00FFE3F8 A3=00FFE3FC A4=00FF8000 A5=00000000 A6=00000000 A7=00FF7FA4 D0=00000000 D1=00000000 D2=00000000 D3=000000A0 D4=00000000 D5=00000000 D6=00000000 D7=00000000 xnZvc
02:B6EE  48 80  EXT.W   D0                       A0=00FF9364 A1=00FF8036 A2=00FFE3F8 A3=00FFE3FC A4=00FF8000 A5=00000000 A6=00000000 A7=00FF7FA4 D0=00000000 D1=00000000 D2=00000000 D3=000000A0 D4=00000000 D5=00000000 D6=00000000 D7=00000000 xnZvc
02:B6F0  48 C0  EXT.L   D0                       A0=00FF9364 A1=00FF8036 A2=00FFE3F8 A3=00FFE3FC A4=00FF8000 A5=00000000 A6=00000000 A7=00FF7FA4 D0=00000000 D1=00000000 D2=00000000 D3=000000A0 D4=00000000 D5=00000000 D6=00000000 D7=00000000 xnZvc
02:B6F2  30 00  MOVE.W  D0,D0                    A0=00FF9364 A1=00FF8036 A2=00FFE3F8 A3=00FFE3FC A4=00FF8000 A5=00000000 A6=00000000 A7=00FF7FA4 D0=00000000 D1=00000000 D2=00000000 D3=000000A0 D4=00000000 D5=00000000 D6=00000000 D7=00000000 xnZvc
02:B6F4  30 00  MOVE.W  D0,D0                    A0=00FF9364 A1=00FF8036 A2=00FFE3F8 A3=00FFE3FC A4=00FF8000 A5=00000000 A6=00000000 A7=00FF7FA4 D0=00000000 D1=00000000 D2=00000000 D3=000000A0 D4=00000000 D5=00000000 D6=00000000 D7=00000000 xnZvc
02:B6F6  48 C0  EXT.L   D0                       A0=00FF9364 A1=00FF8036 A2=00FFE3F8 A3=00FFE3FC A4=00FF8000 A5=00000000 A6=00000000 A7=00FF7FA4 D0=00000000 D1=00000000 D2=00000000 D3=000000A0 D4=00000000 D5=00000000 D6=00000000 D7=00000000 xnZvc
02:B6F8  4C DF  MOVEM.L (SP)+,{a7-d0}[1c 0c]     A0=00FF9364 A1=00FF8036 A2=00FFE3F8 A3=00FFE3FC A4=00FF8000 A5=00000000 A6=00000000 A7=00FF7FA4 D0=00000000 D1=00000000 D2=00000000 D3=000000A0 D4=00000000 D5=00000000 D6=00000000 D7=00000000 xnZvc
02:B6FC  4E 75  RTS                              A0=00FF9364 A1=00FF8036 A2=00FF8038 A3=00FF8036 A4=00FF8000 A5=00000000 A6=00000000 A7=00FF7FB8 D0=00000000 D1=00000000 D2=00000001 D3=00000000 D4=00000000 D5=00000000 D6=00000000 D7=00000000 xnZvc

02:B71E  48 E7  MOVEM.L {d0-a7}[30 38],-(SP)     A0=00FF9364 A1=00FF8036 A2=00FF8038 A3=00FF8036 A4=00FF8000 A5=00000000 A6=00000000 A7=00FF7FB8 D0=00000000 D1=00000000 D2=00000001 D3=00000000 D4=00000000 D5=00000000 D6=00000000 D7=00000000 xnZvc
02:B722  24 7C  MOVE.L  #$00FFE3FC,A2            A0=00FF9364 A1=00FF8036 A2=00FF8038 A3=00FF8036 A4=00FF8000 A5=00000000 A6=00000000 A7=00FF7FA4 D0=00000000 D1=00000000 D2=00000001 D3=00000000 D4=00000000 D5=00000000 D6=00000000 D7=00000000 xnZvc
02:B728  26 7C  MOVE.L  #$00028210,A3            A0=00FF9364 A1=00FF8036 A2=00FFE3FC A3=00FF8036 A4=00FF8000 A5=00000000 A6=00000000 A7=00FF7FA4 D0=00000000 D1=00000000 D2=00000001 D3=00000000 D4=00000000 D5=00000000 D6=00000000 D7=00000000 xnZvc
02:B72E  28 7C  MOVE.L  #$00027E16,A4            A0=00FF9364 A1=00FF8036 A2=00FFE3FC A3=00028210 A4=00FF8000 A5=00000000 A6=00000000 A7=00FF7FA4 D0=00000000 D1=00000000 D2=00000001 D3=00000000 D4=00000000 D5=00000000 D6=00000000 D7=00000000 xnZvc
02:B734  48 78  PEA     ($0002)                  A0=00FF9364 A1=00FF8036 A2=00FFE3FC A3=00028210 A4=00027E16 A5=00000000 A6=00000000 A7=00FF7FA4 D0=00000000 D1=00000000 D2=00000001 D3=00000000 D4=00000000 D5=00000000 D6=00000000 D7=00000000 xnZvc
02:B738  48 79  PEA     ($00098308)              A0=00FF9364 A1=00FF8036 A2=00FFE3FC A3=00028210 A4=00027E16 A5=00000000 A6=00000000 A7=00FF7FA0 D0=00000000 D1=00000000 D2=00000001 D3=00000000 D4=00000000 D5=00000000 D6=00000000 D7=00000000 xnZvc
02:B73E  4E B9  JSR     ($00026FDA)              A0=00FF9364 A1=00FF8036 A2=00FFE3FC A3=00028210 A4=00027E16 A5=00000000 A6=00000000 A7=00FF7F9C D0=00000000 D1=00000000 D2=00000001 D3=00000000 D4=00000000 D5=00000000 D6=00000000 D7=00000000 xnZvc
02:B744  48 78  PEA     ($0003)                  A0=00098328 A1=00FF8036 A2=00FFE3FC A3=00028210 A4=00027E16 A5=00000000 A6=00000000 A7=00FF7F9C D0=C040FFFF D1=00000000 D2=00000001 D3=00000000 D4=00000000 D5=00000000 D6=00000000 D7=00000000 xnzvc
02:B748  48 79  PEA     ($00098368)              A0=00098328 A1=00FF8036 A2=00FFE3FC A3=00028210 A4=00027E16 A5=00000000 A6=00000000 A7=00FF7F98 D0=C040FFFF D1=00000000 D2=00000001 D3=00000000 D4=00000000 D5=00000000 D6=00000000 D7=00000000 xnzvc
02:B74E  4E B9  JSR     ($00026FDA)              A0=00098328 A1=00FF8036 A2=00FFE3FC A3=00028210 A4=00027E16 A5=00000000 A6=00000000 A7=00FF7F94 D0=C040FFFF D1=00000000 D2=00000001 D3=00000000 D4=00000000 D5=00000000 D6=00000000 D7=00000000 xnzvc
02:B754  4E B9  JSR     ($00028096)              A0=00098388 A1=00FF8036 A2=00FFE3FC A3=00028210 A4=00027E16 A5=00000000 A6=00000000 A7=00FF7F94 D0=C060FFFF D1=00000000 D2=00000001 D3=00000000 D4=00000000 D5=00000000 D6=00000000 D7=00000000 xnzvc
02:B75A  4F EF  LEA     $0010(SP),A7             A0=00FFE3AE A1=00FFA8DA A2=00FFE3FC A3=00028210 A4=00027E16 A5=00000000 A6=00000000 A7=00FF7F94 D0=00000007 D1=00000001 D2=00000001 D3=00000000 D4=00000000 D5=00000000 D6=00000000 D7=00000000 xnZvc
02:B75E  13 FC  MOVE.B  #$07,($00FFE3A6)         A0=00FFE3AE A1=00FFA8DA A2=00FFE3FC A3=00028210 A4=00027E16 A5=00000000 A6=00000000 A7=00FF7FA4 D0=00000007 D1=00000001 D2=00000001 D3=00000000 D4=00000000 D5=00000000 D6=00000000 D7=00000000 xnZvc
02:B766  4E B9  JSR     ($00027336)              A0=00FFE3AE A1=00FFA8DA A2=00FFE3FC A3=00028210 A4=00027E16 A5=00000000 A6=00000000 A7=00FF7FA4 D0=00000007 D1=00000001 D2=00000001 D3=00000000 D4=00000000 D5=00000000 D6=00000000 D7=00000000 xnzvc
02:B76C  42 A7  CLR.L   -(SP)                    A0=00FFD8DC A1=0008E5BE A2=00FFE3FC A3=00028210 A4=00027E16 A5=00000000 A6=00000000 A7=00FF7FA4 D0=00000002 D1=00000002 D2=00000001 D3=00000000 D4=00000000 D5=00000000 D6=00000000 D7=00000000 xNzvc
02:B76E  4E B9  JSR     ($0002756E)              A0=00FFD8DC A1=0008E5BE A2=00FFE3FC A3=00028210 A4=00027E16 A5=00000000 A6=00000000 A7=00FF7FA0 D0=00000002 D1=00000002 D2=00000001 D3=00000000 D4=00000000 D5=00000000 D6=00000000 D7=00000000 xnZvc
02:B774  4E B9  JSR     ($0002828E)              A0=017651C8 A1=33B5EC55 A2=00FFE3FC A3=00028210 A4=00027E16 A5=00000000 A6=00000000 A7=00FF7FA0 D0=00009DAA D1=21CA9A8D D2=00000001 D3=00000000 D4=00000000 D5=00000000 D6=00000000 D7=00000000 xnZvc
02:B77A  48 78  PEA     ($0001)                  A0=00FFA90A A1=00FFD940 A2=00FFE3FC A3=00028210 A4=00027E16 A5=00000000 A6=00000000 A7=00FF7FA0 D0=00000002 D1=00000019 D2=00000001 D3=00000000 D4=00000000 D5=00000000 D6=00000000 D7=00000000 xnZvc
02:B77E  4E B9  JSR     ($00000578)              A0=00FFA90A A1=00FFD940 A2=00FFE3FC A3=00028210 A4=00027E16 A5=00000000 A6=00000000 A7=00FF7F9C D0=00000002 D1=00000019 D2=00000001 D3=00000000 D4=00000000 D5=00000000 D6=00000000 D7=00000000 xnZvc
02:B784  00 39  ORI.B   #$40,($00FF8000)         A0=00FFA90A A1=00FFD940 A2=00FFE3FC A3=00028210 A4=00027E16 A5=00000000 A6=00000000 A7=00FF7F9C D0=00000001 D1=00000019 D2=00000001 D3=00000000 D4=00000000 D5=00000000 D6=00000000 D7=00000000 xnZvc
02:B78C  70 00  MOVEQ   #$00,D0                  A0=00FFA90A A1=00FFD940 A2=00FFE3FC A3=00028210 A4=00027E16 A5=00000000 A6=00000000 A7=00FF7F9C D0=00000001 D1=00000019 D2=00000001 D3=00000000 D4=00000000 D5=00000000 D6=00000000 D7=00000000 xnzvc
02:B78E  10 39  MOVE.B  ($00FF8000),D0           A0=00FFA90A A1=00FFD940 A2=00FFE3FC A3=00028210 A4=00027E16 A5=00000000 A6=00000000 A7=00FF7F9C D0=00000000 D1=00000019 D2=00000001 D3=00000000 D4=00000000 D5=00000000 D6=00000000 D7=00000000 xnZvc
02:B794  00 80  ORI.L   #$00008104,D0            A0=00FFA90A A1=00FFD940 A2=00FFE3FC A3=00028210 A4=00027E16 A5=00000000 A6=00000000 A7=00FF7F9C D0=00000060 D1=00000019 D2=00000001 D3=00000000 D4=00000000 D5=00000000 D6=00000000 D7=00000000 xnzvc
02:B79A  50 8F  ADDQ.L  #8,SP                    A0=00FFA90A A1=00FFD940 A2=00FFE3FC A3=00028210 A4=00027E16 A5=00000000 A6=00000000 A7=00FF7F9C D0=00008164 D1=00000019 D2=00000001 D3=00000000 D4=00000000 D5=00000000 D6=00000000 D7=00000000 xnzvc
02:B79C  33 C0  MOVE.W  D0,($00C00004)           A0=00FFA90A A1=00FFD940 A2=00FFE3FC A3=00028210 A4=00027E16 A5=00000000 A6=00000000 A7=00FF7FA4 D0=00008164 D1=00000019 D2=00000001 D3=00000000 D4=00000000 D5=00000000 D6=00000000 D7=00000000 xnzvc
02:B7A2  42 43  CLR.W   D3                       A0=00FFA90A A1=00FFD940 A2=00FFE3FC A3=00028210 A4=00027E16 A5=00000000 A6=00000000 A7=00FF7FA4 D0=00008164 D1=00000019 D2=00000001 D3=00000000 D4=00000000 D5=00000000 D6=00000000 D7=00000000 xNzvc
02:B7A4  42 79  CLR.W   ($00FFE3F8)              A0=00FFA90A A1=00FFD940 A2=00FFE3FC A3=00028210 A4=00027E16 A5=00000000 A6=00000000 A7=00FF7FA4 D0=00008164 D1=00000019 D2=00000001 D3=00000000 D4=00000000 D5=00000000 D6=00000000 D7=00000000 xnZvc
02:B7AA  34 BC  MOVE.W  #$0033,(A2)              A0=00FFA90A A1=00FFD940 A2=00FFE3FC A3=00028210 A4=00027E16 A5=00000000 A6=00000000 A7=00FF7FA4 D0=00008164 D1=00000019 D2=00000001 D3=00000000 D4=00000000 D5=00000000 D6=00000000 D7=00000000 xnZvc
02:B7AE  33 FC  MOVE.W  #$0001,($00FFE3FA)       A0=00FFA90A A1=00FFD940 A2=00FFE3FC A3=00028210 A4=00027E16 A5=00000000 A6=00000000 A7=00FF7FA4 D0=00008164 D1=00000019 D2=00000001 D3=00000000 D4=00000000 D5=00000000 D6=00000000 D7=00000000 xnzvc
02:B7B6  60 00  BRA     #$0444 [02:BBFC]         A0=00FFA90A A1=00FFD940 A2=00FFE3FC A3=00028210 A4=00027E16 A5=00000000 A6=00000000 A7=00FF7FA4 D0=00008164 D1=00000019 D2=00000001 D3=00000000 D4=00000000 D5=00000000 D6=00000000 D7=00000000 xnzvc
02:B7BA  34 39  MOVE.W  ($00FFE3FA),D2           A0=00FF9364 A1=000323B0 A2=00FFE3FC A3=00028210 A4=00027E16 A5=00000000 A6=00000000 A7=00FF7FA4 D0=00000000 D1=0000FF3F D2=00000000 D3=00000000 D4=00000000 D5=00000000 D6=00000000 D7=00000000 xnZvc
02:B7C0  48 C2  EXT.L   D2                       A0=00FF9364 A1=000323B0 A2=00FFE3FC A3=00028210 A4=00027E16 A5=00000000 A6=00000000 A7=00FF7FA4 D0=00000000 D1=0000FF3F D2=00000001 D3=00000000 D4=00000000 D5=00000000 D6=00000000 D7=00000000 xnzvc
02:B7C2  2F 02  MOVE.L  D2,-(SP)                 A0=00FF9364 A1=000323B0 A2=00FFE3FC A3=00028210 A4=00027E16 A5=00000000 A6=00000000 A7=00FF7FA4 D0=00000000 D1=0000FF3F D2=00000001 D3=00000000 D4=00000000 D5=00000000 D6=00000000 D7=00000000 xnzvc
02:B7C4  42 A7  CLR.L   -(SP)                    A0=00FF9364 A1=000323B0 A2=00FFE3FC A3=00028210 A4=00027E16 A5=00000000 A6=00000000 A7=00FF7FA0 D0=00000000 D1=0000FF3F D2=00000001 D3=00000000 D4=00000000 D5=00000000 D6=00000000 D7=00000000 xnzvc
02:B7C6  4E B9  JSR     ($000278A6)              A0=00FF9364 A1=000323B0 A2=00FFE3FC A3=00028210 A4=00027E16 A5=00000000 A6=00000000 A7=00FF7F9C D0=00000000 D1=0000FF3F D2=00000001 D3=00000000 D4=00000000 D5=00000000 D6=00000000 D7=00000000 xnZvc
02:B7CC  4E B9  JSR     ($0002706C)              A0=00FF9364 A1=000323B0 A2=00FFE3FC A3=00028210 A4=00027E16 A5=00000000 A6=00000000 A7=00FF7F9C D0=00000001 D1=00000000 D2=00000001 D3=00000000 D4=00000000 D5=00000000 D6=00000000 D7=00000000 xnzvc
02:B7D2  24 00  MOVE.L  D0,D2                    A0=00FF9364 A1=000323B0 A2=00FFE3FC A3=00028210 A4=00027E16 A5=00000000 A6=00000000 A7=00FF7F9C D0=00000000 D1=0000FF3F D2=00000001 D3=00000000 D4=00000000 D5=00000000 D6=00000000 D7=00000000 xnZvc
02:B7D4  4E B9  JSR     ($00027006)              A0=00FF9364 A1=000323B0 A2=00FFE3FC A3=00028210 A4=00027E16 A5=00000000 A6=00000000 A7=00FF7F9C D0=00000000 D1=0000FF3F D2=00000000 D3=00000000 D4=00000000 D5=00000000 D6=00000000 D7=00000000 xnZvc
02:B7DA  84 80  OR.L    D0,D2                    A0=00FF9364 A1=000323B0 A2=00FFE3FC A3=00028210 A4=00027E16 A5=00000000 A6=00000000 A7=00FF7F9C D0=00000000 D1=0000FF3F D2=00000000 D3=00000000 D4=00000000 D5=00000000 D6=00000000 D7=00000000 xnZvc
02:B7DC  70 70  MOVEQ   #$70,D0                  A0=00FF9364 A1=000323B0 A2=00FFE3FC A3=00028210 A4=00027E16 A5=00000000 A6=00000000 A7=00FF7F9C D0=00000000 D1=0000FF3F D2=00000000 D3=00000000 D4=00000000 D5=00000000 D6=00000000 D7=00000000 xnZvc
02:B7DE  C4 80  AND.L   D0,D2                    A0=00FF9364 A1=000323B0 A2=00FFE3FC A3=00028210 A4=00027E16 A5=00000000 A6=00000000 A7=00FF7F9C D0=00000070 D1=0000FF3F D2=00000000 D3=00000000 D4=00000000 D5=00000000 D6=00000000 D7=00000000 xnzvc
02:B7E0  50 8F  ADDQ.L  #8,SP                    A0=00FF9364 A1=000323B0 A2=00FFE3FC A3=00028210 A4=00027E16 A5=00000000 A6=00000000 A7=00FF7F9C D0=00000070 D1=0000FF3F D2=00000000 D3=00000000 D4=00000000 D5=00000000 D6=00000000 D7=00000000 xnZvc
02:B7E2  33 C2  MOVE.W  D2,($00FFE3FE)           A0=00FF9364 A1=000323B0 A2=00FFE3FC A3=00028210 A4=00027E16 A5=00000000 A6=00000000 A7=00FF7FA4 D0=00000070 D1=0000FF3F D2=00000000 D3=00000000 D4=00000000 D5=00000000 D6=00000000 D7=00000000 xnZvc
02:B7E8  67 02  BEQ     #$02 [02:B7EC]           A0=00FF9364 A1=000323B0 A2=00FFE3FC A3=00028210 A4=00027E16 A5=00000000 A6=00000000 A7=00FF7FA4 D0=00000070 D1=0000FF3F D2=00000000 D3=00000000 D4=00000000 D5=00000000 D6=00000000 D7=00000000 xnZvc
02:B7EC  4A 79  TST.W   ($00FFE3FE)              A0=00FF9364 A1=000323B0 A2=00FFE3FC A3=00028210 A4=00027E16 A5=00000000 A6=00000000 A7=00FF7FA4 D0=00000070 D1=0000FF3F D2=00000000 D3=00000000 D4=00000000 D5=00000000 D6=00000000 D7=00000000 xnZvc
02:B7F2  66 C6  BNE     #$C6 [02:B7BA]           A0=00FF9364 A1=000323B0 A2=00FFE3FC A3=00028210 A4=00027E16 A5=00000000 A6=00000000 A7=00FF7FA4 D0=00000070 D1=0000FF3F D2=00000000 D3=00000000 D4=00000000 D5=00000000 D6=00000000 D7=00000000 xnZvc
02:B7F4  4A 43  TST.W   D3                       A0=00FF9364 A1=000323B0 A2=00FFE3FC A3=00028210 A4=00027E16 A5=00000000 A6=00000000 A7=00FF7FA4 D0=00000070 D1=0000FF3F D2=00000000 D3=00000000 D4=00000000 D5=00000000 D6=00000000 D7=00000000 xnZvc
02:B7F6  66 06  BNE     #$06 [02:B7FE]           A0=00FF9364 A1=000323B0 A2=00FFE3FC A3=00028210 A4=00027E16 A5=00000000 A6=00000000 A7=00FF7FA4 D0=00000070 D1=0000FF3F D2=00000000 D3=00000000 D4=00000000 D5=00000000 D6=00000000 D7=00000000 xnZvc
02:B7F8  53 52  SUBQ.W  #1,(A2)                  A0=00FF9364 A1=000323B0 A2=00FFE3FC A3=00028210 A4=00027E16 A5=00000000 A6=00000000 A7=00FF7FA4 D0=00000070 D1=0000FF3F D2=00000000 D3=00000000 D4=00000000 D5=00000000 D6=00000000 D7=00000000 xnZvc
02:B7FA  6E 00  BGT     #$0400 [02:BBFC]         A0=00FF9364 A1=000323B0 A2=00FFE3FC A3=00028210 A4=00027E16 A5=00000000 A6=00000000 A7=00FF7FA4 D0=00000070 D1=0000
02:B7FE  52 79  ADDQ.W  #1,($00FFE3F8)           A0=00FF9364 A1=00032468 A2=00FFE3FC A3=00028210 A4=00027E16 A5=00000000 A6=00000000 A7=00FF7FA4 D0=00000070 D1=0000FF3F D2=00000000 D3=00000000 D4=00000000 D5=00000000 D6=00000000 D7=00000000 xnZvc
02:B804  33 FC  MOVE.W  #$0001,($00FFE3FA)       A0=00FF9364 A1=00032468 A2=00FFE3FC A3=00028210 A4=00027E16 A5=00000000 A6=00000000 A7=00FF7FA4 D0=00000070 D1=0000FF3F D2=00000000 D3=00000000 D4=00000000 D5=00000000 D6=00000000 D7=00000000 xnzvc
02:B80C  30 39  MOVE.W  ($00FFE3F8),D0           A0=00FF9364 A1=00032468 A2=00FFE3FC A3=00028210 A4=00027E16 A5=00000000 A6=00000000 A7=00FF7FA4 D0=00000070 D1=0000FF3F D2=00000000 D3=00000000 D4=00000000 D5=00000000 D6=00000000 D7=00000000 xnzvc
02:B812  0C 40  CMPI.W  #$0001,D0                A0=00FF9364 A1=00032468 A2=00FFE3FC A3=00028210 A4=00027E16 A5=00000000 A6=00000000 A7=00FF7FA4 D0=00000020 D1=0000FF3F D2=00000000 D3=00000000 D4=00000000 D5=00000000 D6=00000000 D7=00000000 xnzvc
02:B816  6D 00  BLT     #$03E4 [02:BBFC]         A0=00FF9364 A1=00032468 A2=00FFE3FC A3=00028210 A4=00027E16 A5=00000000 A6=00000000 A7=00FF7FA4 D0=00000020 D1=0000FF3F D2=00000000 D3=00000000 D4=00000000 D5=00000000 D6=00000000 D7=00000000 xnzvc
02:B81A  0C 40  CMPI.W  #$0020,D0                A0=00FF9364 A1=00032468 A2=00FFE3FC A3=00028210 A4=00027E16 A5=00000000 A6=00000000 A7=00FF7FA4 D0=00000020 D1=0000FF3F D2=00000000 D3=00000000 D4=00000000 D5=00000000 D6=00000000 D7=00000000 xnzvc
02:B81E  6E 00  BGT     #$03DC [02:BBFC]         A0=00FF9364 A1=00032468 A2=00FFE3FC A3=00028210 A4=00027E16 A5=00000000 A6=00000000 A7=00FF7FA4 D0=00000020 D1=0000FF3F D2=00000000 D3=00000000 D4=00000000 D5=00000000 D6=00000000 D7=00000000 xnZvc
02:B822  D0 40  ADD.W   D0,D0                    A0=00FF9364 A1=00032468 A2=00FFE3FC A3=00028210 A4=00027E16 A5=00000000 A6=00000000 A7=00FF7FA4 D0=00000020 D1=0000FF3F D2=00000000 D3=00000000 D4=00000000 D5=00000000 D6=00000000 D7=00000000 xnZvc
02:B824  30 3B  MOVE.W  $04(PC,D0),D0            A0=00FF9364 A1=00032468 A2=00FFE3FC A3=00028210 A4=00027E16 A5=00000000 A6=00000000 A7=00FF7FA4 D0=00000040 D1=0000FF3F D2=00000000 D3=00000000 D4=00000000 D5=00000000 D6=00000000 D7=00000000 xnzvc
02:B828  4E FB  JMP     $02(PC,D0)               A0=00FF9364 A1=00032468 A2=00FFE3FC A3=00028210 A4=00027E16 A5=00000000 A6=00000000 A7=00FF7FA4 D0=000003C8 D1=0000FF3F D2=00000000 D3=00000000 D4=00000000 D5=00000000 D6=00000000 D7=00000000 xnzvc
02:B86C  42 43  CLR.W   D3                       A0=00FF9364 A1=000323B0 A2=00FFE3FC A3=00028210 A4=00027E16 A5=00000000 A6=00000000 A7=00FF7FA4 D0=00000040 D1=0000FF3F D2=00000000 D3=00000000 D4=00000000 D5=00000000 D6=00000000 D7=00000000 xnzvc
02:B86E  48 78  PEA     ($0050)                  A0=00FF9364 A1=000323B0 A2=00FFE3FC A3=00028210 A4=00027E16 A5=00000000 A6=00000000 A7=00FF7FA4 D0=00000040 D1=0000FF3F D2=00000000 D3=00000000 D4=00000000 D5=00000000 D6=00000000 D7=00000000 xnZvc
02:B872  48 78  PEA     ($00DC)                  A0=00FF9364 A1=000323B0 A2=00FFE3FC A3=00028210 A4=00027E16 A5=00000000 A6=00000000 A7=00FF7FA0 D0=00000040 D1=0000FF3F D2=00000000 D3=00000000 D4=00000000 D5=00000000 D6=00000000 D7=00000000 xnZvc
02:B876  48 7A  PEA     $03FC(PC)                A0=00FF9364 A1=000323B0 A2=00FFE3FC A3=00028210 A4=00027E16 A5=00000000 A6=00000000 A7=00FF7F9C D0=00000040 D1=0000FF3F D2=00000000 D3=00000000 D4=00000000 D5=00000000 D6=00000000 D7=00000000 xnZvc
02:B87A  4E 71  NOP                              A0=00FF9364 A1=000323B0 A2=00FFE3FC A3=00028210 A4=00027E16 A5=00000000 A6=00000000 A7=00FF7F98 D0=00000040 D1=0000FF3F D2=00000000 D3=00000000 D4=00000000 D5=00000000 D6=00000000 D7=00000000 xnZvc
02:B87C  4E 94  JSR     (A4)                     A0=00FF9364 A1=000323B0 A2=00FFE3FC A3=00028210 A4=00027E16 A5=00000000 A6=00000000 A7=00FF7F98 D0=00000040 D1=0000FF3F D2=00000000 D3=00000000 D4=00000000 D5=00000000 D6=00000000 D7=00000000 xnZvc
02:B87E  4F EF  LEA     $000C(SP),A7             A0=00FFB65A A1=00FFB65A A2=00FFE3FC A3=00028210 A4=00027E16 A5=00000000 A6=00000000 A7=00FF7F98 D0=00000008 D1=00000008 D2=00000000 D3=00000000 D4=00000000 D5=00000000 D6=00000000 D7=00000000 xnzvc
02:B882  60 00  BRA     #$017A [02:B9FE]         A0=00FFB65A A1=00FFB65A A2=00FFE3FC A3=00028210 A4=00027E16 A5=00000000 A6=00000000 A7=00FF7FA4 D0=00000008 D1=00000008 D2=00000000 D3=00000000 D4=00000000 D5=00000000 D6=00000000 D7=00000000 xnzvc
02:B886  48 78  PEA     ($0006)                  A0=00FFA65A A1=000323B0 A2=00FFE3FC A3=00028210 A4=00027E16 A5=00000000 A6=00000000 A7=00FF7FA4 D0=0000005A D1=0000FF3F D2=00000000 D3=00000000 D4=00000000 D5=00000000 D6=00000000 D7=00000000 xnzvc
02:B88A  48 79  PEA     ($000306FA)              A0=00FFA65A A1=000323B0 A2=00FFE3FC A3=00028210 A4=00027E16 A5=00000000 A6=00000000 A7=00FF7FA0 D0=0000005A D1=0000FF3F D2=00000000 D3=00000000 D4=00000000 D5=00000000 D6=00000000 D7=00000000 xnzvc
02:B890  48 78  PEA     ($0007)                  A0=00FFA65A A1=000323B0 A2=00FFE3FC A3=00028210 A4=00027E16 A5=00000000 A6=00000000 A7=00FF7F9C D0=0000005A D1=0000FF3F D2=00000000 D3=00000000 D4=00000000 D5=00000000 D6=00000000 D7=00000000 xnzvc
02:B894  4E 93  JSR     (A3)                     A0=00FF9364 A1=00032468 A2=00FFE3FC A3=00028210 A4=00027E16 A5=00000000 A6=00000000 A7=00FF7F98 D0=00000384 D1=0000FF3F D2=00000000 D3=00000000 D4=00000000 D5=00000000 D6=00000000 D7=00000000 xnzvc
02:B896  60 00  BRA     #$0112 [02:B9AA]         A0=00FFA5DA A1=00032468 A2=00FFE3FC A3=00028210 A4=00027E16 A5=00000000 A6=00000000 A7=00FF7F98 D0=00000306 D1=00000380 D2=00000000 D3=00000000 D4=00000000 D5=00000000 D6=00000000 D7=00000000 xNzvc
02:B89A  48 78  PEA     ($0003)                  A0=00FF9364 A1=00032468 A2=00FFE3FC A3=00028210 A4=00027E16 A5=00000000 A6=00000000 A7=00FF7FA4 D0=0000006E D1=0000FF3F D2=00000000 D3=00000000 D4=00000000 D5=00000000 D6=00000000 D7=00000000 xnzvc
02:B89E  48 79  PEA     ($000306C8)              A0=00FF9364 A1=00032468 A2=00FFE3FC A3=00028210 A4=00027E16 A5=00000000 A6=00000000 A7=00FF7FA0 D0=0000006E D1=0000FF3F D2=00000000 D3=00000000 D4=00000000 D5=00000000 D6=00000000 D7=00000000 xnzvc
02:B8A4  48 78  PEA     ($0005)                  A0=00FF9364 A1=00032468 A2=00FFE3FC A3=00028210 A4=00027E16 A5=00000000 A6=00000000 A7=00FF7F9C D0=0000006E D1=0000FF3F D2=00000000 D3=00000000 D4=00000000 D5=00000000 D6=00000000 D7=00000000 xnzvc
02:B8A8  60 00  BRA     #$0244 [02:BAEE]         A0=00FF9364 A1=00032468 A2=00FFE3FC A3=00028210 A4=00027E16 A5=00000000 A6=00000000 A7=00FF7F98 D0=0000006E D1=0000FF3F D2=00000000 D3=00000000 D4=00000000 D5=00000000 D6=00000000 D7=00000000 xnzvc
02:B8AC  42 43  CLR.W   D3                       A0=00FF9364 A1=00032468 A2=00FFE3FC A3=00028210 A4=00027E16 A5=00000000 A6=00000000 A7=00FF7FA4 D0=00000080 D1=0000FF3F D2=00000000 D3=00000000 D4=00000000 D5=00000000 D6=00000000 D7=00000000 xnzvc
02:B8AE  48 78  PEA     ($0048)                  A0=00FF9364 A1=00032468 A2=00FFE3FC A3=00028210 A4=00027E16 A5=00000000 A6=00000000 A7=00FF7FA4 D0=00000080 D1=0000FF3F D2=00000000 D3=00000000 D4=00000000 D5=00000000 D6=00000000 D7=00000000 xnZvc
02:B8B2  48 78  PEA     ($00DC)                  A0=00FF9364 A1=00032468 A2=00FFE3FC A3=00028210 A4=00027E16 A5=00000000 A6=00000000 A7=00FF7FA0 D0=00000080 D1=0000FF3F D2=00000000 D3=00000000 D4=00000000 D5=00000000 D6=00000000 D7=00000000 xnZvc
02:B8B6  48 7A  PEA     $03D0(PC)                A0=00FF9364 A1=00032468 A2=00FFE3FC A3=00028210 A4=00027E16 A5=00000000 A6=00000000 A7=00FF7F9C D0=00000080 D1=0000FF3F D2=00000000 D3=00000000 D4=00000000 D5=00000000 D6=00000000 D7=00000000 xnZvc
02:B8BA  4E 71  NOP                              A0=00FF9364 A1=00032468 A2=00FFE3FC A3=00028210 A4=00027E16 A5=00000000 A6=00000000 A7=00FF7F98 D0=00000080 D1=0000FF3F D2=00000000 D3=00000000 D4=00000000 D5=00000000 D6=00000000 D7=00000000 xnZvc
02:B8BC  4E 94  JSR     (A4)                     A0=00FF9364 A1=00032468 A2=00FFE3FC A3=00028210 A4=00027E16 A5=00000000 A6=00000000 A7=00FF7F98 D0=00000080 D1=0000FF3F D2=00000000 D3=00000000 D4=00000000 D5=00000000 D6=00000000 D7=00000000 xnZvc
02:B8BE  48 78  PEA     ($0054)                  A0=00FFB65A A1=00FFB65A A2=00FFE3FC A3=00028210 A4=00027E16 A5=00000000 A6=00000000 A7=00FF7F98 D0=00000008 D1=00000008 D2=00000000 D3=00000000 D4=00000000 D5=00000000 D6=00000000 D7=00000000 xnzvc
02:B8C2  48 78  PEA     ($00DC)                  A0=00FFB65A A1=00FFB65A A2=00FFE3FC A3=00028210 A4=00027E16 A5=00000000 A6=00000000 A7=00FF7F94 D0=00000008 D1=00000008 D2=00000000 D3=00000000 D4=00000000 D5=00000000 D6=00000000 D7=00000000 xnzvc
02:B8C6  48 7A  PEA     $03D0(PC)                A0=00FFB65A A1=00FFB65A A2=00FFE3FC A3=00028210 A4=00027E16 A5=00000000 A6=00000000 A7=00FF7F90 D0=00000008 D1=00000008 D2=00000000 D3=00000000 D4=00000000 D5=00000000 D6=00000000 D7=00000000 xnzvc
02:B8CA  4E 71  NOP                              A0=00FFB65A A1=00FFB65A A2=00FFE3FC A3=00028210 A4=00027E16 A5=00000000 A6=00000000 A7=00FF7F8C D0=00000008 D1=00000008 D2=00000000 D3=00000000 D4=00000000 D5=00000000 D6=00000000 D7=00000000 xnzvc
02:B8CC  60 00  BRA     #$0258 [02:BB26]         A0=00FFB65A A1=00FFB65A A2=00FFE3FC A3=00028210 A4=00027E16 A5=00000000 A6=00000000 A7=00FF7F8C D0=00000008 D1=00000008 D2=00000000 D3=00000000 D4=00000000 D5=00000000 D6=00000000 D7=00000000 xnzvc
02:B8D0  48 78  PEA     ($0006)                  A0=00FF9364 A1=00032468 A2=00FFE3FC A3=00028210 A4=00027E16 A5=00000000 A6=00000000 A7=00FF7FA4 D0=000000A4 D1=0000FF3F D2=00000000 D3=00000000 D4=00000000 D5=00000000 D6=00000000 D7=00000000 xnzvc
02:B8D4  48 79  PEA     ($000306F6)              A0=00FF9364 A1=00032468 A2=00FFE3FC A3=00028210 A4=00027E16 A5=00000000 A6=00000000 A7=00FF7FA0 D0=000000A4 D1=0000FF3F D2=00000000 D3=00000000 D4=00000000 D5=00000000 D6=00000000 D7=00000000 xnzvc
02:B8DA  60 00  BRA     #$01E6 [02:BAC2]         A0=00FF9364 A1=00032468 A2=00FFE3FC A3=00028210 A4=00027E16 A5=00000000 A6=00000000 A7=00FF7F9C D0=000000A4 D1=0000FF3F D2=00000000 D3=00000000 D4=00000000 D5=00000000 D6=00000000 D7=00000000 xnzvc
02:B8DE  48 78  PEA     ($0006)                  A0=00FF9364 A1=0003250E A2=00FFE3FC A3=00028210 A4=00027E16 A5=00000000 A6=00000000 A7=00FF7FA4 D0=000000B2 D1=0000FF3F D2=00000000 D3=00000000 D4=00000000 D5=00000000 D6=00000000 D7=00000000 xnzvc
02:B8E2  48 79  PEA     ($000306FA)              A0=00FF9364 A1=0003250E A2=00FFE3FC A3=00028210 A4=00027E16 A5=00000000 A6=00000000 A7=00FF7FA0 D0=000000B2 D1=0000FF3F D2=00000000 D3=00000000 D4=00000000 D5=00000000 D6=00000000 D7=00000000 xnzvc
02:B8E8  48 78  PEA     ($0007)                  A0=00FF9364 A1=0003250E A2=00FFE3FC A3=00028210 A4=00027E16 A5=00000000 A6=00000000 A7=00FF7F9C D0=000000B2 D1=0000FF3F D2=00000000 D3=00000000 D4=00000000 D5=00000000 D6=00000000 D7=00000000 xnzvc
02:B8EC  4E 93  JSR     (A3)                     A0=00FF9364 A1=0003250E A2=00FFE3FC A3=00028210 A4=00027E16 A5=00000000 A6=00000000 A7=00FF7F98 D0=000000B2 D1=0000FF3F D2=00000000 D3=00000000 D4=00000000 D5=00000000 D6=00000000 D7=00000000 xnzvc
02:B8EE  48 78  PEA     ($0006)                  A0=00FFA8DA A1=0003250E A2=00FFE3FC A3=00028210 A4=00027E16 A5=00000000 A6=00000000 A7=00FF7F98 D0=00000006 D1=00000680 D2=00000000 D3
02:B8F2  48 79  PEA     ($000306F4)              A0=00FFA8DA A1=0003250E A2=00FFE3FC A3=00028210 A4=00027E16 A5=00000000 A6=00000000 A7=00FF7F94 D0=00000006 D1=00000680 D2=00000000 D3=00000000 D4=00000000 D5=00000000 D6=00000000 D7=00000000 xNzvc
02:B8F8  48 78  PEA     ($0006)                  A0=00FFA8DA A1=0003250E A2=00FFE3FC A3=00028210 A4=00027E16 A5=00000000 A6=00000000 A7=00FF7F90 D0=00000006 D1=00000680 D2=00000000 D3=00000000 D4=00000000 D5=00000000 D6=00000000 D7=00000000 xNzvc
02:B8FC  60 00  BRA     #$02A6 [02:BBA4]         A0=00FFA8DA A1=0003250E A2=00FFE3FC A3=00028210 A4=00027E16 A5=00000000 A6=00000000 A7=00FF7F8C D0=00000006 D1=00000680 D2=00000000 D3=00000000 D4=00000000 D5=00000000 D6=00000000 D7=00000000 xNzvc
02:B900  48 78  PEA     ($0006)                  A0=00FF9364 A1=00032468 A2=00FFE3FC A3=00028210 A4=00027E16 A5=00000000 A6=00000000 A7=00FF7FA4 D0=000000D4 D1=0000FF3F D2=00000000 D3=00000000 D4=00000000 D5=00000000 D6=00000000 D7=00000000 xnzvc
02:B904  48 79  PEA     ($000306F8)              A0=00FF9364 A1=00032468 A2=00FFE3FC A3=00028210 A4=00027E16 A5=00000000 A6=00000000 A7=00FF7FA0 D0=000000D4 D1=0000FF3F D2=00000000 D3=00000000 D4=00000000 D5=00000000 D6=00000000 D7=00000000 xnzvc
02:B90A  48 78  PEA     ($0007)                  A0=00FF9364 A1=00032468 A2=00FFE3FC A3=00028210 A4=00027E16 A5=00000000 A6=00000000 A7=00FF7F9C D0=000000D4 D1=0000FF3F D2=00000000 D3=00000000 D4=00000000 D5=00000000 D6=00000000 D7=00000000 xnzvc
02:B90E  60 00  BRA     #$007A [02:B98A]         A0=00FF9364 A1=00032468 A2=00FFE3FC A3=00028210 A4=00027E16 A5=00000000 A6=00000000 A7=00FF7F98 D0=000000D4 D1=0000FF3F D2=00000000 D3=00000000 D4=00000000 D5=00000000 D6=00000000 D7=00000000 xnzvc
02:B912  42 43  CLR.W   D3                       A0=00FF9364 A1=000323B0 A2=00FFE3FC A3=00028210 A4=00027E16 A5=00000000 A6=00000000 A7=00FF7FA4 D0=000000E6 D1=0000FF3F D2=00000000 D3=00000000 D4=00000000 D5=00000000 D6=00000000 D7=00000000 xnzvc
02:B914  48 78  PEA     ($0050)                  A0=00FF9364 A1=000323B0 A2=00FFE3FC A3=00028210 A4=00027E16 A5=00000000 A6=00000000 A7=00FF7FA4 D0=000000E6 D1=0000FF3F D2=00000000 D3=00000000 D4=00000000 D5=00000000 D6=00000000 D7=00000000 xnZvc
02:B918  48 78  PEA     ($00DC)                  A0=00FF9364 A1=000323B0 A2=00FFE3FC A3=00028210 A4=00027E16 A5=00000000 A6=00000000 A7=00FF7FA0 D0=000000E6 D1=0000FF3F D2=00000000 D3=00000000 D4=00000000 D5=00000000 D6=00000000 D7=00000000 xnZvc
02:B91C  48 7A  PEA     $0392(PC)                A0=00FF9364 A1=000323B0 A2=00FFE3FC A3=00028210 A4=00027E16 A5=00000000 A6=00000000 A7=00FF7F9C D0=000000E6 D1=0000FF3F D2=00000000 D3=00000000 D4=00000000 D5=00000000 D6=00000000 D7=00000000 xnZvc
02:B920  4E 71  NOP                              A0=00FF9364 A1=000323B0 A2=00FFE3FC A3=00028210 A4=00027E16 A5=00000000 A6=00000000 A7=00FF7F98 D0=000000E6 D1=0000FF3F D2=00000000 D3=00000000 D4=00000000 D5=00000000 D6=00000000 D7=00000000 xnZvc
02:B922  4E 94  JSR     (A4)                     A0=00FF9364 A1=000323B0 A2=00FFE3FC A3=00028210 A4=00027E16 A5=00000000 A6=00000000 A7=00FF7F98 D0=000000E6 D1=0000FF3F D2=00000000 D3=00000000 D4=00000000 D5=00000000 D6=00000000 D7=00000000 xnZvc
02:B924  60 00  BRA     #$021A [02:BB40]         A0=00FFB65A A1=00FFB65A A2=00FFE3FC A3=00028210 A4=00027E16 A5=00000000 A6=00000000 A7=00FF7F98 D0=00000008 D1=00000008 D2=00000000 D3=00000000 D4=00000000 D5=00000000 D6=00000000 D7=00000000 xnzvc
02:B928  42 43  CLR.W   D3                       A0=00FF9364 A1=000323B0 A2=00FFE3FC A3=00028210 A4=00027E16 A5=00000000 A6=00000000 A7=00FF7FA4 D0=000000FC D1=0000FF3F D2=00000000 D3=00000000 D4=00000000 D5=00000000 D6=00000000 D7=00000000 xnzvc
02:B92A  48 78  PEA     ($0050)                  A0=00FF9364 A1=000323B0 A2=00FFE3FC A3=00028210 A4=00027E16 A5=00000000 A6=00000000 A7=00FF7FA4 D0=000000FC D1=0000FF3F D2=00000000 D3=00000000 D4=00000000 D5=00000000 D6=00000000 D7=00000000 xnZvc
02:B92E  48 78  PEA     ($00DC)                  A0=00FF9364 A1=000323B0 A2=00FFE3FC A3=00028210 A4=00027E16 A5=00000000 A6=00000000 A7=00FF7FA0 D0=000000FC D1=0000FF3F D2=00000000 D3=00000000 D4=00000000 D5=00000000 D6=00000000 D7=00000000 xnZvc
02:B932  48 7A  PEA     $038C(PC)                A0=00FF9364 A1=000323B0 A2=00FFE3FC A3=00028210 A4=00027E16 A5=00000000 A6=00000000 A7=00FF7F9C D0=000000FC D1=0000FF3F D2=00000000 D3=00000000 D4=00000000 D5=00000000 D6=00000000 D7=00000000 xnZvc
02:B936  4E 71  NOP                              A0=00FF9364 A1=000323B0 A2=00FFE3FC A3=00028210 A4=00027E16 A5=00000000 A6=00000000 A7=00FF7F98 D0=000000FC D1=0000FF3F D2=00000000 D3=00000000 D4=00000000 D5=00000000 D6=00000000 D7=00000000 xnZvc
02:B938  4E 94  JSR     (A4)                     A0=00FF9364 A1=000323B0 A2=00FFE3FC A3=00028210 A4=00027E16 A5=00000000 A6=00000000 A7=00FF7F98 D0=000000FC D1=0000FF3F D2=00000000 D3=00000000 D4=00000000 D5=00000000 D6=00000000 D7=00000000 xnZvc
02:B93A  48 78  PEA     ($0006)                  A0=00FFB65A A1=00FFB65A A2=00FFE3FC A3=00028210 A4=00027E16 A5=00000000 A6=00000000 A7=00FF7F98 D0=00000008 D1=00000008 D2=00000000 D3=00000000 D4=00000000 D5=00000000 D6=00000000 D7=00000000 xnzvc
02:B93E  48 79  PEA     ($000306FA)              A0=00FFB65A A1=00FFB65A A2=00FFE3FC A3=00028210 A4=00027E16 A5=00000000 A6=00000000 A7=00FF7F94 D0=00000008 D1=00000008 D2=00000000 D3=00000000 D4=00000000 D5=00000000 D6=00000000 D7=00000000 xnzvc
02:B944  48 78  PEA     ($0007)                  A0=00FFB65A A1=00FFB65A A2=00FFE3FC A3=00028210 A4=00027E16 A5=00000000 A6=00000000 A7=00FF7F90 D0=00000008 D1=00000008 D2=00000000 D3=00000000 D4=00000000 D5=00000000 D6=00000000 D7=00000000 xnzvc
02:B948  4E 93  JSR     (A3)                     A0=00FFB65A A1=00FFB65A A2=00FFE3FC A3=00028210 A4=00027E16 A5=00000000 A6=00000000 A7=00FF7F8C D0=00000008 D1=00000008 D2=00000000 D3=00000000 D4=00000000 D5=00000000 D6=00000000 D7=00000000 xnzvc
02:B94A  4F EF  LEA     $0018(SP),A7             A0=00FFA8DA A1=00FFB65A A2=00FFE3FC A3=00028210 A4=00027E16 A5=00000000 A6=00000000 A7=00FF7F8C D0=00000006 D1=00000680 D2=00000000 D3=00000000 D4=00000000 D5=00000000 D6=00000000 D7=00000000 xNzvc
02:B94E  34 BC  MOVE.W  #$0033,(A2)              A0=00FFA8DA A1=00FFB65A A2=00FFE3FC A3=00028210 A4=00027E16 A5=00000000 A6=00000000 A7=00FF7FA4 D0=00000006 D1=00000680 D2=00000000 D3=00000000 D4=00000000 D5=00000000 D6=00000000 D7=00000000 xNzvc
02:B952  60 00  BRA     #$02A8 [02:BBFC]         A0=00FFA8DA A1=00FFB65A A2=00FFE3FC A3=00028210 A4=00027E16 A5=00000000 A6=00000000 A7=00FF7FA4 D0=00000006 D1=00000680 D2=00000000 D3=00000000 D4=00000000 D5=00000000 D6=00000000 D7=00000000 xnzvc
02:B956  4E B9  JSR     ($00027DD4)              A0=00FF9364 A1=00032468 A2=00FFE3FC A3=00028210 A4=00027E16 A5=00000000 A6=00000000 A7=00FF7FA4 D0=0000012A D1=0000FF3F D2=00000000 D3=00000000 D4=00000000 D5=00000000 D6=00000000 D7=00000000 xnzvc
02:B95C  48 78  PEA     ($0003)                  A0=00FFD9C6 A1=00032468 A2=00FFE3FC A3=00028210 A4=00027E16 A5=00000000 A6=00000000 A7=00FF7FA4 D0=00000008 D1=00000023 D2=00000000 D3=00000000 D4=00000000 D5=00000000 D6=00000000 D7=00000000 xnZvc
02:B960  48 79  PEA     ($000306C8)              A0=00FFD9C6 A1=00032468 A2=00FFE3FC A3=00028210 A4=00027E16 A5=00000000 A6=00000000 A7=00FF7FA0 D0=00000008 D1=00000023 D2=00000000 D3=00000000 D4=00000000 D5=00000000 D6=00000000 D7=00000000 xnZvc
02:B966  60 1E  BRA     #$1E [02:B986]           A0=00FFD9C6 A1=00032468 A2=00FFE3FC A3=00028210 A4=00027E16 A5=00000000 A6=00000000 A7=00FF7F9C D0=00000008 D1=00000023 D2=00000000 D3=00000000 D4=00000000 D5=00000000 D6=00000000 D7=00000000 xnZvc
02:B968  42 43  CLR.W   D3                       A0=00FF9364 A1=00032468 A2=00FFE3FC A3=00028210 A4=00027E16 A5=00000000 A6=00000000 A7=00FF7FA4 D0=0000013C D1=0000FF3F D2=00000000 D3=00000000 D4=00000000 D5=00000000 D6=00000000 D7=00000000 xnzvc
02:B96A  48 78  PEA     ($0050)                  A0=00FF9364 A1=00032468 A2=00FFE3FC A3=00028210 A4=00027E16 A5=00000000 A6=00000000 A7=00FF7FA4 D0=0000013C D1=0000FF3F D2=00000000 D3=00000000 D4=00000000 D5=00000000 D6=00000000 D7=00000000 xnZvc
02:B96E  48 78  PEA     ($00DC)                  A0=00FF9364 A1=00032468 A2=00FFE3FC A3=00028210 A4=00027E16 A5=00000000 A6=00000000 A7=00FF7FA0 D0=0000013C D1=0000FF3F D2=00000000 D3=00000000 D4=00000000 D5=00000000 D6=00000000 D7=00000000 xnZvc
02:B972  48 7A  PEA     $035A(PC)                A0=00FF9364 A1=00032468 A2=00FFE3FC A3=00028210 A4=00027E16 A5=00000000 A6=00000000 A7=00FF7F9C D0=0000013C D1=0000FF3F D2=00000000 D3=00000000 D4=00000000 D5=00000000 D6=00000000 D7=00000000 xnZvc
02:B976  4E 71  NOP                              A0=00FF9364 A1=00032468 A2=00FFE3FC A3=00028210 A4=00027E16 A5=00000000 A6=00000000 A7=00FF7F98 D0=0000013C D1=0000FF3F D2=00000000 D3=00000000 D4=00000000 D5=00000000 D6=00000000 D7=00000000 xnZvc
02:B978  4E 94  JSR     (A4)                     A0=00FF9364 A1=00032468 A2=00FFE3FC A3=00028210 A4=00027E16 A5=00000000 A6=00000000 A7=00FF7F98 D0=0000013C D1=0000FF3F D2=00000000 D3=00000000 D4=00000000 D5=00000000 D6=00000000 D7=00000000 xnZvc
02:B97A  60 10  BRA     #$10 [02:B98C]           A0=00FFB65A A1=00FFB65A A2=00FFE3FC A3=00028210 A4=00027E16 A5=00000000 A6=00000000 A7=00FF7F98 D0=00000008 D1=00000008 D2=00000000 D3=00000000 D4=00000000 D5=00000000 D6=00000000 D7=00000000 xnzvc
02:B97C  48 78  PEA     ($0003)                  A0=00FF9364 A1=00032468 A2=00FFE3FC A3=00028210 A4=00027E16 A5=00000000 A6=00000000 A7=00FF7FA4 D0=00000150 D1=0000FF3F D2=00000000 D3=00000000 D4=00000000 D5=00000000 D6=00000000 D7=00000000 xnzvc
02:B980  48 79  PEA     ($000306D6
02:B986  48 78  PEA     ($0005)                  A0=00FF9364 A1=00032468 A2=00FFE3FC A3=00028210 A4=00027E16 A5=00000000 A6=00000000 A7=00FF7F9C D0=00000150 D1=0000FF3F D2=00000000 D3=00000000 D4=00000000 D5=00000000 D6=00000000 D7=00000000 xnzvc
02:B98A  4E 93  JSR     (A3)                     A0=00FF9364 A1=00032468 A2=00FFE3FC A3=00028210 A4=00027E16 A5=00000000 A6=00000000 A7=00FF7F98 D0=00000150 D1=0000FF3F D2=00000000 D3=00000000 D4=00000000 D5=00000000 D6=00000000 D7=00000000 xnzvc
02:B98C  4F EF  LEA     $000C(SP),A7             A0=00FFA7DA A1=00032468 A2=00FFE3FC A3=00028210 A4=00027E16 A5=00000000 A6=00000000 A7=00FF7F98 D0=00000103 D1=00000580 D2=00000000 D3=00000000 D4=00000000 D5=00000000 D6=00000000 D7=00000000 xNzvc
02:B990  60 00  BRA     #$0218 [02:BBAA]         A0=00FFA7DA A1=00032468 A2=00FFE3FC A3=00028210 A4=00027E16 A5=00000000 A6=00000000 A7=00FF7FA4 D0=00000103 D1=00000580 D2=00000000 D3=00000000 D4=00000000 D5=00000000 D6=00000000 D7=00000000 xNzvc
02:B994  48 78  PEA     ($0006)                  A0=00FF9364 A1=00032468 A2=00FFE3FC A3=00028210 A4=00027E16 A5=00000000 A6=00000000 A7=00FF7FA4 D0=00000168 D1=0000FF3F D2=00000000 D3=00000000 D4=00000000 D5=00000000 D6=00000000 D7=00000000 xnzvc
02:B998  48 79  PEA     ($00030700)              A0=00FF9364 A1=00032468 A2=00FFE3FC A3=00028210 A4=00027E16 A5=00000000 A6=00000000 A7=00FF7FA0 D0=00000168 D1=0000FF3F D2=00000000 D3=00000000 D4=00000000 D5=00000000 D6=00000000 D7=00000000 xnzvc
02:B99E  48 78  PEA     ($0001)                  A0=00FF9364 A1=00032468 A2=00FFE3FC A3=00028210 A4=00027E16 A5=00000000 A6=00000000 A7=00FF7F9C D0=00000168 D1=0000FF3F D2=00000000 D3=00000000 D4=00000000 D5=00000000 D6=00000000 D7=00000000 xnzvc
02:B9A2  4E 93  JSR     (A3)                     A0=00FF9364 A1=00032468 A2=00FFE3FC A3=00028210 A4=00027E16 A5=00000000 A6=00000000 A7=00FF7F98 D0=00000168 D1=0000FF3F D2=00000000 D3=00000000 D4=00000000 D5=00000000 D6=00000000 D7=00000000 xnzvc
02:B9A4  4E B9  JSR     ($00027DD4)              A0=00FFA5DA A1=00032468 A2=00FFE3FC A3=00028210 A4=00027E16 A5=00000000 A6=00000000 A7=00FF7F98 D0=00000106 D1=00000380 D2=00000000 D3=00000000 D4=00000000 D5=00000000 D6=00000000 D7=00000000 xNzvc
02:B9AA  4F EF  LEA     $000C(SP),A7             A0=00FFA5DA A1=00032468 A2=00FFE3FC A3=00028210 A4=00027E16 A5=00000000 A6=00000000 A7=00FF7F98 D0=00000306 D1=00000380 D2=00000000 D3=00000000 D4=00000000 D5=00000000 D6=00000000 D7=00000000 xNzvc
02:B9AE  34 BC  MOVE.W  #$0011,(A2)              A0=00FFA5DA A1=00032468 A2=00FFE3FC A3=00028210 A4=00027E16 A5=00000000 A6=00000000 A7=00FF7FA4 D0=00000306 D1=00000380 D2=00000000 D3=00000000 D4=00000000 D5=00000000 D6=00000000 D7=00000000 xNzvc
02:B9B2  60 00  BRA     #$0248 [02:BBFC]         A0=00FFA5DA A1=00032468 A2=00FFE3FC A3=00028210 A4=00027E16 A5=00000000 A6=00000000 A7=00FF7FA4 D0=00000306 D1=00000380 D2=00000000 D3=00000000 D4=00000000 D5=00000000 D6=00000000 D7=00000000 xnzvc
02:B9B6  48 78  PEA     ($0006)                  A0=00FF9364 A1=00032468 A2=00FFE3FC A3=00028210 A4=00027E16 A5=00000000 A6=00000000 A7=00FF7FA4 D0=0000018A D1=0000FF3F D2=00000000 D3=00000000 D4=00000000 D5=00000000 D6=00000000 D7=00000000 xnzvc
02:B9BA  48 79  PEA     ($000306F2)              A0=00FF9364 A1=00032468 A2=00FFE3FC A3=00028210 A4=00027E16 A5=00000000 A6=00000000 A7=00FF7FA0 D0=0000018A D1=0000FF3F D2=00000000 D3=00000000 D4=00000000 D5=00000000 D6=00000000 D7=00000000 xnzvc
02:B9C0  48 78  PEA     ($0001)                  A0=00FF9364 A1=00032468 A2=00FFE3FC A3=00028210 A4=00027E16 A5=00000000 A6=00000000 A7=00FF7F9C D0=0000018A D1=0000FF3F D2=00000000 D3=00000000 D4=00000000 D5=00000000 D6=00000000 D7=00000000 xnzvc
02:B9C4  4E 93  JSR     (A3)                     A0=00FF9364 A1=00032468 A2=00FFE3FC A3=00028210 A4=00027E16 A5=00000000 A6=00000000 A7=00FF7F98 D0=0000018A D1=0000FF3F D2=00000000 D3=00000000 D4=00000000 D5=00000000 D6=00000000 D7=00000000 xnzvc
02:B9C6  48 78  PEA     ($0070)                  A0=00FFA5DA A1=00032468 A2=00FFE3FC A3=00028210 A4=00027E16 A5=00000000 A6=00000000 A7=00FF7F98 D0=00000106 D1=00000380 D2=00000000 D3=00000000 D4=00000000 D5=00000000 D6=00000000 D7=00000000 xNzvc
02:B9CA  48 78  PEA     ($0094)                  A0=00FFA5DA A1=00032468 A2=00FFE3FC A3=00028210 A4=00027E16 A5=00000000 A6=00000000 A7=00FF7F94 D0=00000106 D1=00000380 D2=00000000 D3=00000000 D4=00000000 D5=00000000 D6=00000000 D7=00000000 xNzvc
02:B9CE  48 78  PEA     ($0003)                  A0=00FFA5DA A1=00032468 A2=00FFE3FC A3=00028210 A4=00027E16 A5=00000000 A6=00000000 A7=00FF7F90 D0=00000106 D1=00000380 D2=00000000 D3=00000000 D4=00000000 D5=00000000 D6=00000000 D7=00000000 xNzvc
02:B9D2  4E B9  JSR     ($00028176)              A0=00FFA5DA A1=00032468 A2=00FFE3FC A3=00028210 A4=00027E16 A5=00000000 A6=00000000 A7=00FF7F8C D0=00000106 D1=00000380 D2=00000000 D3=00000000 D4=00000000 D5=00000000 D6=00000000 D7=00000000 xNzvc
02:B9D8  4F EF  LEA     $0018(SP),A7             A0=00FFA70A A1=00FFD940 A2=00FFE3FC A3=00028210 A4=00027E16 A5=00000000 A6=00000000 A7=00FF7F8C D0=00000002 D1=00000019 D2=00000000 D3=00000000 D4=00000000 D5=00000000 D6=00000000 D7=00000000 xnZvc
02:B9DC  34 BC  MOVE.W  #$0008,(A2)              A0=00FFA5DA A1=00032468 A2=00FFE3FC A3=00028210 A4=00027E16 A5=00000000 A6=00000000 A7=00FF7FA4 D0=00000106 D1=00000380 D2=00000000 D3=00000000 D4=00000000 D5=00000000 D6=00000000 D7=00000000 xNzvc
02:B9E0  60 00  BRA     #$021A [02:BBFC]         A0=00FFA5DA A1=00032468 A2=00FFE3FC A3=00028210 A4=00027E16 A5=00000000 A6=00000000 A7=00FF7FA4 D0=00000106 D1=00000380 D2=00000000 D3=00000000 D4=00000000 D5=00000000 D6=00000000 D7=00000000 xnzvc
02:B9E4  48 78  PEA     ($0003)                  A0=00FF9364 A1=00032468 A2=00FFE3FC A3=00028210 A4=00027E16 A5=00000000 A6=00000000 A7=00FF7FA4 D0=000001B8 D1=0000FF3F D2=00000000 D3=00000000 D4=00000000 D5=00000000 D6=00000000 D7=00000000 xnzvc
02:B9E8  48 79  PEA     ($000306EF)              A0=00FF9364 A1=00032468 A2=00FFE3FC A3=00028210 A4=00027E16 A5=00000000 A6=00000000 A7=00FF7FA0 D0=000001B8 D1=0000FF3F D2=00000000 D3=00000000 D4=00000000 D5=00000000 D6=00000000 D7=00000000 xnzvc
02:B9EE  48 78  PEA     ($0003)                  A0=00FF9364 A1=00032468 A2=00FFE3FC A3=00028210 A4=00027E16 A5=00000000 A6=00000000 A7=00FF7F9C D0=000001B8 D1=0000FF3F D2=00000000 D3=00000000 D4=00000000 D5=00000000 D6=00000000 D7=00000000 xnzvc
02:B9F2  4E 93  JSR     (A3)                     A0=00FF9364 A1=00032468 A2=00FFE3FC A3=00028210 A4=00027E16 A5=00000000 A6=00000000 A7=00FF7F98 D0=000001B8 D1=0000FF3F D2=00000000 D3=00000000 D4=00000000 D5=00000000 D6=00000000 D7=00000000 xnzvc
02:B9F4  4F EF  LEA     $000C(SP),A7             A0=00FFA6DA A1=00032468 A2=00FFE3FC A3=00028210 A4=00027E16 A5=00000000 A6=00000000 A7=00FF7F98 D0=00000103 D1=00000480 D2=00000000 D3=00000000 D4=00000000 D5=00000000 D6=00000000 D7=00000000 xNzvc
02:B9F8  42 79  CLR.W   ($00FFE3FA)              A0=00FFA6DA A1=00032468 A2=00FFE3FC A3=00028210 A4=00027E16 A5=00000000 A6=00000000 A7=00FF7FA4 D0=00000103 D1=00000480 D2=00000000 D3=00000000 D4=00000000 D5=00000000 D6=00000000 D7=00000000 xNzvc
02:B9FE  34 BC  MOVE.W  #$002A,(A2)              A0=00FFA6DA A1=00032468 A2=00FFE3FC A3=0002821
02:BA02  60 00  BRA     #$01F8 [02:BBFC]         A0=00FFA6DA A1=00032468 A2=00FFE3FC A3=00028210 A4=00027E16 A5=00000000 A6=00000000 A7=00FF7FA4 D0=00000103 D1=00000480 D2=00000000 D3=00000000 D4=00000000 D5=00000000 D6=00000000 D7=00000000 xnzvc
02:BA06  48 78  PEA     ($0003)                  A0=00FF9364 A1=00032468 A2=00FFE3FC A3=00028210 A4=00027E16 A5=00000000 A6=00000000 A7=00FF7FA4 D0=000001DA D1=0000FF3F D2=00000000 D3=00000000 D4=00000000 D5=00000000 D6=00000000 D7=00000000 xnzvc
02:BA0A  4E B9  JSR     ($00028252)              A0=00FF9364 A1=00032468 A2=00FFE3FC A3=00028210 A4=00027E16 A5=00000000 A6=00000000 A7=00FF7FA0 D0=000001DA D1=0000FF3F D2=00000000 D3=00000000 D4=00000000 D5=00000000 D6=00000000 D7=00000000 xnzvc
02:BA10  48 78  PEA     ($0006)                  A0=00FFD976 A1=00032468 A2=00FFE3FC A3=00028210 A4=00027E16 A5=00000000 A6=00000000 A7=00FF7FA0 D0=00000023 D1=00000023 D2=00000000 D3=00000000 D4=00000000 D5=00000000 D6=00000000 D7=00000000 xnZvc
02:BA14  48 79  PEA     ($00030700)              A0=00FFD976 A1=00032468 A2=00FFE3FC A3=00028210 A4=00027E16 A5=00000000 A6=00000000 A7=00FF7F9C D0=00000023 D1=00000023 D2=00000000 D3=00000000 D4=00000000 D5=00000000 D6=00000000 D7=00000000 xnZvc
02:BA1A  48 78  PEA     ($0001)                  A0=00FFD976 A1=00032468 A2=00FFE3FC A3=00028210 A4=00027E16 A5=00000000 A6=00000000 A7=00FF7F98 D0=00000023 D1=00000023 D2=00000000 D3=00000000 D4=00000000 D5=00000000 D6=00000000 D7=00000000 xnZvc
02:BA1E  4E 93  JSR     (A3)                     A0=00FFD976 A1=00032468 A2=00FFE3FC A3=00028210 A4=00027E16 A5=00000000 A6=00000000 A7=00FF7F94 D0=00000023 D1=00000023 D2=00000000 D3=00000000 D4=00000000 D5=00000000 D6=00000000 D7=00000000 xnZvc
02:BA20  4F EF  LEA     $0010(SP),A7             A0=00FFA5DA A1=00032468 A2=00FFE3FC A3=00028210 A4=00027E16 A5=00000000 A6=00000000 A7=00FF7F94 D0=00000006 D1=00000380 D2=00000000 D3=00000000 D4=00000000 D5=00000000 D6=00000000 D7=00000000 xNzvc
02:BA24  60 B6  BRA     #$B6 [02:B9DC]           A0=00FFA5DA A1=00032468 A2=00FFE3FC A3=00028210 A4=00027E16 A5=00000000 A6=00000000 A7=00FF7FA4 D0=00000006 D1=00000380 D2=00000000 D3=00000000 D4=00000000 D5=00000000 D6=00000000 D7=00000000 xNzvc
02:BA26  48 78  PEA     ($0006)                  A0=00FF9364 A1=00032468 A2=00FFE3FC A3=00028210 A4=00027E16 A5=00000000 A6=00000000 A7=00FF7FA4 D0=000001FA D1=0000FF3F D2=00000000 D3=00000000 D4=00000000 D5=00000000 D6=00000000 D7=00000000 xnzvc
02:BA2A  48 79  PEA     ($000306FE)              A0=00FF9364 A1=00032468 A2=00FFE3FC A3=00028210 A4=00027E16 A5=00000000 A6=00000000 A7=00FF7FA0 D0=000001FA D1=0000FF3F D2=00000000 D3=00000000 D4=00000000 D5=00000000 D6=00000000 D7=00000000 xnzvc
02:BA30  48 78  PEA     ($0001)                  A0=00FF9364 A1=00032468 A2=00FFE3FC A3=00028210 A4=00027E16 A5=00000000 A6=00000000 A7=00FF7F9C D0=000001FA D1=0000FF3F D2=00000000 D3=00000000 D4=00000000 D5=00000000 D6=00000000 D7=00000000 xnzvc
02:BA34  4E 93  JSR     (A3)                     A0=00FF9364 A1=00032468 A2=00FFE3FC A3=00028210 A4=00027E16 A5=00000000 A6=00000000 A7=00FF7F98 D0=000001FA D1=0000FF3F D2=00000000 D3=00000000 D4=00000000 D5=00000000 D6=00000000 D7=00000000 xnzvc
02:BA36  4F EF  LEA     $000C(SP),A7             A0=00FFA5DA A1=00032468 A2=00FFE3FC A3=00028210 A4=00027E16 A5=00000000 A6=00000000 A7=00FF7F98 D0=00000106 D1=00000380 D2=00000000 D3=00000000 D4=00000000 D5=00000000 D6=00000000 D7=00000000 xNzvc
02:BA3A  60 A0  BRA     #$A0 [02:B9DC]           A0=00FFA5DA A1=00032468 A2=00FFE3FC A3=00028210 A4=00027E16 A5=00000000 A6=00000000 A7=00FF7FA4 D0=00000106 D1=00000380 D2=00000000 D3=00000000 D4=00000000 D5=00000000 D6=00000000 D7=00000000 xNzvc
02:BA3C  48 78  PEA     ($0006)                  A0=00FF9364 A1=00032468 A2=00FFE3FC A3=00028210 A4=00027E16 A5=00000000 A6=00000000 A7=00FF7FA4 D0=00000210 D1=0000FF3F D2=00000000 D3=00000000 D4=00000000 D5=00000000 D6=00000000 D7=00000000 xnzvc
02:BA40  48 79  PEA     ($000306DA)              A0=00FF9364 A1=00032468 A2=00FFE3FC A3=00028210 A4=00027E16 A5=00000000 A6=00000000 A7=00FF7FA0 D0=00000210 D1=0000FF3F D2=00000000 D3=00000000 D4=00000000 D5=00000000 D6=00000000 D7=00000000 xnzvc
02:BA46  48 78  PEA     ($0005)                  A0=00FF9364 A1=00032468 A2=00FFE3FC A3=00028210 A4=00027E16 A5=00000000 A6=00000000 A7=00FF7F9C D0=00000210 D1=0000FF3F D2=00000000 D3=00000000 D4=00000000 D5=00000000 D6=00000000 D7=00000000 xnzvc
02:BA4A  60 00  BRA     #$FE48 [02:B894]         A0=00FF9364 A1=00032468 A2=00FFE3FC A3=00028210 A4=00027E16 A5=00000000 A6=00000000 A7=00FF7F98 D0=00000210 D1=0000FF3F D2=00000000 D3=00000000 D4=00000000 D5=00000000 D6=00000000 D7=00000000 xnzvc
02:BA4E  42 43  CLR.W   D3                       A0=00FF9364 A1=00032468 A2=00FFE3FC A3=00028210 A4=00027E16 A5=00000000 A6=00000000 A7=00FF7FA4 D0=00000222 D1=0000FF3F D2=00000000 D3=00000000 D4=00000000 D5=00000000 D6=00000000 D7=00000000 xnzvc
02:BA50  48 78  PEA     ($0050)                  A0=00FF9364 A1=00032468 A2=00FFE3FC A3=00028210 A4=00027E16 A5=00000000 A6=00000000 A7=00FF7FA4 D0=00000222 D1=0000FF3F D2=00000000 D3=00000000 D4=00000000 D5=00000000 D6=00000000 D7=00000000 xnZvc
02:BA54  48 78  PEA     ($00DC)                  A0=00FF9364 A1=00032468 A2=00FFE3FC A3=00028210 A4=00027E16 A5=00000000 A6=00000000 A7=00FF7FA0 D0=00000222 D1=0000FF3F D2=00000000 D3=00000000 D4=00000000 D5=00000000 D6=00000000 D7=00000000 xnZvc
02:BA58  48 7A  PEA     $028A(PC)                A0=00FF9364 A1=00032468 A2=00FFE3FC A3=00028210 A4=00027E16 A5=00000000 A6=00000000 A7=00FF7F9C D0=00000222 D1=0000FF3F D2=00000000 D3=00000000 D4=00000000 D5=00000000 D6=00000000 D7=00000000 xnZvc
02:BA5C  4E 71  NOP                              A0=00FF9364 A1=00032468 A2=00FFE3FC A3=00028210 A4=00027E16 A5=00000000 A6=00000000 A7=00FF7F98 D0=00000222 D1=0000FF3F D2=00000000 D3=00000000 D4=00000000 D5=00000000 D6=00000000 D7=00000000 xnZvc
02:BA5E  4E 94  JSR     (A4)                     A0=00FF9364 A1=00032468 A2=00FFE3FC A3=00028210 A4=00027E16 A5=00000000 A6=00000000 A7=00FF7F98 D0=00000222 D1=0000FF3F D2=00000000 D3=00000000 D4=00000000 D5=00000000 D6=00000000 D7=00000000 xnZvc
02:BA60  48 78  PEA     ($0006)                  A0=00FFB65A A1=00FFB65A A2=00FFE3FC A3=00028210 A4=00027E16 A5=00000000 A6=00000000 A7=00FF7F98 D0=00000008 D1=00000008 D2=00000000 D3=00000000 D4=00000000 D5=00000000 D6=00000000 D7=00000000 xnzvc
02:BA64  48 79  PEA     ($000306FC)              A0=00FFB65A A1=00FFB65A A2=00FFE3FC A3=00028210 A4=00027E16 A5=00000000 A6=00000000 A7=00FF7F94 D0=00000008 D1=00000008 D2=00000000 D3=00000000 D4=00000000 D5=00000000 D6=00000000 D7=00000000 xnzvc
02:BA6A  48 78  PEA     ($0007)                  A0=00FFB65A A1=00FFB65A A2=00FFE3FC A3=00028210 A4=00027E16 A5=00000000 A6=00000000 A7=00FF7F90 D0=00000008 D1=00000008 D2=00000000 D3=00000000 D4=00000000 D5=00000000 D6=00000000 D7=00000000 xnzvc
02:BA6E  4E 93  JSR     (A3)                     A0=00FFB65A A1=00FFB65A A2=00FFE3FC A3=00028210 A4=00027E16 A5=00000000 A6=00000000 A7=00FF7F8C D0=00000008 D1=00000008 D2=00000000 D3=00000000 D4=00000000 D5=00000000 D6=00000000 D7=00000000 xnzvc
02:BA70  4F EF  LEA     $0018(SP),A7             A0=00FFA8DA A1=00FFB65A A2=00FFE3FC A3=00028210 A4=00027E16 A5=00000000 A6=00000000 A7=00FF7F8C D0=00000006 D1=00000680 D2=00000000 D3=00000000 D4=00000000 D5=00000000 D6=00000000 D7=00000000 xNzvc
02:BA74  60 00  BRA     #$0178 [02:BBEE]         A0=00FFA8DA A1=00FFB65A A2=00FFE3FC A3=00028210 A4=00027E16 A5=00000000 A6=00000000 A7=00FF7FA4 D0=00000006 D1=00000680 D2=00000000 D3=00000000 D4=00000000 D5=00000000 D6=00000000 D7=00000000 xNzvc
02:BA78  42 43  CLR.W   D3                       A0=00FF9364 A1=0003250E A2=00FFE3FC A3=00028210 A4=00027E16 A5=00000000 A6=00000000 A7=00FF7FA4 D0=0000024C D1=0000FF3F D2=00000000 D3=00000000 D4=00000000 D5=00000000 D6=00000000 D7=00000000 xnzvc
02:BA7A  48 78  PEA     ($0048)                  A0=00FF9364 A1=0003250E A2=00FFE3FC A3=00028210 A4=00027E16 A5=00000000 A6=00000000 A7=00FF7FA4 D0=0000024C D1=0000FF3F D2=00000000 D3=00000000 D4=00000000 D5=00000000 D6=00000000 D7=00000000 xnZvc
02:BA7E  48 78  PEA     ($00DC)                  A0=00FF9364 A1=0003250E A2=00FFE3FC A3=00028210 A4=00027E16 A5=00000000 A6=00000000 A7=00FF7FA0 D0=0000024C D1=0000FF3F D2=00000000 D3=00000000 D4=00000000 D5=00000000 D6=00000000 D7=00000000 xnZvc
02:BA82  48 7A  PEA     $0278(PC)                A0=00FF9364 A1=0003250E A2=00FFE3FC A3=00028210 A4=00027E16 A5=00000000 A6=00000000 A7=00FF7F9C D0=0000024C D1=0000FF3F D2=00000000 D3=00000000 D4=00000000 D5=00000000 D6=00000000 D7=00000000 xnZvc
02:BA86  4E 71  NOP                              A0=00FF9364 A1=0003250E A2=00FFE3FC A3=00028210 A4=00027E16 A5=00000000 A6=00000000 A7=00FF7F98 D0=0000024C D1=0000FF3F D2=00000000 D3=00000000 D4=00000000 D5=00000000 D6=00000000 D7=00000000 xnZvc
02:BA88  4E 94  JSR     (A4)                     A0=00FF9364 A1=0003250E A2=00FFE3FC A3=00028210 A4=00027E16 A5=00000000 A6=00000000 A7=00FF7F98 D0=0000024C D1=0000FF3F D2=00000000 D3=00000000 D4=00000000 D5=00000000 D6=00000000 D7=00000000 xnZvc
02:BA8A  48 78  PEA     ($0054)                  A0=00FFB65A A1=00FFB65A A2=00FFE3FC A3=00028210 A4=00027E16 A5=00000000 A6=00000000 A7=00FF7F98 D0=00000008 D1=00000008 D2=00000000 D3=00000000 D4=00000000 D5=00000000 D6=00000000 D7=00000000 xnzvc
02:BA8E  48 78  PEA     ($00DC)                  A0=00FFB65A A1=00FFB65A A2=00FFE3FC A3=00028210 A4=00027E16 A5=00000000 A6=00000000 A7=00FF7F94 D0=00000008 D1=00000008 D2=00000000 D3=00000000 D4=00000000 D5=00000000 D6=00000000 D7=00000000 xnzvc
02:BA92  48 7A  PEA     $027E(PC)                A0=00FFB65A A1=00FFB65A A2=00FFE3FC A3=00028210 A4=00027E16 A5=00000000 A6=00000000 A7=00FF7F90 D0=00000008 D1=00000008 D2=00000000 D3=00000000 D4=00000000 D5=00000000 D6=00000000 D7=00000000 xnzvc
02:BA96  4E 71  NOP                              A0=00FFB65A A1=00FFB65A A2=00FFE3FC A3=00028210 A4=00027E16 A5=00000000 A6=00000000 A7=00FF7F8C D0=00000008 D1=00000008 D2=00000000 D3=00000000 D4=00000000 D5=00000000 D6=00000000 D7=00000000 xnzvc
02:BA98  4E B9  JSR     ($00027EF0)              A0=00FFB65A A1=00FFB65A A2=00FFE3FC A3=00028210 A4=00027E16 A5=00000000 A6=00000000 A7=00FF7F8C D0=00000008 D1=00000008 D2=00000000 D3=00000000 D4=00000000 D5=00000000 D6=00000000 D7=00000000 xnzvc
02:BA9E  4F EF  LEA     $0018(SP),A7             A0=00FFB65A A1=00FFB65A A2=00FFE3FC A3=00028210 A4=00027E16 A5=00000000 A6=00000000 A7=00FF7F8C D0=00000008 D1=00000008 D2=00000000 D3=00000000 D4=00000000 D5=00000000 D6=00000000 D7=00000000 xnzvc
02:BAA2  60 50  BRA     #$50 [02:BAF4]           A0=00FFB65A A1=00FFB65A A2=00FFE3FC A3=00028210 A4=00027E16 A5=00000000 A6=00000000 A7=00FF7FA4 D0=00000008 D1=00000008 D2=00000000 D3=00000000 D4=00000000 D5=00000000 D6=00000000 D7=00000000 xnzvc
02:BAA4  60 3A  BRA     #$3A [02:BAE0]           A0=00FF9364 A1=0003250E A2=00FFE3FC A3=00028210 A4=00027E16 A5=00000000 A6=00000000 A7=00FF7FA4 D0=00000278 D1=0000FF3F D2=00000000 D3=00000000 D4=00000000 D5=00000000 D6=00000000 D7=00000000 xnzvc
02:BAA6  48 78  PEA     ($0006)                  A0=00FF9364 A1=00032468 A2=00FFE3FC A3=00028210 A4=00027E16 A5=00000000 A6=00000000 A7=00FF7FA4 D0=0000027A D1=0000FF3F D2=00000000 D3=00000000 D4=00000000 D5=00000000 D6=00000000 D7=00000000 xnzvc
02:BAAA  48 79  PEA     ($000306F6)              A0=00FF9364 A1=00032468 A2=00FFE3FC A3=00028210 A4=00027E16 A5=00000000 A6=00000000 A7=00FF7FA0 D0=0000027A D1=0000FF3F D2=00000000 D3=00000000 D4=00000000 D5=00000000 D6=00000000 D7=00000000 xnzvc
02:BAB0  48 78  PEA     ($0006)                  A0=00FF9364 A1=00032468 A2=00FFE3FC A3=00028210 A4=00027E16 A5=00000000 A6=00000000 A7=00FF7F9C D0=0000027A D1=0000FF3F D2=00000000 D3=00000000 D4=00000000 D5=00000000 D6=00000000 D7=00000000 xnzvc
02:BAB4  60 00  BRA     #$FDDE [02:B894]         A0=00FF9364 A1=00032468 A2=00FFE3FC A3=00028210 A4=00027E16 A5=00000000 A6=00000000 A7=00FF7F98 D0=0000027A D1=0000FF3F D2=00000000 D3=00000000 D4=00000000 D5=00000000 D6=00000000 D7=00000000 xnzvc
02:BAB8  48 78  PEA     ($0006)                  A0=00FF9364 A1=00032468 A2=00FFE3FC A3=00028210 A4=00027E16 A5=00000000 A6=00000000 A7=00FF7FA4 D0=0000028C D1=0000FF3F D2=00000000 D3=00000000 D4=00000000 D5=00000000 D6=00000000 D7=00000000 xnzvc
02:BABC  48 79  PEA     ($000306F4)              A0=00FF9364 A1=00032468 A2=00FFE3FC A3=00028210 A4=00027E16 A5=00000000 A6=00000000 A7=00FF7FA0 D0=0000028C D1=0000FF3F D2=00000000 D3=00000000 D4=00000000 D5=00000000 D6=00000000 D7=00000000 xnzvc
02:BAC2  48 78  PEA     ($0006)                  A0=00FF9364 A1=00032468 A2=00FFE3FC A3=00028210 A4=00027E16 A5=00000000 A6=00000000 A7=00FF7F9C D0=0000028C D1=0000FF3F D2=00000000 D3=00000000 D4=00000000 D5=00000000 D6=00000000 D7=00000000 xnzvc
02:BAC6  4E 93  JSR     (A3)                     A0=00FF9364 A1=00032468 A2=00FFE3FC A3=00028210 A4=00027E16 A5=00000000 A6=00000000 A7=00FF7F98 D0=0000028C D1=0000FF3F D2=00000000 D3=00000000 D4=00000000 D5=00000000 D6=00000000 D7=00000000 xnzvc
02:BAC8  48 78  PEA     ($0006)                  A0=00FFA85A A1=00032468 A2=00FFE3FC A3=00028210 A4=00027E16 A5=00000000 A6=00000000 A7=00FF7F98 D0=00000206 D1=00000600 D2=00000000 D3=00000000 D4=00000000 D5=00000000 D6=00000000 D7=00000000 xNzvc
02:BACC  48 79  PEA     ($000306FC)              A0=00FFA85A A1=00032468 A2=00FFE3FC A3=00028210 A4=00027E16 A5=00000000 A6=00000000 A7=00FF7F94 D0=00000206 D1=00000600 D2=00000000 D3=00000000 D4=00000000 D5=00000000 D6=00000000 D7=00000000 xNzvc
02:BAD2  48 78  PEA     ($0007)                  A0=00FFA85A A1=00032468 A2=00FFE3FC A3=00028210 A4=00027E16 A5=00000000 A6=00000000 A7=00FF7F90 D0=00000206 D1=00000600 D2=00000000 D3=00000000 D4=00000000 D5=00000000 D6=00000000 D7=00000000 xNzvc
02:BAD6  4E 93  JSR     (A3)                     A0=00FFA85A A1=00032468 A2=00FFE3FC A3=00028210 A4=00027E16 A5=00000000 A6=00000000 A7=00FF7F8C D0=00000206 D1=00000600 D2=00000000 D3=00000000 D4=00000000 D5=00000000 D6=00000000 D7=00000000 xNzvc
02:BAD8  4F EF  LEA     $0018(SP),A7             A0=00FFA8DA A1=00032468 A2=00FFE3FC A3=00028210 A4=00027E16 A5=00000000 A6=00000000 A7=00FF7F8C D0=00000206 D1=00000680 D2=00000000 D3=00000000 D4=00000000 D5=00000000 D6=00000000 D7=00000000 xNzvc
02:BADC  60 00  BRA     #$FED0 [02:B9AE]         A0=00FFA8DA A1=00032468 A2=00FFE3FC A3=00028210 A4=00027E16 A5=00000000 A6=00000000 A7=00FF7FA4 D0=00000206 D1=00000680 D2=00000000 D3=00000000 D4=00000000 D5=00000000 D6=00000000 D7=00000000 xNzvc
02:BAE0  48 78  PEA     ($0006)                  A0=00FF9364 A1=0003250E A2=00FFE3FC A3=00028210 A4=00027E16 A5=00000000 A6=00000000 A7=00FF7FA4 D0=000002B4 D1=0000FF3F D2=00000000 D3=00000000 D4=00000000 D5=00000000 D6=00000000 D7=00000000 xnzvc
02:BAE4  48 79  PEA     ($000306FA)              A0=00FF9364 A1=0003250E A2=00FFE3FC A3=00028210 A4=00027E16 A5=00000000 A6=00000000 A7=00FF7FA0 D0=000002B4 D1=0000FF3F D2=00000000 D3=00000000 D4=00000000 D5=00000000 D6=00000000 D7=00000000 xnzvc
02:BAEA  48 78  PEA     ($0007)                  A0=00FF9364 A1=0003250E A2=00FFE3FC A3=00028210 A4=00027E16 A5=00000000 A6=00000000 A7=00FF7F9C D0=000002B4 D1=0000FF3F D2=00
02:BAEE  4E 93  JSR     (A3)                     A0=00FF9364 A1=0003250E A2=00FFE3FC A3=00028210 A4=00027E16 A5=00000000 A6=00000000 A7=00FF7F98 D0=000002B4 D1=0000FF3F D2=00000000 D3=00000000 D4=00000000 D5=00000000 D6=00000000 D7=00000000 xnzvc
02:BAF0  4F EF  LEA     $000C(SP),A7             A0=00FFA8DA A1=0003250E A2=00FFE3FC A3=00028210 A4=00027E16 A5=00000000 A6=00000000 A7=00FF7F98 D0=00000206 D1=00000680 D2=00000000 D3=00000000 D4=00000000 D5=00000000 D6=00000000 D7=00000000 xNzvc
02:BAF4  34 BC  MOVE.W  #$0019,(A2)              A0=00FFA8DA A1=0003250E A2=00FFE3FC A3=00028210 A4=00027E16 A5=00000000 A6=00000000 A7=00FF7FA4 D0=00000206 D1=00000680 D2=00000000 D3=00000000 D4=00000000 D5=00000000 D6=00000000 D7=00000000 xNzvc
02:BAF8  60 00  BRA     #$0102 [02:BBFC]         A0=00FFA8DA A1=0003250E A2=00FFE3FC A3=00028210 A4=00027E16 A5=00000000 A6=00000000 A7=00FF7FA4 D0=00000206 D1=00000680 D2=00000000 D3=00000000 D4=00000000 D5=00000000 D6=00000000 D7=00000000 xnzvc
02:BAFC  4E B9  JSR     ($00027DD4)              A0=00FF9364 A1=00032468 A2=00FFE3FC A3=00028210 A4=00027E16 A5=00000000 A6=00000000 A7=00FF7FA4 D0=000002D0 D1=0000FF3F D2=00000000 D3=00000000 D4=00000000 D5=00000000 D6=00000000 D7=00000000 xnzvc
02:BB02  60 00  BRA     #$FEAA [02:B9AE]         A0=00FFD9C6 A1=00032468 A2=00FFE3FC A3=00028210 A4=00027E16 A5=
02:BB06  42 43  CLR.W   D3                       A0=00FF9364 A1=00032468 A2=00FFE3FC A3=00028210 A4=00027E16 A5=00000000 A6=00000000 A7=00FF7FA4 D0=000002DA D1=0000FF3F D2=00000000 D3=00000000 D4=00000000 D5=00000000 D6=00000000 D7=00000000 xnzvc
02:BB08  48 78  PEA     ($0048)                  A0=00FF9364 A1=00032468 A2=00FFE3FC A3=00028210 A4=00027E16 A5=00000000 A6=00000000 A7=00FF7FA4 D0=000002DA D1=0000FF3F D2=00000000 D3=00000000 D4=00000000 D5=00000000 D6=00000000 D7=00000000 xnZvc
02:BB0C  48 78  PEA     ($00DC)                  A0=00FF9364 A1=00032468 A2=00FFE3FC A3=00028210 A4=00027E16 A5=00000000 A6=00000000 A7=00FF7FA0 D0=000002DA D1=0000FF3F D2=00000000 D3=00000000 D4=00000000 D5=00000000 D6=00000000 D7=00000000 xnZvc
02:BB10  48 7A  PEA     $0214(PC)                A0=00FF9364 A1=00032468 A2=00FFE3FC A3=00028210 A4=00027E16 A5=00000000 A6=00000000 A7=00FF7F9C D0=000002DA D1=0000FF3F D2=00000000 D3=00000000 D4=00000000 D5=00000000 D6=00000000 D7=00000000 xnZvc
02:BB14  4E 71  NOP                              A0=00FF9364 A1=00032468 A2=00FFE3FC A3=00028210 A4=00027E16 A5=00000000 A6=00000000 A7=00FF7F98 D0=000002DA D1=0000FF3F D2=00000000 D3=00000000 D4=00000000 D5=00000000 D6=00000000 D7=00000000 xnZvc
02:BB16  4E 94  JSR     (A4)                     A0=00FF9364 A1=00032468 A2=00FFE3FC A3=00028210 A4=00027E16 A5=00000000 A6=00000000 A7=00FF7F98 D0=000002DA D1=0000FF3F D2=00000000 D3=00000000 D4=00000000 D5=00000000 D6=00000000 D7=00000000 xnZvc
02:BB18  48 78  PEA     ($0054)                  A0=00FFB65A A1=00FFB65A A2=00FFE3FC A3=00028210 A4=00027E16 A5=00000000 A6=00000000 A7=00FF7F98 D0=00000008 D1=00000008 D2=00000000 D3=00000000 D4=00000000 D5=00000000 D6=00000000 D7=00000000 xnzvc
02:BB1C  48 78  PEA     ($00DC)                  A0=00FFB65A A1=00FFB65A A2=00FFE3FC A3=00028210 A4=00027E16 A5=00000000 A6=00000000 A7=00FF7F94 D0=00000008 D1=00000008 D2=00000000 D3=00000000 D4=00000000 D5=00000000 D6=00000000 D7=00000000 xnzvc
02:BB20  48 7A  PEA     $0210(PC)                A0=00FFB65A A1=00FFB65A A2=00FFE3FC A3=00028210 A4=00027E16 A5=00000000 A6=00000000 A7=00FF7F90 D0=00000008 D1=00000008 D2=00000000 D3=00000000 D4=00000000 D5=00000000 D6=00000000 D7=00000000 xnzvc
02:BB24  4E 71  NOP                              A0=00FFB65A A1=00FFB65A A2=00FFE3FC A3=00028210 A4=00027E16 A5=00000000 A6=00000000 A7=00FF7F8C D0=00000008 D1=00000008 D2=00000000 D3=00000000 D4=00000000 D5=00000000 D6=00000000 D7=00000000 xnzvc
02:BB26  4E B9  JSR     ($00027EF0)              A0=00FFB65A A1=00FFB65A A2=00FFE3FC A3=00028210 A4=00027E16 A5=00000000 A6=00000000 A7=00FF7F8C D0=00000008 D1=00000008 D2=00000000 D3=00000000 D4=00000000 D5=00000000 D6=00000000 D7=00000000 xnzvc
02:BB2C  60 00  BRA     #$0078 [02:BBA6]         A0=00FFB65A A1=00FFB65A A2=00FFE3FC A3=00028210 A4=00027E16 A5=00000000 A6=00000000 A7=00FF7F8C D0=00000008 D1=00000008 D2=00000000 D3=00000000 D4=00000000 D5=00000000 D6=00000000 D7=00000000 xnzvc
02:BB30  48 78  PEA     ($0003)                  A0=00FF9364 A1=00032468 A2=00FFE3FC A3=00028210 A4=00027E16 A5=00000000 A6=00000000 A7=00FF7FA4 D0=00000304 D1=0000FF3F D2=00000000 D3=00000000 D4=00000000 D5=00000000 D6=00000000 D7=00000000 xnzvc
02:BB34  48 79  PEA     ($000306C8)              A0=00FF9364 A1=00032468 A2=00FFE3FC A3=00028210 A4=00027E16 A5=00000000 A6=00000000 A7=00FF7FA0 D0=00000304 D1=0000FF3F D2=00000000 D3=00000000 D4=00000000 D5=00000000 D6=00000000 D7=00000000 xnzvc
02:BB3A  48 78  PEA     ($0005)                  A0=00FF9364 A1=00032468 A2=00FFE3FC A3=00028210 A4=00027E16 A5=00000000 A6=00000000 A7=00FF7F9C D0=00000304 D1=0000FF3F D2=00000000 D3=00000000 D4=00000000 D5=00000000 D6=00000000 D7=00000000 xnzvc
02:BB3E  4E 93  JSR     (A3)                     A0=00FF9364 A1=00032468 A2=00FFE3FC A3=00028210 A4=00027E16 A5=00000000 A6=00000000 A7=00FF7F98 D0=00000304 D1=0000FF3F D2=00000000 D3=00000000 D4=00000000 D5=00000000 D6=00000000 D7=00000000 xnzvc
02:BB40  4F EF  LEA     $000C(SP),A7             A0=00FFA7DA A1=00032468 A2=00FFE3FC A3=00028210 A4=00027E16 A5=00000000 A6=00000000 A7=00FF7F98 D0=00000303 D1=00000580 D2=00000000 D3=00000000 D4=00000000 D5=00000000 D6=00000000 D7=00000000 xNzvc
02:BB44  34 BC  MOVE.W  #$0044,(A2)              A0=00FFA7DA A1=00032468 A2=00FFE3FC A3=00028210 A4=00027E16 A5=00000000 A6=00000000 A7=00FF7FA4 D0=00000303 D1=00000580 D2=00000000 D3=00000000 D4=00000000 D5=00000000 D6=00000000 D7=00000000 xNzvc
02:BB48  60 00  BRA     #$00B2 [02:BBFC]         A0=00FFA7DA A1=00032468 A2=00FFE3FC A3=00028210 A4=00027E16 A5=00000000 A6=00000000 A7=00FF7FA4 D0=00000303 D1=00000580 D2=00000000 D3=00000000 D4=00000000 D5=00000000 D6=00000000 D7=00000000 xnzvc
02:BB4C  42 43  CLR.W   D3                       A0=00FF9364 A1=00032468 A2=00FFE3FC A3=00028210 A4=00027E16 A5=00000000 A6=00000000 A7=00FF7FA4 D0=00000320 D1=0000FF3F D2=00000000 D3=00000000 D4=00000000 D5=00000000 D6=00000000 D7=00000000 xnzvc
02:BB4E  48 78  PEA     ($0050)                  A0=00FF9364 A1=00032468 A2=00FFE3FC A3=00028210 A4=00027E16 A5=00000000 A6=00000000 A7=00FF7FA4 D0=00000320 D1=0000FF3F D2=00000000 D3=00000000 D4=00000000 D5=00000000 D6=00000000 D7=00000000 xnZvc
02:BB52  48 78  PEA     ($00DC)                  A0=00FF9364 A1=00032468 A2=00FFE3FC A3=00028210 A4=00027E16 A5=00000000 A6=00000000 A7=00FF7FA0 D0=00000320 D1=0000FF3F D2=00000000 D3=00000000 D4=00000000 D5=00000000 D6=00000000 D7=00000000 xnZvc
02:BB56  48 7A  PEA     $01EA(PC)                A0=00FF9364 A1=00032468 A2=00FFE3FC A3=00028210 A4=00027E16 A5=00000000 A6=00000000 A7=00FF7F9C D0=00000320 D1=0000FF3F D2=00000000 D3=00000000 D4=00000000 D5=00000000 D6=00000000 D7=00000000 xnZvc
02:BB5A  4E 71  NOP                              A0=00FF9364 A1=00032468 A2=00FFE3FC A3=00028210 A4=00027E16 A5=00000000 A6=00000000 A7=00FF7F98 D0=00000320 D1=0000FF3F D2=00000000 D3=00000000 D4=00000000 D5=00000000 D6=00000000 D7=00000000 xnZvc
02:BB5C  4E 94  JSR     (A4)                     A0=00FF9364 A1=00032468 A2=00FFE3FC A3=00028210 A4=00027E16 A5=00000000 A6=00000000 A7=00FF7F98 D0=00000320 D1=0000FF3F D2=00000000 D3=00000000 D4=00000000 D5=00000000 D6=00000000 D7=00000000 xnZvc
02:BB5E  48 78  PEA     ($0006)                  A0=00FFB65A A1=00FFB65A A2=00FFE3FC A3=00028210 A4=00027E16 A5=00000000 A6=00000000 A7=00FF7F98 D0=00000008 D1=00000008 D2=00000000 D3=00000000 D4=00000000 D5=00000000 D6=00000000 D7=00000000 xnzvc
02:BB62  48 79  PEA     ($000306F6)              A0=00FFB65A A1=00FFB65A A2=00FFE3FC A3=00028210 A4=00027E16 A5=00000000 A6=00000000 A7=00FF7F94 D0=00000008 D1=00000008 D2=00000000 D3=00000000 D4=00000000 D5=00000000 D6=00000000 D7=00000000 xnzvc
02:BB68  48 78  PEA     ($0006)                  A0=00FFB65A A1=00FFB65A A2=00FFE3FC A3=00028210 A4=00027E16 A5=00000000 A6=00000000 A7=00FF7F90 D0=00000008 D1=00000008 D2=00000000 D3=00000000 D4=00000000 D5=00000000 D6=00000000 D7=00000000 xnzvc
02:BB6C  4E 93  JSR     (A3)                     A0=00FFB65A A1=00FFB65A A2=00FFE3FC A3=00028210 A4=00027E16 A5=00000000 A6=00000000 A7=00FF7F8C D0=00000008 D1=00000008 D2=00000000 D3=00000000 D4=00000000 D5=00000000 D6=00000000 D7=00000000 xnzvc
02:BB6E  48 78  PEA     ($0006)                  A0=00FFA85A A1=00FFB65A A2=00FFE3FC A3=00028210 A4=00027E16 A5=00000000 A6=00000000 A7=00FF7F8C D0=00000006 D1=00000600 D2=00000000 D3=00000000 D4=00000000 D5=00000000 D6=00000000 D7=00000000 xNzvc
02:BB72  48 79  PEA     ($000306FC)              A0=00FFA85A A1=00FFB65A A2=00FFE3FC A3=00028210 A4=00027E16 A5=00000000 A6=00000000 A7=00FF7F88 D0=00000006 D1=00000600 D2=00000000 D3=00000000 D4=00000000 D5=00000000 D6=00000000 D7=00000000 xNzvc
02:BB78  48 78  PEA     ($0007)                  A0=00FFA85A A1=00FFB65A A2=00FFE3FC A3=00028210 A4=00027E16 A5=00000000 A6=00000000 A7=00FF7F84 D0=00000006 D1=00000600 D2=00000000 D3=00000000 D4=00000000 D5=00000000 D6=00000000 D7=00000000 xNzvc
02:BB7C  4E 93  JSR     (A3)                     A0=00FFA85A A1=00FFB65A A2=00FFE3FC A3=00028210 A4=00027E16 A5=00000000 A6=00000000 A7=00FF7F80 D0=00000006 D1=00000600 D2=00000000 D3=00000000 D4=00000000 D5=00000000 D6=00000000 D7=00000000 xNzvc
02:BB7E  4F EF  LEA     $0024(SP),A7             A0=00FFA8DA A1=00FFB65A A2=00FFE3FC A3=00028210 A4=00027E16 A5=00000000 A6=00000000 A7=00FF7F80 D0=00000006 D1=00000680 D2=00000000 D3=00000000 D4=00000000 D5=00000000 D6=00000000 D7=00000000 xNzvc
02:BB82  60 00  BRA     #$FE2A [02:B9AE]         A0=00FFA8DA A1=00FFB65A A2=00FFE3FC A3=00028210 A4=00027E16 A5=00000000 A6=00000000 A7=00FF7FA4 D0=00000006 D1=00000680 D2=00000000 D3=00000000 D4=00000000 D5=00000000 D6=00000000 D7=00000000 xNzvc
02:BB86  48 78  PEA     ($0006)                  A0=00FF9364 A1=0003250E A2=00FFE3FC A3=00028210 A4=00027E16 A5=00000000 A6=00000000 A7=00FF7FA4 D0=0000035A D1=0000FF3F D2=00000000 D3=00000000 D4=00000000 D5=00000000 D6=00000000 D7=00000000 xnzvc
02:BB8A  48 79  PEA     ($000306F4)              A0=00FF9364 A1=0003250E A2=00FFE3FC A3=00028210 A4=00027E16 A5=00000000 A6=00000000 A7=00FF7FA0 D0=0000035A D1=0000FF3F D2=00000000 D3=00000000 D4=00000000 D5=00000000 D6=00000000 D7=00000000 xnzvc
02:BB90  48 78  PEA     ($0006)                  A0=00FF9364 A1=0003250E A2=00FFE3FC A3=00028210 A4=00027E16 A5=00000000 A6=00000000 A7=00FF7F9C D0=0000035A D1=0000FF3F D2=00000000 D3=00000000 D4=00000000 D5=00000000 D6=00000000 D7=00000000 xnzvc
02:BB94  4E 93  JSR     (A3)                     A0=00FF9364 A1=0003250E A2=00FFE3FC A3=00028210 A4=00027E16 A5=00000000 A6=00000000 A7=00FF7F98 D0=0000035A D1=0000FF3F D2=00000000 D3=00000000 D4=00000000 D5=00000000 D6=00000000 D7=00000000 xnzvc
02:BB96  48 78  PEA     ($0006)                  A0=00FFA85A A1=0003250E A2=00FFE3FC A3=00028210 A4=00027E16 A5=00000000 A6=00000000 A7=00FF7F98 D0=00000306 D1=00000600 D2=00000000 D3=00000000 D4=00000000 D5=00000000 D6=00000000 D7=00000000 xNzvc
02:BB9A  48 79  PEA     ($000306FA)              A0=00FFA85A A1=0003250E A2=00FFE3FC A3=00028210 A4=00027E16 A5=00000000 A6=00000000 A7=00FF7F94 D0=00000306 D1=00000600 D2=00000000 D3=00000000 D4=00000000 D5=00000000 D6=00000000 D7=00000000 xNzvc
02:BBA0  48 78  PEA     ($0007)                  A0=00FFA85A A1=0003250E A2=00FFE3FC A3=00028210 A4=00027E16 A5=00000000 A6=00000000 A7=00FF7F90 D0=00000306 D1=00000600 D2=00000000 D3=00000000 D4=00000000 D5=00000000 D6=00000000 D7=0
02:BBA4  4E 93  JSR     (A3)                     A0=00FFA85A A1=0003250E A2=00FFE3FC A3=00028210 A4=00027E16 A5=00000000 A6=00000000 A7=00FF7F8C D0=00000306 D1=00000600 D2=00000000 D3=00000000 D4=00000000 D5=00000000 D6=00000000 D7=00000000 xNzvc
02:BBA6  4F EF  LEA     $0018(SP),A7             A0=00FFA8DA A1=0003250E A2=00FFE3FC A3=00028210 A4=00027E16 A5=00000000 A6=00000000 A7=00FF7F8C D0=00000306 D1=00000680 D2=00000000 D3=00000000 D4=00000000 D5=00000000 D6=00000000 D7=00000000 xNzvc
02:BBAA  34 BC  MOVE.W  #$0022,(A2)              A0=00FFA8DA A1=0003250E A2=00FFE3FC A3=00028210 A4=00027E16 A5=00000000 A6=00000000 A7=00FF7FA4 D0=00000306 D1=00000680 D2=00000000 D3=00000000 D4=00000000 D5=00000000 D6=00000000 D7=00000000 xNzvc
02:BBAE  60 4C  BRA     #$4C [02:BBFC]           A0=00FFA8DA A1=0003250E A2=00FFE3FC A3=00028210 A4=00027E16 A5=00000000 A6=00000000 A7=00FF7FA4 D0=00000306 D1=00000680 D2=00000000 D3=00000000 D4=00000000 D5=00000000 D6=00000000 D7=00000000 xnzvc
02:BBB0  48 78  PEA     ($0006)                  A0=00FF9364 A1=00032468 A2=00FFE3FC A3=00028210 A4=00027E16 A5=00000000 A6=00000000 A7=00FF7FA4 D0=00000384 D1=0000FF3F D2=00000000 D3=00000000 D4=00000000 D5=00000000 D6=00000000 D7=00000000 xnzvc
02:BBB4  48 79  PEA     ($00030700)              A0=00FF9364 A1=00032468 A2=00FFE3FC A3=00028210 A4=00027E16 A5=00000000 A6=00000000 A7=00FF7FA0 D0=00000384 D1=0000FF3F D2=00000000 D3=00000000 D4=00000000 D5=00000000 D6=00000000 D7=00000000 xnzvc
02:BBBA  48 78  PEA     ($0001)                  A0=00FF9364 A1=00032468 A2=00FFE3FC A3=00028210 A4=00027E16 A5=00000000 A6=00000000 A7=00FF7F9C D0=00000384 D1=0000FF3F D2=00000000 D3=00000000 D4=00000000 D5=00000000 D6=00000000 D7=00000000 xnzvc
02:BBBE  60 00  BRA     #$FCD4 [02:B894]         A0=00FF9364 A1=00032468 A2=00FFE3FC A3=00028210 A4=00027E16 A5=00000000 A6=00000000 A7=00FF7F98 D0=00000384 D1=0000FF3F D2=00000000 D3=00000000 D4=00000000 D5=00000000 D6=00000000 D7=00000000 xnzvc
02:BBC2  42 43  CLR.W   D3                       A0=00FF9364 A1=00032468 A2=00FFE3FC A3=00028210 A4=00027E16 A5=00000000 A6=00000000 A7=00FF7FA4 D0=00000396 D1=0000FF3F D2=00000000 D3=00000000 D4=00000000 D5=00000000 D6=00000000 D7=00000000 xnzvc
02:BBC4  48 78  PEA     ($0036)                  A0=00FF9364 A1=00032468 A2=00FFE3FC A3=00028210 A4=00027E16 A5=00000000 A6=00000000 A7=00FF7FA4 D0=00000396 D1=0000FF3F D2=00000000 D3=00000000 D4=00000000 D5=00000000 D6=00000000 D7=00000000 xnZvc
02:BBC8  48 78  PEA     ($004E)                  A0=00FF9364 A1=00032468 A2=00FFE3FC A3=00028210 A4=00027E16 A5=00000000 A6=00000000 A7=00FF7FA0 D0=00000396 D1=0000FF3F D2=00000000 D3=00000000 D4=00000000 D5=00000000 D6=00000000 D7=00000000 xnZvc
02:BBCC  48 7A  PEA     $0180(PC)                A0=00FF9364 A1=00032468 A2=00FFE3FC A3=00028210 A4=00027E16 A5=00000000 A6=00000000 A7=00FF7F9C D0=00000396 D1=0000FF3F D2=00000000 D3=00000000 D4=00000000 D5=00000000 D6=00000000 D7=00000000 xnZvc
02:BBD0  4E 71  NOP                              A0=00FF9364 A1=00032468 A2=00FFE3FC A3=00028210 A4=00027E16 A5=00000000 A6=00000000 A7=00FF7F98 D0=00000396 D1=0000FF3F D2=00000000 D3=00000000 D4=00000000 D5=00000000 D6=00000000 D7=00000000 xnZvc
02:BBD2  4E 94  JSR     (A4)                     A0=00FF9364 A1=00032468 A2=00FFE3FC A3=00028210 A4=00027E16 A5=00000000 A6=00000000 A7=00FF7F98 D0=00000396 D1=0000FF3F D2=00000000 D3=00000000 D4=00000000 D5=00000000 D6=00000000 D7=00000000 xnZvc
02:BBD4  48 78  PEA     ($0006)                  A0=00FFB65A A1=00FFB65A A2=00FFE3FC A3=00028210 A4=00027E16 A5=00000000 A6=00000000 A7=00FF7F98 D0=00000008 D1=00000008 D2=00000000 D3=00000000 D4=00000000 D5=00000000 D6=00000000 D7=00000000 xnzvc
02:BBD8  48 79  PEA     ($000306E5)              A0=00FFB65A A1=00FFB65A A2=00FFE3FC A3=00028210 A4=00027E16 A5=00000000 A6=00000000 A7=00FF7F94 D0=00000008 D1=00000008 D2=00000000 D3=00000000 D4=00000000 D5=00000000 D6=00000000 D7=00000000 xnzvc
02:BBDE  48 78  PEA     ($0001)                  A0=00FFB65A A1=00FFB65A A2=00FFE3FC A3=00028210 A4=00027E16 A5=00000000 A6=00000000 A7=00FF7F90 D0=00000008 D1=00000008 D2=00000000 D3=00000000 D4=00000000 D5=00000000 D6=00000000 D7=00000000 xnzvc
02:BBE2  4E 93  JSR     (A3)                     A0=00FFB65A A1=00FFB65A A2=00FFE3FC A3=00028210 A4=00027E16 A5=00000000 A6=00000000 A7=00FF7F8C D0=00000008 D1=00000008 D2=00000000 D3=00000000 D4=00000000 D5=00000000 D6=00000000 D7=00000000 xnzvc
02:BBE4  4F EF  LEA     $0018(SP),A7             A0=00FFA5DA A1=00FFB65A A2=00FFE3FC A3=00028210 A4=00027E16 A5=00000000 A6=00000000 A7=00FF7F8C D0=00000006 D1=00000380 D2=00000000 D3=00000000 D4=00000000 D5=00000000 D6=00000000 D7=00000000 xNzvc
02:BBE8  42 79  CLR.W   ($00FFE3FA)              A0=00FFA5DA A1=00FFB65A A2=00FFE3FC A3=00028210 A4=00027E16 A5=00000000 A6=00000000 A7=00FF7FA4 D0=00000006 D1=00000380 D2=00000000 D3=00000000 D4=00000000 D5=00000000 D6=00000000 D7=00000000 xNzvc
02:BBEE  34 BC  MOVE.W  #$0055,(A2)              A0=00FFA5DA A1=00FFB65A A2=00FFE3FC A3=00028210 A4=00027E16 A5=00000000 A6=00000000 A7=00FF7FA4 D0=00000006 D1=00000380 D2=00000000 D3=00000000 D4=00000000 D5=00000000 D6=00000000 D7=00000000 xnZvc
02:BBF2  60 08  BRA     #$08 [02:BBFC]           A0=00FFA5DA A1=00FFB65A A2=00FFE3FC A3=00028210 A4=00027E16 A5=00000000 A6=00000000 A7=00FF7FA4 D0=00000006 D1=00000380 D2=00000000 D3=00000000 D4=00000000 D5=00000000 D6=00000000 D7=00000000 xnzvc
02:BBF4  33 FC  MOVE.W  #$FFFF,($00FFE3F8)       A0=00FF9364 A1=00032468 A2=00FFE3FC A3=00028210 A4=00027E16 A5=00000000 A6=00000000 A7=00FF7FA4 D0=000003C8 D1=0000FF3F D2=00000000 D3=00000000 D4=00000000 D5=00000000 D6=00000000 D7=00000000 xnzvc
02:BBFC  0C 79  CMPI.W  #$FFFF,($00FFE3F8)       A0=00FF9364 A1=000323B0 A2=00FFE3FC A3=00028210 A4=00027E16 A5=00000000 A6=00000000 A7=00FF7FA4 D0=00000070 D1=0000FF3F D2=00000000 D3=00000000 D4=00000000 D5=00000000 D6=00000000 D7=00000000 xnzvc
02:BC04  67 18  BEQ     #$18 [02:BC1E]           A0=00FF9364 A1=000323B0 A2=00FFE3FC A3=00028210 A4=00027E16 A5=00000000 A6=00000000 A7=00FF7FA4 D0=00000070 D1=0000FF3F D2=00000000 D3=00000000 D4=00000000 D5=00000000 D6=00000000 D7=00000000 xnzvC
02:BC06  4E B9  JSR     ($0002706C)              A0=00FF9364 A1=000323B0 A2=00FFE3FC A3=00028210 A4=00027E16 A5=00000000 A6=00000000 A7=00FF7FA4 D0=00000070 D1=0000FF3F D2=00000000 D3=00000000 D4=00000000 D5=00000000 D6=00000000 D7=00000000 xnzvC
02:BC0C  24 00  MOVE.L  D0,D2                    A0=00FF9364 A1=000323B0 A2=00FFE3FC A3=00028210 A4=00027E16 A5=00000000 A6=00000000 A7=00FF7FA4 D0=00000000 D1=0000FF3F D2=00000000 D3=00000000 D4=00000000 D5=00000000 D6=00000000 D7=00000000 xnZvc
02:BC0E  4E B9  JSR     ($00027006)              A0=00FF9364 A1=000323B0 A2=00FFE3FC A3=00028210 A4=00027E16 A5=00000000 A6=00000000 A7=00FF7FA4 D0=00000000 D1=0000FF3F D2=00000000 D3=00000000 D4=00000000 D5=00000000 D6=00000000 D7=00000000 xnZvc
02:BC14  84 80  OR.L    D0,D2                    A0=00FF9364 A1=000323B0 A2=00FFE3FC A3=00028210 A4=00027E16 A5=00000000 A6=00000000 A7=00FF7FA4 D0=00000000 D1=0000FF3F D2=00000000 D3=00000000 D4=00000000 D5=00000000 D6=00000000 D7=00000000 xnZvc
02:BC16  08 02  BTST    #7,D2                    A0=00FF9364 A1=000323B0 A2=00FFE3FC A3=00028210 A4=00027E16 A5=00000000 A6=00000000 A7=00FF7FA4 D0=00000000 D1=0000FF3F D2=00000000 D3=00000000 D4=00000000 D5=00000000 D6=00000000 D7=00000000 xnZvc
02:BC1A  67 00  BEQ     #$FB9E [02:B7BA]         A0=00FF9364 A1=000323B0 A2=00FFE3FC A3=00028210 A4=00027E16 A5=00000000 A6=00000000 A7=00FF7FA4 D0=00000000 D1=0000FF3F D2=00000000 D3=00000000 D4=00000000 D5=00000000 D6=00000000 D7=00000000 xnZvc
02:BC1E  02 39  ANDI.B  #$3C,($00FF8000)         A0=00FF9364 A1=00032468 A2=00FFE3FC A3=00028210 A4=00027E16 A5=00000000 A6=00000000 A7=00FF7FA4 D0=000003C8 D1=0000FF3F D2=00000000 D3=00000000 D4=00000000 D5=00000000 D6=00000000 D7=00000000 xnZvc
02:BC26  70 00  MOVEQ   #$00,D0                  A0=00FF9364 A1=00032468 A2=00FFE3FC A3=00028210 A4=00027E16 A5=00000000 A6=00000000 A7=00FF7FA4 D0=000003C8 D1=0000FF3F D2=00000000 D3=00000000 D4=00000000 D5=00000000 D6=00000000 D7=00000000 xnzvc
02:BC28  10 39  MOVE.B  ($00FF8000),D0           A0=00FF9364 A1=00032468 A2=00FFE3FC A3=00028210 A4=00027E16 A5=00000000 A6=00000000 A7=00FF7FA4 D0=00000000 D1=0000FF3F D2=00000000 D3=00000000 D4=00000000 D5=00000000 D6=00000000 D7=00000000 xnZvc
02:BC2E  00 80  ORI.L   #$00008104,D0            A0=00FF9364 A1=00032468 A2=00FFE3FC A3=00028210 A4=00027E16 A5=00000000 A6=00000000 A7=00FF7FA4 D0=00000020 D1=0000FF3F D2=00000000 D3=00000000 D4=00000000 D5=00000000 D6=00000000 D7=00000000 xnzvc
02:BC34  33 C0  MOVE.W  D0,($00C00004)           A0=00FF9364 A1=00032468 A2=00FFE3FC A3=00028210 A4=00027E16 A5=00000000 A6=00000000 A7=00FF7FA4 D0=00008124 D1=0000FF3F D2=00000000 D3=00000000 D4=00000000 D5=00000000 D6=00000000 D7=00000000 xnzvc
02:BC3A  4E B9  JSR     ($00027DD4)              A0=00FF9364 A1=00032468 A2=00FFE3FC A3=00028210 A4=00027E16 A5=00000000 A6=00000000 A7=00FF7FA4 D0=00008124 D1=0000FF3F D2=00000000 D3=00000000 D4=00000000 D5=00000000 D6=00000000 D7=00000000 xNzvc
02:BC40  4E B9  JSR     ($000282FE)              A0=00FFD9C6 A1=00032468 A2=00FFE3FC A3=00028210 A4=00027E16 A5=00000000 A6=00000000 A7=00FF7FA4 D0=00000008 D1=00000023 D2=00000000 D3=00000000 D4=00000000 D5=00000000 D6=00000000 D7=00000000 xnZvc
02:BC46  4E B9  JSR     ($0002813A)              A0=00032464 A1=00000000 A2=00FFE3FC A3=00028210 A4=00027E16 A5=00000000 A6=00000000 A7=00FF7FA4 D0=00000000 D1=00000000 D2=00000000 D3=00000000 D4=00000000 D5=00000000 D6=00000000 D7=00000000 xnZvc
02:BC4C  42 A7  CLR.L   -(SP)                    A0=00FFE3AE A1=00000000 A2=00FFE3FC A3=00028210 A4=00027E16 A5=00000000 A6=00000000 A7=00FF7FA4 D0=00000007 D1=00000007 D2=00000000 D3=00000000 D4=00000000 D5=00000000 D6=00000000 D7=00000000 xnZvc
02:BC4E  42 A7  CLR.L   -(SP)                    A0=00FFE3AE A1=00000000 A2=00FFE3FC A3=00028210 A4=00027E16 A5=00000000 A6=00000000 A7=00FF7FA0 D0=00000007 D1=00000007 D2=00000000 D3=00000000 D4=00000000 D5=00000000 D6=00000000 D7=00000000 xnZvc
02:BC50  4E B9  JSR     ($000278A6)              A0=00FFE3AE A1=00000000 A2=00FFE3FC A3=00028210 A4=00027E16 A5=00000000 A6=00000000 A7=00FF7F9C D0=00000007 D1=00000007 D2=00000000 D3=00000000 D4=00000000 D5=00000000 D6=00000000 D7=00000000 xnZvc
02:BC56  50 8F  ADDQ.L  #8,SP                    A0=00FF9364 A1=00FF8036 A2=00FFE3FC A3=00028210 A4=00027E16 A5=00000000 A6=00000000 A7=00FF7F9C D0=00000001 D1=00000000 D2=00000000 D3=00000000 D4=00000000 D5=00000000 D6=00000000 D7=00000000 xnzvc
02:BC58  0C 79  CMPI.W  #$FFFF,($00FFE3F8)       A0=00FF9364 A1=00FF8036 A2=00FFE3FC A3=00028210 A4=00027E16 A5=00000000 A6=00000000 A7=00FF7FA4 D0=00000001 D1=00000000 D2=00000000 D3=00000000 D4=00000000 D5=00000000 D6=00000000 D7=00000000 xnzvc
02:BC60  56 C0  STNE    D0 [02:BC22]             A0=00FF9364 A1=00FF8036 A2=00FFE3FC A3=00028210 A4=00027E16 A5=00000000 A6=00000000 A7=00FF7FA4 D0=00000001 D1=00000000 D2=00000000 D3=00000000 D4=00000000 D5=00000000 D6=00000000 D7=00000000 xnZvc
02:BC62  44 00  NEG.B   D0                       A0=00FF9364 A1=00FF8036 A2=00FFE3FC A3=00028210 A4=00027E16 A5=00000000 A6=00000000 A7=00FF7FA4 D0=00000000 D1=00000000 D2=00000000 D3=00000000 D4=00000000 D5=00000000 D6=00000000 D7=00000000 xnZvc
02:BC64  48 80  EXT.W   D0                       A0=00FF9364 A1=00FF8036 A2=00FFE3FC A3=00028210 A4=00027E16 A5=00000000 A6=00000000 A7=00FF7FA4 D0=00000000 D1=00000000 D2=00000000 D3=00000000 D4=00000000 D5=00000000 D6=00000000 D7=00000000 xnZvc
02:BC66  48 C0  EXT.L   D0                       A0=00FF9364 A1=00FF8036 A2=00FFE3FC A3=00028210 A4=00027E16 A5=00000000 A6=00000000 A7=00FF7FA4 D0=00000000 D1=00000000 D2=00000000 D3=00000000 D4=00000000 D5=00000000 D6=00000000 D7=00000000 xnZvc
02:BC68  30 00  MOVE.W  D0,D0                    A0=00FF9364 A1=00FF8036 A2=00FFE3FC A3=00028210 A4=00027E16 A5=00000000 A6=00000000 A7=00FF7FA4 D0=00000000 D1=00000000 D2=00000000 D3=00000000 D4=00000000 D5=00000000 D6=00000000 D7=00000000 xnZvc
02:BC6A  30 00  MOVE.W  D0,D0                    A0=00FF9364 A1=00FF8036 A2=00FFE3FC A3=00028210 A4=00027E16 A5=00000000 A6=00000000 A7=00FF7FA4 D0=00000000 D1=00000000 D2=00000000 D3=00000000 D4=00000000 D5=00000000 D6=00000000 D7=00000000 xnZvc
02:BC6C  48 C0  EXT.L   D0                       A0=00FF9364 A1=00FF8036 A2=00FFE3FC A3=00028210 A4=00027E16 A5=00000000 A6=00000000 A7=00FF7FA4 D0=00000000 D1=00000000 D2=00000000 D3=00000000 D4=00000000 D5=00000000 D6=00000000 D7=00000000 xnZvc
02:BC6E  4C DF  MOVEM.L (SP)+,{a7-d0}[1c 0c]     A0=00FF9364 A1=00FF8036 A2=00FFE3FC A3=00028210 A4=00027E16 A5=00000000 A6=00000000 A7=00FF7FA4 D0=00000000 D1=00000000 D2=00000000 D3=00000000 D4=00000000 D5=00000000 D6=00000000 D7=00000000 xnZvc
02:BC72  4E 75  RTS                              A0=00FF9364 A1=00FF8036 A2=00FF8038 A3=00FF8036 A4=00FF8000 A5=00000000 A6=00000000 A7=00FF7FB8 D0=00000000 D1=00000000 D2=00000001 D3=00000000 D4=00000000 D5=00000000 D6=00000000 D7=00000000 xnZvc

03:A3D0  4A 79  TST.W   ($00FFE40A)              A0=0003A3D0 A1=0000A71C A2=00FF9364 A3=00FF8002 A4=00FF8004 A5=00000000 A6=00000000 A7=00FF7F5A D0=00000000 D1=00000088 D2=00000078 D3=00000013 D4=00000010 D5=00000049 D6=00000000 D7=00000000 xnzvc
03:A3D6  67 18  BEQ     #$18 [03:A3F0]           A0=0003A3D0 A1=0000A71C A2=00FF9364 A3=00FF8002 A4=00FF8004 A5=00000000 A6=00000000 A7=00FF7F5A D0=00000000 D1=00000088 D2=00000078 D3=00000013 D4=00000010 D5=00000049 D6=00000000 D7=00000000 xnZvc
03:A3D8  42 79  CLR.W   ($00FFE40A)              A0=0003A3D0 A1=0003464C A2=00FF9364 A3=00FF8002 A4=00FF8004 A5=00000000 A6=00000000 A7=00FF7F5A D0=000000CE D1=0000002C D2=000000D4 D3=00000003 D4=00000096 D5=000000CE D6=00000000 D7=00000000 xnzvc
03:A3DE  48 78  PEA     ($0003)                  A0=0003A3D0 A1=0003464C A2=00FF9364 A3=00FF8002 A4=00FF8004 A5=00000000 A6=00000000 A7=00FF7F5A D0=000000CE D1=0000002C D2=000000D4 D3=00000003 D4=00000096 D5=000000CE D6=00000000 D7=00000000 xnZvc
03:A3E2  2F 39  MOVE.L  ($00FFE406),-(SP)        A0=0003A3D0 A1=0003464C A2=00FF9364 A3=00FF8002 A4=00FF8004 A5=00000000 A6=00000000 A7=00FF7F56 D0=000000CE D1=0000002C D2=000000D4 D3=00000003 D4=00000096 D5=000000CE D6=00000000 D7=00000000 xnZvc
03:A3E8  4E B9  JSR     ($00026FDA)              A0=0003A3D0 A1=0003464C A2=00FF9364 A3=00FF8002 A4=00FF8004 A5=00000000 A6=00000000 A7=00FF7F52 D0=000000CE D1=0000002C D2=000000D4 D3=00000003 D4=00000096 D5=000000CE D6=00000000 D7=00000000 xnzvc
03:A3EE  50 8F  ADDQ.L  #8,SP                    A0=00092F1C A1=0003464C A2=00FF9364 A3=00FF8002 A4=00FF8004 A5=00000000 A6=00000000 A7=00FF7F52 D0=C060FFFF D1=0000002C D2=000000D4 D3=00000003 D4=00000096 D5=000000CE D6=00000000 D7=00000000 xnZvc
03:A3F0  4A 79  TST.W   ($00FFE402)              A0=0003A3D0 A1=0000A71C A2=00FF9364 A3=00FF8002 A4=00FF8004 A5=00000000 A6=00000000 A7=00FF7F5A D0=00000000 D1=00000088 D2=00000078 D3=00000013 D4=00000010 D5=00000049 D6=00000000 D7=00000000 xnZvc
03:A3F6  67 16  BEQ     #$16 [03:A40E]           A0=0003A3D0 A1=0000A71C A2=00FF9364 A3=00FF8002 A4=00FF8004 A5=00000000 A6=00000000 A7=00FF7F5A D0=00000000 D1=00000088 D2=00000078 D3=00000013 D4=00000010 D5=00000049 D6=00000000 D7=00000000 xnzvc
03:A3F8  42 A7  CLR.L   -(SP)                    A0=0003A3D0 A1=0000A71C A2=00FF9364 A3=00FF8002 A4=00FF8004 A5=00000000 A6=00000000 A7=00FF7F5A D0=0000004E D1=0000004F D2=00000078 D3=00000000 D4=00000010 D5=0000004C D6=00000000 D7=00000000 xnzvc
03:A3FA  42 A7  CLR.L   -(SP)                    A0=0003A3D0 A1=0000A71C A2=00FF9364 A3=00FF8002 A4=00FF8004 A5=00000000 A6=00000000 A7=00FF7F56 D0=0000004E D1=0000004F D2=00000078 D3=00000000 D4=00000010 D5=0000004C D6=00000000 D7=00000000 xnZvc
03:A3FC  4E B9  JSR     ($0000CED0)              A0=0003A3D0 A1=0000A71C A2=00FF9364 A3=00FF8002 A4=00FF8004 A5=00000000 A6=00000000 A7=00FF7F52 D0=0000004E D1=0000004F D2=00000078 D3=00000000 D4=00000010 D5=0000004C D6=00000000 D7=00000000 xnZvc
03:A402  42 A7  CLR.L   -(SP)                    A0=0003A3D0 A1=0000A71C A2=00FF9364 A3=00FF8002 A4=00FF8004 A5=00000000 A6=00000000 A7=00FF7F52 D0=00000000 D1=00000000 D2=00000078 D3=00000000 D4=00000010 D5=0000004C D6=00000000 D7=00000000 xnZvc
03:A404  4E B9  JSR     ($0000059E)              A0=0003A3D0 A1=0000A71C A2=00FF9364 A3=00FF8002 A4=00FF8004 A5=00000000 A6=00000000 A7=00FF7F4E D0=00000000 D1=00000000 D2=00000078 D3=00000000 D4=00000010 D5=0000004C D6=00000000 D7=00000000 xnZvc
03:A40A  4F EF  LEA     $000C(SP),A7             A0=00FF9364 A1=0000A71C A2=00FF9364 A3=00FF8002 A4=00FF8004 A5=00000000 A6=00000000 A7=00FF7F4E D0=00000000 D1=00000000 D2=00000078 D3=00000000 D4=00000010 D5=0000004C D6=00000000 D7=00000000 xnZvc
03:A40E  4E B9  JSR     ($0003ECFE)              A0=00FF9364 A1=0000A71C A2=00FF9364 A3=00FF8002 A4=00FF8004 A5=00000000 A6=00000000 A7=00FF7F5A D0=00000000 D1=00000000 D2=00000078 D3=00000013 D4=00000010 D5=00000049 D6=00000000 D7=00000000 xnZvc
03:A414  52 79  ADDQ.W  #1,($00FF800E)           A0=00FFFF86 A1=00040156 A2=00FF9364 A3=00FF8002 A4=00FF8004 A5=00000000 A6=00000000 A7=00FF7F5A D0=0000FFFF D1=00000000 D2=00000078 D3=00000013 D4=00000010 D5=00000049 D6=00000000 D7=00000000 xnZvc
03:A41A  4E 75  RTS                              A0=00FFFF86 A1=00040156 A2=00FF9364 A3=00FF8002 A4=00FF8004 A5=00000000 A6=00000000 A7=00FF7F5A D0=0000FFFF D1=00000000 D2=00000078 D3=00000013 D4=00000010 D5=00000049 D6=00000000 D7=00000000 xnzvc

03:A41C  4E B9  JSR     ($00026F04)              A0=0003A3D0 A1=00FF8036 A2=00FF800E A3=00FFE406 A4=00FFE40A A5=00000000 A6=00000000 A7=00FF7FAC D0=00000000 D1=00000017 D2=00000001 D3=00000000 D4=00000000 D5=00000000 D6=00000000 D7=00000000 xnzvc
03:A422  23 FC  MOVE.L  #$7FE00001,($00C00004)   A0=0003A3D0 A1=00FF8036 A2=00FF800E A3=00FFE406 A4=00FFE40A A5=00000000 A6=00000000 A7=00FF7FAC D0=0000FFFF D1=00000017 D2=00000001 D3=00000000 D4=00000000 D5=00000000 D6=00000000 D7=00000000 xnZvc
03:A42C  48 78  PEA     ($0010)                  A0=0003A3D0 A1=00FF8036 A2=00FF800E A3=00FFE406 A4=00FFE40A A5=00000000 A6=00000000 A7=00FF7FAC D0=0000FFFF D1=00000017 D2=00000001 D3=00000000 D4=00000000 D5=00000000 D6=00000000 D7=00000000 xnzvc
03:A430  48 79  PEA     ($000927FC)              A0=0003A3D0 A1=00FF8036 A2=00FF800E A3=00FFE406 A4=00FFE40A A5=00000000 A6=00000000 A7=00FF7FA8 D0=0000FFFF D1=00000017 D2=00000001 D3=00000000 D4=00000000 D5=00000000 D6=00000000 D7=00000000 xnzvc
03:A436  4E B9  JSR     ($00026F76)              A0=0003A3D0 A1=00FF8036 A2=00FF800E A3=00FFE406 A4=00FFE40A A5=00000000 A6=00000000 A7=00FF7FA4 D0=0000FFFF D1=00000017 D2=00000001 D3=00000000 D4=00000000 D5=00000000 D6=00000000 D7=00000000 xnzvc
03:A43C  50 8F  ADDQ.L  #8,SP                    A0=0009281C A1=00FF8036 A2=00FF800E A3=00FFE406 A4=00FFE40A A5=00000000 A6=00000000 A7=00FF7FA4 D0=0000FFFF D1=00000017 D2=00000001 D3=00000000 D4=00000000 D5=00000000 D6=00000000 D7=00000000 xnZvc
03:A43E  23 FC  MOVE.L  #$60000002,($00C00004)   A0=0009281C A1=00FF8036 A2=00FF800E A3=00FFE406 A4=00FFE40A A5=00000000 A6=00000000 A7=00FF7FAC D0=0000FFFF D1=00000017 D2=00000001 D3=00000000 D4=00000000 D5=00000000 D6=00000000 D7=00000000 xnZvc
03:A448  48 78  PEA     ($0800)                  A0=0009281C A1=00FF8036 A2=00FF800E A3=00FFE406 A4=00FFE40A A5=00000000 A6=00000000 A7=00FF7FAC D0=0000FFFF D1=00000017 D2=00000001 D3=00000000 D4=00000000 D5=00000000 D6=00000000 D7=00000000 xnzvc
03:A44C  2F 3C  MOVE.L  #$0000E3FF,-(SP)         A0=0009281C A1=00FF8036 A2=00FF800E A3=00FFE406 A4=00FFE40A A5=00000000 A6=00000000 A7=00FF7FA8 D0=0000FFFF D1=00000017 D2=00000001 D3=00000000 D4=00000000 D5=00000000 D6=00000000 D7=00000000 xnzvc
03:A452  4E B9  JSR     ($00026F4A)              A0=0009281C A1=00FF8036 A2=00FF800E A3=00FFE406 A4=00FFE40A A5=00000000 A6=00000000 A7=00FF7FA4 D0=0000FFFF D1=00000017 D2=00000001 D3=00000000 D4=00000000 D5=00000000 D6=00000000 D7=00000000 xnzvc
03:A458  50 8F  ADDQ.L  #8,SP                    A0=0009281C A1=00FF8036 A2=00FF800E A3=00FFE406 A4=00FFE40A A5=00000000 A6=00000000 A7=00FF7FA4 D0=0000E3FF D1=0000FFFF D2=00000001 D3=00000000 D4=00000000 D5=00000000 D6=00000000 D7=00000000 xNzvc
03:A45A  23 FC  MOVE.L  #$60000003,($00C00004)   A0=0009281C A1=00FF8036 A2=00FF800E A3=00FFE406 A4=00FFE40A A5=00000000 A6=00000000 A7=00FF7FAC D0=0000E3FF D1=0000FFFF D2=00000001 D3=00000000 D4=00000000 D5=00000000 D6=00000000 D7=00000000 xNzvc
03:A464  48 78  PEA     ($0800)                  A0=0009281C A1=00FF8036 A2=00FF800E A3=00FFE406 A4=00FFE40A A5=00000000 A6=00000000 A7=00FF7FAC D0=0000E3FF D1=0000FFFF D2=00000001 D3=00000000 D4=00000000 D5=00000000 D6=00000000 D7=00000000 xnzvc
03:A468  48 78  PEA     ($63FF)                  A0=0009281C A1=00FF8036 A2=00FF800E A3=00FFE406 A4=00FFE40A A5=00000000 A6=00000000 A7=00FF7FA8 D0=0000E3FF D1=0000FFFF D2=00000001 D3=00000000 D4=00000000 D5=00000000 D6=00000000 D7=00000000 xnzvc
03:A46C  4E B9  JSR     ($00026F4A)              A0=0009281C A1=00FF8036 A2=00FF800E A3=00FFE406 A4=00FFE40A A5=00000000 A6=00000000 A7=00FF7FA4 D0=0000E3FF D1=0000FFFF D2=00000001 D3=00000000 D4=00000000 D5=00000000 D6=00000000 D7=00000000 xnzvc
03:A472  50 8F  ADDQ.L  #8,SP                    A0=0009281C A1=00FF8036 A2=00FF800E A3=00FFE406 A4=00FFE40A A5=00000000 A6=00000000 A7=00FF7FA4 D0=000063FF D1=0000FFFF D2=00000001 D3=00000000 D4=00000000 D5=00000000 D6=00000000 D7=00000000 xnzvc
03:A474  4E 75  RTS                              A0=0009281C A1=00FF8036 A2=00FF800E A3=00FFE406 A4=00FFE40A A5=00000000 A6=00000000 A7=00FF7FAC D0=000063FF D1=0000FFFF D2=00000001 D3=00000000 D4=00000000 D5=00000000 D6=00000000 D7=00000000 xnzvc

03:A476  48 E7  MOVEM.L {d0-a7}[3c 38],-(SP)     A0=00FF9364 A1=00FF8036 A2=00026FDA A3=00FF8000 A4=00026FDA A5=00000000 A6=00000000 A7=00FF7FCC D0=00000000 D1=00000017 D2=00000001 D3=00000000 D4=00000000 D5=00000000 D6=00000000 D7=00000000 xnZvc
03:A47A  24 7C  MOVE.L  #$00FF800E,A2            A0=00FF9364 A1=00FF8036 A2=00026FDA A3=00FF8000 A4=00026FDA A5=00000000 A6=00000000 A7=00FF7FB0 D0=00000000 D1=00000017 D2=00000001 D3=00000000 D4=00000000 D5=00000000 D6=00000000 D7=00000000 xnZvc
03:A480  26 7C  MOVE.L  #$00FFE406,A3            A0=00FF9364 A1=00FF8036 A2=00FF800E A3=00FF8000 A4=00026FDA A5=00000000 A6=00000000 A7=00FF7FB0 D0=00000000 D1=00000017 D2=00000001 D3=00000000 D4=00000000 D5=00000000 D6=00000000 D7=00000000 xnZvc
03:A486  28 7C  MOVE.L  #$00FFE40A,A4            A0=00FF9364 A1=00FF8036 A2=00FF800E A3=00FFE406 A4=00026FDA A5=00000000 A6=00000000 A7=00FF7FB0 D0=00000000 D1=00000017 D2=00000001 D3=00000000 D4=00000000 D5=00000000 D6=00000000 D7=00000000 xnZvc
03:A48C  42 54  CLR.W   (A4)                     A0=00FF9364 A1=00FF8036 A2=00FF800E A3=00FFE406 A4=00FFE40A A5=00000000 A6=00000000 A7=00FF7FB0 D0=00000000 D1=00000017 D2=00000001 D3=00000000 D4=00000000 D5=00000000 D6=00000000 D7=00000000 xnZvc
03:A48E  42 79  CLR.W   ($00FFE402)              A0=00FF9364 A1=00FF8036 A2=00FF800E A3=00FFE406 A4=00FFE40A A5=00000000 A6=00000000 A7=00FF7FB0 D0=00000000 D1=00000017 D2=00000001 D3=00000000 D4=00000000 D5=00000000 D6=00000000 D7=00000000 xnZvc
03:A494  20 7C  MOVE.L  #$0003A3D0,A0            A0=00FF9364 A1=00FF8036 A2=00FF800E A3=00FFE406 A4=00FFE40A A5=00000000 A6=00000000 A7=00FF7FB0 D0=00000000 D1=00000017 D2=00000001 D3=00000000 D4=00000000 D5=00000000 D6=00000000 D7=00000000 xnZvc
03:A49A  23 C8  MOVE.L  A0,($00FF800A)           A0=0003A3D0 A1=00FF8036 A2=00FF800E A3=00FFE406 A4=00FFE40A A5=00000000 A6=00000000 A7=00FF7FB0 D0=00000000 D1=00000017 D2=00000001 D3=00000000 D4=00000000 D5=00000000 D6=00000000 D7=00000000 xnZvc
03:A4A0  4E BA  JSR     $FF7A(PC)                A0=0003A3D0 A1=00FF8036 A2=00FF800E A3=00FFE406 A4=00FFE40A A5=00000000 A6=00000000 A7=00FF7FB0 D0=00000000 D1=00000017 D2=00000001 D3=00000000 D4=00000000 D5=00000000 D6=00000000 D7=00000000 xnzvc
03:A4A4  42 A7  CLR.L   -(SP)                    A0=0009281C A1=00FF8036 A2=00FF800E A3=00FFE406 A4=00FFE40A A5=00000000 A6=00000000 A7=00FF7FB0 D0=000063FF D1=0000FFFF D2=00000001 D3=00000000 D4=00000000 D5=00000000 D6=00000000 D7=00000000 xnzvc
03:A4A6  48 79  PEA     ($000982A8)              A0=0009281C A1=00FF8036 A2=00FF800E A3=00FFE406 A4=00FFE40A A5=00000000 A6=00000000 A7=00FF7FAC D0=000063FF D1=0000FFFF D2=00000001 D3=00000000 D4=00000000 D5=00000000 D6=00000000 D7=00000000 xnZvc
03:A4AC  4E B9  JSR     ($00026FDA)              A0=0009281C A1=00FF8036 A2=00FF800E A3=00FFE406 A4=00FFE40A A5=00000000 A6=00000000 A7=00FF7FA8 D0=000063FF D1=0000FFFF D2=00000001 D3=00000000 D4=00000000 D5=00000000 D6=00000000 D7=00000000 xnZvc
03:A4B2  4E B9  JSR     ($0000046A)              A0=000982C8 A1=00FF8036 A2=00FF800E A3=00FFE406 A4=00FFE40A A5=00000000 A6=00000000 A7=00FF7FA8 D0=C000FFFF D1=0000FFFF D2=00000001 D3=00000000 D4=00000000 D5=00000000 D6=00000000 D7=00000000 xnzvc
03:A4B8  50 8F  ADDQ.L  #8,SP                    A0=000A781A A1=00FF8036 A2=00FF800E A3=00FFE406 A4=00FFE40A A5=00000000 A6=00000000 A7=00FF7FA8 D0=6F800003 D1=6FBE0003 D2=00000001 D3=00000000 D4=00000000 D5=00000000 D6=00000000 D7=00000000 xNzvc
03:A4BA  23 FC  MOVE.L  #$40000000,($00C00004)   A0=000A781A A1=00FF8036 A2=00FF800E A3=00FFE406 A4=00FFE40A A5=00000000 A6=00000000 A7=00FF7FB0 D0=6F800003 D1=6FBE0003 D2=00000001 D3=00000000 D4=00000000 D5=00000000 D6=00000000 D7=00000000 xNzvc
03:A4C4  48 78  PEA     ($0310)                  A0=000A781A A1=00FF8036 A2=00FF800E A3=00FFE406 A4=00FFE40A A5=00000000 A6=00000000 A7=00FF7FB0 D0=6F800003 D1=6FBE0003 D2=00000001 D3=00000000 D4=00000000 D5=00000000 D6=00000000 D7=00000000 xnzvc
03:A4C8  48 79  PEA     ($0009287C)              A0=000A781A A1=00FF8036 A2=00FF800E A3=00FFE406 A4=00FFE40A A5=00000000 A6=00000000 A7=00FF7FAC D0=6F800003 D1=6FBE0003 D2=00000001 D3=00000000 D4=00000000 D5=00000000 D6=00000000 D7=00000000 xnzvc
03:A4CE  4E B9  JSR     ($00026F76)              A0=000A781A A1=00FF8036 A2=00FF800E A3=00FFE406 A4=00FFE40A A5=00000000 A6=00000000 A7=00FF7FA8 D0=6F800003 D1=6FBE0003 D2=00000001 D3=00000000 D4=00000000 D5=00000000 D6=00000000 D7=00000000 xnzvc
03:A4D4  48 78  PEA     ($0040)                  A0=00092E9C A1=00FF8036 A2=00FF800E A3=00FFE406 A4=00FFE40A A5=00000000 A6=00000000 A7=00FF7FA8 D0=0000FFFF D1=6FBE0003 D2=00000001 D3=00000000 D4=00000000 D5=00000000 D6=00000000 D7=00000000 xnzvc
03:A4D8  48 78  PEA     ($0004)                  A0=00092E9C A1=00FF8036 A2=00FF800E A3=00FFE406 A4=00FFE40A A5=00000000 A6=00000000 A7=00FF7FA4 D0=0000FFFF D1=6FBE0003 D2=00000001 D3=00000000 D4=00000000 D5=00000000 D6=00000000 D7=00000000 xnzvc
03:A4DC  48 78  PEA     ($000C)                  A0=00092E9C A1=00FF8036 A2=00FF800E A3=00FFE406 A4=00FFE40A A5=00000000 A6=00000000 A7=00FF7FA0 D0=0000FFFF D1=6FBE0003 D2=00000001 D3=00000000 D4=00000000 D5=00000000 D6=00000000 D7=00000000 xnzvc
03:A4E0  48 79  PEA     ($0009281C)              A0=00092E9C A1=00FF8036 A2=00FF800E A3=00FFE406 A4=00FFE40A A5=00000000 A6=00000000 A7=00FF7F9C D0=0000FFFF D1=6FBE0003 D2=00000001 D3=00000000 D4=00000000 D5=00000000 D6=00000000 D7=00000000 xnzvc
03:A4E6  2F 3C  MOVE.L  #$0000A51C,-(SP)         A0=00092E9C A1=00FF8036 A2=00FF800E A3=00FFE406 A4=00FFE40A A5=00000000 A6=00000000 A7=00FF7F98 D0=0000FFFF D1=6FBE0003 D2=00000001 D3=00000000 D4=00000000 D5=00000000 D6=00000000 D7=00000000 xnzvc
03:A4EC  4E B9  JSR     ($00026F8C)              A0=00092E9C A1=00FF8036 A2=00FF800E A3=00FFE406 A4=00FFE40A A5=00000000 A6=00000000 A7=00FF7F94 D0=0000FFFF D1=6FBE0003 D2=00000001 D3=00000000 D4=00000000 D5=00000000 D6=00000000 D7=00000000 xnzvc
03:A4F2  4F EF  LEA     $001C(SP),A7             A0=0009287C A1=0000A71C A2=00FF800E A3=00FFE406 A4=00FFE40A A5=00000000 A6=00000000 A7=00FF7F94 D0=0000FFFF D1=00000080 D2=00000001 D3=00000000 D4=00000000 D5=00000000 D6=00000000 D7=00000000 xnzvc
03:A4F6  26 BC  MOVE.L  #$00092E9C,(A3)          A0=0009287C A1=0000A71C A2=00FF800E A3=00FFE406 A4=00FFE40A A5=00000000 A6=00000000 A7=00FF7FB0 D0=0000FFFF D1=00000080 D2=00000001 D3=00000000 D4=00000000 D5=00000000 D6=00000000 D7=00000000 xnzvc
03:A4FC  38 BC  MOVE.W  #$0001,(A4)              A0=0009287C A1=0000A71C A2=00FF800E A3=00FFE406 A4=00FFE40A A5=00000000 A6=00000000 A7=00FF7FB0 D0=0000FFFF D1=00000080 D2=00000001 D3=00000000 D4=00000000 D5=00000000 D6=00000000 D7=00000000 xnzvc
03:A500  33 FC  MOVE.W  #$0001,($00FFE402)       A0=0009287C A1=0000A71C A2=00FF800E A3=00FFE406 A4=00FFE40A A5=00000000 A6=00000000 A7=00FF7FB0 D0=0000FFFF D1=00000080 D2=00000001 D3=00000000 D4=00000000 D5=00000000 D6=00000000 D7=00000000 xnzvc
03:A508  30 12  MOVE.W  (A2),D0                  A0=0009287C A1=0000A71C A2=00FF800E A3=00FFE406 A4=00FFE40A A5=00000000 A6=00000000 A7=00FF7FB0 D0=0000FFFF D1=00000080 D2=00000001 D3=00000000 D4=00000000 D5=00000000 D6=00000000 D7=00000000 xnzvc
03:A50A  B0 52  CMP.W   (A2),D0                  A0=0009287C A1=0000A71C A2=00FF800E A3=00FFE406 A4=00FFE40A A5=00000000 A6=00000000 A7=00FF7FB0 D0=0000000F D1=00000080 D2=00000001 D3=00000000 D4=00000000 D5=00000000 D6=00000000 D7=00000000 xnZvc
03:A50C  67 FC  BEQ     #$FC [03:A50A]           A0=0009287C A1=0000A71C A2=00FF800E A3=00FFE406 A4=00FFE40A A5=00000000 A6=00000000 A7=00FF7FB0 D0=0000000F D1=00000080 D2=00000001 D3=00000000 D4=00000000 D5=00000000 D6=00000000 D7=00000000 xnZvc
03:A50E  00 39  ORI.B   #$40,($00FF8000)         A0=0009287C A1=0000A71C A2=00FF800E A3=00FFE406 A4=00FFE40A A5=00000000 A6=00000000 A7=00FF7FB0 D0=00002FD0 D1=00000080 D2=00000001 D3=00000000 D4=00000000 D5=00000000 D6=00000000 D7=00000000 xNzvC
03:A516  70 00  MOVEQ   #$00,D0                  A0=0009287C A1=0000A71C A2=00FF800E A3=00FFE406 A4=00FFE40A A5=00000000 A6=00000000 A7=00FF7FB0 D0=00002FD0 D1=00000080 D2=00000001 D3=00000000 D4=00000000 D5=00000000 D6=00000000 D7=00000000 xnzvc
03:A518  10 39  MOVE.B  ($00FF8000),D0           A0=0009287C A1=0000A71C A2=00FF800E A3=00FFE406 A4=00FFE40A A5=00000000 A6=00000000 A7=00FF7FB0 D0=00000000 D1=00000080 D2=00000001 D3=00000000 D4=00000000 D5=00000000 D6=00000000 D7=00000000 xnZvc
03:A51E  00 80  ORI.L   #$00008104,D0            A0=0009287C A1=0000A71C A2=00FF800E A3=00FFE406 A4=00FFE40A A5=00000000 A6=00000000 A7=00FF7FB0 D0=00000060 D1=00000080 D2=00000001 D3=00000000 D4=00000000 D5=00000000 D6=00000000 D7=00000000 xnzvc
03:A524  33 C0  MOVE.W  D0,($00C00004)           A0=0009287C A1=0000A71C A2=00FF800E A3=00FFE406 A4=00FFE40A A5=00000000 A6=00000000 A7=00FF7FB0 D0=00008164 D1=00000080 D2=00000001 D3=00000000 D4=00000000 D5=00000000 D6=00000000 D7=00000000 xnzvc
03:A52A  3A 12  MOVE.W  (A2),D5                  A0=0009287C A1=0000A71C A2=00FF800E A3=00FFE406 A4=00FFE40A A5=00000000 A6=00000000 A7=00FF7FB0 D0=00008164 D1=00000080 D2=00000001 D3=00000000 D4=00000000 D5=00000000 D6=00000000 D7=00000000 xNzvc
03:A52C  38 12  MOVE.W  (A2),D4                  A0=0009287C A1=0000A71C A2=00FF800E A3=00FFE406 A4=00FFE40A A5=00000000 A6=00000000 A7=00FF7FB0 D0=00008164 D1=00000080 D2=00000001 D3=00000000 D4=00000000 D5=00002FD1 D6=00000000 D7=00000000 xnzvc
03:A52E  42 43  CLR.W   D3                       A0=0009287C A1=0000A71C A2=00FF800E A3=00FFE406 A4=00FFE40A A5=00000000 A6=00000000 A7=00FF7FB0 D0=00008164 D1=00000080 D2=00000001 D3=00000000 D4=00002FD1 D5=00002FD1 D6=00000000 D7=00000000 xnzvc
03:A530  60 2A  BRA     #$2A [03:A55C]           A0=0009287C A1=0000A71C A2=00FF800E A3=00FFE406 A4=00FFE40A A5=00000000 A6=00000000 A7=00FF7FB0 D0=00008164 D1=00000080 D2=00000001 D3=00000000 D4=00002FD1 D5=00002FD1 D6=00000000 D7=00000000 xnZvc
03:A532  70 00  MOVEQ   #$00,D0                  A0=0009287C A1=0000A71C A2=00FF800E A3=00FFE406 A4=00FFE40A A5=00000000 A6=00000000 A7=00FF7FB0 D0=00000010 D1=00000088 D2=00000078 D3=00000000 D4=00000010 D5=00000010 D6=00000000 D7=00000000 xNzvC
03:A534  30 12  MOVE.W  (A2),D0                  A0=0009287C A1=0000A71C A2=00FF800E A3=00FFE406 A4=00FFE40A A5=00000000 A6=00000000 A7=00FF7FB0 D0=00000000 D1=00000088 D2=00000078 D3=00000000 D4=00000010 D5=00000010 D6=00000000 D7=00000000 xnZvc
03:A536  72 00  MOVEQ   #$00,D1                  A0=0009287C A1=0000A71C A2=00FF800E A3=00FFE406 A4=00FFE40A A5=00000000 A6=00000000 A7=00FF7FB0 D0=00000010 D1=00000088 D2=00000078 D3=00000000 D4=00000010 D5=00000010 D6=00000000 D7=00000000 xnzvc
03:A538  32 05  MOVE.W  D5,D1                    A0=0009287C A1=0000A71C A2=00FF800E A3=00FFE406 A4=00FFE40A A5=00000000 A6=00000000 A7=00FF7FB0 D0=00000010 D1=00000000 D2=00000078 D3=00000000 D4=00000010 D5=00000010 D6=00000000 D7=00000000 xnZvc
03:A53A  56 81  ADDQ.L  #3,D1                    A0=0009287C A1=0000A71C A2=00FF800E A3=00FFE406 A4=00FFE40A A5=00000000 A6=00000000 A7=00FF7FB0 D0=00000010 D1=00000010 D2=00000078 D3=00000000 D4=00000010 D5=00000010 D6=00000000 D7=00000000 xnzvc
03:A53C  B0 81  CMP.L   D1,D0                    A0=0009287C A1=0000A71C A2=00FF800E A3=00FFE406 A4=00FFE40A A5=00000000 A6=00000000 A7=00FF7FB0 D0=00000010 D1=00000013 D2=00000078 D3=00000000 D4=00000010 D5=00000010 D6=00000000 D7=00000000 xnzvc
03:A53E  65 1C  BCS     #$1C [03:A55C]           A0=0009287C A1=0000A71C A2=00FF800E A3=00FFE406 A4=00FFE40A A5=00000000 A6=00000000 A7=00FF7FB0 D0=00000010 D1=00000013 D2=00000078 D3=00000000 D4=00000010 D5=00000010 D6=00000000 D7=00000000 xNzvC
03:A540  3A 12  MOVE.W  (A2),D5                  A0=0009287C A1=0000A71C A2=00FF800E A3=00FFE406 A4=00FFE40A A5=00000000 A6=00000000 A7=00FF7FB0 D0=00003019 D1=00003019 D2=00000078 D3=00000003 D4=00002FD1 D5=00003016 D6=00000000 D7=00000000 xnZvc
03:A542  70 20  MOVEQ   #$20,D0                  A0=0009287C A1=0000A71C A2=00FF800E A3=00FFE406 A4=00FFE40A A5=00000000 A6=00000000 A7=00FF7FB0 D0=00003019 D1=00003019 D2=00000078 D3=00000003 D4=00002FD1 D5=00003019 D6=00000000 D7=00000000 xnzvc
03:A544  D1 93  ADD.L   D0,(A3)                  A0=0009287C A1=0000A71C A2=00FF800E A3=00FFE406 A4=00FFE40A A5=00000000 A6=00000000 A7=00FF7FB0 D0=00000020 D1=00003019 D2=00000078 D3=00000003 D4=00002FD1 
03:A546  52 43  ADDQ.W  #1,D3                    A0=0009287C A1=0000A71C A2=00FF800E A3=00FFE406 A4=00FFE40A A5=00000000 A6=00000000 A7=00FF7FB0 D0=00000020 D1=00003019 D2=00000078 D3=00000003 D4=00002FD1 D5=00003019 D6=00000000 D7=00000000 xnzvc
03:A548  30 03  MOVE.W  D3,D0                    A0=0009287C A1=0000A71C A2=00FF800E A3=00FFE406 A4=00FFE40A A5=00000000 A6=00000000 A7=00FF7FB0 D0=00000020 D1=00003019 D2=00000078 D3=00000004 D4=00002FD1 D5=00003019 D6=00000000 D7=00000000 xnzvc
03:A54A  0C 40  CMPI.W  #$0014,D0                A0=0009287C A1=0000A71C A2=00FF800E A3=00FFE406 A4=00FFE40A A5=00000000 A6=00000000 A7=00FF7FB0 D0=00000004 D1=00003019 D2=00000078 D3=00000004 D4=00002FD1 D5=00003019 D6=00000000 D7=00000000 xnzvc
03:A54E  6D 08  BLT     #$08 [03:A558]           A0=0009287C A1=0000A71C A2=00FF800E A3=00FFE406 A4=00FFE40A A5=00000000 A6=00000000 A7=00FF7FB0 D0=00000004 D1=00003019 D2=00000078 D3=00000004 D4=00002FD1 D5=00003019 D6=00000000 D7=00000000 xNzvC
03:A550  26 BC  MOVE.L  #$00092E9C,(A3)          A0=0009287C A1=0000A71C A2=00FF800E A3=00FFE406 A4=00FFE40A A5=00000000 A6=00000000 A7=00FF7FB0 D0=00000014 D1=0000300D D2=00000078 D3=00000014 D4=00002FD1 D5=0000300D D6=00000000 D7=00000000 xnZvc
03:A556  42 43  CLR.W   D3                       A0=0009287C A1=0000A71C A2=00FF800E A3=00FFE406 A4=00FFE40A A5=00000000 A6=00000000 A7=00FF7FB0 D0=00000014 D1=0000300D D2=00000078 D3=00000014 D4=00002FD1 D5=0000300D D6=00000000 D7=00000000 xnzvc
03:A558  38 BC  MOVE.W  #$0001,(A4)              A0=0009287C A1=0000A71C A2=00FF800E A3=00FFE406 A4=00FFE40A A5=00000000 A6=00000000 A7=00FF7FB0 D0=00000004 D1=00003019 D2=00000078 D3=00000004 D4=00002FD1 D5=00003019 D6=00000000 D7=00000000 xNzvC
03:A55C  70 00  MOVEQ   #$00,D0                  A0=0009287C A1=0000A71C A2=00FF800E A3=00FFE406 A4=00FFE40A A5=00000000 A6=00000000 A7=00FF7FB0 D0=00000010 D1=00000013 D2=00000078 D3=00000000 D4=00000010 D5=00000010 D6=00000000 D7=00000000 xNzvC
03:A55E  30 12  MOVE.W  (A2),D0                  A0=0009287C A1=0000A71C A2=00FF800E A3=00FFE406 A4=00FFE40A A5=00000000 A6=00000000 A7=00FF7FB0 D0=00000000 D1=00000013 D2=00000078 D3=00000000 D4=00000010 D5=00000010 D6=00000000 D7=00000000 xnZvc
03:A560  72 00  MOVEQ   #$00,D1                  A0=0009287C A1=0000A71C A2=00FF800E A3=00FFE406 A4=00FFE40A A5=00000000 A6=00000000 A7=00FF7FB0 D0=00000010 D1=00000013 D2=00000078 D3=00000000 D4=00000010 D5=00000010 D6=00000000 D7=00000000 xnzvc
03:A562  32 04  MOVE.W  D4,D1                    A0=0009287C A1=0000A71C A2=00FF800E A3=00FFE406 A4=00FFE40A A5=00000000 A6=00000000 A7=00FF7FB0 D0=00000010 D1=00000000 D2=00000078 D3=00000000 D4=00000010 D5=00000010 D6=00000000 D7=00000000 xnZvc
03:A564  74 78  MOVEQ   #$78,D2                  A0=0009287C A1=0000A71C A2=00FF800E A3=00FFE406 A4=00FFE40A A5=00000000 A6=00000000 A7=00FF7FB0 D0=00000010 D1=00000010 D2=00000078 D3=00000000 D4=00000010 D5=00000010 D6=00000000 D7=00000000 xnzvc
03:A566  D2 82  ADD.L   D2,D1                    A0=0009287C A1=0000A71C A2=00FF800E A3=00FFE406 A4=00FFE40A A5=00000000 A6=00000000 A7=00FF7FB0 D0=00000010 D1=00000010 D2=00000078 D3=00000000 D4=00000010 D5=00000010 D6=00000000 D7=00000000 xnzvc
03:A568  B0 81  CMP.L   D1,D0                    A0=0009287C A1=0000A71C A2=00FF800E A3=00FFE406 A4=00FFE40A A5=00000000 A6=00000000 A7=00FF7FB0 D0=00000010 D1=00000088 D2=00000078 D3=00000000 D4=00000010 D5=00000010 D6=00000000 D7=00000000 xnzvc
03:A56A  65 C6  BCS     #$C6 [03:A532]           A0=0009287C A1=0000A71C A2=00FF800E A3=00FFE406 A4=00FFE40A A5=00000000 A6=00000000 A7=00FF7FB0 D0=00000010 D1=00000088 D2=00000078 D3=00000000 D4=00000010 D5=00000010 D6=00000000 D7=00000000 xNzvC
03:A56C  4A 79  TST.W   ($00FFE404)              A0=0009287C A1=0000A71C A2=00FF800E A3=00FFE406 A4=00FFE40A A5=00000000 A6=00000000 A7=00FF7FB0 D0=00003049 D1=00003049 D2=00000078 D3=00000013 D4=00002FD1 D5=00003046 D6=00000000 D7=00000000 xnZvc
03:A572  66 00  BNE     #$0118 [03:A68C]         A0=0009287C A1=0000A71C A2=00FF800E A3=00FFE406 A4=00FFE40A A5=00000000 A6=00000000 A7=00FF7FB0 D0=00003049 D1=00003049 D2=00000078 D3=00000013 D4=00002FD1 D5=00003046 D6=00000000 D7=00000000 xnzvc
03:A576  30 12  MOVE.W  (A2),D0                  A0=0009287C A1=0000A71C A2=00FF800E A3=00FFE406 A4=00FFE40A A5=00000000 A6=00000000 A7=00FF7FB0 D0=00000088 D1=00000088 D2=00000078 D3=00000000 D4=00000010 D5=00000088 D6=00000000 D7=00000000 xnZvc
03:A578  B0 52  CMP.W   (A2),D0                  A0=0009287C A1=0000A71C A2=00FF800E A3=00FFE406 A4=00FFE40A A5=00000000 A6=00000000 A7=00FF7FB0 D0=00000088 D1=00000088 D2=00000078 D3=00000000 D4=00000010 D5=00000088 D6=00000000 D7=00000000 xnZvc
03:A57A  67 FC  BEQ     #$FC [03:A578]           A0=0009287C A1=0000A71C A2=00FF800E A3=00FFE406 A4=00FFE40A A5=00000000 A6=00000000 A7=00FF7FB0 D0=00000088 D1=00000088 D2=00000078 D3=00000000 D4=00000010 D5=00000088 D6=00000000 D7=00000000 xnZvc
03:A57C  42 79  CLR.W   ($00FFE402)              A0=0009287C A1=0000A71C A2=00FF800E A3=00FFE406 A4=00FFE40A A5=00000000 A6=00000000 A7=00FF7FB0 D0=00000088 D1=00000088 D2=00000078 D3=00000000 D4=00000010 D5=00000088 D6=00000000 D7=00000000 xNzvC
03:A582  42 54  CLR.W   (A4)                     A0=0009287C A1=0000A71C A2=00FF800E A3=00FFE406 A4=00FFE40A A5=00000000 A6=00000000 A7=00FF7FB0 D0=00000088 D1=00000088 D2=00000078 D3=00000000 D4=00000010 D5=00000088 D6=00000000 D7=00000000 xnZvc
03:A584  4E BA  JSR     $0118(PC)                A0=0009287C A1=0000A71C A2=00FF800E A3=00FFE406 A4=00FFE40A A5=00000000 A6=00000000 A7=00FF7FB0 D0=00000088 D1=00000088 D2=00000078 D3=00000000 D4=00000010 D5=00000088 D6=00000000 D7=00000000 xnZvc
03:A588  4E 71  NOP                              A0=00FFA593 A1=00FFD940 A2=00FF800E A3=00FFE406 A4=00FFE40A A5=00000000 A6=00000000 A7=00FF7FB0 D0=00000002 D1=00000019 D2=00000078 D3=00000000 D4=00000010 D5=00000088 D6=00000000 D7=00000000 xnzvc
03:A58A  4E B9  JSR     ($00028B12)              A0=00FFA593 A1=00FFD940 A2=00FF800E A3=00FFE406 A4=00FFE40A A5=00000000 A6=00000000 A7=00FF7FB0 D0=00000002 D1=00000019 D2=00000078 D3=00000000 D4=00000010 D5=00000088 D6=00000000 D7=00000000 xnzvc
03:A590  48 78  PEA     ($0002)                  A0=00034ADC A1=00FFA65A A2=00FF800E A3=00FFE406 A4=00FFE40A A5=00000000 A6=00000000 A7=00FF7FB0 D0=00000000 D1=00000002 D2=00000078 D3=00000000 D4=00000010 D5=00000088 D6=00000000 D7=00000000 xNzvc
03:A594  48 79  PEA     ($00098348)              A0=00034ADC A1=00FFA65A A2=00FF800E A3=00FFE406 A4=00FFE40A A5=00000000 A6=00000000 A7=00FF7FAC D0=00000000 D1=00000002 D2=00000078 D3=00000000 D4=00000010 D5=00000088 D6=00000000 D7=00000000 xNzvc
03:A59A  4E B9  JSR     ($00026FDA)              A0=00034ADC A1=00FFA65A A2=00FF800E A3=00FFE406 A4=00FFE40A A5=00000000 A6=00000000 A7=00FF7FA8 D0=00000000 D1=00000002 D2=00000078 D3=00000000 D4=00000010 D5=00000088 D6=00000000 D7=00000000 xNzvc
03:A5A0  50 8F  ADDQ.L  #8,SP                    A0=00098368 A1=00FFA65A A2=00FF800E A3=00FFE406 A4=00FFE40A A5=00000000 A6=00000000 A7=00FF7FA8 D0=C040FFFF D1=00000002 D2=00000078 D3=00000000 D4=00000010 D5=00000088 D6=00000000 D7=00000000 xnZvc
03:A5A2  34 3C  MOVE.W  #$0118,D2                A0=00098368 A1=00FFA65A A2=00FF800E A3=00FFE406 A4=00FFE40A A5=00000000 A6=00000000 A7=00FF7FB0 D0=C040FFFF D1=00000002 D2=00000078 D3=00000000 D4=00000010 D5=00000088 D6=00000000 D7=00000000 xnZvc
03:A5A6  38 3C  MOVE.W  #$0096,D4                A0=00098368 A1=00FFA65A A2=00FF800E A3=00FFE406 A4=00FFE40A A5=00000000 A6=00000000 A7=00FF7FB0 D0=C040FFFF D1=00000002 D2=00000118 D3=00000000 D4=00000010 D5=00000088 D6=00000000 D7=00000000 xnzvc
03:A5AA  30 04  MOVE.W  D4,D0                    A0=00098368 A1=00FFA65A A2=00FF800E A3=00FFE406 A4=00FFE40A A5=00000000 A6=00000000 A7=00FF7FB0 D0=C040FFFF D1=00000002 D2=00000118 D3=00000000 D4=00000096 D5=00000088 D6=00000000 D7=00000000 xnzvc
03:A5AC  48 C0  EXT.L   D0                       A0=00098368 A1=00FFA65A A2=00FF800E A3=00FFE406 A4=00FFE40A A5=00000000 A6=00000000 A7=00FF7FB0 D0=C0400096 D1=00000002 D2=00000118 D3=00000000 D4=00000096 D5=00000088 D6=00000000 D7=00000000 xnzvc
03:A5AE  2F 00  MOVE.L  D0,-(SP)                 A0=00098368 A1=00FFA65A A2=00FF800E A3=00FFE406 A4=00FFE40A A5=00000000 A6=00000000 A7=00FF7FB0 D0=00000096 D1=00000002 D2=00000118 D3=00000000 D4=00000096 D5=00000088 D6=00000000 D7=00000000 xnzvc
03:A5B0  30 02  MOVE.W  D2,D0                    A0=00098368 A1=00FFA65A A2=00FF800E A3=00FFE406 A4=00FFE40A A5=00000000 A6=00000000 A7=00FF7FAC D0=00000096 D1=00000002 D2=00000118 D3=00000000 D4=00000096 D5=00000088 D6=00000000 D7=00000000 xnzvc
03:A5B2  48 C0  EXT.L   D0                       A0=00098368 A1=00FFA65A A2=00FF800E A3=00FFE406 A4=00FFE40A A5=00000000 A6=00000000 A7=00FF7FAC D0=00000118 D1=00000002 D2=00000118 D3=00000000 D4=00000096 D5=00000088 D6=00000000 D7=00000000 xnzvc
03:A5B4  2F 00  MOVE.L  D0,-(SP)                 A0=00098368 A1=00FFA65A A2=00FF800E A3=00FFE406 A4=00FFE40A A5=00000000 A6=00000000 A7=00FF7FAC D0=00000118 D1=00000002 D2=00000118 D3=00000000 D4=00000096 D5=00000088 D6=00000000 D7=00000000 xnzvc
03:A5B6  42 A7  CLR.L   -(SP)                    A0=00098368 A1=00FFA65A A2=00FF800E A3=00FFE406 A4=00FFE40A A5=00000000 A6=00000000 A7=00FF7FA8 D0=00000118 D1=00000002 D2=00000118 D3=00000000 D4=00000096 D5=00000088 D6=00000000 D7=00000000 xnzvc
03:A5B8  4E B9  JSR     ($00028C1C)              A0=00098368 A1=00FFA65A A2=00FF800E A3=00FFE406 A4=00FFE40A A5=00000000 A6=00000000 A7=00FF7FA4 D0=00000118 D1=00000002 D2=00000118 D3=00000000 D4=00000096 D5=00000088 D6=00000000 D7=00000000 xnZvc
03:A5BE  4F EF  LEA     $000C(SP),A7             A0=00FFA68B A1=00FFD940 A2=00FF800E A3=00FFE406 A4=00FFE40A A5=00000000 A6=00000000 A7=00FF7FA4 D0=00000002 D1=00000019 D2=00000118 D3=00000000 D4=00000096 D5=00000088 D6=00000000 D7=00000000 xnzvc
03:A5C2  33 FC  MOVE.W  #$0001,($00FFE402)       A0=00FFA68B A1=00FFD940 A2=00FF800E A3=00FFE406 A4=00FFE40A A5=00000000 A6=00000000 A7=00FF7FB0 D0=00000002 D1=00000019 D2=00000118 D3=00000000 D4=00000096 D5=00000088 D6=00000000 D7=00000000 xnzvc
03:A5CA  3A 12  MOVE.W  (A2),D5                  A0=00FFA68B A1=00FFD940 A2=00FF800E A3=00FFE406 A4=00FFE40A A5=00000000 A6=00000000 A7=00FF7FB0 D0=00000002 D1=00000019 D2=00000118 D3=00000000 D4=00000096 D5=00000088 D6=00000000 D7=00000000 xnzvc
03:A5CC  60 00  BRA     #$00A2 [03:A670]         A0=00FFA68B A1=00FFD940 A2=00FF800E A3=00FFE406 A4=00FFE40A A5=00000000 A6=00000000 A7=00FF7FB0 D0=00000002 D1=00000019 D2=00000118 D3=00000000 D4=00000096 D5=00000089 D6=00000000 D7=00000000 xnzvc
03:A5D0  4E B9  JSR     ($0000CC62)              A0=00FFA65A A1=0003459E A2=00FF800E A3=00FFE406 A4=00FFE40A A5=00000000 A6=00000000 A7=00FF7FB0 D0=000000C9 D1=000000CB D2=000000D9 D3=00000001 D4=00000096 D5=000000C8 D6=00000000 D7=00000000 xnzvC
03:A5D6  30 12  MOVE.W  (A2),D0                  A0=00034590 A1=0003459E A2=00FF800E A3=00FFE406 A4=00FFE40A A5=00000000 A6=00000000 A7=00FF7FB0 D0=00000160 D1=0000002C D2=000000D9 D3=00000001 D4=00000096 D5=000000C8 D6=00000000 D7=00000000 xnzvc
03:A5D8  B0 52  CMP.W   (A2),D0                  A0=000936AA A1=00093708 A2=00FF800E A3=00FFE406 A4=00FFE40A A5=00000000 A6=00000000 A7=00FF7FB0 D0=0000008A D1=00000022 D2=00000118 D3=00000000 D4=00000096 D5=00000089 D6=00000000 D7=00000000 xnZvc
03:A5DA  67 FC  BEQ     #$FC [03:A5D8]           A0=000936AA A1=00093708 A2=00FF800E A3=00FFE406 A4=00FFE40A A5=00000000 A6=00000000 A7=00FF7FB0 D0=0000008A D1=00000022 D2=00000118 D3=00000000 D4=00000096 D5=00000089 D6=00000000 D7=00000000 xnZvc
03:A5DC  0C 42  CMPI.W  #$0101,D2                A0=00034590 A1=0003459E A2=00FF800E A3=00FFE406 A4=00FFE40A A5=00000000 A6=00000000 A7=00FF7FB0 D0=000000C9 D1=0000002C D2=000000D9 D3=00000001 D4=00000096 D5=000000C8 D6=00000000 D7=00000000 xNzvC
03:A5E0  66 16  BNE     #$16 [03:A5F8]           A0=00034590 A1=0003459E A2=00FF800E A3=00FFE406 A4=00FFE40A A5=00000000 A6=00000000 A7=00FF7FB0 D0=000000C9 D1=0000002C D2=000000D9 D3=00000001 D4=00000096 D5=000000C8 D6=00000000 D7=00000000 xNzvC
03:A5E2  42 A7  CLR.L   -(SP)                    A0=0003450E A1=0003451C A2=00FF800E A3=00FFE406 A4=00FFE40A A5=00000000 A6=00000000 A7=00FF7FB0 D0=000000A1 D1=0000002C D2=00000101 D3=00000008 D4=00000096 D5=000000A1 D6=00000000 D7=00000000 xnZvc
03:A5E4  48 78  PEA     ($0032)                  A0=0003450E A1=0003451C A2=00FF800E A3=00FFE406 A4=00FFE40A A5=00000000 A6=00000000 A7=00FF7FAC D0=000000A1 D1=0000002C D2=00000101 D3=00000008 D4=00000096 D5=000000A1 D6=00000000 D7=00000000 xnZvc
03:A5E8  2F 3C  MOVE.L  #$00055A2A,-(SP)         A0=0003450E A1=0003451C A2=00FF800E A3=00FFE406 A4=00FFE40A A5=00000000 A6=00000000 A7=00FF7FA8 D0=000000A1 D1=0000002C D2=00000101 D3=00000008 D4=00000096 D5=000000A1 D6=00000000 D7=00000000 xnZvc
03:A5EE  4E B9  JSR     ($0003F56C)              A0=0003450E A1=0003451C A2=00FF800E A3=00FFE406 A4=00FFE40A A5=00000000 A6=00000000 A7=00FF7FA4 D0=000000A1 D1=0000002C D2=00000101 D3=00000008 D4=00000096 D5=000000A1 D6=00000000 D7=00000000 xnzvc
03:A5F4  4F EF  LEA     $000C(SP),A7             A0=0003450E A1=0003451C A2=00FF800E A3=00FFE406 A4=00FFE40A A5=00000000 A6=00000000 A7=00FF7FA4 D0=00000032 D1=0000002C D2=00000101 D3=00000008 D4=00000096 D5=000000A1 D6=00000000 D7=00000000 xnZvc
03:A5F8  0C 42  CMPI.W  #$0039,D2                A0=00034590 A1=0003459E A2=00FF800E A3=00FFE406 A4=00FFE40A A5=00000000 A6=00000000 A7=00FF7FB0 D0=000000C9 D1=0000002C D2=000000D9 D3=00000001 D4=00000096 D5=000000C8 D6=00000000 D7=00000000 xNzvC
03:A5FC  6C 0A  BGE     #$0A [03:A608]           A0=00034590 A1=0003459E A2=00FF800E A3=00FFE406 A4=00FFE40A A5=00000000 A6=00000000 A7=00FF7FB0 D0=000000C9 D1=0000002C D2=000000D9 D3=00000001 D4=00000096 D5=000000C8 D6=00000000 D7=00000000 xnzvc
03:A5FE  0C 42  CMPI.W  #$002C,D2                A0=0003463E A1=0003464C A2=00FF800E A3=00FFE406 A4=00FFE40A A5=00000000 A6=00000000 A7=00FF7FB0 D0=000001A9 D1=0000002C D2=0000FFF9 D3=00000010 D4=00000096 D5=000001A9 D6=00000000 D7=00000000 xNzvc
03:A602  6F 04  BLE     #$04 [03:A608]           A0=0003463E A1=0003464C A2=00FF800E A3=00FFE406 A4=00FFE40A A5=00000000 A6=00000000 A7=00FF7FB0 D0=000001A9 D1=0000002C D2=0000FFF9 D3=00000010 D4=00000096 D5=000001A9 D6=00000000 D7=00000000 xNzvc
03:A604  54 44  ADDQ.W  #2,D4                    A0=0003463E A1=0003464C A2=00FF800E A3=00FFE406 A4=00FFE40A A5=00000000 A6=00000000 A7=00FF7FB0 D0=00000175 D1=0000002C D2=0000002D D3=00000012 D4=00000094 D5=00000173 D6=00000000 D7=00000000 xnzvc
03:A606  60 24  BRA     #$24 [03:A62C]           A0=0003463E A1=0003464C A2=00FF800E A3=00FFE406 A4=00FFE40A A5=00000000 A6=00000000 A7=00FF7FB0 D0=00000175 D1=0000002C D2=0000002D D3=00000012 D4=00000096 D5=00000173 D6=00000000 D7=00000000 xnzvc
03:A608  0C 42  CMPI.W  #$00B2,D2                A0=00034590 A1=0003459E A2=00FF800E A3=00FFE406 A4=00FFE40A A5=00000000 A6=00000000 A7=00FF7FB0 D0=000000C9 D1=0000002C D2=000000D9 D3=00000001 D4=00000096 D5=000000C8 D6=00000000 D7=00000000 xnzvc
03:A60C  6F 1E  BLE     #$1E [03:A62C]           A0=00034590 A1=0003459E A2=00FF800E A3=00FFE406 A4=00FFE40A A5=00000000 A6=00000000 A7=00FF7FB0 D0=000000C9 D1=0000002C D2=000000D9 D3=00000001 D4=00000096 D5=000000C8 D6=00000000 D7=00000000 xnzvc
03:A60E  0C 42  CMPI.W  #$00BF,D2                A0=00034590 A1=0003459E A2=00FF800E A3=00FFE406 A4=00FFE40A A5=00000000 A6=00000000 A7=00FF7FB0 D0=000000C9 D1=0000002C D2=000000D9 D3=00000001 D4=00000096 D5=000000C8 D6=00000000 D7=00000000 xnzvc
03:A612  6C 18  BGE     #$18 [03:A62C]           A0=00034590 A1=0003459E A2=00FF800E A3=00FFE406 A4=00FFE40A A5=00000000 A6=00000000 A7=00FF7FB0 D0=000000C9 D1=0000002C D2=000000D9 D3=00000001 D4=00000096 D5=000000C8 D6=00000000 D7=00000000 xnzvc
03:A614  55 44  SUBQ.W  #2,D4                    A0=00034590 A1=0003459E A2=00FF800E A3=00FFE406 A4=00FFE40A A5=00000000 A6=00000000 A7=00FF7FB0 D0=000000EF D1=0000002C D2=000000B3 D3=0000000E D4=00000080 D5=000000EF D6=00000000 D7=00000000 xNzvC
03:A616  0C 42  CMPI.W  #$00BE,D2                A0=00034590 A1=0003459E A2=00FF800E A3=00FFE406 A4=00FFE40A A5=00000000 A6=00000000 A7=00FF7FB0 D0=000000EF D1=0000002C D2=000000B3 D3=0000000E D4=0000007E D5=000000EF D6=00000000 D7=00000000 xnzvc
03:A61A  66 10  BNE     #$10 [03:A62C]           A0=00034590 A1=0003459E A2=00FF800E A3=00FFE406 A4=00FFE40A A5=00000000 A6=00000000 A7=00FF7FB0 D0=000000EF D1=0000002C D2=000000B3 D3=0000000E D4=0000007E D5=000000EF D6=00000000 D7=00000000 xNzvC
03:A61C  48 78  PEA     ($0063)                  A0=0003463E A1=0003464C A2=00FF800E A3=00FFE406 A4=00FFE40A A5=00000000 A6=00000000 A7=00FF7FB0 D0=000000E4 D1=0000002C D2=000000BE D3=0000000A D4=00000094 D5=000000E3 D6=00000000 D7=00000000 xnZvc
03:A620  48 78  PEA     ($0015)                  A0=0003463E A1=0003464C A2=00FF800E A3=00FFE406 A4=00FFE40A A5=00000000 A6=00000000 A7=00FF7FAC D0=000000E4 D1=0000002C D2=000000BE D3=0000000A D4=00000094 D5=000000E3 D6=00000000 D7=00000000 xnZvc
03:A624  4E B9  JSR     ($0003F700)              A0=0003463E A1=0003464C A2=00FF800E A3=00FFE406 A4=00FFE40A A5=00000000 A6=00000000 A7=00FF7FA8 D0=000000E4 D1=0000002C D2=000000BE D3=0000000A D4=00000094 D5=000000E3 D6=00000000 D7=00000000 xnZvc
03:A62A  50 8F  ADDQ.L  #8,SP                    A0=0003463E A1=0003464C A2=00FF800E A3=00FFE406 A4=00FFE40A A5=00000000 A6=00000000 A7=00FF7FA8 D0=00000063 D1=0000002C D2=000000BE D3=0000000A D4=00000094 D5=000000E3 D6=00000000 D7=00000000 xnzvc
03:A62C  30 04  MOVE.W  D4,D0                    A0=00034590 A1=0003459E A2=00FF800E A3=00FFE406 A4=00FFE40A A5=00000000 A6=00000000 A7=00FF7FB0 D0=000000C9 D1=0000002C D2=000000D9 D3=00000001 D4=00000096 D5=000000C8 D6=00000000 D7=00000000 xnzvc
03:A62E  48 C0  EXT.L   D0                       A0=00034590 A1=0003459E A2=00FF800E A3=00FFE406 A4=00FFE40A A5=00000000 A6=00000000 A7=00FF7FB0 D0=00000096 D1=0000002C D2=000000D9 D3=00000001 D4=00000096 D5=000000C8 D6=00000000 D7=00000000 xnzvc
03:A630  2F 00  MOVE.L  D0,-(SP)                 A0=00034590 A1=0003459E A2=00FF800E A3=00FFE406 A4=00FFE40A A5=00000000 A6=00000000 A7=00FF7FB0 D0=00000096 D1=0000002C D2=000000D9 D3=00000001 D4=00000096 D5=000000C8 D6=00000000 D7=00000000 xnzvc
03:A632  53 42  SUBQ.W  #1,D2                    A0=00034590 A1=0003459E A2=00FF800E A3=00FFE406 A4=00FFE40A A5=00000000 A6=00000000 A7=00FF7FAC D0=00000096 D1=0000002C D2=000000D9 D3=00000001 D4=00000096 D5=000000C8 D6=00000000 D7=00000000 xnzvc
03:A634  30 02  MOVE.W  D2,D0                    A0=00034590 A1=0003459E A2=00FF800E A3=00FFE406 A4=00FFE40A A5=00000000 A6=00000000 A7=00FF7FAC D0=00000096 D1=0000002C D2=000000D8 D3=00000001 D4=00000096 D5=000000C8 D6=00000000 D7=00000000 xnzvc
03:A636  48 C0  EXT.L   D0                       A0=00034590 A1=0003459E A2=00FF800E A3=00FFE406 A4=00FFE40A A5=00000000 A6=00000000 A7=00FF7FAC D0=000000D8 D1=0000002C D2=000000D8 D3=00000001 D4=00000096 D5=000000C8 D6=00000000 D7=00000000 xnzvc
03:A638  30 00  MOVE.W  D0,D0                    A0=00034590 A1=0003459E A2=00FF800E A3=00FFE406 A4=00FFE40A A5=00000000 A6=00000000 A7=00FF7FAC D0=000000D8 D1=0000002C D2=000000D8 D3=00000001 D4=00000096 D5=000000C8 D6=00000000 D7=00000000 xnzvc
03:A63A  48 C0  EXT.L   D0                       A0=00034590 A1=0003459E A2=00FF800E A3=00FFE406 A4=00FFE40A A5=00000000 A6=00000000 A7=00FF7FAC D0=000000D8 D1=0000002C D2=000000D8 D3=00000001 D4=00000096 D5=000000C8 D6=00000000 D7=00000000 xnzvc
03:A63C  2F 00  MOVE.L  D0,-(SP)                 A0=00034590 A1=0003459E A2=00FF800E A3=00FFE406 A4=00FFE40A A5=00000000 A6=00000000 A7=00FF7FAC D0=000000D8 D1=0000002C D2=000000D8 D3=00000001 D4=00000096 D5=000000C8 D6=00000000 D7=00000000 xnzvc
03:A63E  4E B9  JSR     ($00028DC8)              A0=00034590 A1=0003459E A2=00FF800E A3=00FFE406 A4=00FFE40A A5=00000000 A6=00000000 A7=00FF7FA8 D0=000000D8 D1=0000002C D2=000000D8 D3=00000001 D4=00000096 D5=000000C8 D6=00000000 D7=00000000 xnzvc
03:A644  70 00  MOVEQ   #$00,D0                  A0=00FFA65A A1=0003459E A2=00FF800E A3=00FFE406 A4=00FFE40A A5=00000000 A6=00000000 A7=00FF7FA8 D0=00000400 D1=000000D8 D2=000000D8 D3=00000001 D4=00000096 D5=000000C8 D6=00000000 D7=00000000 xnzvc
03:A646  30 12  MOVE.W  (A2),D0                  A0=00FFA65A A1=0003459E A2=00FF800E A3=00FFE406 A4=00FFE40A A5=00000000 A6=00000000 A7=00FF7FA8 D0=00000000 D1=000000D8 D2=000000D8 D3=00000001 D4=00000096 D5=000000C8 D6=00000000 D7=00000000 xnZvc
03:A648  72 00  MOVEQ   #$00,D1                  A0=00FFA65A A1=0003459E A2=00FF800E A3=00FFE406 A4=00FFE40A A5=00000000 A6=00000000 A7=00FF7FA8 D0=000000CA D1=000000D8 D2=000000D8 D3=00000001 D4=00000096 D5=000000C8 D6=00000000 D7=00000000 xnzvc
03:A64A  32 05  MOVE.W  D5,D1                    A0=00FFA65A A1=0003459E A2=00FF800E A3=00FFE406 A4=00FFE40A A5=00000000 A6=00000000 A7=00FF7FA8 D0=000000CA D1=00000000 D2=000000D8 D3=00000001 D4=00000096 D5=000000C8 D6=00000000 D7=00000000 xnZvc
03:A64C  56 81  ADDQ.L  #3,D1                    A0=00FFA65A A1=0003459E A2=00FF800E A3=00FFE406 A4=00FFE40A A5=00000000 A6=00000000 A7=00FF7FA8 D0=000000CA D1=000000C8 D2=000000D8 D3=00000001 D4=00000096 D5=000000C8 D6=00000000 D7=00000000 xnzvc
03:A64E  50 8F  ADDQ.L  #8,SP                    A0=00FFA65A A1=0003459E A2=00FF800E A3=00FFE406 A4=00FFE40A A5=00000000 A6=00000000 A7=00FF7FA8 D0=000000CA D1=000000CB D2=000000D8 D3=00000001 D4=00000096 D5=000000C8 D6=00000000 D7=00000000 xnzvc
03:A650  B0 81  CMP.L   D1,D0                    A0=00FFA65A A1=0003459E A2=00FF800E A3=00FFE406 A4=00FFE40A A5=00000000 A6=00000000 A7=00FF7FB0 D0=000000CA D1=000000CB D2=000000D8 D3=00000001 D4=00000096 D5=000000C8 D6=00000000 D7=00000000 xnzvc
03:A652  65 1C  BCS     #$1C [03:A670]           A0=00FFA65A A1=0003459E A2=00FF800E A3=00FFE406 A4=00FFE40A A5=00000000 A6=00000000 A7=00FF7FB0 D0=000000CA D1=000000CB D2=000000D8 D3=00000001 D4=00000096 D5=000000C8 D6=00000000 D7=00000000 xNzvC
03:A654  3A 12  MOVE.W  (A2),D5                  A0=00FFA65A A1=0003459E A2=00FF800E A3=00FFE406 A4=00FFE40A A5=00000000 A6=00000000 A7=00FF7FB0 D0=00000149 D1=00000149 D2=00000059 D3=00000003 D4=0000007E D5=00000146 D6=00000000 D7=00000000 xnZvc
03:A656  70 20  MOVEQ   #$20,D0                  A0=00FFA65A A1=0003459E A2=00FF800E A3=00FFE406 A4=00FFE40A A5=00000000 A6=00000000 A7=00FF7FB0 D0=00000149 D1=00000149 D2=00000059 D3=00000003 D4=0000007E D5=00000149 D6=00000000 D7=00000000 xnzvc
03:A658  D1 93  ADD.L   D0,(A3)                  A0=00FFA65A A1=0003459E A2=00FF800E A3=00FFE406 A4=00FFE40A A5=00000000 A6=00000000 A7=00FF7FB0 D0=00000020 D1=00000149 D2=00000059 D3=00000003 D4=0000007E D5=00000149 D6=00000000 D7=00000000 xnzvc
03:A65A  52 43  ADDQ.W  #1,D3                    A0=00FFA65A A1=0003459E A2=00FF800E A3=00FFE406 A4=00FFE40A A5=00000000 A6=00000000 A7=00FF7FB0 D0=00000020 D1=00000149 D2=00000059 D3=00000003 D4=0000007E D5=00000149 D6=00000000 D7=00000000 xnzvc
03:A65C  30 03  MOVE.W  D3,D0                    A0=00FFA65A A1=0003459E A2=00FF800E A3=00FFE406 A4=00FFE40A A5=00000000 A6=00000000 A7=00FF7FB0 D0=00000020 D1=00000149 D2=00000059 D3=00000004 D4=0000007E D5=00000149 D6=00000000 D7=00000000 xnzvc
03:A65E  0C 40  CMPI.W  #$0014,D0                A0=00FFA65A A1=0003459E A2=00FF800E A3=00FFE406 A4=00FFE40A A5=00000000 A6=00000000 A7=00FF7FB0 D0=00000004 D1=00000149 D2=00000059 D3=00000004 D4=0000007E D5=00000149 D6=00000000 D7=00000000 xnzvc
03:A662  6D 08  BLT     #$08 [03:A66C]           A0=00FFA65A A1=0003459E A2=00FF800E A3=00FFE406 A4=00FFE40A A5=00000000 A6=00000000 A7=00FF7FB0 D0=00000004 D1=00000149 D2=00000059 D3=00000004 D4=0000007E D5=00000149 D6=00000000 D7=00000000 xNzvC
03:A664  26 BC  MOVE.L  #$00092E9C,(A3)          A0=00FFA65A A1=0003459E A2=00FF800E A3=00FFE406 A4=00FFE40A A5=00000000 A6=00000000 A7=00FF7FB0 D0=00000014 D1=000001B5 D2=0000FFED D3=00000014 D4=00000096 D5=000001B5 D6=00000000 D7=00000000 xnZvc
03:A66A  42 43  CLR.W   D3                       A0=00FFA65A A1=0003459E A2=00FF800E A3=00FFE406 A4=00FFE40A A5=00000000 A6=00000000 A7=00FF7FB0 D0=00000014 D1=000001B5 D2=0000FFED D3=00000014 D4=00000096 D5=000001B5 D6=00000000 D7=00000000 xnzvc
03:A66C  38 BC  MOVE.W  #$0001,(A4)              A0=00FFA65A A1=0003459E A2=00FF800E A3=00FFE406 A4=00FFE40A A5=00000000 A6=00000000 A7=00FF7FB0 D0=00000004 D1=00000149 D2=00000059 D3=00000004 D4=0000007E D5=00000149 D6=00000000 D7=00000000 xNzvC
03:A670  0C 42  CMPI.W  #$FFCE,D2                A0=00FFA65A A1=0003459E A2=00FF800E A3=00FFE406 A4=00FFE40A A5=00000000 A6=00000000 A7=00FF7FB0 D0=000000C9 D1=000000CB D2=000000D9 D3=00000001 D4=00000096 D5=000000C8 D6=00000000 D7=00000000 xNzvC
03:A674  6E 00  BGT     #$FF5A [03:A5D0]         A0=00FFA65A A1=0003459E A2=00FF800E A3=00FFE406 A4=00FFE40A A5=00000000 A6=00000000 A7=00FF7FB0 D0=000000C9 D1=000000CB D2=000000D9 D3=00000001 D4=00000096 D5=000000C8 D6=00000000 D7=00000000 xnzvC
03:A678  4E B9  JSR     ($00028BDE)              A0=00FFA65A A1=0003451C A2=00FF800E A3=00FFE406 A4=00FFE40A A5=00000000 A6=00000000 A7=00FF7FB0 D0=000001D4 D1=000001D6 D2=0000FFCE D3=0000000A D4=00000096 D5=000001D3 D6=00000000 D7=00000000 xnZvc
03:A67E  4E BA  JSR     $0094(PC)                A0=00FFD9C6 A1=0003451C A2=00FF800E A3=00FFE406 A4=00FFE40A A5=00000000 A6=00000000 A7=00FF7FB0 D0=00000001 D1=0000000E D2=0000FFCE D3=0000000A D4=00000096 D5=000001D3 D6=00000000 D7=00000000 xnZvc
03:A682  4E 71  NOP                              A0=00FFD9C6 A1=0003451C A2=00FF800E A3=00FFE406 A4=00FFE40A A5=00000000 A6=00000000 A7=00FF7FB0 D0=00000000 D1=00000000 D2=0000FFCE D3=0000000A D4=00000096 D5=000001D3 D6=00000000 D7=00000000 xnZvc
03:A684  33 FC  MOVE.W  #$0001,($00FFE404)       A0=00FFD9C6 A1=0003451C A2=00FF800E A3=00FFE406 A4=00FFE40A A5=00000000 A6=00000000 A7=00FF7FB0 D0=00000000 D1=00000000 D2=0000FFCE D3=0000000A D4=00000096 D5=000001D3 D6=00000000 D7=00000000 xnZvc
03:A68C  30 12  MOVE.W  (A2),D0                  A0=0009287C A1=0000A71C A2=00FF800E A3=00FFE406 A4=00FFE40A A5=00000000 A6=00000000 A7=00FF7FB0 D0=00003049 D1=00003049 D2=00000078 D3=00000013 D4=00002FD1 D5=00003046 D6=00000000 D7=00000000 xnzvc
03:A68E  B0 52  CMP.W   (A2),D0                  A0=00FFD9C6 A1=0003451C A2=00FF800E A3=00FFE406 A4=00FFE40A A5=00000000 A6=00000000 A7=00FF7FB0 D0=000001D4 D1=00000000 D2=0000FFCE D3=0000000A D4=00000096 D5=000001D3 D6=00000000 D7=00000000 xnZvc
03:A690  67 FC  BEQ     #$FC [03:A68E]           A0=00FFD9C6 A1=0003451C A2=00FF800E A3=00FFE406 A4=00FFE40A A5=00000000 A6=00000000 A7=00FF7FB0 D0=000001D4 D1=00000000 D2=0000FFCE D3=0000000A D4=00000096 D5=000001D3 D6=00000000 D7=00000000 xnZvc
03:A692  42 B9  CLR.L   ($00FF800A)              A0=0009287C A1=0000A71C A2=00FF800E A3=00FFE406 A4=00FFE40A A5=00000000 A6=00000000 A7=00FF7FB0 D0=00003049 D1=00003049 D2=00000078 D3=00000013 D4=00002FD1 D5=00003046 D6=00000000 D7=00000000 xNzvC
03:A698  4C DF  MOVEM.L (SP)+,{a7-d0}[1c 3c]     A0=0009287C A1=0000A71C A2=00FF800E A3=00FFE406 A4=00FFE40A A5=00000000 A6=00000000 A7=00FF7FB0 D0=00003049 D1=00003049 D2=00000078 D3=00000013 D4=00002FD1 D5=00003046 D6=00000000 D7=00000000 xnZvc
03:A69C  4E 75  RTS                              A0=0009287C A1=0000A71C A2=00026FDA A3=00FF8000 A4=00026FDA A5=00000000 A6=00000000 A7=00FF7FCC D0=00003049 D1=00003049 D2=00000001 D3=00000000 D4=00000000 D5=00000000 D6=00000000 D7=00000000 xnZvc

03:A69E  4E B9  JSR     ($0000D8E4)              A0=0009287C A1=0000A71C A2=00FF800E A3=00FFE406 A4=00FFE40A A5=00000000 A6=00000000 A7=00FF7FAC D0=00000088 D1=00000088 D2=00000078 D3=00000000 D4=00000010 D5=00000088 D6=00000000 D7=00000000 xnZvc
03:A6A4  33 C0  MOVE.W  D0,($00FFE400)           A0=00FFA25A A1=0000A71C A2=00FF800E A3=00FFE406 A4=00FFE40A A5=00000000 A6=00000000 A7=00FF7FAC D0=00000006 D1=00000000 D2=00000078 D3=00000000 D4=00000010 D5=00000088 D6=00000000 D7=00000000 xnzvc
03:A6AA  67 66  BEQ     #$66 [03:A712]           A0=00FFA25A A1=0000A71C A2=00FF800E A3=00FFE406 A4=00FFE40A A5=00000000 A6=00000000 A7=00FF7FAC D0=00000006 D1=00000000 D2=00000078 D3=00000000 D4=00000010 D5=00000088 D6=00000000 D7=00000000 xnzvc
03:A6AC  30 39  MOVE.W  ($00FFE400),D0           A0=00FFA25A A1=0000A71C A2=00FF800E A3=00FFE406 A4=00FFE40A A5=00000000 A6=00000000 A7=00FF7FAC D0=00000006 D1=00000000 D2=00000078 D3=00000000 D4=00000010 D5=00000088 D6=00000000 D7=00000000 xnzvc
03:A6B2  EF 40  ASL.W   #7,D0                    A0=00FFA25A A1=0000A71C A2=00FF800E A3=00FFE406 A4=00FFE40A A5=00000000 A6=00000000 A7=00FF7FAC D0=00000006 D1=00000000 D2=00000078 D3=00000000 D4=00000010 D5=00000088 D6=00000000 D7=00000000 xnzvc
03:A6B4  20 7C  MOVE.L  #$00FFA25A,A0            A0=00FFA25A A1=0000A71C A2=00FF800E A3=00FFE406 A4=00FFE40A A5=00000000 A6=00000000 A7=00FF7FAC D0=00000300 D1=00000000 D2=00000078 D3=00000000 D4=00000010 D5=00000088 D6=00000000 D7=00000000 xnzvc
03:A6BA  D0 C0  ADDA.W  D0,A0                    A0=00FFA25A A1=0000A71C A2=00FF800E A3=00FFE406 A4=00FFE40A A5=00000000 A6=00000000 A7=00FF7FAC D0=00000300 D1=00000000 D2=00000078 D3=00000000 D4=00000010 D5=00000088 D6=00000000 D7=00000000 xnzvc
03:A6BC  31 7C  MOVE.W  #$8000,$002C(A0)         A0=00FFA55A A1=0000A71C A2=00FF800E A3=00FFE406 A4=00FFE40A A5=00000000 A6=00000000 A7=00FF7FAC D0=00000300 D1=00000000 D2=00000078 D3=00000000 D4=00000010 D5=00000088 D6=00000000 D7=00000000 xnzvc
03:A6C2  21 79  MOVE.L  ($00093712),$0022(A0)    A0=00FFA55A A1=0000A71C A2=00FF800E A3=00FFE406 A4=00FFE40A A5=00000000 A6=00000000 A7=00FF7FAC D0=00000300 D1=00000000 D2=00000078 D3=00000000 D4=00000010 D5=00000088 D6=00000000 D7=00000000 xNzvc
03:A6CA  21 7C  MOVE.L  #$00093712,$001E(A0)     A0=00FFA55A A1=0000A71C A2=00FF800E A3=00FFE406 A4=00FFE40A A5=00000000 A6=00000000 A7=00FF7FAC D0=00000300 D1=00000000 D2=00000078 D3=00000000 D4=00000010 D5=00000088 D6=00000000 D7=00000000 xnzvc
03:A6D2  11 7C  MOVE.B  #$6C,$002B(A0)           A0=00FFA55A A1=0000A71C A2=00FF800E A3=00FFE406 A4=00FFE40A A5=00000000 A6=00000000 A7=00FF7FAC D0=00000300 D1=00000000 D2=00000078 D3=00000000 D4=00000010 D5=00000088 D6=00000000 D7=00000000 xnzvc
03:A6D8  11 7C  MOVE.B  #$0A,$002E(A0)           A0=00FFA55A A1=0000A71C A2=00FF800E A3=00FFE406 A4=00FFE40A A5=00000000 A6=00000000 A7=00FF7FAC D0=00000300 D1=00000000 D2=00000078 D3=00000000 D4=00000010 D5=00000088 D6=00000000 D7=00000000 xnzvc
03:A6DE  30 BC  MOVE.W  #$00A0,(A0)              A0=00FFA55A A1=0000A71C A2=00FF800E A3=00FFE406 A4=00FFE40A A5=00000000 A6=00000000 A7=00FF7FAC D0=00000300 D1=00000000 D2=00000078 D3=00000000 D4=00000010 D5=00000088 D6=00000000 D7=00000000 xnzvc
03:A6E2  31 7C  MOVE.W  #$00A6,$0002(A0)         A0=00FFA55A A1=0000A71C A2=00FF800E A3=00FFE406 A4=00FFE40A A5=00000000 A6=00000000 A7=00FF7FAC D0=00000300 D1=00000000 D2=00000078 D3=00000000 D4=00000010 D5=00000088 D6=00000000 D7=00000000 xnzvc
03:A6E8  42 28  CLR.B   $004A(A0)                A0=00FFA55A A1=0000A71C A2=00FF800E A3=00FFE406 A4=00FFE40A A5=00000000 A6=00000000 A7=00FF7FAC D0=00000300 D1=00000000 D2=00000078 D3=00000000 D4=00000010 D5=00000088 D6=00000000 D7=00000000 xnzvc
03:A6EC  21 7C  MOVE.L  #$0003072A,$001A(A0)     A0=00FFA55A A1=0000A71C A2=00FF800E A3=00FFE406 A4=00FFE40A A5=00000000 A6=00000000 A7=00FF7FAC D0=00000300 D1=00000000 D2=00000078 D3=00000000 D4=00000010 D5=00000088 D6=00000000 D7=00000000 xnZvc
03:A6F4  11 7C  MOVE.B  #$01,$0028(A0)           A0=00FFA55A A1=0000A71C A2=00FF800E A3=00FFE406 A4=00FFE40A A5=00000000 A6=00000000 A7=00FF7FAC D0=00000300 D1=00000000 D2=00000078 D3=00000000 D4=00000010 D5=00000088 D6=00000000 D7=00000000 xnzvc
03:A6FA  11 7C  MOVE.B  #$FF,$0026(A0)           A0=00FFA55A A1=0000A71C A2=00FF800E A3=00FFE406 A4=00FFE40A A5=00000000 A6=00000000 A7=00FF7FAC D0=00000300 D1=00000000 D2=00000078 D3=00000000 D4=00000010 D5=00000088 D6=00000000 D7=00000000 xnzvc
03:A700  11 7C  MOVE.B  #$06,$0027(A0)           A0=00FFA55A A1=0000A71C A2=00FF800E A3=00FFE406 A4=00FFE40A A5=00000000 A6=00000000 A7=00FF7FAC D0=00000300 D1=00000000 D2=00000078 D3=00000000 D4=00000010 D5=00000088 D6=00000000 D7=00000000 xNzvc
03:A706  42 A7  CLR.L   -(SP)                    A0=00FFA55A A1=0000A71C A2=00FF800E A3=00FFE406 A4=00FFE40A A5=00000000 A6=00000000 A7=00FF7FAC D0=00000300 D1=00000000 D2=00000078 D3=00000000 D4=00000010 D5=00000088 D6=00000000 D7=00000000 xnzvc
03:A708  2F 08  MOVE.L  A0,-(SP)                 A0=00FFA55A A1=0000A71C A2=00FF800E A3=00FFE406 A4=00FFE40A A5=00000000 A6=00000000 A7=00FF7FA8 D0=00000300 D1=00000000 D2=00000078 D3=00000000 D4=00000010 D5=00000088 D6=00000000 D7=00000000 xnZvc
03:A70A  4E B9  JSR     ($0000D756)              A0=00FFA55A A1=0000A71C A2=00FF800E A3=00FFE406 A4=00FFE40A A5=00000000 A6=00000000 A7=00FF7FA4 D0=00000300 D1=00000000 D2=00000078 D3=00000000 D4=00000010 D5=00000088 D6=00000000 D7=00000000 xnzvc
03:A710  50 8F  ADDQ.L  #8,SP                    A0=00FFA593 A1=00FFD940 A2=00FF800E A3=00FFE406 A4=00FFE40A A5=00000000 A6=00000000 A7=00FF7FA4 D0=00000002 D1=00000019 D2=00000078 D3=00000000 D4=00000010 D5=00000088 D6=00000000 D7=00000000 xnzvc
03:A712  4E 75  RTS                              A0=00FFA593 A1=00FFD940 A2=00FF800E A3=00FFE406 A4=00FFE40A A5=00000000 A6=00000000 A7=00FF7FAC D0=00000002 D1=00000019 D2=00000078 D3=00000000 D4=00000010 D5=00000088 D6=00000000 D7=00000000 xnzvc

03:A714  2F 0A  MOVE.L  A2,-(SP)                 A0=00FFD9C6 A1=0003451C A2=00FF800E A3=00FFE406 A4=00FFE40A A5=00000000 A6=00000000 A7=00FF7FAC D0=00000001 D1=0000000E D2=0000FFCE D3=0000000A D4=00000096 D5=000001D3 D6=00000000 D7=00000000 xnZvc
03:A716  24 7C  MOVE.L  #$00FFE400,A2            A0=00FFD9C6 A1=0003451C A2=00FF800E A3=00FFE406 A4=00FFE40A A5=00000000 A6=00000000 A7=00FF7FA8 D0=00000001 D1=0000000E D2=0000FFCE D3=0000000A D4=00000096 D5=000001D3 D6=00000000 D7=00000000 xnzvc
03:A71C  4A 52  TST.W   (A2)                     A0=00FFD9C6 A1=0003451C A2=00FFE400 A3=00FFE406 A4=00FFE40A A5=00000000 A6=00000000 A7=00FF7FA8 D0=00000001 D1=0000000E D2=0000FFCE D3=0000000A D4=00000096 D5=000001D3 D6=00000000 D7=00000000 xnzvc
03:A71E  67 0E  BEQ     #$0E [03:A72E]           A0=00FFD9C6 A1=0003451C A2=00FFE400 A3=00FFE406 A4=00FFE40A A5=00000000 A6=00000000 A7=00FF7FA8 D0=00000001 D1=0000000E D2=0000FFCE D3=0000000A D4=00000096 D5=000001D3 D6=00000000 D7=00000000 xnzvc
03:A720  70 00  MOVEQ   #$00,D0                  A0=00FFD9C6 A1=0003451C A2=00FFE400 A3=00FFE406 A4=00FFE40A A5=00000000 A6=00000000 A7=00FF7FA8 D0=00000001 D1=0000000E D2=0000FFCE D3=0000000A D4=00000096 D5=000001D3 D6=00000000 D7=00000000 xnzvc
03:A722  30 12  MOVE.W  (A2),D0                  A0=00FFD9C6 A1=0003451C A2=00FFE400 A3=00FFE406 A4=00FFE40A A5=00000000 A6=00000000 A7=00FF7FA8 D0=00000000 D1=0000000E D2=0000FFCE D3=0000000A D4=00000096 D5=000001D3 D6=00000000 D7=00000000 xnZvc
03:A724  2F 00  MOVE.L  D0,-(SP)                 A0=00FFD9C6 A1=0003451C A2=00FFE400 A3=00FFE406 A4=00FFE40A A5=00000000 A6=00000000 A7=00FF7FA8 D0=00000006 D1=0000000E D2=0000FFCE D3=0000000A D4=00000096 D5=000001D3 D6=00000000 D7=00000000 xnzvc
03:A726  4E B9  JSR     ($0000D950)              A0=00FFD9C6 A1=0003451C A2=00FFE400 A3=00FFE406 A4=00FFE40A A5=00000000 A6=00000000 A7=00FF7FA4 D0=00000006 D1=0000000E D2=0000FFCE D3=0000000A D4=00000096 D5=000001D3 D6=00000000 D7=00000000 xnzvc
03:A72C  58 8F  ADDQ.L  #4,SP                    A0=00FFD9C6 A1=0003451C A2=00FFE400 A3=00FFE406 A4=00FFE40A A5=00000000 A6=00000000 A7=00FF7FA4 D0=00000000 D1=00000000 D2=0000FFCE D3=0000000A D4=00000096 D5=000001D3 D6=00000000 D7=00000000 xnZvc
03:A72E  42 52  CLR.W   (A2)                     A0=00FFD9C6 A1=0003451C A2=00FFE400 A3=00FFE406 A4=00FFE40A A5=00000000 A6=00000000 A7=00FF7FA8 D0=00000000 D1=00000000 D2=0000FFCE D3=0000000A D4=00000096 D5=000001D3 D6=00000000 D7=00000000 xnZvc
03:A730  24 5F  MOVE.L  (SP)+,A2                 A0=00FFD9C6 A1=0003451C A2=00FFE400 A3=00FFE406 A4=00FFE40A A5=00000000 A6=00000000 A7=00FF7FA8 D0=00000000 D1=00000000 D2=0000FFCE D3=0000000A D4=00000096 D5=000001D3 D6=00000000 D7=00000000 xnZvc
03:A732  4E 75  RTS                              A0=00FFD9C6 A1=0003451C A2=00FF800E A3=00FFE406 A4=00FFE40A A5=00000000 A6=00000000 A7=00FF7FAC D0=00000000 D1=00000000 D2=0000FFCE D3=0000000A D4=00000096 D5=000001D3 D6=00000000 D7=00000000 xnZvc

03:B454  48 E7  MOVEM.L {d0-a7}[30 30],-(SP)     A0=00FFA25A A1=00FF8036 A2=00FFB65A A3=00FFE3A0 A4=00FF9364 A5=00000000 A6=00000000 A7=00FF7F6C D0=00000000 D1=00000000 D2=00000000 D3=00000000 D4=00000028 D5=00000000 D6=00000000 D7=00000000 xnzvc
03:B458  42 42  CLR.W   D2                       A0=00FFA25A A1=00FF8036 A2=00FFB65A A3=00FFE3A0 A4=00FF9364 A5=00000000 A6=00000000 A7=00FF7F5C D0=00000000 D1=00000000 D2=00000000 D3=00000000 D4=00000028 D5=00000000 D6=00000000 D7=00000000 xnzvc
03:B45A  22 7C  MOVE.L  #$00FFA25A,A1            A0=00FFA25A A1=00FF8036 A2=00FFB65A A3=00FFE3A0 A4=00FF9364 A5=00000000 A6=00000000 A7=00FF7F5C D0=00000000 D1=00000000 D2=00000000 D3=00000000 D4=00000028 D5=00000000 D6=00000000 D7=00000000 xnZvc
03:B460  60 00  BRA     #$0084 [03:B4E6]         A0=00FFA25A A1=00FFA25A A2=00FFB65A A3=00FFE3A0 A4=00FF9364 A5=00000000 A6=00000000 A7=00FF7F5C D0=00000000 D1=00000000 D2=00000000 D3=00000000 D4=00000028 D5=00000000 D6=00000000 D7=00000000 xnZvc
03:B464  08 29  BTST    #0,$002F(A1)             A0=00FFA25A A1=00FFADDA A2=00FFB65A A3=00FFE3A0 A4=00FF9364 A5=00000000 A6=00000000 A7=00FF7F5C D0=00000000 D1=0000234B D2=00000017 D3=00000000 D4=00000028 D5=00000000 D6=00000000 D7=00000000 xNzvC
03:B46A  67 00  BEQ     #$0074 [03:B4E0]         A0=00FFA25A A1=00FFADDA A2=00FFB65A A3=00FFE3A0 A4=00FF9364 A5=00000000 A6=00000000 A7=00FF7F5C D0=00000000 D1=0000234B D2=00000017 D3=00000000 D4=00000028 D5=00000000 D6=00000000 D7=00000000 xNZvC
03:B46E  08 29  BTST    #2,$004D(A1)             A0=00FFB83A A1=00FFA6DA A2=00FFA55A A3=00FFB77A A4=00FF9364 A5=00000000 A6=00000000 A7=00FF7F5C D0=000001E0 D1=0000000C D2=00000009 D3=0000000C D4=00000028 D5=00000000 D6=00000000 D7=00000000 xNzvC
03:B474  67 6A  BEQ     #$6A [03:B4E0]           A0=00FFB83A A1=00FFA6DA A2=00FFA55A A3=00FFB77A A4=00FF9364 A5=00000000 A6=00000000 A7=00FF7F5C D0=000001E0 D1=0000000C D2=00000009 D3=0000000C D4=00000028 D5=00000000 D6=00000000 D7=00000000 xNzvC
03:B476  10 29  MOVE.B  $0056(A1),D0             A0=00FFE1EE A1=00FFA5DA A2=00FFB65A A3=00FFE3A0 A4=00FF9364 A5=00000000 A6=00000000 A7=00FF7F5C D0=00000000 D1=00000006 D2=00000007 D3=00000000 D4=00000028 D5=00000000 D6=00000000 D7=00000000 xNzvC
03:B47A  48 80  EXT.W   D0                       A0=00FFE1EE A1=00FFA5DA A2=00FFB65A A3=00FFE3A0 A4=00FF9364 A5=00000000 A6=00000000 A7=00FF7F5C D0=00000006 D1=00000006 D2=00000007 D3=00000000 D4=00000028 D5=00000000 D6=00000000 D7=00000000 xnzvc
03:B47C  EF 40  ASL.W   #7,D0                    A0=00FFE1EE A1=00FFA5DA A2=00FFB65A A3=00FFE3A0 A4=00FF9364 A5=00000000 A6=00000000 A7=00FF7F5C D0=00000006 D1=00000006 D2=00000007 D3=00000000 D4=00000028 D5=00000000 D6=00000000 D7=00000000 xnzvc
03:B47E  20 7C  MOVE.L  #$00FFA25A,A0            A0=00FFE1EE A1=00FFA5DA A2=00FFB65A A3=00FFE3A0 A4=00FF9364 A5=00000000 A6=00000000 A7=00FF7F5C D0=00000300 D1=00000006 D2=00000007 D3=00000000 D4=00000028 D5=00000000 D6=00000000 D7=00000000 xnzvc
03:B484  D0 C0  ADDA.W  D0,A0                    A0=00FFA25A A1=00FFA5DA A2=00FFB65A A3=00FFE3A0 A4=00FF9364 A5=00000000 A6=00000000 A7=00FF7F5C D0=00000300 D1=00000006 D2=00000007 D3=00000000 D4=00000028 D5=00000000 D6=00000000 D7=00000000 xnzvc
03:B486  24 48  MOVE.L  A0,A2                    A0=00FFA55A A1=00FFA5DA A2=00FFB65A A3=00FFE3A0 A4=00FF9364 A5=00000000 A6=00000000 A7=00FF7F5C D0=00000300 D1=00000006 D2=00000007 D3=00000000 D4=00000028 D5=00000000 D6=00000000 D7=00000000 xnzvc
03:B488  13 6A  MOVE.B  $0026(A2),$0026(A1)      A0=00FFA55A A1=00FFA5DA A2=00FFA55A A3=00FFE3A0 A4=00FF9364 A5=00000000 A6=00000000 A7=00FF7F5C D0=00000300 D1=00000006 D2=00000007 D3=00000000 D4=00000028 D5=00000000 D6=00000000 D7=00000000 xnzvc
03:B48E  13 6A  MOVE.B  $004A(A2),$004A(A1)      A0=00FFA55A A1=00FFA5DA A2=00FFA55A A3=00FFE3A0 A4=00FF9364 A5=00000000 A6=00000000 A7=00FF7F5C D0=00000300 D1=00000006 D2=00000007 D3=00000000 D4=00000028 D5=00000000 D6=00000000 D7=00000000 xnZvc
03:B494  23 6A  MOVE.L  $0022(A2),$0022(A1)      A0=00FFA55A A1=00FFA5DA A2=00FFA55A A3=00FFE3A0 A4=00FF9364 A5=00000000 A6=00000000 A7=00FF7F5C D0=00000300 D1=00000006 D2=00000007 D3=00000000 D4=00000028 D5=00000000 D6=00000000 D7=00000000 xnzvc
03:B49A  20 69  MOVE.L  $0022(A1),A0             A0=00FFA55A A1=00FFA5DA A2=00FFA55A A3=00FFE3A0 A4=00FF9364 A5=00000000 A6=00000000 A7=00FF7F5C D0=00000300 D1=00000006 D2=00000007 D3=00000000 D4=00000028 D5=00000000 D6=00000000 D7=00000000 xnzvc
03:B49E  70 00  MOVEQ   #$00,D0                  A0=00036D4A A1=00FFA5DA A2=00FFA55A A3=00FFE3A0 A4=00FF9364 A5=00000000 A6=00000000 A7=00FF7F5C D0=00000300 D1=00000006 D2=00000007 D3=00000000 D4=00000028 D5=00000000 D6=00000000 D7=00000000 xnzvc
03:B4A0  10 10  MOVE.B  (A0),D0                  A0=00036D4A A1=00FFA5DA A2=00FFA55A A3=00FFE3A0 A4=00FF9364 A5=00000000 A6=00000000 A7=00FF7F5C D0=00000000 D1=00000006 D2=00000007 D3=00000000 D4=00000028 D5=00000000 D6=00000000 D7=00000000 xnZvc
03:B4A2  36 00  MOVE.W  D0,D3                    A0=00036D4A A1=00FFA5DA A2=00FFA55A A3=00FFE3A0 A4=00FF9364 A5=00000000 A6=00000000 A7=00FF7F5C D0=0000000C D1=00000006 D2=00000007 D3=00000000 D4=00000028 D5=00000000 D6=00000000 D7=00000000 xnzvc
03:B4A4  42 41  CLR.W   D1                       A0=00036D4A A1=00FFA5DA A2=00FFA55A A3=00FFE3A0 A4=00FF9364 A5=00000000 A6=00000000 A7=00FF7F5C D0=0000000C D1=00000006 D2=00000007 D3=0000000C D4=00000028 D5=00000000 D6=00000000 D7=00000000 xnzvc
03:B4A6  60 34  BRA     #$34 [03:B4DC]           A0=00036D4A A1=00FFA5DA A2=00FFA55A A3=00FFE3A0 A4=00FF9364 A5=00000000 A6=00000000 A7=00FF7F5C D0=0000000C D1=00000000 D2=00000007 D3=0000000C D4=00000028 D5=00000000 D6=00000000 D7=00000000 xnZvc
03:B4A8  30 01  MOVE.W  D1,D0                    A0=00FFB852 A1=00FFA6DA A2=00FFA55A A3=00FFB732 A4=00FF9364 A5=00000000 A6=00000000 A7=00FF7F5C D0=000001F8 D1=00000003 D2=00000009 D3=0000000C D4=00000028 D5=00000000 D6=00000000 D7=00000000 xNzvC
03:B4AA  10 32  MOVE.B  $30(A2,D0),D0            A0=00FFB852 A1=00FFA6DA A2=00FFA55A A3=00FFB732 A4=00FF9364 A5=00000000 A6=00000000 A7=00FF7F5C D0=00000003 D1=00000003 D2=00000009 D3=0000000C D4=00000028 D5=00000000 D6=00000000 D7=00000000 xnzvc
03:B4AE  48 80  EXT.W   D0                       A0=00FFB852 A1=00FFA6DA A2=00FFA55A A3=00FFB732 A4=00FF9364 A5=00000000 A6=00000000 A7=00FF7F5C D0=0000001C D1=00000003 D2=00000009 D3=0000000C D4=00000028 D5=00000000 D6=00000000 D7=00000000 xnzvc
03:B4B0  E7 40  ASL.W   #3,D0                    A0=00FFB852 A1=00FFA6DA A2=00FFA55A A3=00FFB732 A4=00FF9364 A5=00000000 A6=00000000 A7=00FF7F5C D0=0000001C D1=00000003 D2=00000009 D3=0000000C D4=00000028 D5=00000000 D6=00000000 D7=00000000 xnzvc
03:B4B2  20 7C  MOVE.L  #$00FFB65A,A0            A0=00FFB852 A1=00FFA6DA A2=00FFA55A A3=00FFB732 A4=00FF9364 A5=00000000 A6=00000000 A7=00FF7F5C D0=000000E0 D1=00000003 D2=00000009 D3=0000000C D4=00000028 D5=00000000 D6=00000000 D7=00000000 xnzvc
03:B4B8  D0 C0  ADDA.W  D0,A0                    A0=00FFB65A A1=00FFA6DA A2=00FFA55A A3=00FFB732 A4=00FF9364 A5=00000000 A6=00000000 A7=00FF7F5C D0=000000E0 D1=00000003 D2=00000009 D3=0000000C D4=00000028 D5=00000000 D6=00000000 D7=00000000 xnzvc
03:B4BA  26 48  MOVE.L  A0,A3                    A0=00FFB73A A1=00FFA6DA A2=00FFA55A A3=00FFB732 A4=00FF9364 A5=00000000 A6=00000000 A7=00FF7F5C D0=000000E0 D1=00000003 D2=00000009 D3=0000000C D4=00000028 D5=00000000 D6=00000000 D7=00000000 xnzvc
03:B4BC  30 01  MOVE.W  D1,D0                    A0=00FFB73A A1=00FFA6DA A2=00FFA55A A3=00FFB73A A4=00FF9364 A5=00000000 A6=00000000 A7=00FF7F5C D0=000000E0 D1=00000003 D2=00000009 D3=0000000C D4=00000028 D5=00000000 D6=00000000 D7=00000000 xnzvc
03:B4BE  10 31  MOVE.B  $30(A1,D0),D0            A0=00FFB73A A1=00FFA6DA A2=00FFA55A A3=00FFB73A A4=00FF9364 A5=00000000 A6=00000000 A7=00FF7F5C D0=00000003 D1=00000003 D2=00000009 D3=0000000C D4=00000028 D5=00000000 D6=00000000 D7=00000000 xnzvc
03:B4C2  48 80  EXT.W   D0                       A0=00FFB73A A1=00FFA6DA A2=00FFA55A A3=00FFB73A A4=00FF9364 A5=00000000 A6=00000000 A7=00FF7F5C D0=00000040 D1=00000003 D2=00000009 D3=0000000C D4=00000028 D5=00000000 D6=00000000 D7=00000000 xnzvc
03:B4C4  E7 40  ASL.W   #3,D0                    A0=00FFB73A A1=00FFA6DA A2=00FFA55A A3=00FFB73A A4=00FF9364 A5=00000000 A6=00000000 A7=00FF7F5C D0=00000040 D1=00000003 D2=00000009 D3=0000000C D4=00000028 D5=00000000 D6=00000000 D7=00000000 xnzvc
03:B4C6  20 7C  MOVE.L  #$00FFB65A,A0            A0=00FFB73A A1=00FFA6DA A2=00FFA55A A3=00FFB73A A4=00FF9364 A5=00000000 A6=00000000 A7=00FF7F5C D0=00000200 D1=00000003 D2=00000009 D3=0000000C D4=00000028 D5=00000000 D6=00000000 D7=00000000 xnzvc
03:B4CC  D0 C0  ADDA.W  D0,A0                    A0=00FFB65A A1=00FFA6DA A2=00FFA55A A3=00FFB73A A4=00FF9364 A5=00000000 A6=00000000 A7=00FF7F5C D0=00000200 D1=00000003 D2=00000009 D3=0000000C D4=00000028 D5=00000000 D6=00000000 D7=00000000 xnzvc
03:B4CE  11 6B  MOVE.B  $0002(A3),$0002(A0)      A0=00FFB85A A1=00FFA6DA A2=00FFA55A A3=00FFB73A A4=00FF9364 A5=00000000 A6=00000000 A7=00FF7F5C D0=00000200 D1=00000003 D2=00000009 D3=0000000C D4=00000028 D5=00000000 D6=00000000 D7=00000000 xnzvc
03:B4D4  31 6B  MOVE.W  $0004(A3),$0004(A0)      A0=00FFB85A A1=00FFA6DA A2=00FFA55A A3=00FFB73A A4=00FF9364 A5=00000000 A6=00000000 A7=00FF7F5C D0=00000200 D1=00000003 D2=00000009 D3=0000000C D4=00000028 D5=00000000 D6=00000000 D7=00000000 xnzvc
03:B4DA  52 41  ADDQ.W  #1,D1                    A0=00FFB85A A1=00FFA6DA A2=00FFA55A A3=00FFB73A A4=00FF9364 A5=00000000 A6=00000000 A7=00FF7F5C D0=00000200 D1=00000003 D2=00000009 D3=0000000C D4=00000028 D5=00000000 D6=00000000 D7=00000000 xNzvc
03:B4DC  B2 43  CMP.W   D3,D1                    A0=00FFB832 A1=00FFA65A A2=00FFA55A A3=00FFB772 A4=00FF9364 A5=00000000 A6=00000000 A7=00FF7F5C D0=000001D8 D1=0000000B D2=00000008 D3=0000000C D4=00000028 D5=00000000 D6=00000000 D7=00000000 xnzvc
03:B4DE  6D C8  BLT     #$C8 [03:B4A8]           A0=00FFB832 A1=00FFA65A A2=00FFA55A A3=00FFB772 A4=00FF9364 A5=00000000 A6=00000000 A7=00FF7F5C D0=000001D8 D1=0000000B D2=00000008 D3=0000000C D4=00000028 D5=00000000 D6=00000000 D7=00000000 xNzvC
03:B4E0  52 42  ADDQ.W  #1,D2                    A0=00FFA25A A1=00FFADDA A2=00FFB65A A3=00FFE3A0 A4=00FF9364 A5=00000000 A6=00000000 A7=00FF7F5C D0=00000000 D1=0000234B D2=00000017 D3=00000000 D4=00000028 D5=00000000 D6=00000000 D7=00000000 xNZvC
03:B4E2  43 E9  LEA     $0080(A1),A1             A0=00FFA25A A1=00FFADDA A2=00FFB65A A3=00FFE3A0 A4=00FF9364 A5=00000000 A6=00000000 A7=00FF7F5C D0=00000000 D1=0000234B D2=00000018 D3=00000000 D4=00000028 D5=00000000 D6=00000000 D7=00000000 xnzvc
03:B4E6  0C 42  CMPI.W  #$0028,D2                A0=00FFA25A A1=00FFAD5A A2=00FFB65A A3=00FFE3A0 A4=00FF9364 A5=00000000 A6=00000000 A7=00FF7F5C D0=00000000 D1=0000234B D2=00000016 D3=00000000 D4=00000028 D5=00000000 D6=00000000 D7=00000000 xnzvc
03:B4EA  6D 00  BLT     #$FF78 [03:B464]         A0=00FFA25A A1=00FFAD5A A2=00FFB65A A3=00FFE3A0 A4=00FF9364 A5=00000000 A6=00000000 A7=00FF7F5C D0=00000000 D1=0000234B D2=00000016 D3=00000000 D4=00000028 D5=00000000 D6=00000000 D7=00000000 xNzvC
03:B4EE  4C DF  MOVEM.L (SP)+,{a7-d0}[0c 0c]     A0=00FFA25A A1=00FFB65A A2=00FFB65A A3=00FFE3A0 A4=00FF9364 A5=00000000 A6=00000000 A7=00FF7F5C D0=00000000 D1=00000000 D2=00000028 D3=00000000 D4=00000028 D5=00000000 D6=00000000 D7=00000000 xnZvc
03:B4F2  4E 75  RTS                              A0=00FFA25A A1=00FFB65A A2=00FFB65A A3=00FFE3A0 A4=00FF9364 A5=00000000 A6=00000000 A7=00FF7F6C D0=00000000 D1=00000000 D2=00000000 D3=00000000 D4=00000028 D5=00000000 D6=00000000 D7=00000000 xnZvc

03:B918  48 E7  MOVEM.L {d0-a7}[3c 00],-(SP)     A0=0009744A A1=00FF8036 A2=00FFE3F8 A3=0003B918 A4=00FF8000 A5=00000000 A6=00000000 A7=00FF7F84 D0=0000BA34 D1=6D800013 D2=00000001 D3=00000000 D4=00000000 D5=00000000 D6=00000000 D7=00000000 xnZvc
03:B91C  36 2F  MOVE.W  $0016(SP),D3             A0=0009744A A1=00FF8036 A2=00FFE3F8 A3=0003B918 A4=00FF8000 A5=00000000 A6=00000000 A7=00FF7F74 D0=0000BA34 D1=6D800013 D2=00000001 D3=00000000 D4=00000000 D5=00000000 D6=00000000 D7=00000000 xnZvc
03:B920  38 2F  MOVE.W  $001A(SP),D4             A0=0009744A A1=00FF8036 A2=00FFE3F8 A3=0003B918 A4=00FF8000 A5=00000000 A6=00000000 A7=00FF7F74 D0=0000BA34 D1=6D800013 D2=00000001 D3=00000014 D4=00000000 D5=00000000 D6=00000000 D7=00000000 xnzvc
03:B924  42 45  CLR.W   D5                       A0=0009744A A1=00FF8036 A2=00FFE3F8 A3=0003B918 A4=00FF8000 A5=00000000 A6=00000000 A7=00FF7F74 D0=0000BA34 D1=6D800013 D2=00000001 D3=00000014 D4=0000000E D5=00000000 D6=00000000 D7=00000000 xnzvc
03:B926  30 03  MOVE.W  D3,D0                    A0=00097436 A1=00FF8036 A2=00FFE3F8 A3=0003B918 A4=00FF8000 A5=00000000 A6=00000000 A7=00FF7F74 D0=0000BA34 D1=6D000013 D2=00000014 D3=00000014 D4=0000000E D5=0000000D D6=00000000 D7=00000000 xNzvC
03:B928  48 C0  EXT.L   D0                       A0=00097436 A1=00FF8036 A2=00FFE3F8 A3=0003B918 A4=00FF8000 A5=00000000 A6=00000000 A7=00FF7F74 D0=00000014 D1=6D000013 D2=00000014 D3=00000014 D4=0000000E D5=0000000D D6=00000000 D7=00000000 xnzvc
03:B92A  72 11  MOVEQ   #$11,D1                  A0=00097436 A1=00FF8036 A2=00FFE3F8 A3=0003B918 A4=00FF8000 A5=00000000 A6=00000000 A7=00FF7F74 D0=00000014 D1=6D000013 D2=00000014 D3=00000014 D4=0000000E D5=0000000D D6=00000000 D7=00000000 xnzvc
03:B92C  E3 A0  ASL.L   D1,D0                    A0=00097436 A1=00FF8036 A2=00FFE3F8 A3=0003B918 A4=00FF8000 A5=00000000 A6=00000000 A7=00FF7F74 D0=00000014 D1=00000011 D2=00000014 D3=00000014 D4=0000000E D5=0000000D D6=00000000 D7=00000000 xnzvc
03:B92E  32 05  MOVE.W  D5,D1                    A0=00097436 A1=00FF8036 A2=00FFE3F8 A3=0003B918 A4=00FF8000 A5=00000000 A6=00000000 A7=00FF7F74 D0=00280000 D1=00000011 D2=00000014 D3=00000014 D4=0000000E D5=0000000D D6=00000000 D7=00000000 xnzvc
03:B930  48 C1  EXT.L   D1                       A0=00097436 A1=00FF8036 A2=00FFE3F8 A3=0003B918 A4=00FF8000 A5=00000000 A6=00000000 A7=00FF7F74 D0=00280000 D1=0000000D D2=00000014 D3=00000014 D4=0000000E D5=0000000D D6=00000000 D7=00000000 xnzvc
03:B932  34 04  MOVE.W  D4,D2                    A0=00097436 A1=00FF8036 A2=00FFE3F8 A3=0003B918 A4=00FF8000 A5=00000000 A6=00000000 A7=00FF7F74 D0=00280000 D1=0000000D D2=00000014 D3=00000014 D4=0000000E D5=0000000D D6=00000000 D7=00000000 xnzvc
03:B934  48 C2  EXT.L   D2                       A0=00097436 A1=00FF8036 A2=00FFE3F8 A3=0003B918 A4=00FF8000 A5=00000000 A6=00000000 A7=00FF7F74 D0=00280000 D1=0000000D D2=0000000E D3=00000014 D4=0000000E D5=0000000D D6=00000000 D7=00000000 xnzvc
03:B936  D2 82  ADD.L   D2,D1                    A0=00097436 A1=00FF8036 A2=00FFE3F8 A3=0003B918 A4=00FF8000 A5=00000000 A6=00000000 A7=00FF7F74 D0=00280000 D1=0000000D D2=0000000E D3=00000014 D4=0000000E D5=0000000D D6=00000000 D7=00000000 xnzvc
03:B938  74 17  MOVEQ   #$17,D2                  A0=00097436 A1=00FF8036 A2=00FFE3F8 A3=0003B918 A4=00FF8000 A5=00000000 A6=00000000 A7=00FF7F74 D0=00280000 D1=0000001B D2=0000000E D3=00000014 D4=0000000E D5=0000000D D6=00000000 D7=00000000 xnzvc
03:B93A  E5 A1  ASL.L   D2,D1                    A0=00097436 A1=00FF8036 A2=00FFE3F8 A3=0003B918 A4=00FF8000 A5=00000000 A6=00000000 A7=00FF7F74 D0=00280000 D1=0000001B D2=00000017 D3=00000014 D4=0000000E D5=0000000D D6=00000000 D7=00000000 xnzvc
03:B93C  06 81  ADDI.L  #$60000003,D1            A0=00097436 A1=00FF8036 A2=00FFE3F8 A3=0003B918 A4=00FF8000 A5=00000000 A6=00000000 A7=00FF7F74 D0=00280000 D1=0D800000 D2=00000017 D3=00000014 D4=0000000E D5=0000000D D6=00000000 D7=00000000 xnzvc
03:B942  D0 81  ADD.L   D1,D0                    A0=00097436 A1=00FF8036 A2=00FFE3F8 A3=0003B918 A4=00FF8000 A5=00000000 A6=00000000 A7=00FF7F74 D0=00280000 D1=6D800003 D2=00000017 D3=00000014 D4=0000000E D5=0000000D D6=00000000 D7=00000000 xnzvc
03:B944  23 C0  MOVE.L  D0,($00C00004)           A0=00097436 A1=00FF8036 A2=00FFE3F8 A3=0003B918 A4=00FF8000 A5=00000000 A6=00000000 A7=00FF7F74 D0=6DA80003 D1=6D800003 D2=00000017 D3=00000014 D4=0000000E D5=0000000D D6=00000000 D7=00000000 xnzvc
03:B94A  42 42  CLR.W   D2                       A0=00097436 A1=00FF8036 A2=00FFE3F8 A3=0003B918 A4=00FF8000 A5=00000000 A6=00000000 A7=00FF7F74 D0=6DA80003 D1=6D800003 D2=00000017 D3=00000014 D4=0000000E D5=0000000D D6=00000000 D7=00000000 xnzvc
03:B94C  30 05  MOVE.W  D5,D0                    A0=00097382 A1=00FF8036 A2=00FFE3F8 A3=0003B918 A4=00FF8000 A5=00000000 A6=00000000 A7=00FF7F8C D0=0000BA35 D1=61800002 D2=00000003 D3=00000000 D4=00000000 D5=00000003 D6=00000000 D7=00000000 xNzvC
03:B94E  E5 40  ASL.W   #2,D0                    A0=00097382 A1=00FF8036 A2=00FFE3F8 A3=0003B918 A4=00FF8000 A5=00000000 A6=00000000 A7=00FF7F8C D0=00000003 D1=61800002 D2=00000003 D3=00000000 D4=00000000 D5=00000003 D6=00000000 D7=00000000 xnzvc
03:B950  32 00  MOVE.W  D0,D1                    A0=00097382 A1=00FF8036 A2=00FFE3F8 A3=0003B918 A4=00FF8000 A5=00000000 A6=00000000 A7=00FF7F8C D0=0000000C D1=61800002 D2=00000003 D3=00000000 D4=00000000 D5=00000003 D6=00000000 D7=00000000 xnzvc
03:B952  E5 40  ASL.W   #2,D0                    A0=00097382 A1=00FF8036 A2=00FFE3F8 A3=0003B918 A4=00FF8000 A5=00000000 A6=00000000 A7=00FF7F8C D0=0000000C D1=6180000C D2=00000003 D3=00000000 D4=00000000 D5=00000003 D6=00000000 D7=00000000 xnzvc
03:B954  D0 41  ADD.W   D1,D0                    A0=00097382 A1=00FF8036 A2=00FFE3F8 A3=0003B918 A4=00FF8000 A5=00000000 A6=00000000 A7=00FF7F8C D0=00000030 D1=6180000C D2=00000003 D3=00000000 D4=00000000 D5=00000003 D6=00000000 D7=00000000 xnzvc
03:B956  20 7C  MOVE.L  #$00097346,A0            A0=00097382 A1=00FF8036 A2=00FFE3F8 A3=0003B918 A4=00FF8000 A5=00000000 A6=00000000 A7=00FF7F8C D0=0000003C D1=6180000C D2=00000003 D3=00000000 D4=00000000 D5=00000003 D6=00000000 D7=00000000 xnzvc
03:B95C  32 02  MOVE.W  D2,D1                    A0=00097346 A1=00FF8036 A2=00FFE3F8 A3=0003B918 A4=00FF8000 A5=00000000 A6=00000000 A7=00FF7F8C D0=0000003C D1=6180000C D2=00000003 D3=00000000 D4=00000000 D5=00000003 D6=00000000 D7=00000000 xnzvc
03:B95E  D0 C0  ADDA.W  D0,A0                    A0=00097346 A1=00FF8036 A2=00FFE3F8 A3=0003B918 A4=00FF8000 A5=00000000 A6=00000000 A7=00FF7F8C D0=0000003C D1=61800003 D2=00000003 D3=00000000 D4=00000000 D5=00000003 D6=00000000 D7=00000000 xnzvc
03:B960  70 00  MOVEQ   #$00,D0                  A0=00097382 A1=00FF8036 A2=00FFE3F8 A3=0003B918 A4=00FF8000 A5=00000000 A6=00000000 A7=00FF7F8C D0=0000003C D1=61800003 D2=00000003 D3=00000000 D4=00000000 D5=00000003 D6=00000000 D7=00000000 xnzvc
03:B962  10 30  MOVE.B  $00(A0,D1),D0            A0=00097382 A1=00FF8036 A2=00FFE3F8 A3=0003B918 A4=00FF8000 A5=00000000 A6=00000000 A7=00FF7F8C D0=00000000 D1=61800003 D2=00000003 D3=00000000 D4=00000000 D5=00000003 D6=00000000 D7=00000000 xnZvc
03:B966  08 00  BTST    #6,D0                    A0=00097382 A1=00FF8036 A2=00FFE3F8 A3=0003B918 A4=00FF8000 A5=00000000 A6=00000000 A7=00FF7F8C D0=000000C2 D1=61800003 D2=00000003 D3=00000000 D4=00000000 D5=00000003 D6=00000000 D7=00000000 xNzvc
03:B96A  67 04  BEQ     #$04 [03:B970]           A0=00097382 A1=00FF8036 A2=00FFE3F8 A3=0003B918 A4=00FF8000 A5=00000000 A6=00000000 A7=00FF7F8C D0=000000C2 D1=61800003 D2=00000003 D3=00000000 D4=00000000 D5=00000003 D6=00000000 D7=00000000 xNzvc
03:B96C  00 40  ORI.W   #$0800,D0                A0=00097382 A1=00FF8036 A2=00FFE3F8 A3=0003B918 A4=00FF8000 A5=00000000 A6=00000000 A7=00FF7F8C D0=000000C2 D1=6180000D D2=0000000D D3=00000000 D4=00000000 D5=00000003 D6=00000000 D7=00000000 xNzvc
03:B970  08 00  BTST    #7,D0                    A0=00097382 A1=00FF8036 A2=00FFE3F8 A3=0003B918 A4=00FF8000 A5=00000000 A6=00000000 A7=00FF7F8C D0=000008C2 D1=61800003 D2=00000003 D3=00000000 D4=00000000 D5=00000003 D6=00000000 D7=00000000 xnzvc
03:B974  67 04  BEQ     #$04 [03:B97A]           A0=00097382 A1=00FF8036 A2=00FFE3F8 A3=0003B918 A4=00FF8000 A5=00000000 A6=00000000 A7=00FF7F8C D0=000008C2 D1=61800003 D2=00000003 D3=00000000 D4=00000000 D5=00000003 D6=00000000 D7=00000000 xnzvc
03:B976  00 40  ORI.W   #$1000,D0                A0=00097396 A1=00FF8036 A2=00FFE3F8 A3=0003B918 A4=00FF8000 A5=00000000 A6=00000000 A7=00FF7F8C D0=000008C2 D1=62000003 D2=00000003 D3=00000000 D4=00000000 D5=00000004 D6=00000000 D7=00000000 xnzvc
03:B97A  02 40  ANDI.W  #$FF3F,D0                A0=00097382 A1=00FF8036 A2=00FFE3F8 A3=0003B918 A4=00FF8000 A5=00000000 A6=00000000 A7=00FF7F8C D0=000018C2 D1=61800003 D2=00000003 D3=00000000 D4=00000000 D5=00000003 D6=00000000 D7=00000000 xnzvc
03:B97E  30 00  MOVE.W  D0,D0                    A0=00097382 A1=00FF8036 A2=00FFE3F8 A3=0003B918 A4=00FF8000 A5=00000000 A6=00000000 A7=00FF7F8C D0=00001802 D1=61800003 D2=00000003 D3=00000000 D4=00000000 D5=00000003 D6=00000000 D7=00000000 xnzvc
03:B980  48 C0  EXT.L   D0                       A0=00097382 A1=00FF8036 A2=00FFE3F8 A3=0003B918 A4=00FF8000 A5=00000000 A6=00000000 A7=00FF7F8C D0=00001802 D1=61800003 D2=00000003 D3=00000000 D4=00000000 D5=00000003 D6=00000000 D7=00000000 xnzvc
03:B982  06 80  ADDI.L  #$0000A233,D0            A0=00097382 A1=00FF8036 A2=00FFE3F8 A3=0003B918 A4=00FF8000 A5=00000000 A6=00000000 A7=00FF7F8C D0=00001802 D1=61800003 D2=00000003 D3=00000000 D4=00000000 D5=00000003 D6=00000000 D7=00000000 xnzvc
03:B988  33 C0  MOVE.W  D0,($00C00000)           A0=00097382 A1=00FF8036 A2=00FFE3F8 A3=0003B918 A4=00FF8000 A5=00000000 A6=00000000 A7=00FF7F8C D0=0000BA35 D1=61800003 D2=00000003 D3=00000000 D4=00000000 D5=00000003 D6=00000000 D7=00000000 xnzvc
03:B98E  52 42  ADDQ.W  #1,D2                    A0=00097382 A1=00FF8036 A2=00FFE3F8 A3=0003B918 A4=00FF8000 A5=00000000 A6=00000000 A7=00FF7F8C D0=0000BA35 D1=61800003 D2=00000003 D3=00000000 D4=00000000 D5=00000003 D6=00000000 D7=00000000 xNzvc
03:B990  0C 42  CMPI.W  #$0014,D2                A0=00097382 A1=00FF8036 A2=00FFE3F8 A3=0003B918 A4=00FF8000 A5=00000000 A6=00000000 A7=00FF7F8C D0=0000BA35 D1=61800003 D2=00000004 D3=00000000 D4=00000000 D5=00000003 D6=00000000 D7=00000000 xnzvc
03:B994  6D B6  BLT     #$B6 [03:B94C]           A0=00097382 A1=00FF8036 A2=00FFE3F8 A3=0003B918 A4=00FF8000 A5=00000000 A6=00000000 A7=00FF7F8C D0=0000BA35 D1=61800003 D2=00000004 D3=00000000 D4=00000000 D5=00000003 D6=00000000 D7=00000000 xNzvC
03:B996  52 45  ADDQ.W  #1,D5                    A0=0009744A A1=00FF8036 A2=00FFE3F8 A3=0003B918 A4=00FF8000 A5=00000000 A6=00000000 A7=00FF7F74 D0=0000BA34 D1=6D800013 D2=00000014 D3=00000014 D4=0000000E D5=0000000D D6=00000000 D7=00000000 xnZvc
03:B998  0C 45  CMPI.W  #$000E,D5                A0=0009744A A1=00FF8036 A2=00FFE3F8 A3=0003B918 A4=00FF8000 A5=00000000 A6=00000000 A7=00FF7F74 D0=0000BA34 D1=6D800013 D2=00000014 D3=00000014 D4=0000000E D5=0000000E D6=00000000 D7=00000000 xnzvc
03:B99C  6D 88  BLT     #$88 [03:B926]           A0=0009744A A1=00FF8036 A2=00FFE3F8 A3=0003B918 A4=00FF8000 A5=00000000 A6=00000000 A7=00FF7F74 D0=0000BA34 D1=6D800013 D2=00000014 D3=00000014 D4=0000000E D5=0000000E D6=00000000 D7=00000000 xnZvc
03:B99E  4C DF  MOVEM.L (SP)+,{a7-d0}[00 3c]     A0=0009744A A1=00FF8036 A2=00FFE3F8 A3=0003B918 A4=00FF8000 A5=00000000 A6=00000000 A7=00FF7F74 D0=0000BA34 D1=6D800013 D2=00000014 D3=00000014 D4=0000000E D5=0000000E D6=00000000 D7=00000000 xnZvc
03:B9A2  4E 75  RTS                              A0=0009744A A1=00FF8036 A2=00FFE3F8 A3=0003B918 A4=00FF8000 A5=00000000 A6=00000000 A7=00FF7F84 D0=0000BA34 D1=6D800013 D2=00000001 D3=00000000 D4=00000000 D5=00000000 D6=00000000 D7=00000000 xnZvc

03:E384  41 FA  LEA     $F270(PC),A0             A0=00FFE3A4 A1=000AFAE2 A2=00FF9364 A3=00FF8002 A4=00FF8004 A5=00000000 A6=00000000 A7=00FF7F0E D0=00000006 D1=0000FFFF D2=00000000 D3=00000000 D4=00000000 D5=00000000 D6=00000000 D7=00000000 xnZvc
03:E388  43 F9  LEA     ($00FFFE00),A1           A0=0003D5F6 A1=000AFAE2 A2=00FF9364 A3=00FF8002 A4=00FF8004 A5=00000000 A6=00000000 A7=00FF7F0E D0=00000006 D1=0000FFFF D2=00000000 D3=00000000 D4=00000000 D5=00000000 D6=00000000 D7=00000000 xnZvc
03:E38E  20 3C  MOVE.L  #$00000114,D0            A0=0003D5F6 A1=00FFFE00 A2=00FF9364 A3=00FF8002 A4=00FF8004 A5=00000000 A6=00000000 A7=00FF7F0E D0=00000006 D1=0000FFFF D2=00000000 D3=00000000 D4=00000000 D5=00000000 D6=00000000 D7=00000000 xnZvc
03:E394  53 40  SUBQ.W  #1,D0                    A0=0003D5F6 A1=00FFFE00 A2=00FF9364 A3=00FF8002 A4=00FF8004 A5=00000000 A6=00000000 A7=00FF7F0E D0=00000114 D1=0000FFFF D2=00000000 D3=00000000 D4=00000000 D5=00000000 D6=00000000 D7=00000000 xnzvc
03:E396  12 D8  MOVE.B  (A0)+,(A1)+              A0=0003D635 A1=00FFFE3F A2=00FF9364 A3=00FF8002 A4=00FF8004 A5=00000000 A6=00000000 A7=00FF7F0E D0=000000D4 D1=0000FFFF D2=00000000 D3=00000000 D4=00000000 D5=00000000 D6=00000000 D7=00000000 xnZvc
03:E398  51 C8  DBFa    D0,#$FFFC [04:E396]      A0=0003D636 A1=00FFFE40 A2=00FF9364 A3=00FF8002 A4=00FF8004 A5=00000000 A6=00000000 A7=00FF7F0E D0=000000D4 D1=0000FFFF D2=00000000 D3=00000000 D4=00000000 D5=00000000 D6=00000000 D7=00000000 xnZvc
03:E39C  4E 75  RTS                              A0=0003D70A A1=00FFFF14 A2=00FF9364 A3=00FF8002 A4=00FF8004 A5=00000000 A6=00000000 A7=00FF7F0E D0=0000FFFF D1=0000FFFF D2=00000000 D3=00000000 D4=00000000 D5=00000000 D6=00000000 D7=00000000 xnZvc

03:E3D6  48 E7  MOVEM.L {d0-a7}[10 04],-(SP)     A0=00FFE3A4 A1=000AFAE2 A2=00FF9364 A3=00FF8002 A4=00FF8004 A5=00000000 A6=00000000 A7=00FF7F0E D0=00000006 D1=000042A3 D2=00000000 D3=00000000 D4=00000000 D5=00000000 D6=00000000 D7=00000000 xnZvc
03:E3DA  72 05  MOVEQ   #$05,D1                  A0=00FFE3A4 A1=000AFAE2 A2=00FF9364 A3=00FF8002 A4=00FF8004 A5=00000000 A6=00000000 A7=00FF7F06 D0=00000006 D1=000042A3 D2=00000000 D3=00000000 D4=00000000 D5=00000000 D6=00000000 D7=00000000 xnZvc
03:E3DC  48 E7  MOVEM.L {d0-a7}[40 00],-(SP)     A0=00FFE3A4 A1=000AFAE2 A2=00FF9364 A3=00FF8002 A4=00FF8004 A5=00FFFE28 A6=00000000 A7=00FF7F06 D0=00000006 D1=00000000 D2=00000000 D3=00000000 D4=00000000 D5=00000000 D6=00000000 D7=00000000 xnZvc
03:E3E0  4E BA  JSR     $0822(PC)                A0=00FFE3A4 A1=000AFAE2 A2=00FF9364 A3=00FF8002 A4=00FF8004 A5=00FFFE28 A6=00000000 A7=00FF7F02 D0=00000006 D1=00000000 D2=00000000 D3=00000000 D4=00000000 D5=00000000 D6=00000000 D7=00000000 xnZvc
03:E3E4  4E 71  NOP                              A0=00FFE3A4 A1=000AFAE2 A2=00FF9364 A3=00FF8002 A4=00FF8004 A5=00FFFE28 A6=00000000 A7=00FF7F02 D0=00000006 D1=00000000 D2=00000000 D3=00000000 D4=00000000 D5=00000000 D6=00000000 D7=00000000 xnZvc
03:E3E6  4C DF  MOVEM.L (SP)+,{a7-d0}[00 02]     A0=00FFE3A4 A1=000AFAE2 A2=00FF9364 A3=00FF8002 A4=00FF8004 A5=00FFFE28 A6=00000000 A7=00FF7F02 D0=00000006 D1=00000000 D2=00000000 D3=00000000 D4=00000000 D5=00000000 D6=00000000 D7=00000000 xnZvc
03:E3EA  51 C9  DBFa    D1,#$FFF0 [04:E3DC]      A0=00FFE3A4 A1=000AFAE2 A2=00FF9364 A3=00FF8002 A4=00FF8004 A5=00FFFE28 A6=00000000 A7=00FF7F06 D0=00000006 D1=00000000 D2=00000000 D3=00000000 D4=00000000 D5=00000000 D6=00000000 D7=00000000 xnZvc
03:E3EE  4C DF  MOVEM.L (SP)+,{a7-d0}[20 08]     A0=00FFE3A4 A1=000AFAE2 A2=00FF9364 A3=00FF8002 A4=00FF8004 A5=00FFFE28 A6=00000000 A7=00FF7F06 D0=00000006 D1=0000FFFF D2=00000000 D3=00000000 D4=00000000 D5=00000000 D6=00000000 D7=00000000 xnZvc
03:E3F2  42 79  CLR.W   ($00FFE478)              A0=00FFE3A4 A1=000AFAE2 A2=00FF9364 A3=00FF8002 A4=00FF8004 A5=00000000 A6=00000000 A7=00FF7F0E D0=00000006 D1=0000FFFF D2=00000000 D3=00000000 D4=00000000 D5=00000000 D6=00000000 D7=00000000 xnZvc
03:E3F8  4E 75  RTS                              A0=00FFE3A4 A1=000AFAE2 A2=00FF9364 A3=00FF8002 A4=00FF8004 A5=00000000 A6=00000000 A7=00FF7F0E D0=00000006 D1=0000FFFF D2=00000000 D3=00000000 D4=00000000 D5=00000000 D6=00000000 D7=00000000 xnZvc

03:E3FA  33 FC  MOVE.W  #$0002,($00FFE486)       A0=00FFE3A4 A1=000AFAE2 A2=00FF9364 A3=00FF8002 A4=00FF8004 A5=00000000 A6=00000000 A7=00FF7F12 D0=00000006 D1=000042A3 D2=00000000 D3=00000000 D4=00000000 D5=00000000 D6=00000000 D7=00000000 xnzvc
03:E402  4A 79  TST.W   ($00FFE476)              A0=00FFE3A4 A1=000AFAE2 A2=00FF9364 A3=00FF8002 A4=00FF8004 A5=00000000 A6=00000000 A7=00FF7F12 D0=00000006 D1=000042A3 D2=00000000 D3=00000000 D4=00000000 D5=00000000 D6=00000000 D7=00000000 xnzvc
03:E408  67 04  BEQ     #$04 [03:E40E]           A0=00FFE3A4 A1=000AFAE2 A2=00FF9364 A3=00FF8002 A4=00FF8004 A5=00000000 A6=00000000 A7=00FF7F12 D0=00000006 D1=000042A3 D2=00000000 D3=00000000 D4=00000000 D5=00000000 D6=00000000 D7=00000000 xnZvc
03:E40E  4E BA  JSR     $FFC6(PC)                A0=00FFE3A4 A1=000AFAE2 A2=00FF9364 A3=00FF8002 A4=00FF8004 A5=00000000 A6=00000000 A7=00FF7F12 D0=00000006 D1=000042A3 D2=00000000 D3=00000000 D4=00000000 D5=00000000 D6=00000000 D7=00000000 xnZvc
03:E412  4E BA  JSR     $FF70(PC)                A0=00FFE3A4 A1=000AFAE2 A2=00FF9364 A3=00FF8002 A4=00FF8004 A5=00000000 A6=00000000 A7=00FF7F12 D0=00000006 D1=0000FFFF D2=00000000 D3=00000000 D4=00000000 D5=00000000 D6=00000000 D7=00000000 xnZvc
03:E416  20 2F  MOVE.L  $0004(SP),D0             A0=0003D70A A1=00FFFF14 A2=00FF9364 A3=00FF8002 A4=00FF8004 A5=00000000 A6=00000000 A7=00FF7F12 D0=0000FFFF D1=0000FFFF D2=00000000 D3=00000000 D4=00000000 D5=00000000 D6=00000000 D7=00000000 xnZvc
03:E41A  C0 FC  MULU.W  #$00E4,D0                A0=0003D70A A1=00FFFF14 A2=00FF9364 A3=00FF8002 A4=00FF8004 A5=00000000 A6=00000000 A7=00FF7F12 D0=00000006 D1=0000FFFF D2=00000000 D3=00000000 D4=00000000 D5=00000000 D6=00000000 D7=00000000 xnzvc
03:E41E  41 FA  LEA     $F206(PC),A0             A0=0003D70A A1=00FFFF14 A2=00FF9364 A3=00FF8002 A4=00FF8004 A5=00000000 A6=00000000 A7=00FF7F12 D0=00000558 D1=0000FFFF D2=00000000 D3=00000000 D4=00000000 D5=00000000 D6=00000000 D7=00000000 xnzvc
03:E422  D1 C0  ADDA.L  D0,A0                    A0=0003D626 A1=00FFFF14 A2=00FF9364 A3=00FF8002 A4=00FF8004 A5=00000000 A6=00000000 A7=00FF7F12 D0=00000558 D1=0000FFFF D2=00000000 D3=00000000 D4=00000000 D5=00000000 D6=00000000 D7=00000000 xnzvc
03:E424  43 F9  LEA     ($00FFFE30),A1           A0=0003DB7E A1=00FFFF14 A2=00FF9364 A3=00FF8002 A4=00FF8004 A5=00000000 A6=00000000 A7=00FF7F12 D0=00000558 D1=0000FFFF D2=00000000 D3=00000000 D4=00000000 D5=00000000 D6=00000000 D7=00000000 xnzvc
03:E42A  20 3C  MOVE.L  #$000000E4,D0            A0=0003DB7E A1=00FFFE30 A2=00FF9364 A3=00FF8002 A4=00FF8004 A5=00000000 A6=00000000 A7=00FF7F12 D0=00000558 D1=0000FFFF D2=00000000 D3=00000000 D4=00000000 D5=00000000 D6=00000000 D7=00000000 xnzvc
03:E430  53 40  SUBQ.W  #1,D0                    A0=0003DB7E A1=00FFFE30 A2=00FF9364 A3=00FF8002 A4=00FF8004 A5=00000000 A6=00000000 A7=00FF7F12 D0=000000E4 D1=0000FFFF D2=00000000 D3=00000000 D4=00000000 D5=00000000 D6=00000000 D7=00000000 xnzvc
03:E432  12 D8  MOVE.B  (A0)+,(A1)+              A0=0003DBBD A1=00FFFE6F A2=00FF9364 A3=00FF8002 A4=00FF8004 A5=00000000 A6=00000000 A7=00FF7F12 D0=000000A4 D1=0000FFFF D2=00000000 D3=00000000 D4=00000000 D5=00000000 D6=00000000 D7=00000000 xnZvc
03:E434  51 C8  DBFa    D0,#$FFFC [04:E432]      A0=0003DBBE A1=00FFFE70 A2=00FF9364 A3=00FF8002 A4=00FF8004 A5=00000000 A6=00000000 A7=00FF7F12 D0=000000A4 D1=0000FFFF D2=00000000 D3=00000000 D4=00000000 D5=00000000 D6=00000000 D7=00000000 xnZvc
03:E438  4E 75  RTS                              A0=0003DC62 A1=00FFFF14 A2=00FF9364 A3=00FF8002 A4=00FF8004 A5=00000000 A6=00000000 A7=00FF7F12 D0=0000FFFF D1=0000FFFF D2=00000000 D3=00000000 D4=00000000 D5=00000000 D6=00000000 D7=00000000 xnZvc

03:E43A  42 A8  CLR.L   $0008(A0)                A0=00FFFE56 A1=0003E43A A2=00FF9364 A3=00FFFE00 A4=0003BDEA A5=00A04000 A6=00000000 A7=00FF7EF2 D0=00000007 D1=0003E43A D2=000000F1 D3=000000F0 D4=0000000B D5=000000D3 D6=00000000 D7=000000A1 xnzvc
03:E43E  70 00  MOVEQ   #$00,D0                  A0=00FFFE56 A1=0003E43A A2=00FF9364 A3=00FFFE00 A4=0003BDEA A5=00A04000 A6=00000000 A7=00FF7EF2 D0=00000007 D1=0003E43A D2=000000F1 D3=000000F0 D4=0000000B D5=000000D3 D6=00000000 D7=000000A1 xnZvc
03:E440  10 39  MOVE.B  ($00FF802A),D0           A0=00FFFE56 A1=0003E43A A2=00FF9364 A3=00FFFE00 A4=0003BDEA A5=00A04000 A6=00000000 A7=00FF7EF2 D0=00000000 D1=0003E43A D2=000000F1 D3=000000F0 D4=0000000B D5=000000D3 D6=00000000 D7=000000A1 xnZvc
03:E446  53 79  SUBQ.W  #1,($00FFE486)           A0=00FFFE56 A1=0003E43A A2=00FF9364 A3=00FFFE00 A4=0003BDEA A5=00A04000 A6=00000000 A7=00FF7EF2 D0=00000000 D1=0003E43A D2=000000F1 D3=000000F0 D4=0000000B D5=000000D3 D6=00000000 D7=000000A1 xnZvc
03:E44C  67 1E  BEQ     #$1E [03:E46C]           A0=00FFFE56 A1=0003E43A A2=00FF9364 A3=00FFFE00 A4=0003BDEA A5=00A04000 A6=00000000 A7=00FF7EF2 D0=00000000 D1=0003E43A D2=000000F1 D3=000000F0 D4=0000000B D5=000000D3 D6=00000000 D7=000000A1 xnzvc
03:E44E  32 39  MOVE.W  ($00FFE486),D1           A0=00FFFE56 A1=0003E43A A2=00FF9364 A3=00FFFE00 A4=0003BDEA A5=00A04000 A6=00000000 A7=00FF7EF2 D0=00000000 D1=0003E43A D2=000000F1 D3=000000F0 D4=0000000B D5=000000D3 D6=00000000 D7=000000A1 xnzvc
03:E454  0C 41  CMPI.W  #$FFFE,D1                A0=00FFFE56 A1=0003E43A A2=00FF9364 A3=00FFFE00 A4=0003BDEA A5=00A04000 A6=00000000 A7=00FF7EF2 D0=00000000 D1=00030001 D2=000000F1 D3=000000F0 D4=0000000B D5=000000D3 D6=00000000 D7=000000A1 xnzvc
03:E458  67 02  BEQ     #$02 [03:E45C]           A0=00FFFE56 A1=0003E43A A2=00FF9364 A3=00FFFE00 A4=0003BDEA A5=00A04000 A6=00000000 A7=00FF7EF2 D0=00000000 D1=00030001 D2=000000F1 D3=000000F0 D4=0000000B D5=000000D3 D6=00000000 D7=000000A1 xnzvC
03:E45A  4E 75  RTS                              A0=00FFFE56 A1=0003E43A A2=00FF9364 A3=00FFFE00 A4=0003BDEA A5=00A04000 A6=00000000 A7=00FF7EF2 D0=00000000 D1=00030001 D2=000000F1 D3=000000F0 D4=0000000B D5=000000D3 D6=00000000 D7=000000A1 xnzvC

03:E45C  4A 79  TST.W   ($00FFE476)              A0=00FFFEEE A1=0003E43A A2=00FF9364 A3=00FFFE00 A4=00FFFEEE A5=00000000 A6=00000000 A7=00FF7EEE D0=00000000 D1=0003FFFE D2=00000010 D3=00FFFEEE D4=00003050 D5=00000000 D6=00000000 D7=00000000 xnZvc
03:E462  66 08  BNE     #$08 [03:E46C]           A0=00FFFEEE A1=0003E43A A2=00FF9364 A3=00FFFE00 A4=00FFFEEE A5=00000000 A6=00000000 A7=00FF7EEE D0=00000000 D1=0003FFFE D2=00000010 D3=00FFFEEE D4=00003050 D5=00000000 D6=00000000 D7=00000000 xnZvc
03:E464  2F 00  MOVE.L  D0,-(SP)                 A0=00FFFEEE A1=0003E43A A2=00FF9364 A3=00FFFE00 A4=00FFFEEE A5=00000000 A6=00000000 A7=00FF7EEE D0=00000000 D1=0003FFFE D2=00000010 D3=00FFFEEE D4=00003050 D5=00000000 D6=00000000 D7=00000000 xnZvc
03:E466  61 92  BSR     #$92 [03:E3FA]           A0=00FFFEEE A1=0003E43A A2=00FF9364 A3=00FFFE00 A4=00FFFEEE A5=00000000 A6=00000000 A7=00FF7EEA D0=00000000 D1=0003FFFE D2=00000010 D3=00FFFEEE D4=00003050 D5=00000000 D6=00000000 D7=00000000 xnZvc
03:E468  58 4F  ADDQ.W  #4,SP                    A0=0003D70A A1=00FFFF14 A2=00FF9364 A3=00FFFE00 A4=00FFFEEE A5=00000000 A6=00000000 A7=00FF7EEA D0=0000FFFF D1=0000FFFF D2=00000010 D3=00FFFEEE D4=00003050 D5=00000000 D6=00000000 D7=00000000 xnZvc
03:E46A  4E 75  RTS                              A0=0003D70A A1=00FFFF14 A2=00FF9364 A3=00FFFE00 A4=00FFFEEE A5=00000000 A6=00000000 A7=00FF7EEE D0=0000FFFF D1=0000FFFF D2=00000010 D3=00FFFEEE D4=00003050 D5=00000000 D6=00000000 D7=00000000 xnZvc

03:E46C  4A 79  TST.W   ($00FFE474)              A0=00FFFE56 A1=0003E43A A2=00FF9364 A3=00FFFE00 A4=0003BDEA A5=00A04000 A6=00000000 A7=00FF7EF2 D0=00000000 D1=0003E43A D2=000000F1 D3=000000F0 D4=0000000B D5=000000D3 D6=00000000 D7=000000A1 xnZvc
03:E472  66 0A  BNE     #$0A [03:E47E]           A0=00FFFE56 A1=0003E43A A2=00FF9364 A3=00FFFE00 A4=0003BDEA A5=00A04000 A6=00000000 A7=00FF7EF2 D0=00000000 D1=0003E43A D2=000000F1 D3=000000F0 D4=0000000B D5=000000D3 D6=00000000 D7=000000A1 xnZvc
03:E474  5E 00  ADDQ.B  #7,D0                    A0=00FFFE56 A1=0003E43A A2=00FF9364 A3=00FFFE00 A4=0003BDEA A5=00A04000 A6=00000000 A7=00FF7EF2 D0=00000000 D1=0003E43A D2=000000F1 D3=000000F0 D4=0000000B D5=000000D3 D6=00000000 D7=000000A1 xnZvc
03:E476  2F 00  MOVE.L  D0,-(SP)                 A0=00FFFE56 A1=0003E43A A2=00FF9364 A3=00FFFE00 A4=0003BDEA A5=00A04000 A6=00000000 A7=00FF7EF2 D0=00000007 D1=0003E43A D2=000000F1 D3=000000F0 D4=0000000B D5=000000D3 D6=00000000 D7=000000A1 xnzvc
03:E478  61 94  BSR     #$94 [03:E40E]           A0=00FFFE56 A1=0003E43A A2=00FF9364 A3=00FFFE00 A4=0003BDEA A5=00A04000 A6=00000000 A7=00FF7EEE D0=00000007 D1=0003E43A D2=000000F1 D3=000000F0 D4=0000000B D5=000000D3 D6=00000000 D7=000000A1 xnzvc
03:E47A  58 8F  ADDQ.L  #4,SP                    A0=0003DD46 A1=00FFFF14 A2=00FF9364 A3=00FFFE00 A4=0003BDEA A5=00A04000 A6=00000000 A7=00FF7EEE D0=0000FFFF D1=0000FFFF D2=000000F1 D3=000000F0 D4=0000000B D5=000000D3 D6=00000000 D7=000000A1 xnZvc
03:E47C  4E 75  RTS                              A0=0003DD46 A1=00FFFF14 A2=00FF9364 A3=00FFFE00 A4=0003BDEA A5=00A04000 A6=00000000 A7=00FF7EF2 D0=0000FFFF D1=0000FFFF D2=000000F1 D3=000000F0 D4=0000000B D5=000000D3 D6=00000000 D7=000000A1 xnZvc

03:E494  4A B9  TST.L   ($00FFFF18)              A0=0003F509 A1=00A0050F A2=00026F76 A3=00FF8000 A4=00026FDA A5=00000000 A6=00000000 A7=00FF7FA4 D0=3FFF01FF D1=400080FF D2=00000000 D3=00000000 D4=00000000 D5=00000000 D6=00000000 D7=00000000 xnZvc
03:E49A  67 10  BEQ     #$10 [03:E4AC]           A0=0003F509 A1=00A0050F A2=00026F76 A3=00FF8000 A4=00026FDA A5=00000000 A6=00000000 A7=00FF7FA4 D0=3FFF01FF D1=400080FF D2=00000000 D3=00000000 D4=00000000 D5=00000000 D6=00000000 D7=00000000 xnZvc
03:E4AC  4A B9  TST.L   ($00FFFF3E)              A0=0003F509 A1=00A0050F A2=00026F76 A3=00FF8000 A4=00026FDA A5=00000000 A6=00000000 A7=00FF7FA4 D0=3FFF01FF D1=400080FF D2=00000000 D3=00000000 D4=00000000 D5=00000000 D6=00000000 D7=00000000 xnZvc
03:E4B2  67 10  BEQ     #$10 [03:E4C4]           A0=0003F509 A1=00A0050F A2=00026F76 A3=00FF8000 A4=00026FDA A5=00000000 A6=00000000 A7=00FF7FA4 D0=3FFF01FF D1=400080FF D2=00000000 D3=00000000 D4=00000000 D5=00000000 D6=00000000 D7=00000000 xnZvc
03:E4C4  4A B9  TST.L   ($00FFFF64)              A0=0003F509 A1=00A0050F A2=00026F76 A3=00FF8000 A4=00026FDA A5=00000000 A6=00000000 A7=00FF7FA4 D0=3FFF01FF D1=400080FF D2=00000000 D3=00000000 D4=00000000 D5=00000000 D6=00000000 D7=00000000 xnZvc
03:E4CA  67 10  BEQ     #$10 [03:E4DC]           A0=0003F509 A1=00A0050F A2=00026F76 A3=00FF8000 A4=00026FDA A5=00000000 A6=00000000 A7=00FF7FA4 D0=3FFF01FF D1=400080FF D2=00000000 D3=00000000 D4=00000000 D5=00000000 D6=00000000 D7=00000000 xnZvc
03:E4DC  30 3C  MOVE.W  #$0038,D0                A0=0003F509 A1=00A0050F A2=00026F76 A3=00FF8000 A4=00026FDA A5=00000000 A6=00000000 A7=00FF7FA4 D0=3FFF01FF D1=400080FF D2=00000000 D3=00000000 D4=00000000 D5=00000000 D6=00000000 D7=00000000 xnZvc
03:E4E0  41 F9  LEA     ($00FFFF14),A0           A0=0003F509 A1=00A0050F A2=00026F76 A3=00FF8000 A4=00026FDA A5=00000000 A6=00000000 A7=00FF7FA4 D0=3FFF0038 D1=400080FF D2=00000000 D3=00000000 D4=00000000 D5=00000000 D6=00000000 D7=00000000 xnzvc
03:E4E6  42 58  CLR.W   (A0)+                    A0=00FFFF84 A1=00A0050F A2=00026F76 A3=00FF8000 A4=00026FDA A5=00000000 A6=00000000 A7=00FF7FA4 D0=3FFF0000 D1=400080FF D2=00000000 D3=00000000 D4=00000000 D5=00000000 D6=00000000 D7=00000000 xnZvc
03:E4E8  51 C8  DBFa    D0,#$FFFC [04:E4E6]      A0=00FFFF86 A1=00A0050F A2=00026F76 A3=00FF8000 A4=00026FDA A5=00000000 A6=00000000 A7=00FF7FA4 D0=3FFF0000 D1=400080FF D2=00000000 D3=00000000 D4=00000000 D5=00000000 D6=00000000 D7=00000000 xnZvc
03:E4EC  30 39  MOVE.W  ($00FFE47C),D0           A0=00FFFF86 A1=00A0050F A2=00026F76 A3=00FF8000 A4=00026FDA A5=00000000 A6=00000000 A7=00FF7FA4 D0=3FFFFFFF D1=400080FF D2=00000000 D3=00000000 D4=00000000 D5=00000000 D6=00000000 D7=00000000 xnZvc
03:E4F2  33 C0  MOVE.W  D0,($00FFE472)           A0=00FFFF86 A1=00A0050F A2=00026F76 A3=00FF8000 A4=00026FDA A5=00000000 A6=00000000 A7=00FF7FA4 D0=3FFF0000 D1=400080FF D2=00000000 D3=00000000 D4=00000000 D5=00000000 D6=00000000 D7=00000000 xnZvc
03:E4F8  67 26  BEQ     #$26 [03:E520]           A0=00FFFF86 A1=00A0050F A2=00026F76 A3=00FF8000 A4=00026FDA A5=00000000 A6=00000000 A7=00FF7FA4 D0=3FFF0000 D1=400080FF D2=00000000 D3=00000000 D4=00000000 D5=00000000 D6=00000000 D7=00000000 xnZvc
03:E520  33 FC  MOVE.W  #$FFFF,($00FFE47C)       A0=00FFFF86 A1=00A0050F A2=00026F76 A3=00FF8000 A4=00026FDA A5=00000000 A6=00000000 A7=00FF7FA4 D0=3FFF0000 D1=400080FF D2=00000000 D3=00000000 D4=00000000 D5=00000000 D6=00000000 D7=00000000 xnZvc
03:E528  4E 75  RTS                              A0=00FFFF86 A1=00A0050F A2=00026F76 A3=00FF8000 A4=00026FDA A5=00000000 A6=00000000 A7=00FF7FA4 D0=3FFF0000 D1=400080FF D2=00000000 D3=00000000 D4=00000000 D5=00000000 D6=00000000 D7=00000000 xNzvc

03:E52A  B2 39  CMP.B   ($00FFE489),D1           A0=00FFFE56 A1=0003FB65 A2=00FF9364 A3=00FFFE00 A4=0003BC48 A5=00A04000 A6=00000000 A7=00FF7EE6 D0=00000007 D1=00030001 D2=000000F0 D3=0000000F D4=0000000B D5=000000D3 D6=00000000 D7=000000A0 xnzvc
03:E530  66 08  BNE     #$08 [03:E53A]           A0=00FFFE56 A1=0003FB65 A2=00FF9364 A3=00FFFE00 A4=0003BC48 A5=00A04000 A6=00000000 A7=00FF7EE6 D0=00000007 D1=00030001 D2=000000F0 D3=0000000F D4=0000000B D5=000000D3 D6=00000000 D7=000000A0 xnzvc
03:E532  13 FC  MOVE.B  #$01,($00FFE488)         A0=00FFFE30 A1=0003F90E A2=00FF9364 A3=00FFFE00 A4=00FFFEEE A5=00000000 A6=00000000 A7=00FF7EFA D0=00000008 D1=00030000 D2=00000010 D3=00FFFE04 D4=0000001A D5=0000008D D6=00000000 D7=00000000 xnZvc
03:E53A  48 81  EXT.W   D1                       A0=00FFFE56 A1=0003FB65 A2=00FF9364 A3=00FFFE00 A4=0003BC48 A5=00A04000 A6=00000000 A7=00FF7EE6 D0=00000007 D1=00030001 D2=000000F0 D3=0000000F D4=0000000B D5=000000D3 D6=00000000 D7=000000A0 xnzvc
03:E53C  0C 41  CMPI.W  #$0006,D1                A0=00FFFE56 A1=0003FB65 A2=00FF9364 A3=00FFFE00 A4=0003BC48 A5=00A04000 A6=00000000 A7=00FF7EE6 D0=00000007 D1=00030001 D2=000000F0 D3=0000000F D4=0000000B D5=000000D3 D6=00000000 D7=000000A0 xnzvc
03:E540  6C 00  BGE     #$06C0 [03:EC02]         A0=00FFFE56 A1=0003FB65 A2=00FF9364 A3=00FFFE00 A4=0003BC48 A5=00A04000 A6=00000000 A7=00FF7EE6 D0=00000007 D1=00030001 D2=000000F0 D3=0000000F D4=0000000B D5=000000D3 D6=00000000 D7=000000A0 xNzvC
03:E544  48 83  EXT.W   D3                       A0=00FFFE56 A1=0003FB65 A2=00FF9364 A3=00FFFE00 A4=0003BC48 A5=00A04000 A6=00000000 A7=00FF7EE6 D0=00000007 D1=00030001 D2=000000F0 D3=0000000F D4=0000000B D5=000000D3 D6=00000000 D7=000000A0 xNzvC
03:E546  C6 FC  MULU.W  #$0026,D3                A0=00FFFE56 A1=0003FB65 A2=00FF9364 A3=00FFFE00 A4=0003BC48 A5=00A04000 A6=00000000 A7=00FF7EE6 D0=00000007 D1=00030001 D2=000000F0 D3=0000000F D4=0000000B D5=000000D3 D6=00000000 D7=000000A0 xnzvc
03:E54A  49 FA  LEA     $D648(PC),A4             A0=00FFFE56 A1=0003FB65 A2=00FF9364 A3=00FFFE00 A4=0003BC48 A5=00A04000 A6=00000000 A7=00FF7EE6 D0=00000007 D1=00030001 D2=000000F0 D3=0000023A D4=0000000B D5=000000D3 D6=00000000 D7=000000A0 xnzvc
03:E54E  D9 C3  ADDA.L  D3,A4                    A0=00FFFE56 A1=0003FB65 A2=00FF9364 A3=00FFFE00 A4=0003BB94 A5=00A04000 A6=00000000 A7=00FF7EE6 D0=00000007 D1=00030001 D2=000000F0 D3=0000023A D4=0000000B D5=000000D3 D6=00000000 D7=000000A0 xnzvc
03:E550  48 81  EXT.W   D1                       A0=00FFFE56 A1=0003FB65 A2=00FF9364 A3=00FFFE00 A4=0003BDCE A5=00A04000 A6=00000000 A7=00FF7EE6 D0=00000007 D1=00030001 D2=000000F0 D3=0000023A D4=0000000B D5=000000D3 D6=00000000 D7=000000A0 xnzvc
03:E552  4B F9  LEA     ($00FFFE28),A5           A0=00FFFE56 A1=0003FB65 A2=00FF9364 A3=00FFFE00 A4=0003BDCE A5=00A04000 A6=00000000 A7=00FF7EE6 D0=00000007 D1=00030001 D2=000000F0 D3=0000023A D4=0000000B D5=000000D3 D6=00000000 D7=000000A0 xnzvc
03:E558  1B AC  MOVE.B  $0025(A4),$00(A5,D1)     A0=00FFFE56 A1=0003FB65 A2=00FF9364 A3=00FFFE00 A4=0003BDCE A5=00FFFE28 A6=00000000 A7=00FF7EE6 D0=00000007 D1=00030001 D2=000000F0 D3=0000023A D4=0000000B D5=000000D3 D6=00000000 D7=000000A0 xnzvc
03:E55E  76 00  MOVEQ   #$00,D3                  A0=00FFFE56 A1=0003FB65 A2=00FF9364 A3=00FFFE00 A4=0003BDCE A5=00FFFE28 A6=00000000 A7=00FF7EE6 D0=00000007 D1=00030001 D2=000000F0 D3=0000023A D4=0000000B D5=000000D3 D6=00000000 D7=000000A0 xnZvc
03:E560  0C 41  CMPI.W  #$0003,D1                A0=00FFFE56 A1=0003FB65 A2=00FF9364 A3=00FFFE00 A4=0003BDCE A5=00FFFE28 A6=00000000 A7=00FF7EE6 D0=00000007 D1=00030001 D2=000000F0 D3=00000000 D4=0000000B D5=000000D3 D6=00000000 D7=000000A0 xnZvc
03:E564  6C 16  BGE     #$16 [03:E57C]           A0=00FFFE56 A1=0003FB65 A2=00FF9364 A3=00FFFE00 A4=0003BDCE A5=00FFFE28 A6=00000000 A7=00FF7EE6 D0=00000007 D1=00030001 D2=000000F0 D3=00000000 D4=0000000B D5=000000D3 D6=00000000 D7=000000A0 xNzvC
03:E566  0C 41  CMPI.W  #$0002,D1                A0=00FFFE56 A1=0003FB6B A2=00FF9364 A3=00FFFE00 A4=0003BDCE A5=00FFFE28 A6=00000000 A7=00FF7EFA D0=00000007 D1=00030001 D2=000000F0 D3=00000000 D4=0000000B D5=000000D3 D6=00000000 D7=000000A0 xNzvC
03:E56A  66 00  BNE     #$0006 [03:E572]         A0=00FFFE56 A1=0003FB6B A2=00FF9364 A3=00FFFE00 A4=0003BDCE A5=00FFFE28 A6=00000000 A7=00FF7EFA D0=00000007 D1=00030001 D2=000000F0 D3=00000000 D4=0000000B D5=000000D3 D6=00000000 D7=000000A0 xNzvC
03:E56E  16 2C  MOVE.B  $0001(A4),D3             A0=00FFFE7C A1=0003FCAE A2=00FF9364 A3=00FFFE00 A4=0003BE1A A5=00FFFE28 A6=00000000 A7=00FF7EFA D0=00000006 D1=00030002 D2=000000F0 D3=00000000 D4=0000000A D5=000000B4 D6=00000000 D7=000000A0 xnZvc
03:E572  4B F9  LEA     ($00A04000),A5           A0=00FFFE56 A1=0003FB6B A2=00FF9364 A3=00FFFE00 A4=0003BDCE A5=00FFFE28 A6=00000000 A7=00FF7EFA D0=00000007 D1=00030001 D2=000000F0 D3=00000000 D4=0000000B D5=000000D3 D6=00000000 D7=000000A0 xNzvC
03:E578  34 01  MOVE.W  D1,D2                    A0=00FFFE56 A1=0003FB6B A2=00FF9364 A3=00FFFE00 A4=0003BDCE A5=00A04000 A6=00000000 A7=00FF7EFA D0=00000007 D1=00030001 D2=000000F0 D3=00000000 D4=0000000B D5=000000D3 D6=00000000 D7=000000A0 xNzvC
03:E57A  60 0C  BRA     #$0C [03:E588]           A0=00FFFE56 A1=0003FB6B A2=00FF9364 A3=00FFFE00 A4=0003BDCE A5=00A04000 A6=00000000 A7=00FF7EFA D0=00000007 D1=00030001 D2=00000001 D3=00000000 D4=0000000B D5=000000D3 D6=00000000 D7=000000A0 xnzvc
03:E57C  4B F9  LEA     ($00A04002),A5           A0=00FFFEC8 A1=00040031 A2=00FF9364 A3=00FFFE00 A4=0003BCC4 A5=00FFFE28 A6=00000000 A7=00FF7EFA D0=00000004 D1=00040004 D2=00000010 D3=00000000 D4=00000022 D5=000000DD D6=00000000 D7=00000000 xnzvc
03:E582  34 01  MOVE.W  D1,D2                    A0=00FFFEC8 A1=00040031 A2=00FF9364 A3=00FFFE00 A4=0003BCC4 A5=00A04002 A6=00000000 A7=00FF7EFA D0=00000004 D1=00040004 D2=00000010 D3=00000000 D4=00000022 D5=000000DD D6=00000000 D7=00000000 xnzvc
03:E584  52 42  ADDQ.W  #1,D2                    A0=00FFFEC8 A1=00040031 A2=00FF9364 A3=00FFFE00 A4=0003BCC4 A5=00A04002 A6=00000000 A7=00FF7EFA D0=00000004 D1=00040004 D2=00000004 D3=00000000 D4=00000022 D5=000000DD D6=00000000 D7=00000000 xnzvc
03:E586  57 41  SUBQ.W  #3,D1                    A0=00FFFEC8 A1=00040031 A2=00FF9364 A3=00FFFE00 A4=0003BCC4 A5=00A04002 A6=00000000 A7=00FF7EFA D0=00000004 D1=00040004 D2=00000005 D3=00000000 D4=00000022 D5=000000DD D6=00000000 D7=00000000 xnzvc
03:E588  33 FC  MOVE.W  #$0100,($00A11100)       A0=00FFFE56 A1=0003FB65 A2=00FF9364 A3=00FFFE00 A4=0003BDCE A5=00A04000 A6=00000000 A7=00FF7EE6 D0=00000007 D1=00030001 D2=00000001 D3=00000000 D4=0000000B D5=000000D3 D6=00000000 D7=000000A0 xnzvc
03:E590  4E 71  NOP                              A0=00FFFE56 A1=0003FB65 A2=00FF9364 A3=00FFFE00 A4=0003BDCE A5=00A04000 A6=00000000 A7=00FF7EE6 D0=00000007 D1=00030001 D2=00000001 D3=00000000 D4=0000000B D5=000000D3 D6=00000000 D7=000000A0 xnzvc
03:E592  53 39  SUBQ.B  #1,($00A0004A)           A0=00FFFE56 A1=0003FB65 A2=00FF9364 A3=00FFFE00 A4=0003BDCE A5=00A04000 A6=00000000 A7=00FF7EE6 D0=00000007 D1=00030001 D2=00000001 D3=00000000 D4=0000000B D5=000000D3 D6=00000000 D7=000000A0 xnzvc
03:E598  08 39  BTST    #7,($00A04000)           A0=00FFFE56 A1=0003FB65 A2=00FF9364 A3=00FFFE00 A4=0003BDCE A5=00A04000 A6=00000000 A7=00FF7EE6 D0=00000007 D1=00030001 D2=00000001 D3=00000000 D4=0000000B D5=000000D3 D6=00000000 D7=000000A0 xnzvc
03:E5A0  66 F6  BNE     #$F6 [03:E598]           A0=00FFFE56 A1=0003FB65 A2=00FF9364 A3=00FFFE00 A4=0003BDCE A5=00A04000 A6=00000000 A7=00FF7EE6 D0=00000007 D1=00030001 D2=00000001 D3=00000000 D4=0000000B D5=000000D3 D6=00000000 D7=000000A0 xnZvc
03:E5A2  13 FC  MOVE.B  #$22,($00A04000)         A0=00FFFE56 A1=0003FB65 A2=00FF9364 A3=00FFFE00 A4=0003BDCE A5=00A04000 A6=00000000 A7=00FF7EE6 D0=00000007 D1=00030001 D2=00000001 D3=00000000 D4=0000000B D5=000000D3 D6=00000000 D7=000000A0 xnZvc
03:E5AA  4E 71  NOP                              A0=00FFFE56 A1=0003FB65 A2=00FF9364 A3=00FFFE00 A4=0003BDCE A5=00A04000 A6=00000000 A7=00FF7EE6 D0=00000007 D1=00030001 D2=00000001 D3=00000000 D4=0000000B D5=000000D3 D6=00000000 D7=000000A0 xnzvc
03:E5AC  13 DC  MOVE.B  (A4)+,($00A04001)        A0=00FFFE56 A1=0003FB65 A2=00FF9364 A3=00FFFE00 A4=0003BDCE A5=00A04000 A6=00000000 A7=00FF7EE6 D0=00000007 D1=00030001 D2=00000001 D3=00000000 D4=0000000B D5=000000D3 D6=00000000 D7=000000A0 xnzvc
03:E5B2  52 8C  ADDQ.L  #1,A4                    A0=00FFFE56 A1=0003FB65 A2=00FF9364 A3=00FFFE00 A4=0003BDCF A5=00A04000 A6=00000000 A7=00FF7EE6 D0=00000007 D1=00030001 D2=00000001 D3=00000000 D4=0000000B D5=000000D3 D6=00000000 D7=000000A0 xnzvc
03:E5B4  08 39  BTST    #7,($00A04000)           A0=00FFFE56 A1=0003FB65 A2=00FF9364 A3=00FFFE00 A4=0003BDD0 A5=00A04000 A6=00000000 A7=00FF7EE6 D0=00000007 D1=00030001 D2=00000001 D3=00000000 D4=0000000B D5=000000D3 D6=00000000 D7=000000A0 xnzvc
03:E5BC  66 F6  BNE     #$F6 [03:E5B4]           A0=00FFFE56 A1=0003FB65 A2=00FF9364 A3=00FFFE00 A4=0003BDD0 A5=00A04000 A6=00000000 A7=00FF7EE6 D0=00000007 D1=00030001 D2=00000001 D3=00000000 D4=0000000B D5=000000D3 D6=00000000 D7=000000A0 xnZvc
03:E5BE  13 FC  MOVE.B  #$27,($00A04000)         A0=00FFFE56 A1=0003FB65 A2=00FF9364 A3=00FFFE00 A4=0003BDD0 A5=00A04000 A6=00000000 A7=00FF7EE6 D0=00000007 D1=00030001 D2=00000001 D3=00000000 D4=0000000B D5=000000D3 D6=00000000 D7=000000A0 xnZvc
03:E5C6  4E 71  NOP                              A0=00FFFE56 A1=0003FB65 A2=00FF9364 A3=00FFFE00 A4=0003BDD0 A5=00A04000 A6=00000000 A7=00FF7EE6 D0=00000007 D1=00030001 D2=00000001 D3=00000000 D4=0000000B D5=000000D3 D6=00000000 D7=000000A0 xnzvc
03:E5C8  13 C3  MOVE.B  D3,($00A04001)           A0=00FFFE56 A1=0003FB65 A2=00FF9364 A3=00FFFE00 A4=0003BDD0 A5=00A04000 A6=00000000 A7=00FF7EE6 D0=00000007 D1=00030001 D2=00000001 D3=00000000 D4=0000000B D5=000000D3 D6=00000000 D7=000000A0 xnzvc
03:E5CE  08 15  BTST    #7,(A5)                  A0=00FFFE56 A1=0003FB65 A2=00FF9364 A3=00FFFE00 A4=0003BDD0 A5=00A04000 A6=00000000 A7=00FF7EE6 D0=00000007 D1=00030001 D2=00000001 D3=00000000 D4=0000000B D5=000000D3 D6=00000000 D7=000000A0 xnZvc
03:E5D2  66 FA  BNE     #$FA [03:E5CE]           A0=00FFFE56 A1=0003FB65 A2=00FF9364 A3=00FFFE00 A4=0003BDD0 A5=00A04000 A6=00000000 A7=00FF7EE6 D0=00000007 D1=00030001 D2=00000001 D3=00000000 D4=0000000B D5=000000D3 D6=00000000 D7=000000A0 xnZvc
03:E5D4  1E 3C  MOVE.B  #$B0,D7                  A0=00FFFE56 A1=0003FB65 A2=00FF9364 A3=00FFFE00 A4=0003BDD0 A5=00A04000 A6=00000000 A7=00FF7EE6 D0=00000007 D1=00030001 D2=00000001 D3=00000000 D4=0000000B D5=000000D3 D6=00000000 D7=000000A0 xnZvc
03:E5D8  8E 01  OR.B    D1,D7                    A0=00FFFE56 A1=0003FB65 A2=00FF9364 A3=00FFFE00 A4=0003BDD0 A5=00A04000 A6=00000000 A7=00FF7EE6 D0=00000007 D1=00030001 D2=00000001 D3=00000000 D4=0000000B D5=000000D3 D6=00000000 D7=000000B0 xNzvc
03:E5DA  1A 87  MOVE.B  D7,(A5)                  A0=00FFFE56 A1=0003FB65 A2=00FF9364 A3=00FFFE00 A4=0003BDD0 A5=00A04000 A6=00000000 A7=00FF7EE6 D0=00000007 D1=00030001 D2=00000001 D3=00000000 D4=0000000B D5=000000D3 D6=00000000 D7=000000B1 xNzvc
03:E5DC  4E 71  NOP                              A0=00FFFE56 A1=0003FB65 A2=00FF9364 A3=00FFFE00 A4=0003BDD0 A5=00A04000 A6=00000000 A7=00FF7EE6 D0=00000007 D1=00030001 D2=00000001 D3=00000000 D4=0000000B D5=000000D3 D6=00000000 D7=000000B1 xNzvc
03:E5DE  1B 5C  MOVE.B  (A4)+,$0001(A5)          A0=00FFFE56 A1=0003FB65 A2=00FF9364 A3=00FFFE00 A4=0003BDD0 A5=00A04000 A6=00000000 A7=00FF7EE6 D0=00000007 D1=00030001 D2=00000001 D3=00000000 D4=0000000B D5=000000D3 D6=00000000 D7=000000B1 xNzvc
03:E5E2  4E 71  NOP                              A0=00FFFE56 A1=0003FB65 A2=00FF9364 A3=00FFFE00 A4=0003BDD1 A5=00A04000 A6=00000000 A7=00FF7EE6 D0=00000007 D1=00030001 D2=00000001 D3=00000000 D4=0000000B D5=000000D3 D6=00000000 D7=000000B1 xnzvc
03:E5E4  4E 71  NOP                              A0=00FFFE56 A1=0003FB65 A2=00FF9364 A3=00FFFE00 A4=0003BDD1 A5=00A04000 A6=00000000 A7=00FF7EE6 D0=00000007 D1=00030001 D2=00000001 D3=00000000 D4=0000000B D5=000000D3 D6=00000000 D7=000000B1 xnzvc
03:E5E6  4E 71  NOP                              A0=00FFFE56 A1=0003FB65 A2=00FF9364 A3=00FFFE00 A4=0003BDD1 A5=00A04000 A6=00000000 A7=00FF7EE6 D0=00000007 D1=00030001 D2=00000001 D3=00000000 D4=0000000B D5=000000D3 D6=00000000 D7=000000B1 xnzvc
03:E5E8  4E 71  NOP                              A0=00FFFE56 A1=0003FB65 A2=00FF9364 A3=00FFFE00 A4=0003BDD1 A5=00A04000 A6=00000000 A7=00FF7EE6 D0=00000007 D1=00030001 D2=00000001 D3=00000000 D4=0000000B D5=000000D3 D6=00000000 D7=000000B1 xnzvc
03:E5EA  4E 71  NOP                              A0=00FFFE56 A1=0003FB65 A2=00FF9364 A3=00FFFE00 A4=0003BDD1 A5=00A04000 A6=00000000 A7=00FF7EE6 D0=00000007 D1=00030001 D2=00000001 D3=00000000 D4=0000000B D5=000000D3 D6=00000000 D7=000000B1 xnzvc
03:E5EC  4E 71  NOP                              A0=00FFFE56 A1=0003FB65 A2=00FF9364 A3=00FFFE00 A4=0003BDD1 A5=00A04000 A6=00000000 A7=00FF7EE6 D0=00000007 D1=00030001 D2=00000001 D3=00000000 D4=0000000B D5=000000D3 D6=00000000 D7=000000B1 xnzvc
03:E5EE  4E 71  NOP                              A0=00FFFE56 A1=0003FB65 A2=00FF9364 A3=00FFFE00 A4=0003BDD1 A5=00A04000 A6=00000000 A7=00FF7EE6 D0=00000007 D1=00030001 D2=00000001 D3=00000000 D4=0000000B D5=000000D3 D6=00000000 D7=000000B1 xnzvc
03:E5F0  4E 71  NOP                              A0=00FFFE56 A1=0003FB65 A2=00FF9364 A3=00FFFE00 A4=0003BDD1 A5=00A04000 A6=00000000 A7=00FF7EE6 D0=00000007 D1=00030001 D2=00000001 D3=00000000 D4=0000000B D5=000000D3 D6=00000000 D7=000000B1 xnzvc
03:E5F2  4E 71  NOP                              A0=00FFFE56 A1=0003FB65 A2=00FF9364 A3=00FFFE00 A4=0003BDD1 A5=00A04000 A6=00000000 A7=00FF7EE6 D0=00000007 D1=00030001 D2=00000001 D3=00000000 D4=0000000B D5=000000D3 D6=00000000 D7=000000B1 xnzvc
03:E5F4  08 15  BTST    #7,(A5)                  A0=00FFFE56 A1=0003FB65 A2=00FF9364 A3=00FFFE00 A4=0003BDD1 A5=00A04000 A6=00000000 A7=00FF7EE6 D0=00000007 D1=00030001 D2=00000001 D3=00000000 D4=0000000B D5=000000D3 D6=00000000 D7=000000B1 xnzvc
03:E5F8  66 FA  BNE     #$FA [03:E5F4]           A0=00FFFE56 A1=0003FB65 A2=00FF9364 A3=00FFFE00 A4=0003BDD1 A5=00A04000 A6=00000000 A7=00FF7EE6 D0=00000007 D1=00030001 D2=00000001 D3=00000000 D4=0000000B D5=000000D3 D6=00000000 D7=000000B1 xnZvc
03:E5FA  1E 3C  MOVE.B  #$B4,D7                  A0=00FFFE56 A1=0003FB65 A2=00FF9364 A3=00FFFE00 A4=0003BDD1 A5=00A04000 A6=00000000 A7=00FF7EE6 D0=00000007 D1=00030001 D2=00000001 D3=00000000 D4=0000000B D5=000000D3 D6=00000000 D7=000000B1 xnZvc
03:E5FE  8E 01  OR.B    D1,D7                    A0=00FFFE56 A1=0003FB65 A2=00FF9364 A3=00FFFE00 A4=0003BDD1 A5=00A04000 A6=00000000 A7=00FF7EE6 D0=00000007 D1=00030001 D2=00000001 D3=00000000 D4=0000000B D5=000000D3 D6=00000000 D7=000000B4 xNzvc
03:E600  1A 87  MOVE.B  D7,(A5)                  A0=00FFFE56 A1=0003FB65 A2=00FF9364 A3=00FFFE00 A4=0003BDD1 A5=00A04000 A6=00000000 A7=00FF7EE6 D0=00000007 D1=00030001 D2=00000001 D3=00000000 D4=0000000B D5=000000D3 D6=00000000 D7=000000B5 xNzvc
03:E602  4E 71  NOP                              A0=00FFFE56 A1=0003FB65 A2=00FF9364 A3=00FFFE00 A4=0003BDD1 A5=00A04000 A6=00000000 A7=00FF7EE6 D0=00000007 D1=00030001 D2=00000001 D3=00000000 D4=0000000B D5=000000D3 D6=00000000 D7=000000B5 xNzvc
03:E604  1B 5C  MOVE.B  (A4)+,$0001(A5)          A0=00FFFE56 A1=0003FB65 A2=00FF9364 A3=00FFFE00 A4=0003BDD1 A5=00A04000 A6=00000000 A7=00FF7EE6 D0=00000007 D1=00030001 D2=00000001 D3=00000000 D4=0000000B D5=000000D3 D6=00000000 D7=000000B5 xNzvc
03:E608  4E 71  NOP                              A0=00FFFE56 A1=0003FB65 A2=00FF9364 A3=00FFFE00 A4=0003BDD2 A5=00A04000 A6=00000000 A7=00FF7EE6 D0=00000007 D1=00030001 D2=00000001 D3=00000000 D4=0000000B D5=000000D3 D6=00000000 D7=000000B5 xNzvc
03:E60A  4E 71  NOP                              A0=00FFFE56 A1=0003FB65 A2=00FF9364 A3=00FFFE00 A4=0003BDD2 A5=00A04000 A6=00000000 A7=00FF7EE6 D0=00000007 D1=00030001 D2=00000001 D3=00000000 D4=0000000B D5=000000D3 D6=00000000 D7=000000B5 xNzvc
03:E60C  4E 71  NOP                              A0=00FFFE56 A1=0003FB65 A2=00FF9364 A3=00FFFE00 A4=0003BDD2 A5=00A04000 A6=00000000 A7=00FF7EE6 D0=00000007 D1=00030001 D2=00000001 D3=00000000 D4=0000000B D5=000000D3 D6=00000000 D7=000000B5 xNzvc
03:E60E  4E 71  NOP                              A0=00FFFE56 A1=0003FB65 A2=00FF9364 A3=00FFFE00 A4=0003BDD2 A5=00A04000 A6=00000000 A7=00FF7EE6 D0=00000007 D1=00030001 D2=00000001 D3=00000000 D4=0000000B D5=000000D3 D6=00000000 D7=000000B5 xNzvc
03:E610  4E 71  NOP                              A0=00FFFE56 A1=0003FB65 A2=00FF9364 A3=00FFFE00 A4=0003BDD2 A5=00A04000 A6=00000000 A7=00FF7EE6 D0=00000007 D1=00030001 D2=00000001 D3=00000000 D4=0000000B D5=000000D3 D6=00000000 D7=000000B5 xNzvc
03:E612  4E 71  NOP                              A0=00FFFE56 A1=0003FB65 A2=00FF9364 A3=00FFFE00 A4=0003BDD2 A5=00A04000 A6=00000000 A7=00FF7EE6 D0=00000007 D1=00030001 D2=00000001 D3=00000000 D4=0000000B D5=000000D3 D6=00000000 D7=000000B5 xNzvc
03:E614  4E 71  NOP                              A0=00FFFE56 A1=0003FB65 A2=00FF9364 A3=00FFFE00 A4=0003BDD2 A5=00A04000 A6=00000000 A7=00FF7EE6 D0=00000007 D1=00030001 D2=00000001 D3=00000000 D4=0000000B D5=000000D3 D6=00000000 D7=000000B5 xNzvc
03:E616  4E 71  NOP                              A0=00FFFE56 A1=0003FB65 A2=00FF9364 A3=00FFFE00 A4=0003BDD2 A5=00A04000 A6=00000000 A7=00FF7EE6 D0=00000007 D1=00030001 D2=00000001 D3=00000000 D4=0000000B D5=000000D3 D6=00000000 D7=000000B5 xNzvc
03:E618  4E 71  NOP                              A0=00FFFE56 A1=0003FB65 A2=00FF9364 A3=00FFFE00 A4=0003BDD2 A5=00A04000 A6=00000000 A7=00FF7EE6 D0=00000007 D1=00030001 D2=00000001 D3=00000000 D4=0000000B D5=000000D3 D6=00000000 D7=000000B5 xNzvc
03:E61A  08 15  BTST    #7,(A5)                  A0=00FFFE56 A1=0003FB65 A2=00FF9364 A3=00FFFE00 A4=0003BDD2 A5=00A04000 A6=00000000 A7=00FF7EE6 D0=00000007 D1=00030001 D2=00000001 D3=00000000 D4=0000000B D5=000000D3 D6=00000000 D7=000000B5 xNzvc
03:E61E  66 FA  BNE     #$FA [03:E61A]           A0=00FFFE56 A1=0003FB65 A2=00FF9364 A3=00FFFE00 A4=0003BDD2 A5=00A04000 A6=00000000 A7=00FF7EE6 D0=00000007 D1=00030001 D2=00000001 D3=00000000 D4=0000000B D5=000000D3 D6=00000000 D7=000000B5 xNZvc
03:E620  1E 3C  MOVE.B  #$30,D7                  A0=00FFFE56 A1=0003FB65 A2=00FF9364 A3=00FFFE00 A4=0003BDD2 A5=00A04000 A6=00000000 A7=00FF7EE6 D0=00000007 D1=00030001 D2=00000001 D3=00000000 D4=0000000B D5=000000D3 D6=00000000 D7=000000B5 xNZvc
03:E624  8E 01  OR.B    D1,D7                    A0=00FFFE56 A1=0003FB65 A2=00FF9364 A3=00FFFE00 A4=0003BDD2 A5=00A04000 A6=00000000 A7=00FF7EE6 D0=00000007 D1=00030001 D2=00000001 D3=00000000 D4=0000000B D5=000000D3 D6=00000000 D7=00000030 xnzvc
03:E626  1A 87  MOVE.B  D7,(A5)                  A0=00FFFE56 A1=0003FB65 A2=00FF9364 A3=00FFFE00 A4=0003BDD2 A5=00A04000 A6=00000000 A7=00FF7EE6 D0=00000007 D1=00030001 D2=00000001 D3=00000000 D4=0000000B D5=000000D3 D6=00000000 D7=00000031 xnzvc
03:E628  4E 71  NOP                              A0=00FFFE56 A1=0003FB65 A2=00FF9364 A3=00FFFE00 A4=0003BDD2 A5=00A04000 A6=00000000 A7=00FF7EE6 D0=00000007 D1=00030001 D2=00000001 D3=00000000 D4=0000000B D5=000000D3 D6=00000000 D7=00000031 xnzvc
03:E62A  1B 5C  MOVE.B  (A4)+,$0001(A5)          A0=00FFFE56 A1=0003FB65 A2=00FF9364 A3=00FFFE00 A4=0003BDD2 A5=00A04000 A6=00000000 A7=00FF7EE6 D0=00000007 D1=00030001 D2=00000001 D3=00000000 D4=0000000B D5=000000D3 D6=00000000 D7=00000031 xnzvc
03:E62E  4E 71  NOP                              A0=00FFFE56 A1=0003FB65 A2=00FF9364 A3=00FFFE00 A4=0003BDD3 A5=00A04000 A6=00000000 A7=00FF7EE6 D0=00000007 D1=00030001 D2=00000001 D3=00000000 D4=0000000B D5=000000D3 D6=00000000 D7=00000031 xnzvc
03:E630  4E 71  NOP                              A0=00FFFE56 A1=0003FB65 A2=00FF9364 A3=00FFFE00 A4=0003BDD3 A5=00A04000 A6=00000000 A7=00FF7EE6 D0=00000007 D1=00030001 D2=00000001 D3=00000000 D4=0000000B D5=000000D3 D6=00000000 D7=00000031 xnzvc
03:E632  4E 71  NOP                              A0=00FFFE56 A1=0003FB65 A2=00FF9364 A3=00FFFE00 A4=0003BDD3 A5=00A04000 A6=00000000 A7=00FF7EE6 D0=00000007 D1=00030001 D2=00000001 D3=00000000 D4=0000000B D5=000000D3 D6=00000000 D7=00000031 xnzvc
03:E634  4E 71  NOP                              A0=00FFFE56 A1=0003FB65 A2=00FF9364 A3=00FFFE00 A4=0003BDD3 A5=00A04000 A6=00000000 A7=00FF7EE6 D0=00000007 D1=00030001 D2=00000001 D3=00000000 D4=0000000B D5=000000D3 D6=00000000 D7=00000031 xnzvc
03:E636  4E 71  NOP                              A0=00FFFE56 A1=0003FB65 A2=00FF9364 A3=00FFFE00 A4=0003BDD3 A5=00A04000 A6=00000000 A7=00FF7EE6 D0=00000007 D1=00030001 D2=00000001 D3=00000000 D4=0000000B D5=000000D3 D6=00000000 D7=00000031 xnzvc
03:E638  4E 71  NOP                              A0=00FFFE56 A1=0003FB65 A2=00FF9364 A3=00FFFE00 A4=0003BDD3 A5=00A04000 A6=00000000 A7=00FF7EE6 D0=00000007 D1=00030001 D2=00000001 D3=00000000 D4=0000000B D5=000000D3 D6=00000000 D7=00000031 xnzvc
03:E63A  4E 71  NOP                              A0=00FFFE56 A1=0003FB65 A2=00FF9364 A3=00FFFE00 A4=0003BDD3 A5=00A04000 A6=00000000 A7=00FF7EE6 D0=00000007 D1=00030001 D2=00000001 D3=00000000 D4=0000000B D5=000000D3 D6=00000000 D7=00000031 xnzvc
03:E63C  4E 71  NOP                              A0=00FFFE56 A1=0003FB65 A2=00FF9364 A3=00FFFE00 A4=0003BDD3 A5=00A04000 A6=00000000 A7=00FF7EE6 D0=00000007 D1=00030001 D2=00000001 D3=00000000 D4=0000000B D5=000000D3 D6=00000000 D7=00000031 xnzvc
03:E63E  4E 71  NOP                              A0=00FFFE56 A1=0003FB65 A2=00FF9364 A3=00FFFE00 A4=0003BDD3 A5=00A04000 A6=00000000 A7=00FF7EE6 D0=00000007 D1=00030001 D2=00000001 D3=00000000 D4=0000000B D5=000000D3 D6=00000000 D7=00000031 xnzvc
03:E640  08 15  BTST    #7,(A5)                  A0=00FFFE56 A1=0003FB65 A2=00FF9364 A3=00FFFE00 A4=0003BDD3 A5=00A04000 A6=00000000 A7=00FF7EE6 D0=00000007 D1=00030001 D2=00000001 D3=00000000 D4=0000000B D5=000000D3 D6=00000000 D7=00000031 xnzvc
03:E644  66 FA  BNE     #$FA [03:E640]           A0=00FFFE56 A1=0003FB65 A2=00FF9364 A3=00FFFE00 A4=0003BDD3 A5=00A04000 A6=00000000 A7=00FF7EE6 D0=00000007 D1=00030001 D2=00000001 D3=00000000 D4=0000000B D5=000000D3 D6=00000000 D7=00000031 xnZvc
03:E646  1E 3C  MOVE.B  #$40,D7                  A0=00FFFE56 A1=0003FB65 A2=00FF9364 A3=00FFFE00 A4=0003BDD3 A5=00A04000 A6=00000000 A7=00FF7EE6 D0=00000007 D1=00030001 D2=00000001 D3=00000000 D4=0000000B D5=000000D3 D6=00000000 D7=00000031 xnZvc
03:E64A  8E 01  OR.B    D1,D7                    A0=00FFFE56 A1=0003FB65 A2=00FF9364 A3=00FFFE00 A4=0003BDD3 A5=00A04000 A6=00000000 A7=00FF7EE6 D0=00000007 D1=00030001 D2=00000001 D3=00000000 D4=0000000B D5=000000D3 D6=00000000 D7=00000040 xnzvc
03:E64C  1A 87  MOVE.B  D7,(A5)                  A0=00FFFE56 A1=0003FB65 A2=00FF9364 A3=00FFFE00 A4=0003BDD3 A5=00A04000 A6=00000000 A7=00FF7EE6 D0=00000007 D1=00030001 D2=00000001 D3=00000000 D4=0000000B D5=000000D3 D6=00000000 D7=00000041 xnzvc
03:E64E  4E 71  NOP                              A0=00FFFE56 A1=0003FB65 A2=00FF9364 A3=00FFFE00 A4=0003BDD3 A5=00A04000 A6=00000000 A7=00FF7EE6 D0=00000007 D1=00030001 D2=00000001 D3=00000000 D4=0000000B D5=000000D3 D6=00000000 D7=00000041 xnzvc
03:E650  1B 5C  MOVE.B  (A4)+,$0001(A5)          A0=00FFFE56 A1=0003FB65 A2=00FF9364 A3=00FFFE00 A4=0003BDD3 A5=00A04000 A6=00000000 A7=00FF7EE6 D0=00000007 D1=00030001 D2=00000001 D3=00000000 D4=0000000B D5=000000D3 D6=00000000 D7=00000041 xnzvc
03:E654  4E 71  NOP                              A0=00FFFE56 A1=0003FB65 A2=00FF9364 A3=00FFFE00 A4=0003BDD4 A5=00A04000 A6=00000000 A7=00FF7EE6 D0=00000007 D1=00030001 D2=00000001 D3=00000000 D4=0000000B D5=000000D3 D6=00000000 D7=00000041 xnzvc
03:E656  4E 71  NOP                              A0=00FFFE56 A1=0003FB65 A2=00FF9364 A3=00FFFE00 A4=0003BDD4 A5=00A04000 A6=00000000 A7=00FF7EE6 D0=00000007 D1=00030001 D2=00000001 D3=00000000 D4=0000000B D5=000000D3 D6=00000000 D7=00000041 xnzvc
03:E658  4E 71  NOP                              A0=00FFFE56 A1=0003FB65 A2=00FF9364 A3=00FFFE00 A4=0003BDD4 A5=00A04000 A6=00000000 A7=00FF7EE6 D0=00000007 D1=00030001 D2=00000001 D3=00000000 D4=0000000B D5=000000D3 D6=00000000 D7=00000041 xnzvc
03:E65A  4E 71  NOP                              A0=00FFFE56 A1=0003FB65 A2=00FF9364 A3=00FFFE00 A4=0003BDD4 A5=00A04000 A6=00000000 A7=00FF7EE6 D0=00000007 D1=00030001 D2=00000001 D3=00000000 D4=0000000B D5=000000D3 D6=00000000 D7=00000041 xnzvc
03:E65C  4E 71  NOP                              A0=00FFFE56 A1=0003FB65 A2=00FF9364 A3=00FFFE00 A4=0003BDD4 A5=00A04000 A6=00000000 A7=00FF7EE6 D0=00000007 D1=00030001 D2=00000001 D3=00000000 D4=0000000B D5=000000D3 D6=00000000 D7=00000041 xnzvc
03:E65E  4E 71  NOP                              A0=00FFFE56 A1=0003FB65 A2=00FF9364 A3=00FFFE00 A4=0003BDD4 A5=00A04000 A6=00000000 A7=00FF7EE6 D0=00000007 D1=00030001 D2=00000001 D3=00000000 D4=0000000B D5=000000D3 D6=00000000 D7=00000041 xnzvc
03:E660  4E 71  NOP                              A0=00FFFE56 A1=0003FB65 A2=00FF9364 A3=00FFFE00 A4=0003BDD4 A5=00A04000 A6=00000000 A7=00FF7EE6 D0=00000007 D1=00030001 D2=00000001 D3=00000000 D4=0000000B D5=000000D3 D6=00000000 D7=00000041 xnzvc
03:E662  4E 71  NOP                              A0=00FFFE56 A1=0003FB65 A2=00FF9364 A3=00FFFE00 A4=0003BDD4 A5=00A04000 A6=00000000 A7=00FF7EE6 D0=00000007 D1=00030001 D2=00000001 D3=00000000 D4=0000000B D5=000000D3 D6=00000000 D7=00000041 xnzvc
03:E664  4E 71  NOP                              A0=00FFFE56 A1=0003FB65 A2=00FF9364 A3=00FFFE00 A4=0003BDD4 A5=00A04000 A6=00000000 A7=00FF7EE6 D0=00000007 D1=00030001 D2=00000001 D3=00000000 D4=0000000B D5=000000D3 D6=00000000 D7=00000041 xnzvc
03:E666  08 15  BTST    #7,(A5)                  A0=00FFFE56 A1=0003FB65 A2=00FF9364 A3=00FFFE00 A4=0003BDD4 A5=00A04000 A6=00000000 A7=00FF7EE6 D0=00000007 D1=00030001 D2=00000001 D3=00000000 D4=0000000B D5=000000D3 D6=00000000 D7=00000041 xnzvc
03:E66A  66 FA  BNE     #$FA [03:E666]           A0=00FFFE56 A1=0003FB65 A2=00FF9364 A3=00FFFE00 A4=0003BDD4 A5=00A04000 A6=00000000 A7=00FF7EE6 D0=00000007 D1=00030001 D2=00000001 D3=00000000 D4=0000000B D5=000000D3 D6=00000000 D7=00000041 xnZvc
03:E66C  1E 3C  MOVE.B  #$50,D7                  A0=00FFFE56 A1=0003FB65 A2=00FF9364 A3=00FFFE00 A4=0003BDD4 A5=00A04000 A6=00000000 A7=00FF7EE6 D0=00000007 D1=00030001 D2=00000001 D3=00000000 D4=0000000B D5=000000D3 D6=00000000 D7=00000041 xnZvc
03:E670  8E 01  OR.B    D1,D7                    A0=00FFFE56 A1=0003FB65 A2=00FF9364 A3=00FFFE00 A4=0003BDD4 A5=00A04000 A6=00000000 A7=00FF7EE6 D0=00000007 D1=00030001 D2=00000001 D3=00000000 D4=0000000B D5=000000D3 D6=00000000 D7=00000050 xnzvc
03:E672  1A 87  MOVE.B  D7,(A5)                  A0=00FFFE56 A1=0003FB65 A2=00FF9364 A3=00FFFE00 A4=0003BDD4 A5=00A04000 A6=00000000 A7=00FF7EE6 D0=00000007 D1=00030001 D2=00000001 D3=00000000 D4=0000000B D5=000000D3 D6=00000000 D7=00000051 xnzvc
03:E674  4E 71  NOP                              A0=00FFFE56 A1=0003FB65 A2=00FF9364 A3=00FFFE00 A4=0003BDD4 A5=00A04000 A6=00000000 A7=00FF7EE6 D0=00000007 D1=00030001 D2=00000001 D3=00000000 D4=0000000B D5=000000D3 D6=00000000 D7=00000051 xnzvc
03:E676  1B 5C  MOVE.B  (A4)+,$0001(A5)          A0=00FFFE56 A1=0003FB65 A2=00FF9364 A3=00FFFE00 A4=0003BDD4 A5=00A04000 A6=00000000 A7=00FF7EE6 D0=00000007 D1=00030001 D2=00000001 D3=00000000 D4=0000000B D5=000000D3 D6=00000000 D7=00000051 xnzvc
03:E67A  4E 71  NOP                              A0=00FFFE56 A1=0003FB65 A2=00FF9364 A3=00FFFE00 A4=0003BDD5 A5=00A04000 A6=00000000 A7=00FF7EE6 D0=00000007 D1=00030001 D2=00000001 D3=00000000 D4=0000000B D5=000000D3 D6=00000000 D7=00000051 xNzvc
03:E67C  4E 71  NOP                              A0=00FFFE56 A1=0003FB65 A2=00FF9364 A3=00FFFE00 A4=0003BDD5 A5=00A04000 A6=00000000 A7=00FF7EE6 D0=00000007 D1=00030001 D2=00000001 D3=00000000 D4=0000000B D5=000000D3 D6=00000000 D7=00000051 xNzvc
03:E67E  4E 71  NOP                              A0=00FFFE56 A1=0003FB65 A2=00FF9364 A3=00FFFE00 A4=0003BDD5 A5=00A04000 A6=00000000 A7=00FF7EE6 D0=00000007 D1=00030001 D2=00000001 D3=00000000 D4=0000000B D5=000000D3 D6=00000000 D7=00000051 xNzvc
03:E680  4E 71  NOP                              A0=00FFFE56 A1=0003FB65 A2=00FF9364 A3=00FFFE00 A4=0003BDD5 A5=00A04000 A6=00000000 A7=00FF7EE6 D0=00000007 D1=00030001 D2=00000001 D3=00000000 D4=0000000B D5=000000D3 D6=00000000 D7=00000051 xNzvc
03:E682  4E 71  NOP                              A0=00FFFE56 A1=0003FB65 A2=00FF9364 A3=00FFFE00 A4=0003BDD5 A5=00A04000 A6=00000000 A7=00FF7EE6 D0=00000007 D1=00030001 D2=00000001 D3=00000000 D4=0000000B D5=000000D3 D6=00000000 D7=00000051 xNzvc
03:E684  4E 71  NOP                              A0=00FFFE56 A1=0003FB65 A2=00FF9364 A3=00FFFE00 A4=0003BDD5 A5=00A04000 A6=00000000 A7=00FF7EE6 D0=00000007 D1=00030001 D2=00000001 D3=00000000 D4=0000000B D5=000000D3 D6=00000000 D7=00000051 xNzvc
03:E686  4E 71  NOP                              A0=00FFFE56 A1=0003FB65 A2=00FF9364 A3=00FFFE00 A4=0003BDD5 A5=00A04000 A6=00000000 A7=00FF7EE6 D0=00000007 D1=00030001 D2=00000001 D3=00000000 D4=0000000B D5=000000D3 D6=00000000 D7=00000051 xNzvc
03:E688  4E 71  NOP                              A0=00FFFE56 A1=0003FB65 A2=00FF9364 A3=00FFFE00 A4=0003BDD5 A5=00A04000 A6=00000000 A7=00FF7EE6 D0=00000007 D1=00030001 D2=00000001 D3=00000000 D4=0000000B D5=000000D3 D6=00000000 D7=00000051 xNzvc
03:E68A  4E 71  NOP                              A0=00FFFE56 A1=0003FB65 A2=00FF9364 A3=00FFFE00 A4=0003BDD5 A5=00A04000 A6=00000000 A7=00FF7EE6 D0=00000007 D1=00030001 D2=00000001 D3=00000000 D4=0000000B D5=000000D3 D6=00000000 D7=00000051 xNzvc
03:E68C  08 15  BTST    #7,(A5)                  A0=00FFFE56 A1=0003FB65 A2=00FF9364 A3=00FFFE00 A4=0003BDD5 A5=00A04000 A6=00000000 A7=00FF7EE6 D0=00000007 D1=00030001 D2=00000001 D3=00000000 D4=0000000B D5=000000D3 D6=00000000 D7=00000051 xNzvc
03:E690  66 FA  BNE     #$FA [03:E68C]           A0=00FFFE56 A1=0003FB65 A2=00FF9364 A3=00FFFE00 A4=0003BDD5 A5=00A04000 A6=00000000 A7=00FF7EE6 D0=00000007 D1=00030001 D2=00000001 D3=00000000 D4=0000000B D5=000000D3 D6=00000000 D7=00000051 xNZvc
03:E692  1E 3C  MOVE.B  #$60,D7                  A0=00FFFE56 A1=0003FB65 A2=00FF9364 A3=00FFFE00 A4=0003BDD5 A5=00A04000 A6=00000000 A7=00FF7EE6 D0=00000007 D1=00030001 D2=00000001 D3=00000000 D4=0000000B D5=000000D3 D6=00000000 D7=00000051 xNZvc
03:E696  8E 01  OR.B    D1,D7                    A0=00FFFE56 A1=0003FB65 A2=00FF9364 A3=00FFFE00 A4=0003BDD5 A5=00A04000 A6=00000000 A7=00FF7EE6 D0=00000007 D1=00030001 D2=00000001 D3=00000000 D4=0000000B D5=000000D3 D6=00000000 D7=00000060 xnzvc
03:E698  1A 87  MOVE.B  D7,(A5)                  A0=00FFFE56 A1=0003FB65 A2=00FF9364 A3=00FFFE00 A4=0003BDD5 A5=00A04000 A6=00000000 A7=00FF7EE6 D0=00000007 D1=00030001 D2=00000001 D3=00000000 D4=0000000B D5=000000D3 D6=00000000 D7=00000061 xnzvc
03:E69A  4E 71  NOP                              A0=00FFFE56 A1=0003FB65 A2=00FF9364 A3=00FFFE00 A4=0003BDD5 A5=00A04000 A6=00000000 A7=00FF7EE6 D0=00000007 D1=00030001 D2=00000001 D3=00000000 D4=0000000B D5=000000D3 D6=00000000 D7=00000061 xnzvc
03:E69C  1B 5C  MOVE.B  (A4)+,$0001(A5)          A0=00FFFE56 A1=0003FB65 A2=00FF9364 A3=00FFFE00 A4=0003BDD5 A5=00A04000 A6=00000000 A7=00FF7EE6 D0=00000007 D1=00030001 D2=00000001 D3=00000000 D4=0000000B D5=000000D3 D6=00000000 D7=00000061 xnzvc
03:E6A0  4E 71  NOP                              A0=00FFFE56 A1=0003FB65 A2=00FF9364 A3=00FFFE00 A4=0003BDD6 A5=00A04000 A6=00000000 A7=00FF7EE6 D0=00000007 D1=00030001 D2=00000001 D3=00000000 D4=0000000B D5=000000D3 D6=00000000 D7=00000061 xnzvc
03:E6A2  4E 71  NOP                              A0=00FFFE56 A1=0003FB65 A2=00FF9364 A3=00FFFE00 A4=0003BDD6 A5=00A04000 A6=00000000 A7=00FF7EE6 D0=00000007 D1=00030001 D2=00000001 D3=00000000 D4=0000000B D5=000000D3 D6=00000000 D7=00000061 xnzvc
03:E6A4  4E 71  NOP                              A0=00FFFE56 A1=0003FB65 A2=00FF9364 A3=00FFFE00 A4=0003BDD6 A5=00A04000 A6=00000000 A7=00FF7EE6 D0=00000007 D1=00030001 D2=00000001 D3=00000000 D4=0000000B D5=000000D3 D6=00000000 D7=00000061 xnzvc
03:E6A6  4E 71  NOP                              A0=00FFFE56 A1=0003FB65 A2=00FF9364 A3=00FFFE00 A4=0003BDD6 A5=00A04000 A6=00000000 A7=00FF7EE6 D0=00000007 D1=00030001 D2=00000001 D3=00000000 D4=0000000B D5=000000D3 D6=00000000 D7=00000061 xnzvc
03:E6A8  4E 71  NOP                              A0=00FFFE56 A1=0003FB65 A2=00FF9364 A3=00FFFE00 A4=0003BDD6 A5=00A04000 A6=00000000 A7=00FF7EE6 D0=00000007 D1=00030001 D2=00000001 D3=00000000 D4=0000000B D5=000000D3 D6=00000000 D7=00000061 xnzvc
03:E6AA  4E 71  NOP                              A0=00FFFE56 A1=0003FB65 A2=00FF9364 A3=00FFFE00 A4=0003BDD6 A5=00A04000 A6=00000000 A7=00FF7EE6 D0=00000007 D1=00030001 D2=00000001 D3=00000000 D4=0000000B D5=000000D3 D6=00000000 D7=00000061 xnzvc
03:E6AC  4E 71  NOP                              A0=00FFFE56 A1=0003FB65 A2=00FF9364 A3=00FFFE00 A4=0003BDD6 A5=00A04000 A6=00000000 A7=00FF7EE6 D0=00000007 D1=00030001 D2=00000001 D3=00000000 D4=0000000B D5=000000D3 D6=00000000 D7=00000061 xnzvc
03:E6AE  4E 71  NOP                              A0=00FFFE56 A1=0003FB65 A2=00FF9364 A3=00FFFE00 A4=0003BDD6 A5=00A04000 A6=00000000 A7=00FF7EE6 D0=00000007 D1=00030001 D2=00000001 D3=00000000 D4=0000000B D5=000000D3 D6=00000000 D7=00000061 xnzvc
03:E6B0  4E 71  NOP                              A0=00FFFE56 A1=0003FB65 A2=00FF9364 A3=00FFFE00 A4=0003BDD6 A5=00A04000 A6=00000000 A7=00FF7EE6 D0=00000007 D1=00030001 D2=00000001 D3=00000000 D4=0000000B D5=000000D3 D6=00000000 D7=00000061 xnzvc
03:E6B2  08 15  BTST    #7,(A5)                  A0=00FFFE56 A1=0003FB65 A2=00FF9364 A3=00FFFE00 A4=0003BDD6 A5=00A04000 A6=00000000 A7=00FF7EE6 D0=00000007 D1=00030001 D2=00000001 D3=00000000 D4=0000000B D5=000000D3 D6=00000000 D7=00000061 xnzvc
03:E6B6  66 FA  BNE     #$FA [03:E6B2]           A0=00FFFE56 A1=0003FB65 A2=00FF9364 A3=00FFFE00 A4=0003BDD6 A5=00A04000 A6=00000000 A7=00FF7EE6 D0=00000007 D1=00030001 D2=00000001 D3=00000000 D4=0000000B D5=000000D3 D6=00000000 D7=00000061 xnZvc
03:E6B8  1E 3C  MOVE.B  #$70,D7                  A0=00FFFE56 A1=0003FB65 A2=00FF9364 A3=00FFFE00 A4=0003BDD6 A5=00A04000 A6=00000000 A7=00FF7EE6 D0=00000007 D1=00030001 D2=00000001 D3=00000000 D4=0000000B D5=000000D3 D6=00000000 D7=00000061 xnZvc
03:E6BC  8E 01  OR.B    D1,D7                    A0=00FFFE56 A1=0003FB65 A2=00FF9364 A3=00FFFE00 A4=0003BDD6 A5=00A04000 A6=00000000 A7=00FF7EE6 D0=00000007 D1=00030001 D2=00000001 D3=00000000 D4=0000000B D5=000000D3 D6=00000000 D7=00000070 xnzvc
03:E6BE  1A 87  MOVE.B  D7,(A5)                  A0=00FFFE56 A1=0003FB65 A2=00FF9364 A3=00FFFE00 A4=0003BDD6 A5=00A04000 A6=00000000 A7=00FF7EE6 D0=00000007 D1=00030001 D2=00000001 D3=00000000 D4=0000000B D5=000000D3 D6=00000000 D7=00000071 xnzvc
03:E6C0  4E 71  NOP                              A0=00FFFE56 A1=0003FB65 A2=00FF9364 A3=00FFFE00 A4=0003BDD6 A5=00A04000 A6=00000000 A7=00FF7EE6 D0=00000007 D1=00030001 D2=00000001 D3=00000000 D4=0000000B D5=000000D3 D6=00000000 D7=00000071 xnzvc
03:E6C2  1B 5C  MOVE.B  (A4)+,$0001(A5)          A0=00FFFE56 A1=0003FB65 A2=00FF9364 A3=00FFFE00 A4=0003BDD6 A5=00A04000 A6=00000000 A7=00FF7EE6 D0=00000007 D1=00030001 D2=00000001 D3=00000000 D4=0000000B D5=000000D3 D6=00000000 D7=00000071 xnzvc
03:E6C6  4E 71  NOP                              A0=00FFFE56 A1=0003FB65 A2=00FF9364 A3=00FFFE00 A4=0003BDD7 A5=00A04000 A6=00000000 A7=00FF7EE6 D0=00000007 D1=00030001 D2=00000001 D3=00000000 D4=0000000B D5=000000D3 D6=00000000 D7=00000071 xnzvc
03:E6C8  4E 71  NOP                              A0=00FFFE56 A1=0003FB65 A2=00FF9364 A3=00FFFE00 A4=0003BDD7 A5=00A04000 A6=00000000 A7=00FF7EE6 D0=00000007 D1=00030001 D2=00000001 D3=00000000 D4=0000000B D5=000000D3 D6=00000000 D7=00000071 xnzvc
03:E6CA  4E 71  NOP                              A0=00FFFE56 A1=0003FB65 A2=00FF9364 A3=00FFFE00 A4=0003BDD7 A5=00A04000 A6=00000000 A7=00FF7EE6 D0=00000007 D1=00030001 D2=00000001 D3=00000000 D4=0000000B D5=000000D3 D6=00000000 D7=00000071 xnzvc
03:E6CC  4E 71  NOP                              A0=00FFFE56 A1=0003FB65 A2=00FF9364 A3=00FFFE00 A4=0003BDD7 A5=00A04000 A6=00000000 A7=00FF7EE6 D0=00000007 D1=00030001 D2=00000001 D3=00000000 D4=0000000B D5=000000D3 D6=00000000 D7=00000071 xnzvc
03:E6CE  4E 71  NOP                              A0=00FFFE56 A1=0003FB65 A2=00FF9364 A3=00FFFE00 A4=0003BDD7 A5=00A04000 A6=00000000 A7=00FF7EE6 D0=00000007 D1=00030001 D2=00000001 D3=00000000 D4=0000000B D5=000000D3 D6=00000000 D7=00000071 xnzvc
03:E6D0  4E 71  NOP                              A0=00FFFE56 A1=0003FB65 A2=00FF9364 A3=00FFFE00 A4=0003BDD7 A5=00A04000 A6=00000000 A7=00FF7EE6 D0=00000007 D1=00030001 D2=00000001 D3=00000000 D4=0000000B D5=000000D3 D6=00000000 D7=00000071 xnzvc
03:E6D2  4E 71  NOP                              A0=00FFFE56 A1=0003FB65 A2=00FF9364 A3=00FFFE00 A4=0003BDD7 A5=00A04000 A6=00000000 A7=00FF7EE6 D0=00000007 D1=00030001 D2=00000001 D3=00000000 D4=0000000B D5=000000D3 D6=00000000 D7=00000071 xnzvc
03:E6D4  4E 71  NOP                              A0=00FFFE56 A1=0003FB65 A2=00FF9364 A3=00FFFE00 A4=0003BDD7 A5=00A04000 A6=00000000 A7=00FF7EE6 D0=00000007 D1=00030001 D2=00000001 D3=00000000 D4=0000000B D5=000000D3 D6=00000000 D7=00000071 xnzvc
03:E6D6  4E 71  NOP                              A0=00FFFE56 A1=0003FB65 A2=00FF9364 A3=00FFFE00 A4=0003BDD7 A5=00A04000 A6=00000000 A7=00FF7EE6 D0=00000007 D1=00030001 D2=00000001 D3=00000000 D4=0000000B D5=000000D3 D6=00000000 D7=00000071 xnzvc
03:E6D8  08 15  BTST    #7,(A5)                  A0=00FFFE56 A1=0003FB65 A2=00FF9364 A3=00FFFE00 A4=0003BDD7 A5=00A04000 A6=00000000 A7=00FF7EE6 D0=00000007 D1=00030001 D2=00000001 D3=00000000 D4=0000000B D5=000000D3 D6=00000000 D7=00000071 xnzvc
03:E6DC  66 FA  BNE     #$FA [03:E6D8]           A0=00FFFE56 A1=0003FB65 A2=00FF9364 A3=00FFFE00 A4=0003BDD7 A5=00A04000 A6=00000000 A7=00FF7EE6 D0=00000007 D1=00030001 D2=00000001 D3=00000000 D4=0000000B D5=000000D3 D6=00000000 D7=00000071 xnZvc
03:E6DE  1E 3C  MOVE.B  #$80,D7                  A0=00FFFE56 A1=0003FB65 A2=00FF9364 A3=00FFFE00 A4=0003BDD7 A5=00A04000 A6=00000000 A7=00FF7EE6 D0=00000007 D1=00030001 D2=00000001 D3=00000000 D4=0000000B D5=000000D3 D6=00000000 D7=00000071 xnZvc
03:E6E2  8E 01  OR.B    D1,D7                    A0=00FFFE56 A1=0003FB65 A2=00FF9364 A3=00FFFE00 A4=0003BDD7 A5=00A04000 A6=00000000 A7=00FF7EE6 D0=00000007 D1=00030001 D2=00000001 D3=00000000 D4=0000000B D5=000000D3 D6=00000000 D7=00000080 xNzvc
03:E6E4  1A 87  MOVE.B  D7,(A5)                  A0=00FFFE56 A1=0003FB65 A2=00FF9364 A3=00FFFE00 A4=0003BDD7 A5=00A04000 A6=00000000 A7=00FF7EE6 D0=00000007 D1=00030001 D2=00000001 D3=00000000 D4=0000000B D5=000000D3 D6=00000000 D7=00000081 xNzvc
03:E6E6  4E 71  NOP                              A0=00FFFE56 A1=0003FB65 A2=00FF9364 A3=00FFFE00 A4=0003BDD7 A5=00A04000 A6=00000000 A7=00FF7EE6 D0=00000007 D1=00030001 D2=00000001 D3=00000000 D4=0000000B D5=000000D3 D6=00000000 D7=00000081 xNzvc
03:E6E8  1B 5C  MOVE.B  (A4)+,$0001(A5)          A0=00FFFE56 A1=0003FB65 A2=00FF9364 A3=00FFFE00 A4=0003BDD7 A5=00A04000 A6=00000000 A7=00FF7EE6 D0=00000007 D1=00030001 D2=00000001 D3=00000000 D4=0000000B D5=000000D3 D6=00000000 D7=00000081 xNzvc
03:E6EC  4E 71  NOP                              A0=00FFFE56 A1=0003FB65 A2=00FF9364 A3=00FFFE00 A4=0003BDD8 A5=00A04000 A6=00000000 A7=00FF7EE6 D0=00000007 D1=00030001 D2=00000001 D3=00000000 D4=0000000B D5=000000D3 D6=00000000 D7=00000081 xNzvc
03:E6EE  4E 71  NOP                              A0=00FFFE56 A1=0003FB65 A2=00FF9364 A3=00FFFE00 A4=0003BDD8 A5=00A04000 A6=00000000 A7=00FF7EE6 D0=00000007 D1=00030001 D2=00000001 D3=00000000 D4=0000000B D5=000000D3 D6=00000000 D7=00000081 xNzvc
03:E6F0  4E 71  NOP                              A0=00FFFE56 A1=0003FB65 A2=00FF9364 A3=00FFFE00 A4=0003BDD8 A5=00A04000 A6=00000000 A7=00FF7EE6 D0=00000007 D1=00030001 D2=00000001 D3=00000000 D4=0000000B D5=000000D3 D6=00000000 D7=00000081 xNzvc
03:E6F2  4E 71  NOP                              A0=00FFFE56 A1=0003FB65 A2=00FF9364 A3=00FFFE00 A4=0003BDD8 A5=00A04000 A6=00000000 A7=00FF7EE6 D0=00000007 D1=00030001 D2=00000001 D3=00000000 D4=0000000B D5=000000D3 D6=00000000 D7=00000081 xNzvc
03:E6F4  4E 71  NOP                              A0=00FFFE56 A1=0003FB65 A2=00FF9364 A3=00FFFE00 A4=0003BDD8 A5=00A04000 A6=00000000 A7=00FF7EE6 D0=00000007 D1=00030001 D2=00000001 D3=00000000 D4=0000000B D5=000000D3 D6=00000000 D7=00000081 xNzvc
03:E6F6  4E 71  NOP                              A0=00FFFE56 A1=0003FB65 A2=00FF9364 A3=00FFFE00 A4=0003BDD8 A5=00A04000 A6=00000000 A7=00FF7EE6 D0=00000007 D1=00030001 D2=00000001 D3=00000000 D4=0000000B D5=000000D3 D6=00000000 D7=00000081 xNzvc
03:E6F8  4E 71  NOP                              A0=00FFFE56 A1=0003FB65 A2=00FF9364 A3=00FFFE00 A4=0003BDD8 A5=00A04000 A6=00000000 A7=00FF7EE6 D0=00000007 D1=00030001 D2=00000001 D3=00000000 D4=0000000B D5=000000D3 D6=00000000 D7=00000081 xNzvc
03:E6FA  4E 71  NOP                              A0=00FFFE56 A1=0003FB65 A2=00FF9364 A3=00FFFE00 A4=0003BDD8 A5=00A04000 A6=00000000 A7=00FF7EE6 D0=00000007 D1=00030001 D2=00000001 D3=00000000 D4=0000000B D5=000000D3 D6=00000000 D7=00000081 xNzvc
03:E6FC  4E 71  NOP                              A0=00FFFE56 A1=0003FB65 A2=00FF9364 A3=00FFFE00 A4=0003BDD8 A5=00A04000 A6=00000000 A7=00FF7EE6 D0=00000007 D1=00030001 D2=00000001 D3=00000000 D4=0000000B D5=000000D3 D6=00000000 D7=00000081 xNzvc
03:E6FE  08 15  BTST    #7,(A5)                  A0=00FFFE56 A1=0003FB65 A2=00FF9364 A3=00FFFE00 A4=0003BDD8 A5=00A04000 A6=00000000 A7=00FF7EE6 D0=00000007 D1=00030001 D2=00000001 D3=00000000 D4=0000000B D5=000000D3 D6=00000000 D7=00000081 xNzvc
03:E702  66 FA  BNE     #$FA [03:E6FE]           A0=00FFFE56 A1=0003FB65 A2=00FF9364 A3=00FFFE00 A4=0003BDD8 A5=00A04000 A6=00000000 A7=00FF7EE6 D0=00000007 D1=00030001 D2=00000001 D3=00000000 D4=0000000B D5=000000D3 D6=00000000 D7=00000081 xNZvc
03:E704  1E 3C  MOVE.B  #$90,D7                  A0=00FFFE56 A1=0003FB65 A2=00FF9364 A3=00FFFE00 A4=0003BDD8 A5=00A04000 A6=00000000 A7=00FF7EE6 D0=00000007 D1=00030001 D2=00000001 D3=00000000 D4=0000000B D5=000000D3 D6=00000000 D7=00000081 xNZvc
03:E708  8E 01  OR.B    D1,D7                    A0=00FFFE56 A1=0003FB65 A2=00FF9364 A3=00FFFE00 A4=0003BDD8 A5=00A04000 A6=00000000 A7=00FF7EE6 D0=00000007 D1=00030001 D2=00000001 D3=00000000 D4=0000000B D5=000000D3 D6=00000000 D7=00000090 xNzvc
03:E70A  1A 87  MOVE.B  D7,(A5)                  A0=00FFFE56 A1=0003FB65 A2=00FF9364 A3=00FFFE00 A4=0003BDD8 A5=00A04000 A6=00000000 A7=00FF7EE6 D0=00000007 D1=00030001 D2=00000001 D3=00000000 D4=0000000B D5=000000D3 D6=00000000 D7=00000091 xNzvc
03:E70C  4E 71  NOP                              A0=00FFFE56 A1=0003FB65 A2=00FF9364 A3=00FFFE00 A4=0003BDD8 A5=00A04000 A6=00000000 A7=00FF7EE6 D0=00000007 D1=00030001 D2=00000001 D3=00000000 D4=0000000B D5=000000D3 D6=00000000 D7=00000091 xNzvc
03:E70E  1B 7C  MOVE.B  #$00,$0001(A5)           A0=00FFFE56 A1=0003FB65 A2=00FF9364 A3=00FFFE00 A4=0003BDD8 A5=00A04000 A6=00000000 A7=00FF7EE6 D0=00000007 D1=00030001 D2=00000001 D3=00000000 D4=0000000B D5=000000D3 D6=00000000 D7=00000091 xNzvc
03:E714  4E 71  NOP                              A0=00FFFE56 A1=0003FB65 A2=00FF9364 A3=00FFFE00 A4=0003BDD8 A5=00A04000 A6=00000000 A7=00FF7EE6 D0=00000007 D1=00030001 D2=00000001 D3=00000000 D4=0000000B D5=000000D3 D6=00000000 D7=00000091 xnZvc
03:E716  4E 71  NOP                              A0=00FFFE56 A1=0003FB65 A2=00FF9364 A3=00FFFE00 A4=0003BDD8 A5=00A04000 A6=00000000 A7=00FF7EE6 D0=00000007 D1=00030001 D2=00000001 D3=00000000 D4=0000000B D5=000000D3 D6=00000000 D7=00000091 xnZvc
03:E718  4E 71  NOP                              A0=00FFFE56 A1=0003FB65 A2=00FF9364 A3=00FFFE00 A4=0003BDD8 A5=00A04000 A6=00000000 A7=00FF7EE6 D0=00000007 D1=00030001 D2=00000001 D3=00000000 D4=0000000B D5=000000D3 D6=00000000 D7=00000091 xnZvc
03:E71A  4E 71  NOP                              A0=00FFFE56 A1=0003FB65 A2=00FF9364 A3=00FFFE00 A4=0003BDD8 A5=00A04000 A6=00000000 A7=00FF7EE6 D0=00000007 D1=00030001 D2=00000001 D3=00000000 D4=0000000B D5=000000D3 D6=00000000 D7=00000091 xnZvc
03:E71C  4E 71  NOP                              A0=00FFFE56 A1=0003FB65 A2=00FF9364 A3=00FFFE00 A4=0003BDD8 A5=00A04000 A6=00000000 A7=00FF7EE6 D0=00000007 D1=00030001 D2=00000001 D3=00000000 D4=0000000B D5=000000D3 D6=00000000 D7=00000091 xnZvc
03:E71E  4E 71  NOP                              A0=00FFFE56 A1=0003FB65 A2=00FF9364 A3=00FFFE00 A4=0003BDD8 A5=00A04000 A6=00000000 A7=00FF7EE6 D0=00000007 D1=00030001 D2=00000001 D3=00000000 D4=0000000B D5=000000D3 D6=00000000 D7=00000091 xnZvc
03:E720  4E 71  NOP                              A0=00FFFE56 A1=0003FB65 A2=00FF9364 A3=00FFFE00 A4=0003BDD8 A5=00A04000 A6=00000000 A7=00FF7EE6 D0=00000007 D1=00030001 D2=00000001 D3=00000000 D4=0000000B D5=000000D3 D6=00000000 D7=00000091 xnZvc
03:E722  4E 71  NOP                              A0=00FFFE56 A1=0003FB65 A2=00FF9364 A3=00FFFE00 A4=0003BDD8 A5=00A04000 A6=00000000 A7=00FF7EE6 D0=00000007 D1=00030001 D2=00000001 D3=00000000 D4=0000000B D5=000000D3 D6=00000000 D7=00000091 xnZvc
03:E724  4E 71  NOP                              A0=00FFFE56 A1=0003FB65 A2=00FF9364 A3=00FFFE00 A4=0003BDD8 A5=00A04000 A6=00000000 A7=00FF7EE6 D0=00000007 D1=00030001 D2=00000001 D3=00000000 D4=0000000B D5=000000D3 D6=00000000 D7=00000091 xnZvc
03:E726  08 15  BTST    #7,(A5)                  A0=00FFFE56 A1=0003FB65 A2=00FF9364 A3=00FFFE00 A4=0003BDD8 A5=00A04000 A6=00000000 A7=00FF7EE6 D0=00000007 D1=00030001 D2=00000001 D3=00000000 D4=0000000B D5=000000D3 D6=00000000 D7=00000091 xnZvc
03:E72A  66 FA  BNE     #$FA [03:E726]           A0=00FFFE56 A1=0003FB65 A2=00FF9364 A3=00FFFE00 A4=0003BDD8 A5=00A04000 A6=00000000 A7=00FF7EE6 D0=00000007 D1=00030001 D2=00000001 D3=00000000 D4=0000000B D5=000000D3 D6=00000000 D7=00000091 xnZvc
03:E72C  1E 3C  MOVE.B  #$34,D7                  A0=00FFFE56 A1=0003FB65 A2=00FF9364 A3=00FFFE00 A4=0003BDD8 A5=00A04000 A6=00000000 A7=00FF7EE6 D0=00000007 D1=00030001 D2=00000001 D3=00000000 D4=0000000B D5=000000D3 D6=00000000 D7=00000091 xnZvc
03:E730  8E 01  OR.B    D1,D7                    A0=00FFFE56 A1=0003FB65 A2=00FF9364 A3=00FFFE00 A4=0003BDD8 A5=00A04000 A6=00000000 A7=00FF7EE6 D0=00000007 D1=00030001 D2=00000001 D3=00000000 D4=0000000B D5=000000D3 D6=00000000 D7=00000034 xnzvc
03:E732  1A 87  MOVE.B  D7,(A5)                  A0=00FFFE56 A1=0003FB65 A2=00FF9364 A3=00FFFE00 A4=0003BDD8 A5=00A04000 A6=00000000 A7=00FF7EE6 D0=00000007 D1=00030001 D2=00000001 D3=00000000 D4=0000000B D5=000000D3 D6=00000000 D7=00000035 xnzvc
03:E734  4E 71  NOP                              A0=00FFFE56 A1=0003FB65 A2=00FF9364 A3=00FFFE00 A4=0003BDD8 A5=00A04000 A6=00000000 A7=00FF7EE6 D0=00000007 D1=00030001 D2=00000001 D3=00000000 D4=0000000B D5=000000D3 D6=00000000 D7=00000035 xnzvc
03:E736  1B 5C  MOVE.B  (A4)+,$0001(A5)          A0=00FFFE56 A1=0003FB65 A2=00FF9364 A3=00FFFE00 A4=0003BDD8 A5=00A04000 A6=00000000 A7=00FF7EE6 D0=00000007 D1=00030001 D2=00000001 D3=00000000 D4=0000000B D5=000000D3 D6=00000000 D7=00000035 xnzvc
03:E73A  4E 71  NOP                              A0=00FFFE56 A1=0003FB65 A2=00FF9364 A3=00FFFE00 A4=0003BDD9 A5=00A04000 A6=00000000 A7=00FF7EE6 D0=00000007 D1=00030001 D2=00000001 D3=00000000 D4=0000000B D5=000000D3 D6=00000000 D7=00000035 xnzvc
03:E73C  4E 71  NOP                              A0=00FFFE56 A1=0003FB65 A2=00FF9364 A3=00FFFE00 A4=0003BDD9 A5=00A04000 A6=00000000 A7=00FF7EE6 D0=00000007 D1=00030001 D2=00000001 D3=00000000 D4=0000000B D5=000000D3 D6=00000000 D7=00000035 xnzvc
03:E73E  4E 71  NOP                              A0=00FFFE56 A1=0003FB65 A2=00FF9364 A3=00FFFE00 A4=0003BDD9 A5=00A04000 A6=00000000 A7=00FF7EE6 D0=00000007 D1=00030001 D2=00000001 D3=00000000 D4=0000000B D5=000000D3 D6=00000000 D7=00000035 xnzvc
03:E740  4E 71  NOP                              A0=00FFFE56 A1=0003FB65 A2=00FF9364 A3=00FFFE00 A4=0003BDD9 A5=00A04000 A6=00000000 A7=00FF7EE6 D0=00000007 D1=00030001 D2=00000001 D3=00000000 D4=0000000B D5=000000D3 D6=00000000 D7=00000035 xnzvc
03:E742  4E 71  NOP                              A0=00FFFE56 A1=0003FB65 A2=00FF9364 A3=00FFFE00 A4=0003BDD9 A5=00A04000 A6=00000000 A7=00FF7EE6 D0=00000007 D1=00030001 D2=00000001 D3=00000000 D4=0000000B D5=000000D3 D6=00000000 D7=00000035 xnzvc
03:E744  4E 71  NOP                              A0=00FFFE56 A1=0003FB65 A2=00FF9364 A3=00FFFE00 A4=0003BDD9 A5=00A04000 A6=00000000 A7=00FF7EE6 D0=00000007 D1=00030001 D2=00000001 D3=00000000 D4=0000000B D5=000000D3 D6=00000000 D7=00000035 xnzvc
03:E746  4E 71  NOP                              A0=00FFFE56 A1=0003FB65 A2=00FF9364 A3=00FFFE00 A4=0003BDD9 A5=00A04000 A6=00000000 A7=00FF7EE6 D0=00000007 D1=00030001 D2=00000001 D3=00000000 D4=0000000B D5=000000D3 D6=00000000 D7=00000035 xnzvc
03:E748  4E 71  NOP                              A0=00FFFE56 A1=0003FB65 A2=00FF9364 A3=00FFFE00 A4=0003BDD9 A5=00A04000 A6=00000000 A7=00FF7EE6 D0=00000007 D1=00030001 D2=00000001 D3=00000000 D4=0000000B D5=000000D3 D6=00000000 D7=00000035 xnzvc
03:E74A  4E 71  NOP                              A0=00FFFE56 A1=0003FB65 A2=00FF9364 A3=00FFFE00 A4=0003BDD9 A5=00A04000 A6=00000000 A7=00FF7EE6 D0=00000007 D1=00030001 D2=00000001 D3=00000000 D4=0000000B D5=000000D3 D6=00000000 D7=00000035 xnzvc
03:E74C  08 15  BTST    #7,(A5)                  A0=00FFFE56 A1=0003FB65 A2=00FF9364 A3=00FFFE00 A4=0003BDD9 A5=00A04000 A6=00000000 A7=00FF7EE6 D0=00000007 D1=00030001 D2=00000001 D3=00000000 D4=0000000B D5=000000D3 D6=00000000 D7=00000035 xnzvc
03:E750  66 FA  BNE     #$FA [03:E74C]           A0=00FFFE56 A1=0003FB65 A2=00FF9364 A3=00FFFE00 A4=0003BDD9 A5=00A04000 A6=00000000 A7=00FF7EE6 D0=00000007 D1=00030001 D2=00000001 D3=00000000 D4=0000000B D5=000000D3 D6=00000000 D7=00000035 xnZvc
03:E752  1E 3C  MOVE.B  #$44,D7                  A0=00FFFE56 A1=0003FB65 A2=00FF9364 A3=00FFFE00 A4=0003BDD9 A5=00A04000 A6=00000000 A7=00FF7EE6 D0=00000007 D1=00030001 D2=00000001 D3=00000000 D4=0000000B D5=000000D3 D6=00000000 D7=00000035 xnZvc
03:E756  8E 01  OR.B    D1,D7                    A0=00FFFE56 A1=0003FB65 A2=00FF9364 A3=00FFFE00 A4=0003BDD9 A5=00A04000 A6=00000000 A7=00FF7EE6 D0=00000007 D1=00030001 D2=00000001 D3=00000000 D4=0000000B D5=000000D3 D6=00000000 D7=00000044 xnzvc
03:E758  1A 87  MOVE.B  D7,(A5)                  A0=00FFFE56 A1=0003FB65 A2=00FF9364 A3=00FFFE00 A4=0003BDD9 A5=00A04000 A6=00000000 A7=00FF7EE6 D0=00000007 D1=00030001 D2=00000001 D3=00000000 D4=0000000B D5=000000D3 D6=00000000 D7=00000045 xnzvc
03:E75A  4E 71  NOP                              A0=00FFFE56 A1=0003FB65 A2=00FF9364 A3=00FFFE00 A4=0003BDD9 A5=00A04000 A6=00000000 A7=00FF7EE6 D0=00000007 D1=00030001 D2=00000001 D3=00000000 D4=0000000B D5=000000D3 D6=00000000 D7=00000045 xnzvc
03:E75C  1B 5C  MOVE.B  (A4)+,$0001(A5)          A0=00FFFE56 A1=0003FB65 A2=00FF9364 A3=00FFFE00 A4=0003BDD9 A5=00A04000 A6=00000000 A7=00FF7EE6 D0=00000007 D1=00030001 D2=00000001 D3=00000000 D4=0000000B D5=000000D3 D6=00000000 D7=00000045 xnzvc
03:E760  4E 71  NOP                              A0=00FFFE56 A1=0003FB65 A2=00FF9364 A3=00FFFE00 A4=0003BDDA A5=00A04000 A6=00000000 A7=00FF7EE6 D0=00000007 D1=00030001 D2=00000001 D3=00000000 D4=0000000B D5=000000D3 D6=00000000 D7=00000045 xnZvc
03:E762  4E 71  NOP                              A0=00FFFE56 A1=0003FB65 A2=00FF9364 A3=00FFFE00 A4=0003BDDA A5=00A04000 A6=00000000 A7=00FF7EE6 D0=00000007 D1=00030001 D2=00000001 D3=00000000 D4=0000000B D5=000000D3 D6=00000000 D7=00000045 xnZvc
03:E764  4E 71  NOP                              A0=00FFFE56 A1=0003FB65 A2=00FF9364 A3=00FFFE00 A4=0003BDDA A5=00A04000 A6=00000000 A7=00FF7EE6 D0=00000007 D1=00030001 D2=00000001 D3=00000000 D4=0000000B D5=000000D3 D6=00000000 D7=00000045 xnZvc
03:E766  4E 71  NOP                              A0=00FFFE56 A1=0003FB65 A2=00FF9364 A3=00FFFE00 A4=0003BDDA A5=00A04000 A6=00000000 A7=00FF7EE6 D0=00000007 D1=00030001 D2=00000001 D3=00000000 D4=0000000B D5=000000D3 D6=00000000 D7=00000045 xnZvc
03:E768  4E 71  NOP                              A0=00FFFE56 A1=0003FB65 A2=00FF9364 A3=00FFFE00 A4=0003BDDA A5=00A04000 A6=00000000 A7=00FF7EE6 D0=00000007 D1=00030001 D2=00000001 D3=00000000 D4=0000000B D5=000000D3 D6=00000000 D7=00000045 xnZvc
03:E76A  4E 71  NOP                              A0=00FFFE56 A1=0003FB65 A2=00FF9364 A3=00FFFE00 A4=0003BDDA A5=00A04000 A6=00000000 A7=00FF7EE6 D0=00000007 D1=00030001 D2=00000001 D3=00000000 D4=0000000B D5=000000D3 D6=00000000 D7=00000045 xnZvc
03:E76C  4E 71  NOP                              A0=00FFFE56 A1=0003FB65 A2=00FF9364 A3=00FFFE00 A4=0003BDDA A5=00A04000 A6=00000000 A7=00FF7EE6 D0=00000007 D1=00030001 D2=00000001 D3=00000000 D4=0000000B D5=000000D3 D6=00000000 D7=00000045 xnZvc
03:E76E  4E 71  NOP                              A0=00FFFE56 A1=0003FB65 A2=00FF9364 A3=00FFFE00 A4=0003BDDA A5=00A04000 A6=00000000 A7=00FF7EE6 D0=00000007 D1=00030001 D2=00000001 D3=00000000 D4=0000000B D5=000000D3 D6=00000000 D7=00000045 xnZvc
03:E770  4E 71  NOP                              A0=00FFFE56 A1=0003FB65 A2=00FF9364 A3=00FFFE00 A4=0003BDDA A5=00A04000 A6=00000000 A7=00FF7EE6 D0=00000007 D1=00030001 D2=00000001 D3=00000000 D4=0000000B D5=000000D3 D6=00000000 D7=00000045 xnZvc
03:E772  08 15  BTST    #7,(A5)                  A0=00FFFE56 A1=0003FB65 A2=00FF9364 A3=00FFFE00 A4=0003BDDA A5=00A04000 A6=00000000 A7=00FF7EE6 D0=00000007 D1=00030001 D2=00000001 D3=00000000 D4=0000000B D5=000000D3 D6=00000000 D7=00000045 xnZvc
03:E776  66 FA  BNE     #$FA [03:E772]           A0=00FFFE56 A1=0003FB65 A2=00FF9364 A3=00FFFE00 A4=0003BDDA A5=00A04000 A6=00000000 A7=00FF7EE6 D0=00000007 D1=00030001 D2=00000001 D3=00000000 D4=0000000B D5=000000D3 D6=00000000 D7=00000045 xnZvc
03:E778  1E 3C  MOVE.B  #$54,D7                  A0=00FFFE56 A1=0003FB65 A2=00FF9364 A3=00FFFE00 A4=0003BDDA A5=00A04000 A6=00000000 A7=00FF7EE6 D0=00000007 D1=00030001 D2=00000001 D3=00000000 D4=0000000B D5=000000D3 D6=00000000 D7=00000045 xnZvc
03:E77C  8E 01  OR.B    D1,D7                    A0=00FFFE56 A1=0003FB65 A2=00FF9364 A3=00FFFE00 A4=0003BDDA A5=00A04000 A6=00000000 A7=00FF7EE6 D0=00000007 D1=00030001 D2=00000001 D3=00000000 D4=0000000B D5=000000D3 D6=00000000 D7=00000054 xnzvc
03:E77E  1A 87  MOVE.B  D7,(A5)                  A0=00FFFE56 A1=0003FB65 A2=00FF9364 A3=00FFFE00 A4=0003BDDA A5=00A04000 A6=00000000 A7=00FF7EE6 D0=00000007 D1=00030001 D2=00000001 D3=00000000 D4=0000000B D5=000000D3 D6=00000000 D7=00000055 xnzvc
03:E780  4E 71  NOP                              A0=00FFFE56 A1=0003FB65 A2=00FF9364 A3=00FFFE00 A4=0003BDDA A5=00A04000 A6=00000000 A7=00FF7EE6 D0=00000007 D1=00030001 D2=00000001 D3=00000000 D4=0000000B D5=000000D3 D6=00000000 D7=00000055 xnzvc
03:E782  1B 5C  MOVE.B  (A4)+,$0001(A5)          A0=00FFFE56 A1=0003FB65 A2=00FF9364 A3=00FFFE00 A4=0003BDDA A5=00A04000 A6=00000000 A7=00FF7EE6 D0=00000007 D1=00030001 D2=00000001 D3=00000000 D4=0000000B D5=000000D3 D6=00000000 D7=00000055 xnzvc
03:E786  4E 71  NOP                              A0=00FFFE56 A1=0003FB65 A2=00FF9364 A3=00FFFE00 A4=0003BDDB A5=00A04000 A6=00000000 A7=00FF7EE6 D0=00000007 D1=00030001 D2=00000001 D3=00000000 D4=0000000B D5=000000D3 D6=00000000 D7=00000055 xnzvc
03:E788  4E 71  NOP                              A0=00FFFE56 A1=0003FB65 A2=00FF9364 A3=00FFFE00 A4=0003BDDB A5=00A04000 A6=00000000 A7=00FF7EE6 D0=00000007 D1=00030001 D2=00000001 D3=00000000 D4=0000000B D5=000000D3 D6=00000000 D7=00000055 xnzvc
03:E78A  4E 71  NOP                              A0=00FFFE56 A1=0003FB65 A2=00FF9364 A3=00FFFE00 A4=0003BDDB A5=00A04000 A6=00000000 A7=00FF7EE6 D0=00000007 D1=00030001 D2=00000001 D3=00000000 D4=0000000B D5=000000D3 D6=00000000 D7=00000055 xnzvc
03:E78C  4E 71  NOP                              A0=00FFFE56 A1=0003FB65 A2=00FF9364 A3=00FFFE00 A4=0003BDDB A5=00A04000 A6=00000000 A7=00FF7EE6 D0=00000007 D1=00030001 D2=00000001 D3=00000000 D4=0000000B D5=000000D3 D6=00000000 D7=00000055 xnzvc
03:E78E  4E 71  NOP                              A0=00FFFE56 A1=0003FB65 A2=00FF9364 A3=00FFFE00 A4=0003BDDB A5=00A04000 A6=00000000 A7=00FF7EE6 D0=00000007 D1=00030001 D2=00000001 D3=00000000 D4=0000000B D5=000000D3 D6=00000000 D7=00000055 xnzvc
03:E790  4E 71  NOP                              A0=00FFFE56 A1=0003FB65 A2=00FF9364 A3=00FFFE00 A4=0003BDDB A5=00A04000 A6=00000000 A7=00FF7EE6 D0=00000007 D1=00030001 D2=00000001 D3=00000000 D4=0000000B D5=000000D3 D6=00000000 D7=00000055 xnzvc
03:E792  4E 71  NOP                              A0=00FFFE56 A1=0003FB65 A2=00FF9364 A3=00FFFE00 A4=0003BDDB A5=00A04000 A6=00000000 A7=00FF7EE6 D0=00000007 D1=00030001 D2=00000001 D3=00000000 D4=0000000B D5=000000D3 D6=00000000 D7=00000055 xnzvc
03:E794  4E 71  NOP                              A0=00FFFE56 A1=0003FB65 A2=00FF9364 A3=00FFFE00 A4=0003BDDB A5=00A04000 A6=00000000 A7=00FF7EE6 D0=00000007 D1=00030001 D2=00000001 D3=00000000 D4=0000000B D5=000000D3 D6=00000000 D7=00000055 xnzvc
03:E796  4E 71  NOP                              A0=00FFFE56 A1=0003FB65 A2=00FF9364 A3=00FFFE00 A4=0003BDDB A5=00A04000 A6=00000000 A7=00FF7EE6 D0=00000007 D1=00030001 D2=00000001 D3=00000000 D4=0000000B D5=000000D3 D6=00000000 D7=00000055 xnzvc
03:E798  08 15  BTST    #7,(A5)                  A0=00FFFE56 A1=0003FB65 A2=00FF9364 A3=00FFFE00 A4=0003BDDB A5=00A04000 A6=00000000 A7=00FF7EE6 D0=00000007 D1=00030001 D2=00000001 D3=00000000 D4=0000000B D5=000000D3 D6=00000000 D7=00000055 xnzvc
03:E79C  66 FA  BNE     #$FA [03:E798]           A0=00FFFE56 A1=0003FB65 A2=00FF9364 A3=00FFFE00 A4=0003BDDB A5=00A04000 A6=00000000 A7=00FF7EE6 D0=00000007 D1=00030001 D2=00000001 D3=00000000 D4=0000000B D5=000000D3 D6=00000000 D7=00000055 xnZvc
03:E79E  1E 3C  MOVE.B  #$64,D7                  A0=00FFFE56 A1=0003FB65 A2=00FF9364 A3=00FFFE00 A4=0003BDDB A5=00A04000 A6=00000000 A7=00FF7EE6 D0=00000007 D1=00030001 D2=00000001 D3=00000000 D4=0000000B D5=000000D3 D6=00000000 D7=00000055 xnZvc
03:E7A2  8E 01  OR.B    D1,D7                    A0=00FFFE56 A1=0003FB65 A2=00FF9364 A3=00FFFE00 A4=0003BDDB A5=00A04000 A6=00000000 A7=00FF7EE6 D0=00000007 D1=00030001 D2=00000001 D3=00000000 D4=0000000B D5=000000D3 D6=00000000 D7=00000064 xnzvc
03:E7A4  1A 87  MOVE.B  D7,(A5)                  A0=00FFFE56 A1=0003FB65 A2=00FF9364 A3=00FFFE00 A4=0003BDDB A5=00A04000 A6=00000000 A7=00FF7EE6 D0=00000007 D1=00030001 D2=00000001 D3=00000000 D4=0000000B D5=000000D3 D6=00000000 D7=00000065 xnzvc
03:E7A6  4E 71  NOP                              A0=00FFFE56 A1=0003FB65 A2=00FF9364 A3=00FFFE00 A4=0003BDDB A5=00A04000 A6=00000000 A7=00FF7EE6 D0=00000007 D1=00030001 D2=00000001 D3=00000000 D4=0000000B D5=000000D3 D6=00000000 D7=00000065 xnzvc
03:E7A8  1B 5C  MOVE.B  (A4)+,$0001(A5)          A0=00FFFE56 A1=0003FB65 A2=00FF9364 A3=00FFFE00 A4=0003BDDB A5=00A04000 A6=00000000 A7=00FF7EE6 D0=00000007 D1=00030001 D2=00000001 D3=00000000 D4=0000000B D5=000000D3 D6=00000000 D7=00000065 xnzvc
03:E7AC  4E 71  NOP                              A0=00FFFE56 A1=0003FB65 A2=00FF9364 A3=00FFFE00 A4=0003BDDC A5=00A04000 A6=00000000 A7=00FF7EE6 D0=00000007 D1=00030001 D2=00000001 D3=00000000 D4=0000000B D5=000000D3 D6=00000000 D7=00000065 xnzvc
03:E7AE  4E 71  NOP                              A0=00FFFE56 A1=0003FB65 A2=00FF9364 A3=00FFFE00 A4=0003BDDC A5=00A04000 A6=00000000 A7=00FF7EE6 D0=00000007 D1=00030001 D2=00000001 D3=00000000 D4=0000000B D5=000000D3 D6=00000000 D7=00000065 xnzvc
03:E7B0  4E 71  NOP                              A0=00FFFE56 A1=0003FB65 A2=00FF9364 A3=00FFFE00 A4=0003BDDC A5=00A04000 A6=00000000 A7=00FF7EE6 D0=00000007 D1=00030001 D2=00000001 D3=00000000 D4=0000000B D5=000000D3 D6=00000000 D7=00000065 xnzvc
03:E7B2  4E 71  NOP                              A0=00FFFE56 A1=0003FB65 A2=00FF9364 A3=00FFFE00 A4=0003BDDC A5=00A04000 A6=00000000 A7=00FF7EE6 D0=00000007 D1=00030001 D2=00000001 D3=00000000 D4=0000000B D5=000000D3 D6=00000000 D7=00000065 xnzvc
03:E7B4  4E 71  NOP                              A0=00FFFE56 A1=0003FB65 A2=00FF9364 A3=00FFFE00 A4=0003BDDC A5=00A04000 A6=00000000 A7=00FF7EE6 D0=00000007 D1=00030001 D2=00000001 D3=00000000 D4=0000000B D5=000000D3 D6=00000000 D7=00000065 xnzvc
03:E7B6  4E 71  NOP                              A0=00FFFE56 A1=0003FB65 A2=00FF9364 A3=00FFFE00 A4=0003BDDC A5=00A04000 A6=00000000 A7=00FF7EE6 D0=00000007 D1=00030001 D2=00000001 D3=00000000 D4=0000000B D5=000000D3 D6=00000000 D7=00000065 xnzvc
03:E7B8  4E 71  NOP                              A0=00FFFE56 A1=0003FB65 A2=00FF9364 A3=00FFFE00 A4=0003BDDC A5=00A04000 A6=00000000 A7=00FF7EE6 D0=00000007 D1=00030001 D2=00000001 D3=00000000 D4=0000000B D5=000000D3 D6=00000000 D7=00000065 xnzvc
03:E7BA  4E 71  NOP                              A0=00FFFE56 A1=0003FB65 A2=00FF9364 A3=00FFFE00 A4=0003BDDC A5=00A04000 A6=00000000 A7=00FF7EE6 D0=00000007 D1=00030001 D2=00000001 D3=00000000 D4=0000000B D5=000000D3 D6=00000000 D7=00000065 xnzvc
03:E7BC  4E 71  NOP                              A0=00FFFE56 A1=0003FB65 A2=00FF9364 A3=00FFFE00 A4=0003BDDC A5=00A04000 A6=00000000 A7=00FF7EE6 D0=00000007 D1=00030001 D2=00000001 D3=00000000 D4=0000000B D5=000000D3 D6=00000000 D7=00000065 xnzvc
03:E7BE  08 15  BTST    #7,(A5)                  A0=00FFFE56 A1=0003FB65 A2=00FF9364 A3=00FFFE00 A4=0003BDDC A5=00A04000 A6=00000000 A7=00FF7EE6 D0=00000007 D1=00030001 D2=00000001 D3=00000000 D4=0000000B D5=000000D3 D6=00000000 D7=00000065 xnzvc
03:E7C2  66 FA  BNE     #$FA [03:E7BE]           A0=00FFFE56 A1=0003FB65 A2=00FF9364 A3=00FFFE00 A4=0003BDDC A5=00A04000 A6=00000000 A7=00FF7EE6 D0=00000007 D1=00030001 D2=00000001 D3=00000000 D4=0000000B D5=000000D3 D6=00000000 D7=00000065 xnZvc
03:E7C4  1E 3C  MOVE.B  #$74,D7                  A0=00FFFE56 A1=0003FB65 A2=00FF9364 A3=00FFFE00 A4=0003BDDC A5=00A04000 A6=00000000 A7=00FF7EE6 D0=00000007 D1=00030001 D2=00000001 D3=00000000 D4=0000000B D5=000000D3 D6=00000000 D7=00000065 xnZvc
03:E7C8  8E 01  OR.B    D1,D7                    A0=00FFFE56 A1=0003FB65 A2=00FF9364 A3=00FFFE00 A4=0003BDDC A5=00A04000 A6=00000000 A7=00FF7EE6 D0=00000007 D1=00030001 D2=00000001 D3=00000000 D4=0000000B D5=000000D3 D6=00000000 D7=00000074 xnzvc
03:E7CA  1A 87  MOVE.B  D7,(A5)                  A0=00FFFE56 A1=0003FB65 A2=00FF9364 A3=00FFFE00 A4=0003BDDC A5=00A04000 A6=00000000 A7=00FF7EE6 D0=00000007 D1=00030001 D2=00000001 D3=00000000 D4=0000000B D5=000000D3 D6=00000000 D7=00000075 xnzvc
03:E7CC  4E 71  NOP                              A0=00FFFE56 A1=0003FB65 A2=00FF9364 A3=00FFFE00 A4=0003BDDC A5=00A04000 A6=00000000 A7=00FF7EE6 D0=00000007 D1=00030001 D2=00000001 D3=00000000 D4=0000000B D5=000000D3 D6=00000000 D7=00000075 xnzvc
03:E7CE  1B 5C  MOVE.B  (A4)+,$0001(A5)          A0=00FFFE56 A1=0003FB65 A2=00FF9364 A3=00FFFE00 A4=0003BDDC A5=00A04000 A6=00000000 A7=00FF7EE6 D0=00000007 D1=00030001 D2=00000001 D3=00000000 D4=0000000B D5=000000D3 D6=00000000 D7=00000075 xnzvc
03:E7D2  4E 71  NOP                              A0=00FFFE56 A1=0003FB65 A2=00FF9364 A3=00FFFE00 A4=0003BDDD A5=00A04000 A6=00000000 A7=00FF7EE6 D0=00000007 D1=00030001 D2=00000001 D3=00000000 D4=0000000B D5=000000D3 D6=00000000 D7=00000075 xnzvc
03:E7D4  4E 71  NOP                              A0=00FFFE56 A1=0003FB65 A2=00FF9364 A3=00FFFE00 A4=0003BDDD A5=00A04000 A6=00000000 A7=00FF7EE6 D0=00000007 D1=00030001 D2=00000001 D3=00000000 D4=0000000B D5=000000D3 D6=00000000 D7=00000075 xnzvc
03:E7D6  4E 71  NOP                              A0=00FFFE56 A1=0003FB65 A2=00FF9364 A3=00FFFE00 A4=0003BDDD A5=00A04000 A6=00000000 A7=00FF7EE6 D0=00000007 D1=00030001 D2=00000001 D3=00000000 D4=0000000B D5=000000D3 D6=00000000 D7=00000075 xnzvc
03:E7D8  4E 71  NOP                              A0=00FFFE56 A1=0003FB65 A2=00FF9364 A3=00FFFE00 A4=0003BDDD A5=00A04000 A6=00000000 A7=00FF7EE6 D0=00000007 D1=00030001 D2=00000001 D3=00000000 D4=0000000B D5=000000D3 D6=00000000 D7=00000075 xnzvc
03:E7DA  4E 71  NOP                              A0=00FFFE56 A1=0003FB65 A2=00FF9364 A3=00FFFE00 A4=0003BDDD A5=00A04000 A6=00000000 A7=00FF7EE6 D0=00000007 D1=00030001 D2=00000001 D3=00000000 D4=0000000B D5=000000D3 D6=00000000 D7=00000075 xnzvc
03:E7DC  4E 71  NOP                              A0=00FFFE56 A1=0003FB65 A2=00FF9364 A3=00FFFE00 A4=0003BDDD A5=00A04000 A6=00000000 A7=00FF7EE6 D0=00000007 D1=00030001 D2=00000001 D3=00000000 D4=0000000B D5=000000D3 D6=00000000 D7=00000075 xnzvc
03:E7DE  4E 71  NOP                              A0=00FFFE56 A1=0003FB65 A2=00FF9364 A3=00FFFE00 A4=0003BDDD A5=00A04000 A6=00000000 A7=00FF7EE6 D0=00000007 D1=00030001 D2=00000001 D3=00000000 D4=0000000B D5=000000D3 D6=00000000 D7=00000075 xnzvc
03:E7E0  4E 71  NOP                              A0=00FFFE56 A1=0003FB65 A2=00FF9364 A3=00FFFE00 A4=0003BDDD A5=00A04000 A6=00000000 A7=00FF7EE6 D0=00000007 D1=00030001 D2=00000001 D3=00000000 D4=0000000B D5=000000D3 D6=00000000 D7=00000075 xnzvc
03:E7E2  4E 71  NOP                              A0=00FFFE56 A1=0003FB65 A2=00FF9364 A3=00FFFE00 A4=0003BDDD A5=00A04000 A6=00000000 A7=00FF7EE6 D0=00000007 D1=00030001 D2=00000001 D3=00000000 D4=0000000B D5=000000D3 D6=00000000 D7=00000075 xnzvc
03:E7E4  08 15  BTST    #7,(A5)                  A0=00FFFE56 A1=0003FB65 A2=00FF9364 A3=00FFFE00 A4=0003BDDD A5=00A04000 A6=00000000 A7=00FF7EE6 D0=00000007 D1=00030001 D2=00000001 D3=00000000 D4=0000000B D5=000000D3 D6=00000000 D7=00000075 xnzvc
03:E7E8  66 FA  BNE     #$FA [03:E7E4]           A0=00FFFE56 A1=0003FB65 A2=00FF9364 A3=00FFFE00 A4=0003BDDD A5=00A04000 A6=00000000 A7=00FF7EE6 D0=00000007 D1=00030001 D2=00000001 D3=00000000 D4=0000000B D5=000000D3 D6=00000000 D7=00000075 xnZvc
03:E7EA  1E 3C  MOVE.B  #$84,D7                  A0=00FFFE56 A1=0003FB65 A2=00FF9364 A3=00FFFE00 A4=0003BDDD A5=00A04000 A6=00000000 A7=00FF7EE6 D0=00000007 D1=00030001 D2=00000001 D3=00000000 D4=0000000B D5=000000D3 D6=00000000 D7=00000075 xnZvc
03:E7EE  8E 01  OR.B    D1,D7                    A0=00FFFE56 A1=0003FB65 A2=00FF9364 A3=00FFFE00 A4=0003BDDD A5=00A04000 A6=00000000 A7=00FF7EE6 D0=00000007 D1=00030001 D2=00000001 D3=00000000 D4=0000000B D5=000000D3 D6=00000000 D7=00000084 xNzvc
03:E7F0  1A 87  MOVE.B  D7,(A5)                  A0=00FFFE56 A1=0003FB65 A2=00FF9364 A3=00FFFE00 A4=0003BDDD A5=00A04000 A6=00000000 A7=00FF7EE6 D0=00000007 D1=00030001 D2=00000001 D3=00000000 D4=0000000B D5=000000D3 D6=00000000 D7=00000085 xNzvc
03:E7F2  4E 71  NOP                              A0=00FFFE56 A1=0003FB65 A2=00FF9364 A3=00FFFE00 A4=0003BDDD A5=00A04000 A6=00000000 A7=00FF7EE6 D0=00000007 D1=00030001 D2=00000001 D3=00000000 D4=0000000B D5=000000D3 D6=00000000 D7=00000085 xNzvc
03:E7F4  1B 5C  MOVE.B  (A4)+,$0001(A5)          A0=00FFFE56 A1=0003FB65 A2=00FF9364 A3=00FFFE00 A4=0003BDDD A5=00A04000 A6=00000000 A7=00FF7EE6 D0=00000007 D1=00030001 D2=00000001 D3=00000000 D4=0000000B D5=000000D3 D6=00000000 D7=00000085 xNzvc
03:E7F8  4E 71  NOP                              A0=00FFFE56 A1=0003FB65 A2=00FF9364 A3=00FFFE00 A4=0003BDDE A5=00A04000 A6=00000000 A7=00FF7EE6 D0=00000007 D1=00030001 D2=00000001 D3=00000000 D4=0000000B D5=000000D3 D6=00000000 D7=00000085 xNzvc
03:E7FA  4E 71  NOP                              A0=00FFFE56 A1=0003FB65 A2=00FF9364 A3=00FFFE00 A4=0003BDDE A5=00A04000 A6=00000000 A7=00FF7EE6 D0=00000007 D1=00030001 D2=00000001 D3=00000000 D4=0000000B D5=000000D3 D6=00000000 D7=00000085 xNzvc
03:E7FC  4E 71  NOP                              A0=00FFFE56 A1=0003FB65 A2=00FF9364 A3=00FFFE00 A4=0003BDDE A5=00A04000 A6=00000000 A7=00FF7EE6 D0=00000007 D1=00030001 D2=00000001 D3=00000000 D4=0000000B D5=000000D3 D6=00000000 D7=00000085 xNzvc
03:E7FE  4E 71  NOP                              A0=00FFFE56 A1=0003FB65 A2=00FF9364 A3=00FFFE00 A4=0003BDDE A5=00A04000 A6=00000000 A7=00FF7EE6 D0=00000007 D1=00030001 D2=00000001 D3=00000000 D4=0000000B D5=000000D3 D6=00000000 D7=00000085 xNzvc
03:E800  4E 71  NOP                              A0=00FFFE56 A1=0003FB65 A2=00FF9364 A3=00FFFE00 A4=0003BDDE A5=00A04000 A6=00000000 A7=00FF7EE6 D0=00000007 D1=00030001 D2=00000001 D3=00000000 D4=0000000B D5=000000D3 D6=00000000 D7=00000085 xNzvc
03:E802  4E 71  NOP                              A0=00FFFE56 A1=0003FB65 A2=00FF9364 A3=00FFFE00 A4=0003BDDE A5=00A04000 A6=00000000 A7=00FF7EE6 D0=00000007 D1=00030001 D2=00000001 D3=00000000 D4=0000000B D5=000000D3 D6=00000000 D7=00000085 xNzvc
03:E804  4E 71  NOP                              A0=00FFFE56 A1=0003FB65 A2=00FF9364 A3=00FFFE00 A4=0003BDDE A5=00A04000 A6=00000000 A7=00FF7EE6 D0=00000007 D1=00030001 D2=00000001 D3=00000000 D4=0000000B D5=000000D3 D6=00000000 D7=00000085 xNzvc
03:E806  4E 71  NOP                              A0=00FFFE56 A1=0003FB65 A2=00FF9364 A3=00FFFE00 A4=0003BDDE A5=00A04000 A6=00000000 A7=00FF7EE6 D0=00000007 D1=00030001 D2=00000001 D3=00000000 D4=0000000B D5=000000D3 D6=00000000 D7=00000085 xNzvc
03:E808  4E 71  NOP                              A0=00FFFE56 A1=0003FB65 A2=00FF9364 A3=00FFFE00 A4=0003BDDE A5=00A04000 A6=00000000 A7=00FF7EE6 D0=00000007 D1=00030001 D2=00000001 D3=00000000 D4=0000000B D5=000000D3 D6=00000000 D7=00000085 xNzvc
03:E80A  08 15  BTST    #7,(A5)                  A0=00FFFE56 A1=0003FB65 A2=00FF9364 A3=00FFFE00 A4=0003BDDE A5=00A04000 A6=00000000 A7=00FF7EE6 D0=00000007 D1=00030001 D2=00000001 D3=00000000 D4=0000000B D5=000000D3 D6=00000000 D7=00000085 xNzvc
03:E80E  66 FA  BNE     #$FA [03:E80A]           A0=00FFFE56 A1=0003FB65 A2=00FF9364 A3=00FFFE00 A4=0003BDDE A5=00A04000 A6=00000000 A7=00FF7EE6 D0=00000007 D1=00030001 D2=00000001 D3=00000000 D4=0000000B D5=000000D3 D6=00000000 D7=00000085 xNZvc
03:E810  1E 3C  MOVE.B  #$94,D7                  A0=00FFFE56 A1=0003FB65 A2=00FF9364 A3=00FFFE00 A4=0003BDDE A5=00A04000 A6=00000000 A7=00FF7EE6 D0=00000007 D1=00030001 D2=00000001 D3=00000000 D4=0000000B D5=000000D3 D6=00000000 D7=00000085 xNZvc
03:E814  8E 01  OR.B    D1,D7                    A0=00FFFE56 A1=0003FB65 A2=00FF9364 A3=00FFFE00 A4=0003BDDE A5=00A04000 A6=00000000 A7=00FF7EE6 D0=00000007 D1=00030001 D2=00000001 D3=00000000 D4=0000000B D5=000000D3 D6=00000000 D7=00000094 xNzvc
03:E816  1A 87  MOVE.B  D7,(A5)                  A0=00FFFE56 A1=0003FB65 A2=00FF9364 A3=00FFFE00 A4=0003BDDE A5=00A04000 A6=00000000 A7=00FF7EE6 D0=00000007 D1=00030001 D2=00000001 D3=00000000 D4=0000000B D5=000000D3 D6=00000000 D7=00000095 xNzvc
03:E818  4E 71  NOP                              A0=00FFFE56 A1=0003FB65 A2=00FF9364 A3=00FFFE00 A4=0003BDDE A5=00A04000 A6=00000000 A7=00FF7EE6 D0=00000007 D1=00030001 D2=00000001 D3=00000000 D4=0000000B D5=000000D3 D6=00000000 D7=00000095 xNzvc
03:E81A  1B 7C  MOVE.B  #$00,$0001(A5)           A0=00FFFE56 A1=0003FB65 A2=00FF9364 A3=00FFFE00 A4=0003BDDE A5=00A04000 A6=00000000 A7=00FF7EE6 D0=00000007 D1=00030001 D2=00000001 D3=00000000 D4=0000000B D5=000000D3 D6=00000000 D7=00000095 xNzvc
03:E820  4E 71  NOP                              A0=00FFFE56 A1=0003FB65 A2=00FF9364 A3=00FFFE00 A4=0003BDDE A5=00A04000 A6=00000000 A7=00FF7EE6 D0=00000007 D1=00030001 D2=00000001 D3=00000000 D4=0000000B D5=000000D3 D6=00000000 D7=00000095 xnZvc
03:E822  4E 71  NOP                              A0=00FFFE56 A1=0003FB65 A2=00FF9364 A3=00FFFE00 A4=0003BDDE A5=00A04000 A6=00000000 A7=00FF7EE6 D0=00000007 D1=00030001 D2=00000001 D3=00000000 D4=0000000B D5=000000D3 D6=00000000 D7=00000095 xnZvc
03:E824  4E 71  NOP                              A0=00FFFE56 A1=0003FB65 A2=00FF9364 A3=00FFFE00 A4=0003BDDE A5=00A04000 A6=00000000 A7=00FF7EE6 D0=00000007 D1=00030001 D2=00000001 D3=00000000 D4=0000000B D5=000000D3 D6=00000000 D7=00000095 xnZvc
03:E826  4E 71  NOP                              A0=00FFFE56 A1=0003FB65 A2=00FF9364 A3=00FFFE00 A4=0003BDDE A5=00A04000 A6=00000000 A7=00FF7EE6 D0=00000007 D1=00030001 D2=00000001 D3=00000000 D4=0000000B D5=000000D3 D6=00000000 D7=00000095 xnZvc
03:E828  4E 71  NOP                              A0=00FFFE56 A1=0003FB65 A2=00FF9364 A3=00FFFE00 A4=0003BDDE A5=00A04000 A6=00000000 A7=00FF7EE6 D0=00000007 D1=00030001 D2=00000001 D3=00000000 D4=0000000B D5=000000D3 D6=00000000 D7=00000095 xnZvc
03:E82A  4E 71  NOP                              A0=00FFFE56 A1=0003FB65 A2=00FF9364 A3=00FFFE00 A4=0003BDDE A5=00A04000 A6=00000000 A7=00FF7EE6 D0=00000007 D1=00030001 D2=00000001 D3=00000000 D4=0000000B D5=000000D3 D6=00000000 D7=00000095 xnZvc
03:E82C  4E 71  NOP                              A0=00FFFE56 A1=0003FB65 A2=00FF9364 A3=00FFFE00 A4=0003BDDE A5=00A04000 A6=00000000 A7=00FF7EE6 D0=00000007 D1=00030001 D2=00000001 D3=00000000 D4=0000000B D5=000000D3 D6=00000000 D7=00000095 xnZvc
03:E82E  4E 71  NOP                              A0=00FFFE56 A1=0003FB65 A2=00FF9364 A3=00FFFE00 A4=0003BDDE A5=00A04000 A6=00000000 A7=00FF7EE6 D0=00000007 D1=00030001 D2=00000001 D3=00000000 D4=0000000B D5=000000D3 D6=00000000 D7=00000095 xnZvc
03:E830  4E 71  NOP                              A0=00FFFE56 A1=0003FB65 A2=00FF9364 A3=00FFFE00 A4=0003BDDE A5=00A04000 A6=00000000 A7=00FF7EE6 D0=00000007 D1=00030001 D2=00000001 D3=00000000 D4=0000000B D5=000000D3 D6=00000000 D7=00000095 xnZvc
03:E832  08 15  BTST    #7,(A5)                  A0=00FFFE56 A1=0003FB65 A2=00FF9364 A3=00FFFE00 A4=0003BDDE A5=00A04000 A6=00000000 A7=00FF7EE6 D0=00000007 D1=00030001 D2=00000001 D3=00000000 D4=0000000B D5=000000D3 D6=00000000 D7=00000095 xnZvc
03:E836  66 FA  BNE     #$FA [03:E832]           A0=00FFFE56 A1=0003FB65 A2=00FF9364 A3=00FFFE00 A4=0003BDDE A5=00A04000 A6=00000000 A7=00FF7EE6 D0=00000007 D1=00030001 D2=00000001 D3=00000000 D4=0000000B D5=000000D3 D6=00000000 D7=00000095 xnZvc
03:E838  1E 3C  MOVE.B  #$38,D7                  A0=00FFFE56 A1=0003FB65 A2=00FF9364 A3=00FFFE00 A4=0003BDDE A5=00A04000 A6=00000000 A7=00FF7EE6 D0=00000007 D1=00030001 D2=00000001 D3=00000000 D4=0000000B D5=000000D3 D6=00000000 D7=00000095 xnZvc
03:E83C  8E 01  OR.B    D1,D7                    A0=00FFFE56 A1=0003FB65 A2=00FF9364 A3=00FFFE00 A4=0003BDDE A5=00A04000 A6=00000000 A7=00FF7EE6 D0=00000007 D1=00030001 D2=00000001 D3=00000000 D4=0000000B D5=000000D3 D6=00000000 D7=00000038 xnzvc
03:E83E  1A 87  MOVE.B  D7,(A5)                  A0=00FFFE56 A1=0003FB65 A2=00FF9364 A3=00FFFE00 A4=0003BDDE A5=00A04000 A6=00000000 A7=00FF7EE6 D0=00000007 D1=00030001 D2=00000001 D3=00000000 D4=0000000B D5=000000D3 D6=00000000 D7=00000039 xnzvc
03:E840  4E 71  NOP                              A0=00FFFE56 A1=0003FB65 A2=00FF9364 A3=00FFFE00 A4=0003BDDE A5=00A04000 A6=00000000 A7=00FF7EE6 D0=00000007 D1=00030001 D2=00000001 D3=00000000 D4=0000000B D5=000000D3 D6=00000000 D7=00000039 xnzvc
03:E842  1B 5C  MOVE.B  (A4)+,$0001(A5)          A0=00FFFE56 A1=0003FB65 A2=00FF9364 A3=00FFFE00 A4=0003BDDE A5=00A04000 A6=00000000 A7=00FF7EE6 D0=00000007 D1=00030001 D2=00000001 D3=00000000 D4=0000000B D5=000000D3 D6=00000000 D7=00000039 xnzvc
03:E846  4E 71  NOP                              A0=00FFFE56 A1=0003FB65 A2=00FF9364 A3=00FFFE00 A4=0003BDDF A5=00A04000 A6=00000000 A7=00FF7EE6 D0=00000007 D1=00030001 D2=00000001 D3=00000000 D4=0000000B D5=000000D3 D6=00000000 D7=00000039 xnZvc
03:E848  4E 71  NOP                              A0=00FFFE56 A1=0003FB65 A2=00FF9364 A3=00FFFE00 A4=0003BDDF A5=00A04000 A6=00000000 A7=00FF7EE6 D0=00000007 D1=00030001 D2=00000001 D3=00000000 D4=0000000B D5=000000D3 D6=00000000 D7=00000039 xnZvc
03:E84A  4E 71  NOP                              A0=00FFFE56 A1=0003FB65 A2=00FF9364 A3=00FFFE00 A4=0003BDDF A5=00A04000 A6=00000000 A7=00FF7EE6 D0=00000007 D1=00030001 D2=00000001 D3=00000000 D4=0000000B D5=000000D3 D6=00000000 D7=00000039 xnZvc
03:E84C  4E 71  NOP                              A0=00FFFE56 A1=0003FB65 A2=00FF9364 A3=00FFFE00 A4=0003BDDF A5=00A04000 A6=00000000 A7=00FF7EE6 D0=00000007 D1=00030001 D2=00000001 D3=00000000 D4=0000000B D5=000000D3 D6=00000000 D7=00000039 xnZvc
03:E84E  4E 71  NOP                              A0=00FFFE56 A1=0003FB65 A2=00FF9364 A3=00FFFE00 A4=0003BDDF A5=00A04000 A6=00000000 A7=00FF7EE6 D0=00000007 D1=00030001 D2=00000001 D3=00000000 D4=0000000B D5=000000D3 D6=00000000 D7=00000039 xnZvc
03:E850  4E 71  NOP                              A0=00FFFE56 A1=0003FB65 A2=00FF9364 A3=00FFFE00 A4=0003BDDF A5=00A04000 A6=00000000 A7=00FF7EE6 D0=00000007 D1=00030001 D2=00000001 D3=00000000 D4=0000000B D5=000000D3 D6=00000000 D7=00000039 xnZvc
03:E852  4E 71  NOP                              A0=00FFFE56 A1=0003FB65 A2=00FF9364 A3=00FFFE00 A4=0003BDDF A5=00A04000 A6=00000000 A7=00FF7EE6 D0=00000007 D1=00030001 D2=00000001 D3=00000000 D4=0000000B D5=000000D3 D6=00000000 D7=00000039 xnZvc
03:E854  4E 71  NOP                              A0=00FFFE56 A1=0003FB65 A2=00FF9364 A3=00FFFE00 A4=0003BDDF A5=00A04000 A6=00000000 A7=00FF7EE6 D0=00000007 D1=00030001 D2=00000001 D3=00000000 D4=0000000B D5=000000D3 D6=00000000 D7=00000039 xnZvc
03:E856  4E 71  NOP                              A0=00FFFE56 A1=0003FB65 A2=00FF9364 A3=00FFFE00 A4=0003BDDF A5=00A04000 A6=00000000 A7=00FF7EE6 D0=00000007 D1=00030001 D2=00000001 D3=00000000 D4=0000000B D5=000000D3 D6=00000000 D7=00000039 xnZvc
03:E858  08 15  BTST    #7,(A5)                  A0=00FFFE56 A1=0003FB65 A2=00FF9364 A3=00FFFE00 A4=0003BDDF A5=00A04000 A6=00000000 A7=00FF7EE6 D0=00000007 D1=00030001 D2=00000001 D3=00000000 D4=0000000B D5=000000D3 D6=00000000 D7=00000039 xnZvc
03:E85C  66 FA  BNE     #$FA [03:E858]           A0=00FFFE56 A1=0003FB65 A2=00FF9364 A3=00FFFE00 A4=0003BDDF A5=00A04000 A6=00000000 A7=00FF7EE6 D0=00000007 D1=00030001 D2=00000001 D3=00000000 D4=0000000B D5=000000D3 D6=00000000 D7=00000039 xnZvc
03:E85E  1E 3C  MOVE.B  #$48,D7                  A0=00FFFE56 A1=0003FB65 A2=00FF9364 A3=00FFFE00 A4=0003BDDF A5=00A04000 A6=00000000 A7=00FF7EE6 D0=00000007 D1=00030001 D2=00000001 D3=00000000 D4=0000000B D5=000000D3 D6=00000000 D7=00000039 xnZvc
03:E862  8E 01  OR.B    D1,D7                    A0=00FFFE56 A1=0003FB65 A2=00FF9364 A3=00FFFE00 A4=0003BDDF A5=00A04000 A6=00000000 A7=00FF7EE6 D0=00000007 D1=00030001 D2=00000001 D3=00000000 D4=0000000B D5=000000D3 D6=00000000 D7=00000048 xnzvc
03:E864  1A 87  MOVE.B  D7,(A5)                  A0=00FFFE56 A1=0003FB65 A2=00FF9364 A3=00FFFE00 A4=0003BDDF A5=00A04000 A6=00000000 A7=00FF7EE6 D0=00000007 D1=00030001 D2=00000001 D3=00000000 D4=0000000B D5=000000D3 D6=00000000 D7=00000049 xnzvc
03:E866  4E 71  NOP                              A0=00FFFE56 A1=0003FB65 A2=00FF9364 A3=00FFFE00 A4=0003BDDF A5=00A04000 A6=00000000 A7=00FF7EE6 D0=00000007 D1=00030001 D2=00000001 D3=00000000 D4=0000000B D5=000000D3 D6=00000000 D7=00000049 xnzvc
03:E868  1B 5C  MOVE.B  (A4)+,$0001(A5)          A0=00FFFE56 A1=0003FB65 A2=00FF9364 A3=00FFFE00 A4=0003BDDF A5=00A04000 A6=00000000 A7=00FF7EE6 D0=00000007 D1=00030001 D2=00000001 D3=00000000 D4=0000000B D5=000000D3 D6=00000000 D7=00000049 xnzvc
03:E86C  4E 71  NOP                              A0=00FFFE56 A1=0003FB65 A2=00FF9364 A3=00FFFE00 A4=0003BDE0 A5=00A04000 A6=00000000 A7=00FF7EE6 D0=00000007 D1=00030001 D2=00000001 D3=00000000 D4=0000000B D5=000000D3 D6=00000000 D7=00000049 xnzvc
03:E86E  4E 71  NOP                              A0=00FFFE56 A1=0003FB65 A2=00FF9364 A3=00FFFE00 A4=0003BDE0 A5=00A04000 A6=00000000 A7=00FF7EE6 D0=00000007 D1=00030001 D2=00000001 D3=00000000 D4=0000000B D5=000000D3 D6=00000000 D7=00000049 xnzvc
03:E870  4E 71  NOP                              A0=00FFFE56 A1=0003FB65 A2=00FF9364 A3=00FFFE00 A4=0003BDE0 A5=00A04000 A6=00000000 A7=00FF7EE6 D0=00000007 D1=00030001 D2=00000001 D3=00000000 D4=0000000B D5=000000D3 D6=00000000 D7=00000049 xnzvc
03:E872  4E 71  NOP                              A0=00FFFE56 A1=0003FB65 A2=00FF9364 A3=00FFFE00 A4=0003BDE0 A5=00A04000 A6=00000000 A7=00FF7EE6 D0=00000007 D1=00030001 D2=00000001 D3=00000000 D4=0000000B D5=000000D3 D6=00000000 D7=00000049 xnzvc
03:E874  4E 71  NOP                              A0=00FFFE56 A1=0003FB65 A2=00FF9364 A3=00FFFE00 A4=0003BDE0 A5=00A04000 A6=00000000 A7=00FF7EE6 D0=00000007 D1=00030001 D2=00000001 D3=00000000 D4=0000000B D5=000000D3 D6=00000000 D7=00000049 xnzvc
03:E876  4E 71  NOP                              A0=00FFFE56 A1=0003FB65 A2=00FF9364 A3=00FFFE00 A4=0003BDE0 A5=00A04000 A6=00000000 A7=00FF7EE6 D0=00000007 D1=00030001 D2=00000001 D3=00000000 D4=0000000B D5=000000D3 D6=00000000 D7=00000049 xnzvc
03:E878  4E 71  NOP                              A0=00FFFE56 A1=0003FB65 A2=00FF9364 A3=00FFFE00 A4=0003BDE0 A5=00A04000 A6=00000000 A7=00FF7EE6 D0=00000007 D1=00030001 D2=00000001 D3=00000000 D4=0000000B D5=000000D3 D6=00000000 D7=00000049 xnzvc
03:E87A  4E 71  NOP                              A0=00FFFE56 A1=0003FB65 A2=00FF9364 A3=00FFFE00 A4=0003BDE0 A5=00A04000 A6=00000000 A7=00FF7EE6 D0=00000007 D1=00030001 D2=00000001 D3=00000000 D4=0000000B D5=000000D3 D6=00000000 D7=00000049 xnzvc
03:E87C  4E 71  NOP                              A0=00FFFE56 A1=0003FB65 A2=00FF9364 A3=00FFFE00 A4=0003BDE0 A5=00A04000 A6=00000000 A7=00FF7EE6 D0=00000007 D1=00030001 D2=00000001 D3=00000000 D4=0000000B D5=000000D3 D6=00000000 D7=00000049 xnzvc
03:E87E  08 15  BTST    #7,(A5)                  A0=00FFFE56 A1=0003FB65 A2=00FF9364 A3=00FFFE00 A4=0003BDE0 A5=00A04000 A6=00000000 A7=00FF7EE6 D0=00000007 D1=00030001 D2=00000001 D3=00000000 D4=0000000B D5=000000D3 D6=00000000 D7=00000049 xnzvc
03:E882  66 FA  BNE     #$FA [03:E87E]           A0=00FFFE56 A1=0003FB65 A2=00FF9364 A3=00FFFE00 A4=0003BDE0 A5=00A04000 A6=00000000 A7=00FF7EE6 D0=00000007 D1=00030001 D2=00000001 D3=00000000 D4=0000000B D5=000000D3 D6=00000000 D7=00000049 xnZvc
03:E884  1E 3C  MOVE.B  #$58,D7                  A0=00FFFE56 A1=0003FB65 A2=00FF9364 A3=00FFFE00 A4=0003BDE0 A5=00A04000 A6=00000000 A7=00FF7EE6 D0=00000007 D1=00030001 D2=00000001 D3=00000000 D4=0000000B D5=000000D3 D6=00000000 D7=00000049 xnZvc
03:E888  8E 01  OR.B    D1,D7                    A0=00FFFE56 A1=0003FB65 A2=00FF9364 A3=00FFFE00 A4=0003BDE0 A5=00A04000 A6=00000000 A7=00FF7EE6 D0=00000007 D1=00030001 D2=00000001 D3=00000000 D4=0000000B D5=000000D3 D6=00000000 D7=00000058 xnzvc
03:E88A  1A 87  MOVE.B  D7,(A5)                  A0=00FFFE56 A1=0003FB65 A2=00FF9364 A3=00FFFE00 A4=0003BDE0 A5=00A04000 A6=00000000 A7=00FF7EE6 D0=00000007 D1=00030001 D2=00000001 D3=00000000 D4=0000000B D5=000000D3 D6=00000000 D7=00000059 xnzvc
03:E88C  4E 71  NOP                              A0=00FFFE56 A1=0003FB65 A2=00FF9364 A3=00FFFE00 A4=0003BDE0 A5=00A04000 A6=00000000 A7=00FF7EE6 D0=00000007 D1=00030001 D2=00000001 D3=00000000 D4=0000000B D5=000000D3 D6=00000000 D7=00000059 xnzvc
03:E88E  1B 5C  MOVE.B  (A4)+,$0001(A5)          A0=00FFFE56 A1=0003FB65 A2=00FF9364 A3=00FFFE00 A4=0003BDE0 A5=00A04000 A6=00000000 A7=00FF7EE6 D0=00000007 D1=00030001 D2=00000001 D3=00000000 D4=0000000B D5=000000D3 D6=00000000 D7=00000059 xnzvc
03:E892  4E 71  NOP                              A0=00FFFE56 A1=0003FB65 A2=00FF9364 A3=00FFFE00 A4=0003BDE1 A5=00A04000 A6=00000000 A7=00FF7EE6 D0=00000007 D1=00030001 D2=00000001 D3=00000000 D4=0000000B D5=000000D3 D6=00000000 D7=00000059 xnzvc
03:E894  4E 71  NOP                              A0=00FFFE56 A1=0003FB65 A2=00FF9364 A3=00FFFE00 A4=0003BDE1 A5=00A04000 A6=00000000 A7=00FF7EE6 D0=00000007 D1=00030001 D2=00000001 D3=00000000 D4=0000000B D5=000000D3 D6=00000000 D7=00000059 xnzvc
03:E896  4E 71  NOP                              A0=00FFFE56 A1=0003FB65 A2=00FF9364 A3=00FFFE00 A4=0003BDE1 A5=00A04000 A6=00000000 A7=00FF7EE6 D0=00000007 D1=00030001 D2=00000001 D3=00000000 D4=0000000B D5=000000D3 D6=00000000 D7=00000059 xnzvc
03:E898  4E 71  NOP                              A0=00FFFE56 A1=0003FB65 A2=00FF9364 A3=00FFFE00 A4=0003BDE1 A5=00A04000 A6=00000000 A7=00FF7EE6 D0=00000007 D1=00030001 D2=00000001 D3=00000000 D4=0000000B D5=000000D3 D6=00000000 D7=00000059 xnzvc
03:E89A  4E 71  NOP                              A0=00FFFE56 A1=0003FB65 A2=00FF9364 A3=00FFFE00 A4=0003BDE1 A5=00A04000 A6=00000000 A7=00FF7EE6 D0=00000007 D1=00030001 D2=00000001 D3=00000000 D4=0000000B D5=000000D3 D6=00000000 D7=00000059 xnzvc
03:E89C  4E 71  NOP                              A0=00FFFE56 A1=0003FB65 A2=00FF9364 A3=00FFFE00 A4=0003BDE1 A5=00A04000 A6=00000000 A7=00FF7EE6 D0=00000007 D1=00030001 D2=00000001 D3=00000000 D4=0000000B D5=000000D3 D6=00000000 D7=00000059 xnzvc
03:E89E  4E 71  NOP                              A0=00FFFE56 A1=0003FB65 A2=00FF9364 A3=00FFFE00 A4=0003BDE1 A5=00A04000 A6=00000000 A7=00FF7EE6 D0=00000007 D1=00030001 D2=00000001 D3=00000000 D4=0000000B D5=000000D3 D6=00000000 D7=00000059 xnzvc
03:E8A0  4E 71  NOP                              A0=00FFFE56 A1=0003FB65 A2=00FF9364 A3=00FFFE00 A4=0003BDE1 A5=00A04000 A6=00000000 A7=00FF7EE6 D0=00000007 D1=00030001 D2=00000001 D3=00000000 D4=0000000B D5=000000D3 D6=00000000 D7=00000059 xnzvc
03:E8A2  4E 71  NOP                              A0=00FFFE56 A1=0003FB65 A2=00FF9364 A3=00FFFE00 A4=0003BDE1 A5=00A04000 A6=00000000 A7=00FF7EE6 D0=00000007 D1=00030001 D2=00000001 D3=00000000 D4=0000000B D5=000000D3 D6=00000000 D7=00000059 xnzvc
03:E8A4  08 15  BTST    #7,(A5)                  A0=00FFFE56 A1=0003FB65 A2=00FF9364 A3=00FFFE00 A4=0003BDE1 A5=00A04000 A6=00000000 A7=00FF7EE6 D0=00000007 D1=00030001 D2=00000001 D3=00000000 D4=0000000B D5=000000D3 D6=00000000 D7=00000059 xnzvc
03:E8A8  66 FA  BNE     #$FA [03:E8A4]           A0=00FFFE56 A1=0003FB65 A2=00FF9364 A3=00FFFE00 A4=0003BDE1 A5=00A04000 A6=00000000 A7=00FF7EE6 D0=00000007 D1=00030001 D2=00000001 D3=00000000 D4=0000000B D5=000000D3 D6=00000000 D7=00000059 xnZvc
03:E8AA  1E 3C  MOVE.B  #$68,D7                  A0=00FFFE56 A1=0003FB65 A2=00FF9364 A3=00FFFE00 A4=0003BDE1 A5=00A04000 A6=00000000 A7=00FF7EE6 D0=00000007 D1=00030001 D2=00000001 D3=00000000 D4=0000000B D5=000000D3 D6=00000000 D7=00000059 xnZvc
03:E8AE  8E 01  OR.B    D1,D7                    A0=00FFFE56 A1=0003FB65 A2=00FF9364 A3=00FFFE00 A4=0003BDE1 A5=00A04000 A6=00000000 A7=00FF7EE6 D0=00000007 D1=00030001 D2=00000001 D3=00000000 D4=0000000B D5=000000D3 D6=00000000 D7=00000068 xnzvc
03:E8B0  1A 87  MOVE.B  D7,(A5)                  A0=00FFFE56 A1=0003FB65 A2=00FF9364 A3=00FFFE00 A4=0003BDE1 A5=00A04000 A6=00000000 A7=00FF7EE6 D0=00000007 D1=00030001 D2=00000001 D3=00000000 D4=0000000B D5=000000D3 D6=00000000 D7=00000069 xnzvc
03:E8B2  4E 71  NOP                              A0=00FFFE56 A1=0003FB65 A2=00FF9364 A3=00FFFE00 A4=0003BDE1 A5=00A04000 A6=00000000 A7=00FF7EE6 D0=00000007 D1=00030001 D2=00000001 D3=00000000 D4=0000000B D5=000000D3 D6=00000000 D7=00000069 xnzvc
03:E8B4  1B 5C  MOVE.B  (A4)+,$0001(A5)          A0=00FFFE56 A1=0003FB65 A2=00FF9364 A3=00FFFE00 A4=0003BDE1 A5=00A04000 A6=00000000 A7=00FF7EE6 D0=00000007 D1=00030001 D2=00000001 D3=00000000 D4=0000000B D5=000000D3 D6=00000000 D7=00000069 xnzvc
03:E8B8  4E 71  NOP                              A0=00FFFE56 A1=0003FB65 A2=00FF9364 A3=00FFFE00 A4=0003BDE2 A5=00A04000 A6=00000000 A7=00FF7EE6 D0=00000007 D1=00030001 D2=00000001 D3=00000000 D4=0000000B D5=000000D3 D6=00000000 D7=00000069 xnzvc
03:E8BA  4E 71  NOP                              A0=00FFFE56 A1=0003FB65 A2=00FF9364 A3=00FFFE00 A4=0003BDE2 A5=00A04000 A6=00000000 A7=00FF7EE6 D0=00000007 D1=00030001 D2=00000001 D3=00000000 D4=0000000B D5=000000D3 D6=00000000 D7=00000069 xnzvc
03:E8BC  4E 71  NOP                              A0=00FFFE56 A1=0003FB65 A2=00FF9364 A3=00FFFE00 A4=0003BDE2 A5=00A04000 A6=00000000 A7=00FF7EE6 D0=00000007 D1=00030001 D2=00000001 D3=00000000 D4=0000000B D5=000000D3 D6=00000000 D7=00000069 xnzvc
03:E8BE  4E 71  NOP                              A0=00FFFE56 A1=0003FB65 A2=00FF9364 A3=00FFFE00 A4=0003BDE2 A5=00A04000 A6=00000000 A7=00FF7EE6 D0=00000007 D1=00030001 D2=00000001 D3=00000000 D4=0000000B D5=000000D3 D6=00000000 D7=00000069 xnzvc
03:E8C0  4E 71  NOP                              A0=00FFFE56 A1=0003FB65 A2=00FF9364 A3=00FFFE00 A4=0003BDE2 A5=00A04000 A6=00000000 A7=00FF7EE6 D0=00000007 D1=00030001 D2=00000001 D3=00000000 D4=0000000B D5=000000D3 D6=00000000 D7=00000069 xnzvc
03:E8C2  4E 71  NOP                              A0=00FFFE56 A1=0003FB65 A2=00FF9364 A3=00FFFE00 A4=0003BDE2 A5=00A04000 A6=00000000 A7=00FF7EE6 D0=00000007 D1=00030001 D2=00000001 D3=00000000 D4=0000000B D5=000000D3 D6=00000000 D7=00000069 xnzvc
03:E8C4  4E 71  NOP                              A0=00FFFE56 A1=0003FB65 A2=00FF9364 A3=00FFFE00 A4=0003BDE2 A5=00A04000 A6=00000000 A7=00FF7EE6 D0=00000007 D1=00030001 D2=00000001 D3=00000000 D4=0000000B D5=000000D3 D6=00000000 D7=00000069 xnzvc
03:E8C6  4E 71  NOP                              A0=00FFFE56 A1=0003FB65 A2=00FF9364 A3=00FFFE00 A4=0003BDE2 A5=00A04000 A6=00000000 A7=00FF7EE6 D0=00000007 D1=00030001 D2=00000001 D3=00000000 D4=0000000B D5=000000D3 D6=00000000 D7=00000069 xnzvc
03:E8C8  4E 71  NOP                              A0=00FFFE56 A1=0003FB65 A2=00FF9364 A3=00FFFE00 A4=0003BDE2 A5=00A04000 A6=00000000 A7=00FF7EE6 D0=00000007 D1=00030001 D2=00000001 D3=00000000 D4=0000000B D5=000000D3 D6=00000000 D7=00000069 xnzvc
03:E8CA  08 15  BTST    #7,(A5)                  A0=00FFFE56 A1=0003FB65 A2=00FF9364 A3=00FFFE00 A4=0003BDE2 A5=00A04000 A6=00000000 A7=00FF7EE6 D0=00000007 D1=00030001 D2=00000001 D3=00000000 D4=0000000B D5=000000D3 D6=00000000 D7=00000069 xnzvc
03:E8CE  66 FA  BNE     #$FA [03:E8CA]           A0=00FFFE56 A1=0003FB65 A2=00FF9364 A3=00FFFE00 A4=0003BDE2 A5=00A04000 A6=00000000 A7=00FF7EE6 D0=00000007 D1=00030001 D2=00000001 D3=00000000 D4=0000000B D5=000000D3 D6=00000000 D7=00000069 xnZvc
03:E8D0  1E 3C  MOVE.B  #$78,D7                  A0=00FFFE56 A1=0003FB65 A2=00FF9364 A3=00FFFE00 A4=0003BDE2 A5=00A04000 A6=00000000 A7=00FF7EE6 D0=00000007 D1=00030001 D2=00000001 D3=00000000 D4=0000000B D5=000000D3 D6=00000000 D7=00000069 xnZvc
03:E8D4  8E 01  OR.B    D1,D7                    A0=00FFFE56 A1=0003FB65 A2=00FF9364 A3=00FFFE00 A4=0003BDE2 A5=00A04000 A6=00000000 A7=00FF7EE6 D0=00000007 D1=00030001 D2=00000001 D3=00000000 D4=0000000B D5=000000D3 D6=00000000 D7=00000078 xnzvc
03:E8D6  1A 87  MOVE.B  D7,(A5)                  A0=00FFFE56 A1=0003FB65 A2=00FF9364 A3=00FFFE00 A4=0003BDE2 A5=00A04000 A6=00000000 A7=00FF7EE6 D0=00000007 D1=00030001 D2=00000001 D3=00000000 D4=0000000B D5=000000D3 D6=00000000 D7=00000079 xnzvc
03:E8D8  4E 71  NOP                              A0=00FFFE56 A1=0003FB65 A2=00FF9364 A3=00FFFE00 A4=0003BDE2 A5=00A04000 A6=00000000 A7=00FF7EE6 D0=00000007 D1=00030001 D2=00000001 D3=00000000 D4=0000000B D5=000000D3 D6=00000000 D7=00000079 xnzvc
03:E8DA  1B 5C  MOVE.B  (A4)+,$0001(A5)          A0=00FFFE56 A1=0003FB65 A2=00FF9364 A3=00FFFE00 A4=0003BDE2 A5=00A04000 A6=00000000 A7=00FF7EE6 D0=00000007 D1=00030001 D2=00000001 D3=00000000 D4=0000000B D5=000000D3 D6=00000000 D7=00000079 xnzvc
03:E8DE  4E 71  NOP                              A0=00FFFE56 A1=0003FB65 A2=00FF9364 A3=00FFFE00 A4=0003BDE3 A5=00A04000 A6=00000000 A7=00FF7EE6 D0=00000007 D1=00030001 D2=00000001 D3=00000000 D4=0000000B D5=000000D3 D6=00000000 D7=00000079 xnzvc
03:E8E0  4E 71  NOP                              A0=00FFFE56 A1=0003FB65 A2=00FF9364 A3=00FFFE00 A4=0003BDE3 A5=00A04000 A6=00000000 A7=00FF7EE6 D0=00000007 D1=00030001 D2=00000001 D3=00000000 D4=0000000B D5=000000D3 D6=00000000 D7=00000079 xnzvc
03:E8E2  4E 71  NOP                              A0=00FFFE56 A1=0003FB65 A2=00FF9364 A3=00FFFE00 A4=0003BDE3 A5=00A04000 A6=00000000 A7=00FF7EE6 D0=00000007 D1=00030001 D2=00000001 D3=00000000 D4=0000000B D5=000000D3 D6=00000000 D7=00000079 xnzvc
03:E8E4  4E 71  NOP                              A0=00FFFE56 A1=0003FB65 A2=00FF9364 A3=00FFFE00 A4=0003BDE3 A5=00A04000 A6=00000000 A7=00FF7EE6 D0=00000007 D1=00030001 D2=00000001 D3=00000000 D4=0000000B D5=000000D3 D6=00000000 D7=00000079 xnzvc
03:E8E6  4E 71  NOP                              A0=00FFFE56 A1=0003FB65 A2=00FF9364 A3=00FFFE00 A4=0003BDE3 A5=00A04000 A6=00000000 A7=00FF7EE6 D0=00000007 D1=00030001 D2=00000001 D3=00000000 D4=0000000B D5=000000D3 D6=00000000 D7=00000079 xnzvc
03:E8E8  4E 71  NOP                              A0=00FFFE56 A1=0003FB65 A2=00FF9364 A3=00FFFE00 A4=0003BDE3 A5=00A04000 A6=00000000 A7=00FF7EE6 D0=00000007 D1=00030001 D2=00000001 D3=00000000 D4=0000000B D5=000000D3 D6=00000000 D7=00000079 xnzvc
03:E8EA  4E 71  NOP                              A0=00FFFE56 A1=0003FB65 A2=00FF9364 A3=00FFFE00 A4=0003BDE3 A5=00A04000 A6=00000000 A7=00FF7EE6 D0=00000007 D1=00030001 D2=00000001 D3=00000000 D4=0000000B D5=000000D3 D6=00000000 D7=00000079 xnzvc
03:E8EC  4E 71  NOP                              A0=00FFFE56 A1=0003FB65 A2=00FF9364 A3=00FFFE00 A4=0003BDE3 A5=00A04000 A6=00000000 A7=00FF7EE6 D0=00000007 D1=00030001 D2=00000001 D3=00000000 D4=0000000B D5=000000D3 D6=00000000 D7=00000079 xnzvc
03:E8EE  4E 71  NOP                              A0=00FFFE56 A1=0003FB65 A2=00FF9364 A3=00FFFE00 A4=0003BDE3 A5=00A04000 A6=00000000 A7=00FF7EE6 D0=00000007 D1=00030001 D2=00000001 D3=00000000 D4=0000000B D5=000000D3 D6=00000000 D7=00000079 xnzvc
03:E8F0  08 15  BTST    #7,(A5)                  A0=00FFFE56 A1=0003FB65 A2=00FF9364 A3=00FFFE00 A4=0003BDE3 A5=00A04000 A6=00000000 A7=00FF7EE6 D0=00000007 D1=00030001 D2=00000001 D3=00000000 D4=0000000B D5=000000D3 D6=00000000 D7=00000079 xnzvc
03:E8F4  66 FA  BNE     #$FA [03:E8F0]           A0=00FFFE56 A1=0003FB65 A2=00FF9364 A3=00FFFE00 A4=0003BDE3 A5=00A04000 A6=00000000 A7=00FF7EE6 D0=00000007 D1=00030001 D2=00000001 D3=00000000 D4=0000000B D5=000000D3 D6=00000000 D7=00000079 xnZvc
03:E8F6  1E 3C  MOVE.B  #$88,D7                  A0=00FFFE56 A1=0003FB65 A2=00FF9364 A3=00FFFE00 A4=0003BDE3 A5=00A04000 A6=00000000 A7=00FF7EE6 D0=00000007 D1=00030001 D2=00000001 D3=00000000 D4=0000000B D5=000000D3 D6=00000000 D7=00000079 xnZvc
03:E8FA  8E 01  OR.B    D1,D7                    A0=00FFFE56 A1=0003FB65 A2=00FF9364 A3=00FFFE00 A4=0003BDE3 A5=00A04000 A6=00000000 A7=00FF7EE6 D0=00000007 D1=00030001 D2=00000001 D3=00000000 D4=0000000B D5=000000D3 D6=00000000 D7=00000088 xNzvc
03:E8FC  1A 87  MOVE.B  D7,(A5)                  A0=00FFFE56 A1=0003FB65 A2=00FF9364 A3=00FFFE00 A4=0003BDE3 A5=00A04000 A6=00000000 A7=00FF7EE6 D0=00000007 D1=00030001 D2=00000001 D3=00000000 D4=0000000B D5=000000D3 D6=00000000 D7=00000089 xNzvc
03:E8FE  4E 71  NOP                              A0=00FFFE56 A1=0003FB65 A2=00FF9364 A3=00FFFE00 A4=0003BDE3 A5=00A04000 A6=00000000 A7=00FF7EE6 D0=00000007 D1=00030001 D2=00000001 D3=00000000 D4=0000000B D5=000000D3 D6=00000000 D7=00000089 xNzvc
03:E900  1B 5C  MOVE.B  (A4)+,$0001(A5)          A0=00FFFE56 A1=0003FB65 A2=00FF9364 A3=00FFFE00 A4=0003BDE3 A5=00A04000 A6=00000000 A7=00FF7EE6 D0=00000007 D1=00030001 D2=00000001 D3=00000000 D4=0000000B D5=000000D3 D6=00000000 D7=00000089 xNzvc
03:E904  4E 71  NOP                              A0=00FFFE56 A1=0003FB65 A2=00FF9364 A3=00FFFE00 A4=0003BDE4 A5=00A04000 A6=00000000 A7=00FF7EE6 D0=00000007 D1=00030001 D2=00000001 D3=00000000 D4=0000000B D5=000000D3 D6=00000000 D7=00000089 xNzvc
03:E906  4E 71  NOP                              A0=00FFFE56 A1=0003FB65 A2=00FF9364 A3=00FFFE00 A4=0003BDE4 A5=00A04000 A6=00000000 A7=00FF7EE6 D0=00000007 D1=00030001 D2=00000001 D3=00000000 D4=0000000B D5=000000D3 D6=00000000 D7=00000089 xNzvc
03:E908  4E 71  NOP                              A0=00FFFE56 A1=0003FB65 A2=00FF9364 A3=00FFFE00 A4=0003BDE4 A5=00A04000 A6=00000000 A7=00FF7EE6 D0=00000007 D1=00030001 D2=00000001 D3=00000000 D4=0000000B D5=000000D3 D6=00000000 D7=00000089 xNzvc
03:E90A  4E 71  NOP                              A0=00FFFE56 A1=0003FB65 A2=00FF9364 A3=00FFFE00 A4=0003BDE4 A5=00A04000 A6=00000000 A7=00FF7EE6 D0=00000007 D1=00030001 D2=00000001 D3=00000000 D4=0000000B D5=000000D3 D6=00000000 D7=00000089 xNzvc
03:E90C  4E 71  NOP                              A0=00FFFE56 A1=0003FB65 A2=00FF9364 A3=00FFFE00 A4=0003BDE4 A5=00A04000 A6=00000000 A7=00FF7EE6 D0=00000007 D1=00030001 D2=00000001 D3=00000000 D4=0000000B D5=000000D3 D6=00000000 D7=00000089 xNzvc
03:E90E  4E 71  NOP                              A0=00FFFE56 A1=0003FB65 A2=00FF9364 A3=00FFFE00 A4=0003BDE4 A5=00A04000 A6=00000000 A7=00FF7EE6 D0=00000007 D1=00030001 D2=00000001 D3=00000000 D4=0000000B D5=000000D3 D6=00000000 D7=00000089 xNzvc
03:E910  4E 71  NOP                              A0=00FFFE56 A1=0003FB65 A2=00FF9364 A3=00FFFE00 A4=0003BDE4 A5=00A04000 A6=00000000 A7=00FF7EE6 D0=00000007 D1=00030001 D2=00000001 D3=00000000 D4=0000000B D5=000000D3 D6=00000000 D7=00000089 xNzvc
03:E912  4E 71  NOP                              A0=00FFFE56 A1=0003FB65 A2=00FF9364 A3=00FFFE00 A4=0003BDE4 A5=00A04000 A6=00000000 A7=00FF7EE6 D0=00000007 D1=00030001 D2=00000001 D3=00000000 D4=0000000B D5=000000D3 D6=00000000 D7=00000089 xNzvc
03:E914  4E 71  NOP                              A0=00FFFE56 A1=0003FB65 A2=00FF9364 A3=00FFFE00 A4=0003BDE4 A5=00A04000 A6=00000000 A7=00FF7EE6 D0=00000007 D1=00030001 D2=00000001 D3=00000000 D4=0000000B D5=000000D3 D6=00000000 D7=00000089 xNzvc
03:E916  08 15  BTST    #7,(A5)                  A0=00FFFE56 A1=0003FB65 A2=00FF9364 A3=00FFFE00 A4=0003BDE4 A5=00A04000 A6=00000000 A7=00FF7EE6 D0=00000007 D1=00030001 D2=00000001 D3=00000000 D4=0000000B D5=000000D3 D6=00000000 D7=00000089 xNzvc
03:E91A  66 FA  BNE     #$FA [03:E916]           A0=00FFFE56 A1=0003FB65 A2=00FF9364 A3=00FFFE00 A4=0003BDE4 A5=00A04000 A6=00000000 A7=00FF7EE6 D0=00000007 D1=00030001 D2=00000001 D3=00000000 D4=0000000B D5=000000D3 D6=00000000 D7=00000089 xNZvc
03:E91C  1E 3C  MOVE.B  #$98,D7                  A0=00FFFE56 A1=0003FB65 A2=00FF9364 A3=00FFFE00 A4=0003BDE4 A5=00A04000 A6=00000000 A7=00FF7EE6 D0=00000007 D1=00030001 D2=00000001 D3=00000000 D4=0000000B D5=000000D3 D6=00000000 D7=00000089 xNZvc
03:E920  8E 01  OR.B    D1,D7                    A0=00FFFE56 A1=0003FB65 A2=00FF9364 A3=00FFFE00 A4=0003BDE4 A5=00A04000 A6=00000000 A7=00FF7EE6 D0=00000007 D1=00030001 D2=00000001 D3=00000000 D4=0000000B D5=000000D3 D6=00000000 D7=00000098 xNzvc
03:E922  1A 87  MOVE.B  D7,(A5)                  A0=00FFFE56 A1=0003FB65 A2=00FF9364 A3=00FFFE00 A4=0003BDE4 A5=00A04000 A6=00000000 A7=00FF7EE6 D0=00000007 D1=00030001 D2=00000001 D3=00000000 D4=0000000B D5=000000D3 D6=00000000 D7=00000099 xNzvc
03:E924  4E 71  NOP                              A0=00FFFE56 A1=0003FB65 A2=00FF9364 A3=00FFFE00 A4=0003BDE4 A5=00A04000 A6=00000000 A7=00FF7EE6 D0=00000007 D1=00030001 D2=00000001 D3=00000000 D4=0000000B D5=000000D3 D6=00000000 D7=00000099 xNzvc
03:E926  1B 7C  MOVE.B  #$00,$0001(A5)           A0=00FFFE56 A1=0003FB65 A2=00FF9364 A3=00FFFE00 A4=0003BDE4 A5=00A04000 A6=00000000 A7=00FF7EE6 D0=00000007 D1=00030001 D2=00000001 D3=00000000 D4=0000000B D5=000000D3 D6=00000000 D7=00000099 xNzvc
03:E92C  4E 71  NOP                              A0=00FFFE56 A1=0003FB65 A2=00FF9364 A3=00FFFE00 A4=0003BDE4 A5=00A04000 A6=00000000 A7=00FF7EE6 D0=00000007 D1=00030001 D2=00000001 D3=00000000 D4=0000000B D5=000000D3 D6=00000000 D7=00000099 xnZvc
03:E92E  4E 71  NOP                              A0=00FFFE56 A1=0003FB65 A2=00FF9364 A3=00FFFE00 A4=0003BDE4 A5=00A04000 A6=00000000 A7=00FF7EE6 D0=00000007 D1=00030001 D2=00000001 D3=00000000 D4=0000000B D5=000000D3 D6=00000000 D7=00000099 xnZvc
03:E930  4E 71  NOP                              A0=00FFFE56 A1=0003FB65 A2=00FF9364 A3=00FFFE00 A4=0003BDE4 A5=00A04000 A6=00000000 A7=00FF7EE6 D0=00000007 D1=00030001 D2=00000001 D3=00000000 D4=0000000B D5=000000D3 D6=00000000 D7=00000099 xnZvc
03:E932  4E 71  NOP                              A0=00FFFE56 A1=0003FB65 A2=00FF9364 A3=00FFFE00 A4=0003BDE4 A5=00A04000 A6=00000000 A7=00FF7EE6 D0=00000007 D1=00030001 D2=00000001 D3=00000000 D4=0000000B D5=000000D3 D6=00000000 D7=00000099 xnZvc
03:E934  4E 71  NOP                              A0=00FFFE56 A1=0003FB65 A2=00FF9364 A3=00FFFE00 A4=0003BDE4 A5=00A04000 A6=00000000 A7=00FF7EE6 D0=00000007 D1=00030001 D2=00000001 D3=00000000 D4=0000000B D5=000000D3 D6=00000000 D7=00000099 xnZvc
03:E936  4E 71  NOP                              A0=00FFFE56 A1=0003FB65 A2=00FF9364 A3=00FFFE00 A4=0003BDE4 A5=00A04000 A6=00000000 A7=00FF7EE6 D0=00000007 D1=00030001 D2=00000001 D3=00000000 D4=0000000B D5=000000D3 D6=00000000 D7=00000099 xnZvc
03:E938  4E 71  NOP                              A0=00FFFE56 A1=0003FB65 A2=00FF9364 A3=00FFFE00 A4=0003BDE4 A5=00A04000 A6=00000000 A7=00FF7EE6 D0=00000007 D1=00030001 D2=00000001 D3=00000000 D4=0000000B D5=000000D3 D6=00000000 D7=00000099 xnZvc
03:E93A  4E 71  NOP                              A0=00FFFE56 A1=0003FB65 A2=00FF9364 A3=00FFFE00 A4=0003BDE4 A5=00A04000 A6=00000000 A7=00FF7EE6 D0=00000007 D1=00030001 D2=00000001 D3=00000000 D4=0000000B D5=000000D3 D6=00000000 D7=00000099 xnZvc
03:E93C  4E 71  NOP                              A0=00FFFE56 A1=0003FB65 A2=00FF9364 A3=00FFFE00 A4=0003BDE4 A5=00A04000 A6=00000000 A7=00FF7EE6 D0=00000007 D1=00030001 D2=00000001 D3=00000000 D4=0000000B D5=000000D3 D6=00000000 D7=00000099 xnZvc
03:E93E  08 15  BTST    #7,(A5)                  A0=00FFFE56 A1=0003FB65 A2=00FF9364 A3=00FFFE00 A4=0003BDE4 A5=00A04000 A6=00000000 A7=00FF7EE6 D0=00000007 D1=00030001 D2=00000001 D3=00000000 D4=0000000B D5=000000D3 D6=00000000 D7=00000099 xnZvc
03:E942  66 FA  BNE     #$FA [03:E93E]           A0=00FFFE56 A1=0003FB65 A2=00FF9364 A3=00FFFE00 A4=0003BDE4 A5=00A04000 A6=00000000 A7=00FF7EE6 D0=00000007 D1=00030001 D2=00000001 D3=00000000 D4=0000000B D5=000000D3 D6=00000000 D7=00000099 xnZvc
03:E944  1E 3C  MOVE.B  #$3C,D7                  A0=00FFFE56 A1=0003FB65 A2=00FF9364 A3=00FFFE00 A4=0003BDE4 A5=00A04000 A6=00000000 A7=00FF7EE6 D0=00000007 D1=00030001 D2=00000001 D3=00000000 D4=0000000B D5=000000D3 D6=00000000 D7=00000099 xnZvc
03:E948  8E 01  OR.B    D1,D7                    A0=00FFFE56 A1=0003FB65 A2=00FF9364 A3=00FFFE00 A4=0003BDE4 A5=00A04000 A6=00000000 A7=00FF7EE6 D0=00000007 D1=00030001 D2=00000001 D3=00000000 D4=0000000B D5=000000D3 D6=00000000 D7=0000003C xnzvc
03:E94A  1A 87  MOVE.B  D7,(A5)                  A0=00FFFE56 A1=0003FB65 A2=00FF9364 A3=00FFFE00 A4=0003BDE4 A5=00A04000 A6=00000000 A7=00FF7EE6 D0=00000007 D1=00030001 D2=00000001 D3=00000000 D4=0000000B D5=000000D3 D6=00000000 D7=0000003D xnzvc
03:E94C  4E 71  NOP                              A0=00FFFE56 A1=0003FB65 A2=00FF9364 A3=00FFFE00 A4=0003BDE4 A5=00A04000 A6=00000000 A7=00FF7EE6 D0=00000007 D1=00030001 D2=00000001 D3=00000000 D4=0000000B D5=000000D3 D6=00000000 D7=0000003D xnzvc
03:E94E  1B 5C  MOVE.B  (A4)+,$0001(A5)          A0=00FFFE56 A1=0003FB65 A2=00FF9364 A3=00FFFE00 A4=0003BDE4 A5=00A04000 A6=00000000 A7=00FF7EE6 D0=00000007 D1=00030001 D2=00000001 D3=00000000 D4=0000000B D5=000000D3 D6=00000000 D7=0000003D xnzvc
03:E952  4E 71  NOP                              A0=00FFFE56 A1=0003FB65 A2=00FF9364 A3=00FFFE00 A4=0003BDE5 A5=00A04000 A6=00000000 A7=00FF7EE6 D0=00000007 D1=00030001 D2=00000001 D3=00000000 D4=0000000B D5=000000D3 D6=00000000 D7=0000003D xnzvc
03:E954  4E 71  NOP                              A0=00FFFE56 A1=0003FB65 A2=00FF9364 A3=00FFFE00 A4=0003BDE5 A5=00A04000 A6=00000000 A7=00FF7EE6 D0=00000007 D1=00030001 D2=00000001 D3=00000000 D4=0000000B D5=000000D3 D6=00000000 D7=0000003D xnzvc
03:E956  4E 71  NOP                              A0=00FFFE56 A1=0003FB65 A2=00FF9364 A3=00FFFE00 A4=0003BDE5 A5=00A04000 A6=00000000 A7=00FF7EE6 D0=00000007 D1=00030001 D2=00000001 D3=00000000 D4=0000000B D5=000000D3 D6=00000000 D7=0000003D xnzvc
03:E958  4E 71  NOP                              A0=00FFFE56 A1=0003FB65 A2=00FF9364 A3=00FFFE00 A4=0003BDE5 A5=00A04000 A6=00000000 A7=00FF7EE6 D0=00000007 D1=00030001 D2=00000001 D3=00000000 D4=0000000B D5=000000D3 D6=00000000 D7=0000003D xnzvc
03:E95A  4E 71  NOP                              A0=00FFFE56 A1=0003FB65 A2=00FF9364 A3=00FFFE00 A4=0003BDE5 A5=00A04000 A6=00000000 A7=00FF7EE6 D0=00000007 D1=00030001 D2=00000001 D3=00000000 D4=0000000B D5=000000D3 D6=00000000 D7=0000003D xnzvc
03:E95C  4E 71  NOP                              A0=00FFFE56 A1=0003FB65 A2=00FF9364 A3=00FFFE00 A4=0003BDE5 A5=00A04000 A6=00000000 A7=00FF7EE6 D0=00000007 D1=00030001 D2=00000001 D3=00000000 D4=0000000B D5=000000D3 D6=00000000 D7=0000003D xnzvc
03:E95E  4E 71  NOP                              A0=00FFFE56 A1=0003FB65 A2=00FF9364 A3=00FFFE00 A4=0003BDE5 A5=00A04000 A6=00000000 A7=00FF7EE6 D0=00000007 D1=00030001 D2=00000001 D3=00000000 D4=0000000B D5=000000D3 D6=00000000 D7=0000003D xnzvc
03:E960  4E 71  NOP                              A0=00FFFE56 A1=0003FB65 A2=00FF9364 A3=00FFFE00 A4=0003BDE5 A5=00A04000 A6=00000000 A7=00FF7EE6 D0=00000007 D1=00030001 D2=00000001 D3=00000000 D4=0000000B D5=000000D3 D6=00000000 D7=0000003D xnzvc
03:E962  4E 71  NOP                              A0=00FFFE56 A1=0003FB65 A2=00FF9364 A3=00FFFE00 A4=0003BDE5 A5=00A04000 A6=00000000 A7=00FF7EE6 D0=00000007 D1=00030001 D2=00000001 D3=00000000 D4=0000000B D5=000000D3 D6=00000000 D7=0000003D xnzvc
03:E964  08 15  BTST    #7,(A5)                  A0=00FFFE56 A1=0003FB65 A2=00FF9364 A3=00FFFE00 A4=0003BDE5 A5=00A04000 A6=00000000 A7=00FF7EE6 D0=00000007 D1=00030001 D2=00000001 D3=00000000 D4=0000000B D5=000000D3 D6=00000000 D7=0000003D xnzvc
03:E968  66 FA  BNE     #$FA [03:E964]           A0=00FFFE56 A1=0003FB65 A2=00FF9364 A3=00FFFE00 A4=0003BDE5 A5=00A04000 A6=00000000 A7=00FF7EE6 D0=00000007 D1=00030001 D2=00000001 D3=00000000 D4=0000000B D5=000000D3 D6=00000000 D7=0000003D xnZvc
03:E96A  1E 3C  MOVE.B  #$4C,D7                  A0=00FFFE56 A1=0003FB65 A2=00FF9364 A3=00FFFE00 A4=0003BDE5 A5=00A04000 A6=00000000 A7=00FF7EE6 D0=00000007 D1=00030001 D2=00000001 D3=00000000 D4=0000000B D5=000000D3 D6=00000000 D7=0000003D xnZvc
03:E96E  8E 01  OR.B    D1,D7                    A0=00FFFE56 A1=0003FB65 A2=00FF9364 A3=00FFFE00 A4=0003BDE5 A5=00A04000 A6=00000000 A7=00FF7EE6 D0=00000007 D1=00030001 D2=00000001 D3=00000000 D4=0000000B D5=000000D3 D6=00000000 D7=0000004C xnzvc
03:E970  1A 87  MOVE.B  D7,(A5)                  A0=00FFFE56 A1=0003FB65 A2=00FF9364 A3=00FFFE00 A4=0003BDE5 A5=00A04000 A6=00000000 A7=00FF7EE6 D0=00000007 D1=00030001 D2=00000001 D3=00000000 D4=0000000B D5=000000D3 D6=00000000 D7=0000004D xnzvc
03:E972  4E 71  NOP                              A0=00FFFE56 A1=0003FB65 A2=00FF9364 A3=00FFFE00 A4=0003BDE5 A5=00A04000 A6=00000000 A7=00FF7EE6 D0=00000007 D1=00030001 D2=00000001 D3=00000000 D4=0000000B D5=000000D3 D6=00000000 D7=0000004D xnzvc
03:E974  1B 5C  MOVE.B  (A4)+,$0001(A5)          A0=00FFFE56 A1=0003FB65 A2=00FF9364 A3=00FFFE00 A4=0003BDE5 A5=00A04000 A6=00000000 A7=00FF7EE6 D0=00000007 D1=00030001 D2=00000001 D3=00000000 D4=0000000B D5=000000D3 D6=00000000 D7=0000004D xnzvc
03:E978  4E 71  NOP                              A0=00FFFE56 A1=0003FB65 A2=00FF9364 A3=00FFFE00 A4=0003BDE6 A5=00A04000 A6=00000000 A7=00FF7EE6 D0=00000007 D1=00030001 D2=00000001 D3=00000000 D4=0000000B D5=000000D3 D6=00000000 D7=0000004D xnzvc
03:E97A  4E 71  NOP                              A0=00FFFE56 A1=0003FB65 A2=00FF9364 A3=00FFFE00 A4=0003BDE6 A5=00A04000 A6=00000000 A7=00FF7EE6 D0=00000007 D1=00030001 D2=00000001 D3=00000000 D4=0000000B D5=000000D3 D6=00000000 D7=0000004D xnzvc
03:E97C  4E 71  NOP                              A0=00FFFE56 A1=0003FB65 A2=00FF9364 A3=00FFFE00 A4=0003BDE6 A5=00A04000 A6=00000000 A7=00FF7EE6 D0=00000007 D1=00030001 D2=00000001 D3=00000000 D4=0000000B D5=000000D3 D6=00000000 D7=0000004D xnzvc
03:E97E  4E 71  NOP                              A0=00FFFE56 A1=0003FB65 A2=00FF9364 A3=00FFFE00 A4=0003BDE6 A5=00A04000 A6=00000000 A7=00FF7EE6 D0=00000007 D1=00030001 D2=00000001 D3=00000000 D4=0000000B D5=000000D3 D6=00000000 D7=0000004D xnzvc
03:E980  4E 71  NOP                              A0=00FFFE56 A1=0003FB65 A2=00FF9364 A3=00FFFE00 A4=0003BDE6 A5=00A04000 A6=00000000 A7=00FF7EE6 D0=00000007 D1=00030001 D2=00000001 D3=00000000 D4=0000000B D5=000000D3 D6=00000000 D7=0000004D xnzvc
03:E982  4E 71  NOP                              A0=00FFFE56 A1=0003FB65 A2=00FF9364 A3=00FFFE00 A4=0003BDE6 A5=00A04000 A6=00000000 A7=00FF7EE6 D0=00000007 D1=00030001 D2=00000001 D3=00000000 D4=0000000B D5=000000D3 D6=00000000 D7=0000004D xnzvc
03:E984  4E 71  NOP                              A0=00FFFE56 A1=0003FB65 A2=00FF9364 A3=00FFFE00 A4=0003BDE6 A5=00A04000 A6=00000000 A7=00FF7EE6 D0=00000007 D1=00030001 D2=00000001 D3=00000000 D4=0000000B D5=000000D3 D6=00000000 D7=0000004D xnzvc
03:E986  4E 71  NOP                              A0=00FFFE56 A1=0003FB65 A2=00FF9364 A3=00FFFE00 A4=0003BDE6 A5=00A04000 A6=00000000 A7=00FF7EE6 D0=00000007 D1=00030001 D2=00000001 D3=00000000 D4=0000000B D5=000000D3 D6=00000000 D7=0000004D xnzvc
03:E988  4E 71  NOP                              A0=00FFFE56 A1=0003FB65 A2=00FF9364 A3=00FFFE00 A4=0003BDE6 A5=00A04000 A6=00000000 A7=00FF7EE6 D0=00000007 D1=00030001 D2=00000001 D3=00000000 D4=0000000B D5=000000D3 D6=00000000 D7=0000004D xnzvc
03:E98A  08 15  BTST    #7,(A5)                  A0=00FFFE56 A1=0003FB65 A2=00FF9364 A3=00FFFE00 A4=0003BDE6 A5=00A04000 A6=00000000 A7=00FF7EE6 D0=00000007 D1=00030001 D2=00000001 D3=00000000 D4=0000000B D5=000000D3 D6=00000000 D7=0000004D xnzvc
03:E98E  66 FA  BNE     #$FA [03:E98A]           A0=00FFFE56 A1=0003FB65 A2=00FF9364 A3=00FFFE00 A4=0003BDE6 A5=00A04000 A6=00000000 A7=00FF7EE6 D0=00000007 D1=00030001 D2=00000001 D3=00000000 D4=0000000B D5=000000D3 D6=00000000 D7=0000004D xnZvc
03:E990  1E 3C  MOVE.B  #$5C,D7                  A0=00FFFE56 A1=0003FB65 A2=00FF9364 A3=00FFFE00 A4=0003BDE6 A5=00A04000 A6=00000000 A7=00FF7EE6 D0=00000007 D1=00030001 D2=00000001 D3=00000000 D4=0000000B D5=000000D3 D6=00000000 D7=0000004D xnZvc
03:E994  8E 01  OR.B    D1,D7                    A0=00FFFE56 A1=0003FB65 A2=00FF9364 A3=00FFFE00 A4=0003BDE6 A5=00A04000 A6=00000000 A7=00FF7EE6 D0=00000007 D1=00030001 D2=00000001 D3=00000000 D4=0000000B D5=000000D3 D6=00000000 D7=0000005C xnzvc
03:E996  1A 87  MOVE.B  D7,(A5)                  A0=00FFFE56 A1=0003FB65 A2=00FF9364 A3=00FFFE00 A4=0003BDE6 A5=00A04000 A6=00000000 A7=00FF7EE6 D0=00000007 D1=00030001 D2=00000001 D3=00000000 D4=0000000B D5=000000D3 D6=00000000 D7=0000005D xnzvc
03:E998  4E 71  NOP                              A0=00FFFE56 A1=0003FB65 A2=00FF9364 A3=00FFFE00 A4=0003BDE6 A5=00A04000 A6=00000000 A7=00FF7EE6 D0=00000007 D1=00030001 D2=00000001 D3=00000000 D4=0000000B D5=000000D3 D6=00000000 D7=0000005D xnzvc
03:E99A  1B 5C  MOVE.B  (A4)+,$0001(A5)          A0=00FFFE56 A1=0003FB65 A2=00FF9364 A3=00FFFE00 A4=0003BDE6 A5=00A04000 A6=00000000 A7=00FF7EE6 D0=00000007 D1=00030001 D2=00000001 D3=00000000 D4=0000000B D5=000000D3 D6=00000000 D7=0000005D xnzvc
03:E99E  4E 71  NOP                              A0=00FFFE56 A1=0003FB65 A2=00FF9364 A3=00FFFE00 A4=0003BDE7 A5=00A04000 A6=00000000 A7=00FF7EE6 D0=00000007 D1=00030001 D2=00000001 D3=00000000 D4=0000000B D5=000000D3 D6=00000000 D7=0000005D xnzvc
03:E9A0  4E 71  NOP                              A0=00FFFE56 A1=0003FB65 A2=00FF9364 A3=00FFFE00 A4=0003BDE7 A5=00A04000 A6=00000000 A7=00FF7EE6 D0=00000007 D1=00030001 D2=00000001 D3=00000000 D4=0000000B D5=000000D3 D6=00000000 D7=0000005D xnzvc
03:E9A2  4E 71  NOP                              A0=00FFFE56 A1=0003FB65 A2=00FF9364 A3=00FFFE00 A4=0003BDE7 A5=00A04000 A6=00000000 A7=00FF7EE6 D0=00000007 D1=00030001 D2=00000001 D3=00000000 D4=0000000B D5=000000D3 D6=00000000 D7=0000005D xnzvc
03:E9A4  4E 71  NOP                              A0=00FFFE56 A1=0003FB65 A2=00FF9364 A3=00FFFE00 A4=0003BDE7 A5=00A04000 A6=00000000 A7=00FF7EE6 D0=00000007 D1=00030001 D2=00000001 D3=00000000 D4=0000000B D5=000000D3 D6=00000000 D7=0000005D xnzvc
03:E9A6  4E 71  NOP                              A0=00FFFE56 A1=0003FB65 A2=00FF9364 A3=00FFFE00 A4=0003BDE7 A5=00A04000 A6=00000000 A7=00FF7EE6 D0=00000007 D1=00030001 D2=00000001 D3=00000000 D4=0000000B D5=000000D3 D6=00000000 D7=0000005D xnzvc
03:E9A8  4E 71  NOP                              A0=00FFFE56 A1=0003FB65 A2=00FF9364 A3=00FFFE00 A4=0003BDE7 A5=00A04000 A6=00000000 A7=00FF7EE6 D0=00000007 D1=00030001 D2=00000001 D3=00000000 D4=0000000B D5=000000D3 D6=00000000 D7=0000005D xnzvc
03:E9AA  4E 71  NOP                              A0=00FFFE56 A1=0003FB65 A2=00FF9364 A3=00FFFE00 A4=0003BDE7 A5=00A04000 A6=00000000 A7=00FF7EE6 D0=00000007 D1=00030001 D2=00000001 D3=00000000 D4=0000000B D5=000000D3 D6=00000000 D7=0000005D xnzvc
03:E9AC  4E 71  NOP                              A0=00FFFE56 A1=0003FB65 A2=00FF9364 A3=00FFFE00 A4=0003BDE7 A5=00A04000 A6=00000000 A7=00FF7EE6 D0=00000007 D1=00030001 D2=00000001 D3=00000000 D4=0000000B D5=000000D3 D6=00000000 D7=0000005D xnzvc
03:E9AE  4E 71  NOP                              A0=00FFFE56 A1=0003FB65 A2=00FF9364 A3=00FFFE00 A4=0003BDE7 A5=00A04000 A6=00000000 A7=00FF7EE6 D0=00000007 D1=00030001 D2=00000001 D3=00000000 D4=0000000B D5=000000D3 D6=00000000 D7=0000005D xnzvc
03:E9B0  08 15  BTST    #7,(A5)                  A0=00FFFE56 A1=0003FB65 A2=00FF9364 A3=00FFFE00 A4=0003BDE7 A5=00A04000 A6=00000000 A7=00FF7EE6 D0=00000007 D1=00030001 D2=00000001 D3=00000000 D4=0000000B D5=000000D3 D6=00000000 D7=0000005D xnzvc
03:E9B4  66 FA  BNE     #$FA [03:E9B0]           A0=00FFFE56 A1=0003FB65 A2=00FF9364 A3=00FFFE00 A4=0003BDE7 A5=00A04000 A6=00000000 A7=00FF7EE6 D0=00000007 D1=00030001 D2=00000001 D3=00000000 D4=0000000B D5=000000D3 D6=00000000 D7=0000005D xnZvc
03:E9B6  1E 3C  MOVE.B  #$6C,D7                  A0=00FFFE56 A1=0003FB65 A2=00FF9364 A3=00FFFE00 A4=0003BDE7 A5=00A04000 A6=00000000 A7=00FF7EE6 D0=00000007 D1=00030001 D2=00000001 D3=00000000 D4=0000000B D5=000000D3 D6=00000000 D7=0000005D xnZvc
03:E9BA  8E 01  OR.B    D1,D7                    A0=00FFFE56 A1=0003FB65 A2=00FF9364 A3=00FFFE00 A4=0003BDE7 A5=00A04000 A6=00000000 A7=00FF7EE6 D0=00000007 D1=00030001 D2=00000001 D3=00000000 D4=0000000B D5=000000D3 D6=00000000 D7=0000006C xnzvc
03:E9BC  1A 87  MOVE.B  D7,(A5)                  A0=00FFFE56 A1=0003FB65 A2=00FF9364 A3=00FFFE00 A4=0003BDE7 A5=00A04000 A6=00000000 A7=00FF7EE6 D0=00000007 D1=00030001 D2=00000001 D3=00000000 D4=0000000B D5=000000D3 D6=00000000 D7=0000006D xnzvc
03:E9BE  4E 71  NOP                              A0=00FFFE56 A1=0003FB65 A2=00FF9364 A3=00FFFE00 A4=0003BDE7 A5=00A04000 A6=00000000 A7=00FF7EE6 D0=00000007 D1=00030001 D2=00000001 D3=00000000 D4=0000000B D5=000000D3 D6=00000000 D7=0000006D xnzvc
03:E9C0  1B 5C  MOVE.B  (A4)+,$0001(A5)          A0=00FFFE56 A1=0003FB65 A2=00FF9364 A3=00FFFE00 A4=0003BDE7 A5=00A04000 A6=00000000 A7=00FF7EE6 D0=00000007 D1=00030001 D2=00000001 D3=00000000 D4=0000000B D5=000000D3 D6=00000000 D7=0000006D xnzvc
03:E9C4  4E 71  NOP                              A0=00FFFE56 A1=0003FB65 A2=00FF9364 A3=00FFFE00 A4=0003BDE8 A5=00A04000 A6=00000000 A7=00FF7EE6 D0=00000007 D1=00030001 D2=00000001 D3=00000000 D4=0000000B D5=000000D3 D6=00000000 D7=0000006D xnzvc
03:E9C6  4E 71  NOP                              A0=00FFFE56 A1=0003FB65 A2=00FF9364 A3=00FFFE00 A4=0003BDE8 A5=00A04000 A6=00000000 A7=00FF7EE6 D0=00000007 D1=00030001 D2=00000001 D3=00000000 D4=0000000B D5=000000D3 D6=00000000 D7=0000006D xnzvc
03:E9C8  4E 71  NOP                              A0=00FFFE56 A1=0003FB65 A2=00FF9364 A3=00FFFE00 A4=0003BDE8 A5=00A04000 A6=00000000 A7=00FF7EE6 D0=00000007 D1=00030001 D2=00000001 D3=00000000 D4=0000000B D5=000000D3 D6=00000000 D7=0000006D xnzvc
03:E9CA  4E 71  NOP                              A0=00FFFE56 A1=0003FB65 A2=00FF9364 A3=00FFFE00 A4=0003BDE8 A5=00A04000 A6=00000000 A7=00FF7EE6 D0=00000007 D1=00030001 D2=00000001 D3=00000000 D4=0000000B D5=000000D3 D6=00000000 D7=0000006D xnzvc
03:E9CC  4E 71  NOP                              A0=00FFFE56 A1=0003FB65 A2=00FF9364 A3=00FFFE00 A4=0003BDE8 A5=00A04000 A6=00000000 A7=00FF7EE6 D0=00000007 D1=00030001 D2=00000001 D3=00000000 D4=0000000B D5=000000D3 D6=00000000 D7=0000006D xnzvc
03:E9CE  4E 71  NOP                              A0=00FFFE56 A1=0003FB65 A2=00FF9364 A3=00FFFE00 A4=0003BDE8 A5=00A04000 A6=00000000 A7=00FF7EE6 D0=00000007 D1=00030001 D2=00000001 D3=00000000 D4=0000000B D5=000000D3 D6=00000000 D7=0000006D xnzvc
03:E9D0  4E 71  NOP                              A0=00FFFE56 A1=0003FB65 A2=00FF9364 A3=00FFFE00 A4=0003BDE8 A5=00A04000 A6=00000000 A7=00FF7EE6 D0=00000007 D1=00030001 D2=00000001 D3=00000000 D4=0000000B D5=000000D3 D6=00000000 D7=0000006D xnzvc
03:E9D2  4E 71  NOP                              A0=00FFFE56 A1=0003FB65 A2=00FF9364 A3=00FFFE00 A4=0003BDE8 A5=00A04000 A6=00000000 A7=00FF7EE6 D0=00000007 D1=00030001 D2=00000001 D3=00000000 D4=0000000B D5=000000D3 D6=00000000 D7=0000006D xnzvc
03:E9D4  4E 71  NOP                              A0=00FFFE56 A1=0003FB65 A2=00FF9364 A3=00FFFE00 A4=0003BDE8 A5=00A04000 A6=00000000 A7=00FF7EE6 D0=00000007 D1=00030001 D2=00000001 D3=00000000 D4=0000000B D5=000000D3 D6=00000000 D7=0000006D xnzvc
03:E9D6  08 15  BTST    #7,(A5)                  A0=00FFFE56 A1=0003FB65 A2=00FF9364 A3=00FFFE00 A4=0003BDE8 A5=00A04000 A6=00000000 A7=00FF7EE6 D0=00000007 D1=00030001 D2=00000001 D3=00000000 D4=0000000B D5=000000D3 D6=00000000 D7=0000006D xnzvc
03:E9DA  66 FA  BNE     #$FA [03:E9D6]           A0=00FFFE56 A1=0003FB65 A2=00FF9364 A3=00FFFE00 A4=0003BDE8 A5=00A04000 A6=00000000 A7=00FF7EE6 D0=00000007 D1=00030001 D2=00000001 D3=00000000 D4=0000000B D5=000000D3 D6=00000000 D7=0000006D xnZvc
03:E9DC  1E 3C  MOVE.B  #$7C,D7                  A0=00FFFE56 A1=0003FB65 A2=00FF9364 A3=00FFFE00 A4=0003BDE8 A5=00A04000 A6=00000000 A7=00FF7EE6 D0=00000007 D1=00030001 D2=00000001 D3=00000000 D4=0000000B D5=000000D3 D6=00000000 D7=0000006D xnZvc
03:E9E0  8E 01  OR.B    D1,D7                    A0=00FFFE56 A1=0003FB65 A2=00FF9364 A3=00FFFE00 A4=0003BDE8 A5=00A04000 A6=00000000 A7=00FF7EE6 D0=00000007 D1=00030001 D2=00000001 D3=00000000 D4=0000000B D5=000000D3 D6=00000000 D7=0000007C xnzvc
03:E9E2  1A 87  MOVE.B  D7,(A5)                  A0=00FFFE56 A1=0003FB65 A2=00FF9364 A3=00FFFE00 A4=0003BDE8 A5=00A04000 A6=00000000 A7=00FF7EE6 D0=00000007 D1=00030001 D2=00000001 D3=00000000 D4=0000000B D5=000000D3 D6=00000000 D7=0000007D xnzvc
03:E9E4  4E 71  NOP                              A0=00FFFE56 A1=0003FB65 A2=00FF9364 A3=00FFFE00 A4=0003BDE8 A5=00A04000 A6=00000000 A7=00FF7EE6 D0=00000007 D1=00030001 D2=00000001 D3=00000000 D4=0000000B D5=000000D3 D6=00000000 D7=0000007D xnzvc
03:E9E6  1B 5C  MOVE.B  (A4)+,$0001(A5)          A0=00FFFE56 A1=0003FB65 A2=00FF9364 A3=00FFFE00 A4=0003BDE8 A5=00A04000 A6=00000000 A7=00FF7EE6 D0=00000007 D1=00030001 D2=00000001 D3=00000000 D4=0000000B D5=000000D3 D6=00000000 D7=0000007D xnzvc
03:E9EA  4E 71  NOP                              A0=00FFFE56 A1=0003FB65 A2=00FF9364 A3=00FFFE00 A4=0003BDE9 A5=00A04000 A6=00000000 A7=00FF7EE6 D0=00000007 D1=00030001 D2=00000001 D3=00000000 D4=0000000B D5=000000D3 D6=00000000 D7=0000007D xnzvc
03:E9EC  4E 71  NOP                              A0=00FFFE56 A1=0003FB65 A2=00FF9364 A3=00FFFE00 A4=0003BDE9 A5=00A04000 A6=00000000 A7=00FF7EE6 D0=00000007 D1=00030001 D2=00000001 D3=00000000 D4=0000000B D5=000000D3 D6=00000000 D7=0000007D xnzvc
03:E9EE  4E 71  NOP                              A0=00FFFE56 A1=0003FB65 A2=00FF9364 A3=00FFFE00 A4=0003BDE9 A5=00A04000 A6=00000000 A7=00FF7EE6 D0=00000007 D1=00030001 D2=00000001 D3=00000000 D4=0000000B D5=000000D3 D6=00000000 D7=0000007D xnzvc
03:E9F0  4E 71  NOP                              A0=00FFFE56 A1=0003FB65 A2=00FF9364 A3=00FFFE00 A4=0003BDE9 A5=00A04000 A6=00000000 A7=00FF7EE6 D0=00000007 D1=00030001 D2=00000001 D3=00000000 D4=0000000B D5=000000D3 D6=00000000 D7=0000007D xnzvc
03:E9F2  4E 71  NOP                              A0=00FFFE56 A1=0003FB65 A2=00FF9364 A3=00FFFE00 A4=0003BDE9 A5=00A04000 A6=00000000 A7=00FF7EE6 D0=00000007 D1=00030001 D2=00000001 D3=00000000 D4=0000000B D5=000000D3 D6=00000000 D7=0000007D xnzvc
03:E9F4  4E 71  NOP                              A0=00FFFE56 A1=0003FB65 A2=00FF9364 A3=00FFFE00 A4=0003BDE9 A5=00A04000 A6=00000000 A7=00FF7EE6 D0=00000007 D1=00030001 D2=00000001 D3=00000000 D4=0000000B D5=000000D3 D6=00000000 D7=0000007D xnzvc
03:E9F6  4E 71  NOP                              A0=00FFFE56 A1=0003FB65 A2=00FF9364 A3=00FFFE00 A4=0003BDE9 A5=00A04000 A6=00000000 A7=00FF7EE6 D0=00000007 D1=00030001 D2=00000001 D3=00000000 D4=0000000B D5=000000D3 D6=00000000 D7=0000007D xnzvc
03:E9F8  4E 71  NOP                              A0=00FFFE56 A1=0003FB65 A2=00FF9364 A3=00FFFE00 A4=0003BDE9 A5=00A04000 A6=00000000 A7=00FF7EE6 D0=00000007 D1=00030001 D2=00000001 D3=00000000 D4=0000000B D5=000000D3 D6=00000000 D7=0000007D xnzvc
03:E9FA  4E 71  NOP                              A0=00FFFE56 A1=0003FB65 A2=00FF9364 A3=00FFFE00 A4=0003BDE9 A5=00A04000 A6=00000000 A7=00FF7EE6 D0=00000007 D1=00030001 D2=00000001 D3=00000000 D4=0000000B D5=000000D3 D6=00000000 D7=0000007D xnzvc
03:E9FC  08 15  BTST    #7,(A5)                  A0=00FFFE56 A1=0003FB65 A2=00FF9364 A3=00FFFE00 A4=0003BDE9 A5=00A04000 A6=00000000 A7=00FF7EE6 D0=00000007 D1=00030001 D2=00000001 D3=00000000 D4=0000000B D5=000000D3 D6=00000000 D7=0000007D xnzvc
03:EA00  66 FA  BNE     #$FA [03:E9FC]           A0=00FFFE56 A1=0003FB65 A2=00FF9364 A3=00FFFE00 A4=0003BDE9 A5=00A04000 A6=00000000 A7=00FF7EE6 D0=00000007 D1=00030001 D2=00000001 D3=00000000 D4=0000000B D5=000000D3 D6=00000000 D7=0000007D xnZvc
03:EA02  1E 3C  MOVE.B  #$8C,D7                  A0=00FFFE56 A1=0003FB65 A2=00FF9364 A3=00FFFE00 A4=0003BDE9 A5=00A04000 A6=00000000 A7=00FF7EE6 D0=00000007 D1=00030001 D2=00000001 D3=00000000 D4=0000000B D5=000000D3 D6=00000000 D7=0000007D xnZvc
03:EA06  8E 01  OR.B    D1,D7                    A0=00FFFE56 A1=0003FB65 A2=00FF9364 A3=00FFFE00 A4=0003BDE9 A5=00A04000 A6=00000000 A7=00FF7EE6 D0=00000007 D1=00030001 D2=00000001 D3=00000000 D4=0000000B D5=000000D3 D6=00000000 D7=0000008C xNzvc
03:EA08  1A 87  MOVE.B  D7,(A5)                  A0=00FFFE56 A1=0003FB65 A2=00FF9364 A3=00FFFE00 A4=0003BDE9 A5=00A04000 A6=00000000 A7=00FF7EE6 D0=00000007 D1=00030001 D2=00000001 D3=00000000 D4=0000000B D5=000000D3 D6=00000000 D7=0000008D xNzvc
03:EA0A  4E 71  NOP                              A0=00FFFE56 A1=0003FB65 A2=00FF9364 A3=00FFFE00 A4=0003BDE9 A5=00A04000 A6=00000000 A7=00FF7EE6 D0=00000007 D1=00030001 D2=00000001 D3=00000000 D4=0000000B D5=000000D3 D6=00000000 D7=0000008D xNzvc
03:EA0C  1B 5C  MOVE.B  (A4)+,$0001(A5)          A0=00FFFE56 A1=0003FB65 A2=00FF9364 A3=00FFFE00 A4=0003BDE9 A5=00A04000 A6=00000000 A7=00FF7EE6 D0=00000007 D1=00030001 D2=00000001 D3=00000000 D4=0000000B D5=000000D3 D6=00000000 D7=0000008D xNzvc
03:EA10  4E 71  NOP                              A0=00FFFE56 A1=0003FB65 A2=00FF9364 A3=00FFFE00 A4=0003BDEA A5=00A04000 A6=00000000 A7=00FF7EE6 D0=00000007 D1=00030001 D2=00000001 D3=00000000 D4=0000000B D5=000000D3 D6=00000000 D7=0000008D xnzvc
03:EA12  4E 71  NOP                              A0=00FFFE56 A1=0003FB65 A2=00FF9364 A3=00FFFE00 A4=0003BDEA A5=00A04000 A6=00000000 A7=00FF7EE6 D0=00000007 D1=00030001 D2=00000001 D3=00000000 D4=0000000B D5=000000D3 D6=00000000 D7=0000008D xnzvc
03:EA14  4E 71  NOP                              A0=00FFFE56 A1=0003FB65 A2=00FF9364 A3=00FFFE00 A4=0003BDEA A5=00A04000 A6=00000000 A7=00FF7EE6 D0=00000007 D1=00030001 D2=00000001 D3=00000000 D4=0000000B D5=000000D3 D6=00000000 D7=0000008D xnzvc
03:EA16  4E 71  NOP                              A0=00FFFE56 A1=0003FB65 A2=00FF9364 A3=00FFFE00 A4=0003BDEA A5=00A04000 A6=00000000 A7=00FF7EE6 D0=00000007 D1=00030001 D2=00000001 D3=00000000 D4=0000000B D5=000000D3 D6=00000000 D7=0000008D xnzvc
03:EA18  4E 71  NOP                              A0=00FFFE56 A1=0003FB65 A2=00FF9364 A3=00FFFE00 A4=0003BDEA A5=00A04000 A6=00000000 A7=00FF7EE6 D0=00000007 D1=00030001 D2=00000001 D3=00000000 D4=0000000B D5=000000D3 D6=00000000 D7=0000008D xnzvc
03:EA1A  4E 71  NOP                              A0=00FFFE56 A1=0003FB65 A2=00FF9364 A3=00FFFE00 A4=0003BDEA A5=00A04000 A6=00000000 A7=00FF7EE6 D0=00000007 D1=00030001 D2=00000001 D3=00000000 D4=0000000B D5=000000D3 D6=00000000 D7=0000008D xnzvc
03:EA1C  4E 71  NOP                              A0=00FFFE56 A1=0003FB65 A2=00FF9364 A3=00FFFE00 A4=0003BDEA A5=00A04000 A6=00000000 A7=00FF7EE6 D0=00000007 D1=00030001 D2=00000001 D3=00000000 D4=0000000B D5=000000D3 D6=00000000 D7=0000008D xnzvc
03:EA1E  4E 71  NOP                              A0=00FFFE56 A1=0003FB65 A2=00FF9364 A3=00FFFE00 A4=0003BDEA A5=00A04000 A6=00000000 A7=00FF7EE6 D0=00000007 D1=00030001 D2=00000001 D3=00000000 D4=0000000B D5=000000D3 D6=00000000 D7=0000008D xnzvc
03:EA20  4E 71  NOP                              A0=00FFFE56 A1=0003FB65 A2=00FF9364 A3=00FFFE00 A4=0003BDEA A5=00A04000 A6=00000000 A7=00FF7EE6 D0=00000007 D1=00030001 D2=00000001 D3=00000000 D4=0000000B D5=000000D3 D6=00000000 D7=0000008D xnzvc
03:EA22  08 15  BTST    #7,(A5)                  A0=00FFFE56 A1=0003FB65 A2=00FF9364 A3=00FFFE00 A4=0003BDEA A5=00A04000 A6=00000000 A7=00FF7EE6 D0=00000007 D1=00030001 D2=00000001 D3=00000000 D4=0000000B D5=000000D3 D6=00000000 D7=0000008D xnzvc
03:EA26  66 FA  BNE     #$FA [03:EA22]           A0=00FFFE56 A1=0003FB65 A2=00FF9364 A3=00FFFE00 A4=0003BDEA A5=00A04000 A6=00000000 A7=00FF7EE6 D0=00000007 D1=00030001 D2=00000001 D3=00000000 D4=0000000B D5=000000D3 D6=00000000 D7=0000008D xnZvc
03:EA28  1E 3C  MOVE.B  #$9C,D7                  A0=00FFFE56 A1=0003FB65 A2=00FF9364 A3=00FFFE00 A4=0003BDEA A5=00A04000 A6=00000000 A7=00FF7EE6 D0=00000007 D1=00030001 D2=00000001 D3=00000000 D4=0000000B D5=000000D3 D6=00000000 D7=0000008D xnZvc
03:EA2C  8E 01  OR.B    D1,D7                    A0=00FFFE56 A1=0003FB65 A2=00FF9364 A3=00FFFE00 A4=0003BDEA A5=00A04000 A6=00000000 A7=00FF7EE6 D0=00000007 D1=00030001 D2=00000001 D3=00000000 D4=0000000B D5=000000D3 D6=00000000 D7=0000009C xNzvc
03:EA2E  1A 87  MOVE.B  D7,(A5)                  A0=00FFFE56 A1=0003FB65 A2=00FF9364 A3=00FFFE00 A4=0003BDEA A5=00A04000 A6=00000000 A7=00FF7EE6 D0=00000007 D1=00030001 D2=00000001 D3=00000000 D4=0000000B D5=000000D3 D6=00000000 D7=0000009D xNzvc
03:EA30  4E 71  NOP                              A0=00FFFE56 A1=0003FB65 A2=00FF9364 A3=00FFFE00 A4=0003BDEA A5=00A04000 A6=00000000 A7=00FF7EE6 D0=00000007 D1=00030001 D2=00000001 D3=00000000 D4=0000000B D5=000000D3 D6=00000000 D7=0000009D xNzvc
03:EA32  1B 7C  MOVE.B  #$00,$0001(A5)           A0=00FFFE56 A1=0003FB65 A2=00FF9364 A3=00FFFE00 A4=0003BDEA A5=00A04000 A6=00000000 A7=00FF7EE6 D0=00000007 D1=00030001 D2=00000001 D3=00000000 D4=0000000B D5=000000D3 D6=00000000 D7=0000009D xNzvc
03:EA38  4E 71  NOP                              A0=00FFFE56 A1=0003FB65 A2=00FF9364 A3=00FFFE00 A4=0003BDEA A5=00A04000 A6=00000000 A7=00FF7EE6 D0=00000007 D1=00030001 D2=00000001 D3=00000000 D4=0000000B D5=000000D3 D6=00000000 D7=0000009D xnZvc
03:EA3A  4E 71  NOP                              A0=00FFFE56 A1=0003FB65 A2=00FF9364 A3=00FFFE00 A4=0003BDEA A5=00A04000 A6=00000000 A7=00FF7EE6 D0=00000007 D1=00030001 D2=00000001 D3=00000000 D4=0000000B D5=000000D3 D6=00000000 D7=0000009D xnZvc
03:EA3C  4E 71  NOP                              A0=00FFFE56 A1=0003FB65 A2=00FF9364 A3=00FFFE00 A4=0003BDEA A5=00A04000 A6=00000000 A7=00FF7EE6 D0=00000007 D1=00030001 D2=00000001 D3=00000000 D4=0000000B D5=000000D3 D6=00000000 D7=0000009D xnZvc
03:EA3E  4E 71  NOP                              A0=00FFFE56 A1=0003FB65 A2=00FF9364 A3=00FFFE00 A4=0003BDEA A5=00A04000 A6=00000000 A7=00FF7EE6 D0=00000007 D1=00030001 D2=00000001 D3=00000000 D4=0000000B D5=000000D3 D6=00000000 D7=0000009D xnZvc
03:EA40  4E 71  NOP                              A0=00FFFE56 A1=0003FB65 A2=00FF9364 A3=00FFFE00 A4=0003BDEA A5=00A04000 A6=00000000 A7=00FF7EE6 D0=00000007 D1=00030001 D2=00000001 D3=00000000 D4=0000000B D5=000000D3 D6=00000000 D7=0000009D xnZvc
03:EA42  4E 71  NOP                              A0=00FFFE56 A1=0003FB65 A2=00FF9364 A3=00FFFE00 A4=0003BDEA A5=00A04000 A6=00000000 A7=00FF7EE6 D0=00000007 D1=00030001 D2=00000001 D3=00000000 D4=0000000B D5=000000D3 D6=00000000 D7=0000009D xnZvc
03:EA44  4E 71  NOP                              A0=00FFFE56 A1=0003FB65 A2=00FF9364 A3=00FFFE00 A4=0003BDEA A5=00A04000 A6=00000000 A7=00FF7EE6 D0=00000007 D1=00030001 D2=00000001 D3=00000000 D4=0000000B D5=000000D3 D6=00000000 D7=0000009D xnZvc
03:EA46  4E 71  NOP                              A0=00FFFE56 A1=0003FB65 A2=00FF9364 A3=00FFFE00 A4=0003BDEA A5=00A04000 A6=00000000 A7=00FF7EE6 D0=00000007 D1=00030001 D2=00000001 D3=00000000 D4=0000000B D5=000000D3 D6=00000000 D7=0000009D xnZvc
03:EA48  4E 71  NOP                              A0=00FFFE56 A1=0003FB65 A2=00FF9364 A3=00FFFE00 A4=0003BDEA A5=00A04000 A6=00000000 A7=00FF7EE6 D0=00000007 D1=00030001 D2=00000001 D3=00000000 D4=0000000B D5=000000D3 D6=00000000 D7=0000009D xnZvc
03:EA4A  4A 03  TST.B   D3                       A0=00FFFE56 A1=0003FB65 A2=00FF9364 A3=00FFFE00 A4=0003BDEA A5=00A04000 A6=00000000 A7=00FF7EE6 D0=00000007 D1=00030001 D2=00000001 D3=00000000 D4=0000000B D5=000000D3 D6=00000000 D7=0000009D xnZvc
03:EA4C  66 50  BNE     #$50 [03:EA9E]           A0=00FFFE56 A1=0003FB65 A2=00FF9364 A3=00FFFE00 A4=0003BDEA A5=00A04000 A6=00000000 A7=00FF7EE6 D0=00000007 D1=00030001 D2=00000001 D3=00000000 D4=0000000B D5=000000D3 D6=00000000 D7=0000009D xnZvc
03:EA4E  08 15  BTST    #7,(A5)                  A0=00FFFE56 A1=0003FB65 A2=00FF9364 A3=00FFFE00 A4=0003BDEA A5=00A04000 A6=00000000 A7=00FF7EE6 D0=00000007 D1=00030001 D2=00000001 D3=00000000 D4=0000000B D5=000000D3 D6=00000000 D7=0000009D xnZvc
03:EA52  66 FA  BNE     #$FA [03:EA4E]           A0=00FFFE56 A1=0003FB65 A2=00FF9364 A3=00FFFE00 A4=0003BDEA A5=00A04000 A6=00000000 A7=00FF7EE6 D0=00000007 D1=00030001 D2=00000001 D3=00000000 D4=0000000B D5=000000D3 D6=00000000 D7=0000009D xnZvc
03:EA54  1E 3C  MOVE.B  #$A4,D7                  A0=00FFFE56 A1=0003FB65 A2=00FF9364 A3=00FFFE00 A4=0003BDEA A5=00A04000 A6=00000000 A7=00FF7EE6 D0=00000007 D1=00030001 D2=00000001 D3=00000000 D4=0000000B D5=000000D3 D6=00000000 D7=0000009D xnZvc
03:EA58  8E 01  OR.B    D1,D7                    A0=00FFFE56 A1=0003FB65 A2=00FF9364 A3=00FFFE00 A4=0003BDEA A5=00A04000 A6=00000000 A7=00FF7EE6 D0=00000007 D1=00030001 D2=00000001 D3=00000000 D4=0000000B D5=000000D3 D6=00000000 D7=000000A4 xNzvc
03:EA5A  1A 87  MOVE.B  D7,(A5)                  A0=00FFFE56 A1=0003FB65 A2=00FF9364 A3=00FFFE00 A4=0003BDEA A5=00A04000 A6=00000000 A7=00FF7EE6 D0=00000007 D1=00030001 D2=00000001 D3=00000000 D4=0000000B D5=000000D3 D6=00000000 D7=000000A5 xNzvc
03:EA5C  4E 71  NOP                              A0=00FFFE56 A1=0003FB65 A2=00FF9364 A3=00FFFE00 A4=0003BDEA A5=00A04000 A6=00000000 A7=00FF7EE6 D0=00000007 D1=00030001 D2=00000001 D3=00000000 D4=0000000B D5=000000D3 D6=00000000 D7=000000A5 xNzvc
03:EA5E  1B 44  MOVE.B  D4,$0001(A5)             A0=00FFFE56 A1=0003FB65 A2=00FF9364 A3=00FFFE00 A4=0003BDEA A5=00A04000 A6=00000000 A7=00FF7EE6 D0=00000007 D1=00030001 D2=00000001 D3=00000000 D4=0000000B D5=000000D3 D6=00000000 D7=000000A5 xNzvc
03:EA62  4E 71  NOP                              A0=00FFFE56 A1=0003FB65 A2=00FF9364 A3=00FFFE00 A4=0003BDEA A5=00A04000 A6=00000000 A7=00FF7EE6 D0=00000007 D1=00030001 D2=00000001 D3=00000000 D4=0000000B D5=000000D3 D6=00000000 D7=000000A5 xnzvc
03:EA64  4E 71  NOP                              A0=00FFFE56 A1=0003FB65 A2=00FF9364 A3=00FFFE00 A4=0003BDEA A5=00A04000 A6=00000000 A7=00FF7EE6 D0=00000007 D1=00030001 D2=00000001 D3=00000000 D4=0000000B D5=000000D3 D6=00000000 D7=000000A5 xnzvc
03:EA66  4E 71  NOP                              A0=00FFFE56 A1=0003FB65 A2=00FF9364 A3=00FFFE00 A4=0003BDEA A5=00A04000 A6=00000000 A7=00FF7EE6 D0=00000007 D1=00030001 D2=00000001 D3=00000000 D4=0000000B D5=000000D3 D6=00000000 D7=000000A5 xnzvc
03:EA68  4E 71  NOP                              A0=00FFFE56 A1=0003FB65 A2=00FF9364 A3=00FFFE00 A4=0003BDEA A5=00A04000 A6=00000000 A7=00FF7EE6 D0=00000007 D1=00030001 D2=00000001 D3=00000000 D4=0000000B D5=000000D3 D6=00000000 D7=000000A5 xnzvc
03:EA6A  4E 71  NOP                              A0=00FFFE56 A1=0003FB65 A2=00FF9364 A3=00FFFE00 A4=0003BDEA A5=00A04000 A6=00000000 A7=00FF7EE6 D0=00000007 D1=00030001 D2=00000001 D3=00000000 D4=0000000B D5=000000D3 D6=00000000 D7=000000A5 xnzvc
03:EA6C  4E 71  NOP                              A0=00FFFE56 A1=0003FB65 A2=00FF9364 A3=00FFFE00 A4=0003BDEA A5=00A04000 A6=00000000 A7=00FF7EE6 D0=00000007 D1=00030001 D2=00000001 D3=00000000 D4=0000000B D5=000000D3 D6=00000000 D7=000000A5 xnzvc
03:EA6E  4E 71  NOP                              A0=00FFFE56 A1=0003FB65 A2=00FF9364 A3=00FFFE00 A4=0003BDEA A5=00A04000 A6=00000000 A7=00FF7EE6 D0=00000007 D1=00030001 D2=00000001 D3=00000000 D4=0000000B D5=000000D3 D6=00000000 D7=000000A5 xnzvc
03:EA70  4E 71  NOP                              A0=00FFFE56 A1=0003FB65 A2=00FF9364 A3=00FFFE00 A4=0003BDEA A5=00A04000 A6=00000000 A7=00FF7EE6 D0=00000007 D1=00030001 D2=00000001 D3=00000000 D4=0000000B D5=000000D3 D6=00000000 D7=000000A5 xnzvc
03:EA72  4E 71  NOP                              A0=00FFFE56 A1=0003FB65 A2=00FF9364 A3=00FFFE00 A4=0003BDEA A5=00A04000 A6=00000000 A7=00FF7EE6 D0=00000007 D1=00030001 D2=00000001 D3=00000000 D4=0000000B D5=000000D3 D6=00000000 D7=000000A5 xnzvc
03:EA74  08 15  BTST    #7,(A5)                  A0=00FFFE56 A1=0003FB65 A2=00FF9364 A3=00FFFE00 A4=0003BDEA A5=00A04000 A6=00000000 A7=00FF7EE6 D0=00000007 D1=00030001 D2=00000001 D3=00000000 D4=0000000B D5=000000D3 D6=00000000 D7=000000A5 xnzvc
03:EA78  66 FA  BNE     #$FA [03:EA74]           A0=00FFFE56 A1=0003FB65 A2=00FF9364 A3=00FFFE00 A4=0003BDEA A5=00A04000 A6=00000000 A7=00FF7EE6 D0=00000007 D1=00030001 D2=00000001 D3=00000000 D4=0000000B D5=000000D3 D6=00000000 D7=000000A5 xnZvc
03:EA7A  1E 3C  MOVE.B  #$A0,D7                  A0=00FFFE56 A1=0003FB65 A2=00FF9364 A3=00FFFE00 A4=0003BDEA A5=00A04000 A6=00000000 A7=00FF7EE6 D0=00000007 D1=00030001 D2=00000001 D3=00000000 D4=0000000B D5=000000D3 D6=00000000 D7=000000A5 xnZvc
03:EA7E  8E 01  OR.B    D1,D7                    A0=00FFFE56 A1=0003FB65 A2=00FF9364 A3=00FFFE00 A4=0003BDEA A5=00A04000 A6=00000000 A7=00FF7EE6 D0=00000007 D1=00030001 D2=00000001 D3=00000000 D4=0000000B D5=000000D3 D6=00000000 D7=000000A0 xNzvc
03:EA80  1A 87  MOVE.B  D7,(A5)                  A0=00FFFE56 A1=0003FB65 A2=00FF9364 A3=00FFFE00 A4=0003BDEA A5=00A04000 A6=00000000 A7=00FF7EE6 D0=00000007 D1=00030001 D2=00000001 D3=00000000 D4=0000000B D5=000000D3 D6=00000000 D7=000000A1 xNzvc
03:EA82  4E 71  NOP                              A0=00FFFE56 A1=0003FB65 A2=00FF9364 A3=00FFFE00 A4=0003BDEA A5=00A04000 A6=00000000 A7=00FF7EE6 D0=00000007 D1=00030001 D2=00000001 D3=00000000 D4=0000000B D5=000000D3 D6=00000000 D7=000000A1 xNzvc
03:EA84  1B 45  MOVE.B  D5,$0001(A5)             A0=00FFFE56 A1=0003FB65 A2=00FF9364 A3=00FFFE00 A4=0003BDEA A5=00A04000 A6=00000000 A7=00FF7EE6 D0=00000007 D1=00030001 D2=00000001 D3=00000000 D4=0000000B D5=000000D3 D6=00000000 D7=000000A1 xNzvc
03:EA88  4E 71  NOP                              A0=00FFFE56 A1=0003FB65 A2=00FF9364 A3=00FFFE00 A4=0003BDEA A5=00A04000 A6=00000000 A7=00FF7EE6 D0=00000007 D1=00030001 D2=00000001 D3=00000000 D4=0000000B D5=000000D3 D6=00000000 D7=000000A1 xNzvc
03:EA8A  4E 71  NOP                              A0=00FFFE56 A1=0003FB65 A2=00FF9364 A3=00FFFE00 A4=0003BDEA A5=00A04000 A6=00000000 A7=00FF7EE6 D0=00000007 D1=00030001 D2=00000001 D3=00000000 D4=0000000B D5=000000D3 D6=00000000 D7=000000A1 xNzvc
03:EA8C  4E 71  NOP                              A0=00FFFE56 A1=0003FB65 A2=00FF9364 A3=00FFFE00 A4=0003BDEA A5=00A04000 A6=00000000 A7=00FF7EE6 D0=00000007 D1=00030001 D2=00000001 D3=00000000 D4=0000000B D5=000000D3 D6=00000000 D7=000000A1 xNzvc
03:EA8E  4E 71  NOP                              A0=00FFFE56 A1=0003FB65 A2=00FF9364 A3=00FFFE00 A4=0003BDEA A5=00A04000 A6=00000000 A7=00FF7EE6 D0=00000007 D1=00030001 D2=00000001 D3=00000000 D4=0000000B D5=000000D3 D6=00000000 D7=000000A1 xNzvc
03:EA90  4E 71  NOP                              A0=00FFFE56 A1=0003FB65 A2=00FF9364 A3=00FFFE00 A4=0003BDEA A5=00A04000 A6=00000000 A7=00FF7EE6 D0=00000007 D1=00030001 D2=00000001 D3=00000000 D4=0000000B D5=000000D3 D6=00000000 D7=000000A1 xNzvc
03:EA92  4E 71  NOP                              A0=00FFFE56 A1=0003FB65 A2=00FF9364 A3=00FFFE00 A4=0003BDEA A5=00A04000 A6=00000000 A7=00FF7EE6 D0=00000007 D1=00030001 D2=00000001 D3=00000000 D4=0000000B D5=000000D3 D6=00000000 D7=000000A1 xNzvc
03:EA94  4E 71  NOP                              A0=00FFFE56 A1=0003FB65 A2=00FF9364 A3=00FFFE00 A4=0003BDEA A5=00A04000 A6=00000000 A7=00FF7EE6 D0=00000007 D1=00030001 D2=00000001 D3=00000000 D4=0000000B D5=000000D3 D6=00000000 D7=000000A1 xNzvc
03:EA96  4E 71  NOP                              A0=00FFFE56 A1=0003FB65 A2=00FF9364 A3=00FFFE00 A4=0003BDEA A5=00A04000 A6=00000000 A7=00FF7EE6 D0=00000007 D1=00030001 D2=00000001 D3=00000000 D4=0000000B D5=000000D3 D6=00000000 D7=000000A1 xNzvc
03:EA98  4E 71  NOP                              A0=00FFFE56 A1=0003FB65 A2=00FF9364 A3=00FFFE00 A4=0003BDEA A5=00A04000 A6=00000000 A7=00FF7EE6 D0=00000007 D1=00030001 D2=00000001 D3=00000000 D4=0000000B D5=000000D3 D6=00000000 D7=000000A1 xNzvc
03:EA9A  60 00  BRA     #$0120 [03:EBBC]         A0=00FFFE56 A1=0003FB65 A2=00FF9364 A3=00FFFE00 A4=0003BDEA A5=00A04000 A6=00000000 A7=00FF7EE6 D0=00000007 D1=00030001 D2=00000001 D3=00000000 D4=0000000B D5=000000D3 D6=00000000 D7=000000A1 xNzvc
03:EBBC  02 02  ANDI.B  #$07,D2                  A0=00FFFE56 A1=0003FB65 A2=00FF9364 A3=00FFFE00 A4=0003BDEA A5=00A04000 A6=00000000 A7=00FF7EE6 D0=00000007 D1=00030001 D2=00000001 D3=00000000 D4=0000000B D5=000000D3 D6=00000000 D7=000000A1 xNzvc
03:EBC0  16 2C  MOVE.B  $0008(A4),D3             A0=00FFFE56 A1=0003FB65 A2=00FF9364 A3=00FFFE00 A4=0003BDEA A5=00A04000 A6=00000000 A7=00FF7EE6 D0=00000007 D1=00030001 D2=00000001 D3=00000000 D4=0000000B D5=000000D3 D6=00000000 D7=000000A1 xnzvc
03:EBC4  E9 0B  LSL.B   #4,D3                    A0=00FFFE56 A1=0003FB65 A2=00FF9364 A3=00FFFE00 A4=0003BDEA A5=00A04000 A6=00000000 A7=00FF7EE6 D0=00000007 D1=00030001 D2=00000001 D3=0000000F D4=0000000B D5=000000D3 D6=00000000 D7=000000A1 xnzvc
03:EBC6  84 03  OR.B    D3,D2                    A0=00FFFE56 A1=0003FB65 A2=00FF9364 A3=00FFFE00 A4=0003BDEA A5=00A04000 A6=00000000 A7=00FF7EE6 D0=00000007 D1=00030001 D2=00000001 D3=000000F0 D4=0000000B D5=000000D3 D6=00000000 D7=000000A1 xNzvc
03:EBC8  08 39  BTST    #7,($00A04000)           A0=00FFFE56 A1=0003FB65 A2=00FF9364 A3=00FFFE00 A4=0003BDEA A5=00A04000 A6=00000000 A7=00FF7EE6 D0=00000007 D1=00030001 D2=000000F1 D3=000000F0 D4=0000000B D5=000000D3 D6=00000000 D7=000000A1 xNzvc
03:EBD0  66 F6  BNE     #$F6 [03:EBC8]           A0=00FFFE56 A1=0003FB65 A2=00FF9364 A3=00FFFE00 A4=0003BDEA A5=00A04000 A6=00000000 A7=00FF7EE6 D0=00000007 D1=00030001 D2=000000F1 D3=000000F0 D4=0000000B D5=000000D3 D6=00000000 D7=000000A1 xNZvc
03:EBD2  13 FC  MOVE.B  #$28,($00A04000)         A0=00FFFE56 A1=0003FB65 A2=00FF9364 A3=00FFFE00 A4=0003BDEA A5=00A04000 A6=00000000 A7=00FF7EE6 D0=00000007 D1=00030001 D2=000000F1 D3=000000F0 D4=0000000B D5=000000D3 D6=00000000 D7=000000A1 xNZvc
03:EBDA  4E 71  NOP                              A0=00FFFE56 A1=0003FB65 A2=00FF9364 A3=00FFFE00 A4=0003BDEA A5=00A04000 A6=00000000 A7=00FF7EE6 D0=00000007 D1=00030001 D2=000000F1 D3=000000F0 D4=0000000B D5=000000D3 D6=00000000 D7=000000A1 xnzvc
03:EBDC  13 C2  MOVE.B  D2,($00A04001)           A0=00FFFE56 A1=0003FB65 A2=00FF9364 A3=00FFFE00 A4=0003BDEA A5=00A04000 A6=00000000 A7=00FF7EE6 D0=00000007 D1=00030001 D2=000000F1 D3=000000F0 D4=0000000B D5=000000D3 D6=00000000 D7=000000A1 xnzvc
03:EBE2  5B 39  SUBQ.B  #5,($00A0004A)           A0=00FFFE56 A1=0003FB65 A2=00FF9364 A3=00FFFE00 A4=0003BDEA A5=00A04000 A6=00000000 A7=00FF7EE6 D0=00000007 D1=00030001 D2=000000F1 D3=000000F0 D4=0000000B D5=000000D3 D6=00000000 D7=000000A1 xNzvc
03:EBE8  13 FC  MOVE.B  #$2A,($00A04000)         A0=00FFFE56 A1=0003FB65 A2=00FF9364 A3=00FFFE00 A4=0003BDEA A5=00A04000 A6=00000000 A7=00FF7EE6 D0=00000007 D1=00030001 D2=000000F1 D3=000000F0 D4=0000000B D5=000000D3 D6=00000000 D7=000000A1 xnzvc
03:EBF0  4E 71  NOP                              A0=00FFFE56 A1=0003FB65 A2=00FF9364 A3=00FFFE00 A4=0003BDEA A5=00A04000 A6=00000000 A7=00FF7EE6 D0=00000007 D1=00030001 D2=000000F1 D3=000000F0 D4=0000000B D5=000000D3 D6=00000000 D7=000000A1 xnzvc
03:EBF2  4E 71  NOP                              A0=00FFFE56 A1=0003FB65 A2=00FF9364 A3=00FFFE00 A4=0003BDEA A5=00A04000 A6=00000000 A7=00FF7EE6 D0=00000007 D1=00030001 D2=000000F1 D3=000000F0 D4=0000000B D5=000000D3 D6=00000000 D7=000000A1 xnzvc
03:EBF4  33 FC  MOVE.W  #$0000,($00A11100)       A0=00FFFE56 A1=0003FB65 A2=00FF9364 A3=00FFFE00 A4=0003BDEA A5=00A04000 A6=00000000 A7=00FF7EE6 D0=00000007 D1=00030001 D2=000000F1 D3=000000F0 D4=0000000B D5=000000D3 D6=00000000 D7=000000A1 xnzvc
03:EBFC  4E 71  NOP                              A0=00FFFE56 A1=0003FB65 A2=00FF9364 A3=00FFFE00 A4=0003BDEA A5=00A04000 A6=00000000 A7=00FF7EE6 D0=00000007 D1=00030001 D2=000000F1 D3=000000F0 D4=0000000B D5=000000D3 D6=00000000 D7=000000A1 xnZvc
03:EBFE  4E 71  NOP                              A0=00FFFE56 A1=0003FB65 A2=00FF9364 A3=00FFFE00 A4=0003BDEA A5=00A04000 A6=00000000 A7=00FF7EE6 D0=00000007 D1=00030001 D2=000000F1 D3=000000F0 D4=0000000B D5=000000D3 D6=00000000 D7=000000A1 xnZvc
03:EC00  4E 75  RTS                              A0=00FFFE56 A1=0003FB65 A2=00FF9364 A3=00FFFE00 A4=0003BDEA A5=00A04000 A6=00000000 A7=00FF7EE6 D0=00000007 D1=00030001 D2=000000F1 D3=000000F0 D4=0000000B D5=000000D3 D6=00000000 D7=000000A1 xnZvc

03:EC04  0C 41  CMPI.W  #$0006,D1                A0=00FFFE30 A1=0003F8FE A2=00FF9364 A3=00FFFE00 A4=00FFFEEE A5=00000000 A6=00000000 A7=00FF7EFA D0=00000008 D1=00030000 D2=00000010 D3=00FFFEEE D4=00000000 D5=00000000 D6=00000000 D7=00000000 xnZvc
03:EC08  6C 5E  BGE     #$5E [03:EC68]           A0=00FFFE30 A1=0003F8FE A2=00FF9364 A3=00FFFE00 A4=00FFFEEE A5=00000000 A6=00000000 A7=00FF7EFA D0=00000008 D1=00030000 D2=00000010 D3=00FFFEEE D4=00000000 D5=00000000 D6=00000000 D7=00000000 xNzvC
03:EC0A  4B F9  LEA     ($00FFFE28),A5           A0=00FFFE30 A1=0003F8FE A2=00FF9364 A3=00FFFE00 A4=00FFFEEE A5=00000000 A6=00000000 A7=00FF7EFA D0=00000008 D1=00030000 D2=00000010 D3=00FFFEEE D4=00000000 D5=00000000 D6=00000000 D7=00000000 xNzvC
03:EC10  16 35  MOVE.B  $00(A5,D1),D3            A0=00FFFE30 A1=0003F8FE A2=00FF9364 A3=00FFFE00 A4=00FFFEEE A5=00FFFE28 A6=00000000 A7=00FF7EFA D0=00000008 D1=00030000 D2=00000010 D3=00FFFEEE D4=00000000 D5=00000000 D6=00000000 D7=00000000 xNzvC
03:EC14  0C 41  CMPI.W  #$0003,D1                A0=00FFFE30 A1=0003F8FE A2=00FF9364 A3=00FFFE00 A4=00FFFEEE A5=00FFFE28 A6=00000000 A7=00FF7EFA D0=00000008 D1=00030000 D2=00000010 D3=00FFFE00 D4=00000000 D5=00000000 D6=00000000 D7=00000000 xnZvc
03:EC18  6D 02  BLT     #$02 [03:EC1C]           A0=00FFFE30 A1=0003F8FE A2=00FF9364 A3=00FFFE00 A4=00FFFEEE A5=00FFFE28 A6=00000000 A7=00FF7EFA D0=00000008 D1=00030000 D2=00000010 D3=00FFFE00 D4=00000000 D5=00000000 D6=00000000 D7=00000000 xNzvC
03:EC1A  52 01  ADDQ.B  #1,D1                    A0=00FFFEC8 A1=0004002D A2=00FF9364 A3=00FFFE00 A4=00FFFEEE A5=00FFFE28 A6=00000000 A7=00FF7EE6 D0=00000004 D1=00040004 D2=00000010 D3=00FFFE00 D4=00000000 D5=00000000 D6=00000000 D7=00000000 xnzvc
03:EC1C  E9 0B  LSL.B   #4,D3                    A0=00FFFE30 A1=0003F8FE A2=00FF9364 A3=00FFFE00 A4=00FFFEEE A5=00FFFE28 A6=00000000 A7=00FF7EFA D0=00000008 D1=00030000 D2=00000010 D3=00FFFE00 D4=00000000 D5=00000000 D6=00000000 D7=00000000 xNzvC
03:EC1E  02 01  ANDI.B  #$07,D1                  A0=00FFFE30 A1=0003F8FE A2=00FF9364 A3=00FFFE00 A4=00FFFEEE A5=00FFFE28 A6=00000000 A7=00FF7EFA D0=00000008 D1=00030000 D2=00000010 D3=00FFFE00 D4=00000000 D5=00000000 D6=00000000 D7=00000000 xnZvc
03:EC22  82 03  OR.B    D3,D1                    A0=00FFFE30 A1=0003F8FE A2=00FF9364 A3=00FFFE00 A4=00FFFEEE A5=00FFFE28 A6=00000000 A7=00FF7EFA D0=00000008 D1=00030000 D2=00000010 D3=00FFFE00 D4=00000000 D5=00000000 D6=00000000 D7=00000000 xnZvc
03:EC24  33 FC  MOVE.W  #$0100,($00A11100)       A0=00FFFE30 A1=0003F8FE A2=00FF9364 A3=00FFFE00 A4=00FFFEEE A5=00FFFE28 A6=00000000 A7=00FF7EFA D0=00000008 D1=00030000 D2=00000010 D3=00FFFE00 D4=00000000 D5=00000000 D6=00000000 D7=00000000 xnZvc
03:EC2C  4E 71  NOP                              A0=00FFFE30 A1=0003F8FE A2=00FF9364 A3=00FFFE00 A4=00FFFEEE A5=00FFFE28 A6=00000000 A7=00FF7EFA D0=00000008 D1=00030000 D2=00000010 D3=00FFFE00 D4=00000000 D5=00000000 D6=00000000 D7=00000000 xnzvc
03:EC2E  53 39  SUBQ.B  #1,($00A0004A)           A0=00FFFE30 A1=0003F8FE A2=00FF9364 A3=00FFFE00 A4=00FFFEEE A5=00FFFE28 A6=00000000 A7=00FF7EFA D0=00000008 D1=00030000 D2=00000010 D3=00FFFE00 D4=00000000 D5=00000000 D6=00000000 D7=00000000 xnzvc
03:EC34  08 39  BTST    #7,($00A04000)           A0=00FFFE30 A1=0003F8FE A2=00FF9364 A3=00FFFE00 A4=00FFFEEE A5=00FFFE28 A6=00000000 A7=00FF7EFA D0=00000008 D1=00030000 D2=00000010 D3=00FFFE00 D4=00000000 D5=00000000 D6=00000000 D7=00000000 xnzvc
03:EC3C  66 F6  BNE     #$F6 [03:EC34]           A0=00FFFE30 A1=0003F8FE A2=00FF9364 A3=00FFFE00 A4=00FFFEEE A5=00FFFE28 A6=00000000 A7=00FF7EFA D0=00000008 D1=00030000 D2=00000010 D3=00FFFE00 D4=00000000 D5=00000000 D6=00000000 D7=00000000 xnZvc
03:EC3E  13 FC  MOVE.B  #$28,($00A04000)         A0=00FFFE30 A1=0003F8FE A2=00FF9364 A3=00FFFE00 A4=00FFFEEE A5=00FFFE28 A6=00000000 A7=00FF7EFA D0=00000008 D1=00030000 D2=00000010 D3=00FFFE00 D4=00000000 D5=00000000 D6=00000000 D7=00000000 xnZvc
03:EC46  4E 71  NOP                              A0=00FFFE30 A1=0003F8FE A2=00FF9364 A3=00FFFE00 A4=00FFFEEE A5=00FFFE28 A6=00000000 A7=00FF7EFA D0=00000008 D1=00030000 D2=00000010 D3=00FFFE00 D4=00000000 D5=00000000 D6=00000000 D7=00000000 xnzvc
03:EC48  13 C1  MOVE.B  D1,($00A04001)           A0=00FFFE30 A1=0003F8FE A2=00FF9364 A3=00FFFE00 A4=00FFFEEE A5=00FFFE28 A6=00000000 A7=00FF7EFA D0=00000008 D1=00030000 D2=00000010 D3=00FFFE00 D4=00000000 D5=00000000 D6=00000000 D7=00000000 xnzvc
03:EC4E  13 FC  MOVE.B  #$2A,($00A04000)         A0=00FFFE30 A1=0003F8FE A2=00FF9364 A3=00FFFE00 A4=00FFFEEE A5=00FFFE28 A6=00000000 A7=00FF7EFA D0=00000008 D1=00030000 D2=00000010 D3=00FFFE00 D4=00000000 D5=00000000 D6=00000000 D7=00000000 xnZvc
03:EC56  4E 71  NOP                              A0=00FFFE30 A1=0003F8FE A2=00FF9364 A3=00FFFE00 A4=00FFFEEE A5=00FFFE28 A6=00000000 A7=00FF7EFA D0=00000008 D1=00030000 D2=00000010 D3=00FFFE00 D4=00000000 D5=00000000 D6=00000000 D7=00000000 xnzvc
03:EC58  4E 71  NOP                              A0=00FFFE30 A1=0003F8FE A2=00FF9364 A3=00FFFE00 A4=00FFFEEE A5=00FFFE28 A6=00000000 A7=00FF7EFA D0=00000008 D1=00030000 D2=00000010 D3=00FFFE00 D4=00000000 D5=00000000 D6=00000000 D7=00000000 xnzvc
03:EC5A  33 FC  MOVE.W  #$0000,($00A11100)       A0=00FFFE30 A1=0003F8FE A2=00FF9364 A3=00FFFE00 A4=00FFFEEE A5=00FFFE28 A6=00000000 A7=00FF7EFA D0=00000008 D1=00030000 D2=00000010 D3=00FFFE00 D4=00000000 D5=00000000 D6=00000000 D7=00000000 xnzvc
03:EC62  4E 71  NOP                              A0=00FFFE30 A1=0003F8FE A2=00FF9364 A3=00FFFE00 A4=00FFFEEE A5=00FFFE28 A6=00000000 A7=00FF7EFA D0=00000008 D1=00030000 D2=00000010 D3=00FFFE00 D4=00000000 D5=00000000 D6=00000000 D7=00000000 xnZvc
03:EC64  4E 71  NOP                              A0=00FFFE30 A1=0003F8FE A2=00FF9364 A3=00FFFE00 A4=00FFFEEE A5=00FFFE28 A6=00000000 A7=00FF7EFA D0=00000008 D1=00030000 D2=00000010 D3=00FFFE00 D4=00000000 D5=00000000 D6=00000000 D7=00000000 xnZvc
03:EC66  4E 75  RTS                              A0=00FFFE30 A1=0003F8FE A2=00FF9364 A3=00FFFE00 A4=00FFFEEE A5=00FFFE28 A6=00000000 A7=00FF7EFA D0=00000008 D1=00030000 D2=00000010 D3=00FFFE00 D4=00000000 D5=00000000 D6=00000000 D7=00000000 xnZvc

03:ECFE  48 E7  MOVEM.L {d0-a7}[3f 3e],-(SP)     A0=00037316 A1=00037324 A2=00FF9364 A3=00FF8002 A4=00FF8004 A5=00000000 A6=00000000 A7=00FF7F2A D0=00000000 D1=000052B0 D2=00000000 D3=00000000 D4=00000000 D5=00000000 D6=00000000 D7=00000000 xnZvc
03:ED02  4A 79  TST.W   ($00FFE478)              A0=00037316 A1=00037324 A2=00FF9364 A3=00FF8002 A4=00FF8004 A5=00000000 A6=00000000 A7=00FF7EFE D0=00000000 D1=000052B0 D2=00000000 D3=00000000 D4=00000000 D5=00000000 D6=00000000 D7=00000000 xnZvc
03:ED08  67 04  BEQ     #$04 [03:ED0E]           A0=00037316 A1=00037324 A2=00FF9364 A3=00FF8002 A4=00FF8004 A5=00000000 A6=00000000 A7=00FF7EFE D0=00000000 D1=000052B0 D2=00000000 D3=00000000 D4=00000000 D5=00000000 D6=00000000 D7=00000000 xnZvc
03:ED0E  4A 79  TST.W   ($00FFE47A)              A0=00037316 A1=00037324 A2=00FF9364 A3=00FF8002 A4=00FF8004 A5=00000000 A6=00000000 A7=00FF7EFE D0=00000000 D1=000052B0 D2=00000000 D3=00000000 D4=00000000 D5=00000000 D6=00000000 D7=00000000 xnZvc
03:ED14  67 04  BEQ     #$04 [03:ED1A]           A0=00037316 A1=00037324 A2=00FF9364 A3=00FF8002 A4=00FF8004 A5=00000000 A6=00000000 A7=00FF7EFE D0=00000000 D1=000052B0 D2=00000000 D3=00000000 D4=00000000 D5=00000000 D6=00000000 D7=00000000 xnZvc
03:ED1A  4A 79  TST.W   ($00FFE47C)              A0=00037316 A1=00037324 A2=00FF9364 A3=00FF8002 A4=00FF8004 A5=00000000 A6=00000000 A7=00FF7EFE D0=00000000 D1=000052B0 D2=00000000 D3=00000000 D4=00000000 D5=00000000 D6=00000000 D7=00000000 xnZvc
03:ED20  6D 04  BLT     #$04 [03:ED26]           A0=00037316 A1=00037324 A2=00FF9364 A3=00FF8002 A4=00FF8004 A5=00000000 A6=00000000 A7=00FF7EFE D0=00000000 D1=000052B0 D2=00000000 D3=00000000 D4=00000000 D5=00000000 D6=00000000 D7=00000000 xNzvc
03:ED22  4E BA  JSR     $F770(PC)                A0=0003F509 A1=00A0050F A2=00026F76 A3=00FF8000 A4=00026FDA A5=00000000 A6=00000000 A7=00FF7FA8 D0=3FFF01FF D1=400080FF D2=00000000 D3=00000000 D4=00000000 D5=00000000 D6=00000000 D7=00000000 xnZvc
03:ED26  4A B9  TST.L   ($00FFE480)              A0=00037316 A1=00037324 A2=00FF9364 A3=00FF8002 A4=00FF8004 A5=00000000 A6=00000000 A7=00FF7EFE D0=00000000 D1=000052B0 D2=00000000 D3=00000000 D4=00000000 D5=00000000 D6=00000000 D7=00000000 xNzvc
03:ED2C  67 08  BEQ     #$08 [03:ED36]           A0=00037316 A1=00037324 A2=00FF9364 A3=00FF8002 A4=00FF8004 A5=00000000 A6=00000000 A7=00FF7EFE D0=00000000 D1=000052B0 D2=00000000 D3=00000000 D4=00000000 D5=00000000 D6=00000000 D7=00000000 xnZvc
03:ED2E  4E B9  JSR     ($0003F5BA)              A0=00FFE3A4 A1=00FFD940 A2=00FF9364 A3=00FF8002 A4=00FF8004 A5=00000000 A6=00000000 A7=00FF7EEE D0=00000000 D1=00002351 D2=00000000 D3=00000000 D4=00000000 D5=00000000 D6=00000000 D7=00000000 xnzvc
03:ED34  60 0E  BRA     #$0E [03:ED44]           A0=0004915A A1=00FFD940 A2=00FF9364 A3=00FF8002 A4=00FF8004 A5=00000000 A6=00000000 A7=00FF7EEE D0=00000004 D1=00000030 D2=0048005F D3=00000000 D4=00000000 D5=00000000 D6=00000000 D7=00000000 xnZvc
03:ED36  4A 79  TST.W   ($00FFE47E)              A0=00037316 A1=00037324 A2=00FF9364 A3=00FF8002 A4=00FF8004 A5=00000000 A6=00000000 A7=00FF7EFE D0=00000000 D1=000052B0 D2=00000000 D3=00000000 D4=00000000 D5=00000000 D6=00000000 D7=00000000 xnZvc
03:ED3C  6D 06  BLT     #$06 [03:ED44]           A0=00037316 A1=00037324 A2=00FF9364 A3=00FF8002 A4=00FF8004 A5=00000000 A6=00000000 A7=00FF7EFE D0=00000000 D1=000052B0 D2=00000000 D3=00000000 D4=00000000 D5=00000000 D6=00000000 D7=00000000 xNzvc
03:ED3E  4E B9  JSR     ($0003F73A)              A0=00FFE3A4 A1=00FFD940 A2=00FF9364 A3=00FF8002 A4=00FF8004 A5=00000000 A6=00000000 A7=00FF7EEA D0=00000000 D1=000025F4 D2=00000000 D3=00000000 D4=00000000 D5=00000000 D6=00000000 D7=00000000 xnzvc
03:ED44  4A 79  TST.W   ($00FFE46E)              A0=00037316 A1=00037324 A2=00FF9364 A3=00FF8002 A4=00FF8004 A5=00000000 A6=00000000 A7=00FF7EFE D0=00000000 D1=000052B0 D2=00000000 D3=00000000 D4=00000000 D5=00000000 D6=00000000 D7=00000000 xNzvc
03:ED4A  67 06  BEQ     #$06 [03:ED52]           A0=00037316 A1=00037324 A2=00FF9364 A3=00FF8002 A4=00FF8004 A5=00000000 A6=00000000 A7=00FF7EFE D0=00000000 D1=000052B0 D2=00000000 D3=00000000 D4=00000000 D5=00000000 D6=00000000 D7=00000000 xnZvc
03:ED4C  53 79  SUBQ.W  #1,($00FFE46E)           A0=00FFE3A4 A1=000373E4 A2=00FF9364 A3=00FF8002 A4=00FF8004 A5=00000000 A6=00000000 A7=00FF7EEA D0=00000000 D1=0000527D D2=00000000 D3=00000000 D4=00000000 D5=00000000 D6=00000000 D7=00000000 xnzvc
03:ED52  4A 79  TST.W   ($00FFE46C)              A0=00037316 A1=00037324 A2=00FF9364 A3=00FF8002 A4=00FF8004 A5=00000000 A6=00000000 A7=00FF7EFE D0=00000000 D1=000052B0 D2=00000000 D3=00000000 D4=00000000 D5=00000000 D6=00000000 D7=00000000 xnZvc
03:ED58  67 20  BEQ     #$20 [03:ED7A]           A0=00037316 A1=00037324 A2=00FF9364 A3=00FF8002 A4=00FF8004 A5=00000000 A6=00000000 A7=00FF7EFE D0=00000000 D1=000052B0 D2=00000000 D3=00000000 D4=00000000 D5=00000000 D6=00000000 D7=00000000 xnZvc
03:ED5A  53 79  SUBQ.W  #1,($00FFE46C)           A0=00FFE3A4 A1=1A607236 A2=00FF9364 A3=00FF8002 A4=00FF8004 A5=00000000 A6=00000000 A7=00FF7EE2 D0=00000000 D1=22971DB2 D2=FFFF0000 D3=00000000 D4=0000FFEC D5=00000000 D6=00000000 D7=00000000 xnzvc
03:ED60  4A 79  TST.W   ($00FFE470)              A0=00FFE3A4 A1=1A607236 A2=00FF9364 A3=00FF8002 A4=00FF8004 A5=00000000 A6=00000000 A7=00FF7EE2 D0=00000000 D1=22971DB2 D2=FFFF0000 D3=00000000 D4=0000FFEC D5=00000000 D6=00000000 D7=00000000 xnzvc
03:ED66  67 12  BEQ     #$12 [03:ED7A]           A0=00FFE3A4 A1=1A607236 A2=00FF9364 A3=00FF8002 A4=00FF8004 A5=00000000 A6=00000000 A7=00FF7EE2 D0=00000000 D1=22971DB2 D2=FFFF0000 D3=00000000 D4=0000FFEC D5=00000000 D6=00000000 D7=00000000 xnZvc
03:ED7A  47 F9  LEA     ($00FFFE00),A3           A0=00037316 A1=00037324 A2=00FF9364 A3=00FF8002 A4=00FF8004 A5=00000000 A6=00000000 A7=00FF7EFE D0=00000000 D1=000052B0 D2=00000000 D3=00000000 D4=00000000 D5=00000000 D6=00000000 D7=00000000 xnZvc
03:ED80  41 F9  LEA     ($00FFFE30),A0           A0=00037316 A1=00037324 A2=00FF9364 A3=00FFFE00 A4=00FF8004 A5=00000000 A6=00000000 A7=00FF7EFE D0=00000000 D1=000052B0 D2=00000000 D3=00000000 D4=00000000 D5=00000000 D6=00000000 D7=00000000 xnZvc
03:ED86  30 39  MOVE.W  ($00FFFE2E),D0           A0=00FFFE30 A1=00037324 A2=00FF9364 A3=00FFFE00 A4=00FF8004 A5=00000000 A6=00000000 A7=00FF7EFE D0=00000000 D1=000052B0 D2=00000000 D3=00000000 D4=00000000 D5=00000000 D6=00000000 D7=00000000 xnZvc
03:ED8C  4A A8  TST.L   $0004(A0)                A0=00FFFE30 A1=000373E4 A2=00FF9364 A3=00FFFE00 A4=00FF8004 A5=00000000 A6=00000000 A7=00FF7EFE D0=00000008 D1=00005278 D2=00000000 D3=00000000 D4=00000000 D5=00000000 D6=00000000 D7=00000000 xnzvc
03:ED90  67 34  BEQ     #$34 [03:EDC6]           A0=00FFFE30 A1=000373E4 A2=00FF9364 A3=00FFFE00 A4=00FF8004 A5=00000000 A6=00000000 A7=00FF7EFE D0=00000008 D1=00005278 D2=00000000 D3=00000000 D4=00000000 D5=00000000 D6=00000000 D7=00000000 xnzvc
03:ED92  12 28  MOVE.B  $000C(A0),D1             A0=00FFFEA2 A1=000373E4 A2=00FF9364 A3=00FFFE00 A4=00FFFE7C A5=00000000 A6=00000000 A7=00FF7EEA D0=00000005 D1=00000008 D2=00000010 D3=00FFFE7C D4=00000000 D5=00000000 D6=00000000 D7=00000000 xnzvc
03:ED96  48 81  EXT.W   D1                       A0=00FFFEA2 A1=000373E4 A2=00FF9364 A3=00FFFE00 A4=00FFFE7C A5=00000000 A6=00000000 A7=00FF7EEA D0=00000005 D1=00000003 D2=00000010 D3=00FFFE7C D4=00000000 D5=00000000 D6=00000000 D7=00000000 xnzvc
03:ED98  E5 49  LSL.W   #2,D1                    A0=00FFFEA2 A1=000373E4 A2=00FF9364 A3=00FFFE00 A4=00FFFE7C A5=00000000 A6=00000000 A7=00FF7EEA D0=00000005 D1=00000003 D2=00000010 D3=00FFFE7C D4=00000000 D5=00000000 D6=00000000 D7=00000000 xnzvc
03:ED9A  14 28  MOVE.B  $000D(A0),D2             A0=00FFFEA2 A1=000373E4 A2=00FF9364 A3=00FFFE00 A4=00FFFE7C A5=00000000 A6=00000000 A7=00FF7EEA D0=00000005 D1=0000000C D2=00000010 D3=00FFFE7C D4=00000000 D5=00000000 D6=00000000 D7=00000000 xnzvc
03:ED9E  26 33  MOVE.L  $00(A3,D1),D3            A0=00FFFEA2 A1=000373E4 A2=00FF9364 A3=00FFFE00 A4=00FFFE7C A5=00000000 A6=00000000 A7=00FF7EEA D0=00000005 D1=0000000C D2=00000010 D3=00FFFE7C D4=00000000 D5=00000000 D6=00000000 D7=00000000 xnzvc
03:EDA2  67 18  BEQ     #$18 [03:EDBC]           A0=00FFFEA2 A1=000373E4 A2=00FF9364 A3=00FFFE00 A4=00FFFE7C A5=00000000 A6=00000000 A7=00FF7EEA D0=00000005 D1=0000000C D2=00000010 D3=00FFFEA2 D4=00000000 D5=00000000 D6=00000000 D7=00000000 xnzvc
03:EDA4  28 43  MOVE.L  D3,A4                    A0=00FFFEA2 A1=000373E4 A2=00FF9364 A3=00FFFE00 A4=00FFFE7C A5=00000000 A6=00000000 A7=00FF7EEA D0=00000005 D1=0000000C D2=00000010 D3=00FFFEA2 D4=00000000 D5=00000000 D6=00000000 D7=00000000 xnzvc
03:EDA6  B4 2C  CMP.B   $000D(A4),D2             A0=00FFFEA2 A1=000373E4 A2=00FF9364 A3=00FFFE00 A4=00FFFEA2 A5=00000000 A6=00000000 A7=00FF7EEA D0=00000005 D1=0000000C D2=00000010 D3=00FFFEA2 D4=00000000 D5=00000000 D6=00000000 D7=00000000 xnzvc
03:EDAA  6C 0C  BGE     #$0C [03:EDB8]           A0=00FFFEA2 A1=000373E4 A2=00FF9364 A3=00FFFE00 A4=00FFFEA2 A5=00000000 A6=00000000 A7=00FF7EEA D0=00000005 D1=0000000C D2=00000010 D3=00FFFEA2 D4=00000000 D5=00000000 D6=00000000 D7=00000000 xnZvc
03:EDB8  42 2C  CLR.B   $0013(A4)                A0=00FFFEA2 A1=000373E4 A2=00FF9364 A3=00FFFE00 A4=00FFFEA2 A5=00000000 A6=00000000 A7=00FF7EEA D0=00000005 D1=0000000C D2=00000010 D3=00FFFEA2 D4=00000000 D5=00000000 D6=00000000 D7=00000000 xnZvc
03:EDBC  11 7C  MOVE.B  #$01,$0013(A0)           A0=00FFFEA2 A1=000373E4 A2=00FF9364 A3=00FFFE00 A4=00FFFEA2 A5=00000000 A6=00000000 A7=00FF7EEA D0=00000005 D1=0000000C D2=00000010 D3=00FFFEA2 D4=00000000 D5=00000000 D6=00000000 D7=00000000 xnZvc
03:EDC2  27 88  MOVE.L  A0,$00(A3,D1)            A0=00FFFEA2 A1=000373E4 A2=00FF9364 A3=00FFFE00 A4=00FFFEA2 A5=00000000 A6=00000000 A7=00FF7EEA D0=00000005 D1=0000000C D2=00000010 D3=00FFFEA2 D4=00000000 D5=00000000 D6=00000000 D7=00000000 xnzvc
03:EDC6  41 E8  LEA     $0026(A0),A0             A0=00FFFE30 A1=000373E4 A2=00FF9364 A3=00FFFE00 A4=00FFFE30 A5=00000000 A6=00000000 A7=00FF7EFE D0=00000008 D1=00000000 D2=00000010 D3=00FFFE30 D4=00000000 D5=00000000 D6=00000000 D7=00000000 xnzvc
03:EDCA  51 C8  DBFa    D0,#$FFC0 [04:ED8C]      A0=00FFFE56 A1=000373E4 A2=00FF9364 A3=00FFFE00 A4=00FFFE30 A5=00000000 A6=00000000 A7=00FF7EFE D0=00000008 D1=00000000 D2=00000010 D3=00FFFE30 D4=00000000 D5=00000000 D6=00000000 D7=00000000 xnzvc
03:EDCE  41 F9  LEA     ($00FFFE30),A0           A0=00FFFF86 A1=00037324 A2=00FF9364 A3=00FFFE00 A4=00FFFEEE A5=00000000 A6=00000000 A7=00FF7EFE D0=0000FFFF D1=00000014 D2=00000010 D3=00FFFEEE D4=00000000 D5=00000000 D6=00000000 D7=00000000 xnZvc
03:EDD4  30 39  MOVE.W  ($00FFFE2E),D0           A0=00FFFE30 A1=00037324 A2=00FF9364 A3=00FFFE00 A4=00FFFEEE A5=00000000 A6=00000000 A7=00FF7EFE D0=0000FFFF D1=00000014 D2=00000010 D3=00FFFEEE D4=00000000 D5=00000000 D6=00000000 D7=00000000 xnZvc
03:EDDA  22 28  MOVE.L  $0004(A0),D1             A0=00FFFE30 A1=000373E4 A2=00FF9364 A3=00FFFE00 A4=00FFFEEE A5=00000000 A6=00000000 A7=00FF7EFE D0=00000008 D1=00000014 D2=00000010 D3=00FFFEEE D4=00000000 D5=00000000 D6=00000000 D7=00000000 xnzvc
03:EDDE  67 00  BEQ     #$020C [03:EFEC]         A0=00FFFE30 A1=000373E4 A2=00FF9364 A3=00FFFE00 A4=00FFFEEE A5=00000000 A6=00000000 A7=00FF7EFE D0=00000008 D1=0003F8A4 D2=00000010 D3=00FFFEEE D4=00000000 D5=00000000 D6=00000000 D7=00000000 xnzvc
03:EDE2  22 41  MOVE.L  D1,A1                    A0=00FFFEA2 A1=0003FC80 A2=00FF9364 A3=00FFFE00 A4=00FFFEEE A5=00000000 A6=00000000 A7=00FF7EEA D0=00000005 D1=0003FEB1 D2=00000010 D3=00FFFEEE D4=00000000 D5=00000000 D6=00000000 D7=00000000 xnzvc
03:EDE4  4A 28  TST.B   $000F(A0)                A0=00FFFEA2 A1=0003FEB1 A2=00FF9364 A3=00FFFE00 A4=00FFFEEE A5=00000000 A6=00000000 A7=00FF7EEA D0=00000005 D1=0003FEB1 D2=00000010 D3=00FFFEEE D4=00000000 D5=00000000 D6=00000000 D7=00000000 xnzvc
03:EDE8  6E 00  BGT     #$01EA [03:EFD4]         A0=00FFFEA2 A1=0003FEB1 A2=00FF9364 A3=00FFFE00 A4=00FFFEEE A5=00000000 A6=00000000 A7=00FF7EEA D0=00000005 D1=0003FEB1 D2=00000010 D3=00FFFEEE D4=00000000 D5=00000000 D6=00000000 D7=00000000 xnzvc
03:EDEC  12 19  MOVE.B  (A1)+,D1                 A0=00FFFEC8 A1=0003FFD7 A2=00FF9364 A3=00FFFE00 A4=0003BCE0 A5=00A04002 A6=00000000 A7=00FF7EEA D0=00000004 D1=00030001 D2=000000F5 D3=000000F0 D4=0000001B D5=000000D3 D6=00000000 D7=000000A1 xnzvc
03:EDEE  6D 00  BLT     #$01D8 [03:EFC8]         A0=00FFFEC8 A1=0003FFD8 A2=00FF9364 A3=00FFFE00 A4=0003BCE0 A5=00A04002 A6=00000000 A7=00FF7EEA D0=00000004 D1=00030088 D2=000000F5 D3=000000F0 D4=0000001B D5=000000D3 D6=00000000 D7=000000A1 xNzvc
03:EDF2  66 00  BNE     #$0034 [03:EE28]         A0=00FFFEA2 A1=0003FEE1 A2=00FF9364 A3=00FFFE00 A4=00FFFEEE A5=00FFFE28 A6=00000000 A7=00FF7EEA D0=00000005 D1=0003FE02 D2=00000010 D3=00FFFE00 D4=00000000 D5=00000000 D6=00000000 D7=00000000 xnzvc
03:EE28  53 01  SUBQ.B  #1,D1                    A0=00FFFEA2 A1=0003FEE1 A2=00FF9364 A3=00FFFE00 A4=00FFFEEE A5=00FFFE28 A6=00000000 A7=00FF7EEA D0=00000005 D1=0003FE02 D2=00000010 D3=00FFFE00 D4=00000000 D5=00000000 D6=00000000 D7=00000000 xnzvc
03:EE2A  66 00  BNE     #$002E [03:EE5A]         A0=00FFFEA2 A1=0003FEE1 A2=00FF9364 A3=00FFFE00 A4=00FFFEEE A5=00FFFE28 A6=00000000 A7=00FF7EEA D0=00000005 D1=0003FE01 D2=00000010 D3=00FFFE00 D4=00000000 D5=00000000 D6=00000000 D7=00000000 xnzvc
03:EE2E  12 28  MOVE.B  $000C(A0),D1             A0=00FFFE56 A1=0003FB63 A2=00FF9364 A3=00FFFE00 A4=0003BC48 A5=00A04000 A6=00000000 A7=00FF7EEA D0=00000007 D1=0003FB00 D2=000000F0 D3=000000F0 D4=00000014 D5=0000004B D6=00000000 D7=000000A0 xnZvc
03:EE32  16 28  MOVE.B  $000E(A0),D3             A0=00FFFE56 A1=0003FB63 A2=00FF9364 A3=00FFFE00 A4=0003BC48 A5=00A04000 A6=00000000 A7=00FF7EEA D0=00000007 D1=0003FB01 D2=000000F0 D3=000000F0 D4=00000014 D5=0000004B D6=00000000 D7=000000A0 xnzvc
03:EE36  18 19  MOVE.B  (A1)+,D4                 A0=00FFFE56 A1=0003FB63 A2=00FF9364 A3=00FFFE00 A4=0003BC48 A5=00A04000 A6=00000000 A7=00FF7EEA D0=00000007 D1=0003FB01 D2=000000F0 D3=0000000F D4=00000014 D5=0000004B D6=00000000 D7=000000A0 xnzvc
03:EE38  1A 19  MOVE.B  (A1)+,D5                 A0=00FFFE56 A1=0003FB64 A2=00FF9364 A3=00FFFE00 A4=0003BC48 A5=00A04000 A6=00000000 A7=00FF7EEA D0=00000007 D1=0003FB01 D2=000000F0 D3=0000000F D4=0000000B D5=0000004B D6=00000000 D7=000000A0 xnzvc
03:EE3A  11 44  MOVE.B  D4,$0010(A0)             A0=00FFFE56 A1=0003FB65 A2=00FF9364 A3=00FFFE00 A4=0003BC48 A5=00A04000 A6=00000000 A7=00FF7EEA D0=00000007 D1=0003FB01 D2=000000F0 D3=0000000F D4=0000000B D5=000000D3 D6=00000000 D7=000000A0 xNzvc
03:EE3E  11 45  MOVE.B  D5,$0011(A0)             A0=00FFFE56 A1=0003FB65 A2=00FF9364 A3=00FFFE00 A4=0003BC48 A5=00A04000 A6=00000000 A7=00FF7EEA D0=00000007 D1=0003FB01 D2=000000F0 D3=0000000F D4=0000000B D5=000000D3 D6=00000000 D7=000000A0 xnzvc
03:EE42  11 7C  MOVE.B  #$01,$0012(A0)           A0=00FFFE56 A1=0003FB65 A2=00FF9364 A3=00FFFE00 A4=0003BC48 A5=00A04000 A6=00000000 A7=00FF7EEA D0=00000007 D1=0003FB01 D2=000000F0 D3=0000000F D4=0000000B D5=000000D3 D6=00000000 D7=000000A0 xNzvc
03:EE48  48 81  EXT.W   D1                       A0=00FFFE56 A1=0003FB65 A2=00FF9364 A3=00FFFE00 A4=0003BC48 A5=00A04000 A6=00000000 A7=00FF7EEA D0=00000007 D1=0003FB01 D2=000000F0 D3=0000000F D4=0000000B D5=000000D3 D6=00000000 D7=000000A0 xnzvc
03:EE4A  4A 28  TST.B   $0013(A0)                A0=00FFFE56 A1=0003FB65 A2=00FF9364 A3=00FFFE00 A4=0003BC48 A5=00A04000 A6=00000000 A7=00FF7EEA D0=00000007 D1=00030001 D2=000000F0 D3=0000000F D4=0000000B D5=000000D3 D6=00000000 D7=000000A0 xnzvc
03:EE4E  67 00  BEQ     #$0170 [03:EFC0]         A0=00FFFE56 A1=0003FB65 A2=00FF9364 A3=00FFFE00 A4=0003BC48 A5=00A04000 A6=00000000 A7=00FF7EEA D0=00000007 D1=00030001 D2=000000F0 D3=0000000F D4=0000000B D5=000000D3 D6=00000000 D7=000000A0 xnzvc
03:EE52  4E BA  JSR     $F6D6(PC)                A0=00FFFE56 A1=0003FB65 A2=00FF9364 A3=00FFFE00 A4=0003BC48 A5=00A04000 A6=00000000 A7=00FF7EEA D0=00000007 D1=00030001 D2=000000F0 D3=0000000F D4=0000000B D5=000000D3 D6=00000000 D7=000000A0 xnzvc
03:EE56  60 00  BRA     #$0168 [03:EFC0]         A0=00FFFE56 A1=0003FB65 A2=00FF9364 A3=00FFFE00 A4=0003BDEA A5=00A04000 A6=00000000 A7=00FF7EEA D0=00000007 D1=00030001 D2=000000F1 D3=000000F0 D4=0000000B D5=000000D3 D6=00000000 D7=000000A1 xnZvc
03:EE5A  53 01  SUBQ.B  #1,D1                    A0=00FFFE30 A1=0003F8FE A2=00FF9364 A3=00FFFE00 A4=00FFFEEE A5=00000000 A6=00000000 A7=00FF7EFE D0=00000008 D1=0003F801 D2=00000010 D3=00FFFEEE D4=00000000 D5=00000000 D6=00000000 D7=00000000 xnzvc
03:EE5C  66 00  BNE     #$001A [03:EE78]         A0=00FFFE30 A1=0003F8FE A2=00FF9364 A3=00FFFE00 A4=00FFFEEE A5=00000000 A6=00000000 A7=00FF7EFE D0=00000008 D1=0003F800 D2=00000010 D3=00FFFEEE D4=00000000 D5=00000000 D6=00000000 D7=00000000 xnZvc
03:EE60  4A 28  TST.B   $0013(A0)                A0=00FFFE30 A1=0003F8FE A2=00FF9364 A3=00FFFE00 A4=00FFFEEE A5=00000000 A6=00000000 A7=00FF7EFE D0=00000008 D1=0003F800 D2=00000010 D3=00FFFEEE D4=00000000 D5=00000000 D6=00000000 D7=00000000 xnZvc
03:EE64  67 0A  BEQ     #$0A [03:EE70]           A0=00FFFE30 A1=0003F8FE A2=00FF9364 A3=00FFFE00 A4=00FFFEEE A5=00000000 A6=00000000 A7=00FF7EFE D0=00000008 D1=0003F800 D2=00000010 D3=00FFFEEE D4=00000000 D5=00000000 D6=00000000 D7=00000000 xnzvc
03:EE66  12 28  MOVE.B  $000C(A0),D1             A0=00FFFE30 A1=0003F8FE A2=00FF9364 A3=00FFFE00 A4=00FFFEEE A5=00000000 A6=00000000 A7=00FF7EFE D0=00000008 D1=0003F800 D2=00000010 D3=00FFFEEE D4=00000000 D5=00000000 D6=00000000 D7=00000000 xnzvc
03:EE6A  48 81  EXT.W   D1                       A0=00FFFE30 A1=0003F8FE A2=00FF9364 A3=00FFFE00 A4=00FFFEEE A5=00000000 A6=00000000 A7=00FF7EFE D0=00000008 D1=0003F800 D2=00000010 D3=00FFFEEE D4=00000000 D5=00000000 D6=00000000 D7=00000000 xnZvc
03:EE6C  4E BA  JSR     $FD96(PC)                A0=00FFFE30 A1=0003F8FE A2=00FF9364 A3=00FFFE00 A4=00FFFEEE A5=00000000 A6=00000000 A7=00FF7EFE D0=00000008 D1=00030000 D2=00000010 D3=00FFFEEE D4=00000000 D5=00000000 D6=00000000 D7=00000000 xnZvc
03:EE70  42 28  CLR.B   $0012(A0)                A0=00FFFE30 A1=0003F8FE A2=00FF9364 A3=00FFFE00 A4=00FFFEEE A5=00FFFE28 A6=00000000 A7=00FF7EFE D0=00000008 D1=00030000 D2=00000010 D3=00FFFE00 D4=00000000 D5=00000000 D6=00000000 D7=00000000 xnZvc
03:EE74  60 00  BRA     #$014A [03:EFC0]         A0=00FFFE30 A1=0003F8FE A2=00FF9364 A3=00FFFE00 A4=00FFFEEE A5=00FFFE28 A6=00000000 A7=00FF7EFE D0=00000008 D1=00030000 D2=00000010 D3=00FFFE00 D4=00000000 D5=00000000 D6=00000000 D7=00000000 xnZvc
03:EE78  53 01  SUBQ.B  #1,D1                    A0=00FFFEEE A1=0003D3B8 A2=00FF9364 A3=00FFFE00 A4=00FFFEEE A5=00000000 A6=00000000 A7=00FF7EEA D0=00000003 D1=0003D309 D2=00000010 D3=00FFFEEE D4=00000000 D5=00000000 D6=00000000 D7=00000000 xnzvc
03:EE7A  66 00  BNE     #$0024 [03:EEA0]         A0=00FFFEEE A1=0003D3B8 A2=00FF9364 A3=00FFFE00 A4=00FFFEEE A5=00000000 A6=00000000 A7=00FF7EEA D0=00000003 D1=0003D308 D2=00000010 D3=00FFFEEE D4=00000000 D5=00000000 D6=00000000 D7=00000000 xnzvc
03:EEA0  53 01  SUBQ.B  #1,D1                    A0=00FFFEEE A1=0003D3B8 A2=00FF9364 A3=00FFFE00 A4=00FFFEEE A5=00000000 A6=00000000 A7=00FF7EEA D0=00000003 D1=0003D308 D2=00000010 D3=00FFFEEE D4=00000000 D5=00000000 D6=00000000 D7=00000000 xnzvc
03:EEA2  66 00  BNE     #$0022 [03:EEC6]         A0=00FFFEEE A1=0003D3B8 A2=00FF9364 A3=00FFFE00 A4=00FFFEEE A5=00000000 A6=00000000 A7=00FF7EEA D0=00000003 D1=0003D307 D2=00000010 D3=00FFFEEE D4=00000000 D5=00000000 D6=00000000 D7=00000000 xnzvc
03:EEA6  12 19  MOVE.B  (A1)+,D1                 A0=00FFFEEE A1=00040154 A2=00FF9364 A3=00FFFE00 A4=0003BBFC A5=0003C2E0 A6=00000000 A7=00FF7EFE D0=00000003 D1=0004FE00 D2=00000004 D3=000000F0 D4=0000001B D5=000000D3 D6=00000000 D7=000000A0 xnZvc
03:EEA8  48 81  EXT.W   D1                       A0=00FFFEEE A1=00040155 A2=00FF9364 A3=00FFFE00 A4=0003BBFC A5=0003C2E0 A6=00000000 A7=00FF7EFE D0=00000003 D1=0004FE05 D2=00000004 D3=000000F0 D4=0000001B D5=000000D3 D6=00000000 D7=000000A0 xnzvc
03:EEAA  14 39  MOVE.B  ($00FF802A),D2           A0=00FFFEEE A1=00040155 A2=00FF9364 A3=00FFFE00 A4=0003BBFC A5=0003C2E0 A6=00000000 A7=00FF7EFE D0=00000003 D1=00040005 D2=00000004 D3=000000F0 D4=0000001B D5=000000D3 D6=00000000 D7=000000A0 xnzvc
03:EEB0  48 82  EXT.W   D2                       A0=00FFFEEE A1=00040155 A2=00FF9364 A3=00FFFE00 A4=0003BBFC A5=0003C2E0 A6=00000000 A7=00FF7EFE D0=00000003 D1=00040005 D2=00000000 D3=000000F0 D4=0000001B D5=000000D3 D6=00000000 D7=000000A0 xnZvc
03:EEB2  E9 42  ASL.W   #4,D2                    A0=00FFFEEE A1=00040155 A2=00FF9364 A3=00FFFE00 A4=0003BBFC A5=0003C2E0 A6=00000000 A7=00FF7EFE D0=00000003 D1=00040005 D2=00000000 D3=000000F0 D4=0000001B D5=000000D3 D6=00000000 D7=000000A0 xnZvc
03:EEB4  D4 41  ADD.W   D1,D2                    A0=00FFFEEE A1=00040155 A2=00FF9364 A3=00FFFE00 A4=0003BBFC A5=0003C2E0 A6=00000000 A7=00FF7EFE D0=00000003 D1=00040005 D2=00000000 D3=000000F0 D4=0000001B D5=000000D3 D6=00000000 D7=000000A0 xnZvc
03:EEB6  4B FA  LEA     $D428(PC),A5             A0=00FFFEEE A1=00040155 A2=00FF9364 A3=00FFFE00 A4=0003BBFC A5=0003C2E0 A6=00000000 A7=00FF7EFE D0=00000003 D1=00040005 D2=00000005 D3=000000F0 D4=0000001B D5=000000D3 D6=00000000 D7=000000A0 xnzvc
03:EEBA  12 35  MOVE.B  $00(A5,D2),D1            A0=00FFFEEE A1=00040155 A2=00FF9364 A3=00FFFE00 A4=0003BBFC A5=0003C2E0 A6=00000000 A7=00FF7EFE D0=00000003 D1=00040005 D2=00000005 D3=000000F0 D4=0000001B D5=000000D3 D6=00000000 D7=000000A0 xnzvc
03:EEBE  11 41  MOVE.B  D1,$000E(A0)             A0=00FFFEEE A1=00040155 A2=00FF9364 A3=00FFFE00 A4=0003BBFC A5=0003C2E0 A6=00000000 A7=00FF7EFE D0=00000003 D1=00040008 D2=00000005 D3=000000F0 D4=0000001B D5=000000D3 D6=00000000 D7=000000A0 xnzvc
03:EEC2  60 00  BRA     #$00FC [03:EFC0]         A0=00FFFEEE A1=00040155 A2=00FF9364 A3=00FFFE00 A4=0003BBFC A5=0003C2E0 A6=00000000 A7=00FF7EFE D0=00000003 D1=00040008 D2=00000005 D3=000000F0 D4=0000001B D5=000000D3 D6=00000000 D7=000000A0 xnzvc
03:EEC6  53 01  SUBQ.B  #1,D1                    A0=00FFFEEE A1=0003D3B8 A2=00FF9364 A3=00FFFE00 A4=00FFFEEE A5=00000000 A6=00000000 A7=00FF7EEA D0=00000003 D1=0003D307 D2=00000010 D3=00FFFEEE D4=00000000 D5=00000000 D6=00000000 D7=00000000 xnzvc
03:EEC8  66 00  BNE     #$001E [03:EEE8]         A0=00FFFEEE A1=0003D3B8 A2=00FF9364 A3=00FFFE00 A4=00FFFEEE A5=00000000 A6=00000000 A7=00FF7EEA D0=00000003 D1=0003D306 D2=00000010 D3=00FFFEEE D4=00000000 D5=00000000 D6=00000000 D7=00000000 xnzvc
03:EEE8  53 01  SUBQ.B  #1,D1                    A0=00FFFEEE A1=0003D3B8 A2=00FF9364 A3=00FFFE00 A4=00FFFEEE A5=00000000 A6=00000000 A7=00FF7EEA D0=00000003 D1=0003D306 D2=00000010 D3=00FFFEEE D4=00000000 D5=00000000 D6=00000000 D7=00000000 xnzvc
03:EEEA  66 00  BNE     #$0032 [03:EF1E]         A0=00FFFEEE A1=0003D3B8 A2=00FF9364 A3=00FFFE00 A4=00FFFEEE A5=00000000 A6=00000000 A7=00FF7EEA D0=00000003 D1=0003D305 D2=00000010 D3=00FFFEEE D4=00000000 D5=00000000 D6=00000000 D7=00000000 xnzvc
03:EF1E  53 01  SUBQ.B  #1,D1                    A0=00FFFEEE A1=0003D3B8 A2=00FF9364 A3=00FFFE00 A4=00FFFEEE A5=00000000 A6=00000000 A7=00FF7EEA D0=00000003 D1=0003D305 D2=00000010 D3=00FFFEEE D4=00000000 D5=00000000 D6=00000000 D7=00000000 xnzvc
03:EF20  66 00  BNE     #$0022 [03:EF44]         A0=00FFFEEE A1=0003D3B8 A2=00FF9364 A3=00FFFE00 A4=00FFFEEE A5=00000000 A6=00000000 A7=00FF7EEA D0=00000003 D1=0003D304 D2=00000010 D3=00FFFEEE D4=00000000 D5=00000000 D6=00000000 D7=00000000 xnzvc
03:EF24  22 09  MOVE.L  A1,D1                    A0=00FFFE56 A1=0003FC11 A2=00FF9364 A3=00FFFE00 A4=0003BC48 A5=00A04000 A6=00000000 A7=00FF7EFE D0=00000007 D1=0003FC00 D2=000000F0 D3=000000F0 D4=00000013 D5=000000D3 D6=00000000 D7=000000A0 xnZvc
03:EF26  08 01  BTST    #0,D1                    A0=00FFFE56 A1=0003FC11 A2=00FF9364 A3=00FFFE00 A4=0003BC48 A5=00A04000 A6=00000000 A7=00FF7EFE D0=00000007 D1=0003FC11 D2=000000F0 D3=000000F0 D4=00000013 D5=000000D3 D6=00000000 D7=000000A0 xnzvc
03:EF2A  67 04  BEQ     #$04 [03:EF30]           A0=00FFFE56 A1=0003FC11 A2=00FF9364 A3=00FFFE00 A4=0003BC48 A5=00A04000 A6=00000000 A7=00FF7EFE D0=00000007 D1=0003FC11 D2=000000F0 D3=000000F0 D4=00000013 D5=000000D3 D6=00000000 D7=000000A0 xnzvc
03:EF2C  43 E9  LEA     $0001(A1),A1             A0=00FFFE56 A1=0003FC11 A2=00FF9364 A3=00FFFE00 A4=0003BC48 A5=00A04000 A6=00000000 A7=00FF7EFE D0=00000007 D1=0003FC11 D2=000000F0 D3=000000F0 D4=00000013 D5=000000D3 D6=00000000 D7=000000A0 xnzvc
03:EF30  11 59  MOVE.B  (A1)+,$0008(A0)          A0=00FFFE56 A1=0003FC12 A2=00FF9364 A3=00FFFE00 A4=0003BC48 A5=00A04000 A6=00000000 A7=00FF7EFE D0=00000007 D1=0003FC11 D2=000000F0 D3=000000F0 D4=00000013 D5=000000D3 D6=00000000 D7=000000A0 xnzvc
03:EF34  11 59  MOVE.B  (A1)+,$0009(A0)          A0=00FFFE56 A1=0003FC13 A2=00FF9364 A3=00FFFE00 A4=0003BC48 A5=00A04000 A6=00000000 A7=00FF7EFE D0=00000007 D1=0003FC11 D2=000000F0 D3=000000F0 D4=00000013 D5=000000D3 D6=00000000 D7=000000A0 xnZvc
03:EF38  11 59  MOVE.B  (A1)+,$000A(A0)          A0=00FFFE56 A1=0003FC14 A2=00FF9364 A3=00FFFE00 A4=0003BC48 A5=00A04000 A6=00000000 A7=00FF7EFE D0=00000007 D1=0003FC11 D2=000000F0 D3=000000F0 D4=00000013 D5=000000D3 D6=00000000 D7=000000A0 xnzvc
03:EF3C  11 59  MOVE.B  (A1)+,$000B(A0)          A0=00FFFE56 A1=0003FC15 A2=00FF9364 A3=00FFFE00 A4=0003BC48 A5=00A04000 A6=00000000 A7=00FF7EFE D0=00000007 D1=0003FC11 D2=000000F0 D3=000000F0 D4=00000013 D5=000000D3 D6=00000000 D7=000000A0 xNzvc
03:EF40  60 00  BRA     #$007E [03:EFC0]         A0=00FFFE56 A1=0003FC16 A2=00FF9364 A3=00FFFE00 A4=0003BC48 A5=00A04000 A6=00000000 A7=00FF7EFE D0=00000007 D1=0003FC11 D2=000000F0 D3=000000F0 D4=00000013 D5=000000D3 D6=00000000 D7=000000A0 xnzvc
03:EF44  53 01  SUBQ.B  #1,D1                    A0=00FFFEEE A1=0003D3B8 A2=00FF9364 A3=00FFFE00 A4=00FFFEEE A5=00000000 A6=00000000 A7=00FF7EEA D0=00000003 D1=0003D304 D2=00000010 D3=00FFFEEE D4=00000000 D5=00000000 D6=00000000 D7=00000000 xnzvc
03:EF46  66 00  BNE     #$0010 [03:EF58]         A0=00FFFEEE A1=0003D3B8 A2=00FF9364 A3=00FFFE00 A4=00FFFEEE A5=00000000 A6=00000000 A7=00FF7EEA D0=00000003 D1=0003D303 D2=00000010 D3=00FFFEEE D4=00000000 D5=00000000 D6=00000000 D7=00000000 xnzvc
03:EF4A  12 19  MOVE.B  (A1)+,D1                 A0=00FFFEEE A1=00040319 A2=00FF9364 A3=00FFFE00 A4=0003BBFC A5=0003C2E0 A6=00000000 A7=00FF7EFE D0=00000003 D1=00040300 D2=00000004 D3=000000F0 D4=0000001B D5=000000D3 D6=00000000 D7=000000A0 xnZvc
03:EF4C  E1 49  LSL.W   #8,D1                    A0=00FFFEEE A1=0004031A A2=00FF9364 A3=00FFFE00 A4=0003BBFC A5=0003C2E0 A6=00000000 A7=00FF7EFE D0=00000003 D1=000403FE D2=00000004 D3=000000F0 D4=0000001B D5=000000D3 D6=00000000 D7=000000A0 xNzvc
03:EF4E  12 19  MOVE.B  (A1)+,D1                 A0=00FFFEEE A1=0004031A A2=00FF9364 A3=00FFFE00 A4=0003BBFC A5=0003C2E0 A6=00000000 A7=00FF7EFE D0=00000003 D1=0004FE00 D2=00000004 D3=000000F0 D4=0000001B D5=000000D3 D6=00000000 D7=000000A0 XNzvC
03:EF50  43 F1  LEA     $00(A1,D1),A1            A0=00FFFEEE A1=0004031B A2=00FF9364 A3=00FFFE00 A4=0003BBFC A5=0003C2E0 A6=00000000 A7=00FF7EFE D0=00000003 D1=0004FE38 D2=00000004 D3=000000F0 D4=0000001B D5=000000D3 D6=00000000 D7=000000A0 Xnzvc
03:EF54  60 00  BRA     #$006A [03:EFC0]         A0=00FFFEEE A1=00040153 A2=00FF9364 A3=00FFFE00 A4=0003BBFC A5=0003C2E0 A6=00000000 A7=00FF7EFE D0=00000003 D1=0004FE38 D2=00000004 D3=000000F0 D4=0000001B D5=000000D3 D6=00000000 D7=000000A0 Xnzvc
03:EF58  53 01  SUBQ.B  #1,D1                    A0=00FFFEEE A1=0003D3B8 A2=00FF9364 A3=00FFFE00 A4=00FFFEEE A5=00000000 A6=00000000 A7=00FF7EEA D0=00000003 D1=0003D303 D2=00000010 D3=00FFFEEE D4=00000000 D5=00000000 D6=00000000 D7=00000000 xnzvc
03:EF5A  66 00  BNE     #$0014 [03:EF70]         A0=00FFFEEE A1=0003D3B8 A2=00FF9364 A3=00FFFE00 A4=00FFFEEE A5=00000000 A6=00000000 A7=00FF7EEA D0=00000003 D1=0003D302 D2=00000010 D3=00FFFEEE D4=00000000 D5=00000000 D6=00000000 D7=00000000 xnzvc
03:EF5E  48 79  PEA     ($0008AD6C)              A0=00FFFEEE A1=0003D382 A2=00FF9364 A3=00FFFE00 A4=00FFFEEE A5=00000000 A6=00000000 A7=00FF7EFE D0=00000003 D1=0003D300 D2=00000010 D3=00FFFEEE D4=00000000 D5=00000000 D6=00000000 D7=00000000 xnZvc
03:EF64  4E B9  JSR     ($0003F656)              A0=00FFFEEE A1=0003D382 A2=00FF9364 A3=00FFFE00 A4=00FFFEEE A5=00000000 A6=00000000 A7=00FF7EFA D0=00000003 D1=0003D300 D2=00000010 D3=00FFFEEE D4=00000000 D5=00000000 D6=00000000 D7=00000000 xnZvc
03:EF6A  58 8F  ADDQ.L  #4,SP                    A0=00FFFEEE A1=0003D382 A2=00FF9364 A3=00FFFE00 A4=00FFFEEE A5=00000000 A6=00000000 A7=00FF7EFA D0=00000003 D1=0003D300 D2=00000010 D3=00FFFEEE D4=00000000 D5=00000000 D6=00000000 D7=00000000 xnZvc
03:EF6C  60 00  BRA     #$0052 [03:EFC0]         A0=00FFFEEE A1=0003D382 A2=00FF9364 A3=00FFFE00 A4=00FFFEEE A5=00000000 A6=00000000 A7=00FF7EFE D0=00000003 D1=0003D300 D2=00000010 D3=00FFFEEE D4=00000000 D5=00000000 D6=00000000 D7=00000000 xnZvc
03:EF70  53 01  SUBQ.B  #1,D1                    A0=00FFFEEE A1=0003D3B8 A2=00FF9364 A3=00FFFE00 A4=00FFFEEE A5=00000000 A6=00000000 A7=00FF7EEA D0=00000003 D1=0003D302 D2=00000010 D3=00FFFEEE D4=00000000 D5=00000000 D6=00000000 D7=00000000 xnzvc
03:EF72  66 00  BNE     #$0014 [03:EF88]         A0=00FFFEEE A1=0003D3B8 A2=00FF9364 A3=00FFFE00 A4=00FFFEEE A5=00000000 A6=00000000 A7=00FF7EEA D0=00000003 D1=0003D301 D2=00000010 D3=00FFFEEE D4=00000000 D5=00000000 D6=00000000 D7=00000000 xnzvc
03:EF76  48 79  PEA     ($000899D2)              A0=00FFFEEE A1=0003D3AF A2=00FF9364 A3=00FFFE00 A4=00FFFEEE A5=00000000 A6=00000000 A7=00FF7EEA D0=00000003 D1=0003D300 D2=00000010 D3=00FFFEEE D4=00000000 D5=00000000 D6=00000000 D7=00000000 xnZvc
03:EF7C  4E B9  JSR     ($0003F656)              A0=00FFFEEE A1=0003D3AF A2=00FF9364 A3=00FFFE00 A4=00FFFEEE A5=00000000 A6=00000000 A7=00FF7EE6 D0=00000003 D1=0003D300 D2=00000010 D3=00FFFEEE D4=00000000 D5=00000000 D6=00000000 D7=00000000 xnZvc
03:EF82  58 8F  ADDQ.L  #4,SP                    A0=00FFFEEE A1=0003D3AF A2=00FF9364 A3=00FFFE00 A4=00FFFEEE A5=00000000 A6=00000000 A7=00FF7EE6 D0=00000003 D1=0003D300 D2=00000010 D3=00FFFEEE D4=00000000 D5=00000000 D6=00000000 D7=00000000 xnZvc
03:EF84  60 00  BRA     #$003A [03:EFC0]         A0=00FFFEEE A1=0003D3AF A2=00FF9364 A3=00FFFE00 A4=00FFFEEE A5=00000000 A6=00000000 A7=00FF7EEA D0=00000003 D1=0003D300 D2=00000010 D3=00FFFEEE D4=00000000 D5=00000000 D6=00000000 D7=00000000 xnZvc
03:EF88  53 01  SUBQ.B  #1,D1                    A0=00FFFEEE A1=0003D3B8 A2=00FF9364 A3=00FFFE00 A4=00FFFEEE A5=00000000 A6=00000000 A7=00FF7EEA D0=00000003 D1=0003D301 D2=00000010 D3=00FFFEEE D4=00000000 D5=00000000 D6=00000000 D7=00000000 xnzvc
03:EF8A  66 00  BNE     #$001C [03:EFA8]         A0=00FFFEEE A1=0003D3B8 A2=00FF9364 A3=00FFFE00 A4=00FFFEEE A5=00000000 A6=00000000 A7=00FF7EEA D0=00000003 D1=0003D300 D2=00000010 D3=00FFFEEE D4=00000000 D5=00000000 D6=00000000 D7=00000000 xnZvc
03:EF8E  48 79  PEA     ($0008A43C)              A0=00FFFEEE A1=0003D3B8 A2=00FF9364 A3=00FFFE00 A4=00FFFEEE A5=00000000 A6=00000000 A7=00FF7EEA D0=00000003 D1=0003D300 D2=00000010 D3=00FFFEEE D4=00000000 D5=00000000 D6=00000000 D7=00000000 xnZvc
03:EF94  4E B9  JSR     ($0003F656)              A0=00FFFEEE A1=0003D3B8 A2=00FF9364 A3=00FFFE00 A4=00FFFEEE A5=00000000 A6=00000000 A7=00FF7EE6 D0=00000003 D1=0003D300 D2=00000010 D3=00FFFEEE D4=00000000 D5=00000000 D6=00000000 D7=00000000 xnZvc
03:EF9A  58 8F  ADDQ.L  #4,SP                    A0=00FFFEEE A1=0003D3B8 A2=00FF9364 A3=00FFFE00 A4=00FFFEEE A5=00000000 A6=00000000 A7=00FF7EE6 D0=00000003 D1=0003D300 D2=00000010 D3=00FFFEEE D4=00000000 D5=00000000 D6=00000000 D7=00000000 xnZvc
03:EF9C  13 FC  MOVE.B  #$01,($00FFE488)         A0=00FFFEEE A1=0003D3B8 A2=00FF9364 A3=00FFFE00 A4=00FFFEEE A5=00000000 A6=00000000 A7=00FF7EEA D0=00000003 D1=0003D300 D2=00000010 D3=00FFFEEE D4=00000000 D5=00000000 D6=00000000 D7=00000000 xnZvc
03:EFA4  60 00  BRA     #$001A [03:EFC0]         A0=00FFFEEE A1=0003D3B8 A2=00FF9364 A3=00FFFE00 A4=00FFFEEE A5=00000000 A6=00000000 A7=00FF7EEA D0=00000003 D1=0003D300 D2=00000010 D3=00FFFEEE D4=00000000 D5=00000000 D6=00000000 D7=00000000 xnzvc
03:EFA8  53 01  SUBQ.B  #1,D1                    A0=00FFFEEE A1=0003D3B5 A2=00FF9364 A3=00FFFE00 A4=00FFFEEE A5=00000000 A6=00000000 A7=00FF7EEA D0=00000003 D1=0003D301 D2=00000010 D3=00FFFEEE D4=00000000 D5=00000000 D6=00000000 D7=00000000 xnzvc
03:EFAA  66 00  BNE     #$0014 [03:EFC0]         A0=00FFFEEE A1=0003D3B5 A2=00FF9364 A3=00FFFE00 A4=00FFFEEE A5=00000000 A6=00000000 A7=00FF7EEA D0=00000003 D1=0003D300 D2=00000010 D3=00FFFEEE D4=00000000 D5=00000000 D6=00000000 D7=00000000 xnZvc
03:EFAE  48 79  PEA     ($0008B094)              A0=00FFFEEE A1=0003D3B5 A2=00FF9364 A3=00FFFE00 A4=00FFFEEE A5=00000000 A6=00000000 A7=00FF7EEA D0=00000003 D1=0003D300 D2=00000010 D3=00FFFEEE D4=00000000 D5=00000000 D6=00000000 D7=00000000 xnZvc
03:EFB4  4E B9  JSR     ($0003F656)              A0=00FFFEEE A1=0003D3B5 A2=00FF9364 A3=00FFFE00 A4=00FFFEEE A5=00000000 A6=00000000 A7=00FF7EE6 D0=00000003 D1=0003D300 D2=00000010 D3=00FFFEEE D4=00000000 D5=00000000 D6=00000000 D7=00000000 xnZvc
03:EFBA  58 8F  ADDQ.L  #4,SP                    A0=00FFFEEE A1=0003D3B5 A2=00FF9364 A3=00FFFE00 A4=00FFFEEE A5=00000000 A6=00000000 A7=00FF7EE6 D0=00000003 D1=0003D300 D2=00000010 D3=00FFFEEE D4=00000000 D5=00000000 D6=00000000 D7=00000000 XnZvc
03:EFBC  60 00  BRA     #$0002 [03:EFC0]         A0=00FFFEEE A1=0003D3B5 A2=00FF9364 A3=00FFFE00 A4=00FFFEEE A5=00000000 A6=00000000 A7=00FF7EEA D0=00000003 D1=0003D300 D2=00000010 D3=00FFFEEE D4=00000000 D5=00000000 D6=00000000 D7=00000000 XnZvc
03:EFC0  21 49  MOVE.L  A1,$0004(A0)             A0=00FFFEA2 A1=0003FEE1 A2=00FF9364 A3=00FFFE00 A4=00FFFEEE A5=00FFFE28 A6=00000000 A7=00FF7EEA D0=00000005 D1=00030004 D2=00000010 D3=00FFFE00 D4=00000000 D5=00000000 D6=00000000 D7=00000000 xnZvc
03:EFC4  60 00  BRA     #$FE26 [03:EDEC]         A0=00FFFEA2 A1=0003FEE1 A2=00FF9364 A3=00FFFE00 A4=00FFFEEE A5=00FFFE28 A6=00000000 A7=00FF7EEA D0=00000005 D1=00030004 D2=00000010 D3=00FFFE00 D4=00000000 D5=00000000 D6=00000000 D7=00000000 xnzvc
03:EFC8  02 01  ANDI.B  #$7F,D1                  A0=00FFFEA2 A1=0003FEE2 A2=00FF9364 A3=00FFFE00 A4=00FFFEEE A5=00FFFE28 A6=00000000 A7=00FF7EEA D0=00000005 D1=00030081 D2=00000010 D3=00FFFE00 D4=00000000 D5=00000000 D6=00000000 D7=00000000 xNzvc
03:EFCC  11 41  MOVE.B  D1,$000F(A0)             A0=00FFFEA2 A1=0003FEE2 A2=00FF9364 A3=00FFFE00 A4=00FFFEEE A5=00FFFE28 A6=00000000 A7=00FF7EEA D0=00000005 D1=00030001 D2=00000010 D3=00FFFE00 D4=00000000 D5=00000000 D6=00000000 D7=00000000 xnzvc
03:EFD0  21 49  MOVE.L  A1,$0004(A0)             A0=00FFFEA2 A1=0003FEE2 A2=00FF9364 A3=00FFFE00 A4=00FFFEEE A5=00FFFE28 A6=00000000 A7=00FF7EEA D0=00000005 D1=00030001 D2=00000010 D3=00FFFE00 D4=00000000 D5=00000000 D6=00000000 D7=00000000 xnzvc
03:EFD4  53 28  SUBQ.B  #1,$000F(A0)             A0=00FFFEA2 A1=0003FEB1 A2=00FF9364 A3=00FFFE00 A4=00FFFEEE A5=00000000 A6=00000000 A7=00FF7EEA D0=00000005 D1=0003FEB1 D2=00000010 D3=00FFFEEE D4=00000000 D5=00000000 D6=00000000 D7=00000000 xnzvc
03:EFD8  22 28  MOVE.L  $0008(A0),D1             A0=00FFFEA2 A1=0003FEB1 A2=00FF9364 A3=00FFFE00 A4=00FFFEEE A5=00000000 A6=00000000 A7=00FF7EEA D0=00000005 D1=0003FEB1 D2=00000010 D3=00FFFEEE D4=00000000 D5=00000000 D6=00000000 D7=00000000 xnzvc
03:EFDC  67 00  BEQ     #$000E [03:EFEC]         A0=00FFFEA2 A1=0003FEB1 A2=00FF9364 A3=00FFFE00 A4=00FFFEEE A5=00000000 A6=00000000 A7=00FF7EEA D0=00000005 D1=00000000 D2=00000010 D3=00FFFEEE D4=00000000 D5=00000000 D6=00000000 D7=00000000 xnZvc
03:EFE0  22 41  MOVE.L  D1,A1                    A0=00FFFE56 A1=0003FA70 A2=00FF9364 A3=00FFFE00 A4=0003BDEA A5=00A04000 A6=00000000 A7=00FF7EFE D0=00000007 D1=0003E43A D2=000000F1 D3=000000F0 D4=0000000B D5=000000D3 D6=00000000 D7=000000A1 xnzvc
03:EFE2  2F 08  MOVE.L  A0,-(SP)                 A0=00FFFE56 A1=0003E43A A2=00FF9364 A3=00FFFE00 A4=0003BDEA A5=00A04000 A6=00000000 A7=00FF7EFE D0=00000007 D1=0003E43A D2=000000F1 D3=000000F0 D4=0000000B D5=000000D3 D6=00000000 D7=000000A1 xnzvc
03:EFE4  2F 00  MOVE.L  D0,-(SP)                 A0=00FFFE56 A1=0003E43A A2=00FF9364 A3=00FFFE00 A4=0003BDEA A5=00A04000 A6=00000000 A7=00FF7EFA D0=00000007 D1=0003E43A D2=000000F1 D3=000000F0 D4=0000000B D5=000000D3 D6=00000000 D7=000000A1 xnzvc
03:EFE6  4E 91  JSR     (A1)                     A0=00FFFE56 A1=0003E43A A2=00FF9364 A3=00FFFE00 A4=0003BDEA A5=00A04000 A6=00000000 A7=00FF7EF6 D0=00000007 D1=0003E43A D2=000000F1 D3=000000F0 D4=0000000B D5=000000D3 D6=00000000 D7=000000A1 xnzvc
03:EFE8  20 1F  MOVE.L  (SP)+,D0                 A0=00FFFE56 A1=0003E43A A2=00FF9364 A3=00FFFE00 A4=0003BDEA A5=00A04000 A6=00000000 A7=00FF7EF6 D0=00000000 D1=00030001 D2=000000F1 D3=000000F0 D4=0000000B D5=000000D3 D6=00000000 D7=000000A1 xnzvC
03:EFEA  20 5F  MOVE.L  (SP)+,A0                 A0=00FFFE56 A1=0003E43A A2=00FF9364 A3=00FFFE00 A4=0003BDEA A5=00A04000 A6=00000000 A7=00FF7EFA D0=00000007 D1=00030001 D2=000000F1 D3=000000F0 D4=0000000B D5=000000D3 D6=00000000 D7=000000A1 xnzvc
03:EFEC  41 E8  LEA     $0026(A0),A0             A0=00FFFE30 A1=0003F8A4 A2=00FF9364 A3=00FFFE00 A4=00FFFEEE A5=00000000 A6=00000000 A7=00FF7EFE D0=00000008 D1=00000000 D2=00000010 D3=00FFFEEE D4=00000000 D5=00000000 D6=00000000 D7=00000000 xnZvc
03:EFF0  51 C8  DBFa    D0,#$FDE8 [04:EDDA]      A0=00FFFE56 A1=0003F8A4 A2=00FF9364 A3=00FFFE00 A4=00FFFEEE A5=00000000 A6=00000000 A7=00FF7EFE D0=00000008 D1=00000000 D2=00000010 D3=00FFFEEE D4=00000000 D5=00000000 D6=00000000 D7=00000000 xnZvc
03:EFF4  4C DF  MOVEM.L (SP)+,{a7-d0}[7c fc]     A0=00FFFF86 A1=0004015E A2=00FF9364 A3=00FFFE00 A4=00FFFEEE A5=00000000 A6=00000000 A7=00FF7EFE D0=0000FFFF D1=00000000 D2=00000010 D3=00FFFEEE D4=00000000 D5=00000000 D6=00000000 D7=00000000 xnZvc
03:EFF8  4E 75  RTS                              A0=00FFFF86 A1=0004015E A2=00FF9364 A3=00FF8002 A4=00FF8004 A5=00000000 A6=00000000 A7=00FF7F2A D0=0000FFFF D1=00000000 D2=00000000 D3=00000000 D4=00000000 D5=00000000 D6=00000000 D7=00000000 xnZvc

03:F50A  2F 02  MOVE.L  D2,-(SP)                 A0=00A00005 A1=00FFFF14 A2=00026F76 A3=00FF8000 A4=00026FDA A5=00000000 A6=00000000 A7=00FF7FD4 D0=00000000 D1=40000080 D2=00000000 D3=00000000 D4=00000000 D5=00000000 D6=00000000 D7=00000000 xnZvc
03:F50C  33 FC  MOVE.W  #$0100,($00A11100)       A0=00A00005 A1=00FFFF14 A2=00026F76 A3=00FF8000 A4=00026FDA A5=00000000 A6=00000000 A7=00FF7FD0 D0=00000000 D1=40000080 D2=00000000 D3=00000000 D4=00000000 D5=00000000 D6=00000000 D7=00000000 xnZvc
03:F514  34 3C  MOVE.W  #$0014,D2                A0=00A00005 A1=00FFFF14 A2=00026F76 A3=00FF8000 A4=00026FDA A5=00000000 A6=00000000 A7=00FF7FD0 D0=00000000 D1=40000080 D2=00000000 D3=00000000 D4=00000000 D5=00000000 D6=00000000 D7=00000000 xnzvc
03:F518  53 42  SUBQ.W  #1,D2                    A0=00A00005 A1=00FFFF14 A2=00026F76 A3=00FF8000 A4=00026FDA A5=00000000 A6=00000000 A7=00FF7FD0 D0=00000000 D1=40000080 D2=00000014 D3=00000000 D4=00000000 D5=00000000 D6=00000000 D7=00000000 xnzvc
03:F51A  67 00  BEQ     #$0042 [03:F55E]         A0=00A00005 A1=00FFFF14 A2=00026F76 A3=00FF8000 A4=00026FDA A5=00000000 A6=00000000 A7=00FF7FD0 D0=00000000 D1=40000080 D2=00000013 D3=00000000 D4=00000000 D5=00000000 D6=00000000 D7=00000000 xnzvc
03:F51E  32 39  MOVE.W  ($00A11100),D1           A0=00A00005 A1=00FFFF14 A2=00026F76 A3=00FF8000 A4=00026FDA A5=00000000 A6=00000000 A7=00FF7FD0 D0=00000000 D1=40000080 D2=00000013 D3=00000000 D4=00000000 D5=00000000 D6=00000000 D7=00000000 xnzvc
03:F524  08 01  BTST    #8,D1                    A0=00A00005 A1=00FFFF14 A2=00026F76 A3=00FF8000 A4=00026FDA A5=00000000 A6=00000000 A7=00FF7FD0 D0=00000000 D1=400080FF D2=00000013 D3=00000000 D4=00000000 D5=00000000 D6=00000000 D7=00000000 xNzvc
03:F528  66 EE  BNE     #$EE [03:F518]           A0=00A00005 A1=00FFFF14 A2=00026F76 A3=00FF8000 A4=00026FDA A5=00000000 A6=00000000 A7=00FF7FD0 D0=00000000 D1=400080FF D2=00000013 D3=00000000 D4=00000000 D5=00000000 D6=00000000 D7=00000000 xNZvc
03:F52A  41 F9  LEA     ($0003EFFA),A0           A0=00A00005 A1=00FFFF14 A2=00026F76 A3=00FF8000 A4=00026FDA A5=00000000 A6=00000000 A7=00FF7FD0 D0=00000000 D1=400080FF D2=00000013 D3=00000000 D4=00000000 D5=00000000 D6=00000000 D7=00000000 xNZvc
03:F530  43 F9  LEA     ($00A00000),A1           A0=0003EFFA A1=00FFFF14 A2=00026F76 A3=00FF8000 A4=00026FDA A5=00000000 A6=00000000 A7=00FF7FD0 D0=00000000 D1=400080FF D2=00000013 D3=00000000 D4=00000000 D5=00000000 D6=00000000 D7=00000000 xNZvc
03:F536  30 39  MOVE.W  ($0003F508),D0           A0=0003EFFA A1=00A00000 A2=00026F76 A3=00FF8000 A4=00026FDA A5=00000000 A6=00000000 A7=00FF7FD0 D0=00000000 D1=400080FF D2=00000013 D3=00000000 D4=00000000 D5=00000000 D6=00000000 D7=00000000 xNZvc
03:F53C  12 D8  MOVE.B  (A0)+,(A1)+              A0=0003F039 A1=00A0003F A2=00026F76 A3=00FF8000 A4=00026FDA A5=00000000 A6=00000000 A7=00FF7FD0 D0=000004CF D1=400080FF D2=00000013 D3=00000000 D4=00000000 D5=00000000 D6=00000000 D7=00000000 xnZvc
03:F53E  51 C8  DBFa    D0,#$FFFC [04:F53C]      A0=0003F03A A1=00A00040 A2=00026F76 A3=00FF8000 A4=00026FDA A5=00000000 A6=00000000 A7=00FF7FD0 D0=000004CF D1=400080FF D2=00000013 D3=00000000 D4=00000000 D5=00000000 D6=00000000 D7=00000000 xnZvc
03:F542  33 FC  MOVE.W  #$0000,($00A11200)       A0=0003F509 A1=00A0050F A2=00026F76 A3=00FF8000 A4=00026FDA A5=00000000 A6=00000000 A7=00FF7FD0 D0=0000FFFF D1=400080FF D2=00000013 D3=00000000 D4=00000000 D5=00000000 D6=00000000 D7=00000000 xnzvc
03:F54A  33 FC  MOVE.W  #$0000,($00A11100)       A0=0003F509 A1=00A0050F A2=00026F76 A3=00FF8000 A4=00026FDA A5=00000000 A6=00000000 A7=00FF7FD0 D0=0000FFFF D1=400080FF D2=00000013 D3=00000000 D4=00000000 D5=00000000 D6=00000000 D7=00000000 xnZvc
03:F552  C0 C1  MULU.W  D1,D0                    A0=0003F509 A1=00A0050F A2=00026F76 A3=00FF8000 A4=00026FDA A5=00000000 A6=00000000 A7=00FF7FD0 D0=0000FFFF D1=400080FF D2=00000013 D3=00000000 D4=00000000 D5=00000000 D6=00000000 D7=00000000 xnZvc
03:F554  33 FC  MOVE.W  #$0100,($00A11200)       A0=0003F509 A1=00A0050F A2=00026F76 A3=00FF8000 A4=00026FDA A5=00000000 A6=00000000 A7=00FF7FD0 D0=80FE7F01 D1=400080FF D2=00000013 D3=00000000 D4=00000000 D5=00000000 D6=00000000 D7=00000000 xNzvc
03:F55C  C0 C1  MULU.W  D1,D0                    A0=0003F509 A1=00A0050F A2=00026F76 A3=00FF8000 A4=00026FDA A5=00000000 A6=00000000 A7=00FF7FD0 D0=80FE7F01 D1=400080FF D2=00000013 D3=00000000 D4=00000000 D5=00000000 D6=00000000 D7=00000000 xnzvc
03:F55E  4C DF  MOVEM.L (SP)+,{a7-d0}[00 04]     A0=0003F509 A1=00A0050F A2=00026F76 A3=00FF8000 A4=00026FDA A5=00000000 A6=00000000 A7=00FF7FD0 D0=3FFF01FF D1=400080FF D2=00000013 D3=00000000 D4=00000000 D5=00000000 D6=00000000 D7=00000000 xnzvc
03:F562  33 FC  MOVE.W  #$0002,($00FFE486)       A0=0003F509 A1=00A0050F A2=00026F76 A3=00FF8000 A4=00026FDA A5=00000000 A6=00000000 A7=00FF7FD4 D0=3FFF01FF D1=400080FF D2=00000000 D3=00000000 D4=00000000 D5=00000000 D6=00000000 D7=00000000 xnzvc
03:F56A  4E 75  RTS                              A0=0003F509 A1=00A0050F A2=00026F76 A3=00FF8000 A4=00026FDA A5=00000000 A6=00000000 A7=00FF7FD4 D0=3FFF01FF D1=400080FF D2=00000000 D3=00000000 D4=00000000 D5=00000000 D6=00000000 D7=00000000 xnzvc

03:F56C  30 2F  MOVE.W  $000A(SP),D0             A0=00FFA715 A1=00FFD940 A2=00FFE3F8 A3=0003B918 A4=00FF8000 A5=00000000 A6=00000000 A7=00FF7F98 D0=00000002 D1=00000019 D2=00000000 D3=00000000 D4=00000000 D5=00000000 D6=00000000 D7=00000000 xnzvc
03:F570  4A 79  TST.W   ($00FFE46C)              A0=00FFA715 A1=00FFD940 A2=00FFE3F8 A3=0003B918 A4=00FF8000 A5=00000000 A6=00000000 A7=00FF7F98 D0=00000032 D1=00000019 D2=00000000 D3=00000000 D4=00000000 D5=00000000 D6=00000000 D7=00000000 xnzvc
03:F576  66 08  BNE     #$08 [03:F580]           A0=00FFA715 A1=00FFD940 A2=00FFE3F8 A3=0003B918 A4=00FF8000 A5=00000000 A6=00000000 A7=00FF7F98 D0=00000032 D1=00000019 D2=00000000 D3=00000000 D4=00000000 D5=00000000 D6=00000000 D7=00000000 xnZvc
03:F578  4A 79  TST.W   ($00FFE46E)              A0=00FFA715 A1=00FFD940 A2=00FFE3F8 A3=0003B918 A4=00FF8000 A5=00000000 A6=00000000 A7=00FF7F98 D0=00000032 D1=00000019 D2=00000000 D3=00000000 D4=00000000 D5=00000000 D6=00000000 D7=00000000 xnZvc
03:F57E  67 08  BEQ     #$08 [03:F588]           A0=00FFA715 A1=00FFD940 A2=00FFE3F8 A3=0003B918 A4=00FF8000 A5=00000000 A6=00000000 A7=00FF7F98 D0=00000032 D1=00000019 D2=00000000 D3=00000000 D4=00000000 D5=00000000 D6=00000000 D7=00000000 xnzvc
03:F580  B0 79  CMP.W   ($00FFE484),D0           A0=00FFA715 A1=00FFD940 A2=00FFE3F8 A3=0003B918 A4=00FF8000 A5=00000000 A6=00000000 A7=00FF7F98 D0=00000032 D1=00000019 D2=00000000 D3=00000000 D4=00000000 D5=00000000 D6=00000000 D7=00000000 xnzvc
03:F586  6D 22  BLT     #$22 [03:F5AA]           A0=00FFA715 A1=00FFD940 A2=00FFE3F8 A3=0003B918 A4=00FF8000 A5=00000000 A6=00000000 A7=00FF7F98 D0=00000032 D1=00000019 D2=00000000 D3=00000000 D4=00000000 D5=00000000 D6=00000000 D7=00000000 xnzvc
03:F588  23 EF  MOVE.L  $0004(SP),($00FFE480)    A0=00FFA715 A1=00FFD940 A2=00FFE3F8 A3=0003B918 A4=00FF8000 A5=00000000 A6=00000000 A7=00FF7F98 D0=00000032 D1=00000019 D2=00000000 D3=00000000 D4=00000000 D5=00000000 D6=00000000 D7=00000000 xnzvc
03:F590  33 C0  MOVE.W  D0,($00FFE484)           A0=00FFA715 A1=00FFD940 A2=00FFE3F8 A3=0003B918 A4=00FF8000 A5=00000000 A6=00000000 A7=00FF7F98 D0=00000032 D1=00000019 D2=00000000 D3=00000000 D4=00000000 D5=00000000 D6=00000000 D7=00000000 xnzvc
03:F596  4A 6F  TST.W   $000E(SP)                A0=00FFA715 A1=00FFD940 A2=00FFE3F8 A3=0003B918 A4=00FF8000 A5=00000000 A6=00000000 A7=00FF7F98 D0=00000032 D1=00000019 D2=00000000 D3=00000000 D4=00000000 D5=00000000 D6=00000000 D7=00000000 xnzvc
03:F59A  67 0E  BEQ     #$0E [03:F5AA]           A0=00FFA715 A1=00FFD940 A2=00FFE3F8 A3=0003B918 A4=00FF8000 A5=00000000 A6=00000000 A7=00FF7F98 D0=00000032 D1=00000019 D2=00000000 D3=00000000 D4=00000000 D5=00000000 D6=00000000 D7=00000000 xnZvc
03:F5AA  4E 75  RTS                              A0=00FFA715 A1=00FFD940 A2=00FFE3F8 A3=0003B918 A4=00FF8000 A5=00000000 A6=00000000 A7=00FF7F98 D0=00000032 D1=00000019 D2=00000000 D3=00000000 D4=00000000 D5=00000000 D6=00000000 D7=00000000 xnZvc

03:F5BA  33 FC  MOVE.W  #$0100,($00A11100)       A0=00FFE3A4 A1=00FFD940 A2=00FF9364 A3=00FF8002 A4=00FF8004 A5=00000000 A6=00000000 A7=00FF7EEA D0=00000000 D1=00002351 D2=00000000 D3=00000000 D4=00000000 D5=00000000 D6=00000000 D7=00000000 xnzvc
03:F5C2  34 3C  MOVE.W  #$0014,D2                A0=00FFE3A4 A1=00FFD940 A2=00FF9364 A3=00FF8002 A4=00FF8004 A5=00000000 A6=00000000 A7=00FF7EEA D0=00000000 D1=00002351 D2=00000000 D3=00000000 D4=00000000 D5=00000000 D6=00000000 D7=00000000 xnzvc
03:F5C6  53 42  SUBQ.W  #1,D2                    A0=00FFE3A4 A1=00FFD940 A2=00FF9364 A3=00FF8002 A4=00FF8004 A5=00000000 A6=00000000 A7=00FF7EEA D0=00000000 D1=00002351 D2=00000014 D3=00000000 D4=00000000 D5=00000000 D6=00000000 D7=00000000 xnzvc
03:F5C8  67 00  BEQ     #$007A [03:F644]         A0=00FFE3A4 A1=00FFD940 A2=00FF9364 A3=00FF8002 A4=00FF8004 A5=00000000 A6=00000000 A7=00FF7EEA D0=00000000 D1=00002351 D2=00000013 D3=00000000 D4=00000000 D5=00000000 D6=00000000 D7=00000000 xnzvc
03:F5CC  32 39  MOVE.W  ($00A11100),D1           A0=00FFE3A4 A1=00FFD940 A2=00FF9364 A3=00FF8002 A4=00FF8004 A5=00000000 A6=00000000 A7=00FF7EEA D0=00000000 D1=00002351 D2=00000013 D3=00000000 D4=00000000 D5=00000000 D6=00000000 D7=00000000 xnzvc
03:F5D2  08 01  BTST    #8,D1                    A0=00FFE3A4 A1=00FFD940 A2=00FF9364 A3=00FF8002 A4=00FF8004 A5=00000000 A6=00000000 A7=00FF7EEA D0=00000000 D1=000080FF D2=00000013 D3=00000000 D4=00000000 D5=00000000 D6=00000000 D7=00000000 xNzvc
03:F5D6  66 EE  BNE     #$EE [03:F5C6]           A0=00FFE3A4 A1=00FFD940 A2=00FF9364 A3=00FF8002 A4=00FF8004 A5=00000000 A6=00000000 A7=00FF7EEA D0=00000000 D1=000080FF D2=00000013 D3=00000000 D4=00000000 D5=00000000 D6=00000000 D7=00000000 xNZvc
03:F5D8  10 39  MOVE.B  ($00A00041),D0           A0=00FFE3A4 A1=00FFD940 A2=00FF9364 A3=00FF8002 A4=00FF8004 A5=00000000 A6=00000000 A7=00FF7EEA D0=00000000 D1=000080FF D2=00000013 D3=00000000 D4=00000000 D5=00000000 D6=00000000 D7=00000000 xNZvc
03:F5DE  66 CC  BNE     #$CC [03:F5AC]           A0=00FFE3A4 A1=00FFD940 A2=00FF9364 A3=00FF8002 A4=00FF8004 A5=00000000 A6=00000000 A7=00FF7EEA D0=00000000 D1=000080FF D2=00000013 D3=00000000 D4=00000000 D5=00000000 D6=00000000 D7=00000000 xnZvc
03:F5E0  20 79  MOVE.L  ($00FFE480),A0           A0=00FFE3A4 A1=00FFD940 A2=00FF9364 A3=00FF8002 A4=00FF8004 A5=00000000 A6=00000000 A7=00FF7EEA D0=00000000 D1=000080FF D2=00000013 D3=00000000 D4=00000000 D5=00000000 D6=00000000 D7=00000000 xnZvc
03:F5E6  32 18  MOVE.W  (A0)+,D1                 A0=00049158 A1=00FFD940 A2=00FF9364 A3=00FF8002 A4=00FF8004 A5=00000000 A6=00000000 A7=00FF7EEA D0=00000000 D1=000080FF D2=00000013 D3=00000000 D4=00000000 D5=00000000 D6=00000000 D7=00000000 xnZvc
03:F5E8  74 00  MOVEQ   #$00,D2                  A0=0004915A A1=00FFD940 A2=00FF9364 A3=00FF8002 A4=00FF8004 A5=00000000 A6=00000000 A7=00FF7EEA D0=00000000 D1=000030CC D2=00000013 D3=00000000 D4=00000000 D5=00000000 D6=00000000 D7=00000000 xnzvc
03:F5EA  34 01  MOVE.W  D1,D2                    A0=0004915A A1=00FFD940 A2=00FF9364 A3=00FF8002 A4=00FF8004 A5=00000000 A6=00000000 A7=00FF7EEA D0=00000000 D1=000030CC D2=00000000 D3=00000000 D4=00000000 D5=00000000 D6=00000000 D7=00000000 xnZvc
03:F5EC  20 08  MOVE.L  A0,D0                    A0=0004915A A1=00FFD940 A2=00FF9364 A3=00FF8002 A4=00FF8004 A5=00000000 A6=00000000 A7=00FF7EEA D0=00000000 D1=000030CC D2=000030CC D3=00000000 D4=00000000 D5=00000000 D6=00000000 D7=00000000 xnzvc
03:F5EE  13 C0  MOVE.B  D0,($00A00044)           A0=0004915A A1=00FFD940 A2=00FF9364 A3=00FF8002 A4=00FF8004 A5=00000000 A6=00000000 A7=00FF7EEA D0=0004915A D1=000030CC D2=000030CC D3=00000000 D4=00000000 D5=00000000 D6=00000000 D7=00000000 xnzvc
03:F5F4  E0 88  LSR.L   #8,D0                    A0=0004915A A1=00FFD940 A2=00FF9364 A3=00FF8002 A4=00FF8004 A5=00000000 A6=00000000 A7=00FF7EEA D0=0004915A D1=000030CC D2=000030CC D3=00000000 D4=00000000 D5=00000000 D6=00000000 D7=00000000 xnzvc
03:F5F6  13 C0  MOVE.B  D0,($00A00045)           A0=0004915A A1=00FFD940 A2=00FF9364 A3=00FF8002 A4=00FF8004 A5=00000000 A6=00000000 A7=00FF7EEA D0=00000491 D1=000030CC D2=000030CC D3=00000000 D4=00000000 D5=00000000 D6=00000000 D7=00000000 xnzvc
03:F5FC  E0 88  LSR.L   #8,D0                    A0=0004915A A1=00FFD940 A2=00FF9364 A3=00FF8002 A4=00FF8004 A5=00000000 A6=00000000 A7=00FF7EEA D0=00000491 D1=000030CC D2=000030CC D3=00000000 D4=00000000 D5=00000000 D6=00000000 D7=00000000 xNzvc
03:F5FE  13 C0  MOVE.B  D0,($00A00046)           A0=0004915A A1=00FFD940 A2=00FF9364 A3=00FF8002 A4=00FF8004 A5=00000000 A6=00000000 A7=00FF7EEA D0=00000004 D1=000030CC D2=000030CC D3=00000000 D4=00000000 D5=00000000 D6=00000000 D7=00000000 XnzvC
03:F604  13 C1  MOVE.B  D1,($00A00048)           A0=0004915A A1=00FFD940 A2=00FF9364 A3=00FF8002 A4=00FF8004 A5=00000000 A6=00000000 A7=00FF7EEA D0=00000004 D1=000030CC D2=000030CC D3=00000000 D4=00000000 D5=00000000 D6=00000000 D7=00000000 Xnzvc
03:F60A  E0 89  LSR.L   #8,D1                    A0=0004915A A1=00FFD940 A2=00FF9364 A3=00FF8002 A4=00FF8004 A5=00000000 A6=00000000 A7=00FF7EEA D0=00000004 D1=000030CC D2=000030CC D3=00000000 D4=00000000 D5=00000000 D6=00000000 D7=00000000 XNzvc
03:F60C  13 C1  MOVE.B  D1,($00A00049)           A0=0004915A A1=00FFD940 A2=00FF9364 A3=00FF8002 A4=00FF8004 A5=00000000 A6=00000000 A7=00FF7EEA D0=00000004 D1=00000030 D2=000030CC D3=00000000 D4=00000000 D5=00000000 D6=00000000 D7=00000000 XnzvC
03:F612  13 C0  MOVE.B  D0,($00A00042)           A0=0004915A A1=00FFD940 A2=00FF9364 A3=00FF8002 A4=00FF8004 A5=00000000 A6=00000000 A7=00FF7EEA D0=00000004 D1=00000030 D2=000030CC D3=00000000 D4=00000000 D5=00000000 D6=00000000 D7=00000000 Xnzvc
03:F618  13 FC  MOVE.B  #$02,($00A00040)         A0=0004915A A1=00FFD940 A2=00FF9364 A3=00FF8002 A4=00FF8004 A5=00000000 A6=00000000 A7=00FF7EEA D0=00000004 D1=00000030 D2=000030CC D3=00000000 D4=00000000 D5=00000000 D6=00000000 D7=00000000 Xnzvc
03:F620  84 FC  DIVU.W  #$008A,D2                A0=0004915A A1=00FFD940 A2=00FF9364 A3=00FF8002 A4=00FF8004 A5=00000000 A6=00000000 A7=00FF7EEA D0=00000004 D1=00000030 D2=000030CC D3=00000000 D4=00000000 D5=00000000 D6=00000000 D7=00000000 Xnzvc
03:F624  5A 42  ADDQ.W  #5,D2                    A0=0004915A A1=00FFD940 A2=00FF9364 A3=00FF8002 A4=00FF8004 A5=00000000 A6=00000000 A7=00FF7EEA D0=00000004 D1=00000030 D2=0048005A D3=00000000 D4=00000000 D5=00000000 D6=00000000 D7=00000000 Xnzvc
03:F626  33 C2  MOVE.W  D2,($00FFE46C)           A0=0004915A A1=00FFD940 A2=00FF9364 A3=00FF8002 A4=00FF8004 A5=00000000 A6=00000000 A7=00FF7EEA D0=00000004 D1=00000030 D2=0048005F D3=00000000 D4=00000000 D5=00000000 D6=00000000 D7=00000000 xnzvc
03:F62C  33 FC  MOVE.W  #$0000,($00A11100)       A0=0004915A A1=00FFD940 A2=00FF9364 A3=00FF8002 A4=00FF8004 A5=00000000 A6=00000000 A7=00FF7EEA D0=00000004 D1=00000030 D2=0048005F D3=00000000 D4=00000000 D5=00000000 D6=00000000 D7=00000000 xnzvc
03:F634  33 FC  MOVE.W  #$FFFF,($00FFE47E)       A0=0004915A A1=00FFD940 A2=00FF9364 A3=00FF8002 A4=00FF8004 A5=00000000 A6=00000000 A7=00FF7EEA D0=00000004 D1=00000030 D2=0048005F D3=00000000 D4=00000000 D5=00000000 D6=00000000 D7=00000000 xnZvc
03:F63C  42 B9  CLR.L   ($00FFE480)              A0=0004915A A1=00FFD940 A2=00FF9364 A3=00FF8002 A4=00FF8004 A5=00000000 A6=00000000 A7=00FF7EEA D0=00000004 D1=00000030 D2=0048005F D3=00000000 D4=00000000 D5=00000000 D6=00000000 D7=00000000 xNzvc
03:F642  4E 75  RTS                              A0=0004915A A1=00FFD940 A2=00FF9364 A3=00FF8002 A4=00FF8004 A5=00000000 A6=00000000 A7=00FF7EEA D0=00000004 D1=00000030 D2=0048005F D3=00000000 D4=00000000 D5=00000000 D6=00000000 D7=00000000 xnZvc

03:F656  4E 56  LINK    A6,#$0000                A0=00FFFEEE A1=0003D3B8 A2=00FF9364 A3=00FFFE00 A4=00FFFEEE A5=00000000 A6=00000000 A7=00FF7EE2 D0=00000003 D1=0003D300 D2=00000010 D3=00FFFEEE D4=00000000 D5=00000000 D6=00000000 D7=00000000 xnZvc
03:F65A  48 E7  MOVEM.L {d0-a7}[e0 80],-(SP)     A0=00FFFEEE A1=0003D3B8 A2=00FF9364 A3=00FFFE00 A4=00FFFEEE A5=00000000 A6=00FF7EDE A7=00FF7EDE D0=00000003 D1=0003D300 D2=00000010 D3=00FFFEEE D4=00000000 D5=00000000 D6=00000000 D7=00000000 xnZvc
03:F65E  4A 79  TST.W   ($00FFE46C)              A0=00FFFEEE A1=0003D3B8 A2=00FF9364 A3=00FFFE00 A4=00FFFEEE A5=00000000 A6=00FF7EDE A7=00FF7ECE D0=00000003 D1=0003D300 D2=00000010 D3=00FFFEEE D4=00000000 D5=00000000 D6=00000000 D7=00000000 xnZvc
03:F664  66 00  BNE     #$0092 [03:F6F8]         A0=00FFFEEE A1=0003D3B8 A2=00FF9364 A3=00FFFE00 A4=00FFFEEE A5=00000000 A6=00FF7EDE A7=00FF7ECE D0=00000003 D1=0003D300 D2=00000010 D3=00FFFEEE D4=00000000 D5=00000000 D6=00000000 D7=00000000 xnZvc
03:F668  4A 79  TST.W   ($00FFE476)              A0=00FFFEEE A1=0003D3B8 A2=00FF9364 A3=00FFFE00 A4=00FFFEEE A5=00000000 A6=00FF7EDE A7=00FF7ECE D0=00000003 D1=0003D300 D2=00000010 D3=00FFFEEE D4=00000000 D5=00000000 D6=00000000 D7=00000000 xnZvc
03:F66E  66 00  BNE     #$0088 [03:F6F8]         A0=00FFFEEE A1=0003D3B8 A2=00FF9364 A3=00FFFE00 A4=00FFFEEE A5=00000000 A6=00FF7EDE A7=00FF7ECE D0=00000003 D1=0003D300 D2=00000010 D3=00FFFEEE D4=00000000 D5=00000000 D6=00000000 D7=00000000 xnZvc
03:F672  60 0E  BRA     #$0E [03:F682]           A0=00FFFEEE A1=0003D3B8 A2=00FF9364 A3=00FFFE00 A4=00FFFEEE A5=00000000 A6=00FF7EDE A7=00FF7ECE D0=00000003 D1=0003D300 D2=00000010 D3=00FFFEEE D4=00000000 D5=00000000 D6=00000000 D7=00000000 xnZvc
03:F682  33 FC  MOVE.W  #$0100,($00A11100)       A0=00FFFEEE A1=0003D3B8 A2=00FF9364 A3=00FFFE00 A4=00FFFEEE A5=00000000 A6=00FF7EDE A7=00FF7ECE D0=00000003 D1=0003D300 D2=00000010 D3=00FFFEEE D4=00000000 D5=00000000 D6=00000000 D7=00000000 xnZvc
03:F68A  34 3C  MOVE.W  #$0014,D2                A0=00FFFEEE A1=0003D3B8 A2=00FF9364 A3=00FFFE00 A4=00FFFEEE A5=00000000 A6=00FF7EDE A7=00FF7ECE D0=00000003 D1=0003D300 D2=00000010 D3=00FFFEEE D4=00000000 D5=00000000 D6=00000000 D7=00000000 xnzvc
03:F68E  53 42  SUBQ.W  #1,D2                    A0=00FFFEEE A1=0003D3B8 A2=00FF9364 A3=00FFFE00 A4=00FFFEEE A5=00000000 A6=00FF7EDE A7=00FF7ECE D0=00000003 D1=0003D300 D2=00000014 D3=00FFFEEE D4=00000000 D5=00000000 D6=00000000 D7=00000000 xnzvc
03:F690  67 00  BEQ     #$005E [03:F6F0]         A0=00FFFEEE A1=0003D3B8 A2=00FF9364 A3=00FFFE00 A4=00FFFEEE A5=00000000 A6=00FF7EDE A7=00FF7ECE D0=00000003 D1=0003D300 D2=00000013 D3=00FFFEEE D4=00000000 D5=00000000 D6=00000000 D7=00000000 xnzvc
03:F694  32 39  MOVE.W  ($00A11100),D1           A0=00FFFEEE A1=0003D3B8 A2=00FF9364 A3=00FFFE00 A4=00FFFEEE A5=00000000 A6=00FF7EDE A7=00FF7ECE D0=00000003 D1=0003D300 D2=00000013 D3=00FFFEEE D4=00000000 D5=00000000 D6=00000000 D7=00000000 xnzvc
03:F69A  08 01  BTST    #8,D1                    A0=00FFFEEE A1=0003D3B8 A2=00FF9364 A3=00FFFE00 A4=00FFFEEE A5=00000000 A6=00FF7EDE A7=00FF7ECE D0=00000003 D1=00038000 D2=00000013 D3=00FFFEEE D4=00000000 D5=00000000 D6=00000000 D7=00000000 xNzvc
03:F69E  66 EE  BNE     #$EE [03:F68E]           A0=00FFFEEE A1=0003D3B8 A2=00FF9364 A3=00FFFE00 A4=00FFFEEE A5=00000000 A6=00FF7EDE A7=00FF7ECE D0=00000003 D1=00038000 D2=00000013 D3=00FFFEEE D4=00000000 D5=00000000 D6=00000000 D7=00000000 xNZvc
03:F6A0  10 39  MOVE.B  ($00A00041),D0           A0=00FFFEEE A1=0003D3B8 A2=00FF9364 A3=00FFFE00 A4=00FFFEEE A5=00000000 A6=00FF7EDE A7=00FF7ECE D0=00000003 D1=00038000 D2=00000013 D3=00FFFEEE D4=00000000 D5=00000000 D6=00000000 D7=00000000 xNZvc
03:F6A6  66 CC  BNE     #$CC [03:F674]           A0=00FFFEEE A1=0003D3B8 A2=00FF9364 A3=00FFFE00 A4=00FFFEEE A5=00000000 A6=00FF7EDE A7=00FF7ECE D0=00000000 D1=00038000 D2=00000013 D3=00FFFEEE D4=00000000 D5=00000000 D6=00000000 D7=00000000 xnZvc
03:F6A8  10 39  MOVE.B  ($00A0004B),D0           A0=00FFFEEE A1=0003D3B8 A2=00FF9364 A3=00FFFE00 A4=00FFFEEE A5=00000000 A6=00FF7EDE A7=00FF7ECE D0=00000000 D1=00038000 D2=00000013 D3=00FFFEEE D4=00000000 D5=00000000 D6=00000000 D7=00000000 xnZvc
03:F6AE  66 00  BNE     #$0040 [03:F6F0]         A0=00FFFEEE A1=0003D3B8 A2=00FF9364 A3=00FFFE00 A4=00FFFEEE A5=00000000 A6=00FF7EDE A7=00FF7ECE D0=00000000 D1=00038000 D2=00000013 D3=00FFFEEE D4=00000000 D5=00000000 D6=00000000 D7=00000000 xnZvc
03:F6B2  20 6E  MOVE.L  $0008(A6),A0             A0=00FFFEEE A1=0003D3B8 A2=00FF9364 A3=00FFFE00 A4=00FFFEEE A5=00000000 A6=00FF7EDE A7=00FF7ECE D0=00000000 D1=00038000 D2=00000013 D3=00FFFEEE D4=00000000 D5=00000000 D6=00000000 D7=00000000 xnZvc
03:F6B6  32 18  MOVE.W  (A0)+,D1                 A0=0008A43C A1=0003D3B8 A2=00FF9364 A3=00FFFE00 A4=00FFFEEE A5=00000000 A6=00FF7EDE A7=00FF7ECE D0=00000000 D1=00038000 D2=00000013 D3=00FFFEEE D4=00000000 D5=00000000 D6=00000000 D7=00000000 xnZvc
03:F6B8  74 00  MOVEQ   #$00,D2                  A0=0008A43E A1=0003D3B8 A2=00FF9364 A3=00FFFE00 A4=00FFFEEE A5=00000000 A6=00FF7EDE A7=00FF7ECE D0=00000000 D1=0003092D D2=00000013 D3=00FFFEEE D4=00000000 D5=00000000 D6=00000000 D7=00000000 xnzvc
03:F6BA  34 01  MOVE.W  D1,D2                    A0=0008A43E A1=0003D3B8 A2=00FF9364 A3=00FFFE00 A4=00FFFEEE A5=00000000 A6=00FF7EDE A7=00FF7ECE D0=00000000 D1=0003092D D2=00000000 D3=00FFFEEE D4=00000000 D5=00000000 D6=00000000 D7=00000000 xnZvc
03:F6BC  20 08  MOVE.L  A0,D0                    A0=0008A43E A1=0003D3B8 A2=00FF9364 A3=00FFFE00 A4=00FFFEEE A5=00000000 A6=00FF7EDE A7=00FF7ECE D0=00000000 D1=0003092D D2=0000092D D3=00FFFEEE D4=00000000 D5=00000000 D6=00000000 D7=00000000 xnzvc
03:F6BE  13 C0  MOVE.B  D0,($00A00044)           A0=0008A43E A1=0003D3B8 A2=00FF9364 A3=00FFFE00 A4=00FFFEEE A5=00000000 A6=00FF7EDE A7=00FF7ECE D0=0008A43E D1=0003092D D2=0000092D D3=00FFFEEE D4=00000000 D5=00000000 D6=00000000 D7=00000000 xnzvc
03:F6C4  E0 88  LSR.L   #8,D0                    A0=0008A43E A1=0003D3B8 A2=00FF9364 A3=00FFFE00 A4=00FFFEEE A5=00000000 A6=00FF7EDE A7=00FF7ECE D0=0008A43E D1=0003092D D2=0000092D D3=00FFFEEE D4=00000000 D5=00000000 D6=00000000 D7=00000000 xnzvc
03:F6C6  13 C0  MOVE.B  D0,($00A00045)           A0=0008A43E A1=0003D3B8 A2=00FF9364 A3=00FFFE00 A4=00FFFEEE A5=00000000 A6=00FF7EDE A7=00FF7ECE D0=000008A4 D1=0003092D D2=0000092D D3=00FFFEEE D4=00000000 D5=00000000 D6=00000000 D7=00000000 xnzvc
03:F6CC  E0 88  LSR.L   #8,D0                    A0=0008A43E A1=0003D3B8 A2=00FF9364 A3=00FFFE00 A4=00FFFEEE A5=00000000 A6=00FF7EDE A7=00FF7ECE D0=000008A4 D1=0003092D D2=0000092D D3=00FFFEEE D4=00000000 D5=00000000 D6=00000000 D7=00000000 xNzvc
03:F6CE  13 C0  MOVE.B  D0,($00A00046)           A0=0008A43E A1=0003D3B8 A2=00FF9364 A3=00FFFE00 A4=00FFFEEE A5=00000000 A6=00FF7EDE A7=00FF7ECE D0=00000008 D1=0003092D D2=0000092D D3=00FFFEEE D4=00000000 D5=00000000 D6=00000000 D7=00000000 XnzvC
03:F6D4  13 C1  MOVE.B  D1,($00A00048)           A0=0008A43E A1=0003D3B8 A2=00FF9364 A3=00FFFE00 A4=00FFFEEE A5=00000000 A6=00FF7EDE A7=00FF7ECE D0=00000008 D1=0003092D D2=0000092D D3=00FFFEEE D4=00000000 D5=00000000 D6=00000000 D7=00000000 Xnzvc
03:F6DA  E0 89  LSR.L   #8,D1                    A0=0008A43E A1=0003D3B8 A2=00FF9364 A3=00FFFE00 A4=00FFFEEE A5=00000000 A6=00FF7EDE A7=00FF7ECE D0=00000008 D1=0003092D D2=0000092D D3=00FFFEEE D4=00000000 D5=00000000 D6=00000000 D7=00000000 Xnzvc
03:F6DC  13 C1  MOVE.B  D1,($00A00049)           A0=0008A43E A1=0003D3B8 A2=00FF9364 A3=00FFFE00 A4=00FFFEEE A5=00000000 A6=00FF7EDE A7=00FF7ECE D0=00000008 D1=00000309 D2=0000092D D3=00FFFEEE D4=00000000 D5=00000000 D6=00000000 D7=00000000 xnzvc
03:F6E2  13 C0  MOVE.B  D0,($00A00042)           A0=0008A43E A1=0003D3B8 A2=00FF9364 A3=00FFFE00 A4=00FFFEEE A5=00000000 A6=00FF7EDE A7=00FF7ECE D0=00000008 D1=00000309 D2=0000092D D3=00FFFEEE D4=00000000 D5=00000000 D6=00000000 D7=00000000 xnzvc
03:F6E8  13 FC  MOVE.B  #$02,($00A00040)         A0=0008A43E A1=0003D3B8 A2=00FF9364 A3=00FFFE00 A4=00FFFEEE A5=00000000 A6=00FF7EDE A7=00FF7ECE D0=00000008 D1=00000309 D2=0000092D D3=00FFFEEE D4=00000000 D5=00000000 D6=00000000 D7=00000000 xnzvc
03:F6F0  33 FC  MOVE.W  #$0000,($00A11100)       A0=0008A43E A1=0003D3B8 A2=00FF9364 A3=00FFFE00 A4=00FFFEEE A5=00000000 A6=00FF7EDE A7=00FF7ECE D0=00000008 D1=00000309 D2=0000092D D3=00FFFEEE D4=00000000 D5=00000000 D6=00000000 D7=00000000 xnzvc
03:F6F8  4C DF  MOVEM.L (SP)+,{a7-d0}[01 07]     A0=0008A43E A1=0003D3B8 A2=00FF9364 A3=00FFFE00 A4=00FFFEEE A5=00000000 A6=00FF7EDE A7=00FF7ECE D0=00000008 D1=00000309 D2=0000092D D3=00FFFEEE D4=00000000 D5=00000000 D6=00000000 D7=00000000 xnZvc
03:F6FC  4E 5E  ULNK    A6                       A0=00FFFEEE A1=0003D3B8 A2=00FF9364 A3=00FFFE00 A4=00FFFEEE A5=00000000 A6=00FF7EDE A7=00FF7EDE D0=00000003 D1=0003D300 D2=00000010 D3=00FFFEEE D4=00000000 D5=00000000 D6=00000000 D7=00000000 xnZvc
03:F6FE  4E 75  RTS                              A0=00FFFEEE A1=0003D3B8 A2=00FF9364 A3=00FFFE00 A4=00FFFEEE A5=00000000 A6=00000000 A7=00FF7EE2 D0=00000003 D1=0003D300 D2=00000010 D3=00FFFEEE D4=00000000 D5=00000000 D6=00000000 D7=00000000 xnZvc

03:F700  30 2F  MOVE.W  $000A(SP),D0             A0=00FFA58A A1=00FFD940 A2=00FFE3F8 A3=00FFE3FC A4=00FF8000 A5=00000000 A6=00000000 A7=00FF7F90 D0=00000002 D1=00000019 D2=00000000 D3=000000A0 D4=00000000 D5=00000000 D6=00000000 D7=00000000 xnzvc
03:F704  4A 79  TST.W   ($00FFE46C)              A0=00FFA58A A1=00FFD940 A2=00FFE3F8 A3=00FFE3FC A4=00FF8000 A5=00000000 A6=00000000 A7=00FF7F90 D0=00000032 D1=00000019 D2=00000000 D3=000000A0 D4=00000000 D5=00000000 D6=00000000 D7=00000000 xnzvc
03:F70A  66 08  BNE     #$08 [03:F714]           A0=00FFA58A A1=00FFD940 A2=00FFE3F8 A3=00FFE3FC A4=00FF8000 A5=00000000 A6=00000000 A7=00FF7F90 D0=00000032 D1=00000019 D2=00000000 D3=000000A0 D4=00000000 D5=00000000 D6=00000000 D7=00000000 xnZvc
03:F70C  4A 79  TST.W   ($00FFE46E)              A0=00FFA58A A1=00FFD940 A2=00FFE3F8 A3=00FFE3FC A4=00FF8000 A5=00000000 A6=00000000 A7=00FF7F90 D0=00000032 D1=00000019 D2=00000000 D3=000000A0 D4=00000000 D5=00000000 D6=00000000 D7=00000000 xnZvc
03:F712  67 08  BEQ     #$08 [03:F71C]           A0=00FFA58A A1=00FFD940 A2=00FFE3F8 A3=00FFE3FC A4=00FF8000 A5=00000000 A6=00000000 A7=00FF7F90 D0=00000032 D1=00000019 D2=00000000 D3=000000A0 D4=00000000 D5=00000000 D6=00000000 D7=00000000 xnZvc
03:F714  B0 79  CMP.W   ($00FFE484),D0           A0=00FFA60B A1=00FFD940 A2=00028C1C A3=00FFE3FC A4=00FFE3F8 A5=00000000 A6=00000000 A7=00FF7F90 D0=00000005 D1=00000019 D2=00000001 D3=00000001 D4=000000A4 D5=00000000 D6=00000000 D7=00000000 xnzvc
03:F71A  6D 0E  BLT     #$0E [03:F72A]           A0=00FFA60B A1=00FFD940 A2=00028C1C A3=00FFE3FC A4=00FFE3F8 A5=00000000 A6=00000000 A7=00FF7F90 D0=00000005 D1=00000019 D2=00000001 D3=00000001 D4=000000A4 D5=00000000 D6=00000000 D7=00000000 xnZvc
03:F71C  33 EF  MOVE.W  $0006(SP),($00FFE47E)    A0=00FFA58A A1=00FFD940 A2=00FFE3F8 A3=00FFE3FC A4=00FF8000 A5=00000000 A6=00000000 A7=00FF7F90 D0=00000032 D1=00000019 D2=00000000 D3=000000A0 D4=00000000 D5=00000000 D6=00000000 D7=00000000 xnZvc
03:F724  33 C0  MOVE.W  D0,($00FFE484)           A0=00FFA58A A1=00FFD940 A2=00FFE3F8 A3=00FFE3FC A4=00FF8000 A5=00000000 A6=00000000 A7=00FF7F90 D0=00000032 D1=00000019 D2=00000000 D3=000000A0 D4=00000000 D5=00000000 D6=00000000 D7=00000000 xnzvc
03:F72A  4E 75  RTS                              A0=00FFA58A A1=00FFD940 A2=00FFE3F8 A3=00FFE3FC A4=00FF8000 A5=00000000 A6=00000000 A7=00FF7F90 D0=00000032 D1=00000019 D2=00000000 D3=000000A0 D4=00000000 D5=00000000 D6=00000000 D7=00000000 xnzvc

03:F73A  33 FC  MOVE.W  #$0100,($00A11100)       A0=00FFE3A4 A1=00FFD940 A2=00FF9364 A3=00FF8002 A4=00FF8004 A5=00000000 A6=00000000 A7=00FF7EE6 D0=00000000 D1=000025F4 D2=00000000 D3=00000000 D4=00000000 D5=00000000 D6=00000000 D7=00000000 xnzvc
03:F742  34 3C  MOVE.W  #$0014,D2                A0=00FFE3A4 A1=00FFD940 A2=00FF9364 A3=00FF8002 A4=00FF8004 A5=00000000 A6=00000000 A7=00FF7EE6 D0=00000000 D1=000025F4 D2=00000000 D3=00000000 D4=00000000 D5=00000000 D6=00000000 D7=00000000 xnzvc
03:F746  53 42  SUBQ.W  #1,D2                    A0=00FFE3A4 A1=00FFD940 A2=00FF9364 A3=00FF8002 A4=00FF8004 A5=00000000 A6=00000000 A7=00FF7EE6 D0=00000000 D1=000025F4 D2=00000014 D3=00000000 D4=00000000 D5=00000000 D6=00000000 D7=00000000 xnzvc
03:F748  67 00  BEQ     #$0032 [03:F77C]         A0=00FFE3A4 A1=00FFD940 A2=00FF9364 A3=00FF8002 A4=00FF8004 A5=00000000 A6=00000000 A7=00FF7EE6 D0=00000000 D1=000025F4 D2=00000013 D3=00000000 D4=00000000 D5=00000000 D6=00000000 D7=00000000 xnzvc
03:F74C  32 39  MOVE.W  ($00A11100),D1           A0=00FFE3A4 A1=00FFD940 A2=00FF9364 A3=00FF8002 A4=00FF8004 A5=00000000 A6=00000000 A7=00FF7EE6 D0=00000000 D1=000025F4 D2=00000013 D3=00000000 D4=00000000 D5=00000000 D6=00000000 D7=00000000 xnzvc
03:F752  08 01  BTST    #8,D1                    A0=00FFE3A4 A1=00FFD940 A2=00FF9364 A3=00FF8002 A4=00FF8004 A5=00000000 A6=00000000 A7=00FF7EE6 D0=00000000 D1=00008000 D2=00000013 D3=00000000 D4=00000000 D5=00000000 D6=00000000 D7=00000000 xNzvc
03:F756  66 EE  BNE     #$EE [03:F746]           A0=00FFE3A4 A1=00FFD940 A2=00FF9364 A3=00FF8002 A4=00FF8004 A5=00000000 A6=00000000 A7=00FF7EE6 D0=00000000 D1=00008000 D2=00000013 D3=00000000 D4=00000000 D5=00000000 D6=00000000 D7=00000000 xNZvc
03:F758  10 39  MOVE.B  ($00A00041),D0           A0=00FFE3A4 A1=00FFD940 A2=00FF9364 A3=00FF8002 A4=00FF8004 A5=00000000 A6=00000000 A7=00FF7EE6 D0=00000000 D1=00008000 D2=00000013 D3=00000000 D4=00000000 D5=00000000 D6=00000000 D7=00000000 xNZvc
03:F75E  66 CC  BNE     #$CC [03:F72C]           A0=00FFE3A4 A1=00FFD940 A2=00FF9364 A3=00FF8002 A4=00FF8004 A5=00000000 A6=00000000 A7=00FF7EE6 D0=00000000 D1=00008000 D2=00000013 D3=00000000 D4=00000000 D5=00000000 D6=00000000 D7=00000000 xnZvc
03:F760  30 39  MOVE.W  ($00FFE47E),D0           A0=00FFE3A4 A1=00FFD940 A2=00FF9364 A3=00FF8002 A4=00FF8004 A5=00000000 A6=00000000 A7=00FF7EE6 D0=00000000 D1=00008000 D2=00000013 D3=00000000 D4=00000000 D5=00000000 D6=00000000 D7=00000000 xnZvc
03:F766  13 C0  MOVE.B  D0,($00A00042)           A0=00FFE3A4 A1=00FFD940 A2=00FF9364 A3=00FF8002 A4=00FF8004 A5=00000000 A6=00000000 A7=00FF7EE6 D0=00000008 D1=00008000 D2=00000013 D3=00000000 D4=00000000 D5=00000000 D6=00000000 D7=00000000 xnzvc
03:F76C  13 FC  MOVE.B  #$01,($00A00040)         A0=00FFE3A4 A1=00FFD940 A2=00FF9364 A3=00FF8002 A4=00FF8004 A5=00000000 A6=00000000 A7=00FF7EE6 D0=00000008 D1=00008000 D2=00000013 D3=00000000 D4=00000000 D5=00000000 D6=00000000 D7=00000000 xnzvc
03:F774  33 FC  MOVE.W  #$000F,($00FFE46E)       A0=00FFE3A4 A1=00FFD940 A2=00FF9364 A3=00FF8002 A4=00FF8004 A5=00000000 A6=00000000 A7=00FF7EE6 D0=00000008 D1=00008000 D2=00000013 D3=00000000 D4=00000000 D5=00000000 D6=00000000 D7=00000000 xnzvc
03:F77C  33 FC  MOVE.W  #$0000,($00A11100)       A0=00FFE3A4 A1=00FFD940 A2=00FF9364 A3=00FF8002 A4=00FF8004 A5=00000000 A6=00000000 A7=00FF7EE6 D0=00000008 D1=00008000 D2=00000013 D3=00000000 D4=00000000 D5=00000000 D6=00000000 D7=00000000 xnzvc
03:F784  33 FC  MOVE.W  #$FFFF,($00FFE47E)       A0=00FFE3A4 A1=00FFD940 A2=00FF9364 A3=00FF8002 A4=00FF8004 A5=00000000 A6=00000000 A7=00FF7EE6 D0=00000008 D1=00008000 D2=00000013 D3=00000000 D4=000000
03:F78C  4E 75  RTS                              A0=00FFE3A4 A1=00FFD940 A2=00FF9364 A3=00FF8002 A4=00FF8004 A5=00000000 A6=00000000 A7=00FF7EE6 D0=00000008 D1=00008000 D2=00000013 D3=00000000 D4=00000000 D5=00000000 D6=00000000 D7=00000000 xNzvc

04 A5=00000000 A6=00000000 A7=00FF7F4A D0=00000000 D1=00000000 D2=00000078 D3=00000000 D4=00000010 D5=0000004C D6=00000000 D7=00000000 xnZvc
041F6 D1=0CFD41F6 D2=00000003 D3=00000000 D4=000001DC D5=00000000 D6=00000000 D7=00000000 xnZvc
08 D1=00000008 D2=0002BD12 D3=000000DC D4=00000054 D5=00000012 D6=00000000 D7=00000000 xnzvc
096 A1=0003D0DE A2=00FF9364 A3=00FFFE00 A4=00FFFEEE A5=00000000 A6=00FF7EDE A7=00FF7ECE D0=0008B096 D1=00030DC4 D2=00000DC4 D3=00FFFEEE D4=00000000 D5=00000000 D6=00000000 D7=00000000 xNzvc
0F0 D4=00000023 D5=00000068 D6=00000000 D7=000000A2 xnZvc
0FF7F84 D0=00004100 D1=00C24117 D2=00000000 D3=00000000 D4=000001DC D5=00000000 D6=00000000 D7=00000000 xnzvc
0FF7FA4 D0=00000000 D1=0000FF3F D2=00000000 D3=00000000 D4=00000000 D5=00000000 D6=00000000 D7=00000000 xnZvc
0FF8000 A5=00000000 A6=00000000 A7=00FF7F54 D0=0000000A D1=00000005 D2=0002AA62 D3=000000A0 D4=00000028 D5=00000010 D6=00000000 D7=00000000 xnZvc
0FFE406 A4=00FFE40A A5=00000000 A6=00000000 A7=00FF7FA4 D0=00000002 D1=00000002 D2=00000014 D3=00000000 D4=00000010 D5=00000088 D6=00000000 D7=00000000 xnzvc
1=00000000 D2=00000001 D3=00000001 D4=00000036 D5=00000000 D6=00000000 D7=00000000 xnzvc
1=0003D376 A2=00FF9364 A3=00FFFE00 A4=00FFFEEE A5=00000000 A6=00FF7EDE A7=00FF7ECE D0=00000008 D1=0003092D D2=0000092D D3=00FFFEEE D4=00000000 D5=00000000 D6=00000000 D7=00000000 XnzvC
1E4CC3C A1=7A862D35 A2=00FFE39E A3=00FFE3A0 A4=00026FDA A5=00000000 A6=00000000 A7=00FF7F84 D0=000060F9 D1=2BC360F9 D2=00000003 D3=00000000 D4=000001DC D5=00000000 D6=00000000 D7=00000000 xnZvc
2 D3=00000004 D4=00000000 D5=00000000 D6=00000000 D7=00000000 xnzvc
2,-(SP)                 A0=00FFA65A A1=0003459E A2=00FFA65A A3=00FFE3FC A4=00FFE3F8 A5=00000000 A6=00000000 A7=00FF7F84 D0=00000003 D1=00000001 D2=00000002 D3=00000002 D4=0000008A D5=00000000 D6=00000000 D7=00000000 xnZvc
2:9716  42 6A  CLR.W   $0006(A2)                A0=000334D4 A1=000333B6 A2=00FFA6DA A3=00004E7E A4=000334D4 A5=00000000 A6=00000000 A7=00FF7F64 D0=00000009 D1=00000480 D2=00000004 D3=00000000 D4=00000000 D5=000000A8 D6=00000000 D7=00000000 xnzvc
2=00000000 D3=00000000 D4=00000000 D5=00000000 D6=00000000 D7=00000000 xNzvc
2=000284EA A3=0003072A A4=00FFE3FC A5=00000000 A6=00000000 A7=00FF7F84 D0=0000A040 D1=00000040 D2=00000008 D3=00000008 D4=00000008 D5=00000040 D6=00000003 D7=00000000 xNzvC
22A  12 30  MOVE.B  $00(A0,D3),D1            A0=00FFE3AE A1=00032468 A2=00FFE39E A3=00FFE3A0 A4=00027E16 A5=00000000 A6=00000000 A7=00FF7F70 D0=00000006 D1=00000000 D2=000306E1 D3=00000002 D4=00000000 D5=00000000 D6=00000000 D7=00000000 xnZvc
25E  2D 00  MOVE.L  D0,-(A6)                 A0=00A00026 A1=00A11100 A2=00A11200 A3=00C00000 A4=00C00004 A5=000002EC A6=FFFFFF14 A7=00FF8000 D0=00000000 D1=0000FFFF D2=0000FFFF D3=00000000 D4=00000000 D5=FFFF9880 D6=00003FC4 D7=00000100 xnZvc
27E16 A5=00000000 A6=00000000 A7=00FF7F88 D0=000038F5 D1=00000006 D2=00000000 D3=00000001 D4=00000000 D5=00000000 D6=00000000 D7=00000000 xnzvc
3=00000006 D4=00000096 D5=0000018B D6=00000000 D7=00000000 xNzvC
3=00028210 A4=00FFE3F8 A5=00000000 A6=00000000 A7=00FF7FA4 D0=00000004 D1=0000FF3F D2=00000000 D3=00000000 D4=00000000 D5=00000000 D6=00000000 D7=00000000 xNzvC
3=00FFE3A0 A4=00FFE3F8 A5=00000000 A6=00000000 A7=00FF7F74 D0=00000001 D1=00000018 D2=00000000 D3=00000000 D4=00000000 D5=00000000 D6=00000000 D7=00000000 xnzvc
3344C A2=00FF8036 A3=00FFE3F8 A4=00FF8038 A5=00000000 A6=00000000 A7=00FF7F98 D0=FFFFFFF8 D1=00000600 D2=00000000 D3=FFFFFFFF D4=00000002 D5=0000FF10 D6=00000000 D7=00000000 XNzvC
38 A5=00000000 A6=00000000 A7=00FF7F98 D0=00000001 D1=00000600 D2=00000000 D3=FFFFFFFF D4=00000002 D5=0000FE38 D6=00000000 D7=00000000 xNzvc
3A0 A4=00027E16 A5=00000000 A6=00000000 A7=00FF7F88 D0=00000006 D1=00000400 D2=00000000 D3=00000001 D4=00000000 D5=00000000 D6=00000000 D7=00000000 xnZvc
3F8 A4=00FF8038 A5=00000000 A6=00000000 A7=00FF7F98 D0=FFFFFFF8 D1=0EDD0600 D2=00000000 D3=FFFFFFFF D4=00000002 D5=0000FFC0 D6=00000000 D7=00000000 xnzvC
3F8 A5=00000000 A6=00000000 A7=00FF7F4C D0=00000002 D1=00000001 D2=0002001C D3=0002A4FC D4=00000488 D5=00000002 D6=00000002 D7=000AFB40 xnzvc
4  48 C2  EXT.L   D2                       A0=00FFA65A A1=000323B0 A2=00FFE3FC A3=00028210 A4=00027E16 A5=00000000 A6=00000000 A7=00FF7FA4 D0=00000000 D1=0000FF3F D2=00000001 D3=00000000 D4=00000000 D5=00000000 D6=00000000 D7=00000000 xnzvc
4=00000008 D5=00000000 D6=00000000 D7=00000000 xnZvc
4=00026FDA A5=00000000 A6=00000000 A7=00FF7F84 D0=00000001 D1=00000002 D2=00000002 D3=00000004 D4=000001DC D5=00000000 D6=00000000 D7=00000000 xnzvc
4=0003BC48 A5=00A04002 A6=00000000 A7=00FF7EF6 D0=00000003 D1=0003D000 D2=000000F5 D3=000000F0 D4=0000001B D5=00000068 D6=00000000 D7=000000A1 xnZvc
40 A2=00FFA75A A3=00004E7E A4=000334D4 A5=00000000 A6=00000000 A7=00FF7F6C D0=00000002 D1=00000019 D2=FFFF0001 D3=00000001 D4=00000000 D5=000000A8 D6=00000000 D7=00000000 xnzvc
41A  34 BC  MOVE.W  #$0066,(A2)              A0=00FFB65A A1=00FFB65A A2=00FFE3FC A3=00027E16 A4=00FFE3F8 A5=00000000 A6=00000000 A7=00FF7FA4 D0=00000008 D1=00000008 D2=00000000 D3=00000000 D4=00000000 D5=00000000 D6=00000000 D7=00000000 xnzvc
41BFE047 A2=00FFA7DA A3=00004E7E A4=000334D4 A5=00000000 A6=00000000 A7=00FF7F64 D0=00000001 D1=052C94D7 D2=00000001 D3=FFFF0002 D4=00000000 D5=000000A8 D6=00000003 D7=00000000 xnzvc
5 D3=000000F0 D4=0000001B D5=000000D3 D6=00000000 D7=000000A1 xnZvc
5=00000000 A6=00000000 A7=00FF7F80 D0=00000001 D1=00000002 D2=00000002 D3=00000004 D4=000001DC D5=00000000 D6=00000000 D7=00000000 xnzvc
54 A7=00FF7F28 D0=00000000 D1=00000180 D2=00000002 D3=00000000 D4=0000000C D5=00000000 D6=00FFB65A D7=00000000 xnzvc
5F4  6E 00  BGT     #$0146 [02:A73C]         A0=00FFA65A A1=00032468 A2=00FFE3FC A3=00028210 A4=00FFE3F8 A5=00000000 A6=00000000 A7=00FF7FA4 D0=00000070 D1=0000FF3F D2=00000000 D3=00000000 D4=00000000 D5=00000000 D6=00000000 D7=00000000 xnzvc
6 A5=00000000 A6=00000000 A7=00FF7FA4 D0=00000070 D1=0000FF3F D2=00000000 D3=00000000 D4=00000000 D5=00000000 D6=00000000 D7=00000000 xnzvC
6A D1=0000006D D2=00000078 D3=0000000A D4=00000010 D5=0000006A D6=00000000 D7=00000000 xnzvc
7=00000000 xnzvc
7=00FF7F98 D0=0000000A D1=0000004A D2=00000003 D3=00000000 D4=000001DC D5=00000000 D6=00000000 D7=00000000 xnzvc
78 D0=00000006 D1=00000400 D2=00000000 D3=00000001 D4=00000000 D5=00000000 D6=00000000 D7=00000000 xNzvc
7954]           A0=00FFA65A A1=000323B0 A2=00FFE39E A3=00FFE3A0 A4=00027E16 A5=00000000 A6=00000000 A7=00FF7F88 D0=00000006 D1=00000400 D2=00000000 D3=00000001 D4=00000000 D5=00000000 D6=00000000 D7=00000000 xNzvC
7EDE A7=00FF7ECE D0=00000008 D1=00030DC4 D2=00000DC4 D3=00FFFEEE D4=00000000 D5=00000000 D6=00000000 D7=00000000 Xnzvc
7EE2 D0=00000008 D1=0000030D D2=00000DC4 D3=00FFFEEE D4=00000000 D5=00000000 D6=00000000 D7=00000000 XnZvc
7F18 A7=00FF7EFC D0=00000002 D1=00000077 D2=00000080 D3=00000057 D4=00000003 D5=00000075 D6=00FFFFFF D7=00000000 xnzvc
8 A5=00000000 A6=00000000 A7=00FF7F98 D0=FFFFFFF8 D1=00000600 D2=00000000 D3=FFFFFFFF D4=00000002 D5=0000FEA8 D6=00000000 D7=00000000 XNzvC
8 D0=00000000 D1=0000232E D2=00000001 D3=00000000 D4=00000004 D5=0000FEF0 D6=00000000 D7=00000000 xnzvc
80 D0=00000002 D1=00000001 D2=00000007 D3=00000001 D4=00000169 D5=00000000 D6=00000000 D7=00000000 xnzvc
9364 A1=000AFAE2 A2=00FFE3F8 A3=00FFE3FC A4=00FF8000 A5=00000000 A6=00000000 A7=00FF7FA4 D0=00000084 D1=00000000 D2=00000000 D3=000000A0 D4=00000000 D5=00000000 D6=00000000 D7=00000000 xnzvc
9364 A3=00FFFE00 A4=00FFFEEE A5=00000000 A6=00000000 A7=00FF7F0E D0=00000003 D1=0003D101 D2=00000010 D3=00FFFEEE D4=00003050 D5=00000000 D6=00000000 D7=00000000 xnzvc
98 D0=00090000 D1=00000018 D2=00000003 D3=00000000 D4=00003050 D5=00000000 D6=00000000 D7=00000000 xnZvc
9DCC  60 58  BRA     #$58 [02:9E26]           A0=00FFB65A A1=00FFB65A A2=00FFE3FC A3=00028210 A4=00027E16 A5=00000000 A6=00000000 A7=00FF7F98 D0=00000008 D1=00000008 D2=00000000 D3=00000000 D4=00000000 D5=00000000 D6=00000000 D7=00000000 xnzvc
A A3=00FF8002 A4=00FF8004 A5=00000000 A6=00000000 A7=00FF7F32 D0=6B000081 D1=6B000080 D2=00FFB8DA D3=00000000 D4=00000090 D5=000000F8 D6=00000000 D7=00000000 xnzvc
A0=00FFB65A A1=00FFB65A A2=00FFE3FC A3=00028210 A4=00027E16 A5=00000000 A6=00000000 A7=00FF7FA4 D0=00000008 D1=00000008 D2=00000000 D3=00000000 D4=00000000 D5=00000000 D6=00000000 D7=00000000 xnzvc
A1=000323B0 A2=00FFE3FC A3=00028210 A4=00027E16 A5=00000000 A6=00000000 A7=00FF7FA4 D0=00000006 D1=00000680 D2=00000000 D3=00000000 D4=00000000 D5=00000000 D6=00000000 D7=00000000 xNzvc
A1=00FFB65A A2=00FFAA5A A3=00027E16 A4=00FFE3F8 A5=00000000 A6=00000000 A7=00FF7F80 D0=00000008 D1=00000008 D2=0002A51A D3=000000A0 D4=0000001E D5=00000015 D6=00000000 D7=00000000 xnzvc
A2=0008C84E A3=00FFE3A0 A4=00026FDA A5=00000000 A6=00000000 A7=00FF7F84 D0=00000001 D1=00000000 D2=00000001 D3=00000004 D4=000001DC D5=00000000 D6=00000000 D7=00000000 xnzvc
A2=00FF9364 A3=00FFFE00 A4=0003BC48 A5=00A04002 A6=00000000 A7=00FF7EEA D0=00000003 D1=0003D100 D2=000000F5 D3=000000F0 D4=00000013 D5=00000068 D6=00000000 D7=000000A1 xnZvc
A3=00000000 A4=00000000 A5=00000000 A6=00000000 A7=00FF8000 D0=00003FC0 D1=00000000 D2=00000000 D3=00000000 D4=00000000 D5=00000000 D6=00000000 D7=00000000 xnZvc
A4=00026FDA A5=00000000 A6=00000000 A7=00FF7F98 D0=00000004 D1=00000018 D2=00000003 D3=00000000 D4=000001DC D5=00000000 D6=00000000 D7=00000000 xnzvc
A4=0003BC48 A5=00A04002 A6=00000000 A7=00FF7EFE D0=00000003 D1=0003D000 D2=000000F5 D3=000000F0 D4=00000013 D5=000000D3 D6=00000000 D7=000000A1 xnzvc
A5=00000000 A6=00000000 A7=00FF7F78 D0=00000002 D1=00000002 D2=00000001 D3=00000004 D4=000001DC D5=00000000 D6=00000000 D7=00000000 xnZvc
A6=00000000 A7=00FF7EF6 D0=00000008 D1=00030000 D2=00000010 D3=00000000 D4=0000011B D5=00000068 D6=00000000 D7=00000000 xNzvC
A7             A0=00FFA65A A1=000323B0 A2=00FFE39E A3=00FFE3A0 A4=00027E16 A5=00000000 A6=00000000 A7=00FF7F7C D0=00000006 D1=00000400 D2=00000000 D3=00000001 D4=00000000 D5=00000000 D6=00000000 D7=00000000 xNzvc
BE1A A5=00FFFE28 A6=00000000 A7=00FF7EE6 D0=00000006 D1=00030002 D2=00000010 D3=00000000 D4=0000000A D5=000000B4 D6=00000000 D7=00000000 xnZvc
D0=00000026 D1=00000022 D2=00000004 D3=00000002 D4=00000000 D5=000000A8 D6=00000000 D7=00000000 xnZvc
D0=0000FFFE D1=00000600 D2=00000000 D3=00000001 D4=00000000 D5=00000000 D6=00000000 D7=00000000 xnzvC
D1=00000000 D2=00000078 D3=00000000 D4=00000010 D5=00000010 D6=00000000 D7=00000000 xnZvc
D2=00000000 D3=00000000 D4=00000006 D5=00000000 D6=00000000 D7=00000000 xnZvc
D3=00000000 D4=0000010B D5=000000D3 D6=00000000 D7=000000A0 xNzvC
D4=00000028 D5=00000000 D6=00000000 D7=00000000 xnZvc
D5=00000000 D6=00000000 D7=00000000 xnzvc
D5=00003019 D6=00000000 D7=00000000 xnzvc
D6=00000003 D7=00000000 xnzvc
D7=00000000 xnzvc
DA4 A2=00FF9364 A3=00FFFE00 A4=0003BBFC A5=00A04002 A6=00000000 A7=00FF7F26 D0=00000005 D1=00030000 D2=000000F4 D3=000000F0 D4=00000023 D5=00000168 D6=00000000 D7=000000A0 xNZvc
DC A1=00FFBCDA A2=00FFA95A A3=00028210 A4=00027E16 A5=00000000 A6=00000000 A7=00FF7F6C D0=00000002 D1=00000001 D2=0002A278 D3=0000004E D4=00000036 D5=0000000C D6=00000000 D7=00000000 xnzvc
E A3=00FFE3A0 A4=00027E16 A5=00000000 A6=00000000 A7=00FF7F68 D0=00000002 D1=00000002 D2=00000001 D3=00000004 D4=00000000 D5=00000000 D6=00000000 D7=00000000 xnZvc
E D4=00000036 D5=0000000B D6=00000000 D7=00000000 xnZvc
E.L  $0004(SP),A0             A0=00FF9364 A1=00FF8036 A2=00FF8000 A3=00FF800E A4=00026FDA A5=00000000 A6=00000000 A7=00FF7F9C D0=00001100 D1=00000017 D2=00000000 D3=00000000 D4=00003050 D5=00000000 D6=00000000 D7=00000000 xnzvc
E.L  D1,($00FFD938)           A0=00FFAF5A A1=00000000 A2=00FFA5DA A3=00FFA65A A4=00000000 A5=00000000 A6=00000000 A7=00FF7F78 D0=00000000 D1=00FFA55A D2=00000000 D3=0000001A D4=0000001A D5=000000BC D6=00000000 D7=00000000 xnzvc
E16 A5=00000000 A6=00000000 A7=00FF7F7C D0=00000006 D1=00000400 D2=00000000 D3=00000001 D4=00000000 D5=00000000 D6=00000000 D7=00000000 xNzvc
E3A0 A4=00026FDA A5=00000000 A6=00000000 A7=00FF7F7C D0=00000000 D1=0000039C D2=00000002 D3=00000004 D4=000001DC D5=00000000 D6=00000000 D7=00000000 xnZvc
E3F8 A5=00000000 A6=00000000 A7=00FF7F5C D0=00000008 D1=00000008 D2=0002A7D2 D3=0000004E D4=00000036 D5=00000008 D6=00000000 D7=00000000 xnzvc
EE A5=00000000 A6=00FF7EDE A7=00FF7ECE D0=00000008 D1=00000309 D2=0000092D D3=00FFFEEE D4=00000000 D5=00000000 D6=00000000 D7=00000000 xnzvc
F6 D0=00000003 D1=0003D300 D2=00000010 D3=00FFFEEE D4=00000000 D5=00000000 D6=00000000 D7=00000000 xnZvc
F7FA4 D0=00000070 D1=0000FF3F D2=00000000 D3=00000000 D4=00000000 D5=00000000 D6=00000000 D7=00000000 xnZvc
FA4 D0=00000000 D1=0000FF3F D2=00000000 D3=0000003F D4=00000000 D5=00000000 D6=00000000 D7=00000000 xnZvc
FE3A0 A4=00027E16 A5=00000000 A6=00000000 A7=00FF7F80 D0=0000000A D1=00000012 D2=00000000 D3=00000001 D4=00000000 D5=00000000 D6=00000000 D7=00000000 xnzvc
FE56 A1=0003FB77 A2=00FF9364 A3=00FFFE00 A4=0003BDD7 A5=00A04000 A6=00000000 A7=00FF7EE6 D0=00000007 D1=00030001 D2=00000001 D3=00000000 D4=0000000B D5=000000D3 D6=00000000 D7=00000071 xnzvc
FF3F D2=00000000 D3=00000000 D4=00000000 D5=00000000 D6=00000000 D7=00000000 xnzvc
FF9364 A1=000323B0 A2=00FFE39E A3=00FFE3A0 A4=00027E16 A5=00000000 A6=00000000 A7=00FF7F88 D0=00000960 D1=0000097E D2=00000000 D3=00000000 D4=00000000 D5=00000000 D6=00000000 D7=00000000 xnzvc
FFE39E A3=00FFE3A0 A4=00027E16 A5=00000000 A6=00000000 A7=00FF7F70 D0=00000006 D1=00000400 D2=000306E1 D3=00000002 D4=00000000 D5=00000000 D6=00000000 D7=00000000 xnzvc
R.W   D3                       A0=0003069E A1=00FF8036 A2=00FF8000 A3=00FF800E A4=00026FDA A5=00000000 A6=00000000 A7=00FF7FA8 D0=0000FFFF D1=00000017 D2=00000000 D3=00000000 D4=00003050 D5=00000000 D6=00000000 D7=00000000 xnZvc
TRACE STOPPED
